[2022-03-20 13:18:00,032] {taskinstance.py:876} INFO - Dependencies all met for <TaskInstance: user_processing.is_api_available 2022-03-10T00:00:00+00:00 [queued]>
[2022-03-20 13:18:00,048] {taskinstance.py:876} INFO - Dependencies all met for <TaskInstance: user_processing.is_api_available 2022-03-10T00:00:00+00:00 [queued]>
[2022-03-20 13:18:00,048] {taskinstance.py:1067} INFO - 
--------------------------------------------------------------------------------
[2022-03-20 13:18:00,049] {taskinstance.py:1068} INFO - Starting attempt 1 of 1
[2022-03-20 13:18:00,049] {taskinstance.py:1069} INFO - 
--------------------------------------------------------------------------------
[2022-03-20 13:18:00,085] {taskinstance.py:1087} INFO - Executing <Task(HttpSensor): is_api_available> on 2022-03-10T00:00:00+00:00
[2022-03-20 13:18:00,089] {standard_task_runner.py:52} INFO - Started process 81421 to run task
[2022-03-20 13:18:00,104] {standard_task_runner.py:76} INFO - Running: ['airflow', 'tasks', 'run', 'user_processing', 'is_api_available', '2022-03-10T00:00:00+00:00', '--job-id', '733', '--pool', 'default_pool', '--raw', '--subdir', 'DAGS_FOLDER/user_processing.py', '--cfg-path', '/tmp/tmp4pi3w2r3', '--error-file', '/tmp/tmp5rv4myrc']
[2022-03-20 13:18:00,106] {standard_task_runner.py:77} INFO - Job 733: Subtask is_api_available
[2022-03-20 13:18:00,365] {logging_mixin.py:104} INFO - Running <TaskInstance: user_processing.is_api_available 2022-03-10T00:00:00+00:00 [running]> on host airflowvm
[2022-03-20 13:18:00,548] {taskinstance.py:1280} INFO - Exporting the following env vars:
AIRFLOW_CTX_DAG_OWNER=airflow
AIRFLOW_CTX_DAG_ID=user_processing
AIRFLOW_CTX_TASK_ID=is_api_available
AIRFLOW_CTX_EXECUTION_DATE=2022-03-10T00:00:00+00:00
AIRFLOW_CTX_DAG_RUN_ID=scheduled__2022-03-10T00:00:00+00:00
[2022-03-20 13:18:00,549] {http.py:101} INFO - Poking: api/
[2022-03-20 13:18:00,559] {base.py:69} INFO - Using connection to: id: user_api. Host: https://randomuser.me/, Port: None, Schema: , Login: , Password: ***, extra: {}
[2022-03-20 13:18:00,563] {http.py:140} INFO - Sending 'GET' to url: https://randomuser.me/api/
[2022-03-20 13:18:01,139] {base.py:243} INFO - Success criteria met. Exiting.
[2022-03-20 13:18:01,147] {taskinstance.py:1184} INFO - Marking task as SUCCESS. dag_id=user_processing, task_id=is_api_available, execution_date=20220310T000000, start_date=20220320T131800, end_date=20220320T131801
[2022-03-20 13:18:01,268] {taskinstance.py:1245} INFO - 1 downstream tasks scheduled from follow-on schedule check
[2022-03-20 13:18:01,277] {local_task_job.py:151} INFO - Task exited with return code 0
