[2022-03-20 12:55:11,834] {taskinstance.py:876} INFO - Dependencies all met for <TaskInstance: user_processing.extracting_user 2022-01-22T00:00:00+00:00 [queued]>
[2022-03-20 12:55:11,854] {taskinstance.py:876} INFO - Dependencies all met for <TaskInstance: user_processing.extracting_user 2022-01-22T00:00:00+00:00 [queued]>
[2022-03-20 12:55:11,854] {taskinstance.py:1067} INFO - 
--------------------------------------------------------------------------------
[2022-03-20 12:55:11,854] {taskinstance.py:1068} INFO - Starting attempt 1 of 1
[2022-03-20 12:55:11,854] {taskinstance.py:1069} INFO - 
--------------------------------------------------------------------------------
[2022-03-20 12:55:11,908] {taskinstance.py:1087} INFO - Executing <Task(SimpleHttpOperator): extracting_user> on 2022-01-22T00:00:00+00:00
[2022-03-20 12:55:11,911] {standard_task_runner.py:52} INFO - Started process 66933 to run task
[2022-03-20 12:55:11,925] {standard_task_runner.py:76} INFO - Running: ['airflow', 'tasks', 'run', 'user_processing', 'extracting_user', '2022-01-22T00:00:00+00:00', '--job-id', '504', '--pool', 'default_pool', '--raw', '--subdir', 'DAGS_FOLDER/user_processing.py', '--cfg-path', '/tmp/tmpvqmnn3n8', '--error-file', '/tmp/tmp4fxy94yv']
[2022-03-20 12:55:11,930] {standard_task_runner.py:77} INFO - Job 504: Subtask extracting_user
[2022-03-20 12:55:12,090] {logging_mixin.py:104} INFO - Running <TaskInstance: user_processing.extracting_user 2022-01-22T00:00:00+00:00 [running]> on host airflowvm
[2022-03-20 12:55:12,261] {taskinstance.py:1280} INFO - Exporting the following env vars:
AIRFLOW_CTX_DAG_OWNER=airflow
AIRFLOW_CTX_DAG_ID=user_processing
AIRFLOW_CTX_TASK_ID=extracting_user
AIRFLOW_CTX_EXECUTION_DATE=2022-01-22T00:00:00+00:00
AIRFLOW_CTX_DAG_RUN_ID=scheduled__2022-01-22T00:00:00+00:00
[2022-03-20 12:55:12,262] {http.py:111} INFO - Calling HTTP method
[2022-03-20 12:55:12,272] {base.py:69} INFO - Using connection to: id: user_api. Host: https://randomuser.me/, Port: None, Schema: , Login: , Password: ***, extra: {}
[2022-03-20 12:55:12,275] {http.py:140} INFO - Sending 'GET' to url: https://randomuser.me/api/
[2022-03-20 12:55:12,827] {http.py:115} INFO - {"results":[{"gender":"female","name":{"title":"Miss","first":"Charlotte","last":"Gagné"},"location":{"street":{"number":7414,"name":"King St"},"city":"Sandy Lake","state":"Prince Edward Island","country":"Canada","postcode":"C4G 3N7","coordinates":{"latitude":"-60.3562","longitude":"108.3735"},"timezone":{"offset":"-4:00","description":"Atlantic Time (Canada), Caracas, La Paz"}},"email":"charlotte.gagne@example.com","login":{"uuid":"4544b8bc-8007-418f-b568-311cb474505c","username":"orangeduck166","password":"gold","salt":"caEgF89t","md5":"c2666ebefa076f53762b1dab8410bdef","sha1":"bdddd297f1026b0b3584e61276ad32fbbbdee07f","sha256":"92571a26f5eb95aed96bc2fb3e3fd8ae79d7f03e33881592efe35c5b96fec523"},"dob":{"date":"1950-12-04T20:24:17.928Z","age":72},"registered":{"date":"2015-05-21T18:26:29.960Z","age":7},"phone":"242-303-8531","cell":"215-120-2571","id":{"name":"","value":null},"picture":{"large":"https://randomuser.me/api/portraits/women/67.jpg","medium":"https://randomuser.me/api/portraits/med/women/67.jpg","thumbnail":"https://randomuser.me/api/portraits/thumb/women/67.jpg"},"nat":"CA"}],"info":{"seed":"d7436816ccab1c0f","results":1,"page":1,"version":"1.3"}}
[2022-03-20 12:55:12,901] {taskinstance.py:1184} INFO - Marking task as SUCCESS. dag_id=user_processing, task_id=extracting_user, execution_date=20220122T000000, start_date=20220320T125511, end_date=20220320T125512
[2022-03-20 12:55:12,991] {taskinstance.py:1245} INFO - 1 downstream tasks scheduled from follow-on schedule check
[2022-03-20 12:55:13,018] {local_task_job.py:151} INFO - Task exited with return code 0
