[2022-03-20 12:58:51,282] {taskinstance.py:876} INFO - Dependencies all met for <TaskInstance: user_processing.storing_user 2022-01-27T00:00:00+00:00 [queued]>
[2022-03-20 12:58:51,325] {taskinstance.py:876} INFO - Dependencies all met for <TaskInstance: user_processing.storing_user 2022-01-27T00:00:00+00:00 [queued]>
[2022-03-20 12:58:51,325] {taskinstance.py:1067} INFO - 
--------------------------------------------------------------------------------
[2022-03-20 12:58:51,325] {taskinstance.py:1068} INFO - Starting attempt 1 of 1
[2022-03-20 12:58:51,325] {taskinstance.py:1069} INFO - 
--------------------------------------------------------------------------------
[2022-03-20 12:58:51,426] {taskinstance.py:1087} INFO - Executing <Task(BashOperator): storing_user> on 2022-01-27T00:00:00+00:00
[2022-03-20 12:58:51,433] {standard_task_runner.py:52} INFO - Started process 68606 to run task
[2022-03-20 12:58:51,455] {standard_task_runner.py:76} INFO - Running: ['airflow', 'tasks', 'run', 'user_processing', 'storing_user', '2022-01-27T00:00:00+00:00', '--job-id', '541', '--pool', 'default_pool', '--raw', '--subdir', 'DAGS_FOLDER/user_processing.py', '--cfg-path', '/tmp/tmpr9197s1s', '--error-file', '/tmp/tmpc0o3_iox']
[2022-03-20 12:58:51,461] {standard_task_runner.py:77} INFO - Job 541: Subtask storing_user
[2022-03-20 12:58:51,739] {logging_mixin.py:104} INFO - Running <TaskInstance: user_processing.storing_user 2022-01-27T00:00:00+00:00 [running]> on host airflowvm
[2022-03-20 12:58:52,123] {taskinstance.py:1280} INFO - Exporting the following env vars:
AIRFLOW_CTX_DAG_OWNER=airflow
AIRFLOW_CTX_DAG_ID=user_processing
AIRFLOW_CTX_TASK_ID=storing_user
AIRFLOW_CTX_EXECUTION_DATE=2022-01-27T00:00:00+00:00
AIRFLOW_CTX_DAG_RUN_ID=scheduled__2022-01-27T00:00:00+00:00
[2022-03-20 12:58:52,125] {subprocess.py:52} INFO - Tmp dir root location: 
 /tmp
[2022-03-20 12:58:52,126] {subprocess.py:63} INFO - Running command: ['bash', '-c', 'echo -e ".separator ","\n. import /tmp/processed_user.csv users" | sqlite3 /home/airflow/airflow/airflow.db']
[2022-03-20 12:58:52,144] {subprocess.py:75} INFO - Output:
[2022-03-20 12:58:52,335] {subprocess.py:83} INFO - Command exited with return code 0
[2022-03-20 12:58:52,545] {taskinstance.py:1184} INFO - Marking task as SUCCESS. dag_id=user_processing, task_id=storing_user, execution_date=20220127T000000, start_date=20220320T125851, end_date=20220320T125852
[2022-03-20 12:58:52,605] {taskinstance.py:1245} INFO - 0 downstream tasks scheduled from follow-on schedule check
[2022-03-20 12:58:52,621] {local_task_job.py:151} INFO - Task exited with return code 0
