[2022-03-20 13:20:30,082] {taskinstance.py:876} INFO - Dependencies all met for <TaskInstance: user_processing.processing_user 2022-03-12T00:00:00+00:00 [queued]>
[2022-03-20 13:20:30,112] {taskinstance.py:876} INFO - Dependencies all met for <TaskInstance: user_processing.processing_user 2022-03-12T00:00:00+00:00 [queued]>
[2022-03-20 13:20:30,115] {taskinstance.py:1067} INFO - 
--------------------------------------------------------------------------------
[2022-03-20 13:20:30,118] {taskinstance.py:1068} INFO - Starting attempt 1 of 1
[2022-03-20 13:20:30,120] {taskinstance.py:1069} INFO - 
--------------------------------------------------------------------------------
[2022-03-20 13:20:30,307] {taskinstance.py:1087} INFO - Executing <Task(PythonOperator): processing_user> on 2022-03-12T00:00:00+00:00
[2022-03-20 13:20:30,313] {standard_task_runner.py:52} INFO - Started process 83443 to run task
[2022-03-20 13:20:30,328] {standard_task_runner.py:76} INFO - Running: ['airflow', 'tasks', 'run', 'user_processing', 'processing_user', '2022-03-12T00:00:00+00:00', '--job-id', '755', '--pool', 'default_pool', '--raw', '--subdir', 'DAGS_FOLDER/user_processing.py', '--cfg-path', '/tmp/tmpp8_2nw4i', '--error-file', '/tmp/tmpxhqavmoo']
[2022-03-20 13:20:30,330] {standard_task_runner.py:77} INFO - Job 755: Subtask processing_user
[2022-03-20 13:20:30,478] {logging_mixin.py:104} INFO - Running <TaskInstance: user_processing.processing_user 2022-03-12T00:00:00+00:00 [running]> on host airflowvm
[2022-03-20 13:20:30,628] {taskinstance.py:1280} INFO - Exporting the following env vars:
AIRFLOW_CTX_DAG_OWNER=airflow
AIRFLOW_CTX_DAG_ID=user_processing
AIRFLOW_CTX_TASK_ID=processing_user
AIRFLOW_CTX_EXECUTION_DATE=2022-03-12T00:00:00+00:00
AIRFLOW_CTX_DAG_RUN_ID=scheduled__2022-03-12T00:00:00+00:00
[2022-03-20 13:20:30,669] {python.py:151} INFO - Done. Returned value was: None
[2022-03-20 13:20:30,675] {taskinstance.py:1184} INFO - Marking task as SUCCESS. dag_id=user_processing, task_id=processing_user, execution_date=20220312T000000, start_date=20220320T132030, end_date=20220320T132030
[2022-03-20 13:20:30,774] {taskinstance.py:1245} INFO - 1 downstream tasks scheduled from follow-on schedule check
[2022-03-20 13:20:30,788] {local_task_job.py:151} INFO - Task exited with return code 0
