[2022-03-20 12:44:38,020] {taskinstance.py:876} INFO - Dependencies all met for <TaskInstance: user_processing.is_api_available 2022-01-04T00:00:00+00:00 [queued]>
[2022-03-20 12:44:38,040] {taskinstance.py:876} INFO - Dependencies all met for <TaskInstance: user_processing.is_api_available 2022-01-04T00:00:00+00:00 [queued]>
[2022-03-20 12:44:38,040] {taskinstance.py:1067} INFO - 
--------------------------------------------------------------------------------
[2022-03-20 12:44:38,041] {taskinstance.py:1068} INFO - Starting attempt 1 of 1
[2022-03-20 12:44:38,041] {taskinstance.py:1069} INFO - 
--------------------------------------------------------------------------------
[2022-03-20 12:44:38,118] {taskinstance.py:1087} INFO - Executing <Task(HttpSensor): is_api_available> on 2022-01-04T00:00:00+00:00
[2022-03-20 12:44:38,151] {standard_task_runner.py:76} INFO - Running: ['airflow', 'tasks', 'run', 'user_processing', 'is_api_available', '2022-01-04T00:00:00+00:00', '--job-id', '408', '--pool', 'default_pool', '--raw', '--subdir', 'DAGS_FOLDER/user_processing.py', '--cfg-path', '/tmp/tmp6k51lfwl', '--error-file', '/tmp/tmpk2cop1bz']
[2022-03-20 12:44:38,124] {standard_task_runner.py:52} INFO - Started process 62080 to run task
[2022-03-20 12:44:38,170] {standard_task_runner.py:77} INFO - Job 408: Subtask is_api_available
[2022-03-20 12:44:38,497] {logging_mixin.py:104} INFO - Running <TaskInstance: user_processing.is_api_available 2022-01-04T00:00:00+00:00 [running]> on host airflowvm
[2022-03-20 12:44:39,041] {taskinstance.py:1280} INFO - Exporting the following env vars:
AIRFLOW_CTX_DAG_OWNER=airflow
AIRFLOW_CTX_DAG_ID=user_processing
AIRFLOW_CTX_TASK_ID=is_api_available
AIRFLOW_CTX_EXECUTION_DATE=2022-01-04T00:00:00+00:00
AIRFLOW_CTX_DAG_RUN_ID=scheduled__2022-01-04T00:00:00+00:00
[2022-03-20 12:44:39,043] {http.py:101} INFO - Poking: api/
[2022-03-20 12:44:39,057] {base.py:69} INFO - Using connection to: id: user_api. Host: https://randomuser.me/, Port: None, Schema: , Login: , Password: ***, extra: {}
[2022-03-20 12:44:39,064] {http.py:140} INFO - Sending 'GET' to url: https://randomuser.me/api/
[2022-03-20 12:44:39,612] {base.py:243} INFO - Success criteria met. Exiting.
[2022-03-20 12:44:39,619] {taskinstance.py:1184} INFO - Marking task as SUCCESS. dag_id=user_processing, task_id=is_api_available, execution_date=20220104T000000, start_date=20220320T124438, end_date=20220320T124439
[2022-03-20 12:44:40,057] {taskinstance.py:1245} INFO - 1 downstream tasks scheduled from follow-on schedule check
[2022-03-20 12:44:40,068] {local_task_job.py:151} INFO - Task exited with return code 0
