[2022-03-20 09:56:17,242] {taskinstance.py:876} INFO - Dependencies all met for <TaskInstance: user_processing.processing_user 2022-03-20T08:23:59.186139+00:00 [queued]>
[2022-03-20 09:56:17,268] {taskinstance.py:876} INFO - Dependencies all met for <TaskInstance: user_processing.processing_user 2022-03-20T08:23:59.186139+00:00 [queued]>
[2022-03-20 09:56:17,270] {taskinstance.py:1067} INFO - 
--------------------------------------------------------------------------------
[2022-03-20 09:56:17,270] {taskinstance.py:1068} INFO - Starting attempt 1 of 1
[2022-03-20 09:56:17,270] {taskinstance.py:1069} INFO - 
--------------------------------------------------------------------------------
[2022-03-20 09:56:17,318] {taskinstance.py:1087} INFO - Executing <Task(PythonOperator): processing_user> on 2022-03-20T08:23:59.186139+00:00
[2022-03-20 09:56:17,336] {standard_task_runner.py:52} INFO - Started process 12415 to run task
[2022-03-20 09:56:17,352] {standard_task_runner.py:76} INFO - Running: ['airflow', 'tasks', 'run', 'user_processing', 'processing_user', '2022-03-20T08:23:59.186139+00:00', '--job-id', '17', '--pool', 'default_pool', '--raw', '--subdir', 'DAGS_FOLDER/user_processing.py', '--cfg-path', '/tmp/tmpa4s6v8ut', '--error-file', '/tmp/tmpb8zitwa5']
[2022-03-20 09:56:17,354] {standard_task_runner.py:77} INFO - Job 17: Subtask processing_user
[2022-03-20 09:56:17,766] {logging_mixin.py:104} INFO - Running <TaskInstance: user_processing.processing_user 2022-03-20T08:23:59.186139+00:00 [running]> on host airflowvm
[2022-03-20 09:56:17,957] {taskinstance.py:1280} INFO - Exporting the following env vars:
AIRFLOW_CTX_DAG_OWNER=airflow
AIRFLOW_CTX_DAG_ID=user_processing
AIRFLOW_CTX_TASK_ID=processing_user
AIRFLOW_CTX_EXECUTION_DATE=2022-03-20T08:23:59.186139+00:00
AIRFLOW_CTX_DAG_RUN_ID=manual__2022-03-20T08:23:59.186139+00:00
[2022-03-20 09:56:18,029] {python.py:151} INFO - Done. Returned value was: None
[2022-03-20 09:56:18,164] {taskinstance.py:1184} INFO - Marking task as SUCCESS. dag_id=user_processing, task_id=processing_user, execution_date=20220320T082359, start_date=20220320T095617, end_date=20220320T095618
[2022-03-20 09:56:18,266] {taskinstance.py:1245} INFO - 0 downstream tasks scheduled from follow-on schedule check
[2022-03-20 09:56:18,330] {local_task_job.py:151} INFO - Task exited with return code 0
