[2022-03-20 12:17:22,204] {taskinstance.py:876} INFO - Dependencies all met for <TaskInstance: user_processing.processing_user 2020-02-25T00:00:00+00:00 [queued]>
[2022-03-20 12:17:22,225] {taskinstance.py:876} INFO - Dependencies all met for <TaskInstance: user_processing.processing_user 2020-02-25T00:00:00+00:00 [queued]>
[2022-03-20 12:17:22,225] {taskinstance.py:1067} INFO - 
--------------------------------------------------------------------------------
[2022-03-20 12:17:22,225] {taskinstance.py:1068} INFO - Starting attempt 1 of 1
[2022-03-20 12:17:22,226] {taskinstance.py:1069} INFO - 
--------------------------------------------------------------------------------
[2022-03-20 12:17:22,265] {taskinstance.py:1087} INFO - Executing <Task(PythonOperator): processing_user> on 2020-02-25T00:00:00+00:00
[2022-03-20 12:17:22,270] {standard_task_runner.py:52} INFO - Started process 47172 to run task
[2022-03-20 12:17:22,291] {standard_task_runner.py:76} INFO - Running: ['airflow', 'tasks', 'run', 'user_processing', 'processing_user', '2020-02-25T00:00:00+00:00', '--job-id', '325', '--pool', 'default_pool', '--raw', '--subdir', 'DAGS_FOLDER/user_processing.py', '--cfg-path', '/tmp/tmp5zh68g1g', '--error-file', '/tmp/tmpzjvd91w6']
[2022-03-20 12:17:22,293] {standard_task_runner.py:77} INFO - Job 325: Subtask processing_user
[2022-03-20 12:17:22,462] {logging_mixin.py:104} INFO - Running <TaskInstance: user_processing.processing_user 2020-02-25T00:00:00+00:00 [running]> on host airflowvm
[2022-03-20 12:17:22,641] {taskinstance.py:1280} INFO - Exporting the following env vars:
AIRFLOW_CTX_DAG_OWNER=airflow
AIRFLOW_CTX_DAG_ID=user_processing
AIRFLOW_CTX_TASK_ID=processing_user
AIRFLOW_CTX_EXECUTION_DATE=2020-02-25T00:00:00+00:00
AIRFLOW_CTX_DAG_RUN_ID=scheduled__2020-02-25T00:00:00+00:00
[2022-03-20 12:17:22,667] {python.py:151} INFO - Done. Returned value was: None
[2022-03-20 12:17:22,674] {taskinstance.py:1184} INFO - Marking task as SUCCESS. dag_id=user_processing, task_id=processing_user, execution_date=20200225T000000, start_date=20220320T121722, end_date=20220320T121722
[2022-03-20 12:17:22,751] {taskinstance.py:1245} INFO - 1 downstream tasks scheduled from follow-on schedule check
[2022-03-20 12:17:22,783] {local_task_job.py:151} INFO - Task exited with return code 0
