[2022-03-20 12:21:35,245] {taskinstance.py:876} INFO - Dependencies all met for <TaskInstance: user_processing.extracting_user 2020-03-05T00:00:00+00:00 [queued]>
[2022-03-20 12:21:35,268] {taskinstance.py:876} INFO - Dependencies all met for <TaskInstance: user_processing.extracting_user 2020-03-05T00:00:00+00:00 [queued]>
[2022-03-20 12:21:35,269] {taskinstance.py:1067} INFO - 
--------------------------------------------------------------------------------
[2022-03-20 12:21:35,269] {taskinstance.py:1068} INFO - Starting attempt 1 of 1
[2022-03-20 12:21:35,269] {taskinstance.py:1069} INFO - 
--------------------------------------------------------------------------------
[2022-03-20 12:21:35,317] {taskinstance.py:1087} INFO - Executing <Task(SimpleHttpOperator): extracting_user> on 2020-03-05T00:00:00+00:00
[2022-03-20 12:21:35,321] {standard_task_runner.py:52} INFO - Started process 50201 to run task
[2022-03-20 12:21:35,344] {standard_task_runner.py:76} INFO - Running: ['airflow', 'tasks', 'run', 'user_processing', 'extracting_user', '2020-03-05T00:00:00+00:00', '--job-id', '364', '--pool', 'default_pool', '--raw', '--subdir', 'DAGS_FOLDER/user_processing.py', '--cfg-path', '/tmp/tmp02npqhru', '--error-file', '/tmp/tmpyy50ds51']
[2022-03-20 12:21:35,347] {standard_task_runner.py:77} INFO - Job 364: Subtask extracting_user
[2022-03-20 12:21:35,472] {logging_mixin.py:104} INFO - Running <TaskInstance: user_processing.extracting_user 2020-03-05T00:00:00+00:00 [running]> on host airflowvm
[2022-03-20 12:21:35,610] {taskinstance.py:1280} INFO - Exporting the following env vars:
AIRFLOW_CTX_DAG_OWNER=airflow
AIRFLOW_CTX_DAG_ID=user_processing
AIRFLOW_CTX_TASK_ID=extracting_user
AIRFLOW_CTX_EXECUTION_DATE=2020-03-05T00:00:00+00:00
AIRFLOW_CTX_DAG_RUN_ID=scheduled__2020-03-05T00:00:00+00:00
[2022-03-20 12:21:35,611] {http.py:111} INFO - Calling HTTP method
[2022-03-20 12:21:35,621] {base.py:69} INFO - Using connection to: id: user_api. Host: https://randomuser.me/, Port: None, Schema: , Login: , Password: ***, extra: {}
[2022-03-20 12:21:35,627] {http.py:140} INFO - Sending 'GET' to url: https://randomuser.me/api/
[2022-03-20 12:21:36,140] {http.py:115} INFO - {"results":[{"gender":"female","name":{"title":"Mrs","first":"Lumi","last":"Lehto"},"location":{"street":{"number":843,"name":"Hämeenkatu"},"city":"Kuhmo","state":"Central Ostrobothnia","country":"Finland","postcode":10210,"coordinates":{"latitude":"-5.8028","longitude":"129.2362"},"timezone":{"offset":"+1:00","description":"Brussels, Copenhagen, Madrid, Paris"}},"email":"lumi.lehto@example.com","login":{"uuid":"87a71351-0e3d-4d32-8b4e-eb2915a626d6","username":"tinytiger724","password":"dino","salt":"3mY1piFT","md5":"a134ab032b2358f72dfad5bdf2194b22","sha1":"65b063e24d25214b180c576a41628f75ea94353f","sha256":"702ca376fe9c0d66b47f5051c813fb79d4421ea0af5abf23c91e81ebbb5f729c"},"dob":{"date":"1952-09-18T01:20:20.301Z","age":70},"registered":{"date":"2012-12-17T03:06:43.472Z","age":10},"phone":"04-641-383","cell":"046-495-47-14","id":{"name":"HETU","value":"NaNNA702undefined"},"picture":{"large":"https://randomuser.me/api/portraits/women/8.jpg","medium":"https://randomuser.me/api/portraits/med/women/8.jpg","thumbnail":"https://randomuser.me/api/portraits/thumb/women/8.jpg"},"nat":"FI"}],"info":{"seed":"0c2e255ac2e016ba","results":1,"page":1,"version":"1.3"}}
[2022-03-20 12:21:36,242] {taskinstance.py:1184} INFO - Marking task as SUCCESS. dag_id=user_processing, task_id=extracting_user, execution_date=20200305T000000, start_date=20220320T122135, end_date=20220320T122136
[2022-03-20 12:21:36,324] {taskinstance.py:1245} INFO - 1 downstream tasks scheduled from follow-on schedule check
[2022-03-20 12:21:36,350] {local_task_job.py:151} INFO - Task exited with return code 0
