[2022-03-20 14:17:07,753] {taskinstance.py:876} INFO - Dependencies all met for <TaskInstance: user_processing.storing_user 2020-01-02T00:00:00+00:00 [queued]>
[2022-03-20 14:17:07,770] {taskinstance.py:876} INFO - Dependencies all met for <TaskInstance: user_processing.storing_user 2020-01-02T00:00:00+00:00 [queued]>
[2022-03-20 14:17:07,771] {taskinstance.py:1067} INFO - 
--------------------------------------------------------------------------------
[2022-03-20 14:17:07,771] {taskinstance.py:1068} INFO - Starting attempt 2 of 2
[2022-03-20 14:17:07,771] {taskinstance.py:1069} INFO - 
--------------------------------------------------------------------------------
[2022-03-20 14:17:07,810] {taskinstance.py:1087} INFO - Executing <Task(BashOperator): storing_user> on 2020-01-02T00:00:00+00:00
[2022-03-20 14:17:07,817] {standard_task_runner.py:52} INFO - Started process 106307 to run task
[2022-03-20 14:17:07,829] {standard_task_runner.py:76} INFO - Running: ['airflow', 'tasks', 'run', 'user_processing', 'storing_user', '2020-01-02T00:00:00+00:00', '--job-id', '1025', '--pool', 'default_pool', '--raw', '--subdir', 'DAGS_FOLDER/user_processing.py', '--cfg-path', '/tmp/tmpev5fpyas', '--error-file', '/tmp/tmps10ibsof']
[2022-03-20 14:17:07,836] {standard_task_runner.py:77} INFO - Job 1025: Subtask storing_user
[2022-03-20 14:17:07,981] {logging_mixin.py:104} INFO - Running <TaskInstance: user_processing.storing_user 2020-01-02T00:00:00+00:00 [running]> on host airflowvm
[2022-03-20 14:17:08,180] {taskinstance.py:1280} INFO - Exporting the following env vars:
AIRFLOW_CTX_DAG_OWNER=airflow
AIRFLOW_CTX_DAG_ID=user_processing
AIRFLOW_CTX_TASK_ID=storing_user
AIRFLOW_CTX_EXECUTION_DATE=2020-01-02T00:00:00+00:00
AIRFLOW_CTX_DAG_RUN_ID=scheduled__2020-01-02T00:00:00+00:00
[2022-03-20 14:17:08,182] {subprocess.py:52} INFO - Tmp dir root location: 
 /tmp
[2022-03-20 14:17:08,183] {subprocess.py:63} INFO - Running command: ['bash', '-c', 'echo -e ".separator ","\n. import /tmp/processed_user.csv users" | sqlite3 /home/airflow/airflow/airflow.db']
[2022-03-20 14:17:08,215] {subprocess.py:75} INFO - Output:
[2022-03-20 14:17:08,348] {subprocess.py:83} INFO - Command exited with return code 0
[2022-03-20 14:17:08,524] {taskinstance.py:1184} INFO - Marking task as SUCCESS. dag_id=user_processing, task_id=storing_user, execution_date=20200102T000000, start_date=20220320T141707, end_date=20220320T141708
[2022-03-20 14:17:08,603] {taskinstance.py:1245} INFO - 0 downstream tasks scheduled from follow-on schedule check
[2022-03-20 14:17:08,622] {local_task_job.py:151} INFO - Task exited with return code 0
