[2022-03-20 12:59:10,952] {taskinstance.py:876} INFO - Dependencies all met for <TaskInstance: user_processing.extracting_user 2022-01-30T00:00:00+00:00 [queued]>
[2022-03-20 12:59:10,968] {taskinstance.py:876} INFO - Dependencies all met for <TaskInstance: user_processing.extracting_user 2022-01-30T00:00:00+00:00 [queued]>
[2022-03-20 12:59:10,969] {taskinstance.py:1067} INFO - 
--------------------------------------------------------------------------------
[2022-03-20 12:59:10,969] {taskinstance.py:1068} INFO - Starting attempt 1 of 1
[2022-03-20 12:59:10,969] {taskinstance.py:1069} INFO - 
--------------------------------------------------------------------------------
[2022-03-20 12:59:11,111] {taskinstance.py:1087} INFO - Executing <Task(SimpleHttpOperator): extracting_user> on 2022-01-30T00:00:00+00:00
[2022-03-20 12:59:11,116] {standard_task_runner.py:52} INFO - Started process 68761 to run task
[2022-03-20 12:59:11,133] {standard_task_runner.py:76} INFO - Running: ['airflow', 'tasks', 'run', 'user_processing', 'extracting_user', '2022-01-30T00:00:00+00:00', '--job-id', '544', '--pool', 'default_pool', '--raw', '--subdir', 'DAGS_FOLDER/user_processing.py', '--cfg-path', '/tmp/tmphb6s0g3_', '--error-file', '/tmp/tmpmuj85vy0']
[2022-03-20 12:59:11,135] {standard_task_runner.py:77} INFO - Job 544: Subtask extracting_user
[2022-03-20 12:59:11,432] {logging_mixin.py:104} INFO - Running <TaskInstance: user_processing.extracting_user 2022-01-30T00:00:00+00:00 [running]> on host airflowvm
[2022-03-20 12:59:11,724] {taskinstance.py:1280} INFO - Exporting the following env vars:
AIRFLOW_CTX_DAG_OWNER=airflow
AIRFLOW_CTX_DAG_ID=user_processing
AIRFLOW_CTX_TASK_ID=extracting_user
AIRFLOW_CTX_EXECUTION_DATE=2022-01-30T00:00:00+00:00
AIRFLOW_CTX_DAG_RUN_ID=scheduled__2022-01-30T00:00:00+00:00
[2022-03-20 12:59:11,725] {http.py:111} INFO - Calling HTTP method
[2022-03-20 12:59:11,736] {base.py:69} INFO - Using connection to: id: user_api. Host: https://randomuser.me/, Port: None, Schema: , Login: , Password: ***, extra: {}
[2022-03-20 12:59:11,739] {http.py:140} INFO - Sending 'GET' to url: https://randomuser.me/api/
[2022-03-20 12:59:12,147] {http.py:115} INFO - {"results":[{"gender":"male","name":{"title":"Mr","first":"Björn","last":"Ruitenberg"},"location":{"street":{"number":1936,"name":"Flaaiel"},"city":"Lekkerkerk","state":"Noord-Brabant","country":"Netherlands","postcode":16707,"coordinates":{"latitude":"44.6291","longitude":"-77.2688"},"timezone":{"offset":"+2:00","description":"Kaliningrad, South Africa"}},"email":"bjorn.ruitenberg@example.com","login":{"uuid":"19838781-21f4-4f45-a15d-8dafde654022","username":"goldenswan592","password":"asdfgh","salt":"lg8t9rvj","md5":"a2bb6471414dc0f570cf130a937e96b9","sha1":"9d674ca63997f88b732ddeb2ed0426ace6f6bc5d","sha256":"efdf8456efe9cb50df98224ba456e03d1ecbc71a1553bd2599d396c76b8bc730"},"dob":{"date":"1988-12-21T19:57:03.854Z","age":34},"registered":{"date":"2013-12-14T16:19:07.271Z","age":9},"phone":"(884)-320-1102","cell":"(342)-647-7268","id":{"name":"BSN","value":"26538010"},"picture":{"large":"https://randomuser.me/api/portraits/men/98.jpg","medium":"https://randomuser.me/api/portraits/med/men/98.jpg","thumbnail":"https://randomuser.me/api/portraits/thumb/men/98.jpg"},"nat":"NL"}],"info":{"seed":"d24373651c2b9e4e","results":1,"page":1,"version":"1.3"}}
[2022-03-20 12:59:12,204] {taskinstance.py:1184} INFO - Marking task as SUCCESS. dag_id=user_processing, task_id=extracting_user, execution_date=20220130T000000, start_date=20220320T125910, end_date=20220320T125912
[2022-03-20 12:59:12,657] {taskinstance.py:1245} INFO - 1 downstream tasks scheduled from follow-on schedule check
[2022-03-20 12:59:12,678] {local_task_job.py:151} INFO - Task exited with return code 0
