[2022-03-20 13:04:53,688] {taskinstance.py:876} INFO - Dependencies all met for <TaskInstance: user_processing.extracting_user 2022-02-10T00:00:00+00:00 [queued]>
[2022-03-20 13:04:53,719] {taskinstance.py:876} INFO - Dependencies all met for <TaskInstance: user_processing.extracting_user 2022-02-10T00:00:00+00:00 [queued]>
[2022-03-20 13:04:53,720] {taskinstance.py:1067} INFO - 
--------------------------------------------------------------------------------
[2022-03-20 13:04:53,720] {taskinstance.py:1068} INFO - Starting attempt 1 of 1
[2022-03-20 13:04:53,720] {taskinstance.py:1069} INFO - 
--------------------------------------------------------------------------------
[2022-03-20 13:04:53,813] {taskinstance.py:1087} INFO - Executing <Task(SimpleHttpOperator): extracting_user> on 2022-02-10T00:00:00+00:00
[2022-03-20 13:04:53,818] {standard_task_runner.py:52} INFO - Started process 71478 to run task
[2022-03-20 13:04:53,834] {standard_task_runner.py:76} INFO - Running: ['airflow', 'tasks', 'run', 'user_processing', 'extracting_user', '2022-02-10T00:00:00+00:00', '--job-id', '599', '--pool', 'default_pool', '--raw', '--subdir', 'DAGS_FOLDER/user_processing.py', '--cfg-path', '/tmp/tmpqj2zet4m', '--error-file', '/tmp/tmpngo_0k7c']
[2022-03-20 13:04:53,835] {standard_task_runner.py:77} INFO - Job 599: Subtask extracting_user
[2022-03-20 13:04:53,974] {logging_mixin.py:104} INFO - Running <TaskInstance: user_processing.extracting_user 2022-02-10T00:00:00+00:00 [running]> on host airflowvm
[2022-03-20 13:04:54,433] {taskinstance.py:1280} INFO - Exporting the following env vars:
AIRFLOW_CTX_DAG_OWNER=airflow
AIRFLOW_CTX_DAG_ID=user_processing
AIRFLOW_CTX_TASK_ID=extracting_user
AIRFLOW_CTX_EXECUTION_DATE=2022-02-10T00:00:00+00:00
AIRFLOW_CTX_DAG_RUN_ID=scheduled__2022-02-10T00:00:00+00:00
[2022-03-20 13:04:54,434] {http.py:111} INFO - Calling HTTP method
[2022-03-20 13:04:54,444] {base.py:69} INFO - Using connection to: id: user_api. Host: https://randomuser.me/, Port: None, Schema: , Login: , Password: ***, extra: {}
[2022-03-20 13:04:54,449] {http.py:140} INFO - Sending 'GET' to url: https://randomuser.me/api/
[2022-03-20 13:04:54,854] {http.py:115} INFO - {"results":[{"gender":"male","name":{"title":"Mr","first":"Nicklas","last":"Johansen"},"location":{"street":{"number":3292,"name":"Fredericiagade"},"city":"V.Skerninge","state":"Sjælland","country":"Denmark","postcode":74957,"coordinates":{"latitude":"-28.6141","longitude":"-40.4275"},"timezone":{"offset":"+5:30","description":"Bombay, Calcutta, Madras, New Delhi"}},"email":"nicklas.johansen@example.com","login":{"uuid":"a4b53ecb-4802-47f1-b62f-acf132427d7f","username":"blackwolf701","password":"garcia","salt":"sGajD0fE","md5":"de78125cd1b44f23712439258224a185","sha1":"4e5ea94beafe2f6e5ffa3f90cdc8935cb5ba4382","sha256":"a03da2c36212210e7430764315b711e5e3d087cd92b4cd702d2d1d5fdc33499f"},"dob":{"date":"1987-06-08T17:57:53.173Z","age":35},"registered":{"date":"2019-05-04T10:41:29.312Z","age":3},"phone":"11214849","cell":"46533082","id":{"name":"CPR","value":"080687-4144"},"picture":{"large":"https://randomuser.me/api/portraits/men/12.jpg","medium":"https://randomuser.me/api/portraits/med/men/12.jpg","thumbnail":"https://randomuser.me/api/portraits/thumb/men/12.jpg"},"nat":"DK"}],"info":{"seed":"28a2e1c8d9560293","results":1,"page":1,"version":"1.3"}}
[2022-03-20 13:04:55,074] {taskinstance.py:1184} INFO - Marking task as SUCCESS. dag_id=user_processing, task_id=extracting_user, execution_date=20220210T000000, start_date=20220320T130453, end_date=20220320T130455
[2022-03-20 13:04:55,237] {taskinstance.py:1245} INFO - 1 downstream tasks scheduled from follow-on schedule check
[2022-03-20 13:04:55,261] {local_task_job.py:151} INFO - Task exited with return code 0
