[2022-03-20 13:56:59,608] {taskinstance.py:876} INFO - Dependencies all met for <TaskInstance: user_processing.is_api_available 2020-02-07T00:00:00+00:00 [queued]>
[2022-03-20 13:56:59,651] {taskinstance.py:876} INFO - Dependencies all met for <TaskInstance: user_processing.is_api_available 2020-02-07T00:00:00+00:00 [queued]>
[2022-03-20 13:56:59,655] {taskinstance.py:1067} INFO - 
--------------------------------------------------------------------------------
[2022-03-20 13:56:59,655] {taskinstance.py:1068} INFO - Starting attempt 2 of 2
[2022-03-20 13:56:59,655] {taskinstance.py:1069} INFO - 
--------------------------------------------------------------------------------
[2022-03-20 13:56:59,734] {taskinstance.py:1087} INFO - Executing <Task(HttpSensor): is_api_available> on 2020-02-07T00:00:00+00:00
[2022-03-20 13:56:59,738] {standard_task_runner.py:52} INFO - Started process 94970 to run task
[2022-03-20 13:56:59,790] {standard_task_runner.py:76} INFO - Running: ['airflow', 'tasks', 'run', 'user_processing', 'is_api_available', '2020-02-07T00:00:00+00:00', '--job-id', '872', '--pool', 'default_pool', '--raw', '--subdir', 'DAGS_FOLDER/user_processing.py', '--cfg-path', '/tmp/tmpkcubzxnp', '--error-file', '/tmp/tmpfst1h0o3']
[2022-03-20 13:56:59,792] {standard_task_runner.py:77} INFO - Job 872: Subtask is_api_available
[2022-03-20 13:57:00,009] {logging_mixin.py:104} INFO - Running <TaskInstance: user_processing.is_api_available 2020-02-07T00:00:00+00:00 [running]> on host airflowvm
[2022-03-20 13:57:00,304] {taskinstance.py:1280} INFO - Exporting the following env vars:
AIRFLOW_CTX_DAG_OWNER=airflow
AIRFLOW_CTX_DAG_ID=user_processing
AIRFLOW_CTX_TASK_ID=is_api_available
AIRFLOW_CTX_EXECUTION_DATE=2020-02-07T00:00:00+00:00
AIRFLOW_CTX_DAG_RUN_ID=scheduled__2020-02-07T00:00:00+00:00
[2022-03-20 13:57:00,305] {http.py:101} INFO - Poking: api/
[2022-03-20 13:57:00,327] {base.py:69} INFO - Using connection to: id: user_api. Host: https://randomuser.me/, Port: None, Schema: , Login: , Password: ***, extra: {}
[2022-03-20 13:57:00,346] {http.py:140} INFO - Sending 'GET' to url: https://randomuser.me/api/
[2022-03-20 13:57:00,938] {base.py:243} INFO - Success criteria met. Exiting.
[2022-03-20 13:57:01,027] {taskinstance.py:1184} INFO - Marking task as SUCCESS. dag_id=user_processing, task_id=is_api_available, execution_date=20200207T000000, start_date=20220320T135659, end_date=20220320T135701
[2022-03-20 13:57:01,328] {taskinstance.py:1245} INFO - 0 downstream tasks scheduled from follow-on schedule check
[2022-03-20 13:57:01,373] {local_task_job.py:151} INFO - Task exited with return code 0
