[2022-03-20 14:18:48,870] {taskinstance.py:876} INFO - Dependencies all met for <TaskInstance: user_processing.processing_user 2022-02-12T00:00:00+00:00 [queued]>
[2022-03-20 14:18:48,986] {taskinstance.py:876} INFO - Dependencies all met for <TaskInstance: user_processing.processing_user 2022-02-12T00:00:00+00:00 [queued]>
[2022-03-20 14:18:48,990] {taskinstance.py:1067} INFO - 
--------------------------------------------------------------------------------
[2022-03-20 14:18:48,993] {taskinstance.py:1068} INFO - Starting attempt 2 of 2
[2022-03-20 14:18:48,993] {taskinstance.py:1069} INFO - 
--------------------------------------------------------------------------------
[2022-03-20 14:18:49,312] {taskinstance.py:1087} INFO - Executing <Task(PythonOperator): processing_user> on 2022-02-12T00:00:00+00:00
[2022-03-20 14:18:49,319] {standard_task_runner.py:52} INFO - Started process 107262 to run task
[2022-03-20 14:18:49,337] {standard_task_runner.py:76} INFO - Running: ['airflow', 'tasks', 'run', 'user_processing', 'processing_user', '2022-02-12T00:00:00+00:00', '--job-id', '1039', '--pool', 'default_pool', '--raw', '--subdir', 'DAGS_FOLDER/user_processing.py', '--cfg-path', '/tmp/tmpbqe0v7nw', '--error-file', '/tmp/tmpn4cj8vlh']
[2022-03-20 14:18:49,343] {standard_task_runner.py:77} INFO - Job 1039: Subtask processing_user
[2022-03-20 14:18:49,542] {logging_mixin.py:104} INFO - Running <TaskInstance: user_processing.processing_user 2022-02-12T00:00:00+00:00 [running]> on host airflowvm
[2022-03-20 14:18:49,706] {taskinstance.py:1280} INFO - Exporting the following env vars:
AIRFLOW_CTX_DAG_OWNER=airflow
AIRFLOW_CTX_DAG_ID=user_processing
AIRFLOW_CTX_TASK_ID=processing_user
AIRFLOW_CTX_EXECUTION_DATE=2022-02-12T00:00:00+00:00
AIRFLOW_CTX_DAG_RUN_ID=scheduled__2022-02-12T00:00:00+00:00
[2022-03-20 14:18:49,736] {python.py:151} INFO - Done. Returned value was: None
[2022-03-20 14:18:49,742] {taskinstance.py:1184} INFO - Marking task as SUCCESS. dag_id=user_processing, task_id=processing_user, execution_date=20220212T000000, start_date=20220320T141848, end_date=20220320T141849
[2022-03-20 14:18:49,829] {taskinstance.py:1245} INFO - 1 downstream tasks scheduled from follow-on schedule check
[2022-03-20 14:18:49,849] {local_task_job.py:151} INFO - Task exited with return code 0
