[2022-03-20 13:14:40,014] {taskinstance.py:876} INFO - Dependencies all met for <TaskInstance: user_processing.extracting_user 2022-03-02T00:00:00+00:00 [queued]>
[2022-03-20 13:14:40,033] {taskinstance.py:876} INFO - Dependencies all met for <TaskInstance: user_processing.extracting_user 2022-03-02T00:00:00+00:00 [queued]>
[2022-03-20 13:14:40,034] {taskinstance.py:1067} INFO - 
--------------------------------------------------------------------------------
[2022-03-20 13:14:40,034] {taskinstance.py:1068} INFO - Starting attempt 1 of 1
[2022-03-20 13:14:40,034] {taskinstance.py:1069} INFO - 
--------------------------------------------------------------------------------
[2022-03-20 13:14:40,077] {taskinstance.py:1087} INFO - Executing <Task(SimpleHttpOperator): extracting_user> on 2022-03-02T00:00:00+00:00
[2022-03-20 13:14:40,082] {standard_task_runner.py:52} INFO - Started process 78661 to run task
[2022-03-20 13:14:40,099] {standard_task_runner.py:76} INFO - Running: ['airflow', 'tasks', 'run', 'user_processing', 'extracting_user', '2022-03-02T00:00:00+00:00', '--job-id', '699', '--pool', 'default_pool', '--raw', '--subdir', 'DAGS_FOLDER/user_processing.py', '--cfg-path', '/tmp/tmp3gj5stvo', '--error-file', '/tmp/tmpvckol68m']
[2022-03-20 13:14:40,100] {standard_task_runner.py:77} INFO - Job 699: Subtask extracting_user
[2022-03-20 13:14:40,237] {logging_mixin.py:104} INFO - Running <TaskInstance: user_processing.extracting_user 2022-03-02T00:00:00+00:00 [running]> on host airflowvm
[2022-03-20 13:14:40,411] {taskinstance.py:1280} INFO - Exporting the following env vars:
AIRFLOW_CTX_DAG_OWNER=airflow
AIRFLOW_CTX_DAG_ID=user_processing
AIRFLOW_CTX_TASK_ID=extracting_user
AIRFLOW_CTX_EXECUTION_DATE=2022-03-02T00:00:00+00:00
AIRFLOW_CTX_DAG_RUN_ID=scheduled__2022-03-02T00:00:00+00:00
[2022-03-20 13:14:40,412] {http.py:111} INFO - Calling HTTP method
[2022-03-20 13:14:40,424] {base.py:69} INFO - Using connection to: id: user_api. Host: https://randomuser.me/, Port: None, Schema: , Login: , Password: ***, extra: {}
[2022-03-20 13:14:40,430] {http.py:140} INFO - Sending 'GET' to url: https://randomuser.me/api/
[2022-03-20 13:14:40,998] {http.py:115} INFO - {"results":[{"gender":"female","name":{"title":"Miss","first":"Oya","last":"Başoğlu"},"location":{"street":{"number":8214,"name":"Şehitler Cd"},"city":"Muğla","state":"Antalya","country":"Turkey","postcode":46815,"coordinates":{"latitude":"76.4843","longitude":"160.5807"},"timezone":{"offset":"+4:00","description":"Abu Dhabi, Muscat, Baku, Tbilisi"}},"email":"oya.basoglu@example.com","login":{"uuid":"c30ad591-6b1c-4b41-b730-961651b90b18","username":"angrymouse468","password":"canucks","salt":"TeWTqgSD","md5":"52057fc9c92d6de390ca136aa7d1ef67","sha1":"47d5d06997d121a2e35985c8a58cac001d19a9fe","sha256":"41ab7475fc23270239cce7bef75d0f7431546e24aa0a25f4bd73d8d4306a2c65"},"dob":{"date":"1949-03-28T13:02:15.661Z","age":73},"registered":{"date":"2008-12-03T09:22:57.732Z","age":14},"phone":"(075)-070-5444","cell":"(000)-040-0290","id":{"name":"","value":null},"picture":{"large":"https://randomuser.me/api/portraits/women/33.jpg","medium":"https://randomuser.me/api/portraits/med/women/33.jpg","thumbnail":"https://randomuser.me/api/portraits/thumb/women/33.jpg"},"nat":"TR"}],"info":{"seed":"d4ab5cb6e5604c44","results":1,"page":1,"version":"1.3"}}
[2022-03-20 13:14:41,054] {taskinstance.py:1184} INFO - Marking task as SUCCESS. dag_id=user_processing, task_id=extracting_user, execution_date=20220302T000000, start_date=20220320T131440, end_date=20220320T131441
[2022-03-20 13:14:41,128] {taskinstance.py:1245} INFO - 1 downstream tasks scheduled from follow-on schedule check
[2022-03-20 13:14:41,141] {local_task_job.py:151} INFO - Task exited with return code 0
