[2022-03-20 11:52:57,465] {taskinstance.py:876} INFO - Dependencies all met for <TaskInstance: user_processing.creating_table 2020-01-09T00:00:00+00:00 [queued]>
[2022-03-20 11:52:57,478] {taskinstance.py:876} INFO - Dependencies all met for <TaskInstance: user_processing.creating_table 2020-01-09T00:00:00+00:00 [queued]>
[2022-03-20 11:52:57,478] {taskinstance.py:1067} INFO - 
--------------------------------------------------------------------------------
[2022-03-20 11:52:57,479] {taskinstance.py:1068} INFO - Starting attempt 1 of 1
[2022-03-20 11:52:57,479] {taskinstance.py:1069} INFO - 
--------------------------------------------------------------------------------
[2022-03-20 11:52:57,517] {taskinstance.py:1087} INFO - Executing <Task(SqliteOperator): creating_table> on 2020-01-09T00:00:00+00:00
[2022-03-20 11:52:57,522] {standard_task_runner.py:52} INFO - Started process 28756 to run task
[2022-03-20 11:52:57,557] {standard_task_runner.py:76} INFO - Running: ['airflow', 'tasks', 'run', 'user_processing', 'creating_table', '2020-01-09T00:00:00+00:00', '--job-id', '72', '--pool', 'default_pool', '--raw', '--subdir', 'DAGS_FOLDER/user_processing.py', '--cfg-path', '/tmp/tmp8k83z601', '--error-file', '/tmp/tmp_c_2uqvm']
[2022-03-20 11:52:57,562] {standard_task_runner.py:77} INFO - Job 72: Subtask creating_table
[2022-03-20 11:52:57,802] {logging_mixin.py:104} INFO - Running <TaskInstance: user_processing.creating_table 2020-01-09T00:00:00+00:00 [running]> on host airflowvm
[2022-03-20 11:52:58,047] {taskinstance.py:1280} INFO - Exporting the following env vars:
AIRFLOW_CTX_DAG_OWNER=airflow
AIRFLOW_CTX_DAG_ID=user_processing
AIRFLOW_CTX_TASK_ID=creating_table
AIRFLOW_CTX_EXECUTION_DATE=2020-01-09T00:00:00+00:00
AIRFLOW_CTX_DAG_RUN_ID=scheduled__2020-01-09T00:00:00+00:00
[2022-03-20 11:52:58,051] {sqlite.py:63} INFO - Executing: 
                CREATE TABLE IF NOT EXISTS users(
                    firstname text not null,
                    lastname TEXT NOT NULL,
                    country TEXT NOT NULL,
                    username TEXT NOT NULL,
                    password TEXT NOT NULL,
                    email TEXT NOT NULL PRIMARY KEY
                );
            
[2022-03-20 11:52:58,060] {base.py:69} INFO - Using connection to: id: db_sqlite. Host: /home/airflow/airflow/airflow.db, Port: None, Schema: , Login: , Password: ***, extra: {}
[2022-03-20 11:52:58,070] {dbapi.py:204} INFO - Running statement: 
                CREATE TABLE IF NOT EXISTS users(
                    firstname text not null,
                    lastname TEXT NOT NULL,
                    country TEXT NOT NULL,
                    username TEXT NOT NULL,
                    password TEXT NOT NULL,
                    email TEXT NOT NULL PRIMARY KEY
                );
            , parameters: []
[2022-03-20 11:52:58,083] {taskinstance.py:1184} INFO - Marking task as SUCCESS. dag_id=user_processing, task_id=creating_table, execution_date=20200109T000000, start_date=20220320T115257, end_date=20220320T115258
[2022-03-20 11:52:58,233] {taskinstance.py:1245} INFO - 1 downstream tasks scheduled from follow-on schedule check
[2022-03-20 11:52:58,246] {local_task_job.py:151} INFO - Task exited with return code 0
