[2022-03-20 13:00:11,735] {taskinstance.py:876} INFO - Dependencies all met for <TaskInstance: user_processing.extracting_user 2022-02-01T00:00:00+00:00 [queued]>
[2022-03-20 13:00:11,751] {taskinstance.py:876} INFO - Dependencies all met for <TaskInstance: user_processing.extracting_user 2022-02-01T00:00:00+00:00 [queued]>
[2022-03-20 13:00:11,752] {taskinstance.py:1067} INFO - 
--------------------------------------------------------------------------------
[2022-03-20 13:00:11,752] {taskinstance.py:1068} INFO - Starting attempt 1 of 1
[2022-03-20 13:00:11,752] {taskinstance.py:1069} INFO - 
--------------------------------------------------------------------------------
[2022-03-20 13:00:11,915] {taskinstance.py:1087} INFO - Executing <Task(SimpleHttpOperator): extracting_user> on 2022-02-01T00:00:00+00:00
[2022-03-20 13:00:11,919] {standard_task_runner.py:52} INFO - Started process 69254 to run task
[2022-03-20 13:00:11,934] {standard_task_runner.py:76} INFO - Running: ['airflow', 'tasks', 'run', 'user_processing', 'extracting_user', '2022-02-01T00:00:00+00:00', '--job-id', '554', '--pool', 'default_pool', '--raw', '--subdir', 'DAGS_FOLDER/user_processing.py', '--cfg-path', '/tmp/tmpry6cfxmc', '--error-file', '/tmp/tmpvr1py8t7']
[2022-03-20 13:00:11,937] {standard_task_runner.py:77} INFO - Job 554: Subtask extracting_user
[2022-03-20 13:00:12,158] {logging_mixin.py:104} INFO - Running <TaskInstance: user_processing.extracting_user 2022-02-01T00:00:00+00:00 [running]> on host airflowvm
[2022-03-20 13:00:12,499] {taskinstance.py:1280} INFO - Exporting the following env vars:
AIRFLOW_CTX_DAG_OWNER=airflow
AIRFLOW_CTX_DAG_ID=user_processing
AIRFLOW_CTX_TASK_ID=extracting_user
AIRFLOW_CTX_EXECUTION_DATE=2022-02-01T00:00:00+00:00
AIRFLOW_CTX_DAG_RUN_ID=scheduled__2022-02-01T00:00:00+00:00
[2022-03-20 13:00:12,500] {http.py:111} INFO - Calling HTTP method
[2022-03-20 13:00:12,511] {base.py:69} INFO - Using connection to: id: user_api. Host: https://randomuser.me/, Port: None, Schema: , Login: , Password: ***, extra: {}
[2022-03-20 13:00:12,515] {http.py:140} INFO - Sending 'GET' to url: https://randomuser.me/api/
[2022-03-20 13:00:12,904] {http.py:115} INFO - {"results":[{"gender":"male","name":{"title":"Mr","first":"Adrian","last":"Wheeler"},"location":{"street":{"number":5146,"name":"The Grove"},"city":"Truro","state":"Gwynedd County","country":"United Kingdom","postcode":"V12 5SB","coordinates":{"latitude":"12.7180","longitude":"-71.6871"},"timezone":{"offset":"+9:00","description":"Tokyo, Seoul, Osaka, Sapporo, Yakutsk"}},"email":"adrian.wheeler@example.com","login":{"uuid":"0fe8ee7a-3884-43a7-8a32-379a14335bf6","username":"bluedog322","password":"newcastl","salt":"mGFqmOBX","md5":"c90b93116e8ceb1620f95f3a74ffaf57","sha1":"64f1e28fbe5df47460643af7c76ae8fb9f4853aa","sha256":"38b0d278cb4e2e48593610e6bdb5e47a7a2cf4a4ff4df5ff96d7cbd3e67029d2"},"dob":{"date":"1971-02-22T02:05:45.006Z","age":51},"registered":{"date":"2012-03-30T19:10:41.783Z","age":10},"phone":"013873 51679","cell":"0706-468-327","id":{"name":"NINO","value":"HT 81 31 66 Z"},"picture":{"large":"https://randomuser.me/api/portraits/men/66.jpg","medium":"https://randomuser.me/api/portraits/med/men/66.jpg","thumbnail":"https://randomuser.me/api/portraits/thumb/men/66.jpg"},"nat":"GB"}],"info":{"seed":"23b800292b28b2e1","results":1,"page":1,"version":"1.3"}}
[2022-03-20 13:00:13,081] {taskinstance.py:1184} INFO - Marking task as SUCCESS. dag_id=user_processing, task_id=extracting_user, execution_date=20220201T000000, start_date=20220320T130011, end_date=20220320T130013
[2022-03-20 13:00:13,334] {taskinstance.py:1245} INFO - 1 downstream tasks scheduled from follow-on schedule check
[2022-03-20 13:00:13,358] {local_task_job.py:151} INFO - Task exited with return code 0
