[2022-03-20 13:07:56,475] {taskinstance.py:876} INFO - Dependencies all met for <TaskInstance: user_processing.extracting_user 2022-02-16T00:00:00+00:00 [queued]>
[2022-03-20 13:07:56,492] {taskinstance.py:876} INFO - Dependencies all met for <TaskInstance: user_processing.extracting_user 2022-02-16T00:00:00+00:00 [queued]>
[2022-03-20 13:07:56,492] {taskinstance.py:1067} INFO - 
--------------------------------------------------------------------------------
[2022-03-20 13:07:56,493] {taskinstance.py:1068} INFO - Starting attempt 1 of 1
[2022-03-20 13:07:56,493] {taskinstance.py:1069} INFO - 
--------------------------------------------------------------------------------
[2022-03-20 13:07:56,546] {taskinstance.py:1087} INFO - Executing <Task(SimpleHttpOperator): extracting_user> on 2022-02-16T00:00:00+00:00
[2022-03-20 13:07:56,551] {standard_task_runner.py:52} INFO - Started process 73173 to run task
[2022-03-20 13:07:56,570] {standard_task_runner.py:76} INFO - Running: ['airflow', 'tasks', 'run', 'user_processing', 'extracting_user', '2022-02-16T00:00:00+00:00', '--job-id', '629', '--pool', 'default_pool', '--raw', '--subdir', 'DAGS_FOLDER/user_processing.py', '--cfg-path', '/tmp/tmp4dt2wxlv', '--error-file', '/tmp/tmpztnix_ne']
[2022-03-20 13:07:56,572] {standard_task_runner.py:77} INFO - Job 629: Subtask extracting_user
[2022-03-20 13:07:56,694] {logging_mixin.py:104} INFO - Running <TaskInstance: user_processing.extracting_user 2022-02-16T00:00:00+00:00 [running]> on host airflowvm
[2022-03-20 13:07:56,857] {taskinstance.py:1280} INFO - Exporting the following env vars:
AIRFLOW_CTX_DAG_OWNER=airflow
AIRFLOW_CTX_DAG_ID=user_processing
AIRFLOW_CTX_TASK_ID=extracting_user
AIRFLOW_CTX_EXECUTION_DATE=2022-02-16T00:00:00+00:00
AIRFLOW_CTX_DAG_RUN_ID=scheduled__2022-02-16T00:00:00+00:00
[2022-03-20 13:07:56,858] {http.py:111} INFO - Calling HTTP method
[2022-03-20 13:07:56,876] {base.py:69} INFO - Using connection to: id: user_api. Host: https://randomuser.me/, Port: None, Schema: , Login: , Password: ***, extra: {}
[2022-03-20 13:07:56,883] {http.py:140} INFO - Sending 'GET' to url: https://randomuser.me/api/
[2022-03-20 13:07:57,370] {http.py:115} INFO - {"results":[{"gender":"male","name":{"title":"Mr","first":"Loke","last":"Dahle"},"location":{"street":{"number":7738,"name":"Idas vei"},"city":"Mebonden","state":"Rogaland","country":"Norway","postcode":"4576","coordinates":{"latitude":"49.1023","longitude":"-135.6624"},"timezone":{"offset":"-6:00","description":"Central Time (US & Canada), Mexico City"}},"email":"loke.dahle@example.com","login":{"uuid":"823c68ab-640b-4e84-b5a1-f1e3d4071eb9","username":"redbutterfly975","password":"fandango","salt":"xsaS4ItD","md5":"1caa414eb875d98efb531be0f4a055fd","sha1":"b6d4c7512a18f007b65c66c95f092321e11f19b3","sha256":"339945bd6b7234185e4e56b4e05009b49e9dc35361bc8f758a87ad2a8bafc33d"},"dob":{"date":"1951-03-28T23:08:03.226Z","age":71},"registered":{"date":"2018-02-22T02:33:25.773Z","age":4},"phone":"72040875","cell":"48468307","id":{"name":"FN","value":"28035112393"},"picture":{"large":"https://randomuser.me/api/portraits/men/23.jpg","medium":"https://randomuser.me/api/portraits/med/men/23.jpg","thumbnail":"https://randomuser.me/api/portraits/thumb/men/23.jpg"},"nat":"NO"}],"info":{"seed":"acdc9f3b79557e78","results":1,"page":1,"version":"1.3"}}
[2022-03-20 13:07:57,425] {taskinstance.py:1184} INFO - Marking task as SUCCESS. dag_id=user_processing, task_id=extracting_user, execution_date=20220216T000000, start_date=20220320T130756, end_date=20220320T130757
[2022-03-20 13:07:57,522] {taskinstance.py:1245} INFO - 1 downstream tasks scheduled from follow-on schedule check
[2022-03-20 13:07:57,536] {local_task_job.py:151} INFO - Task exited with return code 0
