[2022-03-20 12:08:11,574] {taskinstance.py:876} INFO - Dependencies all met for <TaskInstance: user_processing.is_api_available 2020-02-08T00:00:00+00:00 [queued]>
[2022-03-20 12:08:11,616] {taskinstance.py:876} INFO - Dependencies all met for <TaskInstance: user_processing.is_api_available 2020-02-08T00:00:00+00:00 [queued]>
[2022-03-20 12:08:11,621] {taskinstance.py:1067} INFO - 
--------------------------------------------------------------------------------
[2022-03-20 12:08:11,621] {taskinstance.py:1068} INFO - Starting attempt 1 of 1
[2022-03-20 12:08:11,621] {taskinstance.py:1069} INFO - 
--------------------------------------------------------------------------------
[2022-03-20 12:08:11,689] {taskinstance.py:1087} INFO - Executing <Task(HttpSensor): is_api_available> on 2020-02-08T00:00:00+00:00
[2022-03-20 12:08:11,693] {standard_task_runner.py:52} INFO - Started process 40270 to run task
[2022-03-20 12:08:11,713] {standard_task_runner.py:76} INFO - Running: ['airflow', 'tasks', 'run', 'user_processing', 'is_api_available', '2020-02-08T00:00:00+00:00', '--job-id', '228', '--pool', 'default_pool', '--raw', '--subdir', 'DAGS_FOLDER/user_processing.py', '--cfg-path', '/tmp/tmp7k959iw9', '--error-file', '/tmp/tmpyc__ncn8']
[2022-03-20 12:08:11,715] {standard_task_runner.py:77} INFO - Job 228: Subtask is_api_available
[2022-03-20 12:08:11,836] {logging_mixin.py:104} INFO - Running <TaskInstance: user_processing.is_api_available 2020-02-08T00:00:00+00:00 [running]> on host airflowvm
[2022-03-20 12:08:12,042] {taskinstance.py:1280} INFO - Exporting the following env vars:
AIRFLOW_CTX_DAG_OWNER=airflow
AIRFLOW_CTX_DAG_ID=user_processing
AIRFLOW_CTX_TASK_ID=is_api_available
AIRFLOW_CTX_EXECUTION_DATE=2020-02-08T00:00:00+00:00
AIRFLOW_CTX_DAG_RUN_ID=scheduled__2020-02-08T00:00:00+00:00
[2022-03-20 12:08:12,043] {http.py:101} INFO - Poking: api/
[2022-03-20 12:08:12,057] {base.py:69} INFO - Using connection to: id: user_api. Host: https://randomuser.me/, Port: None, Schema: , Login: , Password: ***, extra: {}
[2022-03-20 12:08:12,065] {http.py:140} INFO - Sending 'GET' to url: https://randomuser.me/api/
[2022-03-20 12:08:12,740] {base.py:243} INFO - Success criteria met. Exiting.
[2022-03-20 12:08:12,747] {taskinstance.py:1184} INFO - Marking task as SUCCESS. dag_id=user_processing, task_id=is_api_available, execution_date=20200208T000000, start_date=20220320T120811, end_date=20220320T120812
[2022-03-20 12:08:12,833] {taskinstance.py:1245} INFO - 1 downstream tasks scheduled from follow-on schedule check
[2022-03-20 12:08:12,849] {local_task_job.py:151} INFO - Task exited with return code 0
