[2022-03-21 05:12:24,139] {taskinstance.py:876} INFO - Dependencies all met for <TaskInstance: parallel_dag.task_3 2022-03-20T00:00:00+00:00 [queued]>
[2022-03-21 05:12:24,150] {taskinstance.py:876} INFO - Dependencies all met for <TaskInstance: parallel_dag.task_3 2022-03-20T00:00:00+00:00 [queued]>
[2022-03-21 05:12:24,151] {taskinstance.py:1067} INFO - 
--------------------------------------------------------------------------------
[2022-03-21 05:12:24,151] {taskinstance.py:1068} INFO - Starting attempt 1 of 1
[2022-03-21 05:12:24,151] {taskinstance.py:1069} INFO - 
--------------------------------------------------------------------------------
[2022-03-21 05:12:24,203] {taskinstance.py:1087} INFO - Executing <Task(BashOperator): task_3> on 2022-03-20T00:00:00+00:00
[2022-03-21 05:12:24,206] {standard_task_runner.py:52} INFO - Started process 6910 to run task
[2022-03-21 05:12:24,221] {standard_task_runner.py:76} INFO - Running: ['airflow', 'tasks', 'run', 'parallel_dag', 'task_3', '2022-03-20T00:00:00+00:00', '--job-id', '1092', '--pool', 'default_pool', '--raw', '--subdir', 'DAGS_FOLDER/parallel_dag.py', '--cfg-path', '/tmp/tmp1bc0odu5', '--error-file', '/tmp/tmppiolysva']
[2022-03-21 05:12:24,222] {standard_task_runner.py:77} INFO - Job 1092: Subtask task_3
[2022-03-21 05:12:24,463] {logging_mixin.py:104} INFO - Running <TaskInstance: parallel_dag.task_3 2022-03-20T00:00:00+00:00 [running]> on host airflowvm
[2022-03-21 05:12:24,683] {taskinstance.py:1280} INFO - Exporting the following env vars:
AIRFLOW_CTX_DAG_OWNER=airflow
AIRFLOW_CTX_DAG_ID=parallel_dag
AIRFLOW_CTX_TASK_ID=task_3
AIRFLOW_CTX_EXECUTION_DATE=2022-03-20T00:00:00+00:00
AIRFLOW_CTX_DAG_RUN_ID=scheduled__2022-03-20T00:00:00+00:00
[2022-03-21 05:12:24,696] {subprocess.py:52} INFO - Tmp dir root location: 
 /tmp
[2022-03-21 05:12:24,698] {subprocess.py:63} INFO - Running command: ['bash', '-c', 'sleep 3']
[2022-03-21 05:12:24,727] {subprocess.py:75} INFO - Output:
[2022-03-21 05:12:27,753] {subprocess.py:83} INFO - Command exited with return code 0
[2022-03-21 05:12:27,836] {taskinstance.py:1184} INFO - Marking task as SUCCESS. dag_id=parallel_dag, task_id=task_3, execution_date=20220320T000000, start_date=20220321T051224, end_date=20220321T051227
[2022-03-21 05:12:27,937] {taskinstance.py:1245} INFO - 1 downstream tasks scheduled from follow-on schedule check
[2022-03-21 05:12:27,962] {local_task_job.py:151} INFO - Task exited with return code 0
