[2022-03-20 12:11:16,478] {taskinstance.py:876} INFO - Dependencies all met for <TaskInstance: user_processing.processing_user 2020-02-12T00:00:00+00:00 [queued]>
[2022-03-20 12:11:16,492] {taskinstance.py:876} INFO - Dependencies all met for <TaskInstance: user_processing.processing_user 2020-02-12T00:00:00+00:00 [queued]>
[2022-03-20 12:11:16,492] {taskinstance.py:1067} INFO - 
--------------------------------------------------------------------------------
[2022-03-20 12:11:16,492] {taskinstance.py:1068} INFO - Starting attempt 1 of 1
[2022-03-20 12:11:16,493] {taskinstance.py:1069} INFO - 
--------------------------------------------------------------------------------
[2022-03-20 12:11:16,532] {taskinstance.py:1087} INFO - Executing <Task(PythonOperator): processing_user> on 2020-02-12T00:00:00+00:00
[2022-03-20 12:11:16,537] {standard_task_runner.py:52} INFO - Started process 42601 to run task
[2022-03-20 12:11:16,555] {standard_task_runner.py:76} INFO - Running: ['airflow', 'tasks', 'run', 'user_processing', 'processing_user', '2020-02-12T00:00:00+00:00', '--job-id', '260', '--pool', 'default_pool', '--raw', '--subdir', 'DAGS_FOLDER/user_processing.py', '--cfg-path', '/tmp/tmpn_ew_f10', '--error-file', '/tmp/tmpn9sa8b_b']
[2022-03-20 12:11:16,556] {standard_task_runner.py:77} INFO - Job 260: Subtask processing_user
[2022-03-20 12:11:16,678] {logging_mixin.py:104} INFO - Running <TaskInstance: user_processing.processing_user 2020-02-12T00:00:00+00:00 [running]> on host airflowvm
[2022-03-20 12:11:16,841] {taskinstance.py:1280} INFO - Exporting the following env vars:
AIRFLOW_CTX_DAG_OWNER=airflow
AIRFLOW_CTX_DAG_ID=user_processing
AIRFLOW_CTX_TASK_ID=processing_user
AIRFLOW_CTX_EXECUTION_DATE=2020-02-12T00:00:00+00:00
AIRFLOW_CTX_DAG_RUN_ID=scheduled__2020-02-12T00:00:00+00:00
[2022-03-20 12:11:16,868] {python.py:151} INFO - Done. Returned value was: None
[2022-03-20 12:11:16,875] {taskinstance.py:1184} INFO - Marking task as SUCCESS. dag_id=user_processing, task_id=processing_user, execution_date=20200212T000000, start_date=20220320T121116, end_date=20220320T121116
[2022-03-20 12:11:16,951] {taskinstance.py:1245} INFO - 1 downstream tasks scheduled from follow-on schedule check
[2022-03-20 12:11:16,973] {local_task_job.py:151} INFO - Task exited with return code 0
