[2022-03-20 13:15:37,084] {taskinstance.py:876} INFO - Dependencies all met for <TaskInstance: user_processing.extracting_user 2022-03-04T00:00:00+00:00 [queued]>
[2022-03-20 13:15:37,114] {taskinstance.py:876} INFO - Dependencies all met for <TaskInstance: user_processing.extracting_user 2022-03-04T00:00:00+00:00 [queued]>
[2022-03-20 13:15:37,114] {taskinstance.py:1067} INFO - 
--------------------------------------------------------------------------------
[2022-03-20 13:15:37,115] {taskinstance.py:1068} INFO - Starting attempt 1 of 1
[2022-03-20 13:15:37,116] {taskinstance.py:1069} INFO - 
--------------------------------------------------------------------------------
[2022-03-20 13:15:37,203] {taskinstance.py:1087} INFO - Executing <Task(SimpleHttpOperator): extracting_user> on 2022-03-04T00:00:00+00:00
[2022-03-20 13:15:37,209] {standard_task_runner.py:52} INFO - Started process 79432 to run task
[2022-03-20 13:15:37,254] {standard_task_runner.py:76} INFO - Running: ['airflow', 'tasks', 'run', 'user_processing', 'extracting_user', '2022-03-04T00:00:00+00:00', '--job-id', '709', '--pool', 'default_pool', '--raw', '--subdir', 'DAGS_FOLDER/user_processing.py', '--cfg-path', '/tmp/tmpzjesek7j', '--error-file', '/tmp/tmpd6zn6eah']
[2022-03-20 13:15:37,258] {standard_task_runner.py:77} INFO - Job 709: Subtask extracting_user
[2022-03-20 13:15:37,554] {logging_mixin.py:104} INFO - Running <TaskInstance: user_processing.extracting_user 2022-03-04T00:00:00+00:00 [running]> on host airflowvm
[2022-03-20 13:15:37,712] {taskinstance.py:1280} INFO - Exporting the following env vars:
AIRFLOW_CTX_DAG_OWNER=airflow
AIRFLOW_CTX_DAG_ID=user_processing
AIRFLOW_CTX_TASK_ID=extracting_user
AIRFLOW_CTX_EXECUTION_DATE=2022-03-04T00:00:00+00:00
AIRFLOW_CTX_DAG_RUN_ID=scheduled__2022-03-04T00:00:00+00:00
[2022-03-20 13:15:37,714] {http.py:111} INFO - Calling HTTP method
[2022-03-20 13:15:37,723] {base.py:69} INFO - Using connection to: id: user_api. Host: https://randomuser.me/, Port: None, Schema: , Login: , Password: ***, extra: {}
[2022-03-20 13:15:37,727] {http.py:140} INFO - Sending 'GET' to url: https://randomuser.me/api/
[2022-03-20 13:15:38,292] {http.py:115} INFO - {"results":[{"gender":"male","name":{"title":"Mr","first":"Erik","last":"Phillips"},"location":{"street":{"number":2990,"name":"Mill Road"},"city":"Rush","state":"Galway City","country":"Ireland","postcode":15320,"coordinates":{"latitude":"19.3104","longitude":"-104.1860"},"timezone":{"offset":"+10:00","description":"Eastern Australia, Guam, Vladivostok"}},"email":"erik.phillips@example.com","login":{"uuid":"4bf47d50-7ff5-424f-a90d-3798efa7ca76","username":"angrysnake297","password":"marcus","salt":"E00vjp95","md5":"2d7a18f6d94b20f39448da5efe98bb4b","sha1":"d0d342f31403c30b3eb5cf6fdde1b71686e93fd3","sha256":"5837d32e00a1e8633b5c016335566e67a9a46a2ef1022b5c3cb882a27f95cdba"},"dob":{"date":"1970-11-04T07:56:31.920Z","age":52},"registered":{"date":"2012-02-16T18:30:13.588Z","age":10},"phone":"071-964-7644","cell":"081-221-8010","id":{"name":"PPS","value":"9749841T"},"picture":{"large":"https://randomuser.me/api/portraits/men/55.jpg","medium":"https://randomuser.me/api/portraits/med/men/55.jpg","thumbnail":"https://randomuser.me/api/portraits/thumb/men/55.jpg"},"nat":"IE"}],"info":{"seed":"35a8b661df22864f","results":1,"page":1,"version":"1.3"}}
[2022-03-20 13:15:38,601] {taskinstance.py:1184} INFO - Marking task as SUCCESS. dag_id=user_processing, task_id=extracting_user, execution_date=20220304T000000, start_date=20220320T131537, end_date=20220320T131538
[2022-03-20 13:15:39,228] {taskinstance.py:1245} INFO - 1 downstream tasks scheduled from follow-on schedule check
[2022-03-20 13:15:39,280] {local_task_job.py:151} INFO - Task exited with return code 0
