[2022-03-20 12:49:35,412] {taskinstance.py:876} INFO - Dependencies all met for <TaskInstance: user_processing.is_api_available 2022-01-12T00:00:00+00:00 [queued]>
[2022-03-20 12:49:35,442] {taskinstance.py:876} INFO - Dependencies all met for <TaskInstance: user_processing.is_api_available 2022-01-12T00:00:00+00:00 [queued]>
[2022-03-20 12:49:35,443] {taskinstance.py:1067} INFO - 
--------------------------------------------------------------------------------
[2022-03-20 12:49:35,443] {taskinstance.py:1068} INFO - Starting attempt 1 of 1
[2022-03-20 12:49:35,443] {taskinstance.py:1069} INFO - 
--------------------------------------------------------------------------------
[2022-03-20 12:49:35,518] {taskinstance.py:1087} INFO - Executing <Task(HttpSensor): is_api_available> on 2022-01-12T00:00:00+00:00
[2022-03-20 12:49:35,522] {standard_task_runner.py:52} INFO - Started process 64344 to run task
[2022-03-20 12:49:35,538] {standard_task_runner.py:76} INFO - Running: ['airflow', 'tasks', 'run', 'user_processing', 'is_api_available', '2022-01-12T00:00:00+00:00', '--job-id', '448', '--pool', 'default_pool', '--raw', '--subdir', 'DAGS_FOLDER/user_processing.py', '--cfg-path', '/tmp/tmphqu0ndqi', '--error-file', '/tmp/tmpa4i5y562']
[2022-03-20 12:49:35,540] {standard_task_runner.py:77} INFO - Job 448: Subtask is_api_available
[2022-03-20 12:49:35,692] {logging_mixin.py:104} INFO - Running <TaskInstance: user_processing.is_api_available 2022-01-12T00:00:00+00:00 [running]> on host airflowvm
[2022-03-20 12:49:35,924] {taskinstance.py:1280} INFO - Exporting the following env vars:
AIRFLOW_CTX_DAG_OWNER=airflow
AIRFLOW_CTX_DAG_ID=user_processing
AIRFLOW_CTX_TASK_ID=is_api_available
AIRFLOW_CTX_EXECUTION_DATE=2022-01-12T00:00:00+00:00
AIRFLOW_CTX_DAG_RUN_ID=scheduled__2022-01-12T00:00:00+00:00
[2022-03-20 12:49:35,925] {http.py:101} INFO - Poking: api/
[2022-03-20 12:49:35,935] {base.py:69} INFO - Using connection to: id: user_api. Host: https://randomuser.me/, Port: None, Schema: , Login: , Password: ***, extra: {}
[2022-03-20 12:49:35,939] {http.py:140} INFO - Sending 'GET' to url: https://randomuser.me/api/
[2022-03-20 12:49:36,342] {base.py:243} INFO - Success criteria met. Exiting.
[2022-03-20 12:49:36,354] {taskinstance.py:1184} INFO - Marking task as SUCCESS. dag_id=user_processing, task_id=is_api_available, execution_date=20220112T000000, start_date=20220320T124935, end_date=20220320T124936
[2022-03-20 12:49:36,464] {taskinstance.py:1245} INFO - 1 downstream tasks scheduled from follow-on schedule check
[2022-03-20 12:49:36,484] {local_task_job.py:151} INFO - Task exited with return code 0
