[2022-03-20 12:54:46,087] {taskinstance.py:876} INFO - Dependencies all met for <TaskInstance: user_processing.extracting_user 2022-01-21T00:00:00+00:00 [queued]>
[2022-03-20 12:54:46,121] {taskinstance.py:876} INFO - Dependencies all met for <TaskInstance: user_processing.extracting_user 2022-01-21T00:00:00+00:00 [queued]>
[2022-03-20 12:54:46,121] {taskinstance.py:1067} INFO - 
--------------------------------------------------------------------------------
[2022-03-20 12:54:46,122] {taskinstance.py:1068} INFO - Starting attempt 1 of 1
[2022-03-20 12:54:46,122] {taskinstance.py:1069} INFO - 
--------------------------------------------------------------------------------
[2022-03-20 12:54:46,234] {taskinstance.py:1087} INFO - Executing <Task(SimpleHttpOperator): extracting_user> on 2022-01-21T00:00:00+00:00
[2022-03-20 12:54:46,238] {standard_task_runner.py:52} INFO - Started process 66743 to run task
[2022-03-20 12:54:46,253] {standard_task_runner.py:76} INFO - Running: ['airflow', 'tasks', 'run', 'user_processing', 'extracting_user', '2022-01-21T00:00:00+00:00', '--job-id', '499', '--pool', 'default_pool', '--raw', '--subdir', 'DAGS_FOLDER/user_processing.py', '--cfg-path', '/tmp/tmp_q3qk1jz', '--error-file', '/tmp/tmpj93t3z3v']
[2022-03-20 12:54:46,257] {standard_task_runner.py:77} INFO - Job 499: Subtask extracting_user
[2022-03-20 12:54:46,372] {logging_mixin.py:104} INFO - Running <TaskInstance: user_processing.extracting_user 2022-01-21T00:00:00+00:00 [running]> on host airflowvm
[2022-03-20 12:54:46,517] {taskinstance.py:1280} INFO - Exporting the following env vars:
AIRFLOW_CTX_DAG_OWNER=airflow
AIRFLOW_CTX_DAG_ID=user_processing
AIRFLOW_CTX_TASK_ID=extracting_user
AIRFLOW_CTX_EXECUTION_DATE=2022-01-21T00:00:00+00:00
AIRFLOW_CTX_DAG_RUN_ID=scheduled__2022-01-21T00:00:00+00:00
[2022-03-20 12:54:46,518] {http.py:111} INFO - Calling HTTP method
[2022-03-20 12:54:46,527] {base.py:69} INFO - Using connection to: id: user_api. Host: https://randomuser.me/, Port: None, Schema: , Login: , Password: ***, extra: {}
[2022-03-20 12:54:46,530] {http.py:140} INFO - Sending 'GET' to url: https://randomuser.me/api/
[2022-03-20 12:54:47,083] {http.py:115} INFO - {"results":[{"gender":"male","name":{"title":"Mr","first":"Jonathan","last":"Thomsen"},"location":{"street":{"number":569,"name":"Græsvangen"},"city":"Haslev","state":"Danmark","country":"Denmark","postcode":44824,"coordinates":{"latitude":"-29.2631","longitude":"-177.0152"},"timezone":{"offset":"+5:00","description":"Ekaterinburg, Islamabad, Karachi, Tashkent"}},"email":"jonathan.thomsen@example.com","login":{"uuid":"7fb04426-80e5-46a7-8105-03dac80ed78d","username":"beautifulfrog130","password":"asswipe","salt":"Ib5vxOBd","md5":"904a30c1c62b2dbd6a60e222c4741dd8","sha1":"45a7e945740288b0b83557aff5d000e155c26c7d","sha256":"a5e40cab5a40b49472955aebfa4f8dba72c657a34ee007100ef26e0d508c35ab"},"dob":{"date":"1957-02-01T09:31:22.017Z","age":65},"registered":{"date":"2016-11-18T17:44:31.284Z","age":6},"phone":"75098458","cell":"13526880","id":{"name":"CPR","value":"010257-3776"},"picture":{"large":"https://randomuser.me/api/portraits/men/62.jpg","medium":"https://randomuser.me/api/portraits/med/men/62.jpg","thumbnail":"https://randomuser.me/api/portraits/thumb/men/62.jpg"},"nat":"DK"}],"info":{"seed":"f91cdf812a569732","results":1,"page":1,"version":"1.3"}}
[2022-03-20 12:54:47,126] {taskinstance.py:1184} INFO - Marking task as SUCCESS. dag_id=user_processing, task_id=extracting_user, execution_date=20220121T000000, start_date=20220320T125446, end_date=20220320T125447
[2022-03-20 12:54:47,226] {taskinstance.py:1245} INFO - 1 downstream tasks scheduled from follow-on schedule check
[2022-03-20 12:54:47,253] {local_task_job.py:151} INFO - Task exited with return code 0
