[2022-03-20 12:25:04,422] {taskinstance.py:876} INFO - Dependencies all met for <TaskInstance: user_processing.storing_user 2020-03-03T00:00:00+00:00 [queued]>
[2022-03-20 12:25:04,440] {taskinstance.py:876} INFO - Dependencies all met for <TaskInstance: user_processing.storing_user 2020-03-03T00:00:00+00:00 [queued]>
[2022-03-20 12:25:04,440] {taskinstance.py:1067} INFO - 
--------------------------------------------------------------------------------
[2022-03-20 12:25:04,440] {taskinstance.py:1068} INFO - Starting attempt 2 of 2
[2022-03-20 12:25:04,440] {taskinstance.py:1069} INFO - 
--------------------------------------------------------------------------------
[2022-03-20 12:25:04,815] {taskinstance.py:1087} INFO - Executing <Task(BashOperator): storing_user> on 2020-03-03T00:00:00+00:00
[2022-03-20 12:25:04,822] {standard_task_runner.py:52} INFO - Started process 52647 to run task
[2022-03-20 12:25:04,845] {standard_task_runner.py:76} INFO - Running: ['airflow', 'tasks', 'run', 'user_processing', 'storing_user', '2020-03-03T00:00:00+00:00', '--job-id', '390', '--pool', 'default_pool', '--raw', '--subdir', 'DAGS_FOLDER/user_processing.py', '--cfg-path', '/tmp/tmpq442t3km', '--error-file', '/tmp/tmp6zangcy2']
[2022-03-20 12:25:04,846] {standard_task_runner.py:77} INFO - Job 390: Subtask storing_user
[2022-03-20 12:25:04,994] {logging_mixin.py:104} INFO - Running <TaskInstance: user_processing.storing_user 2020-03-03T00:00:00+00:00 [running]> on host airflowvm
[2022-03-20 12:25:05,103] {taskinstance.py:1280} INFO - Exporting the following env vars:
AIRFLOW_CTX_DAG_OWNER=airflow
AIRFLOW_CTX_DAG_ID=user_processing
AIRFLOW_CTX_TASK_ID=storing_user
AIRFLOW_CTX_EXECUTION_DATE=2020-03-03T00:00:00+00:00
AIRFLOW_CTX_DAG_RUN_ID=scheduled__2020-03-03T00:00:00+00:00
[2022-03-20 12:25:05,104] {subprocess.py:52} INFO - Tmp dir root location: 
 /tmp
[2022-03-20 12:25:05,105] {subprocess.py:63} INFO - Running command: ['bash', '-c', 'echo -e ".separator ","\n. import /tmp/processed_user.csv users" | sqlite3 /home/airflow/airflow/airflow.db']
[2022-03-20 12:25:05,120] {subprocess.py:75} INFO - Output:
[2022-03-20 12:25:05,206] {subprocess.py:83} INFO - Command exited with return code 0
[2022-03-20 12:25:05,296] {taskinstance.py:1184} INFO - Marking task as SUCCESS. dag_id=user_processing, task_id=storing_user, execution_date=20200303T000000, start_date=20220320T122504, end_date=20220320T122505
[2022-03-20 12:25:05,370] {taskinstance.py:1245} INFO - 0 downstream tasks scheduled from follow-on schedule check
[2022-03-20 12:25:05,429] {local_task_job.py:151} INFO - Task exited with return code 0
