[2022-03-20 12:12:06,491] {taskinstance.py:876} INFO - Dependencies all met for <TaskInstance: user_processing.extracting_user 2020-02-15T00:00:00+00:00 [queued]>
[2022-03-20 12:12:06,505] {taskinstance.py:876} INFO - Dependencies all met for <TaskInstance: user_processing.extracting_user 2020-02-15T00:00:00+00:00 [queued]>
[2022-03-20 12:12:06,506] {taskinstance.py:1067} INFO - 
--------------------------------------------------------------------------------
[2022-03-20 12:12:06,507] {taskinstance.py:1068} INFO - Starting attempt 1 of 1
[2022-03-20 12:12:06,507] {taskinstance.py:1069} INFO - 
--------------------------------------------------------------------------------
[2022-03-20 12:12:06,545] {taskinstance.py:1087} INFO - Executing <Task(SimpleHttpOperator): extracting_user> on 2020-02-15T00:00:00+00:00
[2022-03-20 12:12:06,550] {standard_task_runner.py:52} INFO - Started process 43224 to run task
[2022-03-20 12:12:06,566] {standard_task_runner.py:76} INFO - Running: ['airflow', 'tasks', 'run', 'user_processing', 'extracting_user', '2020-02-15T00:00:00+00:00', '--job-id', '269', '--pool', 'default_pool', '--raw', '--subdir', 'DAGS_FOLDER/user_processing.py', '--cfg-path', '/tmp/tmpmh1oud15', '--error-file', '/tmp/tmpv6_e24v3']
[2022-03-20 12:12:06,567] {standard_task_runner.py:77} INFO - Job 269: Subtask extracting_user
[2022-03-20 12:12:06,677] {logging_mixin.py:104} INFO - Running <TaskInstance: user_processing.extracting_user 2020-02-15T00:00:00+00:00 [running]> on host airflowvm
[2022-03-20 12:12:06,829] {taskinstance.py:1280} INFO - Exporting the following env vars:
AIRFLOW_CTX_DAG_OWNER=airflow
AIRFLOW_CTX_DAG_ID=user_processing
AIRFLOW_CTX_TASK_ID=extracting_user
AIRFLOW_CTX_EXECUTION_DATE=2020-02-15T00:00:00+00:00
AIRFLOW_CTX_DAG_RUN_ID=scheduled__2020-02-15T00:00:00+00:00
[2022-03-20 12:12:06,830] {http.py:111} INFO - Calling HTTP method
[2022-03-20 12:12:06,841] {base.py:69} INFO - Using connection to: id: user_api. Host: https://randomuser.me/, Port: None, Schema: , Login: , Password: ***, extra: {}
[2022-03-20 12:12:06,844] {http.py:140} INFO - Sending 'GET' to url: https://randomuser.me/api/
[2022-03-20 12:12:07,265] {http.py:115} INFO - {"results":[{"gender":"male","name":{"title":"Mr","first":"Austin","last":"Barrett"},"location":{"street":{"number":9588,"name":"Dogwood Ave"},"city":"Bathurst","state":"Tasmania","country":"Australia","postcode":2526,"coordinates":{"latitude":"-80.0513","longitude":"-69.4126"},"timezone":{"offset":"+7:00","description":"Bangkok, Hanoi, Jakarta"}},"email":"austin.barrett@example.com","login":{"uuid":"10df21ac-e031-42cb-bda7-668a7ebe519c","username":"purplekoala446","password":"streaming","salt":"5aohkYTB","md5":"410c8ff178000dfd04a91fc9d5d02940","sha1":"20566fa86f98ab1cd685aa284e4dce22da666da6","sha256":"6c62e297d8af9e1018a81d7f153e0a2cab2b776a4bece06affcbc0017bc13734"},"dob":{"date":"1968-02-07T00:50:57.936Z","age":54},"registered":{"date":"2011-02-28T16:06:52.480Z","age":11},"phone":"04-8693-0679","cell":"0460-362-345","id":{"name":"TFN","value":"353937781"},"picture":{"large":"https://randomuser.me/api/portraits/men/68.jpg","medium":"https://randomuser.me/api/portraits/med/men/68.jpg","thumbnail":"https://randomuser.me/api/portraits/thumb/men/68.jpg"},"nat":"AU"}],"info":{"seed":"a88fe82eab9670ec","results":1,"page":1,"version":"1.3"}}
[2022-03-20 12:12:07,380] {taskinstance.py:1184} INFO - Marking task as SUCCESS. dag_id=user_processing, task_id=extracting_user, execution_date=20200215T000000, start_date=20220320T121206, end_date=20220320T121207
[2022-03-20 12:12:07,485] {taskinstance.py:1245} INFO - 1 downstream tasks scheduled from follow-on schedule check
[2022-03-20 12:12:07,493] {local_task_job.py:151} INFO - Task exited with return code 0
