[2022-03-20 11:58:46,389] {taskinstance.py:876} INFO - Dependencies all met for <TaskInstance: user_processing.extracting_user 2020-01-18T00:00:00+00:00 [queued]>
[2022-03-20 11:58:46,430] {taskinstance.py:876} INFO - Dependencies all met for <TaskInstance: user_processing.extracting_user 2020-01-18T00:00:00+00:00 [queued]>
[2022-03-20 11:58:46,430] {taskinstance.py:1067} INFO - 
--------------------------------------------------------------------------------
[2022-03-20 11:58:46,431] {taskinstance.py:1068} INFO - Starting attempt 1 of 1
[2022-03-20 11:58:46,431] {taskinstance.py:1069} INFO - 
--------------------------------------------------------------------------------
[2022-03-20 11:58:46,468] {taskinstance.py:1087} INFO - Executing <Task(SimpleHttpOperator): extracting_user> on 2020-01-18T00:00:00+00:00
[2022-03-20 11:58:46,473] {standard_task_runner.py:52} INFO - Started process 33141 to run task
[2022-03-20 11:58:46,490] {standard_task_runner.py:76} INFO - Running: ['airflow', 'tasks', 'run', 'user_processing', 'extracting_user', '2020-01-18T00:00:00+00:00', '--job-id', '129', '--pool', 'default_pool', '--raw', '--subdir', 'DAGS_FOLDER/user_processing.py', '--cfg-path', '/tmp/tmpavc34rmr', '--error-file', '/tmp/tmp42g4ng7k']
[2022-03-20 11:58:46,492] {standard_task_runner.py:77} INFO - Job 129: Subtask extracting_user
[2022-03-20 11:58:46,624] {logging_mixin.py:104} INFO - Running <TaskInstance: user_processing.extracting_user 2020-01-18T00:00:00+00:00 [running]> on host airflowvm
[2022-03-20 11:58:46,747] {taskinstance.py:1280} INFO - Exporting the following env vars:
AIRFLOW_CTX_DAG_OWNER=airflow
AIRFLOW_CTX_DAG_ID=user_processing
AIRFLOW_CTX_TASK_ID=extracting_user
AIRFLOW_CTX_EXECUTION_DATE=2020-01-18T00:00:00+00:00
AIRFLOW_CTX_DAG_RUN_ID=scheduled__2020-01-18T00:00:00+00:00
[2022-03-20 11:58:46,748] {http.py:111} INFO - Calling HTTP method
[2022-03-20 11:58:46,757] {base.py:69} INFO - Using connection to: id: user_api. Host: https://randomuser.me/, Port: None, Schema: , Login: , Password: ***, extra: {}
[2022-03-20 11:58:46,761] {http.py:140} INFO - Sending 'GET' to url: https://randomuser.me/api/
[2022-03-20 11:58:47,302] {http.py:115} INFO - {"results":[{"gender":"male","name":{"title":"Mr","first":"Jose","last":"Torres"},"location":{"street":{"number":8853,"name":"Calle de Segovia"},"city":"Mérida","state":"Galicia","country":"Spain","postcode":30736,"coordinates":{"latitude":"-18.8698","longitude":"-72.1566"},"timezone":{"offset":"+10:00","description":"Eastern Australia, Guam, Vladivostok"}},"email":"jose.torres@example.com","login":{"uuid":"9ffe98a3-ba83-47cb-8772-de1f71661f6f","username":"heavycat835","password":"jagger","salt":"TPHmEWTH","md5":"944d684d910771ccbd36844cf657b0c5","sha1":"2d38e328c86253a8c81e83174090ac5dc7eb867e","sha256":"46933103b1fee207dcec23a6fd350a91c09518c57d0276f6e94cf412e9e8a260"},"dob":{"date":"1992-07-18T17:11:58.873Z","age":30},"registered":{"date":"2003-07-09T06:27:50.256Z","age":19},"phone":"940-330-949","cell":"628-576-182","id":{"name":"DNI","value":"49704788-J"},"picture":{"large":"https://randomuser.me/api/portraits/men/94.jpg","medium":"https://randomuser.me/api/portraits/med/men/94.jpg","thumbnail":"https://randomuser.me/api/portraits/thumb/men/94.jpg"},"nat":"ES"}],"info":{"seed":"ecb44c3953ba8b94","results":1,"page":1,"version":"1.3"}}
[2022-03-20 11:58:47,351] {taskinstance.py:1184} INFO - Marking task as SUCCESS. dag_id=user_processing, task_id=extracting_user, execution_date=20200118T000000, start_date=20220320T115846, end_date=20220320T115847
[2022-03-20 11:58:47,426] {taskinstance.py:1245} INFO - 1 downstream tasks scheduled from follow-on schedule check
[2022-03-20 11:58:47,474] {local_task_job.py:151} INFO - Task exited with return code 0
