[2022-03-20 13:22:28,077] {taskinstance.py:876} INFO - Dependencies all met for <TaskInstance: user_processing.extracting_user 2022-03-18T00:00:00+00:00 [queued]>
[2022-03-20 13:22:28,102] {taskinstance.py:876} INFO - Dependencies all met for <TaskInstance: user_processing.extracting_user 2022-03-18T00:00:00+00:00 [queued]>
[2022-03-20 13:22:28,104] {taskinstance.py:1067} INFO - 
--------------------------------------------------------------------------------
[2022-03-20 13:22:28,104] {taskinstance.py:1068} INFO - Starting attempt 2 of 2
[2022-03-20 13:22:28,104] {taskinstance.py:1069} INFO - 
--------------------------------------------------------------------------------
[2022-03-20 13:22:28,144] {taskinstance.py:1087} INFO - Executing <Task(SimpleHttpOperator): extracting_user> on 2022-03-18T00:00:00+00:00
[2022-03-20 13:22:28,149] {standard_task_runner.py:52} INFO - Started process 84760 to run task
[2022-03-20 13:22:28,165] {standard_task_runner.py:76} INFO - Running: ['airflow', 'tasks', 'run', 'user_processing', 'extracting_user', '2022-03-18T00:00:00+00:00', '--job-id', '773', '--pool', 'default_pool', '--raw', '--subdir', 'DAGS_FOLDER/user_processing.py', '--cfg-path', '/tmp/tmpm72vktwc', '--error-file', '/tmp/tmp675wpvqf']
[2022-03-20 13:22:28,166] {standard_task_runner.py:77} INFO - Job 773: Subtask extracting_user
[2022-03-20 13:22:28,290] {logging_mixin.py:104} INFO - Running <TaskInstance: user_processing.extracting_user 2022-03-18T00:00:00+00:00 [running]> on host airflowvm
[2022-03-20 13:22:28,439] {taskinstance.py:1280} INFO - Exporting the following env vars:
AIRFLOW_CTX_DAG_OWNER=airflow
AIRFLOW_CTX_DAG_ID=user_processing
AIRFLOW_CTX_TASK_ID=extracting_user
AIRFLOW_CTX_EXECUTION_DATE=2022-03-18T00:00:00+00:00
AIRFLOW_CTX_DAG_RUN_ID=scheduled__2022-03-18T00:00:00+00:00
[2022-03-20 13:22:28,440] {http.py:111} INFO - Calling HTTP method
[2022-03-20 13:22:28,452] {base.py:69} INFO - Using connection to: id: user_api. Host: https://randomuser.me/, Port: None, Schema: , Login: , Password: ***, extra: {}
[2022-03-20 13:22:28,457] {http.py:140} INFO - Sending 'GET' to url: https://randomuser.me/api/
[2022-03-20 13:22:28,879] {http.py:115} INFO - {"results":[{"gender":"male","name":{"title":"Mr","first":"Jason","last":"Baker"},"location":{"street":{"number":8740,"name":"Eason Rd"},"city":"Toowoomba","state":"Victoria","country":"Australia","postcode":7873,"coordinates":{"latitude":"-84.6794","longitude":"-134.6032"},"timezone":{"offset":"-3:00","description":"Brazil, Buenos Aires, Georgetown"}},"email":"jason.baker@example.com","login":{"uuid":"705d3dcd-0ae1-4828-b9ba-8d62ebe6170e","username":"sadostrich552","password":"malibu","salt":"bP5fGiI9","md5":"21bafb5b0189d819b9cc8b079ec4645d","sha1":"c93757e0f70403f0559b9b8bef536f6baa11c0fd","sha256":"f9f360c0e40041894048eb05d8e76d30472e1c7e3db08bd4c039a0c3725e6712"},"dob":{"date":"1990-07-28T20:22:59.193Z","age":32},"registered":{"date":"2009-09-26T17:20:33.360Z","age":13},"phone":"09-7941-4082","cell":"0496-469-487","id":{"name":"TFN","value":"262554894"},"picture":{"large":"https://randomuser.me/api/portraits/men/12.jpg","medium":"https://randomuser.me/api/portraits/med/men/12.jpg","thumbnail":"https://randomuser.me/api/portraits/thumb/men/12.jpg"},"nat":"AU"}],"info":{"seed":"3ea93b53c1ac1e0c","results":1,"page":1,"version":"1.3"}}
[2022-03-20 13:22:28,922] {taskinstance.py:1184} INFO - Marking task as SUCCESS. dag_id=user_processing, task_id=extracting_user, execution_date=20220318T000000, start_date=20220320T132228, end_date=20220320T132228
[2022-03-20 13:22:29,004] {taskinstance.py:1245} INFO - 1 downstream tasks scheduled from follow-on schedule check
[2022-03-20 13:22:29,024] {local_task_job.py:151} INFO - Task exited with return code 0
