[2022-03-20 13:25:04,549] {taskinstance.py:876} INFO - Dependencies all met for <TaskInstance: user_processing.extracting_user 2022-03-18T00:00:00+00:00 [queued]>
[2022-03-20 13:25:04,587] {taskinstance.py:876} INFO - Dependencies all met for <TaskInstance: user_processing.extracting_user 2022-03-18T00:00:00+00:00 [queued]>
[2022-03-20 13:25:04,588] {taskinstance.py:1067} INFO - 
--------------------------------------------------------------------------------
[2022-03-20 13:25:04,588] {taskinstance.py:1068} INFO - Starting attempt 3 of 3
[2022-03-20 13:25:04,588] {taskinstance.py:1069} INFO - 
--------------------------------------------------------------------------------
[2022-03-20 13:25:04,639] {taskinstance.py:1087} INFO - Executing <Task(SimpleHttpOperator): extracting_user> on 2022-03-18T00:00:00+00:00
[2022-03-20 13:25:04,644] {standard_task_runner.py:52} INFO - Started process 86334 to run task
[2022-03-20 13:25:04,687] {standard_task_runner.py:76} INFO - Running: ['airflow', 'tasks', 'run', 'user_processing', 'extracting_user', '2022-03-18T00:00:00+00:00', '--job-id', '787', '--pool', 'default_pool', '--raw', '--subdir', 'DAGS_FOLDER/user_processing.py', '--cfg-path', '/tmp/tmpg0y7ehyc', '--error-file', '/tmp/tmprl4hgczk']
[2022-03-20 13:25:04,688] {standard_task_runner.py:77} INFO - Job 787: Subtask extracting_user
[2022-03-20 13:25:04,952] {logging_mixin.py:104} INFO - Running <TaskInstance: user_processing.extracting_user 2022-03-18T00:00:00+00:00 [running]> on host airflowvm
[2022-03-20 13:25:05,339] {taskinstance.py:1280} INFO - Exporting the following env vars:
AIRFLOW_CTX_DAG_OWNER=airflow
AIRFLOW_CTX_DAG_ID=user_processing
AIRFLOW_CTX_TASK_ID=extracting_user
AIRFLOW_CTX_EXECUTION_DATE=2022-03-18T00:00:00+00:00
AIRFLOW_CTX_DAG_RUN_ID=scheduled__2022-03-18T00:00:00+00:00
[2022-03-20 13:25:05,340] {http.py:111} INFO - Calling HTTP method
[2022-03-20 13:25:05,365] {base.py:69} INFO - Using connection to: id: user_api. Host: https://randomuser.me/, Port: None, Schema: , Login: , Password: ***, extra: {}
[2022-03-20 13:25:05,373] {http.py:140} INFO - Sending 'GET' to url: https://randomuser.me/api/
[2022-03-20 13:25:05,801] {http.py:115} INFO - {"results":[{"gender":"female","name":{"title":"Ms","first":"Ömür","last":"Tuğlu"},"location":{"street":{"number":4412,"name":"Anafartalar Cd"},"city":"Zonguldak","state":"Elazığ","country":"Turkey","postcode":56680,"coordinates":{"latitude":"75.1593","longitude":"46.1507"},"timezone":{"offset":"+7:00","description":"Bangkok, Hanoi, Jakarta"}},"email":"omur.tuglu@example.com","login":{"uuid":"ddfc71d4-8890-41c9-834e-1b83c9f32761","username":"tinybutterfly763","password":"coolio","salt":"GMbgXKWn","md5":"1248b31cad183bf76d26b0c249e6c257","sha1":"11c232f8d14218491047cfa1684bf9ca6dda208d","sha256":"b7d19712d58775e976d01c0f139b0e2be974d6eb619a576fd1b97978ee2af237"},"dob":{"date":"1973-07-05T13:55:12.846Z","age":49},"registered":{"date":"2006-01-09T05:23:29.634Z","age":16},"phone":"(592)-144-0451","cell":"(032)-336-4342","id":{"name":"","value":null},"picture":{"large":"https://randomuser.me/api/portraits/women/72.jpg","medium":"https://randomuser.me/api/portraits/med/women/72.jpg","thumbnail":"https://randomuser.me/api/portraits/thumb/women/72.jpg"},"nat":"TR"}],"info":{"seed":"83969771d5bd919a","results":1,"page":1,"version":"1.3"}}
[2022-03-20 13:25:05,863] {taskinstance.py:1184} INFO - Marking task as SUCCESS. dag_id=user_processing, task_id=extracting_user, execution_date=20220318T000000, start_date=20220320T132504, end_date=20220320T132505
[2022-03-20 13:25:05,937] {taskinstance.py:1245} INFO - 1 downstream tasks scheduled from follow-on schedule check
[2022-03-20 13:25:05,956] {local_task_job.py:151} INFO - Task exited with return code 0
