[2022-03-20 13:05:40,222] {taskinstance.py:876} INFO - Dependencies all met for <TaskInstance: user_processing.is_api_available 2022-02-13T00:00:00+00:00 [queued]>
[2022-03-20 13:05:40,235] {taskinstance.py:876} INFO - Dependencies all met for <TaskInstance: user_processing.is_api_available 2022-02-13T00:00:00+00:00 [queued]>
[2022-03-20 13:05:40,236] {taskinstance.py:1067} INFO - 
--------------------------------------------------------------------------------
[2022-03-20 13:05:40,236] {taskinstance.py:1068} INFO - Starting attempt 1 of 1
[2022-03-20 13:05:40,236] {taskinstance.py:1069} INFO - 
--------------------------------------------------------------------------------
[2022-03-20 13:05:40,280] {taskinstance.py:1087} INFO - Executing <Task(HttpSensor): is_api_available> on 2022-02-13T00:00:00+00:00
[2022-03-20 13:05:40,284] {standard_task_runner.py:52} INFO - Started process 71828 to run task
[2022-03-20 13:05:40,300] {standard_task_runner.py:76} INFO - Running: ['airflow', 'tasks', 'run', 'user_processing', 'is_api_available', '2022-02-13T00:00:00+00:00', '--job-id', '608', '--pool', 'default_pool', '--raw', '--subdir', 'DAGS_FOLDER/user_processing.py', '--cfg-path', '/tmp/tmpjed9g5is', '--error-file', '/tmp/tmp1_16qggp']
[2022-03-20 13:05:40,302] {standard_task_runner.py:77} INFO - Job 608: Subtask is_api_available
[2022-03-20 13:05:40,419] {logging_mixin.py:104} INFO - Running <TaskInstance: user_processing.is_api_available 2022-02-13T00:00:00+00:00 [running]> on host airflowvm
[2022-03-20 13:05:40,625] {taskinstance.py:1280} INFO - Exporting the following env vars:
AIRFLOW_CTX_DAG_OWNER=airflow
AIRFLOW_CTX_DAG_ID=user_processing
AIRFLOW_CTX_TASK_ID=is_api_available
AIRFLOW_CTX_EXECUTION_DATE=2022-02-13T00:00:00+00:00
AIRFLOW_CTX_DAG_RUN_ID=scheduled__2022-02-13T00:00:00+00:00
[2022-03-20 13:05:40,626] {http.py:101} INFO - Poking: api/
[2022-03-20 13:05:40,635] {base.py:69} INFO - Using connection to: id: user_api. Host: https://randomuser.me/, Port: None, Schema: , Login: , Password: ***, extra: {}
[2022-03-20 13:05:40,639] {http.py:140} INFO - Sending 'GET' to url: https://randomuser.me/api/
[2022-03-20 13:05:41,067] {base.py:243} INFO - Success criteria met. Exiting.
[2022-03-20 13:05:41,081] {taskinstance.py:1184} INFO - Marking task as SUCCESS. dag_id=user_processing, task_id=is_api_available, execution_date=20220213T000000, start_date=20220320T130540, end_date=20220320T130541
[2022-03-20 13:05:41,232] {taskinstance.py:1245} INFO - 1 downstream tasks scheduled from follow-on schedule check
[2022-03-20 13:05:41,270] {local_task_job.py:151} INFO - Task exited with return code 0
