[2022-03-20 12:02:10,825] {taskinstance.py:876} INFO - Dependencies all met for <TaskInstance: user_processing.extracting_user 2020-01-25T00:00:00+00:00 [queued]>
[2022-03-20 12:02:10,860] {taskinstance.py:876} INFO - Dependencies all met for <TaskInstance: user_processing.extracting_user 2020-01-25T00:00:00+00:00 [queued]>
[2022-03-20 12:02:10,861] {taskinstance.py:1067} INFO - 
--------------------------------------------------------------------------------
[2022-03-20 12:02:10,861] {taskinstance.py:1068} INFO - Starting attempt 1 of 1
[2022-03-20 12:02:10,861] {taskinstance.py:1069} INFO - 
--------------------------------------------------------------------------------
[2022-03-20 12:02:10,897] {taskinstance.py:1087} INFO - Executing <Task(SimpleHttpOperator): extracting_user> on 2020-01-25T00:00:00+00:00
[2022-03-20 12:02:10,902] {standard_task_runner.py:52} INFO - Started process 35720 to run task
[2022-03-20 12:02:10,918] {standard_task_runner.py:76} INFO - Running: ['airflow', 'tasks', 'run', 'user_processing', 'extracting_user', '2020-01-25T00:00:00+00:00', '--job-id', '164', '--pool', 'default_pool', '--raw', '--subdir', 'DAGS_FOLDER/user_processing.py', '--cfg-path', '/tmp/tmp1sk2gxui', '--error-file', '/tmp/tmpqqde6jg8']
[2022-03-20 12:02:10,920] {standard_task_runner.py:77} INFO - Job 164: Subtask extracting_user
[2022-03-20 12:02:11,055] {logging_mixin.py:104} INFO - Running <TaskInstance: user_processing.extracting_user 2020-01-25T00:00:00+00:00 [running]> on host airflowvm
[2022-03-20 12:02:11,198] {taskinstance.py:1280} INFO - Exporting the following env vars:
AIRFLOW_CTX_DAG_OWNER=airflow
AIRFLOW_CTX_DAG_ID=user_processing
AIRFLOW_CTX_TASK_ID=extracting_user
AIRFLOW_CTX_EXECUTION_DATE=2020-01-25T00:00:00+00:00
AIRFLOW_CTX_DAG_RUN_ID=scheduled__2020-01-25T00:00:00+00:00
[2022-03-20 12:02:11,199] {http.py:111} INFO - Calling HTTP method
[2022-03-20 12:02:11,209] {base.py:69} INFO - Using connection to: id: user_api. Host: https://randomuser.me/, Port: None, Schema: , Login: , Password: ***, extra: {}
[2022-03-20 12:02:11,212] {http.py:140} INFO - Sending 'GET' to url: https://randomuser.me/api/
[2022-03-20 12:02:11,807] {http.py:115} INFO - {"results":[{"gender":"female","name":{"title":"Mrs","first":"Marina","last":"Scharf"},"location":{"street":{"number":4656,"name":"Bergstraße"},"city":"Hillesheim","state":"Sachsen-Anhalt","country":"Germany","postcode":54931,"coordinates":{"latitude":"-41.3081","longitude":"28.4569"},"timezone":{"offset":"+5:45","description":"Kathmandu"}},"email":"marina.scharf@example.com","login":{"uuid":"bc9b716d-70b7-44e8-a15c-420dbc07b516","username":"smallfish260","password":"flyfish","salt":"dSEs5Ilh","md5":"fbaa77185c866760ef27737b9281d8af","sha1":"ce25b46a34b75e05ea17c3e978db30856f512949","sha256":"b83682aea37ce16ec967d42ca118cb5d3911bc83d2be40a9e0727be5e517fc07"},"dob":{"date":"1945-08-20T02:04:25.964Z","age":77},"registered":{"date":"2016-11-26T12:18:45.401Z","age":6},"phone":"0704-7304991","cell":"0178-1590116","id":{"name":"","value":null},"picture":{"large":"https://randomuser.me/api/portraits/women/72.jpg","medium":"https://randomuser.me/api/portraits/med/women/72.jpg","thumbnail":"https://randomuser.me/api/portraits/thumb/women/72.jpg"},"nat":"DE"}],"info":{"seed":"55feb2b4b8589aa8","results":1,"page":1,"version":"1.3"}}
[2022-03-20 12:02:11,856] {taskinstance.py:1184} INFO - Marking task as SUCCESS. dag_id=user_processing, task_id=extracting_user, execution_date=20200125T000000, start_date=20220320T120210, end_date=20220320T120211
[2022-03-20 12:02:11,948] {taskinstance.py:1245} INFO - 1 downstream tasks scheduled from follow-on schedule check
[2022-03-20 12:02:11,973] {local_task_job.py:151} INFO - Task exited with return code 0
