[2022-03-20 13:57:50,248] {taskinstance.py:876} INFO - Dependencies all met for <TaskInstance: user_processing.extracting_user 2020-01-25T00:00:00+00:00 [queued]>
[2022-03-20 13:57:50,269] {taskinstance.py:876} INFO - Dependencies all met for <TaskInstance: user_processing.extracting_user 2020-01-25T00:00:00+00:00 [queued]>
[2022-03-20 13:57:50,269] {taskinstance.py:1067} INFO - 
--------------------------------------------------------------------------------
[2022-03-20 13:57:50,270] {taskinstance.py:1068} INFO - Starting attempt 2 of 2
[2022-03-20 13:57:50,270] {taskinstance.py:1069} INFO - 
--------------------------------------------------------------------------------
[2022-03-20 13:57:50,312] {taskinstance.py:1087} INFO - Executing <Task(SimpleHttpOperator): extracting_user> on 2020-01-25T00:00:00+00:00
[2022-03-20 13:57:50,318] {standard_task_runner.py:52} INFO - Started process 95499 to run task
[2022-03-20 13:57:50,333] {standard_task_runner.py:76} INFO - Running: ['airflow', 'tasks', 'run', 'user_processing', 'extracting_user', '2020-01-25T00:00:00+00:00', '--job-id', '878', '--pool', 'default_pool', '--raw', '--subdir', 'DAGS_FOLDER/user_processing.py', '--cfg-path', '/tmp/tmpo5zslzvi', '--error-file', '/tmp/tmpjkb25fsh']
[2022-03-20 13:57:50,334] {standard_task_runner.py:77} INFO - Job 878: Subtask extracting_user
[2022-03-20 13:57:50,456] {logging_mixin.py:104} INFO - Running <TaskInstance: user_processing.extracting_user 2020-01-25T00:00:00+00:00 [running]> on host airflowvm
[2022-03-20 13:57:50,649] {taskinstance.py:1280} INFO - Exporting the following env vars:
AIRFLOW_CTX_DAG_OWNER=airflow
AIRFLOW_CTX_DAG_ID=user_processing
AIRFLOW_CTX_TASK_ID=extracting_user
AIRFLOW_CTX_EXECUTION_DATE=2020-01-25T00:00:00+00:00
AIRFLOW_CTX_DAG_RUN_ID=scheduled__2020-01-25T00:00:00+00:00
[2022-03-20 13:57:50,650] {http.py:111} INFO - Calling HTTP method
[2022-03-20 13:57:50,660] {base.py:69} INFO - Using connection to: id: user_api. Host: https://randomuser.me/, Port: None, Schema: , Login: , Password: ***, extra: {}
[2022-03-20 13:57:50,664] {http.py:140} INFO - Sending 'GET' to url: https://randomuser.me/api/
[2022-03-20 13:57:51,083] {http.py:115} INFO - {"results":[{"gender":"female","name":{"title":"Miss","first":"Britney","last":"Kelley"},"location":{"street":{"number":1506,"name":"North Road"},"city":"Newcastle upon Tyne","state":"Isle of Wight","country":"United Kingdom","postcode":"SN91 9HH","coordinates":{"latitude":"9.3205","longitude":"176.3721"},"timezone":{"offset":"+3:30","description":"Tehran"}},"email":"britney.kelley@example.com","login":{"uuid":"27292888-b9ca-42de-8fa6-b12c8afddef4","username":"happypanda170","password":"navajo","salt":"LVNj36W8","md5":"96905c2f0dacb7f339e4b76c9f98e1b1","sha1":"208d0530d21fb9a9e0d38e76c3e97eb7ac401977","sha256":"014c9dff1f0f6a80c1e7185ef9b47a2f3ea60df73105a1b59ab15a25b73d54e1"},"dob":{"date":"1952-08-17T13:36:11.585Z","age":70},"registered":{"date":"2015-05-17T14:40:55.515Z","age":7},"phone":"01437 208636","cell":"0722-174-864","id":{"name":"NINO","value":"XT 58 16 72 U"},"picture":{"large":"https://randomuser.me/api/portraits/women/48.jpg","medium":"https://randomuser.me/api/portraits/med/women/48.jpg","thumbnail":"https://randomuser.me/api/portraits/thumb/women/48.jpg"},"nat":"GB"}],"info":{"seed":"9ae311c3fb58eab6","results":1,"page":1,"version":"1.3"}}
[2022-03-20 13:57:51,139] {taskinstance.py:1184} INFO - Marking task as SUCCESS. dag_id=user_processing, task_id=extracting_user, execution_date=20200125T000000, start_date=20220320T135750, end_date=20220320T135751
[2022-03-20 13:57:51,224] {taskinstance.py:1245} INFO - 1 downstream tasks scheduled from follow-on schedule check
[2022-03-20 13:57:51,241] {local_task_job.py:151} INFO - Task exited with return code 0
