[2022-03-20 13:09:06,049] {taskinstance.py:876} INFO - Dependencies all met for <TaskInstance: user_processing.extracting_user 2022-02-18T00:00:00+00:00 [queued]>
[2022-03-20 13:09:06,067] {taskinstance.py:876} INFO - Dependencies all met for <TaskInstance: user_processing.extracting_user 2022-02-18T00:00:00+00:00 [queued]>
[2022-03-20 13:09:06,068] {taskinstance.py:1067} INFO - 
--------------------------------------------------------------------------------
[2022-03-20 13:09:06,068] {taskinstance.py:1068} INFO - Starting attempt 1 of 1
[2022-03-20 13:09:06,068] {taskinstance.py:1069} INFO - 
--------------------------------------------------------------------------------
[2022-03-20 13:09:06,120] {taskinstance.py:1087} INFO - Executing <Task(SimpleHttpOperator): extracting_user> on 2022-02-18T00:00:00+00:00
[2022-03-20 13:09:06,124] {standard_task_runner.py:52} INFO - Started process 74046 to run task
[2022-03-20 13:09:06,178] {standard_task_runner.py:76} INFO - Running: ['airflow', 'tasks', 'run', 'user_processing', 'extracting_user', '2022-02-18T00:00:00+00:00', '--job-id', '639', '--pool', 'default_pool', '--raw', '--subdir', 'DAGS_FOLDER/user_processing.py', '--cfg-path', '/tmp/tmpppbu4xpt', '--error-file', '/tmp/tmpohk3xyt6']
[2022-03-20 13:09:06,183] {standard_task_runner.py:77} INFO - Job 639: Subtask extracting_user
[2022-03-20 13:09:06,535] {logging_mixin.py:104} INFO - Running <TaskInstance: user_processing.extracting_user 2022-02-18T00:00:00+00:00 [running]> on host airflowvm
[2022-03-20 13:09:06,685] {taskinstance.py:1280} INFO - Exporting the following env vars:
AIRFLOW_CTX_DAG_OWNER=airflow
AIRFLOW_CTX_DAG_ID=user_processing
AIRFLOW_CTX_TASK_ID=extracting_user
AIRFLOW_CTX_EXECUTION_DATE=2022-02-18T00:00:00+00:00
AIRFLOW_CTX_DAG_RUN_ID=scheduled__2022-02-18T00:00:00+00:00
[2022-03-20 13:09:06,686] {http.py:111} INFO - Calling HTTP method
[2022-03-20 13:09:06,695] {base.py:69} INFO - Using connection to: id: user_api. Host: https://randomuser.me/, Port: None, Schema: , Login: , Password: ***, extra: {}
[2022-03-20 13:09:06,702] {http.py:140} INFO - Sending 'GET' to url: https://randomuser.me/api/
[2022-03-20 13:09:07,107] {http.py:115} INFO - {"results":[{"gender":"female","name":{"title":"Ms","first":"Gonca","last":"Yalçın"},"location":{"street":{"number":2396,"name":"Abanoz Sk"},"city":"Sakarya","state":"Kahramanmaraş","country":"Turkey","postcode":46956,"coordinates":{"latitude":"74.9246","longitude":"135.7196"},"timezone":{"offset":"+10:00","description":"Eastern Australia, Guam, Vladivostok"}},"email":"gonca.yalcin@example.com","login":{"uuid":"7dbf36a9-65ec-459a-90cf-2b006cba31fd","username":"yellowcat740","password":"sahara","salt":"u4VtMQKb","md5":"37a308489d9d577cfa57f1aa761c2635","sha1":"1f4ad72cab583d947efa20fab6de73ed3d65a6e8","sha256":"951f5a7046dfa5262c2efbcd3415a76fe38abe40c4f52a457228fe009f8137b0"},"dob":{"date":"1945-04-11T00:01:12.355Z","age":77},"registered":{"date":"2002-11-02T20:05:49.100Z","age":20},"phone":"(776)-209-8364","cell":"(839)-297-3878","id":{"name":"","value":null},"picture":{"large":"https://randomuser.me/api/portraits/women/38.jpg","medium":"https://randomuser.me/api/portraits/med/women/38.jpg","thumbnail":"https://randomuser.me/api/portraits/thumb/women/38.jpg"},"nat":"TR"}],"info":{"seed":"d95b791689f04343","results":1,"page":1,"version":"1.3"}}
[2022-03-20 13:09:07,149] {taskinstance.py:1184} INFO - Marking task as SUCCESS. dag_id=user_processing, task_id=extracting_user, execution_date=20220218T000000, start_date=20220320T130906, end_date=20220320T130907
[2022-03-20 13:09:07,232] {taskinstance.py:1245} INFO - 1 downstream tasks scheduled from follow-on schedule check
[2022-03-20 13:09:07,254] {local_task_job.py:151} INFO - Task exited with return code 0
