[2022-03-21 05:08:18,479] {taskinstance.py:876} INFO - Dependencies all met for <TaskInstance: user_processing.extracting_user 2022-02-18T00:00:00+00:00 [queued]>
[2022-03-21 05:08:18,495] {taskinstance.py:876} INFO - Dependencies all met for <TaskInstance: user_processing.extracting_user 2022-02-18T00:00:00+00:00 [queued]>
[2022-03-21 05:08:18,495] {taskinstance.py:1067} INFO - 
--------------------------------------------------------------------------------
[2022-03-21 05:08:18,496] {taskinstance.py:1068} INFO - Starting attempt 2 of 2
[2022-03-21 05:08:18,496] {taskinstance.py:1069} INFO - 
--------------------------------------------------------------------------------
[2022-03-21 05:08:18,540] {taskinstance.py:1087} INFO - Executing <Task(SimpleHttpOperator): extracting_user> on 2022-02-18T00:00:00+00:00
[2022-03-21 05:08:18,543] {standard_task_runner.py:52} INFO - Started process 3955 to run task
[2022-03-21 05:08:18,560] {standard_task_runner.py:76} INFO - Running: ['airflow', 'tasks', 'run', 'user_processing', 'extracting_user', '2022-02-18T00:00:00+00:00', '--job-id', '1060', '--pool', 'default_pool', '--raw', '--subdir', 'DAGS_FOLDER/user_processing.py', '--cfg-path', '/tmp/tmpfobvxxdn', '--error-file', '/tmp/tmpg4qh4xak']
[2022-03-21 05:08:18,562] {standard_task_runner.py:77} INFO - Job 1060: Subtask extracting_user
[2022-03-21 05:08:18,681] {logging_mixin.py:104} INFO - Running <TaskInstance: user_processing.extracting_user 2022-02-18T00:00:00+00:00 [running]> on host airflowvm
[2022-03-21 05:08:18,842] {taskinstance.py:1280} INFO - Exporting the following env vars:
AIRFLOW_CTX_DAG_OWNER=airflow
AIRFLOW_CTX_DAG_ID=user_processing
AIRFLOW_CTX_TASK_ID=extracting_user
AIRFLOW_CTX_EXECUTION_DATE=2022-02-18T00:00:00+00:00
AIRFLOW_CTX_DAG_RUN_ID=scheduled__2022-02-18T00:00:00+00:00
[2022-03-21 05:08:18,843] {http.py:111} INFO - Calling HTTP method
[2022-03-21 05:08:18,853] {base.py:69} INFO - Using connection to: id: user_api. Host: https://randomuser.me/, Port: None, Schema: , Login: , Password: ***, extra: {}
[2022-03-21 05:08:18,857] {http.py:140} INFO - Sending 'GET' to url: https://randomuser.me/api/
[2022-03-21 05:08:19,238] {http.py:115} INFO - {"results":[{"gender":"female","name":{"title":"Ms","first":"Jessica","last":"Korn"},"location":{"street":{"number":3996,"name":"Dorfstraße"},"city":"Bad Breisig","state":"Baden-Württemberg","country":"Germany","postcode":18495,"coordinates":{"latitude":"-41.0560","longitude":"149.1025"},"timezone":{"offset":"+10:00","description":"Eastern Australia, Guam, Vladivostok"}},"email":"jessica.korn@example.com","login":{"uuid":"87ff6300-144c-45ca-9b70-ed0f335a75a1","username":"angrytiger885","password":"honey1","salt":"ssUuWOYS","md5":"4f27b9d09cabaa33360ed0297c062198","sha1":"f20becdc89890ae6fb1e6437da732288c7ce1cfc","sha256":"aa35b06699cc186ba32f3d5c3eca1741b295e4803fd59f7e82314429468b3347"},"dob":{"date":"1948-01-01T07:53:22.167Z","age":74},"registered":{"date":"2018-11-18T10:43:00.327Z","age":4},"phone":"0236-4360417","cell":"0176-2287762","id":{"name":"","value":null},"picture":{"large":"https://randomuser.me/api/portraits/women/18.jpg","medium":"https://randomuser.me/api/portraits/med/women/18.jpg","thumbnail":"https://randomuser.me/api/portraits/thumb/women/18.jpg"},"nat":"DE"}],"info":{"seed":"d9610969d64dfeb1","results":1,"page":1,"version":"1.3"}}
[2022-03-21 05:08:19,304] {taskinstance.py:1184} INFO - Marking task as SUCCESS. dag_id=user_processing, task_id=extracting_user, execution_date=20220218T000000, start_date=20220321T050818, end_date=20220321T050819
[2022-03-21 05:08:19,448] {taskinstance.py:1245} INFO - 1 downstream tasks scheduled from follow-on schedule check
[2022-03-21 05:08:19,489] {local_task_job.py:151} INFO - Task exited with return code 0
