[2022-03-20 12:46:57,376] {taskinstance.py:876} INFO - Dependencies all met for <TaskInstance: user_processing.extracting_user 2022-01-06T00:00:00+00:00 [queued]>
[2022-03-20 12:46:57,393] {taskinstance.py:876} INFO - Dependencies all met for <TaskInstance: user_processing.extracting_user 2022-01-06T00:00:00+00:00 [queued]>
[2022-03-20 12:46:57,393] {taskinstance.py:1067} INFO - 
--------------------------------------------------------------------------------
[2022-03-20 12:46:57,393] {taskinstance.py:1068} INFO - Starting attempt 1 of 1
[2022-03-20 12:46:57,393] {taskinstance.py:1069} INFO - 
--------------------------------------------------------------------------------
[2022-03-20 12:46:57,439] {taskinstance.py:1087} INFO - Executing <Task(SimpleHttpOperator): extracting_user> on 2022-01-06T00:00:00+00:00
[2022-03-20 12:46:57,446] {standard_task_runner.py:52} INFO - Started process 63110 to run task
[2022-03-20 12:46:57,471] {standard_task_runner.py:76} INFO - Running: ['airflow', 'tasks', 'run', 'user_processing', 'extracting_user', '2022-01-06T00:00:00+00:00', '--job-id', '424', '--pool', 'default_pool', '--raw', '--subdir', 'DAGS_FOLDER/user_processing.py', '--cfg-path', '/tmp/tmpwnfjcjqq', '--error-file', '/tmp/tmpochi6bf4']
[2022-03-20 12:46:57,473] {standard_task_runner.py:77} INFO - Job 424: Subtask extracting_user
[2022-03-20 12:46:57,612] {logging_mixin.py:104} INFO - Running <TaskInstance: user_processing.extracting_user 2022-01-06T00:00:00+00:00 [running]> on host airflowvm
[2022-03-20 12:46:57,976] {taskinstance.py:1280} INFO - Exporting the following env vars:
AIRFLOW_CTX_DAG_OWNER=airflow
AIRFLOW_CTX_DAG_ID=user_processing
AIRFLOW_CTX_TASK_ID=extracting_user
AIRFLOW_CTX_EXECUTION_DATE=2022-01-06T00:00:00+00:00
AIRFLOW_CTX_DAG_RUN_ID=scheduled__2022-01-06T00:00:00+00:00
[2022-03-20 12:46:57,977] {http.py:111} INFO - Calling HTTP method
[2022-03-20 12:46:57,989] {base.py:69} INFO - Using connection to: id: user_api. Host: https://randomuser.me/, Port: None, Schema: , Login: , Password: ***, extra: {}
[2022-03-20 12:46:57,993] {http.py:140} INFO - Sending 'GET' to url: https://randomuser.me/api/
[2022-03-20 12:46:58,558] {http.py:115} INFO - {"results":[{"gender":"female","name":{"title":"Ms","first":"Wilma","last":"Bäumler"},"location":{"street":{"number":5414,"name":"Schlossstraße"},"city":"Herrenberg","state":"Sachsen","country":"Germany","postcode":58213,"coordinates":{"latitude":"-40.4608","longitude":"15.8257"},"timezone":{"offset":"+9:30","description":"Adelaide, Darwin"}},"email":"wilma.baumler@example.com","login":{"uuid":"f1be8d6c-8315-4c1a-96be-bb2b191e2025","username":"tinypanda733","password":"radar","salt":"mfvWeQJz","md5":"8e708ae4f4c8fc448e4dc096314c9be2","sha1":"fe609a860c55f7471b45ffb0220a5d1ed176e3dd","sha256":"7f10a2c8bf54f19722e0a87f9ea936b0b8e970ebc0dffa48b6f4b825673bf015"},"dob":{"date":"1953-12-01T06:27:01.889Z","age":69},"registered":{"date":"2015-03-22T10:56:28.526Z","age":7},"phone":"0618-1013192","cell":"0176-4101537","id":{"name":"","value":null},"picture":{"large":"https://randomuser.me/api/portraits/women/6.jpg","medium":"https://randomuser.me/api/portraits/med/women/6.jpg","thumbnail":"https://randomuser.me/api/portraits/thumb/women/6.jpg"},"nat":"DE"}],"info":{"seed":"ca169bd9d56f71cc","results":1,"page":1,"version":"1.3"}}
[2022-03-20 12:46:58,613] {taskinstance.py:1184} INFO - Marking task as SUCCESS. dag_id=user_processing, task_id=extracting_user, execution_date=20220106T000000, start_date=20220320T124657, end_date=20220320T124658
[2022-03-20 12:46:58,707] {taskinstance.py:1245} INFO - 1 downstream tasks scheduled from follow-on schedule check
[2022-03-20 12:46:58,743] {local_task_job.py:151} INFO - Task exited with return code 0
