[2022-03-20 12:50:51,569] {taskinstance.py:876} INFO - Dependencies all met for <TaskInstance: user_processing.extracting_user 2022-01-13T00:00:00+00:00 [queued]>
[2022-03-20 12:50:51,585] {taskinstance.py:876} INFO - Dependencies all met for <TaskInstance: user_processing.extracting_user 2022-01-13T00:00:00+00:00 [queued]>
[2022-03-20 12:50:51,587] {taskinstance.py:1067} INFO - 
--------------------------------------------------------------------------------
[2022-03-20 12:50:51,587] {taskinstance.py:1068} INFO - Starting attempt 1 of 1
[2022-03-20 12:50:51,587] {taskinstance.py:1069} INFO - 
--------------------------------------------------------------------------------
[2022-03-20 12:50:51,914] {taskinstance.py:1087} INFO - Executing <Task(SimpleHttpOperator): extracting_user> on 2022-01-13T00:00:00+00:00
[2022-03-20 12:50:51,922] {standard_task_runner.py:52} INFO - Started process 64918 to run task
[2022-03-20 12:50:51,938] {standard_task_runner.py:76} INFO - Running: ['airflow', 'tasks', 'run', 'user_processing', 'extracting_user', '2022-01-13T00:00:00+00:00', '--job-id', '459', '--pool', 'default_pool', '--raw', '--subdir', 'DAGS_FOLDER/user_processing.py', '--cfg-path', '/tmp/tmp0a0altxv', '--error-file', '/tmp/tmpg_68qbar']
[2022-03-20 12:50:51,944] {standard_task_runner.py:77} INFO - Job 459: Subtask extracting_user
[2022-03-20 12:50:52,073] {logging_mixin.py:104} INFO - Running <TaskInstance: user_processing.extracting_user 2022-01-13T00:00:00+00:00 [running]> on host airflowvm
[2022-03-20 12:50:52,429] {taskinstance.py:1280} INFO - Exporting the following env vars:
AIRFLOW_CTX_DAG_OWNER=airflow
AIRFLOW_CTX_DAG_ID=user_processing
AIRFLOW_CTX_TASK_ID=extracting_user
AIRFLOW_CTX_EXECUTION_DATE=2022-01-13T00:00:00+00:00
AIRFLOW_CTX_DAG_RUN_ID=scheduled__2022-01-13T00:00:00+00:00
[2022-03-20 12:50:52,430] {http.py:111} INFO - Calling HTTP method
[2022-03-20 12:50:52,440] {base.py:69} INFO - Using connection to: id: user_api. Host: https://randomuser.me/, Port: None, Schema: , Login: , Password: ***, extra: {}
[2022-03-20 12:50:52,447] {http.py:140} INFO - Sending 'GET' to url: https://randomuser.me/api/
[2022-03-20 12:50:52,839] {http.py:115} INFO - {"results":[{"gender":"female","name":{"title":"Ms","first":"Katrine","last":"Poulsen"},"location":{"street":{"number":576,"name":"Havnevej"},"city":"Vesterborg","state":"Sjælland","country":"Denmark","postcode":67794,"coordinates":{"latitude":"-29.7266","longitude":"90.3111"},"timezone":{"offset":"-12:00","description":"Eniwetok, Kwajalein"}},"email":"katrine.poulsen@example.com","login":{"uuid":"7db004ec-a5d1-42d9-9b52-52703739f83f","username":"blackfrog228","password":"freedom","salt":"wZhl1J2S","md5":"b495f50ef408062c19bb52e6c3f80b29","sha1":"0d8320c1f57a0a4e6f9edf0030e16b3e19ba555a","sha256":"da874265c55a192d51e7b8f6a39a3cf886486cc17fca6dcde5a0d6afca844bd7"},"dob":{"date":"1970-07-27T14:34:44.337Z","age":52},"registered":{"date":"2002-08-05T23:17:53.447Z","age":20},"phone":"41695297","cell":"08390831","id":{"name":"CPR","value":"270770-9104"},"picture":{"large":"https://randomuser.me/api/portraits/women/20.jpg","medium":"https://randomuser.me/api/portraits/med/women/20.jpg","thumbnail":"https://randomuser.me/api/portraits/thumb/women/20.jpg"},"nat":"DK"}],"info":{"seed":"b6e90de51610e5b3","results":1,"page":1,"version":"1.3"}}
[2022-03-20 12:50:52,890] {taskinstance.py:1184} INFO - Marking task as SUCCESS. dag_id=user_processing, task_id=extracting_user, execution_date=20220113T000000, start_date=20220320T125051, end_date=20220320T125052
[2022-03-20 12:50:52,992] {taskinstance.py:1245} INFO - 1 downstream tasks scheduled from follow-on schedule check
[2022-03-20 12:50:53,032] {local_task_job.py:151} INFO - Task exited with return code 0
