[2022-03-20 11:55:19,793] {taskinstance.py:876} INFO - Dependencies all met for <TaskInstance: user_processing.extracting_user 2020-01-11T00:00:00+00:00 [queued]>
[2022-03-20 11:55:19,825] {taskinstance.py:876} INFO - Dependencies all met for <TaskInstance: user_processing.extracting_user 2020-01-11T00:00:00+00:00 [queued]>
[2022-03-20 11:55:19,826] {taskinstance.py:1067} INFO - 
--------------------------------------------------------------------------------
[2022-03-20 11:55:19,826] {taskinstance.py:1068} INFO - Starting attempt 1 of 1
[2022-03-20 11:55:19,826] {taskinstance.py:1069} INFO - 
--------------------------------------------------------------------------------
[2022-03-20 11:55:19,861] {taskinstance.py:1087} INFO - Executing <Task(SimpleHttpOperator): extracting_user> on 2020-01-11T00:00:00+00:00
[2022-03-20 11:55:19,866] {standard_task_runner.py:52} INFO - Started process 30528 to run task
[2022-03-20 11:55:19,885] {standard_task_runner.py:76} INFO - Running: ['airflow', 'tasks', 'run', 'user_processing', 'extracting_user', '2020-01-11T00:00:00+00:00', '--job-id', '94', '--pool', 'default_pool', '--raw', '--subdir', 'DAGS_FOLDER/user_processing.py', '--cfg-path', '/tmp/tmpwjqk9xt_', '--error-file', '/tmp/tmpt4elmbu3']
[2022-03-20 11:55:19,887] {standard_task_runner.py:77} INFO - Job 94: Subtask extracting_user
[2022-03-20 11:55:20,003] {logging_mixin.py:104} INFO - Running <TaskInstance: user_processing.extracting_user 2020-01-11T00:00:00+00:00 [running]> on host airflowvm
[2022-03-20 11:55:20,143] {taskinstance.py:1280} INFO - Exporting the following env vars:
AIRFLOW_CTX_DAG_OWNER=airflow
AIRFLOW_CTX_DAG_ID=user_processing
AIRFLOW_CTX_TASK_ID=extracting_user
AIRFLOW_CTX_EXECUTION_DATE=2020-01-11T00:00:00+00:00
AIRFLOW_CTX_DAG_RUN_ID=scheduled__2020-01-11T00:00:00+00:00
[2022-03-20 11:55:20,144] {http.py:111} INFO - Calling HTTP method
[2022-03-20 11:55:20,154] {base.py:69} INFO - Using connection to: id: user_api. Host: https://randomuser.me/, Port: None, Schema: , Login: , Password: ***, extra: {}
[2022-03-20 11:55:20,157] {http.py:140} INFO - Sending 'GET' to url: https://randomuser.me/api/
[2022-03-20 11:55:20,694] {http.py:115} INFO - {"results":[{"gender":"male","name":{"title":"Monsieur","first":"Noël","last":"Hubert"},"location":{"street":{"number":6976,"name":"Rue de L'Abbaye"},"city":"Fiez","state":"Jura","country":"Switzerland","postcode":6720,"coordinates":{"latitude":"-58.0778","longitude":"-81.4405"},"timezone":{"offset":"+8:00","description":"Beijing, Perth, Singapore, Hong Kong"}},"email":"noel.hubert@example.com","login":{"uuid":"b7db846b-5841-429c-bcc9-7a13aee1f0a4","username":"silvermeercat541","password":"satan666","salt":"wGqfiIXB","md5":"a0ddf82658e1237c23b450b24b97bed1","sha1":"73096397b2d1716912f1afa17a57f94bd01bd526","sha256":"8de654cf38cc0c5f79b4004f4d2fae37964f08685568ba7492e80b618760961b"},"dob":{"date":"1980-12-17T23:33:53.639Z","age":42},"registered":{"date":"2003-05-09T08:55:04.770Z","age":19},"phone":"079 809 06 37","cell":"079 804 98 61","id":{"name":"AVS","value":"756.7942.6830.08"},"picture":{"large":"https://randomuser.me/api/portraits/men/22.jpg","medium":"https://randomuser.me/api/portraits/med/men/22.jpg","thumbnail":"https://randomuser.me/api/portraits/thumb/men/22.jpg"},"nat":"CH"}],"info":{"seed":"d6e5995dda30f011","results":1,"page":1,"version":"1.3"}}
[2022-03-20 11:55:20,738] {taskinstance.py:1184} INFO - Marking task as SUCCESS. dag_id=user_processing, task_id=extracting_user, execution_date=20200111T000000, start_date=20220320T115519, end_date=20220320T115520
[2022-03-20 11:55:20,813] {taskinstance.py:1245} INFO - 1 downstream tasks scheduled from follow-on schedule check
[2022-03-20 11:55:20,833] {local_task_job.py:151} INFO - Task exited with return code 0
