[2022-03-20 14:02:53,630] {taskinstance.py:876} INFO - Dependencies all met for <TaskInstance: user_processing.extracting_user 2020-01-11T00:00:00+00:00 [queued]>
[2022-03-20 14:02:53,857] {taskinstance.py:876} INFO - Dependencies all met for <TaskInstance: user_processing.extracting_user 2020-01-11T00:00:00+00:00 [queued]>
[2022-03-20 14:02:53,877] {taskinstance.py:1067} INFO - 
--------------------------------------------------------------------------------
[2022-03-20 14:02:53,877] {taskinstance.py:1068} INFO - Starting attempt 2 of 2
[2022-03-20 14:02:53,878] {taskinstance.py:1069} INFO - 
--------------------------------------------------------------------------------
[2022-03-20 14:02:54,119] {taskinstance.py:1087} INFO - Executing <Task(SimpleHttpOperator): extracting_user> on 2020-01-11T00:00:00+00:00
[2022-03-20 14:02:54,124] {standard_task_runner.py:52} INFO - Started process 98197 to run task
[2022-03-20 14:02:54,189] {standard_task_runner.py:76} INFO - Running: ['airflow', 'tasks', 'run', 'user_processing', 'extracting_user', '2020-01-11T00:00:00+00:00', '--job-id', '914', '--pool', 'default_pool', '--raw', '--subdir', 'DAGS_FOLDER/user_processing.py', '--cfg-path', '/tmp/tmp14lgvurg', '--error-file', '/tmp/tmpg63myj0n']
[2022-03-20 14:02:54,216] {standard_task_runner.py:77} INFO - Job 914: Subtask extracting_user
[2022-03-20 14:02:54,701] {logging_mixin.py:104} INFO - Running <TaskInstance: user_processing.extracting_user 2020-01-11T00:00:00+00:00 [running]> on host airflowvm
[2022-03-20 14:02:55,072] {taskinstance.py:1280} INFO - Exporting the following env vars:
AIRFLOW_CTX_DAG_OWNER=airflow
AIRFLOW_CTX_DAG_ID=user_processing
AIRFLOW_CTX_TASK_ID=extracting_user
AIRFLOW_CTX_EXECUTION_DATE=2020-01-11T00:00:00+00:00
AIRFLOW_CTX_DAG_RUN_ID=scheduled__2020-01-11T00:00:00+00:00
[2022-03-20 14:02:55,085] {http.py:111} INFO - Calling HTTP method
[2022-03-20 14:02:55,175] {base.py:69} INFO - Using connection to: id: user_api. Host: https://randomuser.me/, Port: None, Schema: , Login: , Password: ***, extra: {}
[2022-03-20 14:02:55,238] {http.py:140} INFO - Sending 'GET' to url: https://randomuser.me/api/
[2022-03-20 14:02:55,940] {http.py:115} INFO - {"results":[{"gender":"male","name":{"title":"Mr","first":"Nicolay","last":"Havdal"},"location":{"street":{"number":7281,"name":"Kjeld Stubs gate"},"city":"Våler","state":"Bergen","country":"Norway","postcode":"8656","coordinates":{"latitude":"51.5078","longitude":"-19.0334"},"timezone":{"offset":"+2:00","description":"Kaliningrad, South Africa"}},"email":"nicolay.havdal@example.com","login":{"uuid":"b48b7f1b-0bcb-4ec5-bf68-322d82c458a2","username":"happyleopard313","password":"weasel","salt":"cTVT6Vtl","md5":"a319fd5d1871dadb5257736b1c46a14f","sha1":"824e4052871db99fbc15a920adb0e66ecc2ef5b0","sha256":"52b8af0a861cbde9e1f644cd6eb94cf78b84bac2866a6d4913b125474e2b52f9"},"dob":{"date":"1952-04-12T18:41:59.426Z","age":70},"registered":{"date":"2004-08-02T01:15:23.920Z","age":18},"phone":"61733561","cell":"92294870","id":{"name":"FN","value":"12045200335"},"picture":{"large":"https://randomuser.me/api/portraits/men/83.jpg","medium":"https://randomuser.me/api/portraits/med/men/83.jpg","thumbnail":"https://randomuser.me/api/portraits/thumb/men/83.jpg"},"nat":"NO"}],"info":{"seed":"b1ada94edef2f99f","results":1,"page":1,"version":"1.3"}}
[2022-03-20 14:02:55,992] {taskinstance.py:1184} INFO - Marking task as SUCCESS. dag_id=user_processing, task_id=extracting_user, execution_date=20200111T000000, start_date=20220320T140253, end_date=20220320T140255
[2022-03-20 14:02:56,109] {taskinstance.py:1245} INFO - 1 downstream tasks scheduled from follow-on schedule check
[2022-03-20 14:02:56,145] {local_task_job.py:151} INFO - Task exited with return code 0
