[2022-03-20 12:13:59,429] {taskinstance.py:876} INFO - Dependencies all met for <TaskInstance: user_processing.extracting_user 2020-02-19T00:00:00+00:00 [queued]>
[2022-03-20 12:13:59,447] {taskinstance.py:876} INFO - Dependencies all met for <TaskInstance: user_processing.extracting_user 2020-02-19T00:00:00+00:00 [queued]>
[2022-03-20 12:13:59,448] {taskinstance.py:1067} INFO - 
--------------------------------------------------------------------------------
[2022-03-20 12:13:59,448] {taskinstance.py:1068} INFO - Starting attempt 1 of 1
[2022-03-20 12:13:59,448] {taskinstance.py:1069} INFO - 
--------------------------------------------------------------------------------
[2022-03-20 12:13:59,491] {taskinstance.py:1087} INFO - Executing <Task(SimpleHttpOperator): extracting_user> on 2020-02-19T00:00:00+00:00
[2022-03-20 12:13:59,496] {standard_task_runner.py:52} INFO - Started process 44646 to run task
[2022-03-20 12:13:59,512] {standard_task_runner.py:76} INFO - Running: ['airflow', 'tasks', 'run', 'user_processing', 'extracting_user', '2020-02-19T00:00:00+00:00', '--job-id', '289', '--pool', 'default_pool', '--raw', '--subdir', 'DAGS_FOLDER/user_processing.py', '--cfg-path', '/tmp/tmps93mx2hv', '--error-file', '/tmp/tmp76qjo6t2']
[2022-03-20 12:13:59,513] {standard_task_runner.py:77} INFO - Job 289: Subtask extracting_user
[2022-03-20 12:13:59,649] {logging_mixin.py:104} INFO - Running <TaskInstance: user_processing.extracting_user 2020-02-19T00:00:00+00:00 [running]> on host airflowvm
[2022-03-20 12:13:59,829] {taskinstance.py:1280} INFO - Exporting the following env vars:
AIRFLOW_CTX_DAG_OWNER=airflow
AIRFLOW_CTX_DAG_ID=user_processing
AIRFLOW_CTX_TASK_ID=extracting_user
AIRFLOW_CTX_EXECUTION_DATE=2020-02-19T00:00:00+00:00
AIRFLOW_CTX_DAG_RUN_ID=scheduled__2020-02-19T00:00:00+00:00
[2022-03-20 12:13:59,830] {http.py:111} INFO - Calling HTTP method
[2022-03-20 12:13:59,846] {base.py:69} INFO - Using connection to: id: user_api. Host: https://randomuser.me/, Port: None, Schema: , Login: , Password: ***, extra: {}
[2022-03-20 12:13:59,849] {http.py:140} INFO - Sending 'GET' to url: https://randomuser.me/api/
[2022-03-20 12:14:00,290] {http.py:115} INFO - {"results":[{"gender":"female","name":{"title":"Mrs","first":"Judith","last":"Husemann"},"location":{"street":{"number":1772,"name":"Fliederweg"},"city":"Braunlage","state":"Berlin","country":"Germany","postcode":59847,"coordinates":{"latitude":"-41.1503","longitude":"102.4746"},"timezone":{"offset":"+9:00","description":"Tokyo, Seoul, Osaka, Sapporo, Yakutsk"}},"email":"judith.husemann@example.com","login":{"uuid":"855e2522-827b-40dc-aff6-dacdab9672ae","username":"heavysnake704","password":"wrangler","salt":"jCTc1X48","md5":"5a8781aa6147c085aaea9ea9290358b2","sha1":"07e61c6a199d42ee1c0537d84117de75658814c1","sha256":"cfc8ccd813ffdd3f254fc3e415c78c924b04c9df90bd2129bc24fcf54014919b"},"dob":{"date":"1987-07-21T18:58:12.708Z","age":35},"registered":{"date":"2017-04-28T03:25:37.394Z","age":5},"phone":"0754-4169038","cell":"0176-3732077","id":{"name":"","value":null},"picture":{"large":"https://randomuser.me/api/portraits/women/65.jpg","medium":"https://randomuser.me/api/portraits/med/women/65.jpg","thumbnail":"https://randomuser.me/api/portraits/thumb/women/65.jpg"},"nat":"DE"}],"info":{"seed":"41a716bb93a50b88","results":1,"page":1,"version":"1.3"}}
[2022-03-20 12:14:00,368] {taskinstance.py:1184} INFO - Marking task as SUCCESS. dag_id=user_processing, task_id=extracting_user, execution_date=20200219T000000, start_date=20220320T121359, end_date=20220320T121400
[2022-03-20 12:14:00,439] {taskinstance.py:1245} INFO - 1 downstream tasks scheduled from follow-on schedule check
[2022-03-20 12:14:00,462] {local_task_job.py:151} INFO - Task exited with return code 0
