[2022-03-20 12:09:12,639] {taskinstance.py:876} INFO - Dependencies all met for <TaskInstance: user_processing.extracting_user 2020-02-09T00:00:00+00:00 [queued]>
[2022-03-20 12:09:12,664] {taskinstance.py:876} INFO - Dependencies all met for <TaskInstance: user_processing.extracting_user 2020-02-09T00:00:00+00:00 [queued]>
[2022-03-20 12:09:12,665] {taskinstance.py:1067} INFO - 
--------------------------------------------------------------------------------
[2022-03-20 12:09:12,665] {taskinstance.py:1068} INFO - Starting attempt 1 of 1
[2022-03-20 12:09:12,665] {taskinstance.py:1069} INFO - 
--------------------------------------------------------------------------------
[2022-03-20 12:09:12,713] {taskinstance.py:1087} INFO - Executing <Task(SimpleHttpOperator): extracting_user> on 2020-02-09T00:00:00+00:00
[2022-03-20 12:09:12,717] {standard_task_runner.py:52} INFO - Started process 41042 to run task
[2022-03-20 12:09:12,735] {standard_task_runner.py:76} INFO - Running: ['airflow', 'tasks', 'run', 'user_processing', 'extracting_user', '2020-02-09T00:00:00+00:00', '--job-id', '239', '--pool', 'default_pool', '--raw', '--subdir', 'DAGS_FOLDER/user_processing.py', '--cfg-path', '/tmp/tmpm9a7e1sg', '--error-file', '/tmp/tmpcegg_vxj']
[2022-03-20 12:09:12,737] {standard_task_runner.py:77} INFO - Job 239: Subtask extracting_user
[2022-03-20 12:09:12,887] {logging_mixin.py:104} INFO - Running <TaskInstance: user_processing.extracting_user 2020-02-09T00:00:00+00:00 [running]> on host airflowvm
[2022-03-20 12:09:13,102] {taskinstance.py:1280} INFO - Exporting the following env vars:
AIRFLOW_CTX_DAG_OWNER=airflow
AIRFLOW_CTX_DAG_ID=user_processing
AIRFLOW_CTX_TASK_ID=extracting_user
AIRFLOW_CTX_EXECUTION_DATE=2020-02-09T00:00:00+00:00
AIRFLOW_CTX_DAG_RUN_ID=scheduled__2020-02-09T00:00:00+00:00
[2022-03-20 12:09:13,104] {http.py:111} INFO - Calling HTTP method
[2022-03-20 12:09:13,116] {base.py:69} INFO - Using connection to: id: user_api. Host: https://randomuser.me/, Port: None, Schema: , Login: , Password: ***, extra: {}
[2022-03-20 12:09:13,132] {http.py:140} INFO - Sending 'GET' to url: https://randomuser.me/api/
[2022-03-20 12:09:13,738] {http.py:115} INFO - {"results":[{"gender":"male","name":{"title":"Mr","first":"Norman","last":"Rivera"},"location":{"street":{"number":5367,"name":"Hunters Creek Dr"},"city":"Surrey","state":"New York","country":"United States","postcode":48966,"coordinates":{"latitude":"89.4785","longitude":"-105.7181"},"timezone":{"offset":"-4:00","description":"Atlantic Time (Canada), Caracas, La Paz"}},"email":"norman.rivera@example.com","login":{"uuid":"bc486ea6-7114-4cd8-b239-89cb93cca57d","username":"bluelion574","password":"boxers","salt":"CffrV1HU","md5":"ac1fccb29d8c8276a245f829cc83b1d2","sha1":"a23a6581d6222ccc43338c69a5ed19a780bb290b","sha256":"d9f7a0df8288592a93bd7458f57edeb25cdbc81a443a564285852828c09f69cd"},"dob":{"date":"1977-09-23T05:59:25.754Z","age":45},"registered":{"date":"2015-12-04T22:43:11.998Z","age":7},"phone":"(628)-763-4831","cell":"(933)-230-8488","id":{"name":"SSN","value":"693-86-3753"},"picture":{"large":"https://randomuser.me/api/portraits/men/69.jpg","medium":"https://randomuser.me/api/portraits/med/men/69.jpg","thumbnail":"https://randomuser.me/api/portraits/thumb/men/69.jpg"},"nat":"US"}],"info":{"seed":"6ef1e4bab22c09ba","results":1,"page":1,"version":"1.3"}}
[2022-03-20 12:09:13,817] {taskinstance.py:1184} INFO - Marking task as SUCCESS. dag_id=user_processing, task_id=extracting_user, execution_date=20200209T000000, start_date=20220320T120912, end_date=20220320T120913
[2022-03-20 12:09:13,935] {taskinstance.py:1245} INFO - 1 downstream tasks scheduled from follow-on schedule check
[2022-03-20 12:09:13,960] {local_task_job.py:151} INFO - Task exited with return code 0
