[2022-03-20 10:38:08,137] {taskinstance.py:876} INFO - Dependencies all met for <TaskInstance: user_processing.storing_user 2022-03-20T10:37:34.339510+00:00 [queued]>
[2022-03-20 10:38:08,157] {taskinstance.py:876} INFO - Dependencies all met for <TaskInstance: user_processing.storing_user 2022-03-20T10:37:34.339510+00:00 [queued]>
[2022-03-20 10:38:08,158] {taskinstance.py:1067} INFO - 
--------------------------------------------------------------------------------
[2022-03-20 10:38:08,158] {taskinstance.py:1068} INFO - Starting attempt 1 of 1
[2022-03-20 10:38:08,159] {taskinstance.py:1069} INFO - 
--------------------------------------------------------------------------------
[2022-03-20 10:38:08,202] {taskinstance.py:1087} INFO - Executing <Task(BashOperator): storing_user> on 2022-03-20T10:37:34.339510+00:00
[2022-03-20 10:38:08,207] {standard_task_runner.py:52} INFO - Started process 21168 to run task
[2022-03-20 10:38:08,225] {standard_task_runner.py:76} INFO - Running: ['airflow', 'tasks', 'run', 'user_processing', 'storing_user', '2022-03-20T10:37:34.339510+00:00', '--job-id', '36', '--pool', 'default_pool', '--raw', '--subdir', 'DAGS_FOLDER/user_processing.py', '--cfg-path', '/tmp/tmpp2rd958w', '--error-file', '/tmp/tmpmekhp321']
[2022-03-20 10:38:08,229] {standard_task_runner.py:77} INFO - Job 36: Subtask storing_user
[2022-03-20 10:38:08,341] {logging_mixin.py:104} INFO - Running <TaskInstance: user_processing.storing_user 2022-03-20T10:37:34.339510+00:00 [running]> on host airflowvm
[2022-03-20 10:38:08,472] {taskinstance.py:1280} INFO - Exporting the following env vars:
AIRFLOW_CTX_DAG_OWNER=airflow
AIRFLOW_CTX_DAG_ID=user_processing
AIRFLOW_CTX_TASK_ID=storing_user
AIRFLOW_CTX_EXECUTION_DATE=2022-03-20T10:37:34.339510+00:00
AIRFLOW_CTX_DAG_RUN_ID=manual__2022-03-20T10:37:34.339510+00:00
[2022-03-20 10:38:08,473] {subprocess.py:52} INFO - Tmp dir root location: 
 /tmp
[2022-03-20 10:38:08,475] {subprocess.py:63} INFO - Running command: ['bash', '-c', 'echo -e ".separator ","\n. import /tmp/processed_user.csv users" | sqlite3 /home/airflow/airflow/airflow.db']
[2022-03-20 10:38:08,488] {subprocess.py:75} INFO - Output:
[2022-03-20 10:38:08,520] {subprocess.py:83} INFO - Command exited with return code 0
[2022-03-20 10:38:08,562] {taskinstance.py:1184} INFO - Marking task as SUCCESS. dag_id=user_processing, task_id=storing_user, execution_date=20220320T103734, start_date=20220320T103808, end_date=20220320T103808
[2022-03-20 10:38:08,607] {taskinstance.py:1245} INFO - 0 downstream tasks scheduled from follow-on schedule check
[2022-03-20 10:38:08,658] {local_task_job.py:151} INFO - Task exited with return code 0
