[2022-03-20 14:03:39,613] {taskinstance.py:876} INFO - Dependencies all met for <TaskInstance: user_processing.extracting_user 2020-01-19T00:00:00+00:00 [queued]>
[2022-03-20 14:03:39,647] {taskinstance.py:876} INFO - Dependencies all met for <TaskInstance: user_processing.extracting_user 2020-01-19T00:00:00+00:00 [queued]>
[2022-03-20 14:03:39,651] {taskinstance.py:1067} INFO - 
--------------------------------------------------------------------------------
[2022-03-20 14:03:39,652] {taskinstance.py:1068} INFO - Starting attempt 2 of 2
[2022-03-20 14:03:39,652] {taskinstance.py:1069} INFO - 
--------------------------------------------------------------------------------
[2022-03-20 14:03:39,771] {taskinstance.py:1087} INFO - Executing <Task(SimpleHttpOperator): extracting_user> on 2020-01-19T00:00:00+00:00
[2022-03-20 14:03:39,795] {standard_task_runner.py:52} INFO - Started process 98668 to run task
[2022-03-20 14:03:39,813] {standard_task_runner.py:76} INFO - Running: ['airflow', 'tasks', 'run', 'user_processing', 'extracting_user', '2020-01-19T00:00:00+00:00', '--job-id', '921', '--pool', 'default_pool', '--raw', '--subdir', 'DAGS_FOLDER/user_processing.py', '--cfg-path', '/tmp/tmpskzibtfl', '--error-file', '/tmp/tmpjk12q0h8']
[2022-03-20 14:03:39,815] {standard_task_runner.py:77} INFO - Job 921: Subtask extracting_user
[2022-03-20 14:03:39,978] {logging_mixin.py:104} INFO - Running <TaskInstance: user_processing.extracting_user 2020-01-19T00:00:00+00:00 [running]> on host airflowvm
[2022-03-20 14:03:40,213] {taskinstance.py:1280} INFO - Exporting the following env vars:
AIRFLOW_CTX_DAG_OWNER=airflow
AIRFLOW_CTX_DAG_ID=user_processing
AIRFLOW_CTX_TASK_ID=extracting_user
AIRFLOW_CTX_EXECUTION_DATE=2020-01-19T00:00:00+00:00
AIRFLOW_CTX_DAG_RUN_ID=scheduled__2020-01-19T00:00:00+00:00
[2022-03-20 14:03:40,214] {http.py:111} INFO - Calling HTTP method
[2022-03-20 14:03:40,234] {base.py:69} INFO - Using connection to: id: user_api. Host: https://randomuser.me/, Port: None, Schema: , Login: , Password: ***, extra: {}
[2022-03-20 14:03:40,240] {http.py:140} INFO - Sending 'GET' to url: https://randomuser.me/api/
[2022-03-20 14:03:40,746] {http.py:115} INFO - {"results":[{"gender":"male","name":{"title":"Mr","first":"Meinolf","last":"Eilers"},"location":{"street":{"number":1363,"name":"Lindenstraße"},"city":"Zwickauer Land","state":"Nordrhein-Westfalen","country":"Germany","postcode":60043,"coordinates":{"latitude":"-45.5068","longitude":"-66.8114"},"timezone":{"offset":"-4:00","description":"Atlantic Time (Canada), Caracas, La Paz"}},"email":"meinolf.eilers@example.com","login":{"uuid":"a2429f98-14d1-454b-8b5c-8bc1d910e5e7","username":"goldenrabbit596","password":"photo","salt":"etZgvrSI","md5":"b80ad09160506a4396cf3e33fe0637ad","sha1":"c07797324f60afe198a836e13ae2fd3fa32d9114","sha256":"be90e4db1c01c6669f33ac1bf305f1e67110c983fab36a93edd189aa4dde55a6"},"dob":{"date":"1983-02-09T00:13:23.931Z","age":39},"registered":{"date":"2016-05-10T04:44:45.663Z","age":6},"phone":"0861-0839425","cell":"0177-9018744","id":{"name":"","value":null},"picture":{"large":"https://randomuser.me/api/portraits/men/6.jpg","medium":"https://randomuser.me/api/portraits/med/men/6.jpg","thumbnail":"https://randomuser.me/api/portraits/thumb/men/6.jpg"},"nat":"DE"}],"info":{"seed":"c3fe5c202cc59117","results":1,"page":1,"version":"1.3"}}
[2022-03-20 14:03:40,795] {taskinstance.py:1184} INFO - Marking task as SUCCESS. dag_id=user_processing, task_id=extracting_user, execution_date=20200119T000000, start_date=20220320T140339, end_date=20220320T140340
[2022-03-20 14:03:40,948] {taskinstance.py:1245} INFO - 1 downstream tasks scheduled from follow-on schedule check
[2022-03-20 14:03:41,020] {local_task_job.py:151} INFO - Task exited with return code 0
