[2022-03-20 12:55:32,474] {taskinstance.py:876} INFO - Dependencies all met for <TaskInstance: user_processing.is_api_available 2022-01-24T00:00:00+00:00 [queued]>
[2022-03-20 12:55:32,496] {taskinstance.py:876} INFO - Dependencies all met for <TaskInstance: user_processing.is_api_available 2022-01-24T00:00:00+00:00 [queued]>
[2022-03-20 12:55:32,497] {taskinstance.py:1067} INFO - 
--------------------------------------------------------------------------------
[2022-03-20 12:55:32,497] {taskinstance.py:1068} INFO - Starting attempt 1 of 1
[2022-03-20 12:55:32,503] {taskinstance.py:1069} INFO - 
--------------------------------------------------------------------------------
[2022-03-20 12:55:32,541] {taskinstance.py:1087} INFO - Executing <Task(HttpSensor): is_api_available> on 2022-01-24T00:00:00+00:00
[2022-03-20 12:55:32,545] {standard_task_runner.py:52} INFO - Started process 67091 to run task
[2022-03-20 12:55:32,560] {standard_task_runner.py:76} INFO - Running: ['airflow', 'tasks', 'run', 'user_processing', 'is_api_available', '2022-01-24T00:00:00+00:00', '--job-id', '508', '--pool', 'default_pool', '--raw', '--subdir', 'DAGS_FOLDER/user_processing.py', '--cfg-path', '/tmp/tmpzbct9932', '--error-file', '/tmp/tmprxa91ilh']
[2022-03-20 12:55:32,564] {standard_task_runner.py:77} INFO - Job 508: Subtask is_api_available
[2022-03-20 12:55:32,885] {logging_mixin.py:104} INFO - Running <TaskInstance: user_processing.is_api_available 2022-01-24T00:00:00+00:00 [running]> on host airflowvm
[2022-03-20 12:55:33,039] {taskinstance.py:1280} INFO - Exporting the following env vars:
AIRFLOW_CTX_DAG_OWNER=airflow
AIRFLOW_CTX_DAG_ID=user_processing
AIRFLOW_CTX_TASK_ID=is_api_available
AIRFLOW_CTX_EXECUTION_DATE=2022-01-24T00:00:00+00:00
AIRFLOW_CTX_DAG_RUN_ID=scheduled__2022-01-24T00:00:00+00:00
[2022-03-20 12:55:33,039] {http.py:101} INFO - Poking: api/
[2022-03-20 12:55:33,049] {base.py:69} INFO - Using connection to: id: user_api. Host: https://randomuser.me/, Port: None, Schema: , Login: , Password: ***, extra: {}
[2022-03-20 12:55:33,052] {http.py:140} INFO - Sending 'GET' to url: https://randomuser.me/api/
[2022-03-20 12:55:33,623] {base.py:243} INFO - Success criteria met. Exiting.
[2022-03-20 12:55:33,634] {taskinstance.py:1184} INFO - Marking task as SUCCESS. dag_id=user_processing, task_id=is_api_available, execution_date=20220124T000000, start_date=20220320T125532, end_date=20220320T125533
[2022-03-20 12:55:33,781] {taskinstance.py:1245} INFO - 1 downstream tasks scheduled from follow-on schedule check
[2022-03-20 12:55:33,789] {local_task_job.py:151} INFO - Task exited with return code 0
