[2022-03-20 12:23:22,314] {taskinstance.py:876} INFO - Dependencies all met for <TaskInstance: user_processing.extracting_user 2020-03-08T00:00:00+00:00 [queued]>
[2022-03-20 12:23:22,329] {taskinstance.py:876} INFO - Dependencies all met for <TaskInstance: user_processing.extracting_user 2020-03-08T00:00:00+00:00 [queued]>
[2022-03-20 12:23:22,329] {taskinstance.py:1067} INFO - 
--------------------------------------------------------------------------------
[2022-03-20 12:23:22,330] {taskinstance.py:1068} INFO - Starting attempt 1 of 1
[2022-03-20 12:23:22,330] {taskinstance.py:1069} INFO - 
--------------------------------------------------------------------------------
[2022-03-20 12:23:22,385] {taskinstance.py:1087} INFO - Executing <Task(SimpleHttpOperator): extracting_user> on 2020-03-08T00:00:00+00:00
[2022-03-20 12:23:22,390] {standard_task_runner.py:52} INFO - Started process 51503 to run task
[2022-03-20 12:23:22,407] {standard_task_runner.py:76} INFO - Running: ['airflow', 'tasks', 'run', 'user_processing', 'extracting_user', '2020-03-08T00:00:00+00:00', '--job-id', '380', '--pool', 'default_pool', '--raw', '--subdir', 'DAGS_FOLDER/user_processing.py', '--cfg-path', '/tmp/tmp57cwgk36', '--error-file', '/tmp/tmp7lponun0']
[2022-03-20 12:23:22,408] {standard_task_runner.py:77} INFO - Job 380: Subtask extracting_user
[2022-03-20 12:23:22,523] {logging_mixin.py:104} INFO - Running <TaskInstance: user_processing.extracting_user 2020-03-08T00:00:00+00:00 [running]> on host airflowvm
[2022-03-20 12:23:22,678] {taskinstance.py:1280} INFO - Exporting the following env vars:
AIRFLOW_CTX_DAG_OWNER=airflow
AIRFLOW_CTX_DAG_ID=user_processing
AIRFLOW_CTX_TASK_ID=extracting_user
AIRFLOW_CTX_EXECUTION_DATE=2020-03-08T00:00:00+00:00
AIRFLOW_CTX_DAG_RUN_ID=scheduled__2020-03-08T00:00:00+00:00
[2022-03-20 12:23:22,679] {http.py:111} INFO - Calling HTTP method
[2022-03-20 12:23:22,689] {base.py:69} INFO - Using connection to: id: user_api. Host: https://randomuser.me/, Port: None, Schema: , Login: , Password: ***, extra: {}
[2022-03-20 12:23:22,693] {http.py:140} INFO - Sending 'GET' to url: https://randomuser.me/api/
[2022-03-20 12:23:23,096] {http.py:115} INFO - {"results":[{"gender":"male","name":{"title":"Mr","first":"Léo","last":"Bonnet"},"location":{"street":{"number":89,"name":"Rue André-Gide"},"city":"Reims","state":"Hautes-Alpes","country":"France","postcode":34384,"coordinates":{"latitude":"-4.5031","longitude":"-170.1054"},"timezone":{"offset":"+9:00","description":"Tokyo, Seoul, Osaka, Sapporo, Yakutsk"}},"email":"leo.bonnet@example.com","login":{"uuid":"91d06b74-779f-4781-ba67-65e870e9b00a","username":"happykoala472","password":"pauline","salt":"CCJ7BFd9","md5":"353662ea66bde8c64f0e292ce0e79689","sha1":"8746846923869e22d80c0479fe7c899d03554ad7","sha256":"130e487c4ceaae3ef490f161b83e55081145f237823ad6bfbded75f6e56d8392"},"dob":{"date":"1964-04-29T15:16:09.491Z","age":58},"registered":{"date":"2017-12-06T22:57:54.214Z","age":5},"phone":"03-08-67-00-62","cell":"06-38-20-20-42","id":{"name":"INSEE","value":"1NNaN27971678 45"},"picture":{"large":"https://randomuser.me/api/portraits/men/55.jpg","medium":"https://randomuser.me/api/portraits/med/men/55.jpg","thumbnail":"https://randomuser.me/api/portraits/thumb/men/55.jpg"},"nat":"FR"}],"info":{"seed":"de1256b5b3af94ff","results":1,"page":1,"version":"1.3"}}
[2022-03-20 12:23:23,164] {taskinstance.py:1184} INFO - Marking task as SUCCESS. dag_id=user_processing, task_id=extracting_user, execution_date=20200308T000000, start_date=20220320T122322, end_date=20220320T122323
[2022-03-20 12:23:23,249] {taskinstance.py:1245} INFO - 1 downstream tasks scheduled from follow-on schedule check
[2022-03-20 12:23:23,268] {local_task_job.py:151} INFO - Task exited with return code 0
