[2022-03-20 13:15:44,160] {taskinstance.py:876} INFO - Dependencies all met for <TaskInstance: user_processing.processing_user 2022-03-03T00:00:00+00:00 [queued]>
[2022-03-20 13:15:44,176] {taskinstance.py:876} INFO - Dependencies all met for <TaskInstance: user_processing.processing_user 2022-03-03T00:00:00+00:00 [queued]>
[2022-03-20 13:15:44,177] {taskinstance.py:1067} INFO - 
--------------------------------------------------------------------------------
[2022-03-20 13:15:44,177] {taskinstance.py:1068} INFO - Starting attempt 1 of 1
[2022-03-20 13:15:44,177] {taskinstance.py:1069} INFO - 
--------------------------------------------------------------------------------
[2022-03-20 13:15:44,215] {taskinstance.py:1087} INFO - Executing <Task(PythonOperator): processing_user> on 2022-03-03T00:00:00+00:00
[2022-03-20 13:15:44,220] {standard_task_runner.py:52} INFO - Started process 79555 to run task
[2022-03-20 13:15:44,236] {standard_task_runner.py:76} INFO - Running: ['airflow', 'tasks', 'run', 'user_processing', 'processing_user', '2022-03-03T00:00:00+00:00', '--job-id', '710', '--pool', 'default_pool', '--raw', '--subdir', 'DAGS_FOLDER/user_processing.py', '--cfg-path', '/tmp/tmpnjzd0uzh', '--error-file', '/tmp/tmp5dvsaaxv']
[2022-03-20 13:15:44,238] {standard_task_runner.py:77} INFO - Job 710: Subtask processing_user
[2022-03-20 13:15:44,352] {logging_mixin.py:104} INFO - Running <TaskInstance: user_processing.processing_user 2022-03-03T00:00:00+00:00 [running]> on host airflowvm
[2022-03-20 13:15:44,513] {taskinstance.py:1280} INFO - Exporting the following env vars:
AIRFLOW_CTX_DAG_OWNER=airflow
AIRFLOW_CTX_DAG_ID=user_processing
AIRFLOW_CTX_TASK_ID=processing_user
AIRFLOW_CTX_EXECUTION_DATE=2022-03-03T00:00:00+00:00
AIRFLOW_CTX_DAG_RUN_ID=scheduled__2022-03-03T00:00:00+00:00
[2022-03-20 13:15:44,539] {python.py:151} INFO - Done. Returned value was: None
[2022-03-20 13:15:44,545] {taskinstance.py:1184} INFO - Marking task as SUCCESS. dag_id=user_processing, task_id=processing_user, execution_date=20220303T000000, start_date=20220320T131544, end_date=20220320T131544
[2022-03-20 13:15:44,630] {taskinstance.py:1245} INFO - 1 downstream tasks scheduled from follow-on schedule check
[2022-03-20 13:15:44,648] {local_task_job.py:151} INFO - Task exited with return code 0
