[2022-03-20 14:09:36,041] {taskinstance.py:876} INFO - Dependencies all met for <TaskInstance: user_processing.extracting_user 2022-02-03T00:00:00+00:00 [queued]>
[2022-03-20 14:09:36,072] {taskinstance.py:876} INFO - Dependencies all met for <TaskInstance: user_processing.extracting_user 2022-02-03T00:00:00+00:00 [queued]>
[2022-03-20 14:09:36,082] {taskinstance.py:1067} INFO - 
--------------------------------------------------------------------------------
[2022-03-20 14:09:36,083] {taskinstance.py:1068} INFO - Starting attempt 2 of 2
[2022-03-20 14:09:36,083] {taskinstance.py:1069} INFO - 
--------------------------------------------------------------------------------
[2022-03-20 14:09:36,119] {taskinstance.py:1087} INFO - Executing <Task(SimpleHttpOperator): extracting_user> on 2022-02-03T00:00:00+00:00
[2022-03-20 14:09:36,123] {standard_task_runner.py:52} INFO - Started process 102017 to run task
[2022-03-20 14:09:36,139] {standard_task_runner.py:76} INFO - Running: ['airflow', 'tasks', 'run', 'user_processing', 'extracting_user', '2022-02-03T00:00:00+00:00', '--job-id', '965', '--pool', 'default_pool', '--raw', '--subdir', 'DAGS_FOLDER/user_processing.py', '--cfg-path', '/tmp/tmpzj7lfzji', '--error-file', '/tmp/tmpaavfhko_']
[2022-03-20 14:09:36,141] {standard_task_runner.py:77} INFO - Job 965: Subtask extracting_user
[2022-03-20 14:09:36,269] {logging_mixin.py:104} INFO - Running <TaskInstance: user_processing.extracting_user 2022-02-03T00:00:00+00:00 [running]> on host airflowvm
[2022-03-20 14:09:36,524] {taskinstance.py:1280} INFO - Exporting the following env vars:
AIRFLOW_CTX_DAG_OWNER=airflow
AIRFLOW_CTX_DAG_ID=user_processing
AIRFLOW_CTX_TASK_ID=extracting_user
AIRFLOW_CTX_EXECUTION_DATE=2022-02-03T00:00:00+00:00
AIRFLOW_CTX_DAG_RUN_ID=scheduled__2022-02-03T00:00:00+00:00
[2022-03-20 14:09:36,526] {http.py:111} INFO - Calling HTTP method
[2022-03-20 14:09:36,545] {base.py:69} INFO - Using connection to: id: user_api. Host: https://randomuser.me/, Port: None, Schema: , Login: , Password: ***, extra: {}
[2022-03-20 14:09:36,551] {http.py:140} INFO - Sending 'GET' to url: https://randomuser.me/api/
[2022-03-20 14:09:36,959] {http.py:115} INFO - {"results":[{"gender":"male","name":{"title":"Mr","first":"Domingo","last":"Diaz"},"location":{"street":{"number":9505,"name":"Avenida de La Albufera"},"city":"La Palma","state":"Galicia","country":"Spain","postcode":40426,"coordinates":{"latitude":"-17.5025","longitude":"-31.4469"},"timezone":{"offset":"+3:00","description":"Baghdad, Riyadh, Moscow, St. Petersburg"}},"email":"domingo.diaz@example.com","login":{"uuid":"438f26a5-0eb5-4f1e-881a-5f50fbf7ce80","username":"bigostrich389","password":"lovers","salt":"b3Rt0e4H","md5":"00f30fde2a5436639a438b23a4cc51c8","sha1":"64f34cc08fe60c7ef43e0ce06aef2c4a5bd22384","sha256":"b5de6857f17dc15f3c976b3cba24e1ae3ee3bf7e106cf97f8151468d322fae08"},"dob":{"date":"1998-05-26T14:46:16.880Z","age":24},"registered":{"date":"2007-10-05T17:20:39.844Z","age":15},"phone":"997-947-950","cell":"693-817-545","id":{"name":"DNI","value":"85433740-M"},"picture":{"large":"https://randomuser.me/api/portraits/men/5.jpg","medium":"https://randomuser.me/api/portraits/med/men/5.jpg","thumbnail":"https://randomuser.me/api/portraits/thumb/men/5.jpg"},"nat":"ES"}],"info":{"seed":"0839acefef2981b0","results":1,"page":1,"version":"1.3"}}
[2022-03-20 14:09:37,160] {taskinstance.py:1184} INFO - Marking task as SUCCESS. dag_id=user_processing, task_id=extracting_user, execution_date=20220203T000000, start_date=20220320T140936, end_date=20220320T140937
[2022-03-20 14:09:37,309] {taskinstance.py:1245} INFO - 1 downstream tasks scheduled from follow-on schedule check
[2022-03-20 14:09:37,326] {local_task_job.py:151} INFO - Task exited with return code 0
