[2022-03-20 13:10:29,291] {taskinstance.py:876} INFO - Dependencies all met for <TaskInstance: user_processing.extracting_user 2022-02-21T00:00:00+00:00 [queued]>
[2022-03-20 13:10:29,308] {taskinstance.py:876} INFO - Dependencies all met for <TaskInstance: user_processing.extracting_user 2022-02-21T00:00:00+00:00 [queued]>
[2022-03-20 13:10:29,308] {taskinstance.py:1067} INFO - 
--------------------------------------------------------------------------------
[2022-03-20 13:10:29,308] {taskinstance.py:1068} INFO - Starting attempt 1 of 1
[2022-03-20 13:10:29,309] {taskinstance.py:1069} INFO - 
--------------------------------------------------------------------------------
[2022-03-20 13:10:29,347] {taskinstance.py:1087} INFO - Executing <Task(SimpleHttpOperator): extracting_user> on 2022-02-21T00:00:00+00:00
[2022-03-20 13:10:29,352] {standard_task_runner.py:52} INFO - Started process 75216 to run task
[2022-03-20 13:10:29,369] {standard_task_runner.py:76} INFO - Running: ['airflow', 'tasks', 'run', 'user_processing', 'extracting_user', '2022-02-21T00:00:00+00:00', '--job-id', '654', '--pool', 'default_pool', '--raw', '--subdir', 'DAGS_FOLDER/user_processing.py', '--cfg-path', '/tmp/tmpvn2_kf4f', '--error-file', '/tmp/tmpk5310opo']
[2022-03-20 13:10:29,370] {standard_task_runner.py:77} INFO - Job 654: Subtask extracting_user
[2022-03-20 13:10:29,495] {logging_mixin.py:104} INFO - Running <TaskInstance: user_processing.extracting_user 2022-02-21T00:00:00+00:00 [running]> on host airflowvm
[2022-03-20 13:10:29,655] {taskinstance.py:1280} INFO - Exporting the following env vars:
AIRFLOW_CTX_DAG_OWNER=airflow
AIRFLOW_CTX_DAG_ID=user_processing
AIRFLOW_CTX_TASK_ID=extracting_user
AIRFLOW_CTX_EXECUTION_DATE=2022-02-21T00:00:00+00:00
AIRFLOW_CTX_DAG_RUN_ID=scheduled__2022-02-21T00:00:00+00:00
[2022-03-20 13:10:29,656] {http.py:111} INFO - Calling HTTP method
[2022-03-20 13:10:29,691] {base.py:69} INFO - Using connection to: id: user_api. Host: https://randomuser.me/, Port: None, Schema: , Login: , Password: ***, extra: {}
[2022-03-20 13:10:29,710] {http.py:140} INFO - Sending 'GET' to url: https://randomuser.me/api/
[2022-03-20 13:10:30,235] {http.py:115} INFO - {"results":[{"gender":"female","name":{"title":"Mrs","first":"Hanin","last":"Lemaire"},"location":{"street":{"number":2661,"name":"Dijlestraat"},"city":"Zuidzande","state":"Noord-Brabant","country":"Netherlands","postcode":78431,"coordinates":{"latitude":"40.7223","longitude":"74.9387"},"timezone":{"offset":"-3:00","description":"Brazil, Buenos Aires, Georgetown"}},"email":"hanin.lemaire@example.com","login":{"uuid":"568546f8-c2f1-40a5-b90c-69fac5a3db56","username":"silverkoala627","password":"2001","salt":"i9gdNvoL","md5":"02eee470ce8c60dad9ddd8b3b013bcb9","sha1":"69644966f4ff844b62f32da73c89ef42f8effe57","sha256":"d8c2cd6972353eb805fc672a08933fcce07085ecfd3e243dce2b6821a07ef7e0"},"dob":{"date":"1995-11-11T11:31:08.532Z","age":27},"registered":{"date":"2013-10-21T18:15:47.845Z","age":9},"phone":"(361)-873-3517","cell":"(037)-197-3999","id":{"name":"BSN","value":"65660858"},"picture":{"large":"https://randomuser.me/api/portraits/women/76.jpg","medium":"https://randomuser.me/api/portraits/med/women/76.jpg","thumbnail":"https://randomuser.me/api/portraits/thumb/women/76.jpg"},"nat":"NL"}],"info":{"seed":"a71fc4860e1e2dcf","results":1,"page":1,"version":"1.3"}}
[2022-03-20 13:10:30,316] {taskinstance.py:1184} INFO - Marking task as SUCCESS. dag_id=user_processing, task_id=extracting_user, execution_date=20220221T000000, start_date=20220320T131029, end_date=20220320T131030
[2022-03-20 13:10:30,401] {taskinstance.py:1245} INFO - 1 downstream tasks scheduled from follow-on schedule check
[2022-03-20 13:10:30,437] {local_task_job.py:151} INFO - Task exited with return code 0
