[2022-03-20 11:56:21,554] {taskinstance.py:876} INFO - Dependencies all met for <TaskInstance: user_processing.processing_user 2020-01-12T00:00:00+00:00 [queued]>
[2022-03-20 11:56:21,565] {taskinstance.py:876} INFO - Dependencies all met for <TaskInstance: user_processing.processing_user 2020-01-12T00:00:00+00:00 [queued]>
[2022-03-20 11:56:21,566] {taskinstance.py:1067} INFO - 
--------------------------------------------------------------------------------
[2022-03-20 11:56:21,566] {taskinstance.py:1068} INFO - Starting attempt 1 of 1
[2022-03-20 11:56:21,566] {taskinstance.py:1069} INFO - 
--------------------------------------------------------------------------------
[2022-03-20 11:56:21,605] {taskinstance.py:1087} INFO - Executing <Task(PythonOperator): processing_user> on 2020-01-12T00:00:00+00:00
[2022-03-20 11:56:21,609] {standard_task_runner.py:52} INFO - Started process 31305 to run task
[2022-03-20 11:56:21,628] {standard_task_runner.py:76} INFO - Running: ['airflow', 'tasks', 'run', 'user_processing', 'processing_user', '2020-01-12T00:00:00+00:00', '--job-id', '105', '--pool', 'default_pool', '--raw', '--subdir', 'DAGS_FOLDER/user_processing.py', '--cfg-path', '/tmp/tmpsmzwqr75', '--error-file', '/tmp/tmpwj4d2b24']
[2022-03-20 11:56:21,629] {standard_task_runner.py:77} INFO - Job 105: Subtask processing_user
[2022-03-20 11:56:21,832] {logging_mixin.py:104} INFO - Running <TaskInstance: user_processing.processing_user 2020-01-12T00:00:00+00:00 [running]> on host airflowvm
[2022-03-20 11:56:22,077] {taskinstance.py:1280} INFO - Exporting the following env vars:
AIRFLOW_CTX_DAG_OWNER=airflow
AIRFLOW_CTX_DAG_ID=user_processing
AIRFLOW_CTX_TASK_ID=processing_user
AIRFLOW_CTX_EXECUTION_DATE=2020-01-12T00:00:00+00:00
AIRFLOW_CTX_DAG_RUN_ID=scheduled__2020-01-12T00:00:00+00:00
[2022-03-20 11:56:22,103] {python.py:151} INFO - Done. Returned value was: None
[2022-03-20 11:56:22,114] {taskinstance.py:1184} INFO - Marking task as SUCCESS. dag_id=user_processing, task_id=processing_user, execution_date=20200112T000000, start_date=20220320T115621, end_date=20220320T115622
[2022-03-20 11:56:22,198] {taskinstance.py:1245} INFO - 1 downstream tasks scheduled from follow-on schedule check
[2022-03-20 11:56:22,235] {local_task_job.py:151} INFO - Task exited with return code 0
