[2022-03-20 12:17:16,688] {taskinstance.py:876} INFO - Dependencies all met for <TaskInstance: user_processing.extracting_user 2020-02-26T00:00:00+00:00 [queued]>
[2022-03-20 12:17:16,709] {taskinstance.py:876} INFO - Dependencies all met for <TaskInstance: user_processing.extracting_user 2020-02-26T00:00:00+00:00 [queued]>
[2022-03-20 12:17:16,710] {taskinstance.py:1067} INFO - 
--------------------------------------------------------------------------------
[2022-03-20 12:17:16,710] {taskinstance.py:1068} INFO - Starting attempt 1 of 1
[2022-03-20 12:17:16,710] {taskinstance.py:1069} INFO - 
--------------------------------------------------------------------------------
[2022-03-20 12:17:16,746] {taskinstance.py:1087} INFO - Executing <Task(SimpleHttpOperator): extracting_user> on 2020-02-26T00:00:00+00:00
[2022-03-20 12:17:16,751] {standard_task_runner.py:52} INFO - Started process 47108 to run task
[2022-03-20 12:17:16,769] {standard_task_runner.py:76} INFO - Running: ['airflow', 'tasks', 'run', 'user_processing', 'extracting_user', '2020-02-26T00:00:00+00:00', '--job-id', '324', '--pool', 'default_pool', '--raw', '--subdir', 'DAGS_FOLDER/user_processing.py', '--cfg-path', '/tmp/tmpli01y2pe', '--error-file', '/tmp/tmpsgpfuhhu']
[2022-03-20 12:17:16,771] {standard_task_runner.py:77} INFO - Job 324: Subtask extracting_user
[2022-03-20 12:17:16,881] {logging_mixin.py:104} INFO - Running <TaskInstance: user_processing.extracting_user 2020-02-26T00:00:00+00:00 [running]> on host airflowvm
[2022-03-20 12:17:17,044] {taskinstance.py:1280} INFO - Exporting the following env vars:
AIRFLOW_CTX_DAG_OWNER=airflow
AIRFLOW_CTX_DAG_ID=user_processing
AIRFLOW_CTX_TASK_ID=extracting_user
AIRFLOW_CTX_EXECUTION_DATE=2020-02-26T00:00:00+00:00
AIRFLOW_CTX_DAG_RUN_ID=scheduled__2020-02-26T00:00:00+00:00
[2022-03-20 12:17:17,045] {http.py:111} INFO - Calling HTTP method
[2022-03-20 12:17:17,055] {base.py:69} INFO - Using connection to: id: user_api. Host: https://randomuser.me/, Port: None, Schema: , Login: , Password: ***, extra: {}
[2022-03-20 12:17:17,062] {http.py:140} INFO - Sending 'GET' to url: https://randomuser.me/api/
[2022-03-20 12:17:17,581] {http.py:115} INFO - {"results":[{"gender":"female","name":{"title":"Mrs","first":"Douaa","last":"Van de Vliert"},"location":{"street":{"number":1380,"name":"Calbertsweg"},"city":"Mijnsheerenland","state":"Groningen","country":"Netherlands","postcode":60859,"coordinates":{"latitude":"43.5688","longitude":"54.6380"},"timezone":{"offset":"-10:00","description":"Hawaii"}},"email":"douaa.vandevliert@example.com","login":{"uuid":"3c912486-97f6-448f-a5ba-507e1f456d05","username":"redfrog123","password":"pumpkins","salt":"D0ArI9iw","md5":"192629069759f4a4f31cd46e6b7c089c","sha1":"2242f3c0bfa116e54cf604038425cb905e12c5b0","sha256":"3a2f6b4626e4964edd7b1b91f43721abfbd6c55eb9a438b1dd7d64bdac105d71"},"dob":{"date":"1968-07-05T06:20:56.603Z","age":54},"registered":{"date":"2017-11-13T13:01:07.102Z","age":5},"phone":"(923)-480-3418","cell":"(492)-332-4778","id":{"name":"BSN","value":"54300537"},"picture":{"large":"https://randomuser.me/api/portraits/women/9.jpg","medium":"https://randomuser.me/api/portraits/med/women/9.jpg","thumbnail":"https://randomuser.me/api/portraits/thumb/women/9.jpg"},"nat":"NL"}],"info":{"seed":"98579d0a77f9879f","results":1,"page":1,"version":"1.3"}}
[2022-03-20 12:17:17,634] {taskinstance.py:1184} INFO - Marking task as SUCCESS. dag_id=user_processing, task_id=extracting_user, execution_date=20200226T000000, start_date=20220320T121716, end_date=20220320T121717
[2022-03-20 12:17:17,741] {taskinstance.py:1245} INFO - 1 downstream tasks scheduled from follow-on schedule check
[2022-03-20 12:17:17,777] {local_task_job.py:151} INFO - Task exited with return code 0
