[2022-03-20 13:02:49,944] {taskinstance.py:876} INFO - Dependencies all met for <TaskInstance: user_processing.extracting_user 2022-02-06T00:00:00+00:00 [queued]>
[2022-03-20 13:02:49,963] {taskinstance.py:876} INFO - Dependencies all met for <TaskInstance: user_processing.extracting_user 2022-02-06T00:00:00+00:00 [queued]>
[2022-03-20 13:02:49,963] {taskinstance.py:1067} INFO - 
--------------------------------------------------------------------------------
[2022-03-20 13:02:49,963] {taskinstance.py:1068} INFO - Starting attempt 1 of 1
[2022-03-20 13:02:49,964] {taskinstance.py:1069} INFO - 
--------------------------------------------------------------------------------
[2022-03-20 13:02:50,116] {taskinstance.py:1087} INFO - Executing <Task(SimpleHttpOperator): extracting_user> on 2022-02-06T00:00:00+00:00
[2022-03-20 13:02:50,122] {standard_task_runner.py:52} INFO - Started process 70489 to run task
[2022-03-20 13:02:50,144] {standard_task_runner.py:76} INFO - Running: ['airflow', 'tasks', 'run', 'user_processing', 'extracting_user', '2022-02-06T00:00:00+00:00', '--job-id', '579', '--pool', 'default_pool', '--raw', '--subdir', 'DAGS_FOLDER/user_processing.py', '--cfg-path', '/tmp/tmp4a31ml7y', '--error-file', '/tmp/tmp1szliuw5']
[2022-03-20 13:02:50,145] {standard_task_runner.py:77} INFO - Job 579: Subtask extracting_user
[2022-03-20 13:02:50,547] {logging_mixin.py:104} INFO - Running <TaskInstance: user_processing.extracting_user 2022-02-06T00:00:00+00:00 [running]> on host airflowvm
[2022-03-20 13:02:50,845] {taskinstance.py:1280} INFO - Exporting the following env vars:
AIRFLOW_CTX_DAG_OWNER=airflow
AIRFLOW_CTX_DAG_ID=user_processing
AIRFLOW_CTX_TASK_ID=extracting_user
AIRFLOW_CTX_EXECUTION_DATE=2022-02-06T00:00:00+00:00
AIRFLOW_CTX_DAG_RUN_ID=scheduled__2022-02-06T00:00:00+00:00
[2022-03-20 13:02:50,846] {http.py:111} INFO - Calling HTTP method
[2022-03-20 13:02:50,857] {base.py:69} INFO - Using connection to: id: user_api. Host: https://randomuser.me/, Port: None, Schema: , Login: , Password: ***, extra: {}
[2022-03-20 13:02:50,861] {http.py:140} INFO - Sending 'GET' to url: https://randomuser.me/api/
[2022-03-20 13:02:51,292] {http.py:115} INFO - {"results":[{"gender":"male","name":{"title":"Mr","first":"بنیامین","last":"یاسمی"},"location":{"street":{"number":8873,"name":"آیت الله طالقانی"},"city":"مشهد","state":"فارس","country":"Iran","postcode":11750,"coordinates":{"latitude":"27.3509","longitude":"-50.1657"},"timezone":{"offset":"+11:00","description":"Magadan, Solomon Islands, New Caledonia"}},"email":"bnymyn.ysmy@example.com","login":{"uuid":"4ffe0b80-d816-411b-8c1b-47d62de1adec","username":"bigpanda372","password":"scream","salt":"ZGgzehSW","md5":"8ecf40f23c3118869f5382ba0ddf80b1","sha1":"442711f406e1447af3bc42890f1208b5d014254d","sha256":"ee9e292d2db5b186ef2cef951ca15f691732fc684767528bd06fcf3a48aa74ad"},"dob":{"date":"1968-09-08T08:25:48.142Z","age":54},"registered":{"date":"2017-01-06T18:04:49.893Z","age":5},"phone":"018-90689794","cell":"0955-457-8823","id":{"name":"","value":null},"picture":{"large":"https://randomuser.me/api/portraits/men/42.jpg","medium":"https://randomuser.me/api/portraits/med/men/42.jpg","thumbnail":"https://randomuser.me/api/portraits/thumb/men/42.jpg"},"nat":"IR"}],"info":{"seed":"01b68f4627b29baf","results":1,"page":1,"version":"1.3"}}
[2022-03-20 13:02:51,355] {taskinstance.py:1184} INFO - Marking task as SUCCESS. dag_id=user_processing, task_id=extracting_user, execution_date=20220206T000000, start_date=20220320T130249, end_date=20220320T130251
[2022-03-20 13:02:51,765] {taskinstance.py:1245} INFO - 1 downstream tasks scheduled from follow-on schedule check
[2022-03-20 13:02:51,787] {local_task_job.py:151} INFO - Task exited with return code 0
