[2022-03-20 13:10:56,620] {taskinstance.py:876} INFO - Dependencies all met for <TaskInstance: user_processing.extracting_user 2022-02-22T00:00:00+00:00 [queued]>
[2022-03-20 13:10:56,636] {taskinstance.py:876} INFO - Dependencies all met for <TaskInstance: user_processing.extracting_user 2022-02-22T00:00:00+00:00 [queued]>
[2022-03-20 13:10:56,636] {taskinstance.py:1067} INFO - 
--------------------------------------------------------------------------------
[2022-03-20 13:10:56,637] {taskinstance.py:1068} INFO - Starting attempt 1 of 1
[2022-03-20 13:10:56,637] {taskinstance.py:1069} INFO - 
--------------------------------------------------------------------------------
[2022-03-20 13:10:56,675] {taskinstance.py:1087} INFO - Executing <Task(SimpleHttpOperator): extracting_user> on 2022-02-22T00:00:00+00:00
[2022-03-20 13:10:56,679] {standard_task_runner.py:52} INFO - Started process 75577 to run task
[2022-03-20 13:10:56,697] {standard_task_runner.py:76} INFO - Running: ['airflow', 'tasks', 'run', 'user_processing', 'extracting_user', '2022-02-22T00:00:00+00:00', '--job-id', '659', '--pool', 'default_pool', '--raw', '--subdir', 'DAGS_FOLDER/user_processing.py', '--cfg-path', '/tmp/tmpu3mv11l_', '--error-file', '/tmp/tmpok2vzknd']
[2022-03-20 13:10:56,698] {standard_task_runner.py:77} INFO - Job 659: Subtask extracting_user
[2022-03-20 13:10:56,826] {logging_mixin.py:104} INFO - Running <TaskInstance: user_processing.extracting_user 2022-02-22T00:00:00+00:00 [running]> on host airflowvm
[2022-03-20 13:10:56,973] {taskinstance.py:1280} INFO - Exporting the following env vars:
AIRFLOW_CTX_DAG_OWNER=airflow
AIRFLOW_CTX_DAG_ID=user_processing
AIRFLOW_CTX_TASK_ID=extracting_user
AIRFLOW_CTX_EXECUTION_DATE=2022-02-22T00:00:00+00:00
AIRFLOW_CTX_DAG_RUN_ID=scheduled__2022-02-22T00:00:00+00:00
[2022-03-20 13:10:56,974] {http.py:111} INFO - Calling HTTP method
[2022-03-20 13:10:56,984] {base.py:69} INFO - Using connection to: id: user_api. Host: https://randomuser.me/, Port: None, Schema: , Login: , Password: ***, extra: {}
[2022-03-20 13:10:56,987] {http.py:140} INFO - Sending 'GET' to url: https://randomuser.me/api/
[2022-03-20 13:10:57,531] {http.py:115} INFO - {"results":[{"gender":"female","name":{"title":"Miss","first":"Marilaine","last":"Ferreira"},"location":{"street":{"number":1320,"name":"Rua Treze "},"city":"Praia Grande","state":"Mato Grosso do Sul","country":"Brazil","postcode":44585,"coordinates":{"latitude":"-75.0752","longitude":"32.4978"},"timezone":{"offset":"+10:00","description":"Eastern Australia, Guam, Vladivostok"}},"email":"marilaine.ferreira@example.com","login":{"uuid":"a74f2db6-6bbc-43cd-bd50-edfd5bdc5481","username":"angrytiger839","password":"finder","salt":"SSWpX301","md5":"8de90c8bfa3b741ed767d9a088289960","sha1":"23c2b331f1d9ebfa859eb11c615cf5f531c02648","sha256":"040c3b99d529936366590d58f8928998928b37fb98d68b6bb6f45256a663be1b"},"dob":{"date":"1998-06-05T09:40:37.123Z","age":24},"registered":{"date":"2016-12-14T00:30:19.038Z","age":6},"phone":"(78) 7325-1417","cell":"(99) 4829-0511","id":{"name":"","value":null},"picture":{"large":"https://randomuser.me/api/portraits/women/33.jpg","medium":"https://randomuser.me/api/portraits/med/women/33.jpg","thumbnail":"https://randomuser.me/api/portraits/thumb/women/33.jpg"},"nat":"BR"}],"info":{"seed":"d84362d7673e09d3","results":1,"page":1,"version":"1.3"}}
[2022-03-20 13:10:57,616] {taskinstance.py:1184} INFO - Marking task as SUCCESS. dag_id=user_processing, task_id=extracting_user, execution_date=20220222T000000, start_date=20220320T131056, end_date=20220320T131057
[2022-03-20 13:10:57,772] {taskinstance.py:1245} INFO - 1 downstream tasks scheduled from follow-on schedule check
[2022-03-20 13:10:57,784] {local_task_job.py:151} INFO - Task exited with return code 0
