[2022-03-20 12:24:22,261] {taskinstance.py:876} INFO - Dependencies all met for <TaskInstance: user_processing.is_api_available 2020-03-10T00:00:00+00:00 [queued]>
[2022-03-20 12:24:22,279] {taskinstance.py:876} INFO - Dependencies all met for <TaskInstance: user_processing.is_api_available 2020-03-10T00:00:00+00:00 [queued]>
[2022-03-20 12:24:22,280] {taskinstance.py:1067} INFO - 
--------------------------------------------------------------------------------
[2022-03-20 12:24:22,281] {taskinstance.py:1068} INFO - Starting attempt 1 of 1
[2022-03-20 12:24:22,281] {taskinstance.py:1069} INFO - 
--------------------------------------------------------------------------------
[2022-03-20 12:24:22,330] {taskinstance.py:1087} INFO - Executing <Task(HttpSensor): is_api_available> on 2020-03-10T00:00:00+00:00
[2022-03-20 12:24:22,345] {standard_task_runner.py:52} INFO - Started process 52014 to run task
[2022-03-20 12:24:22,462] {standard_task_runner.py:76} INFO - Running: ['airflow', 'tasks', 'run', 'user_processing', 'is_api_available', '2020-03-10T00:00:00+00:00', '--job-id', '384', '--pool', 'default_pool', '--raw', '--subdir', 'DAGS_FOLDER/user_processing.py', '--cfg-path', '/tmp/tmp_bcjw_8q', '--error-file', '/tmp/tmpf2zzomb4']
[2022-03-20 12:24:22,465] {standard_task_runner.py:77} INFO - Job 384: Subtask is_api_available
[2022-03-20 12:24:22,840] {logging_mixin.py:104} INFO - Running <TaskInstance: user_processing.is_api_available 2020-03-10T00:00:00+00:00 [running]> on host airflowvm
[2022-03-20 12:24:23,053] {taskinstance.py:1280} INFO - Exporting the following env vars:
AIRFLOW_CTX_DAG_OWNER=airflow
AIRFLOW_CTX_DAG_ID=user_processing
AIRFLOW_CTX_TASK_ID=is_api_available
AIRFLOW_CTX_EXECUTION_DATE=2020-03-10T00:00:00+00:00
AIRFLOW_CTX_DAG_RUN_ID=scheduled__2020-03-10T00:00:00+00:00
[2022-03-20 12:24:23,056] {http.py:101} INFO - Poking: api/
[2022-03-20 12:24:23,080] {base.py:69} INFO - Using connection to: id: user_api. Host: https://randomuser.me/, Port: None, Schema: , Login: , Password: ***, extra: {}
[2022-03-20 12:24:23,096] {http.py:140} INFO - Sending 'GET' to url: https://randomuser.me/api/
[2022-03-20 12:24:23,608] {base.py:243} INFO - Success criteria met. Exiting.
[2022-03-20 12:24:23,620] {taskinstance.py:1184} INFO - Marking task as SUCCESS. dag_id=user_processing, task_id=is_api_available, execution_date=20200310T000000, start_date=20220320T122422, end_date=20220320T122423
[2022-03-20 12:24:23,721] {taskinstance.py:1245} INFO - 1 downstream tasks scheduled from follow-on schedule check
[2022-03-20 12:24:23,737] {local_task_job.py:151} INFO - Task exited with return code 0
