[2022-03-20 13:01:52,740] {taskinstance.py:876} INFO - Dependencies all met for <TaskInstance: user_processing.storing_user 2022-02-02T00:00:00+00:00 [queued]>
[2022-03-20 13:01:52,757] {taskinstance.py:876} INFO - Dependencies all met for <TaskInstance: user_processing.storing_user 2022-02-02T00:00:00+00:00 [queued]>
[2022-03-20 13:01:52,757] {taskinstance.py:1067} INFO - 
--------------------------------------------------------------------------------
[2022-03-20 13:01:52,757] {taskinstance.py:1068} INFO - Starting attempt 1 of 1
[2022-03-20 13:01:52,758] {taskinstance.py:1069} INFO - 
--------------------------------------------------------------------------------
[2022-03-20 13:01:52,882] {taskinstance.py:1087} INFO - Executing <Task(BashOperator): storing_user> on 2022-02-02T00:00:00+00:00
[2022-03-20 13:01:52,887] {standard_task_runner.py:52} INFO - Started process 70045 to run task
[2022-03-20 13:01:52,900] {standard_task_runner.py:76} INFO - Running: ['airflow', 'tasks', 'run', 'user_processing', 'storing_user', '2022-02-02T00:00:00+00:00', '--job-id', '571', '--pool', 'default_pool', '--raw', '--subdir', 'DAGS_FOLDER/user_processing.py', '--cfg-path', '/tmp/tmp8jgss622', '--error-file', '/tmp/tmp_k9lav0k']
[2022-03-20 13:01:52,915] {standard_task_runner.py:77} INFO - Job 571: Subtask storing_user
[2022-03-20 13:01:53,243] {logging_mixin.py:104} INFO - Running <TaskInstance: user_processing.storing_user 2022-02-02T00:00:00+00:00 [running]> on host airflowvm
[2022-03-20 13:01:53,520] {taskinstance.py:1280} INFO - Exporting the following env vars:
AIRFLOW_CTX_DAG_OWNER=airflow
AIRFLOW_CTX_DAG_ID=user_processing
AIRFLOW_CTX_TASK_ID=storing_user
AIRFLOW_CTX_EXECUTION_DATE=2022-02-02T00:00:00+00:00
AIRFLOW_CTX_DAG_RUN_ID=scheduled__2022-02-02T00:00:00+00:00
[2022-03-20 13:01:53,522] {subprocess.py:52} INFO - Tmp dir root location: 
 /tmp
[2022-03-20 13:01:53,523] {subprocess.py:63} INFO - Running command: ['bash', '-c', 'echo -e ".separator ","\n. import /tmp/processed_user.csv users" | sqlite3 /home/airflow/airflow/airflow.db']
[2022-03-20 13:01:53,536] {subprocess.py:75} INFO - Output:
[2022-03-20 13:01:53,718] {subprocess.py:83} INFO - Command exited with return code 0
[2022-03-20 13:01:53,770] {taskinstance.py:1184} INFO - Marking task as SUCCESS. dag_id=user_processing, task_id=storing_user, execution_date=20220202T000000, start_date=20220320T130152, end_date=20220320T130153
[2022-03-20 13:01:53,997] {taskinstance.py:1245} INFO - 0 downstream tasks scheduled from follow-on schedule check
[2022-03-20 13:01:54,009] {local_task_job.py:151} INFO - Task exited with return code 0
