[2022-03-20 12:22:15,048] {taskinstance.py:876} INFO - Dependencies all met for <TaskInstance: user_processing.extracting_user 2020-03-06T00:00:00+00:00 [queued]>
[2022-03-20 12:22:15,069] {taskinstance.py:876} INFO - Dependencies all met for <TaskInstance: user_processing.extracting_user 2020-03-06T00:00:00+00:00 [queued]>
[2022-03-20 12:22:15,069] {taskinstance.py:1067} INFO - 
--------------------------------------------------------------------------------
[2022-03-20 12:22:15,069] {taskinstance.py:1068} INFO - Starting attempt 1 of 1
[2022-03-20 12:22:15,070] {taskinstance.py:1069} INFO - 
--------------------------------------------------------------------------------
[2022-03-20 12:22:15,112] {taskinstance.py:1087} INFO - Executing <Task(SimpleHttpOperator): extracting_user> on 2020-03-06T00:00:00+00:00
[2022-03-20 12:22:15,117] {standard_task_runner.py:52} INFO - Started process 50705 to run task
[2022-03-20 12:22:15,134] {standard_task_runner.py:76} INFO - Running: ['airflow', 'tasks', 'run', 'user_processing', 'extracting_user', '2020-03-06T00:00:00+00:00', '--job-id', '370', '--pool', 'default_pool', '--raw', '--subdir', 'DAGS_FOLDER/user_processing.py', '--cfg-path', '/tmp/tmpoz71g023', '--error-file', '/tmp/tmpk4ynb85d']
[2022-03-20 12:22:15,140] {standard_task_runner.py:77} INFO - Job 370: Subtask extracting_user
[2022-03-20 12:22:15,275] {logging_mixin.py:104} INFO - Running <TaskInstance: user_processing.extracting_user 2020-03-06T00:00:00+00:00 [running]> on host airflowvm
[2022-03-20 12:22:15,463] {taskinstance.py:1280} INFO - Exporting the following env vars:
AIRFLOW_CTX_DAG_OWNER=airflow
AIRFLOW_CTX_DAG_ID=user_processing
AIRFLOW_CTX_TASK_ID=extracting_user
AIRFLOW_CTX_EXECUTION_DATE=2020-03-06T00:00:00+00:00
AIRFLOW_CTX_DAG_RUN_ID=scheduled__2020-03-06T00:00:00+00:00
[2022-03-20 12:22:15,463] {http.py:111} INFO - Calling HTTP method
[2022-03-20 12:22:15,474] {base.py:69} INFO - Using connection to: id: user_api. Host: https://randomuser.me/, Port: None, Schema: , Login: , Password: ***, extra: {}
[2022-03-20 12:22:15,480] {http.py:140} INFO - Sending 'GET' to url: https://randomuser.me/api/
[2022-03-20 12:22:15,888] {http.py:115} INFO - {"results":[{"gender":"female","name":{"title":"Ms","first":"Laura","last":"Sørensen"},"location":{"street":{"number":1685,"name":"Voldgade"},"city":"Skaerbaek","state":"Sjælland","country":"Denmark","postcode":61197,"coordinates":{"latitude":"-33.6530","longitude":"7.6161"},"timezone":{"offset":"+3:00","description":"Baghdad, Riyadh, Moscow, St. Petersburg"}},"email":"laura.sorensen@example.com","login":{"uuid":"8ff82fcc-90f8-489f-a763-e1f0db4177cd","username":"browntiger173","password":"happy","salt":"d0IGM8OB","md5":"bc45a0630d6a7bf7c905f2f1e3655d47","sha1":"207bd73833a99c55ba903af4a545ba94b88b073f","sha256":"c629a75af7f3c52d5afbf9f1c6508c5aa1e0847c222e8b323a19074655d1aa4a"},"dob":{"date":"1998-04-05T18:11:05.176Z","age":24},"registered":{"date":"2002-08-14T01:32:58.308Z","age":20},"phone":"72044788","cell":"62691372","id":{"name":"CPR","value":"050498-2249"},"picture":{"large":"https://randomuser.me/api/portraits/women/83.jpg","medium":"https://randomuser.me/api/portraits/med/women/83.jpg","thumbnail":"https://randomuser.me/api/portraits/thumb/women/83.jpg"},"nat":"DK"}],"info":{"seed":"7d9f4609a060c93b","results":1,"page":1,"version":"1.3"}}
[2022-03-20 12:22:15,966] {taskinstance.py:1184} INFO - Marking task as SUCCESS. dag_id=user_processing, task_id=extracting_user, execution_date=20200306T000000, start_date=20220320T122215, end_date=20220320T122215
[2022-03-20 12:22:16,076] {taskinstance.py:1245} INFO - 1 downstream tasks scheduled from follow-on schedule check
[2022-03-20 12:22:16,119] {local_task_job.py:151} INFO - Task exited with return code 0
