[2022-03-20 12:02:42,851] {taskinstance.py:876} INFO - Dependencies all met for <TaskInstance: user_processing.processing_user 2020-01-25T00:00:00+00:00 [queued]>
[2022-03-20 12:02:42,866] {taskinstance.py:876} INFO - Dependencies all met for <TaskInstance: user_processing.processing_user 2020-01-25T00:00:00+00:00 [queued]>
[2022-03-20 12:02:42,867] {taskinstance.py:1067} INFO - 
--------------------------------------------------------------------------------
[2022-03-20 12:02:42,867] {taskinstance.py:1068} INFO - Starting attempt 1 of 1
[2022-03-20 12:02:42,867] {taskinstance.py:1069} INFO - 
--------------------------------------------------------------------------------
[2022-03-20 12:02:42,924] {taskinstance.py:1087} INFO - Executing <Task(PythonOperator): processing_user> on 2020-01-25T00:00:00+00:00
[2022-03-20 12:02:42,929] {standard_task_runner.py:52} INFO - Started process 36122 to run task
[2022-03-20 12:02:42,968] {standard_task_runner.py:76} INFO - Running: ['airflow', 'tasks', 'run', 'user_processing', 'processing_user', '2020-01-25T00:00:00+00:00', '--job-id', '170', '--pool', 'default_pool', '--raw', '--subdir', 'DAGS_FOLDER/user_processing.py', '--cfg-path', '/tmp/tmpv_fdur6e', '--error-file', '/tmp/tmpnzbcsewg']
[2022-03-20 12:02:42,980] {standard_task_runner.py:77} INFO - Job 170: Subtask processing_user
[2022-03-20 12:02:43,401] {logging_mixin.py:104} INFO - Running <TaskInstance: user_processing.processing_user 2020-01-25T00:00:00+00:00 [running]> on host airflowvm
[2022-03-20 12:02:43,558] {taskinstance.py:1280} INFO - Exporting the following env vars:
AIRFLOW_CTX_DAG_OWNER=airflow
AIRFLOW_CTX_DAG_ID=user_processing
AIRFLOW_CTX_TASK_ID=processing_user
AIRFLOW_CTX_EXECUTION_DATE=2020-01-25T00:00:00+00:00
AIRFLOW_CTX_DAG_RUN_ID=scheduled__2020-01-25T00:00:00+00:00
[2022-03-20 12:02:43,587] {python.py:151} INFO - Done. Returned value was: None
[2022-03-20 12:02:43,595] {taskinstance.py:1184} INFO - Marking task as SUCCESS. dag_id=user_processing, task_id=processing_user, execution_date=20200125T000000, start_date=20220320T120242, end_date=20220320T120243
[2022-03-20 12:02:43,673] {taskinstance.py:1245} INFO - 1 downstream tasks scheduled from follow-on schedule check
[2022-03-20 12:02:43,681] {local_task_job.py:151} INFO - Task exited with return code 0
