[2022-03-20 14:12:37,324] {taskinstance.py:876} INFO - Dependencies all met for <TaskInstance: user_processing.extracting_user 2020-02-04T00:00:00+00:00 [queued]>
[2022-03-20 14:12:37,350] {taskinstance.py:876} INFO - Dependencies all met for <TaskInstance: user_processing.extracting_user 2020-02-04T00:00:00+00:00 [queued]>
[2022-03-20 14:12:37,364] {taskinstance.py:1067} INFO - 
--------------------------------------------------------------------------------
[2022-03-20 14:12:37,364] {taskinstance.py:1068} INFO - Starting attempt 2 of 2
[2022-03-20 14:12:37,364] {taskinstance.py:1069} INFO - 
--------------------------------------------------------------------------------
[2022-03-20 14:12:37,422] {taskinstance.py:1087} INFO - Executing <Task(SimpleHttpOperator): extracting_user> on 2020-02-04T00:00:00+00:00
[2022-03-20 14:12:37,427] {standard_task_runner.py:52} INFO - Started process 103806 to run task
[2022-03-20 14:12:37,464] {standard_task_runner.py:76} INFO - Running: ['airflow', 'tasks', 'run', 'user_processing', 'extracting_user', '2020-02-04T00:00:00+00:00', '--job-id', '988', '--pool', 'default_pool', '--raw', '--subdir', 'DAGS_FOLDER/user_processing.py', '--cfg-path', '/tmp/tmp8ja2v04k', '--error-file', '/tmp/tmpdu5aotcq']
[2022-03-20 14:12:37,466] {standard_task_runner.py:77} INFO - Job 988: Subtask extracting_user
[2022-03-20 14:12:37,731] {logging_mixin.py:104} INFO - Running <TaskInstance: user_processing.extracting_user 2020-02-04T00:00:00+00:00 [running]> on host airflowvm
[2022-03-20 14:12:37,981] {taskinstance.py:1280} INFO - Exporting the following env vars:
AIRFLOW_CTX_DAG_OWNER=airflow
AIRFLOW_CTX_DAG_ID=user_processing
AIRFLOW_CTX_TASK_ID=extracting_user
AIRFLOW_CTX_EXECUTION_DATE=2020-02-04T00:00:00+00:00
AIRFLOW_CTX_DAG_RUN_ID=scheduled__2020-02-04T00:00:00+00:00
[2022-03-20 14:12:37,983] {http.py:111} INFO - Calling HTTP method
[2022-03-20 14:12:38,000] {base.py:69} INFO - Using connection to: id: user_api. Host: https://randomuser.me/, Port: None, Schema: , Login: , Password: ***, extra: {}
[2022-03-20 14:12:38,004] {http.py:140} INFO - Sending 'GET' to url: https://randomuser.me/api/
[2022-03-20 14:12:38,555] {http.py:115} INFO - {"results":[{"gender":"male","name":{"title":"Mr","first":"Lincoln","last":"Turner"},"location":{"street":{"number":3416,"name":"Customs Street"},"city":"Dunedin","state":"Tasman","country":"New Zealand","postcode":26574,"coordinates":{"latitude":"62.2953","longitude":"-91.5997"},"timezone":{"offset":"+9:00","description":"Tokyo, Seoul, Osaka, Sapporo, Yakutsk"}},"email":"lincoln.turner@example.com","login":{"uuid":"acd522c2-2807-4f6d-9322-25f8842a7d3f","username":"blackdog221","password":"christia","salt":"lIaD8zYZ","md5":"0f259d6d767e97d390e81a0bd9cf6927","sha1":"5f9d733260d13b804e7aeeb5b4c4104fcd594ae3","sha256":"dc5c1fd28647447f8796ef847f73c9beecd1d8533c96d6d79d693174d636e4b2"},"dob":{"date":"1963-10-05T11:59:19.261Z","age":59},"registered":{"date":"2019-08-02T07:43:41.557Z","age":3},"phone":"(531)-648-2959","cell":"(288)-341-7300","id":{"name":"","value":null},"picture":{"large":"https://randomuser.me/api/portraits/men/54.jpg","medium":"https://randomuser.me/api/portraits/med/men/54.jpg","thumbnail":"https://randomuser.me/api/portraits/thumb/men/54.jpg"},"nat":"NZ"}],"info":{"seed":"2b0843473971bd2e","results":1,"page":1,"version":"1.3"}}
[2022-03-20 14:12:38,612] {taskinstance.py:1184} INFO - Marking task as SUCCESS. dag_id=user_processing, task_id=extracting_user, execution_date=20200204T000000, start_date=20220320T141237, end_date=20220320T141238
[2022-03-20 14:12:38,699] {taskinstance.py:1245} INFO - 1 downstream tasks scheduled from follow-on schedule check
[2022-03-20 14:12:38,716] {local_task_job.py:151} INFO - Task exited with return code 0
