[2022-03-21 05:14:28,224] {scheduler_job.py:182} INFO - Started process (PID=8124) to work on /home/airflow/sandbox/lib/python3.8/site-packages/airflow/example_dags/example_trigger_controller_dag.py
[2022-03-21 05:14:28,227] {scheduler_job.py:633} INFO - Processing file /home/airflow/sandbox/lib/python3.8/site-packages/airflow/example_dags/example_trigger_controller_dag.py for tasks to queue
[2022-03-21 05:14:28,228] {logging_mixin.py:104} INFO - [2022-03-21 05:14:28,228] {dagbag.py:487} INFO - Filling up the DagBag from /home/airflow/sandbox/lib/python3.8/site-packages/airflow/example_dags/example_trigger_controller_dag.py
[2022-03-21 05:14:28,240] {scheduler_job.py:643} INFO - DAG(s) dict_keys(['example_trigger_controller_dag']) retrieved from /home/airflow/sandbox/lib/python3.8/site-packages/airflow/example_dags/example_trigger_controller_dag.py
[2022-03-21 05:14:29,931] {logging_mixin.py:104} INFO - [2022-03-21 05:14:29,931] {dag.py:1832} INFO - Sync 1 DAGs
[2022-03-21 05:14:29,977] {logging_mixin.py:104} INFO - [2022-03-21 05:14:29,977] {dag.py:2305} INFO - Setting next_dagrun for example_trigger_controller_dag to 2022-03-19 00:00:00+00:00
[2022-03-21 05:14:30,034] {scheduler_job.py:190} INFO - Processing /home/airflow/sandbox/lib/python3.8/site-packages/airflow/example_dags/example_trigger_controller_dag.py took 1.816 seconds
[2022-03-21 05:15:57,692] {scheduler_job.py:182} INFO - Started process (PID=8679) to work on /home/airflow/sandbox/lib/python3.8/site-packages/airflow/example_dags/example_trigger_controller_dag.py
[2022-03-21 05:15:57,697] {scheduler_job.py:633} INFO - Processing file /home/airflow/sandbox/lib/python3.8/site-packages/airflow/example_dags/example_trigger_controller_dag.py for tasks to queue
[2022-03-21 05:15:57,699] {logging_mixin.py:104} INFO - [2022-03-21 05:15:57,698] {dagbag.py:487} INFO - Filling up the DagBag from /home/airflow/sandbox/lib/python3.8/site-packages/airflow/example_dags/example_trigger_controller_dag.py
[2022-03-21 05:15:57,711] {scheduler_job.py:643} INFO - DAG(s) dict_keys(['example_trigger_controller_dag']) retrieved from /home/airflow/sandbox/lib/python3.8/site-packages/airflow/example_dags/example_trigger_controller_dag.py
[2022-03-21 05:15:57,747] {logging_mixin.py:104} INFO - [2022-03-21 05:15:57,747] {dag.py:1832} INFO - Sync 1 DAGs
[2022-03-21 05:15:57,768] {logging_mixin.py:104} INFO - [2022-03-21 05:15:57,768] {dag.py:2305} INFO - Setting next_dagrun for example_trigger_controller_dag to 2022-03-19 00:00:00+00:00
[2022-03-21 05:15:57,804] {scheduler_job.py:190} INFO - Processing /home/airflow/sandbox/lib/python3.8/site-packages/airflow/example_dags/example_trigger_controller_dag.py took 0.119 seconds
[2022-03-21 05:16:45,281] {scheduler_job.py:182} INFO - Started process (PID=8893) to work on /home/airflow/sandbox/lib/python3.8/site-packages/airflow/example_dags/example_trigger_controller_dag.py
[2022-03-21 05:16:45,284] {scheduler_job.py:633} INFO - Processing file /home/airflow/sandbox/lib/python3.8/site-packages/airflow/example_dags/example_trigger_controller_dag.py for tasks to queue
[2022-03-21 05:16:45,285] {logging_mixin.py:104} INFO - [2022-03-21 05:16:45,285] {dagbag.py:487} INFO - Filling up the DagBag from /home/airflow/sandbox/lib/python3.8/site-packages/airflow/example_dags/example_trigger_controller_dag.py
[2022-03-21 05:16:45,295] {scheduler_job.py:643} INFO - DAG(s) dict_keys(['example_trigger_controller_dag']) retrieved from /home/airflow/sandbox/lib/python3.8/site-packages/airflow/example_dags/example_trigger_controller_dag.py
[2022-03-21 05:16:45,328] {logging_mixin.py:104} INFO - [2022-03-21 05:16:45,328] {dag.py:1832} INFO - Sync 1 DAGs
[2022-03-21 05:16:45,349] {logging_mixin.py:104} INFO - [2022-03-21 05:16:45,349] {dag.py:2305} INFO - Setting next_dagrun for example_trigger_controller_dag to 2022-03-19 00:00:00+00:00
[2022-03-21 05:16:45,385] {scheduler_job.py:190} INFO - Processing /home/airflow/sandbox/lib/python3.8/site-packages/airflow/example_dags/example_trigger_controller_dag.py took 0.111 seconds
[2022-03-21 05:17:32,992] {scheduler_job.py:182} INFO - Started process (PID=9112) to work on /home/airflow/sandbox/lib/python3.8/site-packages/airflow/example_dags/example_trigger_controller_dag.py
[2022-03-21 05:17:32,997] {scheduler_job.py:633} INFO - Processing file /home/airflow/sandbox/lib/python3.8/site-packages/airflow/example_dags/example_trigger_controller_dag.py for tasks to queue
[2022-03-21 05:17:32,999] {logging_mixin.py:104} INFO - [2022-03-21 05:17:32,998] {dagbag.py:487} INFO - Filling up the DagBag from /home/airflow/sandbox/lib/python3.8/site-packages/airflow/example_dags/example_trigger_controller_dag.py
[2022-03-21 05:17:33,013] {scheduler_job.py:643} INFO - DAG(s) dict_keys(['example_trigger_controller_dag']) retrieved from /home/airflow/sandbox/lib/python3.8/site-packages/airflow/example_dags/example_trigger_controller_dag.py
[2022-03-21 05:17:33,045] {logging_mixin.py:104} INFO - [2022-03-21 05:17:33,044] {dag.py:1832} INFO - Sync 1 DAGs
[2022-03-21 05:17:33,065] {logging_mixin.py:104} INFO - [2022-03-21 05:17:33,065] {dag.py:2305} INFO - Setting next_dagrun for example_trigger_controller_dag to 2022-03-19 00:00:00+00:00
[2022-03-21 05:17:33,113] {scheduler_job.py:190} INFO - Processing /home/airflow/sandbox/lib/python3.8/site-packages/airflow/example_dags/example_trigger_controller_dag.py took 0.128 seconds
[2022-03-21 05:18:19,118] {scheduler_job.py:182} INFO - Started process (PID=9234) to work on /home/airflow/sandbox/lib/python3.8/site-packages/airflow/example_dags/example_trigger_controller_dag.py
[2022-03-21 05:18:19,121] {scheduler_job.py:633} INFO - Processing file /home/airflow/sandbox/lib/python3.8/site-packages/airflow/example_dags/example_trigger_controller_dag.py for tasks to queue
[2022-03-21 05:18:19,125] {logging_mixin.py:104} INFO - [2022-03-21 05:18:19,124] {dagbag.py:487} INFO - Filling up the DagBag from /home/airflow/sandbox/lib/python3.8/site-packages/airflow/example_dags/example_trigger_controller_dag.py
[2022-03-21 05:18:19,138] {scheduler_job.py:643} INFO - DAG(s) dict_keys(['example_trigger_controller_dag']) retrieved from /home/airflow/sandbox/lib/python3.8/site-packages/airflow/example_dags/example_trigger_controller_dag.py
[2022-03-21 05:18:19,172] {logging_mixin.py:104} INFO - [2022-03-21 05:18:19,172] {dag.py:1832} INFO - Sync 1 DAGs
[2022-03-21 05:18:19,194] {logging_mixin.py:104} INFO - [2022-03-21 05:18:19,194] {dag.py:2305} INFO - Setting next_dagrun for example_trigger_controller_dag to 2022-03-19 00:00:00+00:00
[2022-03-21 05:18:19,233] {scheduler_job.py:190} INFO - Processing /home/airflow/sandbox/lib/python3.8/site-packages/airflow/example_dags/example_trigger_controller_dag.py took 0.121 seconds
[2022-03-21 05:19:08,531] {scheduler_job.py:182} INFO - Started process (PID=9271) to work on /home/airflow/sandbox/lib/python3.8/site-packages/airflow/example_dags/example_trigger_controller_dag.py
[2022-03-21 05:19:08,533] {scheduler_job.py:633} INFO - Processing file /home/airflow/sandbox/lib/python3.8/site-packages/airflow/example_dags/example_trigger_controller_dag.py for tasks to queue
[2022-03-21 05:19:08,535] {logging_mixin.py:104} INFO - [2022-03-21 05:19:08,534] {dagbag.py:487} INFO - Filling up the DagBag from /home/airflow/sandbox/lib/python3.8/site-packages/airflow/example_dags/example_trigger_controller_dag.py
[2022-03-21 05:19:08,549] {scheduler_job.py:643} INFO - DAG(s) dict_keys(['example_trigger_controller_dag']) retrieved from /home/airflow/sandbox/lib/python3.8/site-packages/airflow/example_dags/example_trigger_controller_dag.py
[2022-03-21 05:19:08,599] {logging_mixin.py:104} INFO - [2022-03-21 05:19:08,599] {dag.py:1832} INFO - Sync 1 DAGs
[2022-03-21 05:19:08,648] {logging_mixin.py:104} INFO - [2022-03-21 05:19:08,648] {dag.py:2305} INFO - Setting next_dagrun for example_trigger_controller_dag to 2022-03-19 00:00:00+00:00
[2022-03-21 05:19:08,693] {scheduler_job.py:190} INFO - Processing /home/airflow/sandbox/lib/python3.8/site-packages/airflow/example_dags/example_trigger_controller_dag.py took 0.169 seconds
[2022-03-21 05:19:52,278] {scheduler_job.py:182} INFO - Started process (PID=9305) to work on /home/airflow/sandbox/lib/python3.8/site-packages/airflow/example_dags/example_trigger_controller_dag.py
[2022-03-21 05:19:52,280] {scheduler_job.py:633} INFO - Processing file /home/airflow/sandbox/lib/python3.8/site-packages/airflow/example_dags/example_trigger_controller_dag.py for tasks to queue
[2022-03-21 05:19:52,282] {logging_mixin.py:104} INFO - [2022-03-21 05:19:52,281] {dagbag.py:487} INFO - Filling up the DagBag from /home/airflow/sandbox/lib/python3.8/site-packages/airflow/example_dags/example_trigger_controller_dag.py
[2022-03-21 05:19:52,294] {scheduler_job.py:643} INFO - DAG(s) dict_keys(['example_trigger_controller_dag']) retrieved from /home/airflow/sandbox/lib/python3.8/site-packages/airflow/example_dags/example_trigger_controller_dag.py
[2022-03-21 05:19:52,335] {logging_mixin.py:104} INFO - [2022-03-21 05:19:52,334] {dag.py:1832} INFO - Sync 1 DAGs
[2022-03-21 05:19:52,362] {logging_mixin.py:104} INFO - [2022-03-21 05:19:52,362] {dag.py:2305} INFO - Setting next_dagrun for example_trigger_controller_dag to 2022-03-19 00:00:00+00:00
[2022-03-21 05:19:52,426] {scheduler_job.py:190} INFO - Processing /home/airflow/sandbox/lib/python3.8/site-packages/airflow/example_dags/example_trigger_controller_dag.py took 0.155 seconds
[2022-03-21 05:20:35,740] {scheduler_job.py:182} INFO - Started process (PID=9394) to work on /home/airflow/sandbox/lib/python3.8/site-packages/airflow/example_dags/example_trigger_controller_dag.py
[2022-03-21 05:20:35,743] {scheduler_job.py:633} INFO - Processing file /home/airflow/sandbox/lib/python3.8/site-packages/airflow/example_dags/example_trigger_controller_dag.py for tasks to queue
[2022-03-21 05:20:35,746] {logging_mixin.py:104} INFO - [2022-03-21 05:20:35,746] {dagbag.py:487} INFO - Filling up the DagBag from /home/airflow/sandbox/lib/python3.8/site-packages/airflow/example_dags/example_trigger_controller_dag.py
[2022-03-21 05:20:35,758] {scheduler_job.py:643} INFO - DAG(s) dict_keys(['example_trigger_controller_dag']) retrieved from /home/airflow/sandbox/lib/python3.8/site-packages/airflow/example_dags/example_trigger_controller_dag.py
[2022-03-21 05:20:35,792] {logging_mixin.py:104} INFO - [2022-03-21 05:20:35,792] {dag.py:1832} INFO - Sync 1 DAGs
[2022-03-21 05:20:35,817] {logging_mixin.py:104} INFO - [2022-03-21 05:20:35,817] {dag.py:2305} INFO - Setting next_dagrun for example_trigger_controller_dag to 2022-03-19 00:00:00+00:00
[2022-03-21 05:20:35,856] {scheduler_job.py:190} INFO - Processing /home/airflow/sandbox/lib/python3.8/site-packages/airflow/example_dags/example_trigger_controller_dag.py took 0.129 seconds
[2022-03-21 05:21:31,173] {scheduler_job.py:182} INFO - Started process (PID=9430) to work on /home/airflow/sandbox/lib/python3.8/site-packages/airflow/example_dags/example_trigger_controller_dag.py
[2022-03-21 05:21:31,176] {scheduler_job.py:633} INFO - Processing file /home/airflow/sandbox/lib/python3.8/site-packages/airflow/example_dags/example_trigger_controller_dag.py for tasks to queue
[2022-03-21 05:21:31,178] {logging_mixin.py:104} INFO - [2022-03-21 05:21:31,178] {dagbag.py:487} INFO - Filling up the DagBag from /home/airflow/sandbox/lib/python3.8/site-packages/airflow/example_dags/example_trigger_controller_dag.py
[2022-03-21 05:21:31,200] {scheduler_job.py:643} INFO - DAG(s) dict_keys(['example_trigger_controller_dag']) retrieved from /home/airflow/sandbox/lib/python3.8/site-packages/airflow/example_dags/example_trigger_controller_dag.py
[2022-03-21 05:21:31,240] {logging_mixin.py:104} INFO - [2022-03-21 05:21:31,240] {dag.py:1832} INFO - Sync 1 DAGs
[2022-03-21 05:21:31,268] {logging_mixin.py:104} INFO - [2022-03-21 05:21:31,268] {dag.py:2305} INFO - Setting next_dagrun for example_trigger_controller_dag to 2022-03-19 00:00:00+00:00
[2022-03-21 05:21:31,314] {scheduler_job.py:190} INFO - Processing /home/airflow/sandbox/lib/python3.8/site-packages/airflow/example_dags/example_trigger_controller_dag.py took 0.152 seconds
[2022-03-21 05:22:14,474] {scheduler_job.py:182} INFO - Started process (PID=9463) to work on /home/airflow/sandbox/lib/python3.8/site-packages/airflow/example_dags/example_trigger_controller_dag.py
[2022-03-21 05:22:14,476] {scheduler_job.py:633} INFO - Processing file /home/airflow/sandbox/lib/python3.8/site-packages/airflow/example_dags/example_trigger_controller_dag.py for tasks to queue
[2022-03-21 05:22:14,477] {logging_mixin.py:104} INFO - [2022-03-21 05:22:14,477] {dagbag.py:487} INFO - Filling up the DagBag from /home/airflow/sandbox/lib/python3.8/site-packages/airflow/example_dags/example_trigger_controller_dag.py
[2022-03-21 05:22:14,492] {scheduler_job.py:643} INFO - DAG(s) dict_keys(['example_trigger_controller_dag']) retrieved from /home/airflow/sandbox/lib/python3.8/site-packages/airflow/example_dags/example_trigger_controller_dag.py
[2022-03-21 05:22:14,520] {logging_mixin.py:104} INFO - [2022-03-21 05:22:14,520] {dag.py:1832} INFO - Sync 1 DAGs
[2022-03-21 05:22:14,541] {logging_mixin.py:104} INFO - [2022-03-21 05:22:14,541] {dag.py:2305} INFO - Setting next_dagrun for example_trigger_controller_dag to 2022-03-19 00:00:00+00:00
[2022-03-21 05:22:14,633] {scheduler_job.py:190} INFO - Processing /home/airflow/sandbox/lib/python3.8/site-packages/airflow/example_dags/example_trigger_controller_dag.py took 0.171 seconds
[2022-03-21 05:22:56,297] {scheduler_job.py:182} INFO - Started process (PID=9496) to work on /home/airflow/sandbox/lib/python3.8/site-packages/airflow/example_dags/example_trigger_controller_dag.py
[2022-03-21 05:22:56,299] {scheduler_job.py:633} INFO - Processing file /home/airflow/sandbox/lib/python3.8/site-packages/airflow/example_dags/example_trigger_controller_dag.py for tasks to queue
[2022-03-21 05:22:56,301] {logging_mixin.py:104} INFO - [2022-03-21 05:22:56,301] {dagbag.py:487} INFO - Filling up the DagBag from /home/airflow/sandbox/lib/python3.8/site-packages/airflow/example_dags/example_trigger_controller_dag.py
[2022-03-21 05:22:56,312] {scheduler_job.py:643} INFO - DAG(s) dict_keys(['example_trigger_controller_dag']) retrieved from /home/airflow/sandbox/lib/python3.8/site-packages/airflow/example_dags/example_trigger_controller_dag.py
[2022-03-21 05:22:56,342] {logging_mixin.py:104} INFO - [2022-03-21 05:22:56,342] {dag.py:1832} INFO - Sync 1 DAGs
[2022-03-21 05:22:56,369] {logging_mixin.py:104} INFO - [2022-03-21 05:22:56,369] {dag.py:2305} INFO - Setting next_dagrun for example_trigger_controller_dag to 2022-03-19 00:00:00+00:00
[2022-03-21 05:22:56,403] {scheduler_job.py:190} INFO - Processing /home/airflow/sandbox/lib/python3.8/site-packages/airflow/example_dags/example_trigger_controller_dag.py took 0.117 seconds
[2022-03-21 05:23:36,383] {scheduler_job.py:182} INFO - Started process (PID=9529) to work on /home/airflow/sandbox/lib/python3.8/site-packages/airflow/example_dags/example_trigger_controller_dag.py
[2022-03-21 05:23:36,385] {scheduler_job.py:633} INFO - Processing file /home/airflow/sandbox/lib/python3.8/site-packages/airflow/example_dags/example_trigger_controller_dag.py for tasks to queue
[2022-03-21 05:23:36,388] {logging_mixin.py:104} INFO - [2022-03-21 05:23:36,388] {dagbag.py:487} INFO - Filling up the DagBag from /home/airflow/sandbox/lib/python3.8/site-packages/airflow/example_dags/example_trigger_controller_dag.py
[2022-03-21 05:23:36,400] {scheduler_job.py:643} INFO - DAG(s) dict_keys(['example_trigger_controller_dag']) retrieved from /home/airflow/sandbox/lib/python3.8/site-packages/airflow/example_dags/example_trigger_controller_dag.py
[2022-03-21 05:23:36,428] {logging_mixin.py:104} INFO - [2022-03-21 05:23:36,428] {dag.py:1832} INFO - Sync 1 DAGs
[2022-03-21 05:23:36,455] {logging_mixin.py:104} INFO - [2022-03-21 05:23:36,455] {dag.py:2305} INFO - Setting next_dagrun for example_trigger_controller_dag to 2022-03-19 00:00:00+00:00
[2022-03-21 05:23:36,490] {scheduler_job.py:190} INFO - Processing /home/airflow/sandbox/lib/python3.8/site-packages/airflow/example_dags/example_trigger_controller_dag.py took 0.113 seconds
[2022-03-21 05:24:16,708] {scheduler_job.py:182} INFO - Started process (PID=9560) to work on /home/airflow/sandbox/lib/python3.8/site-packages/airflow/example_dags/example_trigger_controller_dag.py
[2022-03-21 05:24:16,712] {scheduler_job.py:633} INFO - Processing file /home/airflow/sandbox/lib/python3.8/site-packages/airflow/example_dags/example_trigger_controller_dag.py for tasks to queue
[2022-03-21 05:24:16,714] {logging_mixin.py:104} INFO - [2022-03-21 05:24:16,713] {dagbag.py:487} INFO - Filling up the DagBag from /home/airflow/sandbox/lib/python3.8/site-packages/airflow/example_dags/example_trigger_controller_dag.py
[2022-03-21 05:24:16,724] {scheduler_job.py:643} INFO - DAG(s) dict_keys(['example_trigger_controller_dag']) retrieved from /home/airflow/sandbox/lib/python3.8/site-packages/airflow/example_dags/example_trigger_controller_dag.py
[2022-03-21 05:24:16,757] {logging_mixin.py:104} INFO - [2022-03-21 05:24:16,756] {dag.py:1832} INFO - Sync 1 DAGs
[2022-03-21 05:24:16,780] {logging_mixin.py:104} INFO - [2022-03-21 05:24:16,780] {dag.py:2305} INFO - Setting next_dagrun for example_trigger_controller_dag to 2022-03-19 00:00:00+00:00
[2022-03-21 05:24:16,822] {scheduler_job.py:190} INFO - Processing /home/airflow/sandbox/lib/python3.8/site-packages/airflow/example_dags/example_trigger_controller_dag.py took 0.120 seconds
[2022-03-21 05:24:56,269] {scheduler_job.py:182} INFO - Started process (PID=9589) to work on /home/airflow/sandbox/lib/python3.8/site-packages/airflow/example_dags/example_trigger_controller_dag.py
[2022-03-21 05:24:56,271] {scheduler_job.py:633} INFO - Processing file /home/airflow/sandbox/lib/python3.8/site-packages/airflow/example_dags/example_trigger_controller_dag.py for tasks to queue
[2022-03-21 05:24:56,273] {logging_mixin.py:104} INFO - [2022-03-21 05:24:56,273] {dagbag.py:487} INFO - Filling up the DagBag from /home/airflow/sandbox/lib/python3.8/site-packages/airflow/example_dags/example_trigger_controller_dag.py
[2022-03-21 05:24:56,284] {scheduler_job.py:643} INFO - DAG(s) dict_keys(['example_trigger_controller_dag']) retrieved from /home/airflow/sandbox/lib/python3.8/site-packages/airflow/example_dags/example_trigger_controller_dag.py
[2022-03-21 05:24:56,309] {logging_mixin.py:104} INFO - [2022-03-21 05:24:56,309] {dag.py:1832} INFO - Sync 1 DAGs
[2022-03-21 05:24:56,338] {logging_mixin.py:104} INFO - [2022-03-21 05:24:56,338] {dag.py:2305} INFO - Setting next_dagrun for example_trigger_controller_dag to 2022-03-19 00:00:00+00:00
[2022-03-21 05:24:56,369] {scheduler_job.py:190} INFO - Processing /home/airflow/sandbox/lib/python3.8/site-packages/airflow/example_dags/example_trigger_controller_dag.py took 0.114 seconds
[2022-03-21 05:25:41,669] {scheduler_job.py:182} INFO - Started process (PID=9680) to work on /home/airflow/sandbox/lib/python3.8/site-packages/airflow/example_dags/example_trigger_controller_dag.py
[2022-03-21 05:25:41,671] {scheduler_job.py:633} INFO - Processing file /home/airflow/sandbox/lib/python3.8/site-packages/airflow/example_dags/example_trigger_controller_dag.py for tasks to queue
[2022-03-21 05:25:41,672] {logging_mixin.py:104} INFO - [2022-03-21 05:25:41,672] {dagbag.py:487} INFO - Filling up the DagBag from /home/airflow/sandbox/lib/python3.8/site-packages/airflow/example_dags/example_trigger_controller_dag.py
[2022-03-21 05:25:41,684] {scheduler_job.py:643} INFO - DAG(s) dict_keys(['example_trigger_controller_dag']) retrieved from /home/airflow/sandbox/lib/python3.8/site-packages/airflow/example_dags/example_trigger_controller_dag.py
[2022-03-21 05:25:41,717] {logging_mixin.py:104} INFO - [2022-03-21 05:25:41,717] {dag.py:1832} INFO - Sync 1 DAGs
[2022-03-21 05:25:41,738] {logging_mixin.py:104} INFO - [2022-03-21 05:25:41,738] {dag.py:2305} INFO - Setting next_dagrun for example_trigger_controller_dag to 2022-03-19 00:00:00+00:00
[2022-03-21 05:25:41,878] {scheduler_job.py:190} INFO - Processing /home/airflow/sandbox/lib/python3.8/site-packages/airflow/example_dags/example_trigger_controller_dag.py took 0.216 seconds
[2022-03-21 05:26:31,807] {scheduler_job.py:182} INFO - Started process (PID=9715) to work on /home/airflow/sandbox/lib/python3.8/site-packages/airflow/example_dags/example_trigger_controller_dag.py
[2022-03-21 05:26:31,812] {scheduler_job.py:633} INFO - Processing file /home/airflow/sandbox/lib/python3.8/site-packages/airflow/example_dags/example_trigger_controller_dag.py for tasks to queue
[2022-03-21 05:26:31,814] {logging_mixin.py:104} INFO - [2022-03-21 05:26:31,814] {dagbag.py:487} INFO - Filling up the DagBag from /home/airflow/sandbox/lib/python3.8/site-packages/airflow/example_dags/example_trigger_controller_dag.py
[2022-03-21 05:26:31,830] {scheduler_job.py:643} INFO - DAG(s) dict_keys(['example_trigger_controller_dag']) retrieved from /home/airflow/sandbox/lib/python3.8/site-packages/airflow/example_dags/example_trigger_controller_dag.py
[2022-03-21 05:26:31,876] {logging_mixin.py:104} INFO - [2022-03-21 05:26:31,876] {dag.py:1832} INFO - Sync 1 DAGs
[2022-03-21 05:26:32,013] {logging_mixin.py:104} INFO - [2022-03-21 05:26:32,012] {dag.py:2305} INFO - Setting next_dagrun for example_trigger_controller_dag to 2022-03-19 00:00:00+00:00
[2022-03-21 05:26:32,049] {scheduler_job.py:190} INFO - Processing /home/airflow/sandbox/lib/python3.8/site-packages/airflow/example_dags/example_trigger_controller_dag.py took 0.251 seconds
[2022-03-21 05:27:23,865] {scheduler_job.py:182} INFO - Started process (PID=9751) to work on /home/airflow/sandbox/lib/python3.8/site-packages/airflow/example_dags/example_trigger_controller_dag.py
[2022-03-21 05:27:23,868] {scheduler_job.py:633} INFO - Processing file /home/airflow/sandbox/lib/python3.8/site-packages/airflow/example_dags/example_trigger_controller_dag.py for tasks to queue
[2022-03-21 05:27:23,869] {logging_mixin.py:104} INFO - [2022-03-21 05:27:23,869] {dagbag.py:487} INFO - Filling up the DagBag from /home/airflow/sandbox/lib/python3.8/site-packages/airflow/example_dags/example_trigger_controller_dag.py
[2022-03-21 05:27:23,884] {scheduler_job.py:643} INFO - DAG(s) dict_keys(['example_trigger_controller_dag']) retrieved from /home/airflow/sandbox/lib/python3.8/site-packages/airflow/example_dags/example_trigger_controller_dag.py
[2022-03-21 05:27:23,924] {logging_mixin.py:104} INFO - [2022-03-21 05:27:23,924] {dag.py:1832} INFO - Sync 1 DAGs
[2022-03-21 05:27:24,067] {logging_mixin.py:104} INFO - [2022-03-21 05:27:24,066] {dag.py:2305} INFO - Setting next_dagrun for example_trigger_controller_dag to 2022-03-19 00:00:00+00:00
[2022-03-21 05:27:24,136] {scheduler_job.py:190} INFO - Processing /home/airflow/sandbox/lib/python3.8/site-packages/airflow/example_dags/example_trigger_controller_dag.py took 0.278 seconds
[2022-03-21 05:28:15,661] {scheduler_job.py:182} INFO - Started process (PID=9788) to work on /home/airflow/sandbox/lib/python3.8/site-packages/airflow/example_dags/example_trigger_controller_dag.py
[2022-03-21 05:28:15,664] {scheduler_job.py:633} INFO - Processing file /home/airflow/sandbox/lib/python3.8/site-packages/airflow/example_dags/example_trigger_controller_dag.py for tasks to queue
[2022-03-21 05:28:15,665] {logging_mixin.py:104} INFO - [2022-03-21 05:28:15,665] {dagbag.py:487} INFO - Filling up the DagBag from /home/airflow/sandbox/lib/python3.8/site-packages/airflow/example_dags/example_trigger_controller_dag.py
[2022-03-21 05:28:15,679] {scheduler_job.py:643} INFO - DAG(s) dict_keys(['example_trigger_controller_dag']) retrieved from /home/airflow/sandbox/lib/python3.8/site-packages/airflow/example_dags/example_trigger_controller_dag.py
[2022-03-21 05:28:15,849] {logging_mixin.py:104} INFO - [2022-03-21 05:28:15,849] {dag.py:1832} INFO - Sync 1 DAGs
[2022-03-21 05:28:15,866] {logging_mixin.py:104} INFO - [2022-03-21 05:28:15,866] {dag.py:2305} INFO - Setting next_dagrun for example_trigger_controller_dag to 2022-03-19 00:00:00+00:00
[2022-03-21 05:28:15,905] {scheduler_job.py:190} INFO - Processing /home/airflow/sandbox/lib/python3.8/site-packages/airflow/example_dags/example_trigger_controller_dag.py took 0.256 seconds
[2022-03-21 05:29:05,509] {scheduler_job.py:182} INFO - Started process (PID=9824) to work on /home/airflow/sandbox/lib/python3.8/site-packages/airflow/example_dags/example_trigger_controller_dag.py
[2022-03-21 05:29:05,511] {scheduler_job.py:633} INFO - Processing file /home/airflow/sandbox/lib/python3.8/site-packages/airflow/example_dags/example_trigger_controller_dag.py for tasks to queue
[2022-03-21 05:29:05,517] {logging_mixin.py:104} INFO - [2022-03-21 05:29:05,517] {dagbag.py:487} INFO - Filling up the DagBag from /home/airflow/sandbox/lib/python3.8/site-packages/airflow/example_dags/example_trigger_controller_dag.py
[2022-03-21 05:29:05,531] {scheduler_job.py:643} INFO - DAG(s) dict_keys(['example_trigger_controller_dag']) retrieved from /home/airflow/sandbox/lib/python3.8/site-packages/airflow/example_dags/example_trigger_controller_dag.py
[2022-03-21 05:29:05,681] {logging_mixin.py:104} INFO - [2022-03-21 05:29:05,681] {dag.py:1832} INFO - Sync 1 DAGs
[2022-03-21 05:29:05,704] {logging_mixin.py:104} INFO - [2022-03-21 05:29:05,704] {dag.py:2305} INFO - Setting next_dagrun for example_trigger_controller_dag to 2022-03-19 00:00:00+00:00
[2022-03-21 05:29:05,741] {scheduler_job.py:190} INFO - Processing /home/airflow/sandbox/lib/python3.8/site-packages/airflow/example_dags/example_trigger_controller_dag.py took 0.238 seconds
[2022-03-21 05:29:58,563] {scheduler_job.py:182} INFO - Started process (PID=9862) to work on /home/airflow/sandbox/lib/python3.8/site-packages/airflow/example_dags/example_trigger_controller_dag.py
[2022-03-21 05:29:58,566] {scheduler_job.py:633} INFO - Processing file /home/airflow/sandbox/lib/python3.8/site-packages/airflow/example_dags/example_trigger_controller_dag.py for tasks to queue
[2022-03-21 05:29:58,567] {logging_mixin.py:104} INFO - [2022-03-21 05:29:58,567] {dagbag.py:487} INFO - Filling up the DagBag from /home/airflow/sandbox/lib/python3.8/site-packages/airflow/example_dags/example_trigger_controller_dag.py
[2022-03-21 05:29:58,718] {scheduler_job.py:643} INFO - DAG(s) dict_keys(['example_trigger_controller_dag']) retrieved from /home/airflow/sandbox/lib/python3.8/site-packages/airflow/example_dags/example_trigger_controller_dag.py
[2022-03-21 05:29:58,748] {logging_mixin.py:104} INFO - [2022-03-21 05:29:58,748] {dag.py:1832} INFO - Sync 1 DAGs
[2022-03-21 05:29:58,767] {logging_mixin.py:104} INFO - [2022-03-21 05:29:58,767] {dag.py:2305} INFO - Setting next_dagrun for example_trigger_controller_dag to 2022-03-19 00:00:00+00:00
[2022-03-21 05:29:58,805] {scheduler_job.py:190} INFO - Processing /home/airflow/sandbox/lib/python3.8/site-packages/airflow/example_dags/example_trigger_controller_dag.py took 0.250 seconds
[2022-03-21 05:30:55,233] {scheduler_job.py:182} INFO - Started process (PID=9957) to work on /home/airflow/sandbox/lib/python3.8/site-packages/airflow/example_dags/example_trigger_controller_dag.py
[2022-03-21 05:30:55,235] {scheduler_job.py:633} INFO - Processing file /home/airflow/sandbox/lib/python3.8/site-packages/airflow/example_dags/example_trigger_controller_dag.py for tasks to queue
[2022-03-21 05:30:55,238] {logging_mixin.py:104} INFO - [2022-03-21 05:30:55,238] {dagbag.py:487} INFO - Filling up the DagBag from /home/airflow/sandbox/lib/python3.8/site-packages/airflow/example_dags/example_trigger_controller_dag.py
[2022-03-21 05:30:55,249] {scheduler_job.py:643} INFO - DAG(s) dict_keys(['example_trigger_controller_dag']) retrieved from /home/airflow/sandbox/lib/python3.8/site-packages/airflow/example_dags/example_trigger_controller_dag.py
[2022-03-21 05:30:55,280] {logging_mixin.py:104} INFO - [2022-03-21 05:30:55,280] {dag.py:1832} INFO - Sync 1 DAGs
[2022-03-21 05:30:55,300] {logging_mixin.py:104} INFO - [2022-03-21 05:30:55,300] {dag.py:2305} INFO - Setting next_dagrun for example_trigger_controller_dag to 2022-03-19 00:00:00+00:00
[2022-03-21 05:30:55,337] {scheduler_job.py:190} INFO - Processing /home/airflow/sandbox/lib/python3.8/site-packages/airflow/example_dags/example_trigger_controller_dag.py took 0.113 seconds
[2022-03-21 05:31:40,649] {scheduler_job.py:182} INFO - Started process (PID=9992) to work on /home/airflow/sandbox/lib/python3.8/site-packages/airflow/example_dags/example_trigger_controller_dag.py
[2022-03-21 05:31:40,653] {scheduler_job.py:633} INFO - Processing file /home/airflow/sandbox/lib/python3.8/site-packages/airflow/example_dags/example_trigger_controller_dag.py for tasks to queue
[2022-03-21 05:31:40,655] {logging_mixin.py:104} INFO - [2022-03-21 05:31:40,655] {dagbag.py:487} INFO - Filling up the DagBag from /home/airflow/sandbox/lib/python3.8/site-packages/airflow/example_dags/example_trigger_controller_dag.py
[2022-03-21 05:31:40,669] {scheduler_job.py:643} INFO - DAG(s) dict_keys(['example_trigger_controller_dag']) retrieved from /home/airflow/sandbox/lib/python3.8/site-packages/airflow/example_dags/example_trigger_controller_dag.py
[2022-03-21 05:31:40,700] {logging_mixin.py:104} INFO - [2022-03-21 05:31:40,700] {dag.py:1832} INFO - Sync 1 DAGs
[2022-03-21 05:31:40,720] {logging_mixin.py:104} INFO - [2022-03-21 05:31:40,719] {dag.py:2305} INFO - Setting next_dagrun for example_trigger_controller_dag to 2022-03-19 00:00:00+00:00
[2022-03-21 05:31:40,756] {scheduler_job.py:190} INFO - Processing /home/airflow/sandbox/lib/python3.8/site-packages/airflow/example_dags/example_trigger_controller_dag.py took 0.126 seconds
[2022-03-21 05:32:21,128] {scheduler_job.py:182} INFO - Started process (PID=10024) to work on /home/airflow/sandbox/lib/python3.8/site-packages/airflow/example_dags/example_trigger_controller_dag.py
[2022-03-21 05:32:21,130] {scheduler_job.py:633} INFO - Processing file /home/airflow/sandbox/lib/python3.8/site-packages/airflow/example_dags/example_trigger_controller_dag.py for tasks to queue
[2022-03-21 05:32:21,131] {logging_mixin.py:104} INFO - [2022-03-21 05:32:21,131] {dagbag.py:487} INFO - Filling up the DagBag from /home/airflow/sandbox/lib/python3.8/site-packages/airflow/example_dags/example_trigger_controller_dag.py
[2022-03-21 05:32:21,143] {scheduler_job.py:643} INFO - DAG(s) dict_keys(['example_trigger_controller_dag']) retrieved from /home/airflow/sandbox/lib/python3.8/site-packages/airflow/example_dags/example_trigger_controller_dag.py
[2022-03-21 05:32:21,174] {logging_mixin.py:104} INFO - [2022-03-21 05:32:21,174] {dag.py:1832} INFO - Sync 1 DAGs
[2022-03-21 05:32:21,196] {logging_mixin.py:104} INFO - [2022-03-21 05:32:21,196] {dag.py:2305} INFO - Setting next_dagrun for example_trigger_controller_dag to 2022-03-19 00:00:00+00:00
[2022-03-21 05:32:21,234] {scheduler_job.py:190} INFO - Processing /home/airflow/sandbox/lib/python3.8/site-packages/airflow/example_dags/example_trigger_controller_dag.py took 0.113 seconds
[2022-03-21 05:33:04,089] {scheduler_job.py:182} INFO - Started process (PID=10056) to work on /home/airflow/sandbox/lib/python3.8/site-packages/airflow/example_dags/example_trigger_controller_dag.py
[2022-03-21 05:33:04,091] {scheduler_job.py:633} INFO - Processing file /home/airflow/sandbox/lib/python3.8/site-packages/airflow/example_dags/example_trigger_controller_dag.py for tasks to queue
[2022-03-21 05:33:04,095] {logging_mixin.py:104} INFO - [2022-03-21 05:33:04,092] {dagbag.py:487} INFO - Filling up the DagBag from /home/airflow/sandbox/lib/python3.8/site-packages/airflow/example_dags/example_trigger_controller_dag.py
[2022-03-21 05:33:04,105] {scheduler_job.py:643} INFO - DAG(s) dict_keys(['example_trigger_controller_dag']) retrieved from /home/airflow/sandbox/lib/python3.8/site-packages/airflow/example_dags/example_trigger_controller_dag.py
[2022-03-21 05:33:04,145] {logging_mixin.py:104} INFO - [2022-03-21 05:33:04,145] {dag.py:1832} INFO - Sync 1 DAGs
[2022-03-21 05:33:04,184] {logging_mixin.py:104} INFO - [2022-03-21 05:33:04,184] {dag.py:2305} INFO - Setting next_dagrun for example_trigger_controller_dag to 2022-03-19 00:00:00+00:00
[2022-03-21 05:33:04,221] {scheduler_job.py:190} INFO - Processing /home/airflow/sandbox/lib/python3.8/site-packages/airflow/example_dags/example_trigger_controller_dag.py took 0.140 seconds
[2022-03-21 05:33:47,804] {scheduler_job.py:182} INFO - Started process (PID=10089) to work on /home/airflow/sandbox/lib/python3.8/site-packages/airflow/example_dags/example_trigger_controller_dag.py
[2022-03-21 05:33:47,806] {scheduler_job.py:633} INFO - Processing file /home/airflow/sandbox/lib/python3.8/site-packages/airflow/example_dags/example_trigger_controller_dag.py for tasks to queue
[2022-03-21 05:33:47,807] {logging_mixin.py:104} INFO - [2022-03-21 05:33:47,807] {dagbag.py:487} INFO - Filling up the DagBag from /home/airflow/sandbox/lib/python3.8/site-packages/airflow/example_dags/example_trigger_controller_dag.py
[2022-03-21 05:33:47,819] {scheduler_job.py:643} INFO - DAG(s) dict_keys(['example_trigger_controller_dag']) retrieved from /home/airflow/sandbox/lib/python3.8/site-packages/airflow/example_dags/example_trigger_controller_dag.py
[2022-03-21 05:33:47,852] {logging_mixin.py:104} INFO - [2022-03-21 05:33:47,851] {dag.py:1832} INFO - Sync 1 DAGs
[2022-03-21 05:33:47,873] {logging_mixin.py:104} INFO - [2022-03-21 05:33:47,873] {dag.py:2305} INFO - Setting next_dagrun for example_trigger_controller_dag to 2022-03-19 00:00:00+00:00
[2022-03-21 05:33:47,910] {scheduler_job.py:190} INFO - Processing /home/airflow/sandbox/lib/python3.8/site-packages/airflow/example_dags/example_trigger_controller_dag.py took 0.112 seconds
[2022-03-21 05:34:32,095] {scheduler_job.py:182} INFO - Started process (PID=10123) to work on /home/airflow/sandbox/lib/python3.8/site-packages/airflow/example_dags/example_trigger_controller_dag.py
[2022-03-21 05:34:32,102] {scheduler_job.py:633} INFO - Processing file /home/airflow/sandbox/lib/python3.8/site-packages/airflow/example_dags/example_trigger_controller_dag.py for tasks to queue
[2022-03-21 05:34:32,104] {logging_mixin.py:104} INFO - [2022-03-21 05:34:32,104] {dagbag.py:487} INFO - Filling up the DagBag from /home/airflow/sandbox/lib/python3.8/site-packages/airflow/example_dags/example_trigger_controller_dag.py
[2022-03-21 05:34:32,122] {scheduler_job.py:643} INFO - DAG(s) dict_keys(['example_trigger_controller_dag']) retrieved from /home/airflow/sandbox/lib/python3.8/site-packages/airflow/example_dags/example_trigger_controller_dag.py
[2022-03-21 05:34:32,155] {logging_mixin.py:104} INFO - [2022-03-21 05:34:32,155] {dag.py:1832} INFO - Sync 1 DAGs
[2022-03-21 05:34:32,177] {logging_mixin.py:104} INFO - [2022-03-21 05:34:32,177] {dag.py:2305} INFO - Setting next_dagrun for example_trigger_controller_dag to 2022-03-19 00:00:00+00:00
[2022-03-21 05:34:32,210] {scheduler_job.py:190} INFO - Processing /home/airflow/sandbox/lib/python3.8/site-packages/airflow/example_dags/example_trigger_controller_dag.py took 0.121 seconds
[2022-03-21 05:35:21,005] {scheduler_job.py:182} INFO - Started process (PID=10158) to work on /home/airflow/sandbox/lib/python3.8/site-packages/airflow/example_dags/example_trigger_controller_dag.py
[2022-03-21 05:35:21,007] {scheduler_job.py:633} INFO - Processing file /home/airflow/sandbox/lib/python3.8/site-packages/airflow/example_dags/example_trigger_controller_dag.py for tasks to queue
[2022-03-21 05:35:21,015] {logging_mixin.py:104} INFO - [2022-03-21 05:35:21,013] {dagbag.py:487} INFO - Filling up the DagBag from /home/airflow/sandbox/lib/python3.8/site-packages/airflow/example_dags/example_trigger_controller_dag.py
[2022-03-21 05:35:21,029] {scheduler_job.py:643} INFO - DAG(s) dict_keys(['example_trigger_controller_dag']) retrieved from /home/airflow/sandbox/lib/python3.8/site-packages/airflow/example_dags/example_trigger_controller_dag.py
[2022-03-21 05:35:21,060] {logging_mixin.py:104} INFO - [2022-03-21 05:35:21,059] {dag.py:1832} INFO - Sync 1 DAGs
[2022-03-21 05:35:21,084] {logging_mixin.py:104} INFO - [2022-03-21 05:35:21,083] {dag.py:2305} INFO - Setting next_dagrun for example_trigger_controller_dag to 2022-03-19 00:00:00+00:00
[2022-03-21 05:35:21,116] {scheduler_job.py:190} INFO - Processing /home/airflow/sandbox/lib/python3.8/site-packages/airflow/example_dags/example_trigger_controller_dag.py took 0.121 seconds
[2022-03-21 05:36:06,283] {scheduler_job.py:182} INFO - Started process (PID=10246) to work on /home/airflow/sandbox/lib/python3.8/site-packages/airflow/example_dags/example_trigger_controller_dag.py
[2022-03-21 05:36:06,286] {scheduler_job.py:633} INFO - Processing file /home/airflow/sandbox/lib/python3.8/site-packages/airflow/example_dags/example_trigger_controller_dag.py for tasks to queue
[2022-03-21 05:36:06,287] {logging_mixin.py:104} INFO - [2022-03-21 05:36:06,287] {dagbag.py:487} INFO - Filling up the DagBag from /home/airflow/sandbox/lib/python3.8/site-packages/airflow/example_dags/example_trigger_controller_dag.py
[2022-03-21 05:36:06,297] {scheduler_job.py:643} INFO - DAG(s) dict_keys(['example_trigger_controller_dag']) retrieved from /home/airflow/sandbox/lib/python3.8/site-packages/airflow/example_dags/example_trigger_controller_dag.py
[2022-03-21 05:36:06,327] {logging_mixin.py:104} INFO - [2022-03-21 05:36:06,327] {dag.py:1832} INFO - Sync 1 DAGs
[2022-03-21 05:36:06,351] {logging_mixin.py:104} INFO - [2022-03-21 05:36:06,351] {dag.py:2305} INFO - Setting next_dagrun for example_trigger_controller_dag to 2022-03-19 00:00:00+00:00
[2022-03-21 05:36:06,386] {scheduler_job.py:190} INFO - Processing /home/airflow/sandbox/lib/python3.8/site-packages/airflow/example_dags/example_trigger_controller_dag.py took 0.111 seconds
[2022-03-21 05:36:52,081] {scheduler_job.py:182} INFO - Started process (PID=10280) to work on /home/airflow/sandbox/lib/python3.8/site-packages/airflow/example_dags/example_trigger_controller_dag.py
[2022-03-21 05:36:52,084] {scheduler_job.py:633} INFO - Processing file /home/airflow/sandbox/lib/python3.8/site-packages/airflow/example_dags/example_trigger_controller_dag.py for tasks to queue
[2022-03-21 05:36:52,088] {logging_mixin.py:104} INFO - [2022-03-21 05:36:52,087] {dagbag.py:487} INFO - Filling up the DagBag from /home/airflow/sandbox/lib/python3.8/site-packages/airflow/example_dags/example_trigger_controller_dag.py
[2022-03-21 05:36:52,099] {scheduler_job.py:643} INFO - DAG(s) dict_keys(['example_trigger_controller_dag']) retrieved from /home/airflow/sandbox/lib/python3.8/site-packages/airflow/example_dags/example_trigger_controller_dag.py
[2022-03-21 05:36:52,132] {logging_mixin.py:104} INFO - [2022-03-21 05:36:52,132] {dag.py:1832} INFO - Sync 1 DAGs
[2022-03-21 05:36:52,155] {logging_mixin.py:104} INFO - [2022-03-21 05:36:52,155] {dag.py:2305} INFO - Setting next_dagrun for example_trigger_controller_dag to 2022-03-19 00:00:00+00:00
[2022-03-21 05:36:52,190] {scheduler_job.py:190} INFO - Processing /home/airflow/sandbox/lib/python3.8/site-packages/airflow/example_dags/example_trigger_controller_dag.py took 0.117 seconds
[2022-03-21 05:37:36,143] {scheduler_job.py:182} INFO - Started process (PID=10313) to work on /home/airflow/sandbox/lib/python3.8/site-packages/airflow/example_dags/example_trigger_controller_dag.py
[2022-03-21 05:37:36,146] {scheduler_job.py:633} INFO - Processing file /home/airflow/sandbox/lib/python3.8/site-packages/airflow/example_dags/example_trigger_controller_dag.py for tasks to queue
[2022-03-21 05:37:36,147] {logging_mixin.py:104} INFO - [2022-03-21 05:37:36,147] {dagbag.py:487} INFO - Filling up the DagBag from /home/airflow/sandbox/lib/python3.8/site-packages/airflow/example_dags/example_trigger_controller_dag.py
[2022-03-21 05:37:36,163] {scheduler_job.py:643} INFO - DAG(s) dict_keys(['example_trigger_controller_dag']) retrieved from /home/airflow/sandbox/lib/python3.8/site-packages/airflow/example_dags/example_trigger_controller_dag.py
[2022-03-21 05:37:36,195] {logging_mixin.py:104} INFO - [2022-03-21 05:37:36,195] {dag.py:1832} INFO - Sync 1 DAGs
[2022-03-21 05:37:36,218] {logging_mixin.py:104} INFO - [2022-03-21 05:37:36,218] {dag.py:2305} INFO - Setting next_dagrun for example_trigger_controller_dag to 2022-03-19 00:00:00+00:00
[2022-03-21 05:37:36,259] {scheduler_job.py:190} INFO - Processing /home/airflow/sandbox/lib/python3.8/site-packages/airflow/example_dags/example_trigger_controller_dag.py took 0.124 seconds
[2022-03-21 05:38:20,315] {scheduler_job.py:182} INFO - Started process (PID=10348) to work on /home/airflow/sandbox/lib/python3.8/site-packages/airflow/example_dags/example_trigger_controller_dag.py
[2022-03-21 05:38:20,320] {scheduler_job.py:633} INFO - Processing file /home/airflow/sandbox/lib/python3.8/site-packages/airflow/example_dags/example_trigger_controller_dag.py for tasks to queue
[2022-03-21 05:38:20,321] {logging_mixin.py:104} INFO - [2022-03-21 05:38:20,321] {dagbag.py:487} INFO - Filling up the DagBag from /home/airflow/sandbox/lib/python3.8/site-packages/airflow/example_dags/example_trigger_controller_dag.py
[2022-03-21 05:38:20,337] {scheduler_job.py:643} INFO - DAG(s) dict_keys(['example_trigger_controller_dag']) retrieved from /home/airflow/sandbox/lib/python3.8/site-packages/airflow/example_dags/example_trigger_controller_dag.py
[2022-03-21 05:38:20,373] {logging_mixin.py:104} INFO - [2022-03-21 05:38:20,372] {dag.py:1832} INFO - Sync 1 DAGs
[2022-03-21 05:38:20,393] {logging_mixin.py:104} INFO - [2022-03-21 05:38:20,392] {dag.py:2305} INFO - Setting next_dagrun for example_trigger_controller_dag to 2022-03-19 00:00:00+00:00
[2022-03-21 05:38:20,439] {scheduler_job.py:190} INFO - Processing /home/airflow/sandbox/lib/python3.8/site-packages/airflow/example_dags/example_trigger_controller_dag.py took 0.130 seconds
[2022-03-21 05:39:00,768] {scheduler_job.py:182} INFO - Started process (PID=10379) to work on /home/airflow/sandbox/lib/python3.8/site-packages/airflow/example_dags/example_trigger_controller_dag.py
[2022-03-21 05:39:00,778] {scheduler_job.py:633} INFO - Processing file /home/airflow/sandbox/lib/python3.8/site-packages/airflow/example_dags/example_trigger_controller_dag.py for tasks to queue
[2022-03-21 05:39:00,780] {logging_mixin.py:104} INFO - [2022-03-21 05:39:00,779] {dagbag.py:487} INFO - Filling up the DagBag from /home/airflow/sandbox/lib/python3.8/site-packages/airflow/example_dags/example_trigger_controller_dag.py
[2022-03-21 05:39:00,801] {scheduler_job.py:643} INFO - DAG(s) dict_keys(['example_trigger_controller_dag']) retrieved from /home/airflow/sandbox/lib/python3.8/site-packages/airflow/example_dags/example_trigger_controller_dag.py
[2022-03-21 05:39:00,930] {logging_mixin.py:104} INFO - [2022-03-21 05:39:00,930] {dag.py:1832} INFO - Sync 1 DAGs
[2022-03-21 05:39:01,033] {logging_mixin.py:104} INFO - [2022-03-21 05:39:01,033] {dag.py:2305} INFO - Setting next_dagrun for example_trigger_controller_dag to 2022-03-19 00:00:00+00:00
[2022-03-21 05:39:01,101] {scheduler_job.py:190} INFO - Processing /home/airflow/sandbox/lib/python3.8/site-packages/airflow/example_dags/example_trigger_controller_dag.py took 0.350 seconds
[2022-03-21 05:39:44,628] {scheduler_job.py:182} INFO - Started process (PID=10409) to work on /home/airflow/sandbox/lib/python3.8/site-packages/airflow/example_dags/example_trigger_controller_dag.py
[2022-03-21 05:39:44,631] {scheduler_job.py:633} INFO - Processing file /home/airflow/sandbox/lib/python3.8/site-packages/airflow/example_dags/example_trigger_controller_dag.py for tasks to queue
[2022-03-21 05:39:44,632] {logging_mixin.py:104} INFO - [2022-03-21 05:39:44,632] {dagbag.py:487} INFO - Filling up the DagBag from /home/airflow/sandbox/lib/python3.8/site-packages/airflow/example_dags/example_trigger_controller_dag.py
[2022-03-21 05:39:44,647] {scheduler_job.py:643} INFO - DAG(s) dict_keys(['example_trigger_controller_dag']) retrieved from /home/airflow/sandbox/lib/python3.8/site-packages/airflow/example_dags/example_trigger_controller_dag.py
[2022-03-21 05:39:44,701] {logging_mixin.py:104} INFO - [2022-03-21 05:39:44,701] {dag.py:1832} INFO - Sync 1 DAGs
[2022-03-21 05:39:44,763] {logging_mixin.py:104} INFO - [2022-03-21 05:39:44,763] {dag.py:2305} INFO - Setting next_dagrun for example_trigger_controller_dag to 2022-03-19 00:00:00+00:00
[2022-03-21 05:39:44,808] {scheduler_job.py:190} INFO - Processing /home/airflow/sandbox/lib/python3.8/site-packages/airflow/example_dags/example_trigger_controller_dag.py took 0.190 seconds
[2022-03-21 05:40:29,667] {scheduler_job.py:182} INFO - Started process (PID=10472) to work on /home/airflow/sandbox/lib/python3.8/site-packages/airflow/example_dags/example_trigger_controller_dag.py
[2022-03-21 05:40:29,751] {scheduler_job.py:633} INFO - Processing file /home/airflow/sandbox/lib/python3.8/site-packages/airflow/example_dags/example_trigger_controller_dag.py for tasks to queue
[2022-03-21 05:40:29,775] {logging_mixin.py:104} INFO - [2022-03-21 05:40:29,775] {dagbag.py:487} INFO - Filling up the DagBag from /home/airflow/sandbox/lib/python3.8/site-packages/airflow/example_dags/example_trigger_controller_dag.py
[2022-03-21 05:40:29,919] {scheduler_job.py:643} INFO - DAG(s) dict_keys(['example_trigger_controller_dag']) retrieved from /home/airflow/sandbox/lib/python3.8/site-packages/airflow/example_dags/example_trigger_controller_dag.py
[2022-03-21 05:40:30,068] {logging_mixin.py:104} INFO - [2022-03-21 05:40:30,068] {dag.py:1832} INFO - Sync 1 DAGs
[2022-03-21 05:40:30,185] {logging_mixin.py:104} INFO - [2022-03-21 05:40:30,185] {dag.py:2305} INFO - Setting next_dagrun for example_trigger_controller_dag to 2022-03-19 00:00:00+00:00
[2022-03-21 05:40:30,319] {scheduler_job.py:190} INFO - Processing /home/airflow/sandbox/lib/python3.8/site-packages/airflow/example_dags/example_trigger_controller_dag.py took 0.821 seconds
[2022-03-21 05:41:14,977] {scheduler_job.py:182} INFO - Started process (PID=10534) to work on /home/airflow/sandbox/lib/python3.8/site-packages/airflow/example_dags/example_trigger_controller_dag.py
[2022-03-21 05:41:15,000] {scheduler_job.py:633} INFO - Processing file /home/airflow/sandbox/lib/python3.8/site-packages/airflow/example_dags/example_trigger_controller_dag.py for tasks to queue
[2022-03-21 05:41:15,002] {logging_mixin.py:104} INFO - [2022-03-21 05:41:15,002] {dagbag.py:487} INFO - Filling up the DagBag from /home/airflow/sandbox/lib/python3.8/site-packages/airflow/example_dags/example_trigger_controller_dag.py
[2022-03-21 05:41:15,015] {scheduler_job.py:643} INFO - DAG(s) dict_keys(['example_trigger_controller_dag']) retrieved from /home/airflow/sandbox/lib/python3.8/site-packages/airflow/example_dags/example_trigger_controller_dag.py
[2022-03-21 05:41:15,059] {logging_mixin.py:104} INFO - [2022-03-21 05:41:15,059] {dag.py:1832} INFO - Sync 1 DAGs
[2022-03-21 05:41:15,082] {logging_mixin.py:104} INFO - [2022-03-21 05:41:15,082] {dag.py:2305} INFO - Setting next_dagrun for example_trigger_controller_dag to 2022-03-19 00:00:00+00:00
[2022-03-21 05:41:15,163] {scheduler_job.py:190} INFO - Processing /home/airflow/sandbox/lib/python3.8/site-packages/airflow/example_dags/example_trigger_controller_dag.py took 0.193 seconds
[2022-03-21 05:42:01,026] {scheduler_job.py:182} INFO - Started process (PID=10568) to work on /home/airflow/sandbox/lib/python3.8/site-packages/airflow/example_dags/example_trigger_controller_dag.py
[2022-03-21 05:42:01,037] {scheduler_job.py:633} INFO - Processing file /home/airflow/sandbox/lib/python3.8/site-packages/airflow/example_dags/example_trigger_controller_dag.py for tasks to queue
[2022-03-21 05:42:01,040] {logging_mixin.py:104} INFO - [2022-03-21 05:42:01,040] {dagbag.py:487} INFO - Filling up the DagBag from /home/airflow/sandbox/lib/python3.8/site-packages/airflow/example_dags/example_trigger_controller_dag.py
[2022-03-21 05:42:01,081] {scheduler_job.py:643} INFO - DAG(s) dict_keys(['example_trigger_controller_dag']) retrieved from /home/airflow/sandbox/lib/python3.8/site-packages/airflow/example_dags/example_trigger_controller_dag.py
[2022-03-21 05:42:01,249] {logging_mixin.py:104} INFO - [2022-03-21 05:42:01,249] {dag.py:1832} INFO - Sync 1 DAGs
[2022-03-21 05:42:01,312] {logging_mixin.py:104} INFO - [2022-03-21 05:42:01,312] {dag.py:2305} INFO - Setting next_dagrun for example_trigger_controller_dag to 2022-03-19 00:00:00+00:00
[2022-03-21 05:42:01,391] {scheduler_job.py:190} INFO - Processing /home/airflow/sandbox/lib/python3.8/site-packages/airflow/example_dags/example_trigger_controller_dag.py took 0.377 seconds
[2022-03-21 05:42:48,500] {scheduler_job.py:182} INFO - Started process (PID=10602) to work on /home/airflow/sandbox/lib/python3.8/site-packages/airflow/example_dags/example_trigger_controller_dag.py
[2022-03-21 05:42:48,504] {scheduler_job.py:633} INFO - Processing file /home/airflow/sandbox/lib/python3.8/site-packages/airflow/example_dags/example_trigger_controller_dag.py for tasks to queue
[2022-03-21 05:42:48,506] {logging_mixin.py:104} INFO - [2022-03-21 05:42:48,505] {dagbag.py:487} INFO - Filling up the DagBag from /home/airflow/sandbox/lib/python3.8/site-packages/airflow/example_dags/example_trigger_controller_dag.py
[2022-03-21 05:42:48,520] {scheduler_job.py:643} INFO - DAG(s) dict_keys(['example_trigger_controller_dag']) retrieved from /home/airflow/sandbox/lib/python3.8/site-packages/airflow/example_dags/example_trigger_controller_dag.py
[2022-03-21 05:42:48,557] {logging_mixin.py:104} INFO - [2022-03-21 05:42:48,556] {dag.py:1832} INFO - Sync 1 DAGs
[2022-03-21 05:42:48,587] {logging_mixin.py:104} INFO - [2022-03-21 05:42:48,586] {dag.py:2305} INFO - Setting next_dagrun for example_trigger_controller_dag to 2022-03-19 00:00:00+00:00
[2022-03-21 05:42:48,628] {scheduler_job.py:190} INFO - Processing /home/airflow/sandbox/lib/python3.8/site-packages/airflow/example_dags/example_trigger_controller_dag.py took 0.137 seconds
[2022-03-21 05:43:42,548] {scheduler_job.py:182} INFO - Started process (PID=10639) to work on /home/airflow/sandbox/lib/python3.8/site-packages/airflow/example_dags/example_trigger_controller_dag.py
[2022-03-21 05:43:42,550] {scheduler_job.py:633} INFO - Processing file /home/airflow/sandbox/lib/python3.8/site-packages/airflow/example_dags/example_trigger_controller_dag.py for tasks to queue
[2022-03-21 05:43:42,552] {logging_mixin.py:104} INFO - [2022-03-21 05:43:42,552] {dagbag.py:487} INFO - Filling up the DagBag from /home/airflow/sandbox/lib/python3.8/site-packages/airflow/example_dags/example_trigger_controller_dag.py
[2022-03-21 05:43:42,567] {scheduler_job.py:643} INFO - DAG(s) dict_keys(['example_trigger_controller_dag']) retrieved from /home/airflow/sandbox/lib/python3.8/site-packages/airflow/example_dags/example_trigger_controller_dag.py
[2022-03-21 05:43:42,601] {logging_mixin.py:104} INFO - [2022-03-21 05:43:42,600] {dag.py:1832} INFO - Sync 1 DAGs
[2022-03-21 05:43:42,625] {logging_mixin.py:104} INFO - [2022-03-21 05:43:42,625] {dag.py:2305} INFO - Setting next_dagrun for example_trigger_controller_dag to 2022-03-19 00:00:00+00:00
[2022-03-21 05:43:42,664] {scheduler_job.py:190} INFO - Processing /home/airflow/sandbox/lib/python3.8/site-packages/airflow/example_dags/example_trigger_controller_dag.py took 0.127 seconds
[2022-03-21 05:44:25,978] {scheduler_job.py:182} INFO - Started process (PID=10669) to work on /home/airflow/sandbox/lib/python3.8/site-packages/airflow/example_dags/example_trigger_controller_dag.py
[2022-03-21 05:44:25,983] {scheduler_job.py:633} INFO - Processing file /home/airflow/sandbox/lib/python3.8/site-packages/airflow/example_dags/example_trigger_controller_dag.py for tasks to queue
[2022-03-21 05:44:25,984] {logging_mixin.py:104} INFO - [2022-03-21 05:44:25,984] {dagbag.py:487} INFO - Filling up the DagBag from /home/airflow/sandbox/lib/python3.8/site-packages/airflow/example_dags/example_trigger_controller_dag.py
[2022-03-21 05:44:25,995] {scheduler_job.py:643} INFO - DAG(s) dict_keys(['example_trigger_controller_dag']) retrieved from /home/airflow/sandbox/lib/python3.8/site-packages/airflow/example_dags/example_trigger_controller_dag.py
[2022-03-21 05:44:26,027] {logging_mixin.py:104} INFO - [2022-03-21 05:44:26,027] {dag.py:1832} INFO - Sync 1 DAGs
[2022-03-21 05:44:26,051] {logging_mixin.py:104} INFO - [2022-03-21 05:44:26,051] {dag.py:2305} INFO - Setting next_dagrun for example_trigger_controller_dag to 2022-03-19 00:00:00+00:00
[2022-03-21 05:44:26,113] {scheduler_job.py:190} INFO - Processing /home/airflow/sandbox/lib/python3.8/site-packages/airflow/example_dags/example_trigger_controller_dag.py took 0.141 seconds
[2022-03-21 05:45:16,486] {scheduler_job.py:182} INFO - Started process (PID=10705) to work on /home/airflow/sandbox/lib/python3.8/site-packages/airflow/example_dags/example_trigger_controller_dag.py
[2022-03-21 05:45:16,489] {scheduler_job.py:633} INFO - Processing file /home/airflow/sandbox/lib/python3.8/site-packages/airflow/example_dags/example_trigger_controller_dag.py for tasks to queue
[2022-03-21 05:45:16,491] {logging_mixin.py:104} INFO - [2022-03-21 05:45:16,490] {dagbag.py:487} INFO - Filling up the DagBag from /home/airflow/sandbox/lib/python3.8/site-packages/airflow/example_dags/example_trigger_controller_dag.py
[2022-03-21 05:45:16,507] {scheduler_job.py:643} INFO - DAG(s) dict_keys(['example_trigger_controller_dag']) retrieved from /home/airflow/sandbox/lib/python3.8/site-packages/airflow/example_dags/example_trigger_controller_dag.py
[2022-03-21 05:45:16,541] {logging_mixin.py:104} INFO - [2022-03-21 05:45:16,541] {dag.py:1832} INFO - Sync 1 DAGs
[2022-03-21 05:45:16,565] {logging_mixin.py:104} INFO - [2022-03-21 05:45:16,565] {dag.py:2305} INFO - Setting next_dagrun for example_trigger_controller_dag to 2022-03-19 00:00:00+00:00
[2022-03-21 05:45:16,642] {scheduler_job.py:190} INFO - Processing /home/airflow/sandbox/lib/python3.8/site-packages/airflow/example_dags/example_trigger_controller_dag.py took 0.167 seconds
[2022-03-21 05:45:59,647] {scheduler_job.py:182} INFO - Started process (PID=10794) to work on /home/airflow/sandbox/lib/python3.8/site-packages/airflow/example_dags/example_trigger_controller_dag.py
[2022-03-21 05:45:59,657] {scheduler_job.py:633} INFO - Processing file /home/airflow/sandbox/lib/python3.8/site-packages/airflow/example_dags/example_trigger_controller_dag.py for tasks to queue
[2022-03-21 05:45:59,659] {logging_mixin.py:104} INFO - [2022-03-21 05:45:59,659] {dagbag.py:487} INFO - Filling up the DagBag from /home/airflow/sandbox/lib/python3.8/site-packages/airflow/example_dags/example_trigger_controller_dag.py
[2022-03-21 05:45:59,676] {scheduler_job.py:643} INFO - DAG(s) dict_keys(['example_trigger_controller_dag']) retrieved from /home/airflow/sandbox/lib/python3.8/site-packages/airflow/example_dags/example_trigger_controller_dag.py
[2022-03-21 05:45:59,725] {logging_mixin.py:104} INFO - [2022-03-21 05:45:59,725] {dag.py:1832} INFO - Sync 1 DAGs
[2022-03-21 05:45:59,754] {logging_mixin.py:104} INFO - [2022-03-21 05:45:59,753] {dag.py:2305} INFO - Setting next_dagrun for example_trigger_controller_dag to 2022-03-19 00:00:00+00:00
[2022-03-21 05:45:59,798] {scheduler_job.py:190} INFO - Processing /home/airflow/sandbox/lib/python3.8/site-packages/airflow/example_dags/example_trigger_controller_dag.py took 0.159 seconds
[2022-03-21 05:47:31,542] {scheduler_job.py:182} INFO - Started process (PID=11569) to work on /home/airflow/sandbox/lib/python3.8/site-packages/airflow/example_dags/example_trigger_controller_dag.py
[2022-03-21 05:47:31,553] {scheduler_job.py:633} INFO - Processing file /home/airflow/sandbox/lib/python3.8/site-packages/airflow/example_dags/example_trigger_controller_dag.py for tasks to queue
[2022-03-21 05:47:31,564] {logging_mixin.py:104} INFO - [2022-03-21 05:47:31,564] {dagbag.py:487} INFO - Filling up the DagBag from /home/airflow/sandbox/lib/python3.8/site-packages/airflow/example_dags/example_trigger_controller_dag.py
[2022-03-21 05:47:31,629] {scheduler_job.py:643} INFO - DAG(s) dict_keys(['example_trigger_controller_dag']) retrieved from /home/airflow/sandbox/lib/python3.8/site-packages/airflow/example_dags/example_trigger_controller_dag.py
[2022-03-21 05:47:31,698] {logging_mixin.py:104} INFO - [2022-03-21 05:47:31,698] {dag.py:1832} INFO - Sync 1 DAGs
[2022-03-21 05:47:31,777] {logging_mixin.py:104} INFO - [2022-03-21 05:47:31,777] {dag.py:2305} INFO - Setting next_dagrun for example_trigger_controller_dag to 2022-03-19 00:00:00+00:00
[2022-03-21 05:47:31,813] {scheduler_job.py:190} INFO - Processing /home/airflow/sandbox/lib/python3.8/site-packages/airflow/example_dags/example_trigger_controller_dag.py took 0.283 seconds
[2022-03-21 05:48:16,744] {scheduler_job.py:182} INFO - Started process (PID=11827) to work on /home/airflow/sandbox/lib/python3.8/site-packages/airflow/example_dags/example_trigger_controller_dag.py
[2022-03-21 05:48:16,747] {scheduler_job.py:633} INFO - Processing file /home/airflow/sandbox/lib/python3.8/site-packages/airflow/example_dags/example_trigger_controller_dag.py for tasks to queue
[2022-03-21 05:48:16,753] {logging_mixin.py:104} INFO - [2022-03-21 05:48:16,753] {dagbag.py:487} INFO - Filling up the DagBag from /home/airflow/sandbox/lib/python3.8/site-packages/airflow/example_dags/example_trigger_controller_dag.py
[2022-03-21 05:48:16,776] {scheduler_job.py:643} INFO - DAG(s) dict_keys(['example_trigger_controller_dag']) retrieved from /home/airflow/sandbox/lib/python3.8/site-packages/airflow/example_dags/example_trigger_controller_dag.py
[2022-03-21 05:48:16,873] {logging_mixin.py:104} INFO - [2022-03-21 05:48:16,873] {dag.py:1832} INFO - Sync 1 DAGs
[2022-03-21 05:48:16,994] {logging_mixin.py:104} INFO - [2022-03-21 05:48:16,993] {dag.py:2305} INFO - Setting next_dagrun for example_trigger_controller_dag to 2022-03-19 00:00:00+00:00
[2022-03-21 05:48:17,061] {scheduler_job.py:190} INFO - Processing /home/airflow/sandbox/lib/python3.8/site-packages/airflow/example_dags/example_trigger_controller_dag.py took 0.325 seconds
[2022-03-21 05:49:08,060] {scheduler_job.py:182} INFO - Started process (PID=12042) to work on /home/airflow/sandbox/lib/python3.8/site-packages/airflow/example_dags/example_trigger_controller_dag.py
[2022-03-21 05:49:08,063] {scheduler_job.py:633} INFO - Processing file /home/airflow/sandbox/lib/python3.8/site-packages/airflow/example_dags/example_trigger_controller_dag.py for tasks to queue
[2022-03-21 05:49:08,064] {logging_mixin.py:104} INFO - [2022-03-21 05:49:08,064] {dagbag.py:487} INFO - Filling up the DagBag from /home/airflow/sandbox/lib/python3.8/site-packages/airflow/example_dags/example_trigger_controller_dag.py
[2022-03-21 05:49:08,080] {scheduler_job.py:643} INFO - DAG(s) dict_keys(['example_trigger_controller_dag']) retrieved from /home/airflow/sandbox/lib/python3.8/site-packages/airflow/example_dags/example_trigger_controller_dag.py
[2022-03-21 05:49:08,115] {logging_mixin.py:104} INFO - [2022-03-21 05:49:08,115] {dag.py:1832} INFO - Sync 1 DAGs
[2022-03-21 05:49:08,146] {logging_mixin.py:104} INFO - [2022-03-21 05:49:08,146] {dag.py:2305} INFO - Setting next_dagrun for example_trigger_controller_dag to 2022-03-19 00:00:00+00:00
[2022-03-21 05:49:08,185] {scheduler_job.py:190} INFO - Processing /home/airflow/sandbox/lib/python3.8/site-packages/airflow/example_dags/example_trigger_controller_dag.py took 0.134 seconds
[2022-03-21 05:49:56,931] {scheduler_job.py:182} INFO - Started process (PID=12148) to work on /home/airflow/sandbox/lib/python3.8/site-packages/airflow/example_dags/example_trigger_controller_dag.py
[2022-03-21 05:49:56,933] {scheduler_job.py:633} INFO - Processing file /home/airflow/sandbox/lib/python3.8/site-packages/airflow/example_dags/example_trigger_controller_dag.py for tasks to queue
[2022-03-21 05:49:56,935] {logging_mixin.py:104} INFO - [2022-03-21 05:49:56,934] {dagbag.py:487} INFO - Filling up the DagBag from /home/airflow/sandbox/lib/python3.8/site-packages/airflow/example_dags/example_trigger_controller_dag.py
[2022-03-21 05:49:56,948] {scheduler_job.py:643} INFO - DAG(s) dict_keys(['example_trigger_controller_dag']) retrieved from /home/airflow/sandbox/lib/python3.8/site-packages/airflow/example_dags/example_trigger_controller_dag.py
[2022-03-21 05:49:56,986] {logging_mixin.py:104} INFO - [2022-03-21 05:49:56,986] {dag.py:1832} INFO - Sync 1 DAGs
[2022-03-21 05:49:57,013] {logging_mixin.py:104} INFO - [2022-03-21 05:49:57,013] {dag.py:2305} INFO - Setting next_dagrun for example_trigger_controller_dag to 2022-03-19 00:00:00+00:00
[2022-03-21 05:49:57,047] {scheduler_job.py:190} INFO - Processing /home/airflow/sandbox/lib/python3.8/site-packages/airflow/example_dags/example_trigger_controller_dag.py took 0.125 seconds
