[2022-03-21 05:14:36,325] {scheduler_job.py:182} INFO - Started process (PID=8172) to work on /home/airflow/sandbox/lib/python3.8/site-packages/airflow/example_dags/example_subdag_operator.py
[2022-03-21 05:14:36,328] {scheduler_job.py:633} INFO - Processing file /home/airflow/sandbox/lib/python3.8/site-packages/airflow/example_dags/example_subdag_operator.py for tasks to queue
[2022-03-21 05:14:36,330] {logging_mixin.py:104} INFO - [2022-03-21 05:14:36,330] {dagbag.py:487} INFO - Filling up the DagBag from /home/airflow/sandbox/lib/python3.8/site-packages/airflow/example_dags/example_subdag_operator.py
[2022-03-21 05:14:36,410] {scheduler_job.py:643} INFO - DAG(s) dict_keys(['example_subdag_operator.section-1', 'example_subdag_operator.section-2', 'example_subdag_operator']) retrieved from /home/airflow/sandbox/lib/python3.8/site-packages/airflow/example_dags/example_subdag_operator.py
[2022-03-21 05:14:37,118] {logging_mixin.py:104} INFO - [2022-03-21 05:14:37,118] {dag.py:1832} INFO - Sync 3 DAGs
[2022-03-21 05:14:37,133] {logging_mixin.py:104} INFO - [2022-03-21 05:14:37,132] {dag.py:2305} INFO - Setting next_dagrun for example_subdag_operator to 2022-03-19 00:00:00+00:00
[2022-03-21 05:14:37,136] {logging_mixin.py:104} INFO - [2022-03-21 05:14:37,136] {dag.py:2305} INFO - Setting next_dagrun for example_subdag_operator.section-1 to None
[2022-03-21 05:14:37,137] {logging_mixin.py:104} INFO - [2022-03-21 05:14:37,137] {dag.py:2305} INFO - Setting next_dagrun for example_subdag_operator.section-2 to None
[2022-03-21 05:14:37,190] {logging_mixin.py:104} INFO - [2022-03-21 05:14:37,190] {dag.py:1832} INFO - Sync 2 DAGs
[2022-03-21 05:14:37,203] {logging_mixin.py:104} INFO - [2022-03-21 05:14:37,202] {dag.py:2305} INFO - Setting next_dagrun for example_subdag_operator.section-1 to None
[2022-03-21 05:14:37,203] {logging_mixin.py:104} INFO - [2022-03-21 05:14:37,203] {dag.py:2305} INFO - Setting next_dagrun for example_subdag_operator.section-2 to None
[2022-03-21 05:14:37,227] {scheduler_job.py:190} INFO - Processing /home/airflow/sandbox/lib/python3.8/site-packages/airflow/example_dags/example_subdag_operator.py took 0.911 seconds
[2022-03-21 05:16:01,536] {scheduler_job.py:182} INFO - Started process (PID=8682) to work on /home/airflow/sandbox/lib/python3.8/site-packages/airflow/example_dags/example_subdag_operator.py
[2022-03-21 05:16:01,541] {scheduler_job.py:633} INFO - Processing file /home/airflow/sandbox/lib/python3.8/site-packages/airflow/example_dags/example_subdag_operator.py for tasks to queue
[2022-03-21 05:16:01,543] {logging_mixin.py:104} INFO - [2022-03-21 05:16:01,543] {dagbag.py:487} INFO - Filling up the DagBag from /home/airflow/sandbox/lib/python3.8/site-packages/airflow/example_dags/example_subdag_operator.py
[2022-03-21 05:16:01,618] {scheduler_job.py:643} INFO - DAG(s) dict_keys(['example_subdag_operator.section-1', 'example_subdag_operator.section-2', 'example_subdag_operator']) retrieved from /home/airflow/sandbox/lib/python3.8/site-packages/airflow/example_dags/example_subdag_operator.py
[2022-03-21 05:16:01,651] {logging_mixin.py:104} INFO - [2022-03-21 05:16:01,651] {dag.py:1832} INFO - Sync 3 DAGs
[2022-03-21 05:16:01,683] {logging_mixin.py:104} INFO - [2022-03-21 05:16:01,683] {dag.py:2305} INFO - Setting next_dagrun for example_subdag_operator to 2022-03-19 00:00:00+00:00
[2022-03-21 05:16:01,685] {logging_mixin.py:104} INFO - [2022-03-21 05:16:01,685] {dag.py:2305} INFO - Setting next_dagrun for example_subdag_operator.section-1 to None
[2022-03-21 05:16:01,686] {logging_mixin.py:104} INFO - [2022-03-21 05:16:01,686] {dag.py:2305} INFO - Setting next_dagrun for example_subdag_operator.section-2 to None
[2022-03-21 05:16:01,727] {logging_mixin.py:104} INFO - [2022-03-21 05:16:01,726] {dag.py:1832} INFO - Sync 2 DAGs
[2022-03-21 05:16:01,746] {logging_mixin.py:104} INFO - [2022-03-21 05:16:01,746] {dag.py:2305} INFO - Setting next_dagrun for example_subdag_operator.section-1 to None
[2022-03-21 05:16:01,747] {logging_mixin.py:104} INFO - [2022-03-21 05:16:01,747] {dag.py:2305} INFO - Setting next_dagrun for example_subdag_operator.section-2 to None
[2022-03-21 05:16:01,787] {scheduler_job.py:190} INFO - Processing /home/airflow/sandbox/lib/python3.8/site-packages/airflow/example_dags/example_subdag_operator.py took 0.257 seconds
[2022-03-21 05:16:49,189] {scheduler_job.py:182} INFO - Started process (PID=8896) to work on /home/airflow/sandbox/lib/python3.8/site-packages/airflow/example_dags/example_subdag_operator.py
[2022-03-21 05:16:49,194] {scheduler_job.py:633} INFO - Processing file /home/airflow/sandbox/lib/python3.8/site-packages/airflow/example_dags/example_subdag_operator.py for tasks to queue
[2022-03-21 05:16:49,195] {logging_mixin.py:104} INFO - [2022-03-21 05:16:49,195] {dagbag.py:487} INFO - Filling up the DagBag from /home/airflow/sandbox/lib/python3.8/site-packages/airflow/example_dags/example_subdag_operator.py
[2022-03-21 05:16:49,286] {scheduler_job.py:643} INFO - DAG(s) dict_keys(['example_subdag_operator.section-1', 'example_subdag_operator.section-2', 'example_subdag_operator']) retrieved from /home/airflow/sandbox/lib/python3.8/site-packages/airflow/example_dags/example_subdag_operator.py
[2022-03-21 05:16:49,308] {logging_mixin.py:104} INFO - [2022-03-21 05:16:49,308] {dag.py:1832} INFO - Sync 3 DAGs
[2022-03-21 05:16:49,333] {logging_mixin.py:104} INFO - [2022-03-21 05:16:49,332] {dag.py:2305} INFO - Setting next_dagrun for example_subdag_operator to 2022-03-19 00:00:00+00:00
[2022-03-21 05:16:49,335] {logging_mixin.py:104} INFO - [2022-03-21 05:16:49,335] {dag.py:2305} INFO - Setting next_dagrun for example_subdag_operator.section-1 to None
[2022-03-21 05:16:49,335] {logging_mixin.py:104} INFO - [2022-03-21 05:16:49,335] {dag.py:2305} INFO - Setting next_dagrun for example_subdag_operator.section-2 to None
[2022-03-21 05:16:49,366] {logging_mixin.py:104} INFO - [2022-03-21 05:16:49,365] {dag.py:1832} INFO - Sync 2 DAGs
[2022-03-21 05:16:49,377] {logging_mixin.py:104} INFO - [2022-03-21 05:16:49,377] {dag.py:2305} INFO - Setting next_dagrun for example_subdag_operator.section-1 to None
[2022-03-21 05:16:49,378] {logging_mixin.py:104} INFO - [2022-03-21 05:16:49,378] {dag.py:2305} INFO - Setting next_dagrun for example_subdag_operator.section-2 to None
[2022-03-21 05:16:49,402] {scheduler_job.py:190} INFO - Processing /home/airflow/sandbox/lib/python3.8/site-packages/airflow/example_dags/example_subdag_operator.py took 0.220 seconds
[2022-03-21 05:17:36,921] {scheduler_job.py:182} INFO - Started process (PID=9145) to work on /home/airflow/sandbox/lib/python3.8/site-packages/airflow/example_dags/example_subdag_operator.py
[2022-03-21 05:17:36,924] {scheduler_job.py:633} INFO - Processing file /home/airflow/sandbox/lib/python3.8/site-packages/airflow/example_dags/example_subdag_operator.py for tasks to queue
[2022-03-21 05:17:36,926] {logging_mixin.py:104} INFO - [2022-03-21 05:17:36,926] {dagbag.py:487} INFO - Filling up the DagBag from /home/airflow/sandbox/lib/python3.8/site-packages/airflow/example_dags/example_subdag_operator.py
[2022-03-21 05:17:36,979] {scheduler_job.py:643} INFO - DAG(s) dict_keys(['example_subdag_operator.section-1', 'example_subdag_operator.section-2', 'example_subdag_operator']) retrieved from /home/airflow/sandbox/lib/python3.8/site-packages/airflow/example_dags/example_subdag_operator.py
[2022-03-21 05:17:37,022] {logging_mixin.py:104} INFO - [2022-03-21 05:17:37,022] {dag.py:1832} INFO - Sync 3 DAGs
[2022-03-21 05:17:37,046] {logging_mixin.py:104} INFO - [2022-03-21 05:17:37,046] {dag.py:2305} INFO - Setting next_dagrun for example_subdag_operator to 2022-03-19 00:00:00+00:00
[2022-03-21 05:17:37,049] {logging_mixin.py:104} INFO - [2022-03-21 05:17:37,049] {dag.py:2305} INFO - Setting next_dagrun for example_subdag_operator.section-1 to None
[2022-03-21 05:17:37,049] {logging_mixin.py:104} INFO - [2022-03-21 05:17:37,049] {dag.py:2305} INFO - Setting next_dagrun for example_subdag_operator.section-2 to None
[2022-03-21 05:17:37,096] {logging_mixin.py:104} INFO - [2022-03-21 05:17:37,096] {dag.py:1832} INFO - Sync 2 DAGs
[2022-03-21 05:17:37,108] {logging_mixin.py:104} INFO - [2022-03-21 05:17:37,108] {dag.py:2305} INFO - Setting next_dagrun for example_subdag_operator.section-1 to None
[2022-03-21 05:17:37,108] {logging_mixin.py:104} INFO - [2022-03-21 05:17:37,108] {dag.py:2305} INFO - Setting next_dagrun for example_subdag_operator.section-2 to None
[2022-03-21 05:17:37,138] {scheduler_job.py:190} INFO - Processing /home/airflow/sandbox/lib/python3.8/site-packages/airflow/example_dags/example_subdag_operator.py took 0.225 seconds
[2022-03-21 05:18:22,962] {scheduler_job.py:182} INFO - Started process (PID=9237) to work on /home/airflow/sandbox/lib/python3.8/site-packages/airflow/example_dags/example_subdag_operator.py
[2022-03-21 05:18:22,964] {scheduler_job.py:633} INFO - Processing file /home/airflow/sandbox/lib/python3.8/site-packages/airflow/example_dags/example_subdag_operator.py for tasks to queue
[2022-03-21 05:18:22,968] {logging_mixin.py:104} INFO - [2022-03-21 05:18:22,968] {dagbag.py:487} INFO - Filling up the DagBag from /home/airflow/sandbox/lib/python3.8/site-packages/airflow/example_dags/example_subdag_operator.py
[2022-03-21 05:18:23,012] {scheduler_job.py:643} INFO - DAG(s) dict_keys(['example_subdag_operator.section-1', 'example_subdag_operator.section-2', 'example_subdag_operator']) retrieved from /home/airflow/sandbox/lib/python3.8/site-packages/airflow/example_dags/example_subdag_operator.py
[2022-03-21 05:18:23,035] {logging_mixin.py:104} INFO - [2022-03-21 05:18:23,035] {dag.py:1832} INFO - Sync 3 DAGs
[2022-03-21 05:18:23,065] {logging_mixin.py:104} INFO - [2022-03-21 05:18:23,064] {dag.py:2305} INFO - Setting next_dagrun for example_subdag_operator to 2022-03-19 00:00:00+00:00
[2022-03-21 05:18:23,066] {logging_mixin.py:104} INFO - [2022-03-21 05:18:23,066] {dag.py:2305} INFO - Setting next_dagrun for example_subdag_operator.section-1 to None
[2022-03-21 05:18:23,067] {logging_mixin.py:104} INFO - [2022-03-21 05:18:23,067] {dag.py:2305} INFO - Setting next_dagrun for example_subdag_operator.section-2 to None
[2022-03-21 05:18:23,104] {logging_mixin.py:104} INFO - [2022-03-21 05:18:23,103] {dag.py:1832} INFO - Sync 2 DAGs
[2022-03-21 05:18:23,117] {logging_mixin.py:104} INFO - [2022-03-21 05:18:23,117] {dag.py:2305} INFO - Setting next_dagrun for example_subdag_operator.section-1 to None
[2022-03-21 05:18:23,118] {logging_mixin.py:104} INFO - [2022-03-21 05:18:23,117] {dag.py:2305} INFO - Setting next_dagrun for example_subdag_operator.section-2 to None
[2022-03-21 05:18:23,146] {scheduler_job.py:190} INFO - Processing /home/airflow/sandbox/lib/python3.8/site-packages/airflow/example_dags/example_subdag_operator.py took 0.193 seconds
[2022-03-21 05:19:12,089] {scheduler_job.py:182} INFO - Started process (PID=9274) to work on /home/airflow/sandbox/lib/python3.8/site-packages/airflow/example_dags/example_subdag_operator.py
[2022-03-21 05:19:12,092] {scheduler_job.py:633} INFO - Processing file /home/airflow/sandbox/lib/python3.8/site-packages/airflow/example_dags/example_subdag_operator.py for tasks to queue
[2022-03-21 05:19:12,097] {logging_mixin.py:104} INFO - [2022-03-21 05:19:12,097] {dagbag.py:487} INFO - Filling up the DagBag from /home/airflow/sandbox/lib/python3.8/site-packages/airflow/example_dags/example_subdag_operator.py
[2022-03-21 05:19:12,145] {scheduler_job.py:643} INFO - DAG(s) dict_keys(['example_subdag_operator.section-1', 'example_subdag_operator.section-2', 'example_subdag_operator']) retrieved from /home/airflow/sandbox/lib/python3.8/site-packages/airflow/example_dags/example_subdag_operator.py
[2022-03-21 05:19:12,170] {logging_mixin.py:104} INFO - [2022-03-21 05:19:12,170] {dag.py:1832} INFO - Sync 3 DAGs
[2022-03-21 05:19:12,202] {logging_mixin.py:104} INFO - [2022-03-21 05:19:12,202] {dag.py:2305} INFO - Setting next_dagrun for example_subdag_operator to 2022-03-19 00:00:00+00:00
[2022-03-21 05:19:12,203] {logging_mixin.py:104} INFO - [2022-03-21 05:19:12,203] {dag.py:2305} INFO - Setting next_dagrun for example_subdag_operator.section-1 to None
[2022-03-21 05:19:12,204] {logging_mixin.py:104} INFO - [2022-03-21 05:19:12,204] {dag.py:2305} INFO - Setting next_dagrun for example_subdag_operator.section-2 to None
[2022-03-21 05:19:12,238] {logging_mixin.py:104} INFO - [2022-03-21 05:19:12,237] {dag.py:1832} INFO - Sync 2 DAGs
[2022-03-21 05:19:12,253] {logging_mixin.py:104} INFO - [2022-03-21 05:19:12,253] {dag.py:2305} INFO - Setting next_dagrun for example_subdag_operator.section-1 to None
[2022-03-21 05:19:12,254] {logging_mixin.py:104} INFO - [2022-03-21 05:19:12,254] {dag.py:2305} INFO - Setting next_dagrun for example_subdag_operator.section-2 to None
[2022-03-21 05:19:12,283] {scheduler_job.py:190} INFO - Processing /home/airflow/sandbox/lib/python3.8/site-packages/airflow/example_dags/example_subdag_operator.py took 0.202 seconds
[2022-03-21 05:19:56,126] {scheduler_job.py:182} INFO - Started process (PID=9308) to work on /home/airflow/sandbox/lib/python3.8/site-packages/airflow/example_dags/example_subdag_operator.py
[2022-03-21 05:19:56,129] {scheduler_job.py:633} INFO - Processing file /home/airflow/sandbox/lib/python3.8/site-packages/airflow/example_dags/example_subdag_operator.py for tasks to queue
[2022-03-21 05:19:56,133] {logging_mixin.py:104} INFO - [2022-03-21 05:19:56,133] {dagbag.py:487} INFO - Filling up the DagBag from /home/airflow/sandbox/lib/python3.8/site-packages/airflow/example_dags/example_subdag_operator.py
[2022-03-21 05:19:56,173] {scheduler_job.py:643} INFO - DAG(s) dict_keys(['example_subdag_operator.section-1', 'example_subdag_operator.section-2', 'example_subdag_operator']) retrieved from /home/airflow/sandbox/lib/python3.8/site-packages/airflow/example_dags/example_subdag_operator.py
[2022-03-21 05:19:56,193] {logging_mixin.py:104} INFO - [2022-03-21 05:19:56,192] {dag.py:1832} INFO - Sync 3 DAGs
[2022-03-21 05:19:56,217] {logging_mixin.py:104} INFO - [2022-03-21 05:19:56,217] {dag.py:2305} INFO - Setting next_dagrun for example_subdag_operator to 2022-03-19 00:00:00+00:00
[2022-03-21 05:19:56,219] {logging_mixin.py:104} INFO - [2022-03-21 05:19:56,219] {dag.py:2305} INFO - Setting next_dagrun for example_subdag_operator.section-1 to None
[2022-03-21 05:19:56,219] {logging_mixin.py:104} INFO - [2022-03-21 05:19:56,219] {dag.py:2305} INFO - Setting next_dagrun for example_subdag_operator.section-2 to None
[2022-03-21 05:19:56,248] {logging_mixin.py:104} INFO - [2022-03-21 05:19:56,248] {dag.py:1832} INFO - Sync 2 DAGs
[2022-03-21 05:19:56,261] {logging_mixin.py:104} INFO - [2022-03-21 05:19:56,261] {dag.py:2305} INFO - Setting next_dagrun for example_subdag_operator.section-1 to None
[2022-03-21 05:19:56,261] {logging_mixin.py:104} INFO - [2022-03-21 05:19:56,261] {dag.py:2305} INFO - Setting next_dagrun for example_subdag_operator.section-2 to None
[2022-03-21 05:19:56,288] {scheduler_job.py:190} INFO - Processing /home/airflow/sandbox/lib/python3.8/site-packages/airflow/example_dags/example_subdag_operator.py took 0.170 seconds
[2022-03-21 05:20:39,688] {scheduler_job.py:182} INFO - Started process (PID=9397) to work on /home/airflow/sandbox/lib/python3.8/site-packages/airflow/example_dags/example_subdag_operator.py
[2022-03-21 05:20:39,690] {scheduler_job.py:633} INFO - Processing file /home/airflow/sandbox/lib/python3.8/site-packages/airflow/example_dags/example_subdag_operator.py for tasks to queue
[2022-03-21 05:20:39,692] {logging_mixin.py:104} INFO - [2022-03-21 05:20:39,692] {dagbag.py:487} INFO - Filling up the DagBag from /home/airflow/sandbox/lib/python3.8/site-packages/airflow/example_dags/example_subdag_operator.py
[2022-03-21 05:20:39,733] {scheduler_job.py:643} INFO - DAG(s) dict_keys(['example_subdag_operator.section-1', 'example_subdag_operator.section-2', 'example_subdag_operator']) retrieved from /home/airflow/sandbox/lib/python3.8/site-packages/airflow/example_dags/example_subdag_operator.py
[2022-03-21 05:20:39,753] {logging_mixin.py:104} INFO - [2022-03-21 05:20:39,753] {dag.py:1832} INFO - Sync 3 DAGs
[2022-03-21 05:20:39,776] {logging_mixin.py:104} INFO - [2022-03-21 05:20:39,776] {dag.py:2305} INFO - Setting next_dagrun for example_subdag_operator to 2022-03-19 00:00:00+00:00
[2022-03-21 05:20:39,779] {logging_mixin.py:104} INFO - [2022-03-21 05:20:39,779] {dag.py:2305} INFO - Setting next_dagrun for example_subdag_operator.section-1 to None
[2022-03-21 05:20:39,779] {logging_mixin.py:104} INFO - [2022-03-21 05:20:39,779] {dag.py:2305} INFO - Setting next_dagrun for example_subdag_operator.section-2 to None
[2022-03-21 05:20:39,810] {logging_mixin.py:104} INFO - [2022-03-21 05:20:39,810] {dag.py:1832} INFO - Sync 2 DAGs
[2022-03-21 05:20:39,833] {logging_mixin.py:104} INFO - [2022-03-21 05:20:39,833] {dag.py:2305} INFO - Setting next_dagrun for example_subdag_operator.section-1 to None
[2022-03-21 05:20:39,834] {logging_mixin.py:104} INFO - [2022-03-21 05:20:39,834] {dag.py:2305} INFO - Setting next_dagrun for example_subdag_operator.section-2 to None
[2022-03-21 05:20:39,867] {scheduler_job.py:190} INFO - Processing /home/airflow/sandbox/lib/python3.8/site-packages/airflow/example_dags/example_subdag_operator.py took 0.187 seconds
[2022-03-21 05:21:34,700] {scheduler_job.py:182} INFO - Started process (PID=9433) to work on /home/airflow/sandbox/lib/python3.8/site-packages/airflow/example_dags/example_subdag_operator.py
[2022-03-21 05:21:34,702] {scheduler_job.py:633} INFO - Processing file /home/airflow/sandbox/lib/python3.8/site-packages/airflow/example_dags/example_subdag_operator.py for tasks to queue
[2022-03-21 05:21:34,704] {logging_mixin.py:104} INFO - [2022-03-21 05:21:34,703] {dagbag.py:487} INFO - Filling up the DagBag from /home/airflow/sandbox/lib/python3.8/site-packages/airflow/example_dags/example_subdag_operator.py
[2022-03-21 05:21:34,745] {scheduler_job.py:643} INFO - DAG(s) dict_keys(['example_subdag_operator.section-1', 'example_subdag_operator.section-2', 'example_subdag_operator']) retrieved from /home/airflow/sandbox/lib/python3.8/site-packages/airflow/example_dags/example_subdag_operator.py
[2022-03-21 05:21:34,766] {logging_mixin.py:104} INFO - [2022-03-21 05:21:34,766] {dag.py:1832} INFO - Sync 3 DAGs
[2022-03-21 05:21:34,788] {logging_mixin.py:104} INFO - [2022-03-21 05:21:34,788] {dag.py:2305} INFO - Setting next_dagrun for example_subdag_operator to 2022-03-19 00:00:00+00:00
[2022-03-21 05:21:34,790] {logging_mixin.py:104} INFO - [2022-03-21 05:21:34,790] {dag.py:2305} INFO - Setting next_dagrun for example_subdag_operator.section-1 to None
[2022-03-21 05:21:34,790] {logging_mixin.py:104} INFO - [2022-03-21 05:21:34,790] {dag.py:2305} INFO - Setting next_dagrun for example_subdag_operator.section-2 to None
[2022-03-21 05:21:34,823] {logging_mixin.py:104} INFO - [2022-03-21 05:21:34,822] {dag.py:1832} INFO - Sync 2 DAGs
[2022-03-21 05:21:34,853] {logging_mixin.py:104} INFO - [2022-03-21 05:21:34,852] {dag.py:2305} INFO - Setting next_dagrun for example_subdag_operator.section-1 to None
[2022-03-21 05:21:34,854] {logging_mixin.py:104} INFO - [2022-03-21 05:21:34,854] {dag.py:2305} INFO - Setting next_dagrun for example_subdag_operator.section-2 to None
[2022-03-21 05:21:34,888] {scheduler_job.py:190} INFO - Processing /home/airflow/sandbox/lib/python3.8/site-packages/airflow/example_dags/example_subdag_operator.py took 0.208 seconds
[2022-03-21 05:22:18,227] {scheduler_job.py:182} INFO - Started process (PID=9466) to work on /home/airflow/sandbox/lib/python3.8/site-packages/airflow/example_dags/example_subdag_operator.py
[2022-03-21 05:22:18,230] {scheduler_job.py:633} INFO - Processing file /home/airflow/sandbox/lib/python3.8/site-packages/airflow/example_dags/example_subdag_operator.py for tasks to queue
[2022-03-21 05:22:18,231] {logging_mixin.py:104} INFO - [2022-03-21 05:22:18,231] {dagbag.py:487} INFO - Filling up the DagBag from /home/airflow/sandbox/lib/python3.8/site-packages/airflow/example_dags/example_subdag_operator.py
[2022-03-21 05:22:18,274] {scheduler_job.py:643} INFO - DAG(s) dict_keys(['example_subdag_operator.section-1', 'example_subdag_operator.section-2', 'example_subdag_operator']) retrieved from /home/airflow/sandbox/lib/python3.8/site-packages/airflow/example_dags/example_subdag_operator.py
[2022-03-21 05:22:18,295] {logging_mixin.py:104} INFO - [2022-03-21 05:22:18,295] {dag.py:1832} INFO - Sync 3 DAGs
[2022-03-21 05:22:18,317] {logging_mixin.py:104} INFO - [2022-03-21 05:22:18,317] {dag.py:2305} INFO - Setting next_dagrun for example_subdag_operator to 2022-03-19 00:00:00+00:00
[2022-03-21 05:22:18,321] {logging_mixin.py:104} INFO - [2022-03-21 05:22:18,321] {dag.py:2305} INFO - Setting next_dagrun for example_subdag_operator.section-1 to None
[2022-03-21 05:22:18,321] {logging_mixin.py:104} INFO - [2022-03-21 05:22:18,321] {dag.py:2305} INFO - Setting next_dagrun for example_subdag_operator.section-2 to None
[2022-03-21 05:22:18,387] {logging_mixin.py:104} INFO - [2022-03-21 05:22:18,387] {dag.py:1832} INFO - Sync 2 DAGs
[2022-03-21 05:22:18,410] {logging_mixin.py:104} INFO - [2022-03-21 05:22:18,410] {dag.py:2305} INFO - Setting next_dagrun for example_subdag_operator.section-1 to None
[2022-03-21 05:22:18,410] {logging_mixin.py:104} INFO - [2022-03-21 05:22:18,410] {dag.py:2305} INFO - Setting next_dagrun for example_subdag_operator.section-2 to None
[2022-03-21 05:22:18,449] {scheduler_job.py:190} INFO - Processing /home/airflow/sandbox/lib/python3.8/site-packages/airflow/example_dags/example_subdag_operator.py took 0.231 seconds
[2022-03-21 05:23:00,108] {scheduler_job.py:182} INFO - Started process (PID=9499) to work on /home/airflow/sandbox/lib/python3.8/site-packages/airflow/example_dags/example_subdag_operator.py
[2022-03-21 05:23:00,114] {scheduler_job.py:633} INFO - Processing file /home/airflow/sandbox/lib/python3.8/site-packages/airflow/example_dags/example_subdag_operator.py for tasks to queue
[2022-03-21 05:23:00,116] {logging_mixin.py:104} INFO - [2022-03-21 05:23:00,116] {dagbag.py:487} INFO - Filling up the DagBag from /home/airflow/sandbox/lib/python3.8/site-packages/airflow/example_dags/example_subdag_operator.py
[2022-03-21 05:23:00,225] {scheduler_job.py:643} INFO - DAG(s) dict_keys(['example_subdag_operator.section-1', 'example_subdag_operator.section-2', 'example_subdag_operator']) retrieved from /home/airflow/sandbox/lib/python3.8/site-packages/airflow/example_dags/example_subdag_operator.py
[2022-03-21 05:23:00,276] {logging_mixin.py:104} INFO - [2022-03-21 05:23:00,276] {dag.py:1832} INFO - Sync 3 DAGs
[2022-03-21 05:23:00,328] {logging_mixin.py:104} INFO - [2022-03-21 05:23:00,328] {dag.py:2305} INFO - Setting next_dagrun for example_subdag_operator to 2022-03-19 00:00:00+00:00
[2022-03-21 05:23:00,331] {logging_mixin.py:104} INFO - [2022-03-21 05:23:00,331] {dag.py:2305} INFO - Setting next_dagrun for example_subdag_operator.section-1 to None
[2022-03-21 05:23:00,332] {logging_mixin.py:104} INFO - [2022-03-21 05:23:00,331] {dag.py:2305} INFO - Setting next_dagrun for example_subdag_operator.section-2 to None
[2022-03-21 05:23:00,378] {logging_mixin.py:104} INFO - [2022-03-21 05:23:00,378] {dag.py:1832} INFO - Sync 2 DAGs
[2022-03-21 05:23:00,396] {logging_mixin.py:104} INFO - [2022-03-21 05:23:00,395] {dag.py:2305} INFO - Setting next_dagrun for example_subdag_operator.section-1 to None
[2022-03-21 05:23:00,396] {logging_mixin.py:104} INFO - [2022-03-21 05:23:00,396] {dag.py:2305} INFO - Setting next_dagrun for example_subdag_operator.section-2 to None
[2022-03-21 05:23:00,430] {scheduler_job.py:190} INFO - Processing /home/airflow/sandbox/lib/python3.8/site-packages/airflow/example_dags/example_subdag_operator.py took 0.333 seconds
[2022-03-21 05:23:40,467] {scheduler_job.py:182} INFO - Started process (PID=9532) to work on /home/airflow/sandbox/lib/python3.8/site-packages/airflow/example_dags/example_subdag_operator.py
[2022-03-21 05:23:40,470] {scheduler_job.py:633} INFO - Processing file /home/airflow/sandbox/lib/python3.8/site-packages/airflow/example_dags/example_subdag_operator.py for tasks to queue
[2022-03-21 05:23:40,471] {logging_mixin.py:104} INFO - [2022-03-21 05:23:40,471] {dagbag.py:487} INFO - Filling up the DagBag from /home/airflow/sandbox/lib/python3.8/site-packages/airflow/example_dags/example_subdag_operator.py
[2022-03-21 05:23:40,514] {scheduler_job.py:643} INFO - DAG(s) dict_keys(['example_subdag_operator.section-1', 'example_subdag_operator.section-2', 'example_subdag_operator']) retrieved from /home/airflow/sandbox/lib/python3.8/site-packages/airflow/example_dags/example_subdag_operator.py
[2022-03-21 05:23:40,540] {logging_mixin.py:104} INFO - [2022-03-21 05:23:40,540] {dag.py:1832} INFO - Sync 3 DAGs
[2022-03-21 05:23:40,560] {logging_mixin.py:104} INFO - [2022-03-21 05:23:40,558] {dag.py:2305} INFO - Setting next_dagrun for example_subdag_operator to 2022-03-19 00:00:00+00:00
[2022-03-21 05:23:40,562] {logging_mixin.py:104} INFO - [2022-03-21 05:23:40,562] {dag.py:2305} INFO - Setting next_dagrun for example_subdag_operator.section-1 to None
[2022-03-21 05:23:40,562] {logging_mixin.py:104} INFO - [2022-03-21 05:23:40,562] {dag.py:2305} INFO - Setting next_dagrun for example_subdag_operator.section-2 to None
[2022-03-21 05:23:40,697] {logging_mixin.py:104} INFO - [2022-03-21 05:23:40,696] {dag.py:1832} INFO - Sync 2 DAGs
[2022-03-21 05:23:40,707] {logging_mixin.py:104} INFO - [2022-03-21 05:23:40,707] {dag.py:2305} INFO - Setting next_dagrun for example_subdag_operator.section-1 to None
[2022-03-21 05:23:40,708] {logging_mixin.py:104} INFO - [2022-03-21 05:23:40,708] {dag.py:2305} INFO - Setting next_dagrun for example_subdag_operator.section-2 to None
[2022-03-21 05:23:40,734] {scheduler_job.py:190} INFO - Processing /home/airflow/sandbox/lib/python3.8/site-packages/airflow/example_dags/example_subdag_operator.py took 0.276 seconds
[2022-03-21 05:24:27,532] {scheduler_job.py:182} INFO - Started process (PID=9568) to work on /home/airflow/sandbox/lib/python3.8/site-packages/airflow/example_dags/example_subdag_operator.py
[2022-03-21 05:24:27,534] {scheduler_job.py:633} INFO - Processing file /home/airflow/sandbox/lib/python3.8/site-packages/airflow/example_dags/example_subdag_operator.py for tasks to queue
[2022-03-21 05:24:27,536] {logging_mixin.py:104} INFO - [2022-03-21 05:24:27,535] {dagbag.py:487} INFO - Filling up the DagBag from /home/airflow/sandbox/lib/python3.8/site-packages/airflow/example_dags/example_subdag_operator.py
[2022-03-21 05:24:27,577] {scheduler_job.py:643} INFO - DAG(s) dict_keys(['example_subdag_operator.section-1', 'example_subdag_operator.section-2', 'example_subdag_operator']) retrieved from /home/airflow/sandbox/lib/python3.8/site-packages/airflow/example_dags/example_subdag_operator.py
[2022-03-21 05:24:27,605] {logging_mixin.py:104} INFO - [2022-03-21 05:24:27,605] {dag.py:1832} INFO - Sync 3 DAGs
[2022-03-21 05:24:27,626] {logging_mixin.py:104} INFO - [2022-03-21 05:24:27,626] {dag.py:2305} INFO - Setting next_dagrun for example_subdag_operator to 2022-03-19 00:00:00+00:00
[2022-03-21 05:24:27,628] {logging_mixin.py:104} INFO - [2022-03-21 05:24:27,628] {dag.py:2305} INFO - Setting next_dagrun for example_subdag_operator.section-1 to None
[2022-03-21 05:24:27,628] {logging_mixin.py:104} INFO - [2022-03-21 05:24:27,628] {dag.py:2305} INFO - Setting next_dagrun for example_subdag_operator.section-2 to None
[2022-03-21 05:24:27,757] {logging_mixin.py:104} INFO - [2022-03-21 05:24:27,757] {dag.py:1832} INFO - Sync 2 DAGs
[2022-03-21 05:24:27,769] {logging_mixin.py:104} INFO - [2022-03-21 05:24:27,768] {dag.py:2305} INFO - Setting next_dagrun for example_subdag_operator.section-1 to None
[2022-03-21 05:24:27,769] {logging_mixin.py:104} INFO - [2022-03-21 05:24:27,769] {dag.py:2305} INFO - Setting next_dagrun for example_subdag_operator.section-2 to None
[2022-03-21 05:24:27,802] {scheduler_job.py:190} INFO - Processing /home/airflow/sandbox/lib/python3.8/site-packages/airflow/example_dags/example_subdag_operator.py took 0.277 seconds
[2022-03-21 05:25:11,843] {scheduler_job.py:182} INFO - Started process (PID=9600) to work on /home/airflow/sandbox/lib/python3.8/site-packages/airflow/example_dags/example_subdag_operator.py
[2022-03-21 05:25:11,846] {scheduler_job.py:633} INFO - Processing file /home/airflow/sandbox/lib/python3.8/site-packages/airflow/example_dags/example_subdag_operator.py for tasks to queue
[2022-03-21 05:25:11,848] {logging_mixin.py:104} INFO - [2022-03-21 05:25:11,848] {dagbag.py:487} INFO - Filling up the DagBag from /home/airflow/sandbox/lib/python3.8/site-packages/airflow/example_dags/example_subdag_operator.py
[2022-03-21 05:25:11,887] {scheduler_job.py:643} INFO - DAG(s) dict_keys(['example_subdag_operator.section-1', 'example_subdag_operator.section-2', 'example_subdag_operator']) retrieved from /home/airflow/sandbox/lib/python3.8/site-packages/airflow/example_dags/example_subdag_operator.py
[2022-03-21 05:25:11,913] {logging_mixin.py:104} INFO - [2022-03-21 05:25:11,913] {dag.py:1832} INFO - Sync 3 DAGs
[2022-03-21 05:25:12,038] {logging_mixin.py:104} INFO - [2022-03-21 05:25:12,038] {dag.py:2305} INFO - Setting next_dagrun for example_subdag_operator to 2022-03-19 00:00:00+00:00
[2022-03-21 05:25:12,040] {logging_mixin.py:104} INFO - [2022-03-21 05:25:12,040] {dag.py:2305} INFO - Setting next_dagrun for example_subdag_operator.section-1 to None
[2022-03-21 05:25:12,041] {logging_mixin.py:104} INFO - [2022-03-21 05:25:12,041] {dag.py:2305} INFO - Setting next_dagrun for example_subdag_operator.section-2 to None
[2022-03-21 05:25:12,067] {logging_mixin.py:104} INFO - [2022-03-21 05:25:12,067] {dag.py:1832} INFO - Sync 2 DAGs
[2022-03-21 05:25:12,078] {logging_mixin.py:104} INFO - [2022-03-21 05:25:12,078] {dag.py:2305} INFO - Setting next_dagrun for example_subdag_operator.section-1 to None
[2022-03-21 05:25:12,079] {logging_mixin.py:104} INFO - [2022-03-21 05:25:12,078] {dag.py:2305} INFO - Setting next_dagrun for example_subdag_operator.section-2 to None
[2022-03-21 05:25:12,102] {scheduler_job.py:190} INFO - Processing /home/airflow/sandbox/lib/python3.8/site-packages/airflow/example_dags/example_subdag_operator.py took 0.265 seconds
[2022-03-21 05:25:56,170] {scheduler_job.py:182} INFO - Started process (PID=9690) to work on /home/airflow/sandbox/lib/python3.8/site-packages/airflow/example_dags/example_subdag_operator.py
[2022-03-21 05:25:56,173] {scheduler_job.py:633} INFO - Processing file /home/airflow/sandbox/lib/python3.8/site-packages/airflow/example_dags/example_subdag_operator.py for tasks to queue
[2022-03-21 05:25:56,174] {logging_mixin.py:104} INFO - [2022-03-21 05:25:56,174] {dagbag.py:487} INFO - Filling up the DagBag from /home/airflow/sandbox/lib/python3.8/site-packages/airflow/example_dags/example_subdag_operator.py
[2022-03-21 05:25:56,217] {scheduler_job.py:643} INFO - DAG(s) dict_keys(['example_subdag_operator.section-1', 'example_subdag_operator.section-2', 'example_subdag_operator']) retrieved from /home/airflow/sandbox/lib/python3.8/site-packages/airflow/example_dags/example_subdag_operator.py
[2022-03-21 05:25:56,238] {logging_mixin.py:104} INFO - [2022-03-21 05:25:56,238] {dag.py:1832} INFO - Sync 3 DAGs
[2022-03-21 05:25:56,364] {logging_mixin.py:104} INFO - [2022-03-21 05:25:56,364] {dag.py:2305} INFO - Setting next_dagrun for example_subdag_operator to 2022-03-19 00:00:00+00:00
[2022-03-21 05:25:56,366] {logging_mixin.py:104} INFO - [2022-03-21 05:25:56,366] {dag.py:2305} INFO - Setting next_dagrun for example_subdag_operator.section-1 to None
[2022-03-21 05:25:56,366] {logging_mixin.py:104} INFO - [2022-03-21 05:25:56,366] {dag.py:2305} INFO - Setting next_dagrun for example_subdag_operator.section-2 to None
[2022-03-21 05:25:56,393] {logging_mixin.py:104} INFO - [2022-03-21 05:25:56,393] {dag.py:1832} INFO - Sync 2 DAGs
[2022-03-21 05:25:56,404] {logging_mixin.py:104} INFO - [2022-03-21 05:25:56,404] {dag.py:2305} INFO - Setting next_dagrun for example_subdag_operator.section-1 to None
[2022-03-21 05:25:56,405] {logging_mixin.py:104} INFO - [2022-03-21 05:25:56,405] {dag.py:2305} INFO - Setting next_dagrun for example_subdag_operator.section-2 to None
[2022-03-21 05:25:56,430] {scheduler_job.py:190} INFO - Processing /home/airflow/sandbox/lib/python3.8/site-packages/airflow/example_dags/example_subdag_operator.py took 0.266 seconds
[2022-03-21 05:26:49,134] {scheduler_job.py:182} INFO - Started process (PID=9727) to work on /home/airflow/sandbox/lib/python3.8/site-packages/airflow/example_dags/example_subdag_operator.py
[2022-03-21 05:26:49,138] {scheduler_job.py:633} INFO - Processing file /home/airflow/sandbox/lib/python3.8/site-packages/airflow/example_dags/example_subdag_operator.py for tasks to queue
[2022-03-21 05:26:49,140] {logging_mixin.py:104} INFO - [2022-03-21 05:26:49,139] {dagbag.py:487} INFO - Filling up the DagBag from /home/airflow/sandbox/lib/python3.8/site-packages/airflow/example_dags/example_subdag_operator.py
[2022-03-21 05:26:49,210] {scheduler_job.py:643} INFO - DAG(s) dict_keys(['example_subdag_operator.section-1', 'example_subdag_operator.section-2', 'example_subdag_operator']) retrieved from /home/airflow/sandbox/lib/python3.8/site-packages/airflow/example_dags/example_subdag_operator.py
[2022-03-21 05:26:49,410] {logging_mixin.py:104} INFO - [2022-03-21 05:26:49,410] {dag.py:1832} INFO - Sync 3 DAGs
[2022-03-21 05:26:49,430] {logging_mixin.py:104} INFO - [2022-03-21 05:26:49,430] {dag.py:2305} INFO - Setting next_dagrun for example_subdag_operator to 2022-03-19 00:00:00+00:00
[2022-03-21 05:26:49,432] {logging_mixin.py:104} INFO - [2022-03-21 05:26:49,432] {dag.py:2305} INFO - Setting next_dagrun for example_subdag_operator.section-1 to None
[2022-03-21 05:26:49,432] {logging_mixin.py:104} INFO - [2022-03-21 05:26:49,432] {dag.py:2305} INFO - Setting next_dagrun for example_subdag_operator.section-2 to None
[2022-03-21 05:26:49,465] {logging_mixin.py:104} INFO - [2022-03-21 05:26:49,465] {dag.py:1832} INFO - Sync 2 DAGs
[2022-03-21 05:26:49,483] {logging_mixin.py:104} INFO - [2022-03-21 05:26:49,483] {dag.py:2305} INFO - Setting next_dagrun for example_subdag_operator.section-1 to None
[2022-03-21 05:26:49,483] {logging_mixin.py:104} INFO - [2022-03-21 05:26:49,483] {dag.py:2305} INFO - Setting next_dagrun for example_subdag_operator.section-2 to None
[2022-03-21 05:26:49,513] {scheduler_job.py:190} INFO - Processing /home/airflow/sandbox/lib/python3.8/site-packages/airflow/example_dags/example_subdag_operator.py took 0.387 seconds
[2022-03-21 05:27:40,543] {scheduler_job.py:182} INFO - Started process (PID=9763) to work on /home/airflow/sandbox/lib/python3.8/site-packages/airflow/example_dags/example_subdag_operator.py
[2022-03-21 05:27:40,546] {scheduler_job.py:633} INFO - Processing file /home/airflow/sandbox/lib/python3.8/site-packages/airflow/example_dags/example_subdag_operator.py for tasks to queue
[2022-03-21 05:27:40,547] {logging_mixin.py:104} INFO - [2022-03-21 05:27:40,547] {dagbag.py:487} INFO - Filling up the DagBag from /home/airflow/sandbox/lib/python3.8/site-packages/airflow/example_dags/example_subdag_operator.py
[2022-03-21 05:27:40,612] {scheduler_job.py:643} INFO - DAG(s) dict_keys(['example_subdag_operator.section-1', 'example_subdag_operator.section-2', 'example_subdag_operator']) retrieved from /home/airflow/sandbox/lib/python3.8/site-packages/airflow/example_dags/example_subdag_operator.py
[2022-03-21 05:27:40,764] {logging_mixin.py:104} INFO - [2022-03-21 05:27:40,764] {dag.py:1832} INFO - Sync 3 DAGs
[2022-03-21 05:27:40,784] {logging_mixin.py:104} INFO - [2022-03-21 05:27:40,784] {dag.py:2305} INFO - Setting next_dagrun for example_subdag_operator to 2022-03-19 00:00:00+00:00
[2022-03-21 05:27:40,785] {logging_mixin.py:104} INFO - [2022-03-21 05:27:40,785] {dag.py:2305} INFO - Setting next_dagrun for example_subdag_operator.section-1 to None
[2022-03-21 05:27:40,788] {logging_mixin.py:104} INFO - [2022-03-21 05:27:40,786] {dag.py:2305} INFO - Setting next_dagrun for example_subdag_operator.section-2 to None
[2022-03-21 05:27:40,816] {logging_mixin.py:104} INFO - [2022-03-21 05:27:40,816] {dag.py:1832} INFO - Sync 2 DAGs
[2022-03-21 05:27:40,832] {logging_mixin.py:104} INFO - [2022-03-21 05:27:40,832] {dag.py:2305} INFO - Setting next_dagrun for example_subdag_operator.section-1 to None
[2022-03-21 05:27:40,833] {logging_mixin.py:104} INFO - [2022-03-21 05:27:40,833] {dag.py:2305} INFO - Setting next_dagrun for example_subdag_operator.section-2 to None
[2022-03-21 05:27:40,939] {scheduler_job.py:190} INFO - Processing /home/airflow/sandbox/lib/python3.8/site-packages/airflow/example_dags/example_subdag_operator.py took 0.404 seconds
[2022-03-21 05:28:30,577] {scheduler_job.py:182} INFO - Started process (PID=9800) to work on /home/airflow/sandbox/lib/python3.8/site-packages/airflow/example_dags/example_subdag_operator.py
[2022-03-21 05:28:30,580] {scheduler_job.py:633} INFO - Processing file /home/airflow/sandbox/lib/python3.8/site-packages/airflow/example_dags/example_subdag_operator.py for tasks to queue
[2022-03-21 05:28:30,582] {logging_mixin.py:104} INFO - [2022-03-21 05:28:30,582] {dagbag.py:487} INFO - Filling up the DagBag from /home/airflow/sandbox/lib/python3.8/site-packages/airflow/example_dags/example_subdag_operator.py
[2022-03-21 05:28:30,766] {scheduler_job.py:643} INFO - DAG(s) dict_keys(['example_subdag_operator.section-1', 'example_subdag_operator.section-2', 'example_subdag_operator']) retrieved from /home/airflow/sandbox/lib/python3.8/site-packages/airflow/example_dags/example_subdag_operator.py
[2022-03-21 05:28:30,795] {logging_mixin.py:104} INFO - [2022-03-21 05:28:30,794] {dag.py:1832} INFO - Sync 3 DAGs
[2022-03-21 05:28:30,830] {logging_mixin.py:104} INFO - [2022-03-21 05:28:30,830] {dag.py:2305} INFO - Setting next_dagrun for example_subdag_operator to 2022-03-19 00:00:00+00:00
[2022-03-21 05:28:30,832] {logging_mixin.py:104} INFO - [2022-03-21 05:28:30,832] {dag.py:2305} INFO - Setting next_dagrun for example_subdag_operator.section-1 to None
[2022-03-21 05:28:30,832] {logging_mixin.py:104} INFO - [2022-03-21 05:28:30,832] {dag.py:2305} INFO - Setting next_dagrun for example_subdag_operator.section-2 to None
[2022-03-21 05:28:30,868] {logging_mixin.py:104} INFO - [2022-03-21 05:28:30,867] {dag.py:1832} INFO - Sync 2 DAGs
[2022-03-21 05:28:30,891] {logging_mixin.py:104} INFO - [2022-03-21 05:28:30,891] {dag.py:2305} INFO - Setting next_dagrun for example_subdag_operator.section-1 to None
[2022-03-21 05:28:30,891] {logging_mixin.py:104} INFO - [2022-03-21 05:28:30,891] {dag.py:2305} INFO - Setting next_dagrun for example_subdag_operator.section-2 to None
[2022-03-21 05:28:30,928] {scheduler_job.py:190} INFO - Processing /home/airflow/sandbox/lib/python3.8/site-packages/airflow/example_dags/example_subdag_operator.py took 0.358 seconds
[2022-03-21 05:29:21,410] {scheduler_job.py:182} INFO - Started process (PID=9836) to work on /home/airflow/sandbox/lib/python3.8/site-packages/airflow/example_dags/example_subdag_operator.py
[2022-03-21 05:29:21,413] {scheduler_job.py:633} INFO - Processing file /home/airflow/sandbox/lib/python3.8/site-packages/airflow/example_dags/example_subdag_operator.py for tasks to queue
[2022-03-21 05:29:21,415] {logging_mixin.py:104} INFO - [2022-03-21 05:29:21,415] {dagbag.py:487} INFO - Filling up the DagBag from /home/airflow/sandbox/lib/python3.8/site-packages/airflow/example_dags/example_subdag_operator.py
[2022-03-21 05:29:21,586] {scheduler_job.py:643} INFO - DAG(s) dict_keys(['example_subdag_operator.section-1', 'example_subdag_operator.section-2', 'example_subdag_operator']) retrieved from /home/airflow/sandbox/lib/python3.8/site-packages/airflow/example_dags/example_subdag_operator.py
[2022-03-21 05:29:21,608] {logging_mixin.py:104} INFO - [2022-03-21 05:29:21,608] {dag.py:1832} INFO - Sync 3 DAGs
[2022-03-21 05:29:21,630] {logging_mixin.py:104} INFO - [2022-03-21 05:29:21,630] {dag.py:2305} INFO - Setting next_dagrun for example_subdag_operator to 2022-03-19 00:00:00+00:00
[2022-03-21 05:29:21,632] {logging_mixin.py:104} INFO - [2022-03-21 05:29:21,632] {dag.py:2305} INFO - Setting next_dagrun for example_subdag_operator.section-1 to None
[2022-03-21 05:29:21,632] {logging_mixin.py:104} INFO - [2022-03-21 05:29:21,632] {dag.py:2305} INFO - Setting next_dagrun for example_subdag_operator.section-2 to None
[2022-03-21 05:29:21,663] {logging_mixin.py:104} INFO - [2022-03-21 05:29:21,663] {dag.py:1832} INFO - Sync 2 DAGs
[2022-03-21 05:29:21,675] {logging_mixin.py:104} INFO - [2022-03-21 05:29:21,675] {dag.py:2305} INFO - Setting next_dagrun for example_subdag_operator.section-1 to None
[2022-03-21 05:29:21,676] {logging_mixin.py:104} INFO - [2022-03-21 05:29:21,676] {dag.py:2305} INFO - Setting next_dagrun for example_subdag_operator.section-2 to None
[2022-03-21 05:29:21,705] {scheduler_job.py:190} INFO - Processing /home/airflow/sandbox/lib/python3.8/site-packages/airflow/example_dags/example_subdag_operator.py took 0.303 seconds
[2022-03-21 05:30:13,371] {scheduler_job.py:182} INFO - Started process (PID=9872) to work on /home/airflow/sandbox/lib/python3.8/site-packages/airflow/example_dags/example_subdag_operator.py
[2022-03-21 05:30:13,373] {scheduler_job.py:633} INFO - Processing file /home/airflow/sandbox/lib/python3.8/site-packages/airflow/example_dags/example_subdag_operator.py for tasks to queue
[2022-03-21 05:30:13,381] {logging_mixin.py:104} INFO - [2022-03-21 05:30:13,380] {dagbag.py:487} INFO - Filling up the DagBag from /home/airflow/sandbox/lib/python3.8/site-packages/airflow/example_dags/example_subdag_operator.py
[2022-03-21 05:30:13,633] {scheduler_job.py:643} INFO - DAG(s) dict_keys(['example_subdag_operator.section-1', 'example_subdag_operator.section-2', 'example_subdag_operator']) retrieved from /home/airflow/sandbox/lib/python3.8/site-packages/airflow/example_dags/example_subdag_operator.py
[2022-03-21 05:30:13,668] {logging_mixin.py:104} INFO - [2022-03-21 05:30:13,668] {dag.py:1832} INFO - Sync 3 DAGs
[2022-03-21 05:30:13,733] {logging_mixin.py:104} INFO - [2022-03-21 05:30:13,733] {dag.py:2305} INFO - Setting next_dagrun for example_subdag_operator to 2022-03-19 00:00:00+00:00
[2022-03-21 05:30:13,736] {logging_mixin.py:104} INFO - [2022-03-21 05:30:13,735] {dag.py:2305} INFO - Setting next_dagrun for example_subdag_operator.section-1 to None
[2022-03-21 05:30:13,736] {logging_mixin.py:104} INFO - [2022-03-21 05:30:13,736] {dag.py:2305} INFO - Setting next_dagrun for example_subdag_operator.section-2 to None
[2022-03-21 05:30:13,800] {logging_mixin.py:104} INFO - [2022-03-21 05:30:13,799] {dag.py:1832} INFO - Sync 2 DAGs
[2022-03-21 05:30:13,838] {logging_mixin.py:104} INFO - [2022-03-21 05:30:13,838] {dag.py:2305} INFO - Setting next_dagrun for example_subdag_operator.section-1 to None
[2022-03-21 05:30:13,838] {logging_mixin.py:104} INFO - [2022-03-21 05:30:13,838] {dag.py:2305} INFO - Setting next_dagrun for example_subdag_operator.section-2 to None
[2022-03-21 05:30:13,940] {scheduler_job.py:190} INFO - Processing /home/airflow/sandbox/lib/python3.8/site-packages/airflow/example_dags/example_subdag_operator.py took 0.576 seconds
[2022-03-21 05:30:58,410] {scheduler_job.py:182} INFO - Started process (PID=9960) to work on /home/airflow/sandbox/lib/python3.8/site-packages/airflow/example_dags/example_subdag_operator.py
[2022-03-21 05:30:58,413] {scheduler_job.py:633} INFO - Processing file /home/airflow/sandbox/lib/python3.8/site-packages/airflow/example_dags/example_subdag_operator.py for tasks to queue
[2022-03-21 05:30:58,416] {logging_mixin.py:104} INFO - [2022-03-21 05:30:58,415] {dagbag.py:487} INFO - Filling up the DagBag from /home/airflow/sandbox/lib/python3.8/site-packages/airflow/example_dags/example_subdag_operator.py
[2022-03-21 05:30:58,457] {scheduler_job.py:643} INFO - DAG(s) dict_keys(['example_subdag_operator.section-1', 'example_subdag_operator.section-2', 'example_subdag_operator']) retrieved from /home/airflow/sandbox/lib/python3.8/site-packages/airflow/example_dags/example_subdag_operator.py
[2022-03-21 05:30:58,481] {logging_mixin.py:104} INFO - [2022-03-21 05:30:58,481] {dag.py:1832} INFO - Sync 3 DAGs
[2022-03-21 05:30:58,504] {logging_mixin.py:104} INFO - [2022-03-21 05:30:58,504] {dag.py:2305} INFO - Setting next_dagrun for example_subdag_operator to 2022-03-19 00:00:00+00:00
[2022-03-21 05:30:58,506] {logging_mixin.py:104} INFO - [2022-03-21 05:30:58,506] {dag.py:2305} INFO - Setting next_dagrun for example_subdag_operator.section-1 to None
[2022-03-21 05:30:58,507] {logging_mixin.py:104} INFO - [2022-03-21 05:30:58,506] {dag.py:2305} INFO - Setting next_dagrun for example_subdag_operator.section-2 to None
[2022-03-21 05:30:58,535] {logging_mixin.py:104} INFO - [2022-03-21 05:30:58,534] {dag.py:1832} INFO - Sync 2 DAGs
[2022-03-21 05:30:58,546] {logging_mixin.py:104} INFO - [2022-03-21 05:30:58,546] {dag.py:2305} INFO - Setting next_dagrun for example_subdag_operator.section-1 to None
[2022-03-21 05:30:58,547] {logging_mixin.py:104} INFO - [2022-03-21 05:30:58,546] {dag.py:2305} INFO - Setting next_dagrun for example_subdag_operator.section-2 to None
[2022-03-21 05:30:58,572] {scheduler_job.py:190} INFO - Processing /home/airflow/sandbox/lib/python3.8/site-packages/airflow/example_dags/example_subdag_operator.py took 0.171 seconds
[2022-03-21 05:31:44,148] {scheduler_job.py:182} INFO - Started process (PID=9995) to work on /home/airflow/sandbox/lib/python3.8/site-packages/airflow/example_dags/example_subdag_operator.py
[2022-03-21 05:31:44,152] {scheduler_job.py:633} INFO - Processing file /home/airflow/sandbox/lib/python3.8/site-packages/airflow/example_dags/example_subdag_operator.py for tasks to queue
[2022-03-21 05:31:44,154] {logging_mixin.py:104} INFO - [2022-03-21 05:31:44,154] {dagbag.py:487} INFO - Filling up the DagBag from /home/airflow/sandbox/lib/python3.8/site-packages/airflow/example_dags/example_subdag_operator.py
[2022-03-21 05:31:44,195] {scheduler_job.py:643} INFO - DAG(s) dict_keys(['example_subdag_operator.section-1', 'example_subdag_operator.section-2', 'example_subdag_operator']) retrieved from /home/airflow/sandbox/lib/python3.8/site-packages/airflow/example_dags/example_subdag_operator.py
[2022-03-21 05:31:44,215] {logging_mixin.py:104} INFO - [2022-03-21 05:31:44,215] {dag.py:1832} INFO - Sync 3 DAGs
[2022-03-21 05:31:44,237] {logging_mixin.py:104} INFO - [2022-03-21 05:31:44,237] {dag.py:2305} INFO - Setting next_dagrun for example_subdag_operator to 2022-03-19 00:00:00+00:00
[2022-03-21 05:31:44,239] {logging_mixin.py:104} INFO - [2022-03-21 05:31:44,238] {dag.py:2305} INFO - Setting next_dagrun for example_subdag_operator.section-1 to None
[2022-03-21 05:31:44,239] {logging_mixin.py:104} INFO - [2022-03-21 05:31:44,239] {dag.py:2305} INFO - Setting next_dagrun for example_subdag_operator.section-2 to None
[2022-03-21 05:31:44,268] {logging_mixin.py:104} INFO - [2022-03-21 05:31:44,268] {dag.py:1832} INFO - Sync 2 DAGs
[2022-03-21 05:31:44,280] {logging_mixin.py:104} INFO - [2022-03-21 05:31:44,280] {dag.py:2305} INFO - Setting next_dagrun for example_subdag_operator.section-1 to None
[2022-03-21 05:31:44,280] {logging_mixin.py:104} INFO - [2022-03-21 05:31:44,280] {dag.py:2305} INFO - Setting next_dagrun for example_subdag_operator.section-2 to None
[2022-03-21 05:31:44,305] {scheduler_job.py:190} INFO - Processing /home/airflow/sandbox/lib/python3.8/site-packages/airflow/example_dags/example_subdag_operator.py took 0.167 seconds
[2022-03-21 05:32:25,006] {scheduler_job.py:182} INFO - Started process (PID=10027) to work on /home/airflow/sandbox/lib/python3.8/site-packages/airflow/example_dags/example_subdag_operator.py
[2022-03-21 05:32:25,013] {scheduler_job.py:633} INFO - Processing file /home/airflow/sandbox/lib/python3.8/site-packages/airflow/example_dags/example_subdag_operator.py for tasks to queue
[2022-03-21 05:32:25,014] {logging_mixin.py:104} INFO - [2022-03-21 05:32:25,014] {dagbag.py:487} INFO - Filling up the DagBag from /home/airflow/sandbox/lib/python3.8/site-packages/airflow/example_dags/example_subdag_operator.py
[2022-03-21 05:32:25,053] {scheduler_job.py:643} INFO - DAG(s) dict_keys(['example_subdag_operator.section-1', 'example_subdag_operator.section-2', 'example_subdag_operator']) retrieved from /home/airflow/sandbox/lib/python3.8/site-packages/airflow/example_dags/example_subdag_operator.py
[2022-03-21 05:32:25,077] {logging_mixin.py:104} INFO - [2022-03-21 05:32:25,077] {dag.py:1832} INFO - Sync 3 DAGs
[2022-03-21 05:32:25,099] {logging_mixin.py:104} INFO - [2022-03-21 05:32:25,099] {dag.py:2305} INFO - Setting next_dagrun for example_subdag_operator to 2022-03-19 00:00:00+00:00
[2022-03-21 05:32:25,102] {logging_mixin.py:104} INFO - [2022-03-21 05:32:25,102] {dag.py:2305} INFO - Setting next_dagrun for example_subdag_operator.section-1 to None
[2022-03-21 05:32:25,103] {logging_mixin.py:104} INFO - [2022-03-21 05:32:25,102] {dag.py:2305} INFO - Setting next_dagrun for example_subdag_operator.section-2 to None
[2022-03-21 05:32:25,136] {logging_mixin.py:104} INFO - [2022-03-21 05:32:25,136] {dag.py:1832} INFO - Sync 2 DAGs
[2022-03-21 05:32:25,151] {logging_mixin.py:104} INFO - [2022-03-21 05:32:25,150] {dag.py:2305} INFO - Setting next_dagrun for example_subdag_operator.section-1 to None
[2022-03-21 05:32:25,151] {logging_mixin.py:104} INFO - [2022-03-21 05:32:25,151] {dag.py:2305} INFO - Setting next_dagrun for example_subdag_operator.section-2 to None
[2022-03-21 05:32:25,178] {scheduler_job.py:190} INFO - Processing /home/airflow/sandbox/lib/python3.8/site-packages/airflow/example_dags/example_subdag_operator.py took 0.178 seconds
[2022-03-21 05:33:08,016] {scheduler_job.py:182} INFO - Started process (PID=10059) to work on /home/airflow/sandbox/lib/python3.8/site-packages/airflow/example_dags/example_subdag_operator.py
[2022-03-21 05:33:08,020] {scheduler_job.py:633} INFO - Processing file /home/airflow/sandbox/lib/python3.8/site-packages/airflow/example_dags/example_subdag_operator.py for tasks to queue
[2022-03-21 05:33:08,022] {logging_mixin.py:104} INFO - [2022-03-21 05:33:08,021] {dagbag.py:487} INFO - Filling up the DagBag from /home/airflow/sandbox/lib/python3.8/site-packages/airflow/example_dags/example_subdag_operator.py
[2022-03-21 05:33:08,067] {scheduler_job.py:643} INFO - DAG(s) dict_keys(['example_subdag_operator.section-1', 'example_subdag_operator.section-2', 'example_subdag_operator']) retrieved from /home/airflow/sandbox/lib/python3.8/site-packages/airflow/example_dags/example_subdag_operator.py
[2022-03-21 05:33:08,090] {logging_mixin.py:104} INFO - [2022-03-21 05:33:08,090] {dag.py:1832} INFO - Sync 3 DAGs
[2022-03-21 05:33:08,111] {logging_mixin.py:104} INFO - [2022-03-21 05:33:08,111] {dag.py:2305} INFO - Setting next_dagrun for example_subdag_operator to 2022-03-19 00:00:00+00:00
[2022-03-21 05:33:08,113] {logging_mixin.py:104} INFO - [2022-03-21 05:33:08,113] {dag.py:2305} INFO - Setting next_dagrun for example_subdag_operator.section-1 to None
[2022-03-21 05:33:08,113] {logging_mixin.py:104} INFO - [2022-03-21 05:33:08,113] {dag.py:2305} INFO - Setting next_dagrun for example_subdag_operator.section-2 to None
[2022-03-21 05:33:08,147] {logging_mixin.py:104} INFO - [2022-03-21 05:33:08,147] {dag.py:1832} INFO - Sync 2 DAGs
[2022-03-21 05:33:08,159] {logging_mixin.py:104} INFO - [2022-03-21 05:33:08,159] {dag.py:2305} INFO - Setting next_dagrun for example_subdag_operator.section-1 to None
[2022-03-21 05:33:08,159] {logging_mixin.py:104} INFO - [2022-03-21 05:33:08,159] {dag.py:2305} INFO - Setting next_dagrun for example_subdag_operator.section-2 to None
[2022-03-21 05:33:08,186] {scheduler_job.py:190} INFO - Processing /home/airflow/sandbox/lib/python3.8/site-packages/airflow/example_dags/example_subdag_operator.py took 0.178 seconds
[2022-03-21 05:33:51,729] {scheduler_job.py:182} INFO - Started process (PID=10092) to work on /home/airflow/sandbox/lib/python3.8/site-packages/airflow/example_dags/example_subdag_operator.py
[2022-03-21 05:33:51,731] {scheduler_job.py:633} INFO - Processing file /home/airflow/sandbox/lib/python3.8/site-packages/airflow/example_dags/example_subdag_operator.py for tasks to queue
[2022-03-21 05:33:51,732] {logging_mixin.py:104} INFO - [2022-03-21 05:33:51,732] {dagbag.py:487} INFO - Filling up the DagBag from /home/airflow/sandbox/lib/python3.8/site-packages/airflow/example_dags/example_subdag_operator.py
[2022-03-21 05:33:51,775] {scheduler_job.py:643} INFO - DAG(s) dict_keys(['example_subdag_operator.section-1', 'example_subdag_operator.section-2', 'example_subdag_operator']) retrieved from /home/airflow/sandbox/lib/python3.8/site-packages/airflow/example_dags/example_subdag_operator.py
[2022-03-21 05:33:51,798] {logging_mixin.py:104} INFO - [2022-03-21 05:33:51,798] {dag.py:1832} INFO - Sync 3 DAGs
[2022-03-21 05:33:51,820] {logging_mixin.py:104} INFO - [2022-03-21 05:33:51,820] {dag.py:2305} INFO - Setting next_dagrun for example_subdag_operator to 2022-03-19 00:00:00+00:00
[2022-03-21 05:33:51,822] {logging_mixin.py:104} INFO - [2022-03-21 05:33:51,822] {dag.py:2305} INFO - Setting next_dagrun for example_subdag_operator.section-1 to None
[2022-03-21 05:33:51,822] {logging_mixin.py:104} INFO - [2022-03-21 05:33:51,822] {dag.py:2305} INFO - Setting next_dagrun for example_subdag_operator.section-2 to None
[2022-03-21 05:33:51,879] {logging_mixin.py:104} INFO - [2022-03-21 05:33:51,879] {dag.py:1832} INFO - Sync 2 DAGs
[2022-03-21 05:33:51,890] {logging_mixin.py:104} INFO - [2022-03-21 05:33:51,890] {dag.py:2305} INFO - Setting next_dagrun for example_subdag_operator.section-1 to None
[2022-03-21 05:33:51,891] {logging_mixin.py:104} INFO - [2022-03-21 05:33:51,891] {dag.py:2305} INFO - Setting next_dagrun for example_subdag_operator.section-2 to None
[2022-03-21 05:33:51,915] {scheduler_job.py:190} INFO - Processing /home/airflow/sandbox/lib/python3.8/site-packages/airflow/example_dags/example_subdag_operator.py took 0.194 seconds
[2022-03-21 05:34:36,013] {scheduler_job.py:182} INFO - Started process (PID=10126) to work on /home/airflow/sandbox/lib/python3.8/site-packages/airflow/example_dags/example_subdag_operator.py
[2022-03-21 05:34:36,079] {scheduler_job.py:633} INFO - Processing file /home/airflow/sandbox/lib/python3.8/site-packages/airflow/example_dags/example_subdag_operator.py for tasks to queue
[2022-03-21 05:34:36,111] {logging_mixin.py:104} INFO - [2022-03-21 05:34:36,111] {dagbag.py:487} INFO - Filling up the DagBag from /home/airflow/sandbox/lib/python3.8/site-packages/airflow/example_dags/example_subdag_operator.py
[2022-03-21 05:34:36,267] {scheduler_job.py:643} INFO - DAG(s) dict_keys(['example_subdag_operator.section-1', 'example_subdag_operator.section-2', 'example_subdag_operator']) retrieved from /home/airflow/sandbox/lib/python3.8/site-packages/airflow/example_dags/example_subdag_operator.py
[2022-03-21 05:34:36,298] {logging_mixin.py:104} INFO - [2022-03-21 05:34:36,298] {dag.py:1832} INFO - Sync 3 DAGs
[2022-03-21 05:34:36,325] {logging_mixin.py:104} INFO - [2022-03-21 05:34:36,325] {dag.py:2305} INFO - Setting next_dagrun for example_subdag_operator to 2022-03-19 00:00:00+00:00
[2022-03-21 05:34:36,328] {logging_mixin.py:104} INFO - [2022-03-21 05:34:36,328] {dag.py:2305} INFO - Setting next_dagrun for example_subdag_operator.section-1 to None
[2022-03-21 05:34:36,329] {logging_mixin.py:104} INFO - [2022-03-21 05:34:36,329] {dag.py:2305} INFO - Setting next_dagrun for example_subdag_operator.section-2 to None
[2022-03-21 05:34:36,361] {logging_mixin.py:104} INFO - [2022-03-21 05:34:36,361] {dag.py:1832} INFO - Sync 2 DAGs
[2022-03-21 05:34:36,375] {logging_mixin.py:104} INFO - [2022-03-21 05:34:36,375] {dag.py:2305} INFO - Setting next_dagrun for example_subdag_operator.section-1 to None
[2022-03-21 05:34:36,376] {logging_mixin.py:104} INFO - [2022-03-21 05:34:36,376] {dag.py:2305} INFO - Setting next_dagrun for example_subdag_operator.section-2 to None
[2022-03-21 05:34:36,404] {scheduler_job.py:190} INFO - Processing /home/airflow/sandbox/lib/python3.8/site-packages/airflow/example_dags/example_subdag_operator.py took 0.408 seconds
[2022-03-21 05:35:24,548] {scheduler_job.py:182} INFO - Started process (PID=10164) to work on /home/airflow/sandbox/lib/python3.8/site-packages/airflow/example_dags/example_subdag_operator.py
[2022-03-21 05:35:24,562] {scheduler_job.py:633} INFO - Processing file /home/airflow/sandbox/lib/python3.8/site-packages/airflow/example_dags/example_subdag_operator.py for tasks to queue
[2022-03-21 05:35:24,571] {logging_mixin.py:104} INFO - [2022-03-21 05:35:24,569] {dagbag.py:487} INFO - Filling up the DagBag from /home/airflow/sandbox/lib/python3.8/site-packages/airflow/example_dags/example_subdag_operator.py
[2022-03-21 05:35:24,654] {scheduler_job.py:643} INFO - DAG(s) dict_keys(['example_subdag_operator.section-1', 'example_subdag_operator.section-2', 'example_subdag_operator']) retrieved from /home/airflow/sandbox/lib/python3.8/site-packages/airflow/example_dags/example_subdag_operator.py
[2022-03-21 05:35:24,732] {logging_mixin.py:104} INFO - [2022-03-21 05:35:24,732] {dag.py:1832} INFO - Sync 3 DAGs
[2022-03-21 05:35:24,817] {logging_mixin.py:104} INFO - [2022-03-21 05:35:24,817] {dag.py:2305} INFO - Setting next_dagrun for example_subdag_operator to 2022-03-19 00:00:00+00:00
[2022-03-21 05:35:24,831] {logging_mixin.py:104} INFO - [2022-03-21 05:35:24,830] {dag.py:2305} INFO - Setting next_dagrun for example_subdag_operator.section-1 to None
[2022-03-21 05:35:24,831] {logging_mixin.py:104} INFO - [2022-03-21 05:35:24,831] {dag.py:2305} INFO - Setting next_dagrun for example_subdag_operator.section-2 to None
[2022-03-21 05:35:24,863] {logging_mixin.py:104} INFO - [2022-03-21 05:35:24,863] {dag.py:1832} INFO - Sync 2 DAGs
[2022-03-21 05:35:24,882] {logging_mixin.py:104} INFO - [2022-03-21 05:35:24,881] {dag.py:2305} INFO - Setting next_dagrun for example_subdag_operator.section-1 to None
[2022-03-21 05:35:24,882] {logging_mixin.py:104} INFO - [2022-03-21 05:35:24,882] {dag.py:2305} INFO - Setting next_dagrun for example_subdag_operator.section-2 to None
[2022-03-21 05:35:24,924] {scheduler_job.py:190} INFO - Processing /home/airflow/sandbox/lib/python3.8/site-packages/airflow/example_dags/example_subdag_operator.py took 0.382 seconds
[2022-03-21 05:36:10,188] {scheduler_job.py:182} INFO - Started process (PID=10249) to work on /home/airflow/sandbox/lib/python3.8/site-packages/airflow/example_dags/example_subdag_operator.py
[2022-03-21 05:36:10,190] {scheduler_job.py:633} INFO - Processing file /home/airflow/sandbox/lib/python3.8/site-packages/airflow/example_dags/example_subdag_operator.py for tasks to queue
[2022-03-21 05:36:10,192] {logging_mixin.py:104} INFO - [2022-03-21 05:36:10,191] {dagbag.py:487} INFO - Filling up the DagBag from /home/airflow/sandbox/lib/python3.8/site-packages/airflow/example_dags/example_subdag_operator.py
[2022-03-21 05:36:10,232] {scheduler_job.py:643} INFO - DAG(s) dict_keys(['example_subdag_operator.section-1', 'example_subdag_operator.section-2', 'example_subdag_operator']) retrieved from /home/airflow/sandbox/lib/python3.8/site-packages/airflow/example_dags/example_subdag_operator.py
[2022-03-21 05:36:10,254] {logging_mixin.py:104} INFO - [2022-03-21 05:36:10,253] {dag.py:1832} INFO - Sync 3 DAGs
[2022-03-21 05:36:10,276] {logging_mixin.py:104} INFO - [2022-03-21 05:36:10,276] {dag.py:2305} INFO - Setting next_dagrun for example_subdag_operator to 2022-03-19 00:00:00+00:00
[2022-03-21 05:36:10,278] {logging_mixin.py:104} INFO - [2022-03-21 05:36:10,278] {dag.py:2305} INFO - Setting next_dagrun for example_subdag_operator.section-1 to None
[2022-03-21 05:36:10,278] {logging_mixin.py:104} INFO - [2022-03-21 05:36:10,278] {dag.py:2305} INFO - Setting next_dagrun for example_subdag_operator.section-2 to None
[2022-03-21 05:36:10,311] {logging_mixin.py:104} INFO - [2022-03-21 05:36:10,311] {dag.py:1832} INFO - Sync 2 DAGs
[2022-03-21 05:36:10,322] {logging_mixin.py:104} INFO - [2022-03-21 05:36:10,322] {dag.py:2305} INFO - Setting next_dagrun for example_subdag_operator.section-1 to None
[2022-03-21 05:36:10,324] {logging_mixin.py:104} INFO - [2022-03-21 05:36:10,324] {dag.py:2305} INFO - Setting next_dagrun for example_subdag_operator.section-2 to None
[2022-03-21 05:36:10,349] {scheduler_job.py:190} INFO - Processing /home/airflow/sandbox/lib/python3.8/site-packages/airflow/example_dags/example_subdag_operator.py took 0.168 seconds
[2022-03-21 05:36:56,016] {scheduler_job.py:182} INFO - Started process (PID=10283) to work on /home/airflow/sandbox/lib/python3.8/site-packages/airflow/example_dags/example_subdag_operator.py
[2022-03-21 05:36:56,026] {scheduler_job.py:633} INFO - Processing file /home/airflow/sandbox/lib/python3.8/site-packages/airflow/example_dags/example_subdag_operator.py for tasks to queue
[2022-03-21 05:36:56,029] {logging_mixin.py:104} INFO - [2022-03-21 05:36:56,027] {dagbag.py:487} INFO - Filling up the DagBag from /home/airflow/sandbox/lib/python3.8/site-packages/airflow/example_dags/example_subdag_operator.py
[2022-03-21 05:36:56,070] {scheduler_job.py:643} INFO - DAG(s) dict_keys(['example_subdag_operator.section-1', 'example_subdag_operator.section-2', 'example_subdag_operator']) retrieved from /home/airflow/sandbox/lib/python3.8/site-packages/airflow/example_dags/example_subdag_operator.py
[2022-03-21 05:36:56,092] {logging_mixin.py:104} INFO - [2022-03-21 05:36:56,092] {dag.py:1832} INFO - Sync 3 DAGs
[2022-03-21 05:36:56,114] {logging_mixin.py:104} INFO - [2022-03-21 05:36:56,114] {dag.py:2305} INFO - Setting next_dagrun for example_subdag_operator to 2022-03-19 00:00:00+00:00
[2022-03-21 05:36:56,117] {logging_mixin.py:104} INFO - [2022-03-21 05:36:56,117] {dag.py:2305} INFO - Setting next_dagrun for example_subdag_operator.section-1 to None
[2022-03-21 05:36:56,117] {logging_mixin.py:104} INFO - [2022-03-21 05:36:56,117] {dag.py:2305} INFO - Setting next_dagrun for example_subdag_operator.section-2 to None
[2022-03-21 05:36:56,146] {logging_mixin.py:104} INFO - [2022-03-21 05:36:56,146] {dag.py:1832} INFO - Sync 2 DAGs
[2022-03-21 05:36:56,157] {logging_mixin.py:104} INFO - [2022-03-21 05:36:56,157] {dag.py:2305} INFO - Setting next_dagrun for example_subdag_operator.section-1 to None
[2022-03-21 05:36:56,158] {logging_mixin.py:104} INFO - [2022-03-21 05:36:56,158] {dag.py:2305} INFO - Setting next_dagrun for example_subdag_operator.section-2 to None
[2022-03-21 05:36:56,184] {scheduler_job.py:190} INFO - Processing /home/airflow/sandbox/lib/python3.8/site-packages/airflow/example_dags/example_subdag_operator.py took 0.174 seconds
[2022-03-21 05:37:40,100] {scheduler_job.py:182} INFO - Started process (PID=10316) to work on /home/airflow/sandbox/lib/python3.8/site-packages/airflow/example_dags/example_subdag_operator.py
[2022-03-21 05:37:40,102] {scheduler_job.py:633} INFO - Processing file /home/airflow/sandbox/lib/python3.8/site-packages/airflow/example_dags/example_subdag_operator.py for tasks to queue
[2022-03-21 05:37:40,104] {logging_mixin.py:104} INFO - [2022-03-21 05:37:40,104] {dagbag.py:487} INFO - Filling up the DagBag from /home/airflow/sandbox/lib/python3.8/site-packages/airflow/example_dags/example_subdag_operator.py
[2022-03-21 05:37:40,147] {scheduler_job.py:643} INFO - DAG(s) dict_keys(['example_subdag_operator.section-1', 'example_subdag_operator.section-2', 'example_subdag_operator']) retrieved from /home/airflow/sandbox/lib/python3.8/site-packages/airflow/example_dags/example_subdag_operator.py
[2022-03-21 05:37:40,169] {logging_mixin.py:104} INFO - [2022-03-21 05:37:40,169] {dag.py:1832} INFO - Sync 3 DAGs
[2022-03-21 05:37:40,190] {logging_mixin.py:104} INFO - [2022-03-21 05:37:40,190] {dag.py:2305} INFO - Setting next_dagrun for example_subdag_operator to 2022-03-19 00:00:00+00:00
[2022-03-21 05:37:40,192] {logging_mixin.py:104} INFO - [2022-03-21 05:37:40,192] {dag.py:2305} INFO - Setting next_dagrun for example_subdag_operator.section-1 to None
[2022-03-21 05:37:40,192] {logging_mixin.py:104} INFO - [2022-03-21 05:37:40,192] {dag.py:2305} INFO - Setting next_dagrun for example_subdag_operator.section-2 to None
[2022-03-21 05:37:40,221] {logging_mixin.py:104} INFO - [2022-03-21 05:37:40,221] {dag.py:1832} INFO - Sync 2 DAGs
[2022-03-21 05:37:40,232] {logging_mixin.py:104} INFO - [2022-03-21 05:37:40,232] {dag.py:2305} INFO - Setting next_dagrun for example_subdag_operator.section-1 to None
[2022-03-21 05:37:40,233] {logging_mixin.py:104} INFO - [2022-03-21 05:37:40,233] {dag.py:2305} INFO - Setting next_dagrun for example_subdag_operator.section-2 to None
[2022-03-21 05:37:40,260] {scheduler_job.py:190} INFO - Processing /home/airflow/sandbox/lib/python3.8/site-packages/airflow/example_dags/example_subdag_operator.py took 0.166 seconds
[2022-03-21 05:38:23,810] {scheduler_job.py:182} INFO - Started process (PID=10351) to work on /home/airflow/sandbox/lib/python3.8/site-packages/airflow/example_dags/example_subdag_operator.py
[2022-03-21 05:38:23,814] {scheduler_job.py:633} INFO - Processing file /home/airflow/sandbox/lib/python3.8/site-packages/airflow/example_dags/example_subdag_operator.py for tasks to queue
[2022-03-21 05:38:23,816] {logging_mixin.py:104} INFO - [2022-03-21 05:38:23,816] {dagbag.py:487} INFO - Filling up the DagBag from /home/airflow/sandbox/lib/python3.8/site-packages/airflow/example_dags/example_subdag_operator.py
[2022-03-21 05:38:23,860] {scheduler_job.py:643} INFO - DAG(s) dict_keys(['example_subdag_operator.section-1', 'example_subdag_operator.section-2', 'example_subdag_operator']) retrieved from /home/airflow/sandbox/lib/python3.8/site-packages/airflow/example_dags/example_subdag_operator.py
[2022-03-21 05:38:23,882] {logging_mixin.py:104} INFO - [2022-03-21 05:38:23,882] {dag.py:1832} INFO - Sync 3 DAGs
[2022-03-21 05:38:23,906] {logging_mixin.py:104} INFO - [2022-03-21 05:38:23,906] {dag.py:2305} INFO - Setting next_dagrun for example_subdag_operator to 2022-03-19 00:00:00+00:00
[2022-03-21 05:38:23,908] {logging_mixin.py:104} INFO - [2022-03-21 05:38:23,908] {dag.py:2305} INFO - Setting next_dagrun for example_subdag_operator.section-1 to None
[2022-03-21 05:38:23,908] {logging_mixin.py:104} INFO - [2022-03-21 05:38:23,908] {dag.py:2305} INFO - Setting next_dagrun for example_subdag_operator.section-2 to None
[2022-03-21 05:38:24,008] {logging_mixin.py:104} INFO - [2022-03-21 05:38:24,008] {dag.py:1832} INFO - Sync 2 DAGs
[2022-03-21 05:38:24,019] {logging_mixin.py:104} INFO - [2022-03-21 05:38:24,019] {dag.py:2305} INFO - Setting next_dagrun for example_subdag_operator.section-1 to None
[2022-03-21 05:38:24,019] {logging_mixin.py:104} INFO - [2022-03-21 05:38:24,019] {dag.py:2305} INFO - Setting next_dagrun for example_subdag_operator.section-2 to None
[2022-03-21 05:38:24,044] {scheduler_job.py:190} INFO - Processing /home/airflow/sandbox/lib/python3.8/site-packages/airflow/example_dags/example_subdag_operator.py took 0.245 seconds
[2022-03-21 05:39:04,757] {scheduler_job.py:182} INFO - Started process (PID=10382) to work on /home/airflow/sandbox/lib/python3.8/site-packages/airflow/example_dags/example_subdag_operator.py
[2022-03-21 05:39:04,762] {scheduler_job.py:633} INFO - Processing file /home/airflow/sandbox/lib/python3.8/site-packages/airflow/example_dags/example_subdag_operator.py for tasks to queue
[2022-03-21 05:39:04,765] {logging_mixin.py:104} INFO - [2022-03-21 05:39:04,764] {dagbag.py:487} INFO - Filling up the DagBag from /home/airflow/sandbox/lib/python3.8/site-packages/airflow/example_dags/example_subdag_operator.py
[2022-03-21 05:39:04,870] {scheduler_job.py:643} INFO - DAG(s) dict_keys(['example_subdag_operator.section-1', 'example_subdag_operator.section-2', 'example_subdag_operator']) retrieved from /home/airflow/sandbox/lib/python3.8/site-packages/airflow/example_dags/example_subdag_operator.py
[2022-03-21 05:39:04,902] {logging_mixin.py:104} INFO - [2022-03-21 05:39:04,902] {dag.py:1832} INFO - Sync 3 DAGs
[2022-03-21 05:39:04,949] {logging_mixin.py:104} INFO - [2022-03-21 05:39:04,949] {dag.py:2305} INFO - Setting next_dagrun for example_subdag_operator to 2022-03-19 00:00:00+00:00
[2022-03-21 05:39:04,956] {logging_mixin.py:104} INFO - [2022-03-21 05:39:04,952] {dag.py:2305} INFO - Setting next_dagrun for example_subdag_operator.section-1 to None
[2022-03-21 05:39:04,957] {logging_mixin.py:104} INFO - [2022-03-21 05:39:04,957] {dag.py:2305} INFO - Setting next_dagrun for example_subdag_operator.section-2 to None
[2022-03-21 05:39:05,011] {logging_mixin.py:104} INFO - [2022-03-21 05:39:05,011] {dag.py:1832} INFO - Sync 2 DAGs
[2022-03-21 05:39:05,033] {logging_mixin.py:104} INFO - [2022-03-21 05:39:05,032] {dag.py:2305} INFO - Setting next_dagrun for example_subdag_operator.section-1 to None
[2022-03-21 05:39:05,034] {logging_mixin.py:104} INFO - [2022-03-21 05:39:05,033] {dag.py:2305} INFO - Setting next_dagrun for example_subdag_operator.section-2 to None
[2022-03-21 05:39:05,076] {scheduler_job.py:190} INFO - Processing /home/airflow/sandbox/lib/python3.8/site-packages/airflow/example_dags/example_subdag_operator.py took 0.329 seconds
[2022-03-21 05:39:55,427] {scheduler_job.py:182} INFO - Started process (PID=10417) to work on /home/airflow/sandbox/lib/python3.8/site-packages/airflow/example_dags/example_subdag_operator.py
[2022-03-21 05:39:55,430] {scheduler_job.py:633} INFO - Processing file /home/airflow/sandbox/lib/python3.8/site-packages/airflow/example_dags/example_subdag_operator.py for tasks to queue
[2022-03-21 05:39:55,431] {logging_mixin.py:104} INFO - [2022-03-21 05:39:55,431] {dagbag.py:487} INFO - Filling up the DagBag from /home/airflow/sandbox/lib/python3.8/site-packages/airflow/example_dags/example_subdag_operator.py
[2022-03-21 05:39:55,479] {scheduler_job.py:643} INFO - DAG(s) dict_keys(['example_subdag_operator.section-1', 'example_subdag_operator.section-2', 'example_subdag_operator']) retrieved from /home/airflow/sandbox/lib/python3.8/site-packages/airflow/example_dags/example_subdag_operator.py
[2022-03-21 05:39:55,501] {logging_mixin.py:104} INFO - [2022-03-21 05:39:55,501] {dag.py:1832} INFO - Sync 3 DAGs
[2022-03-21 05:39:55,525] {logging_mixin.py:104} INFO - [2022-03-21 05:39:55,525] {dag.py:2305} INFO - Setting next_dagrun for example_subdag_operator to 2022-03-19 00:00:00+00:00
[2022-03-21 05:39:55,527] {logging_mixin.py:104} INFO - [2022-03-21 05:39:55,527] {dag.py:2305} INFO - Setting next_dagrun for example_subdag_operator.section-1 to None
[2022-03-21 05:39:55,528] {logging_mixin.py:104} INFO - [2022-03-21 05:39:55,528] {dag.py:2305} INFO - Setting next_dagrun for example_subdag_operator.section-2 to None
[2022-03-21 05:39:55,561] {logging_mixin.py:104} INFO - [2022-03-21 05:39:55,561] {dag.py:1832} INFO - Sync 2 DAGs
[2022-03-21 05:39:55,571] {logging_mixin.py:104} INFO - [2022-03-21 05:39:55,571] {dag.py:2305} INFO - Setting next_dagrun for example_subdag_operator.section-1 to None
[2022-03-21 05:39:55,573] {logging_mixin.py:104} INFO - [2022-03-21 05:39:55,573] {dag.py:2305} INFO - Setting next_dagrun for example_subdag_operator.section-2 to None
[2022-03-21 05:39:55,599] {scheduler_job.py:190} INFO - Processing /home/airflow/sandbox/lib/python3.8/site-packages/airflow/example_dags/example_subdag_operator.py took 0.190 seconds
[2022-03-21 05:40:38,428] {scheduler_job.py:182} INFO - Started process (PID=10507) to work on /home/airflow/sandbox/lib/python3.8/site-packages/airflow/example_dags/example_subdag_operator.py
[2022-03-21 05:40:38,433] {scheduler_job.py:633} INFO - Processing file /home/airflow/sandbox/lib/python3.8/site-packages/airflow/example_dags/example_subdag_operator.py for tasks to queue
[2022-03-21 05:40:38,435] {logging_mixin.py:104} INFO - [2022-03-21 05:40:38,435] {dagbag.py:487} INFO - Filling up the DagBag from /home/airflow/sandbox/lib/python3.8/site-packages/airflow/example_dags/example_subdag_operator.py
[2022-03-21 05:40:38,515] {scheduler_job.py:643} INFO - DAG(s) dict_keys(['example_subdag_operator.section-1', 'example_subdag_operator.section-2', 'example_subdag_operator']) retrieved from /home/airflow/sandbox/lib/python3.8/site-packages/airflow/example_dags/example_subdag_operator.py
[2022-03-21 05:40:38,576] {logging_mixin.py:104} INFO - [2022-03-21 05:40:38,576] {dag.py:1832} INFO - Sync 3 DAGs
[2022-03-21 05:40:38,612] {logging_mixin.py:104} INFO - [2022-03-21 05:40:38,612] {dag.py:2305} INFO - Setting next_dagrun for example_subdag_operator to 2022-03-19 00:00:00+00:00
[2022-03-21 05:40:38,615] {logging_mixin.py:104} INFO - [2022-03-21 05:40:38,615] {dag.py:2305} INFO - Setting next_dagrun for example_subdag_operator.section-1 to None
[2022-03-21 05:40:38,615] {logging_mixin.py:104} INFO - [2022-03-21 05:40:38,615] {dag.py:2305} INFO - Setting next_dagrun for example_subdag_operator.section-2 to None
[2022-03-21 05:40:38,646] {logging_mixin.py:104} INFO - [2022-03-21 05:40:38,646] {dag.py:1832} INFO - Sync 2 DAGs
[2022-03-21 05:40:38,663] {logging_mixin.py:104} INFO - [2022-03-21 05:40:38,662] {dag.py:2305} INFO - Setting next_dagrun for example_subdag_operator.section-1 to None
[2022-03-21 05:40:38,663] {logging_mixin.py:104} INFO - [2022-03-21 05:40:38,663] {dag.py:2305} INFO - Setting next_dagrun for example_subdag_operator.section-2 to None
[2022-03-21 05:40:38,786] {scheduler_job.py:190} INFO - Processing /home/airflow/sandbox/lib/python3.8/site-packages/airflow/example_dags/example_subdag_operator.py took 0.365 seconds
[2022-03-21 05:41:18,613] {scheduler_job.py:182} INFO - Started process (PID=10537) to work on /home/airflow/sandbox/lib/python3.8/site-packages/airflow/example_dags/example_subdag_operator.py
[2022-03-21 05:41:18,623] {scheduler_job.py:633} INFO - Processing file /home/airflow/sandbox/lib/python3.8/site-packages/airflow/example_dags/example_subdag_operator.py for tasks to queue
[2022-03-21 05:41:18,625] {logging_mixin.py:104} INFO - [2022-03-21 05:41:18,624] {dagbag.py:487} INFO - Filling up the DagBag from /home/airflow/sandbox/lib/python3.8/site-packages/airflow/example_dags/example_subdag_operator.py
[2022-03-21 05:41:18,731] {scheduler_job.py:643} INFO - DAG(s) dict_keys(['example_subdag_operator.section-1', 'example_subdag_operator.section-2', 'example_subdag_operator']) retrieved from /home/airflow/sandbox/lib/python3.8/site-packages/airflow/example_dags/example_subdag_operator.py
[2022-03-21 05:41:18,802] {logging_mixin.py:104} INFO - [2022-03-21 05:41:18,801] {dag.py:1832} INFO - Sync 3 DAGs
[2022-03-21 05:41:18,850] {logging_mixin.py:104} INFO - [2022-03-21 05:41:18,850] {dag.py:2305} INFO - Setting next_dagrun for example_subdag_operator to 2022-03-19 00:00:00+00:00
[2022-03-21 05:41:18,852] {logging_mixin.py:104} INFO - [2022-03-21 05:41:18,852] {dag.py:2305} INFO - Setting next_dagrun for example_subdag_operator.section-1 to None
[2022-03-21 05:41:18,853] {logging_mixin.py:104} INFO - [2022-03-21 05:41:18,853] {dag.py:2305} INFO - Setting next_dagrun for example_subdag_operator.section-2 to None
[2022-03-21 05:41:18,963] {logging_mixin.py:104} INFO - [2022-03-21 05:41:18,963] {dag.py:1832} INFO - Sync 2 DAGs
[2022-03-21 05:41:18,980] {logging_mixin.py:104} INFO - [2022-03-21 05:41:18,980] {dag.py:2305} INFO - Setting next_dagrun for example_subdag_operator.section-1 to None
[2022-03-21 05:41:18,980] {logging_mixin.py:104} INFO - [2022-03-21 05:41:18,980] {dag.py:2305} INFO - Setting next_dagrun for example_subdag_operator.section-2 to None
[2022-03-21 05:41:19,014] {scheduler_job.py:190} INFO - Processing /home/airflow/sandbox/lib/python3.8/site-packages/airflow/example_dags/example_subdag_operator.py took 0.416 seconds
[2022-03-21 05:42:05,277] {scheduler_job.py:182} INFO - Started process (PID=10571) to work on /home/airflow/sandbox/lib/python3.8/site-packages/airflow/example_dags/example_subdag_operator.py
[2022-03-21 05:42:05,280] {scheduler_job.py:633} INFO - Processing file /home/airflow/sandbox/lib/python3.8/site-packages/airflow/example_dags/example_subdag_operator.py for tasks to queue
[2022-03-21 05:42:05,281] {logging_mixin.py:104} INFO - [2022-03-21 05:42:05,281] {dagbag.py:487} INFO - Filling up the DagBag from /home/airflow/sandbox/lib/python3.8/site-packages/airflow/example_dags/example_subdag_operator.py
[2022-03-21 05:42:05,399] {scheduler_job.py:643} INFO - DAG(s) dict_keys(['example_subdag_operator.section-1', 'example_subdag_operator.section-2', 'example_subdag_operator']) retrieved from /home/airflow/sandbox/lib/python3.8/site-packages/airflow/example_dags/example_subdag_operator.py
[2022-03-21 05:42:05,472] {logging_mixin.py:104} INFO - [2022-03-21 05:42:05,472] {dag.py:1832} INFO - Sync 3 DAGs
[2022-03-21 05:42:05,505] {logging_mixin.py:104} INFO - [2022-03-21 05:42:05,505] {dag.py:2305} INFO - Setting next_dagrun for example_subdag_operator to 2022-03-19 00:00:00+00:00
[2022-03-21 05:42:05,508] {logging_mixin.py:104} INFO - [2022-03-21 05:42:05,507] {dag.py:2305} INFO - Setting next_dagrun for example_subdag_operator.section-1 to None
[2022-03-21 05:42:05,510] {logging_mixin.py:104} INFO - [2022-03-21 05:42:05,509] {dag.py:2305} INFO - Setting next_dagrun for example_subdag_operator.section-2 to None
[2022-03-21 05:42:05,551] {logging_mixin.py:104} INFO - [2022-03-21 05:42:05,550] {dag.py:1832} INFO - Sync 2 DAGs
[2022-03-21 05:42:05,569] {logging_mixin.py:104} INFO - [2022-03-21 05:42:05,568] {dag.py:2305} INFO - Setting next_dagrun for example_subdag_operator.section-1 to None
[2022-03-21 05:42:05,569] {logging_mixin.py:104} INFO - [2022-03-21 05:42:05,569] {dag.py:2305} INFO - Setting next_dagrun for example_subdag_operator.section-2 to None
[2022-03-21 05:42:05,599] {scheduler_job.py:190} INFO - Processing /home/airflow/sandbox/lib/python3.8/site-packages/airflow/example_dags/example_subdag_operator.py took 0.338 seconds
[2022-03-21 05:42:52,540] {scheduler_job.py:182} INFO - Started process (PID=10605) to work on /home/airflow/sandbox/lib/python3.8/site-packages/airflow/example_dags/example_subdag_operator.py
[2022-03-21 05:42:52,545] {scheduler_job.py:633} INFO - Processing file /home/airflow/sandbox/lib/python3.8/site-packages/airflow/example_dags/example_subdag_operator.py for tasks to queue
[2022-03-21 05:42:52,546] {logging_mixin.py:104} INFO - [2022-03-21 05:42:52,546] {dagbag.py:487} INFO - Filling up the DagBag from /home/airflow/sandbox/lib/python3.8/site-packages/airflow/example_dags/example_subdag_operator.py
[2022-03-21 05:42:52,600] {scheduler_job.py:643} INFO - DAG(s) dict_keys(['example_subdag_operator.section-1', 'example_subdag_operator.section-2', 'example_subdag_operator']) retrieved from /home/airflow/sandbox/lib/python3.8/site-packages/airflow/example_dags/example_subdag_operator.py
[2022-03-21 05:42:52,642] {logging_mixin.py:104} INFO - [2022-03-21 05:42:52,642] {dag.py:1832} INFO - Sync 3 DAGs
[2022-03-21 05:42:52,669] {logging_mixin.py:104} INFO - [2022-03-21 05:42:52,668] {dag.py:2305} INFO - Setting next_dagrun for example_subdag_operator to 2022-03-19 00:00:00+00:00
[2022-03-21 05:42:52,674] {logging_mixin.py:104} INFO - [2022-03-21 05:42:52,674] {dag.py:2305} INFO - Setting next_dagrun for example_subdag_operator.section-1 to None
[2022-03-21 05:42:52,675] {logging_mixin.py:104} INFO - [2022-03-21 05:42:52,675] {dag.py:2305} INFO - Setting next_dagrun for example_subdag_operator.section-2 to None
[2022-03-21 05:42:52,735] {logging_mixin.py:104} INFO - [2022-03-21 05:42:52,734] {dag.py:1832} INFO - Sync 2 DAGs
[2022-03-21 05:42:52,747] {logging_mixin.py:104} INFO - [2022-03-21 05:42:52,747] {dag.py:2305} INFO - Setting next_dagrun for example_subdag_operator.section-1 to None
[2022-03-21 05:42:52,747] {logging_mixin.py:104} INFO - [2022-03-21 05:42:52,747] {dag.py:2305} INFO - Setting next_dagrun for example_subdag_operator.section-2 to None
[2022-03-21 05:42:52,779] {scheduler_job.py:190} INFO - Processing /home/airflow/sandbox/lib/python3.8/site-packages/airflow/example_dags/example_subdag_operator.py took 0.245 seconds
[2022-03-21 05:43:46,459] {scheduler_job.py:182} INFO - Started process (PID=10642) to work on /home/airflow/sandbox/lib/python3.8/site-packages/airflow/example_dags/example_subdag_operator.py
[2022-03-21 05:43:46,495] {scheduler_job.py:633} INFO - Processing file /home/airflow/sandbox/lib/python3.8/site-packages/airflow/example_dags/example_subdag_operator.py for tasks to queue
[2022-03-21 05:43:46,497] {logging_mixin.py:104} INFO - [2022-03-21 05:43:46,496] {dagbag.py:487} INFO - Filling up the DagBag from /home/airflow/sandbox/lib/python3.8/site-packages/airflow/example_dags/example_subdag_operator.py
[2022-03-21 05:43:46,630] {scheduler_job.py:643} INFO - DAG(s) dict_keys(['example_subdag_operator.section-1', 'example_subdag_operator.section-2', 'example_subdag_operator']) retrieved from /home/airflow/sandbox/lib/python3.8/site-packages/airflow/example_dags/example_subdag_operator.py
[2022-03-21 05:43:46,684] {logging_mixin.py:104} INFO - [2022-03-21 05:43:46,683] {dag.py:1832} INFO - Sync 3 DAGs
[2022-03-21 05:43:46,821] {logging_mixin.py:104} INFO - [2022-03-21 05:43:46,821] {dag.py:2305} INFO - Setting next_dagrun for example_subdag_operator to 2022-03-19 00:00:00+00:00
[2022-03-21 05:43:46,824] {logging_mixin.py:104} INFO - [2022-03-21 05:43:46,824] {dag.py:2305} INFO - Setting next_dagrun for example_subdag_operator.section-1 to None
[2022-03-21 05:43:46,825] {logging_mixin.py:104} INFO - [2022-03-21 05:43:46,825] {dag.py:2305} INFO - Setting next_dagrun for example_subdag_operator.section-2 to None
[2022-03-21 05:43:46,904] {logging_mixin.py:104} INFO - [2022-03-21 05:43:46,903] {dag.py:1832} INFO - Sync 2 DAGs
[2022-03-21 05:43:46,926] {logging_mixin.py:104} INFO - [2022-03-21 05:43:46,926] {dag.py:2305} INFO - Setting next_dagrun for example_subdag_operator.section-1 to None
[2022-03-21 05:43:46,927] {logging_mixin.py:104} INFO - [2022-03-21 05:43:46,927] {dag.py:2305} INFO - Setting next_dagrun for example_subdag_operator.section-2 to None
[2022-03-21 05:43:46,973] {scheduler_job.py:190} INFO - Processing /home/airflow/sandbox/lib/python3.8/site-packages/airflow/example_dags/example_subdag_operator.py took 0.536 seconds
[2022-03-21 05:44:41,039] {scheduler_job.py:182} INFO - Started process (PID=10680) to work on /home/airflow/sandbox/lib/python3.8/site-packages/airflow/example_dags/example_subdag_operator.py
[2022-03-21 05:44:41,042] {scheduler_job.py:633} INFO - Processing file /home/airflow/sandbox/lib/python3.8/site-packages/airflow/example_dags/example_subdag_operator.py for tasks to queue
[2022-03-21 05:44:41,045] {logging_mixin.py:104} INFO - [2022-03-21 05:44:41,045] {dagbag.py:487} INFO - Filling up the DagBag from /home/airflow/sandbox/lib/python3.8/site-packages/airflow/example_dags/example_subdag_operator.py
[2022-03-21 05:44:41,081] {scheduler_job.py:643} INFO - DAG(s) dict_keys(['example_subdag_operator.section-1', 'example_subdag_operator.section-2', 'example_subdag_operator']) retrieved from /home/airflow/sandbox/lib/python3.8/site-packages/airflow/example_dags/example_subdag_operator.py
[2022-03-21 05:44:41,104] {logging_mixin.py:104} INFO - [2022-03-21 05:44:41,103] {dag.py:1832} INFO - Sync 3 DAGs
[2022-03-21 05:44:41,125] {logging_mixin.py:104} INFO - [2022-03-21 05:44:41,125] {dag.py:2305} INFO - Setting next_dagrun for example_subdag_operator to 2022-03-19 00:00:00+00:00
[2022-03-21 05:44:41,127] {logging_mixin.py:104} INFO - [2022-03-21 05:44:41,127] {dag.py:2305} INFO - Setting next_dagrun for example_subdag_operator.section-1 to None
[2022-03-21 05:44:41,127] {logging_mixin.py:104} INFO - [2022-03-21 05:44:41,127] {dag.py:2305} INFO - Setting next_dagrun for example_subdag_operator.section-2 to None
[2022-03-21 05:44:41,159] {logging_mixin.py:104} INFO - [2022-03-21 05:44:41,159] {dag.py:1832} INFO - Sync 2 DAGs
[2022-03-21 05:44:41,171] {logging_mixin.py:104} INFO - [2022-03-21 05:44:41,170] {dag.py:2305} INFO - Setting next_dagrun for example_subdag_operator.section-1 to None
[2022-03-21 05:44:41,172] {logging_mixin.py:104} INFO - [2022-03-21 05:44:41,172] {dag.py:2305} INFO - Setting next_dagrun for example_subdag_operator.section-2 to None
[2022-03-21 05:44:41,198] {scheduler_job.py:190} INFO - Processing /home/airflow/sandbox/lib/python3.8/site-packages/airflow/example_dags/example_subdag_operator.py took 0.164 seconds
[2022-03-21 05:45:30,250] {scheduler_job.py:182} INFO - Started process (PID=10758) to work on /home/airflow/sandbox/lib/python3.8/site-packages/airflow/example_dags/example_subdag_operator.py
[2022-03-21 05:45:30,253] {scheduler_job.py:633} INFO - Processing file /home/airflow/sandbox/lib/python3.8/site-packages/airflow/example_dags/example_subdag_operator.py for tasks to queue
[2022-03-21 05:45:30,254] {logging_mixin.py:104} INFO - [2022-03-21 05:45:30,254] {dagbag.py:487} INFO - Filling up the DagBag from /home/airflow/sandbox/lib/python3.8/site-packages/airflow/example_dags/example_subdag_operator.py
[2022-03-21 05:45:30,301] {scheduler_job.py:643} INFO - DAG(s) dict_keys(['example_subdag_operator.section-1', 'example_subdag_operator.section-2', 'example_subdag_operator']) retrieved from /home/airflow/sandbox/lib/python3.8/site-packages/airflow/example_dags/example_subdag_operator.py
[2022-03-21 05:45:30,325] {logging_mixin.py:104} INFO - [2022-03-21 05:45:30,325] {dag.py:1832} INFO - Sync 3 DAGs
[2022-03-21 05:45:30,353] {logging_mixin.py:104} INFO - [2022-03-21 05:45:30,353] {dag.py:2305} INFO - Setting next_dagrun for example_subdag_operator to 2022-03-19 00:00:00+00:00
[2022-03-21 05:45:30,355] {logging_mixin.py:104} INFO - [2022-03-21 05:45:30,355] {dag.py:2305} INFO - Setting next_dagrun for example_subdag_operator.section-1 to None
[2022-03-21 05:45:30,356] {logging_mixin.py:104} INFO - [2022-03-21 05:45:30,355] {dag.py:2305} INFO - Setting next_dagrun for example_subdag_operator.section-2 to None
[2022-03-21 05:45:30,386] {logging_mixin.py:104} INFO - [2022-03-21 05:45:30,386] {dag.py:1832} INFO - Sync 2 DAGs
[2022-03-21 05:45:30,401] {logging_mixin.py:104} INFO - [2022-03-21 05:45:30,401] {dag.py:2305} INFO - Setting next_dagrun for example_subdag_operator.section-1 to None
[2022-03-21 05:45:30,402] {logging_mixin.py:104} INFO - [2022-03-21 05:45:30,402] {dag.py:2305} INFO - Setting next_dagrun for example_subdag_operator.section-2 to None
[2022-03-21 05:45:30,429] {scheduler_job.py:190} INFO - Processing /home/airflow/sandbox/lib/python3.8/site-packages/airflow/example_dags/example_subdag_operator.py took 0.187 seconds
[2022-03-21 05:46:14,308] {scheduler_job.py:182} INFO - Started process (PID=10862) to work on /home/airflow/sandbox/lib/python3.8/site-packages/airflow/example_dags/example_subdag_operator.py
[2022-03-21 05:46:14,310] {scheduler_job.py:633} INFO - Processing file /home/airflow/sandbox/lib/python3.8/site-packages/airflow/example_dags/example_subdag_operator.py for tasks to queue
[2022-03-21 05:46:14,313] {logging_mixin.py:104} INFO - [2022-03-21 05:46:14,313] {dagbag.py:487} INFO - Filling up the DagBag from /home/airflow/sandbox/lib/python3.8/site-packages/airflow/example_dags/example_subdag_operator.py
[2022-03-21 05:46:14,363] {scheduler_job.py:643} INFO - DAG(s) dict_keys(['example_subdag_operator.section-1', 'example_subdag_operator.section-2', 'example_subdag_operator']) retrieved from /home/airflow/sandbox/lib/python3.8/site-packages/airflow/example_dags/example_subdag_operator.py
[2022-03-21 05:46:14,389] {logging_mixin.py:104} INFO - [2022-03-21 05:46:14,389] {dag.py:1832} INFO - Sync 3 DAGs
[2022-03-21 05:46:14,422] {logging_mixin.py:104} INFO - [2022-03-21 05:46:14,422] {dag.py:2305} INFO - Setting next_dagrun for example_subdag_operator to 2022-03-19 00:00:00+00:00
[2022-03-21 05:46:14,424] {logging_mixin.py:104} INFO - [2022-03-21 05:46:14,424] {dag.py:2305} INFO - Setting next_dagrun for example_subdag_operator.section-1 to None
[2022-03-21 05:46:14,425] {logging_mixin.py:104} INFO - [2022-03-21 05:46:14,424] {dag.py:2305} INFO - Setting next_dagrun for example_subdag_operator.section-2 to None
[2022-03-21 05:46:14,461] {logging_mixin.py:104} INFO - [2022-03-21 05:46:14,461] {dag.py:1832} INFO - Sync 2 DAGs
[2022-03-21 05:46:14,475] {logging_mixin.py:104} INFO - [2022-03-21 05:46:14,474] {dag.py:2305} INFO - Setting next_dagrun for example_subdag_operator.section-1 to None
[2022-03-21 05:46:14,475] {logging_mixin.py:104} INFO - [2022-03-21 05:46:14,475] {dag.py:2305} INFO - Setting next_dagrun for example_subdag_operator.section-2 to None
[2022-03-21 05:46:14,503] {scheduler_job.py:190} INFO - Processing /home/airflow/sandbox/lib/python3.8/site-packages/airflow/example_dags/example_subdag_operator.py took 0.209 seconds
[2022-03-21 05:47:35,501] {scheduler_job.py:182} INFO - Started process (PID=11587) to work on /home/airflow/sandbox/lib/python3.8/site-packages/airflow/example_dags/example_subdag_operator.py
[2022-03-21 05:47:35,503] {scheduler_job.py:633} INFO - Processing file /home/airflow/sandbox/lib/python3.8/site-packages/airflow/example_dags/example_subdag_operator.py for tasks to queue
[2022-03-21 05:47:35,506] {logging_mixin.py:104} INFO - [2022-03-21 05:47:35,505] {dagbag.py:487} INFO - Filling up the DagBag from /home/airflow/sandbox/lib/python3.8/site-packages/airflow/example_dags/example_subdag_operator.py
[2022-03-21 05:47:35,550] {scheduler_job.py:643} INFO - DAG(s) dict_keys(['example_subdag_operator.section-1', 'example_subdag_operator.section-2', 'example_subdag_operator']) retrieved from /home/airflow/sandbox/lib/python3.8/site-packages/airflow/example_dags/example_subdag_operator.py
[2022-03-21 05:47:35,577] {logging_mixin.py:104} INFO - [2022-03-21 05:47:35,577] {dag.py:1832} INFO - Sync 3 DAGs
[2022-03-21 05:47:35,597] {logging_mixin.py:104} INFO - [2022-03-21 05:47:35,597] {dag.py:2305} INFO - Setting next_dagrun for example_subdag_operator to 2022-03-19 00:00:00+00:00
[2022-03-21 05:47:35,599] {logging_mixin.py:104} INFO - [2022-03-21 05:47:35,599] {dag.py:2305} INFO - Setting next_dagrun for example_subdag_operator.section-1 to None
[2022-03-21 05:47:35,599] {logging_mixin.py:104} INFO - [2022-03-21 05:47:35,599] {dag.py:2305} INFO - Setting next_dagrun for example_subdag_operator.section-2 to None
[2022-03-21 05:47:35,634] {logging_mixin.py:104} INFO - [2022-03-21 05:47:35,633] {dag.py:1832} INFO - Sync 2 DAGs
[2022-03-21 05:47:35,647] {logging_mixin.py:104} INFO - [2022-03-21 05:47:35,647] {dag.py:2305} INFO - Setting next_dagrun for example_subdag_operator.section-1 to None
[2022-03-21 05:47:35,647] {logging_mixin.py:104} INFO - [2022-03-21 05:47:35,647] {dag.py:2305} INFO - Setting next_dagrun for example_subdag_operator.section-2 to None
[2022-03-21 05:47:35,674] {scheduler_job.py:190} INFO - Processing /home/airflow/sandbox/lib/python3.8/site-packages/airflow/example_dags/example_subdag_operator.py took 0.181 seconds
[2022-03-21 05:48:21,192] {scheduler_job.py:182} INFO - Started process (PID=11860) to work on /home/airflow/sandbox/lib/python3.8/site-packages/airflow/example_dags/example_subdag_operator.py
[2022-03-21 05:48:21,195] {scheduler_job.py:633} INFO - Processing file /home/airflow/sandbox/lib/python3.8/site-packages/airflow/example_dags/example_subdag_operator.py for tasks to queue
[2022-03-21 05:48:21,196] {logging_mixin.py:104} INFO - [2022-03-21 05:48:21,196] {dagbag.py:487} INFO - Filling up the DagBag from /home/airflow/sandbox/lib/python3.8/site-packages/airflow/example_dags/example_subdag_operator.py
[2022-03-21 05:48:21,243] {scheduler_job.py:643} INFO - DAG(s) dict_keys(['example_subdag_operator.section-1', 'example_subdag_operator.section-2', 'example_subdag_operator']) retrieved from /home/airflow/sandbox/lib/python3.8/site-packages/airflow/example_dags/example_subdag_operator.py
[2022-03-21 05:48:21,264] {logging_mixin.py:104} INFO - [2022-03-21 05:48:21,264] {dag.py:1832} INFO - Sync 3 DAGs
[2022-03-21 05:48:21,285] {logging_mixin.py:104} INFO - [2022-03-21 05:48:21,284] {dag.py:2305} INFO - Setting next_dagrun for example_subdag_operator to 2022-03-19 00:00:00+00:00
[2022-03-21 05:48:21,288] {logging_mixin.py:104} INFO - [2022-03-21 05:48:21,288] {dag.py:2305} INFO - Setting next_dagrun for example_subdag_operator.section-1 to None
[2022-03-21 05:48:21,289] {logging_mixin.py:104} INFO - [2022-03-21 05:48:21,289] {dag.py:2305} INFO - Setting next_dagrun for example_subdag_operator.section-2 to None
[2022-03-21 05:48:21,322] {logging_mixin.py:104} INFO - [2022-03-21 05:48:21,322] {dag.py:1832} INFO - Sync 2 DAGs
[2022-03-21 05:48:21,333] {logging_mixin.py:104} INFO - [2022-03-21 05:48:21,332] {dag.py:2305} INFO - Setting next_dagrun for example_subdag_operator.section-1 to None
[2022-03-21 05:48:21,333] {logging_mixin.py:104} INFO - [2022-03-21 05:48:21,333] {dag.py:2305} INFO - Setting next_dagrun for example_subdag_operator.section-2 to None
[2022-03-21 05:48:21,361] {scheduler_job.py:190} INFO - Processing /home/airflow/sandbox/lib/python3.8/site-packages/airflow/example_dags/example_subdag_operator.py took 0.178 seconds
[2022-03-21 05:49:12,052] {scheduler_job.py:182} INFO - Started process (PID=12045) to work on /home/airflow/sandbox/lib/python3.8/site-packages/airflow/example_dags/example_subdag_operator.py
[2022-03-21 05:49:12,058] {scheduler_job.py:633} INFO - Processing file /home/airflow/sandbox/lib/python3.8/site-packages/airflow/example_dags/example_subdag_operator.py for tasks to queue
[2022-03-21 05:49:12,059] {logging_mixin.py:104} INFO - [2022-03-21 05:49:12,059] {dagbag.py:487} INFO - Filling up the DagBag from /home/airflow/sandbox/lib/python3.8/site-packages/airflow/example_dags/example_subdag_operator.py
[2022-03-21 05:49:12,111] {scheduler_job.py:643} INFO - DAG(s) dict_keys(['example_subdag_operator.section-1', 'example_subdag_operator.section-2', 'example_subdag_operator']) retrieved from /home/airflow/sandbox/lib/python3.8/site-packages/airflow/example_dags/example_subdag_operator.py
[2022-03-21 05:49:12,147] {logging_mixin.py:104} INFO - [2022-03-21 05:49:12,147] {dag.py:1832} INFO - Sync 3 DAGs
[2022-03-21 05:49:12,174] {logging_mixin.py:104} INFO - [2022-03-21 05:49:12,174] {dag.py:2305} INFO - Setting next_dagrun for example_subdag_operator to 2022-03-19 00:00:00+00:00
[2022-03-21 05:49:12,176] {logging_mixin.py:104} INFO - [2022-03-21 05:49:12,176] {dag.py:2305} INFO - Setting next_dagrun for example_subdag_operator.section-1 to None
[2022-03-21 05:49:12,176] {logging_mixin.py:104} INFO - [2022-03-21 05:49:12,176] {dag.py:2305} INFO - Setting next_dagrun for example_subdag_operator.section-2 to None
[2022-03-21 05:49:12,210] {logging_mixin.py:104} INFO - [2022-03-21 05:49:12,210] {dag.py:1832} INFO - Sync 2 DAGs
[2022-03-21 05:49:12,224] {logging_mixin.py:104} INFO - [2022-03-21 05:49:12,223] {dag.py:2305} INFO - Setting next_dagrun for example_subdag_operator.section-1 to None
[2022-03-21 05:49:12,225] {logging_mixin.py:104} INFO - [2022-03-21 05:49:12,225] {dag.py:2305} INFO - Setting next_dagrun for example_subdag_operator.section-2 to None
[2022-03-21 05:49:12,253] {scheduler_job.py:190} INFO - Processing /home/airflow/sandbox/lib/python3.8/site-packages/airflow/example_dags/example_subdag_operator.py took 0.209 seconds
[2022-03-21 05:49:59,997] {scheduler_job.py:182} INFO - Started process (PID=12159) to work on /home/airflow/sandbox/lib/python3.8/site-packages/airflow/example_dags/example_subdag_operator.py
[2022-03-21 05:49:59,999] {scheduler_job.py:633} INFO - Processing file /home/airflow/sandbox/lib/python3.8/site-packages/airflow/example_dags/example_subdag_operator.py for tasks to queue
[2022-03-21 05:50:00,000] {logging_mixin.py:104} INFO - [2022-03-21 05:50:00,000] {dagbag.py:487} INFO - Filling up the DagBag from /home/airflow/sandbox/lib/python3.8/site-packages/airflow/example_dags/example_subdag_operator.py
[2022-03-21 05:50:00,081] {scheduler_job.py:643} INFO - DAG(s) dict_keys(['example_subdag_operator.section-1', 'example_subdag_operator.section-2', 'example_subdag_operator']) retrieved from /home/airflow/sandbox/lib/python3.8/site-packages/airflow/example_dags/example_subdag_operator.py
[2022-03-21 05:50:00,200] {logging_mixin.py:104} INFO - [2022-03-21 05:50:00,199] {dag.py:1832} INFO - Sync 3 DAGs
[2022-03-21 05:50:00,307] {logging_mixin.py:104} INFO - [2022-03-21 05:50:00,307] {dag.py:2305} INFO - Setting next_dagrun for example_subdag_operator to 2022-03-19 00:00:00+00:00
[2022-03-21 05:50:00,311] {logging_mixin.py:104} INFO - [2022-03-21 05:50:00,310] {dag.py:2305} INFO - Setting next_dagrun for example_subdag_operator.section-1 to None
[2022-03-21 05:50:00,317] {logging_mixin.py:104} INFO - [2022-03-21 05:50:00,317] {dag.py:2305} INFO - Setting next_dagrun for example_subdag_operator.section-2 to None
[2022-03-21 05:50:00,446] {logging_mixin.py:104} INFO - [2022-03-21 05:50:00,446] {dag.py:1832} INFO - Sync 2 DAGs
[2022-03-21 05:50:00,515] {logging_mixin.py:104} INFO - [2022-03-21 05:50:00,514] {dag.py:2305} INFO - Setting next_dagrun for example_subdag_operator.section-1 to None
[2022-03-21 05:50:00,516] {logging_mixin.py:104} INFO - [2022-03-21 05:50:00,515] {dag.py:2305} INFO - Setting next_dagrun for example_subdag_operator.section-2 to None
[2022-03-21 05:50:00,580] {scheduler_job.py:190} INFO - Processing /home/airflow/sandbox/lib/python3.8/site-packages/airflow/example_dags/example_subdag_operator.py took 0.605 seconds
