[2022-03-21 05:14:53,738] {scheduler_job.py:182} INFO - Started process (PID=8197) to work on /home/airflow/sandbox/lib/python3.8/site-packages/airflow/example_dags/example_bash_operator.py
[2022-03-21 05:14:53,741] {scheduler_job.py:633} INFO - Processing file /home/airflow/sandbox/lib/python3.8/site-packages/airflow/example_dags/example_bash_operator.py for tasks to queue
[2022-03-21 05:14:53,742] {logging_mixin.py:104} INFO - [2022-03-21 05:14:53,742] {dagbag.py:487} INFO - Filling up the DagBag from /home/airflow/sandbox/lib/python3.8/site-packages/airflow/example_dags/example_bash_operator.py
[2022-03-21 05:14:53,761] {scheduler_job.py:643} INFO - DAG(s) dict_keys(['example_bash_operator']) retrieved from /home/airflow/sandbox/lib/python3.8/site-packages/airflow/example_dags/example_bash_operator.py
[2022-03-21 05:14:54,369] {logging_mixin.py:104} INFO - [2022-03-21 05:14:54,368] {dag.py:1832} INFO - Sync 1 DAGs
[2022-03-21 05:14:54,389] {logging_mixin.py:104} INFO - [2022-03-21 05:14:54,389] {dag.py:2305} INFO - Setting next_dagrun for example_bash_operator to 2022-03-19 00:00:00+00:00
[2022-03-21 05:14:54,429] {scheduler_job.py:190} INFO - Processing /home/airflow/sandbox/lib/python3.8/site-packages/airflow/example_dags/example_bash_operator.py took 0.708 seconds
[2022-03-21 05:16:23,808] {scheduler_job.py:182} INFO - Started process (PID=8787) to work on /home/airflow/sandbox/lib/python3.8/site-packages/airflow/example_dags/example_bash_operator.py
[2022-03-21 05:16:23,813] {scheduler_job.py:633} INFO - Processing file /home/airflow/sandbox/lib/python3.8/site-packages/airflow/example_dags/example_bash_operator.py for tasks to queue
[2022-03-21 05:16:23,815] {logging_mixin.py:104} INFO - [2022-03-21 05:16:23,815] {dagbag.py:487} INFO - Filling up the DagBag from /home/airflow/sandbox/lib/python3.8/site-packages/airflow/example_dags/example_bash_operator.py
[2022-03-21 05:16:23,846] {scheduler_job.py:643} INFO - DAG(s) dict_keys(['example_bash_operator']) retrieved from /home/airflow/sandbox/lib/python3.8/site-packages/airflow/example_dags/example_bash_operator.py
[2022-03-21 05:16:23,909] {logging_mixin.py:104} INFO - [2022-03-21 05:16:23,908] {dag.py:1832} INFO - Sync 1 DAGs
[2022-03-21 05:16:23,945] {logging_mixin.py:104} INFO - [2022-03-21 05:16:23,945] {dag.py:2305} INFO - Setting next_dagrun for example_bash_operator to 2022-03-19 00:00:00+00:00
[2022-03-21 05:16:23,980] {scheduler_job.py:190} INFO - Processing /home/airflow/sandbox/lib/python3.8/site-packages/airflow/example_dags/example_bash_operator.py took 0.181 seconds
[2022-03-21 05:17:15,170] {scheduler_job.py:182} INFO - Started process (PID=9037) to work on /home/airflow/sandbox/lib/python3.8/site-packages/airflow/example_dags/example_bash_operator.py
[2022-03-21 05:17:15,173] {scheduler_job.py:633} INFO - Processing file /home/airflow/sandbox/lib/python3.8/site-packages/airflow/example_dags/example_bash_operator.py for tasks to queue
[2022-03-21 05:17:15,174] {logging_mixin.py:104} INFO - [2022-03-21 05:17:15,174] {dagbag.py:487} INFO - Filling up the DagBag from /home/airflow/sandbox/lib/python3.8/site-packages/airflow/example_dags/example_bash_operator.py
[2022-03-21 05:17:15,191] {scheduler_job.py:643} INFO - DAG(s) dict_keys(['example_bash_operator']) retrieved from /home/airflow/sandbox/lib/python3.8/site-packages/airflow/example_dags/example_bash_operator.py
[2022-03-21 05:17:15,223] {logging_mixin.py:104} INFO - [2022-03-21 05:17:15,222] {dag.py:1832} INFO - Sync 1 DAGs
[2022-03-21 05:17:15,252] {logging_mixin.py:104} INFO - [2022-03-21 05:17:15,251] {dag.py:2305} INFO - Setting next_dagrun for example_bash_operator to 2022-03-19 00:00:00+00:00
[2022-03-21 05:17:15,287] {scheduler_job.py:190} INFO - Processing /home/airflow/sandbox/lib/python3.8/site-packages/airflow/example_dags/example_bash_operator.py took 0.123 seconds
[2022-03-21 05:17:58,453] {scheduler_job.py:182} INFO - Started process (PID=9161) to work on /home/airflow/sandbox/lib/python3.8/site-packages/airflow/example_dags/example_bash_operator.py
[2022-03-21 05:17:58,458] {scheduler_job.py:633} INFO - Processing file /home/airflow/sandbox/lib/python3.8/site-packages/airflow/example_dags/example_bash_operator.py for tasks to queue
[2022-03-21 05:17:58,459] {logging_mixin.py:104} INFO - [2022-03-21 05:17:58,459] {dagbag.py:487} INFO - Filling up the DagBag from /home/airflow/sandbox/lib/python3.8/site-packages/airflow/example_dags/example_bash_operator.py
[2022-03-21 05:17:58,477] {scheduler_job.py:643} INFO - DAG(s) dict_keys(['example_bash_operator']) retrieved from /home/airflow/sandbox/lib/python3.8/site-packages/airflow/example_dags/example_bash_operator.py
[2022-03-21 05:17:58,507] {logging_mixin.py:104} INFO - [2022-03-21 05:17:58,507] {dag.py:1832} INFO - Sync 1 DAGs
[2022-03-21 05:17:58,541] {logging_mixin.py:104} INFO - [2022-03-21 05:17:58,541] {dag.py:2305} INFO - Setting next_dagrun for example_bash_operator to 2022-03-19 00:00:00+00:00
[2022-03-21 05:17:58,575] {scheduler_job.py:190} INFO - Processing /home/airflow/sandbox/lib/python3.8/site-packages/airflow/example_dags/example_bash_operator.py took 0.133 seconds
[2022-03-21 05:18:46,236] {scheduler_job.py:182} INFO - Started process (PID=9255) to work on /home/airflow/sandbox/lib/python3.8/site-packages/airflow/example_dags/example_bash_operator.py
[2022-03-21 05:18:46,243] {scheduler_job.py:633} INFO - Processing file /home/airflow/sandbox/lib/python3.8/site-packages/airflow/example_dags/example_bash_operator.py for tasks to queue
[2022-03-21 05:18:46,245] {logging_mixin.py:104} INFO - [2022-03-21 05:18:46,245] {dagbag.py:487} INFO - Filling up the DagBag from /home/airflow/sandbox/lib/python3.8/site-packages/airflow/example_dags/example_bash_operator.py
[2022-03-21 05:18:46,265] {scheduler_job.py:643} INFO - DAG(s) dict_keys(['example_bash_operator']) retrieved from /home/airflow/sandbox/lib/python3.8/site-packages/airflow/example_dags/example_bash_operator.py
[2022-03-21 05:18:46,298] {logging_mixin.py:104} INFO - [2022-03-21 05:18:46,298] {dag.py:1832} INFO - Sync 1 DAGs
[2022-03-21 05:18:46,336] {logging_mixin.py:104} INFO - [2022-03-21 05:18:46,336] {dag.py:2305} INFO - Setting next_dagrun for example_bash_operator to 2022-03-19 00:00:00+00:00
[2022-03-21 05:18:46,376] {scheduler_job.py:190} INFO - Processing /home/airflow/sandbox/lib/python3.8/site-packages/airflow/example_dags/example_bash_operator.py took 0.151 seconds
[2022-03-21 05:19:31,855] {scheduler_job.py:182} INFO - Started process (PID=9290) to work on /home/airflow/sandbox/lib/python3.8/site-packages/airflow/example_dags/example_bash_operator.py
[2022-03-21 05:19:31,857] {scheduler_job.py:633} INFO - Processing file /home/airflow/sandbox/lib/python3.8/site-packages/airflow/example_dags/example_bash_operator.py for tasks to queue
[2022-03-21 05:19:31,858] {logging_mixin.py:104} INFO - [2022-03-21 05:19:31,858] {dagbag.py:487} INFO - Filling up the DagBag from /home/airflow/sandbox/lib/python3.8/site-packages/airflow/example_dags/example_bash_operator.py
[2022-03-21 05:19:31,877] {scheduler_job.py:643} INFO - DAG(s) dict_keys(['example_bash_operator']) retrieved from /home/airflow/sandbox/lib/python3.8/site-packages/airflow/example_dags/example_bash_operator.py
[2022-03-21 05:19:31,908] {logging_mixin.py:104} INFO - [2022-03-21 05:19:31,908] {dag.py:1832} INFO - Sync 1 DAGs
[2022-03-21 05:19:31,936] {logging_mixin.py:104} INFO - [2022-03-21 05:19:31,935] {dag.py:2305} INFO - Setting next_dagrun for example_bash_operator to 2022-03-19 00:00:00+00:00
[2022-03-21 05:19:31,972] {scheduler_job.py:190} INFO - Processing /home/airflow/sandbox/lib/python3.8/site-packages/airflow/example_dags/example_bash_operator.py took 0.123 seconds
[2022-03-21 05:20:20,752] {scheduler_job.py:182} INFO - Started process (PID=9327) to work on /home/airflow/sandbox/lib/python3.8/site-packages/airflow/example_dags/example_bash_operator.py
[2022-03-21 05:20:20,768] {scheduler_job.py:633} INFO - Processing file /home/airflow/sandbox/lib/python3.8/site-packages/airflow/example_dags/example_bash_operator.py for tasks to queue
[2022-03-21 05:20:20,770] {logging_mixin.py:104} INFO - [2022-03-21 05:20:20,769] {dagbag.py:487} INFO - Filling up the DagBag from /home/airflow/sandbox/lib/python3.8/site-packages/airflow/example_dags/example_bash_operator.py
[2022-03-21 05:20:20,805] {scheduler_job.py:643} INFO - DAG(s) dict_keys(['example_bash_operator']) retrieved from /home/airflow/sandbox/lib/python3.8/site-packages/airflow/example_dags/example_bash_operator.py
[2022-03-21 05:20:20,854] {logging_mixin.py:104} INFO - [2022-03-21 05:20:20,853] {dag.py:1832} INFO - Sync 1 DAGs
[2022-03-21 05:20:20,899] {logging_mixin.py:104} INFO - [2022-03-21 05:20:20,898] {dag.py:2305} INFO - Setting next_dagrun for example_bash_operator to 2022-03-19 00:00:00+00:00
[2022-03-21 05:20:20,943] {scheduler_job.py:190} INFO - Processing /home/airflow/sandbox/lib/python3.8/site-packages/airflow/example_dags/example_bash_operator.py took 0.206 seconds
[2022-03-21 05:21:13,261] {scheduler_job.py:182} INFO - Started process (PID=9417) to work on /home/airflow/sandbox/lib/python3.8/site-packages/airflow/example_dags/example_bash_operator.py
[2022-03-21 05:21:13,263] {scheduler_job.py:633} INFO - Processing file /home/airflow/sandbox/lib/python3.8/site-packages/airflow/example_dags/example_bash_operator.py for tasks to queue
[2022-03-21 05:21:13,265] {logging_mixin.py:104} INFO - [2022-03-21 05:21:13,265] {dagbag.py:487} INFO - Filling up the DagBag from /home/airflow/sandbox/lib/python3.8/site-packages/airflow/example_dags/example_bash_operator.py
[2022-03-21 05:21:13,282] {scheduler_job.py:643} INFO - DAG(s) dict_keys(['example_bash_operator']) retrieved from /home/airflow/sandbox/lib/python3.8/site-packages/airflow/example_dags/example_bash_operator.py
[2022-03-21 05:21:13,315] {logging_mixin.py:104} INFO - [2022-03-21 05:21:13,315] {dag.py:1832} INFO - Sync 1 DAGs
[2022-03-21 05:21:13,343] {logging_mixin.py:104} INFO - [2022-03-21 05:21:13,343] {dag.py:2305} INFO - Setting next_dagrun for example_bash_operator to 2022-03-19 00:00:00+00:00
[2022-03-21 05:21:13,378] {scheduler_job.py:190} INFO - Processing /home/airflow/sandbox/lib/python3.8/site-packages/airflow/example_dags/example_bash_operator.py took 0.124 seconds
[2022-03-21 05:21:58,813] {scheduler_job.py:182} INFO - Started process (PID=9451) to work on /home/airflow/sandbox/lib/python3.8/site-packages/airflow/example_dags/example_bash_operator.py
[2022-03-21 05:21:58,816] {scheduler_job.py:633} INFO - Processing file /home/airflow/sandbox/lib/python3.8/site-packages/airflow/example_dags/example_bash_operator.py for tasks to queue
[2022-03-21 05:21:58,819] {logging_mixin.py:104} INFO - [2022-03-21 05:21:58,819] {dagbag.py:487} INFO - Filling up the DagBag from /home/airflow/sandbox/lib/python3.8/site-packages/airflow/example_dags/example_bash_operator.py
[2022-03-21 05:21:58,840] {scheduler_job.py:643} INFO - DAG(s) dict_keys(['example_bash_operator']) retrieved from /home/airflow/sandbox/lib/python3.8/site-packages/airflow/example_dags/example_bash_operator.py
[2022-03-21 05:21:58,874] {logging_mixin.py:104} INFO - [2022-03-21 05:21:58,873] {dag.py:1832} INFO - Sync 1 DAGs
[2022-03-21 05:21:58,900] {logging_mixin.py:104} INFO - [2022-03-21 05:21:58,900] {dag.py:2305} INFO - Setting next_dagrun for example_bash_operator to 2022-03-19 00:00:00+00:00
[2022-03-21 05:21:58,937] {scheduler_job.py:190} INFO - Processing /home/airflow/sandbox/lib/python3.8/site-packages/airflow/example_dags/example_bash_operator.py took 0.138 seconds
[2022-03-21 05:22:41,717] {scheduler_job.py:182} INFO - Started process (PID=9484) to work on /home/airflow/sandbox/lib/python3.8/site-packages/airflow/example_dags/example_bash_operator.py
[2022-03-21 05:22:41,719] {scheduler_job.py:633} INFO - Processing file /home/airflow/sandbox/lib/python3.8/site-packages/airflow/example_dags/example_bash_operator.py for tasks to queue
[2022-03-21 05:22:41,722] {logging_mixin.py:104} INFO - [2022-03-21 05:22:41,722] {dagbag.py:487} INFO - Filling up the DagBag from /home/airflow/sandbox/lib/python3.8/site-packages/airflow/example_dags/example_bash_operator.py
[2022-03-21 05:22:41,738] {scheduler_job.py:643} INFO - DAG(s) dict_keys(['example_bash_operator']) retrieved from /home/airflow/sandbox/lib/python3.8/site-packages/airflow/example_dags/example_bash_operator.py
[2022-03-21 05:22:41,771] {logging_mixin.py:104} INFO - [2022-03-21 05:22:41,770] {dag.py:1832} INFO - Sync 1 DAGs
[2022-03-21 05:22:41,802] {logging_mixin.py:104} INFO - [2022-03-21 05:22:41,801] {dag.py:2305} INFO - Setting next_dagrun for example_bash_operator to 2022-03-19 00:00:00+00:00
[2022-03-21 05:22:41,840] {scheduler_job.py:190} INFO - Processing /home/airflow/sandbox/lib/python3.8/site-packages/airflow/example_dags/example_bash_operator.py took 0.135 seconds
[2022-03-21 05:23:23,149] {scheduler_job.py:182} INFO - Started process (PID=9518) to work on /home/airflow/sandbox/lib/python3.8/site-packages/airflow/example_dags/example_bash_operator.py
[2022-03-21 05:23:23,157] {scheduler_job.py:633} INFO - Processing file /home/airflow/sandbox/lib/python3.8/site-packages/airflow/example_dags/example_bash_operator.py for tasks to queue
[2022-03-21 05:23:23,165] {logging_mixin.py:104} INFO - [2022-03-21 05:23:23,165] {dagbag.py:487} INFO - Filling up the DagBag from /home/airflow/sandbox/lib/python3.8/site-packages/airflow/example_dags/example_bash_operator.py
[2022-03-21 05:23:23,192] {scheduler_job.py:643} INFO - DAG(s) dict_keys(['example_bash_operator']) retrieved from /home/airflow/sandbox/lib/python3.8/site-packages/airflow/example_dags/example_bash_operator.py
[2022-03-21 05:23:23,225] {logging_mixin.py:104} INFO - [2022-03-21 05:23:23,225] {dag.py:1832} INFO - Sync 1 DAGs
[2022-03-21 05:23:23,257] {logging_mixin.py:104} INFO - [2022-03-21 05:23:23,256] {dag.py:2305} INFO - Setting next_dagrun for example_bash_operator to 2022-03-19 00:00:00+00:00
[2022-03-21 05:23:23,290] {scheduler_job.py:190} INFO - Processing /home/airflow/sandbox/lib/python3.8/site-packages/airflow/example_dags/example_bash_operator.py took 0.146 seconds
[2022-03-21 05:24:03,458] {scheduler_job.py:182} INFO - Started process (PID=9551) to work on /home/airflow/sandbox/lib/python3.8/site-packages/airflow/example_dags/example_bash_operator.py
[2022-03-21 05:24:03,461] {scheduler_job.py:633} INFO - Processing file /home/airflow/sandbox/lib/python3.8/site-packages/airflow/example_dags/example_bash_operator.py for tasks to queue
[2022-03-21 05:24:03,462] {logging_mixin.py:104} INFO - [2022-03-21 05:24:03,462] {dagbag.py:487} INFO - Filling up the DagBag from /home/airflow/sandbox/lib/python3.8/site-packages/airflow/example_dags/example_bash_operator.py
[2022-03-21 05:24:03,482] {scheduler_job.py:643} INFO - DAG(s) dict_keys(['example_bash_operator']) retrieved from /home/airflow/sandbox/lib/python3.8/site-packages/airflow/example_dags/example_bash_operator.py
[2022-03-21 05:24:03,520] {logging_mixin.py:104} INFO - [2022-03-21 05:24:03,520] {dag.py:1832} INFO - Sync 1 DAGs
[2022-03-21 05:24:03,549] {logging_mixin.py:104} INFO - [2022-03-21 05:24:03,549] {dag.py:2305} INFO - Setting next_dagrun for example_bash_operator to 2022-03-19 00:00:00+00:00
[2022-03-21 05:24:03,736] {scheduler_job.py:190} INFO - Processing /home/airflow/sandbox/lib/python3.8/site-packages/airflow/example_dags/example_bash_operator.py took 0.284 seconds
[2022-03-21 05:24:58,578] {scheduler_job.py:182} INFO - Started process (PID=9591) to work on /home/airflow/sandbox/lib/python3.8/site-packages/airflow/example_dags/example_bash_operator.py
[2022-03-21 05:24:58,580] {scheduler_job.py:633} INFO - Processing file /home/airflow/sandbox/lib/python3.8/site-packages/airflow/example_dags/example_bash_operator.py for tasks to queue
[2022-03-21 05:24:58,582] {logging_mixin.py:104} INFO - [2022-03-21 05:24:58,582] {dagbag.py:487} INFO - Filling up the DagBag from /home/airflow/sandbox/lib/python3.8/site-packages/airflow/example_dags/example_bash_operator.py
[2022-03-21 05:24:58,602] {scheduler_job.py:643} INFO - DAG(s) dict_keys(['example_bash_operator']) retrieved from /home/airflow/sandbox/lib/python3.8/site-packages/airflow/example_dags/example_bash_operator.py
[2022-03-21 05:24:58,636] {logging_mixin.py:104} INFO - [2022-03-21 05:24:58,636] {dag.py:1832} INFO - Sync 1 DAGs
[2022-03-21 05:24:58,665] {logging_mixin.py:104} INFO - [2022-03-21 05:24:58,665] {dag.py:2305} INFO - Setting next_dagrun for example_bash_operator to 2022-03-19 00:00:00+00:00
[2022-03-21 05:24:58,832] {scheduler_job.py:190} INFO - Processing /home/airflow/sandbox/lib/python3.8/site-packages/airflow/example_dags/example_bash_operator.py took 0.263 seconds
[2022-03-21 05:25:44,456] {scheduler_job.py:182} INFO - Started process (PID=9682) to work on /home/airflow/sandbox/lib/python3.8/site-packages/airflow/example_dags/example_bash_operator.py
[2022-03-21 05:25:44,458] {scheduler_job.py:633} INFO - Processing file /home/airflow/sandbox/lib/python3.8/site-packages/airflow/example_dags/example_bash_operator.py for tasks to queue
[2022-03-21 05:25:44,460] {logging_mixin.py:104} INFO - [2022-03-21 05:25:44,459] {dagbag.py:487} INFO - Filling up the DagBag from /home/airflow/sandbox/lib/python3.8/site-packages/airflow/example_dags/example_bash_operator.py
[2022-03-21 05:25:44,475] {scheduler_job.py:643} INFO - DAG(s) dict_keys(['example_bash_operator']) retrieved from /home/airflow/sandbox/lib/python3.8/site-packages/airflow/example_dags/example_bash_operator.py
[2022-03-21 05:25:44,509] {logging_mixin.py:104} INFO - [2022-03-21 05:25:44,509] {dag.py:1832} INFO - Sync 1 DAGs
[2022-03-21 05:25:44,665] {logging_mixin.py:104} INFO - [2022-03-21 05:25:44,665] {dag.py:2305} INFO - Setting next_dagrun for example_bash_operator to 2022-03-19 00:00:00+00:00
[2022-03-21 05:25:44,709] {scheduler_job.py:190} INFO - Processing /home/airflow/sandbox/lib/python3.8/site-packages/airflow/example_dags/example_bash_operator.py took 0.259 seconds
[2022-03-21 05:26:34,291] {scheduler_job.py:182} INFO - Started process (PID=9717) to work on /home/airflow/sandbox/lib/python3.8/site-packages/airflow/example_dags/example_bash_operator.py
[2022-03-21 05:26:34,294] {scheduler_job.py:633} INFO - Processing file /home/airflow/sandbox/lib/python3.8/site-packages/airflow/example_dags/example_bash_operator.py for tasks to queue
[2022-03-21 05:26:34,296] {logging_mixin.py:104} INFO - [2022-03-21 05:26:34,296] {dagbag.py:487} INFO - Filling up the DagBag from /home/airflow/sandbox/lib/python3.8/site-packages/airflow/example_dags/example_bash_operator.py
[2022-03-21 05:26:34,322] {scheduler_job.py:643} INFO - DAG(s) dict_keys(['example_bash_operator']) retrieved from /home/airflow/sandbox/lib/python3.8/site-packages/airflow/example_dags/example_bash_operator.py
[2022-03-21 05:26:34,363] {logging_mixin.py:104} INFO - [2022-03-21 05:26:34,363] {dag.py:1832} INFO - Sync 1 DAGs
[2022-03-21 05:26:34,495] {logging_mixin.py:104} INFO - [2022-03-21 05:26:34,495] {dag.py:2305} INFO - Setting next_dagrun for example_bash_operator to 2022-03-19 00:00:00+00:00
[2022-03-21 05:26:34,545] {scheduler_job.py:190} INFO - Processing /home/airflow/sandbox/lib/python3.8/site-packages/airflow/example_dags/example_bash_operator.py took 0.260 seconds
[2022-03-21 05:27:25,977] {scheduler_job.py:182} INFO - Started process (PID=9753) to work on /home/airflow/sandbox/lib/python3.8/site-packages/airflow/example_dags/example_bash_operator.py
[2022-03-21 05:27:25,979] {scheduler_job.py:633} INFO - Processing file /home/airflow/sandbox/lib/python3.8/site-packages/airflow/example_dags/example_bash_operator.py for tasks to queue
[2022-03-21 05:27:25,981] {logging_mixin.py:104} INFO - [2022-03-21 05:27:25,981] {dagbag.py:487} INFO - Filling up the DagBag from /home/airflow/sandbox/lib/python3.8/site-packages/airflow/example_dags/example_bash_operator.py
[2022-03-21 05:27:26,008] {scheduler_job.py:643} INFO - DAG(s) dict_keys(['example_bash_operator']) retrieved from /home/airflow/sandbox/lib/python3.8/site-packages/airflow/example_dags/example_bash_operator.py
[2022-03-21 05:27:26,162] {logging_mixin.py:104} INFO - [2022-03-21 05:27:26,162] {dag.py:1832} INFO - Sync 1 DAGs
[2022-03-21 05:27:26,191] {logging_mixin.py:104} INFO - [2022-03-21 05:27:26,191] {dag.py:2305} INFO - Setting next_dagrun for example_bash_operator to 2022-03-19 00:00:00+00:00
[2022-03-21 05:27:26,230] {scheduler_job.py:190} INFO - Processing /home/airflow/sandbox/lib/python3.8/site-packages/airflow/example_dags/example_bash_operator.py took 0.260 seconds
[2022-03-21 05:28:18,418] {scheduler_job.py:182} INFO - Started process (PID=9790) to work on /home/airflow/sandbox/lib/python3.8/site-packages/airflow/example_dags/example_bash_operator.py
[2022-03-21 05:28:18,421] {scheduler_job.py:633} INFO - Processing file /home/airflow/sandbox/lib/python3.8/site-packages/airflow/example_dags/example_bash_operator.py for tasks to queue
[2022-03-21 05:28:18,424] {logging_mixin.py:104} INFO - [2022-03-21 05:28:18,422] {dagbag.py:487} INFO - Filling up the DagBag from /home/airflow/sandbox/lib/python3.8/site-packages/airflow/example_dags/example_bash_operator.py
[2022-03-21 05:28:18,581] {scheduler_job.py:643} INFO - DAG(s) dict_keys(['example_bash_operator']) retrieved from /home/airflow/sandbox/lib/python3.8/site-packages/airflow/example_dags/example_bash_operator.py
[2022-03-21 05:28:18,620] {logging_mixin.py:104} INFO - [2022-03-21 05:28:18,620] {dag.py:1832} INFO - Sync 1 DAGs
[2022-03-21 05:28:18,663] {logging_mixin.py:104} INFO - [2022-03-21 05:28:18,663] {dag.py:2305} INFO - Setting next_dagrun for example_bash_operator to 2022-03-19 00:00:00+00:00
[2022-03-21 05:28:18,700] {scheduler_job.py:190} INFO - Processing /home/airflow/sandbox/lib/python3.8/site-packages/airflow/example_dags/example_bash_operator.py took 0.290 seconds
[2022-03-21 05:29:08,309] {scheduler_job.py:182} INFO - Started process (PID=9826) to work on /home/airflow/sandbox/lib/python3.8/site-packages/airflow/example_dags/example_bash_operator.py
[2022-03-21 05:29:08,312] {scheduler_job.py:633} INFO - Processing file /home/airflow/sandbox/lib/python3.8/site-packages/airflow/example_dags/example_bash_operator.py for tasks to queue
[2022-03-21 05:29:08,314] {logging_mixin.py:104} INFO - [2022-03-21 05:29:08,313] {dagbag.py:487} INFO - Filling up the DagBag from /home/airflow/sandbox/lib/python3.8/site-packages/airflow/example_dags/example_bash_operator.py
[2022-03-21 05:29:08,495] {scheduler_job.py:643} INFO - DAG(s) dict_keys(['example_bash_operator']) retrieved from /home/airflow/sandbox/lib/python3.8/site-packages/airflow/example_dags/example_bash_operator.py
[2022-03-21 05:29:08,528] {logging_mixin.py:104} INFO - [2022-03-21 05:29:08,528] {dag.py:1832} INFO - Sync 1 DAGs
[2022-03-21 05:29:08,556] {logging_mixin.py:104} INFO - [2022-03-21 05:29:08,556] {dag.py:2305} INFO - Setting next_dagrun for example_bash_operator to 2022-03-19 00:00:00+00:00
[2022-03-21 05:29:08,593] {scheduler_job.py:190} INFO - Processing /home/airflow/sandbox/lib/python3.8/site-packages/airflow/example_dags/example_bash_operator.py took 0.290 seconds
[2022-03-21 05:30:00,728] {scheduler_job.py:182} INFO - Started process (PID=9864) to work on /home/airflow/sandbox/lib/python3.8/site-packages/airflow/example_dags/example_bash_operator.py
[2022-03-21 05:30:00,733] {scheduler_job.py:633} INFO - Processing file /home/airflow/sandbox/lib/python3.8/site-packages/airflow/example_dags/example_bash_operator.py for tasks to queue
[2022-03-21 05:30:00,736] {logging_mixin.py:104} INFO - [2022-03-21 05:30:00,735] {dagbag.py:487} INFO - Filling up the DagBag from /home/airflow/sandbox/lib/python3.8/site-packages/airflow/example_dags/example_bash_operator.py
[2022-03-21 05:30:00,985] {scheduler_job.py:643} INFO - DAG(s) dict_keys(['example_bash_operator']) retrieved from /home/airflow/sandbox/lib/python3.8/site-packages/airflow/example_dags/example_bash_operator.py
[2022-03-21 05:30:01,018] {logging_mixin.py:104} INFO - [2022-03-21 05:30:01,018] {dag.py:1832} INFO - Sync 1 DAGs
[2022-03-21 05:30:01,065] {logging_mixin.py:104} INFO - [2022-03-21 05:30:01,065] {dag.py:2305} INFO - Setting next_dagrun for example_bash_operator to 2022-03-19 00:00:00+00:00
[2022-03-21 05:30:01,115] {scheduler_job.py:190} INFO - Processing /home/airflow/sandbox/lib/python3.8/site-packages/airflow/example_dags/example_bash_operator.py took 0.408 seconds
[2022-03-21 05:30:59,661] {scheduler_job.py:182} INFO - Started process (PID=9961) to work on /home/airflow/sandbox/lib/python3.8/site-packages/airflow/example_dags/example_bash_operator.py
[2022-03-21 05:30:59,663] {scheduler_job.py:633} INFO - Processing file /home/airflow/sandbox/lib/python3.8/site-packages/airflow/example_dags/example_bash_operator.py for tasks to queue
[2022-03-21 05:30:59,665] {logging_mixin.py:104} INFO - [2022-03-21 05:30:59,664] {dagbag.py:487} INFO - Filling up the DagBag from /home/airflow/sandbox/lib/python3.8/site-packages/airflow/example_dags/example_bash_operator.py
[2022-03-21 05:30:59,695] {scheduler_job.py:643} INFO - DAG(s) dict_keys(['example_bash_operator']) retrieved from /home/airflow/sandbox/lib/python3.8/site-packages/airflow/example_dags/example_bash_operator.py
[2022-03-21 05:30:59,731] {logging_mixin.py:104} INFO - [2022-03-21 05:30:59,731] {dag.py:1832} INFO - Sync 1 DAGs
[2022-03-21 05:30:59,763] {logging_mixin.py:104} INFO - [2022-03-21 05:30:59,763] {dag.py:2305} INFO - Setting next_dagrun for example_bash_operator to 2022-03-19 00:00:00+00:00
[2022-03-21 05:30:59,803] {scheduler_job.py:190} INFO - Processing /home/airflow/sandbox/lib/python3.8/site-packages/airflow/example_dags/example_bash_operator.py took 0.150 seconds
[2022-03-21 05:31:44,660] {scheduler_job.py:182} INFO - Started process (PID=9996) to work on /home/airflow/sandbox/lib/python3.8/site-packages/airflow/example_dags/example_bash_operator.py
[2022-03-21 05:31:44,670] {scheduler_job.py:633} INFO - Processing file /home/airflow/sandbox/lib/python3.8/site-packages/airflow/example_dags/example_bash_operator.py for tasks to queue
[2022-03-21 05:31:44,671] {logging_mixin.py:104} INFO - [2022-03-21 05:31:44,671] {dagbag.py:487} INFO - Filling up the DagBag from /home/airflow/sandbox/lib/python3.8/site-packages/airflow/example_dags/example_bash_operator.py
[2022-03-21 05:31:44,696] {scheduler_job.py:643} INFO - DAG(s) dict_keys(['example_bash_operator']) retrieved from /home/airflow/sandbox/lib/python3.8/site-packages/airflow/example_dags/example_bash_operator.py
[2022-03-21 05:31:44,729] {logging_mixin.py:104} INFO - [2022-03-21 05:31:44,729] {dag.py:1832} INFO - Sync 1 DAGs
[2022-03-21 05:31:44,758] {logging_mixin.py:104} INFO - [2022-03-21 05:31:44,758] {dag.py:2305} INFO - Setting next_dagrun for example_bash_operator to 2022-03-19 00:00:00+00:00
[2022-03-21 05:31:44,802] {scheduler_job.py:190} INFO - Processing /home/airflow/sandbox/lib/python3.8/site-packages/airflow/example_dags/example_bash_operator.py took 0.162 seconds
[2022-03-21 05:32:27,562] {scheduler_job.py:182} INFO - Started process (PID=10029) to work on /home/airflow/sandbox/lib/python3.8/site-packages/airflow/example_dags/example_bash_operator.py
[2022-03-21 05:32:27,564] {scheduler_job.py:633} INFO - Processing file /home/airflow/sandbox/lib/python3.8/site-packages/airflow/example_dags/example_bash_operator.py for tasks to queue
[2022-03-21 05:32:27,565] {logging_mixin.py:104} INFO - [2022-03-21 05:32:27,565] {dagbag.py:487} INFO - Filling up the DagBag from /home/airflow/sandbox/lib/python3.8/site-packages/airflow/example_dags/example_bash_operator.py
[2022-03-21 05:32:27,582] {scheduler_job.py:643} INFO - DAG(s) dict_keys(['example_bash_operator']) retrieved from /home/airflow/sandbox/lib/python3.8/site-packages/airflow/example_dags/example_bash_operator.py
[2022-03-21 05:32:27,617] {logging_mixin.py:104} INFO - [2022-03-21 05:32:27,617] {dag.py:1832} INFO - Sync 1 DAGs
[2022-03-21 05:32:27,650] {logging_mixin.py:104} INFO - [2022-03-21 05:32:27,649] {dag.py:2305} INFO - Setting next_dagrun for example_bash_operator to 2022-03-19 00:00:00+00:00
[2022-03-21 05:32:27,714] {scheduler_job.py:190} INFO - Processing /home/airflow/sandbox/lib/python3.8/site-packages/airflow/example_dags/example_bash_operator.py took 0.159 seconds
[2022-03-21 05:33:10,540] {scheduler_job.py:182} INFO - Started process (PID=10061) to work on /home/airflow/sandbox/lib/python3.8/site-packages/airflow/example_dags/example_bash_operator.py
[2022-03-21 05:33:10,542] {scheduler_job.py:633} INFO - Processing file /home/airflow/sandbox/lib/python3.8/site-packages/airflow/example_dags/example_bash_operator.py for tasks to queue
[2022-03-21 05:33:10,544] {logging_mixin.py:104} INFO - [2022-03-21 05:33:10,543] {dagbag.py:487} INFO - Filling up the DagBag from /home/airflow/sandbox/lib/python3.8/site-packages/airflow/example_dags/example_bash_operator.py
[2022-03-21 05:33:10,562] {scheduler_job.py:643} INFO - DAG(s) dict_keys(['example_bash_operator']) retrieved from /home/airflow/sandbox/lib/python3.8/site-packages/airflow/example_dags/example_bash_operator.py
[2022-03-21 05:33:10,596] {logging_mixin.py:104} INFO - [2022-03-21 05:33:10,596] {dag.py:1832} INFO - Sync 1 DAGs
[2022-03-21 05:33:10,626] {logging_mixin.py:104} INFO - [2022-03-21 05:33:10,626] {dag.py:2305} INFO - Setting next_dagrun for example_bash_operator to 2022-03-19 00:00:00+00:00
[2022-03-21 05:33:10,664] {scheduler_job.py:190} INFO - Processing /home/airflow/sandbox/lib/python3.8/site-packages/airflow/example_dags/example_bash_operator.py took 0.132 seconds
[2022-03-21 05:33:54,425] {scheduler_job.py:182} INFO - Started process (PID=10094) to work on /home/airflow/sandbox/lib/python3.8/site-packages/airflow/example_dags/example_bash_operator.py
[2022-03-21 05:33:54,428] {scheduler_job.py:633} INFO - Processing file /home/airflow/sandbox/lib/python3.8/site-packages/airflow/example_dags/example_bash_operator.py for tasks to queue
[2022-03-21 05:33:54,429] {logging_mixin.py:104} INFO - [2022-03-21 05:33:54,429] {dagbag.py:487} INFO - Filling up the DagBag from /home/airflow/sandbox/lib/python3.8/site-packages/airflow/example_dags/example_bash_operator.py
[2022-03-21 05:33:54,450] {scheduler_job.py:643} INFO - DAG(s) dict_keys(['example_bash_operator']) retrieved from /home/airflow/sandbox/lib/python3.8/site-packages/airflow/example_dags/example_bash_operator.py
[2022-03-21 05:33:54,483] {logging_mixin.py:104} INFO - [2022-03-21 05:33:54,483] {dag.py:1832} INFO - Sync 1 DAGs
[2022-03-21 05:33:54,509] {logging_mixin.py:104} INFO - [2022-03-21 05:33:54,508] {dag.py:2305} INFO - Setting next_dagrun for example_bash_operator to 2022-03-19 00:00:00+00:00
[2022-03-21 05:33:54,544] {scheduler_job.py:190} INFO - Processing /home/airflow/sandbox/lib/python3.8/site-packages/airflow/example_dags/example_bash_operator.py took 0.126 seconds
[2022-03-21 05:34:38,870] {scheduler_job.py:182} INFO - Started process (PID=10128) to work on /home/airflow/sandbox/lib/python3.8/site-packages/airflow/example_dags/example_bash_operator.py
[2022-03-21 05:34:38,872] {scheduler_job.py:633} INFO - Processing file /home/airflow/sandbox/lib/python3.8/site-packages/airflow/example_dags/example_bash_operator.py for tasks to queue
[2022-03-21 05:34:38,873] {logging_mixin.py:104} INFO - [2022-03-21 05:34:38,873] {dagbag.py:487} INFO - Filling up the DagBag from /home/airflow/sandbox/lib/python3.8/site-packages/airflow/example_dags/example_bash_operator.py
[2022-03-21 05:34:38,892] {scheduler_job.py:643} INFO - DAG(s) dict_keys(['example_bash_operator']) retrieved from /home/airflow/sandbox/lib/python3.8/site-packages/airflow/example_dags/example_bash_operator.py
[2022-03-21 05:34:38,926] {logging_mixin.py:104} INFO - [2022-03-21 05:34:38,926] {dag.py:1832} INFO - Sync 1 DAGs
[2022-03-21 05:34:38,956] {logging_mixin.py:104} INFO - [2022-03-21 05:34:38,956] {dag.py:2305} INFO - Setting next_dagrun for example_bash_operator to 2022-03-19 00:00:00+00:00
[2022-03-21 05:34:38,995] {scheduler_job.py:190} INFO - Processing /home/airflow/sandbox/lib/python3.8/site-packages/airflow/example_dags/example_bash_operator.py took 0.136 seconds
[2022-03-21 05:35:27,448] {scheduler_job.py:182} INFO - Started process (PID=10192) to work on /home/airflow/sandbox/lib/python3.8/site-packages/airflow/example_dags/example_bash_operator.py
[2022-03-21 05:35:27,451] {scheduler_job.py:633} INFO - Processing file /home/airflow/sandbox/lib/python3.8/site-packages/airflow/example_dags/example_bash_operator.py for tasks to queue
[2022-03-21 05:35:27,455] {logging_mixin.py:104} INFO - [2022-03-21 05:35:27,453] {dagbag.py:487} INFO - Filling up the DagBag from /home/airflow/sandbox/lib/python3.8/site-packages/airflow/example_dags/example_bash_operator.py
[2022-03-21 05:35:27,480] {scheduler_job.py:643} INFO - DAG(s) dict_keys(['example_bash_operator']) retrieved from /home/airflow/sandbox/lib/python3.8/site-packages/airflow/example_dags/example_bash_operator.py
[2022-03-21 05:35:27,526] {logging_mixin.py:104} INFO - [2022-03-21 05:35:27,525] {dag.py:1832} INFO - Sync 1 DAGs
[2022-03-21 05:35:27,559] {logging_mixin.py:104} INFO - [2022-03-21 05:35:27,559] {dag.py:2305} INFO - Setting next_dagrun for example_bash_operator to 2022-03-19 00:00:00+00:00
[2022-03-21 05:35:27,611] {scheduler_job.py:190} INFO - Processing /home/airflow/sandbox/lib/python3.8/site-packages/airflow/example_dags/example_bash_operator.py took 0.173 seconds
[2022-03-21 05:36:12,767] {scheduler_job.py:182} INFO - Started process (PID=10251) to work on /home/airflow/sandbox/lib/python3.8/site-packages/airflow/example_dags/example_bash_operator.py
[2022-03-21 05:36:12,782] {scheduler_job.py:633} INFO - Processing file /home/airflow/sandbox/lib/python3.8/site-packages/airflow/example_dags/example_bash_operator.py for tasks to queue
[2022-03-21 05:36:12,784] {logging_mixin.py:104} INFO - [2022-03-21 05:36:12,783] {dagbag.py:487} INFO - Filling up the DagBag from /home/airflow/sandbox/lib/python3.8/site-packages/airflow/example_dags/example_bash_operator.py
[2022-03-21 05:36:12,807] {scheduler_job.py:643} INFO - DAG(s) dict_keys(['example_bash_operator']) retrieved from /home/airflow/sandbox/lib/python3.8/site-packages/airflow/example_dags/example_bash_operator.py
[2022-03-21 05:36:12,857] {logging_mixin.py:104} INFO - [2022-03-21 05:36:12,856] {dag.py:1832} INFO - Sync 1 DAGs
[2022-03-21 05:36:12,889] {logging_mixin.py:104} INFO - [2022-03-21 05:36:12,889] {dag.py:2305} INFO - Setting next_dagrun for example_bash_operator to 2022-03-19 00:00:00+00:00
[2022-03-21 05:36:12,929] {scheduler_job.py:190} INFO - Processing /home/airflow/sandbox/lib/python3.8/site-packages/airflow/example_dags/example_bash_operator.py took 0.169 seconds
[2022-03-21 05:36:58,612] {scheduler_job.py:182} INFO - Started process (PID=10285) to work on /home/airflow/sandbox/lib/python3.8/site-packages/airflow/example_dags/example_bash_operator.py
[2022-03-21 05:36:58,614] {scheduler_job.py:633} INFO - Processing file /home/airflow/sandbox/lib/python3.8/site-packages/airflow/example_dags/example_bash_operator.py for tasks to queue
[2022-03-21 05:36:58,616] {logging_mixin.py:104} INFO - [2022-03-21 05:36:58,616] {dagbag.py:487} INFO - Filling up the DagBag from /home/airflow/sandbox/lib/python3.8/site-packages/airflow/example_dags/example_bash_operator.py
[2022-03-21 05:36:58,636] {scheduler_job.py:643} INFO - DAG(s) dict_keys(['example_bash_operator']) retrieved from /home/airflow/sandbox/lib/python3.8/site-packages/airflow/example_dags/example_bash_operator.py
[2022-03-21 05:36:58,668] {logging_mixin.py:104} INFO - [2022-03-21 05:36:58,668] {dag.py:1832} INFO - Sync 1 DAGs
[2022-03-21 05:36:58,694] {logging_mixin.py:104} INFO - [2022-03-21 05:36:58,694] {dag.py:2305} INFO - Setting next_dagrun for example_bash_operator to 2022-03-19 00:00:00+00:00
[2022-03-21 05:36:58,739] {scheduler_job.py:190} INFO - Processing /home/airflow/sandbox/lib/python3.8/site-packages/airflow/example_dags/example_bash_operator.py took 0.134 seconds
[2022-03-21 05:37:42,703] {scheduler_job.py:182} INFO - Started process (PID=10318) to work on /home/airflow/sandbox/lib/python3.8/site-packages/airflow/example_dags/example_bash_operator.py
[2022-03-21 05:37:42,705] {scheduler_job.py:633} INFO - Processing file /home/airflow/sandbox/lib/python3.8/site-packages/airflow/example_dags/example_bash_operator.py for tasks to queue
[2022-03-21 05:37:42,706] {logging_mixin.py:104} INFO - [2022-03-21 05:37:42,706] {dagbag.py:487} INFO - Filling up the DagBag from /home/airflow/sandbox/lib/python3.8/site-packages/airflow/example_dags/example_bash_operator.py
[2022-03-21 05:37:42,726] {scheduler_job.py:643} INFO - DAG(s) dict_keys(['example_bash_operator']) retrieved from /home/airflow/sandbox/lib/python3.8/site-packages/airflow/example_dags/example_bash_operator.py
[2022-03-21 05:37:42,759] {logging_mixin.py:104} INFO - [2022-03-21 05:37:42,759] {dag.py:1832} INFO - Sync 1 DAGs
[2022-03-21 05:37:42,784] {logging_mixin.py:104} INFO - [2022-03-21 05:37:42,783] {dag.py:2305} INFO - Setting next_dagrun for example_bash_operator to 2022-03-19 00:00:00+00:00
[2022-03-21 05:37:42,845] {scheduler_job.py:190} INFO - Processing /home/airflow/sandbox/lib/python3.8/site-packages/airflow/example_dags/example_bash_operator.py took 0.150 seconds
[2022-03-21 05:38:26,446] {scheduler_job.py:182} INFO - Started process (PID=10353) to work on /home/airflow/sandbox/lib/python3.8/site-packages/airflow/example_dags/example_bash_operator.py
[2022-03-21 05:38:26,448] {scheduler_job.py:633} INFO - Processing file /home/airflow/sandbox/lib/python3.8/site-packages/airflow/example_dags/example_bash_operator.py for tasks to queue
[2022-03-21 05:38:26,450] {logging_mixin.py:104} INFO - [2022-03-21 05:38:26,450] {dagbag.py:487} INFO - Filling up the DagBag from /home/airflow/sandbox/lib/python3.8/site-packages/airflow/example_dags/example_bash_operator.py
[2022-03-21 05:38:26,469] {scheduler_job.py:643} INFO - DAG(s) dict_keys(['example_bash_operator']) retrieved from /home/airflow/sandbox/lib/python3.8/site-packages/airflow/example_dags/example_bash_operator.py
[2022-03-21 05:38:26,499] {logging_mixin.py:104} INFO - [2022-03-21 05:38:26,499] {dag.py:1832} INFO - Sync 1 DAGs
[2022-03-21 05:38:26,529] {logging_mixin.py:104} INFO - [2022-03-21 05:38:26,529] {dag.py:2305} INFO - Setting next_dagrun for example_bash_operator to 2022-03-19 00:00:00+00:00
[2022-03-21 05:38:26,564] {scheduler_job.py:190} INFO - Processing /home/airflow/sandbox/lib/python3.8/site-packages/airflow/example_dags/example_bash_operator.py took 0.124 seconds
[2022-03-21 05:39:09,638] {scheduler_job.py:182} INFO - Started process (PID=10385) to work on /home/airflow/sandbox/lib/python3.8/site-packages/airflow/example_dags/example_bash_operator.py
[2022-03-21 05:39:09,642] {scheduler_job.py:633} INFO - Processing file /home/airflow/sandbox/lib/python3.8/site-packages/airflow/example_dags/example_bash_operator.py for tasks to queue
[2022-03-21 05:39:09,644] {logging_mixin.py:104} INFO - [2022-03-21 05:39:09,643] {dagbag.py:487} INFO - Filling up the DagBag from /home/airflow/sandbox/lib/python3.8/site-packages/airflow/example_dags/example_bash_operator.py
[2022-03-21 05:39:09,677] {scheduler_job.py:643} INFO - DAG(s) dict_keys(['example_bash_operator']) retrieved from /home/airflow/sandbox/lib/python3.8/site-packages/airflow/example_dags/example_bash_operator.py
[2022-03-21 05:39:09,719] {logging_mixin.py:104} INFO - [2022-03-21 05:39:09,718] {dag.py:1832} INFO - Sync 1 DAGs
[2022-03-21 05:39:09,761] {logging_mixin.py:104} INFO - [2022-03-21 05:39:09,760] {dag.py:2305} INFO - Setting next_dagrun for example_bash_operator to 2022-03-19 00:00:00+00:00
[2022-03-21 05:39:09,869] {scheduler_job.py:190} INFO - Processing /home/airflow/sandbox/lib/python3.8/site-packages/airflow/example_dags/example_bash_operator.py took 0.238 seconds
[2022-03-21 05:39:57,913] {scheduler_job.py:182} INFO - Started process (PID=10420) to work on /home/airflow/sandbox/lib/python3.8/site-packages/airflow/example_dags/example_bash_operator.py
[2022-03-21 05:39:57,916] {scheduler_job.py:633} INFO - Processing file /home/airflow/sandbox/lib/python3.8/site-packages/airflow/example_dags/example_bash_operator.py for tasks to queue
[2022-03-21 05:39:57,932] {logging_mixin.py:104} INFO - [2022-03-21 05:39:57,931] {dagbag.py:487} INFO - Filling up the DagBag from /home/airflow/sandbox/lib/python3.8/site-packages/airflow/example_dags/example_bash_operator.py
[2022-03-21 05:39:58,010] {scheduler_job.py:643} INFO - DAG(s) dict_keys(['example_bash_operator']) retrieved from /home/airflow/sandbox/lib/python3.8/site-packages/airflow/example_dags/example_bash_operator.py
[2022-03-21 05:39:58,128] {logging_mixin.py:104} INFO - [2022-03-21 05:39:58,128] {dag.py:1832} INFO - Sync 1 DAGs
[2022-03-21 05:39:58,214] {logging_mixin.py:104} INFO - [2022-03-21 05:39:58,214] {dag.py:2305} INFO - Setting next_dagrun for example_bash_operator to 2022-03-19 00:00:00+00:00
[2022-03-21 05:39:58,280] {scheduler_job.py:190} INFO - Processing /home/airflow/sandbox/lib/python3.8/site-packages/airflow/example_dags/example_bash_operator.py took 0.386 seconds
[2022-03-21 05:40:48,848] {scheduler_job.py:182} INFO - Started process (PID=10515) to work on /home/airflow/sandbox/lib/python3.8/site-packages/airflow/example_dags/example_bash_operator.py
[2022-03-21 05:40:48,851] {scheduler_job.py:633} INFO - Processing file /home/airflow/sandbox/lib/python3.8/site-packages/airflow/example_dags/example_bash_operator.py for tasks to queue
[2022-03-21 05:40:48,853] {logging_mixin.py:104} INFO - [2022-03-21 05:40:48,853] {dagbag.py:487} INFO - Filling up the DagBag from /home/airflow/sandbox/lib/python3.8/site-packages/airflow/example_dags/example_bash_operator.py
[2022-03-21 05:40:48,871] {scheduler_job.py:643} INFO - DAG(s) dict_keys(['example_bash_operator']) retrieved from /home/airflow/sandbox/lib/python3.8/site-packages/airflow/example_dags/example_bash_operator.py
[2022-03-21 05:40:48,961] {logging_mixin.py:104} INFO - [2022-03-21 05:40:48,960] {dag.py:1832} INFO - Sync 1 DAGs
[2022-03-21 05:40:48,998] {logging_mixin.py:104} INFO - [2022-03-21 05:40:48,998] {dag.py:2305} INFO - Setting next_dagrun for example_bash_operator to 2022-03-19 00:00:00+00:00
[2022-03-21 05:40:49,058] {scheduler_job.py:190} INFO - Processing /home/airflow/sandbox/lib/python3.8/site-packages/airflow/example_dags/example_bash_operator.py took 0.219 seconds
[2022-03-21 05:41:34,229] {scheduler_job.py:182} INFO - Started process (PID=10549) to work on /home/airflow/sandbox/lib/python3.8/site-packages/airflow/example_dags/example_bash_operator.py
[2022-03-21 05:41:34,231] {scheduler_job.py:633} INFO - Processing file /home/airflow/sandbox/lib/python3.8/site-packages/airflow/example_dags/example_bash_operator.py for tasks to queue
[2022-03-21 05:41:34,233] {logging_mixin.py:104} INFO - [2022-03-21 05:41:34,233] {dagbag.py:487} INFO - Filling up the DagBag from /home/airflow/sandbox/lib/python3.8/site-packages/airflow/example_dags/example_bash_operator.py
[2022-03-21 05:41:34,259] {scheduler_job.py:643} INFO - DAG(s) dict_keys(['example_bash_operator']) retrieved from /home/airflow/sandbox/lib/python3.8/site-packages/airflow/example_dags/example_bash_operator.py
[2022-03-21 05:41:34,299] {logging_mixin.py:104} INFO - [2022-03-21 05:41:34,299] {dag.py:1832} INFO - Sync 1 DAGs
[2022-03-21 05:41:34,332] {logging_mixin.py:104} INFO - [2022-03-21 05:41:34,331] {dag.py:2305} INFO - Setting next_dagrun for example_bash_operator to 2022-03-19 00:00:00+00:00
[2022-03-21 05:41:34,377] {scheduler_job.py:190} INFO - Processing /home/airflow/sandbox/lib/python3.8/site-packages/airflow/example_dags/example_bash_operator.py took 0.155 seconds
[2022-03-21 05:42:20,042] {scheduler_job.py:182} INFO - Started process (PID=10583) to work on /home/airflow/sandbox/lib/python3.8/site-packages/airflow/example_dags/example_bash_operator.py
[2022-03-21 05:42:20,052] {scheduler_job.py:633} INFO - Processing file /home/airflow/sandbox/lib/python3.8/site-packages/airflow/example_dags/example_bash_operator.py for tasks to queue
[2022-03-21 05:42:20,054] {logging_mixin.py:104} INFO - [2022-03-21 05:42:20,054] {dagbag.py:487} INFO - Filling up the DagBag from /home/airflow/sandbox/lib/python3.8/site-packages/airflow/example_dags/example_bash_operator.py
[2022-03-21 05:42:20,094] {scheduler_job.py:643} INFO - DAG(s) dict_keys(['example_bash_operator']) retrieved from /home/airflow/sandbox/lib/python3.8/site-packages/airflow/example_dags/example_bash_operator.py
[2022-03-21 05:42:20,222] {logging_mixin.py:104} INFO - [2022-03-21 05:42:20,222] {dag.py:1832} INFO - Sync 1 DAGs
[2022-03-21 05:42:20,271] {logging_mixin.py:104} INFO - [2022-03-21 05:42:20,271] {dag.py:2305} INFO - Setting next_dagrun for example_bash_operator to 2022-03-19 00:00:00+00:00
[2022-03-21 05:42:20,382] {scheduler_job.py:190} INFO - Processing /home/airflow/sandbox/lib/python3.8/site-packages/airflow/example_dags/example_bash_operator.py took 0.346 seconds
[2022-03-21 05:43:12,542] {scheduler_job.py:182} INFO - Started process (PID=10618) to work on /home/airflow/sandbox/lib/python3.8/site-packages/airflow/example_dags/example_bash_operator.py
[2022-03-21 05:43:12,546] {scheduler_job.py:633} INFO - Processing file /home/airflow/sandbox/lib/python3.8/site-packages/airflow/example_dags/example_bash_operator.py for tasks to queue
[2022-03-21 05:43:12,548] {logging_mixin.py:104} INFO - [2022-03-21 05:43:12,548] {dagbag.py:487} INFO - Filling up the DagBag from /home/airflow/sandbox/lib/python3.8/site-packages/airflow/example_dags/example_bash_operator.py
[2022-03-21 05:43:12,573] {scheduler_job.py:643} INFO - DAG(s) dict_keys(['example_bash_operator']) retrieved from /home/airflow/sandbox/lib/python3.8/site-packages/airflow/example_dags/example_bash_operator.py
[2022-03-21 05:43:12,614] {logging_mixin.py:104} INFO - [2022-03-21 05:43:12,614] {dag.py:1832} INFO - Sync 1 DAGs
[2022-03-21 05:43:12,654] {logging_mixin.py:104} INFO - [2022-03-21 05:43:12,654] {dag.py:2305} INFO - Setting next_dagrun for example_bash_operator to 2022-03-19 00:00:00+00:00
[2022-03-21 05:43:12,699] {scheduler_job.py:190} INFO - Processing /home/airflow/sandbox/lib/python3.8/site-packages/airflow/example_dags/example_bash_operator.py took 0.162 seconds
[2022-03-21 05:44:10,614] {scheduler_job.py:182} INFO - Started process (PID=10658) to work on /home/airflow/sandbox/lib/python3.8/site-packages/airflow/example_dags/example_bash_operator.py
[2022-03-21 05:44:10,616] {scheduler_job.py:633} INFO - Processing file /home/airflow/sandbox/lib/python3.8/site-packages/airflow/example_dags/example_bash_operator.py for tasks to queue
[2022-03-21 05:44:10,622] {logging_mixin.py:104} INFO - [2022-03-21 05:44:10,621] {dagbag.py:487} INFO - Filling up the DagBag from /home/airflow/sandbox/lib/python3.8/site-packages/airflow/example_dags/example_bash_operator.py
[2022-03-21 05:44:10,644] {scheduler_job.py:643} INFO - DAG(s) dict_keys(['example_bash_operator']) retrieved from /home/airflow/sandbox/lib/python3.8/site-packages/airflow/example_dags/example_bash_operator.py
[2022-03-21 05:44:10,679] {logging_mixin.py:104} INFO - [2022-03-21 05:44:10,679] {dag.py:1832} INFO - Sync 1 DAGs
[2022-03-21 05:44:10,716] {logging_mixin.py:104} INFO - [2022-03-21 05:44:10,716] {dag.py:2305} INFO - Setting next_dagrun for example_bash_operator to 2022-03-19 00:00:00+00:00
[2022-03-21 05:44:10,761] {scheduler_job.py:190} INFO - Processing /home/airflow/sandbox/lib/python3.8/site-packages/airflow/example_dags/example_bash_operator.py took 0.158 seconds
[2022-03-21 05:45:03,320] {scheduler_job.py:182} INFO - Started process (PID=10695) to work on /home/airflow/sandbox/lib/python3.8/site-packages/airflow/example_dags/example_bash_operator.py
[2022-03-21 05:45:03,326] {scheduler_job.py:633} INFO - Processing file /home/airflow/sandbox/lib/python3.8/site-packages/airflow/example_dags/example_bash_operator.py for tasks to queue
[2022-03-21 05:45:03,328] {logging_mixin.py:104} INFO - [2022-03-21 05:45:03,328] {dagbag.py:487} INFO - Filling up the DagBag from /home/airflow/sandbox/lib/python3.8/site-packages/airflow/example_dags/example_bash_operator.py
[2022-03-21 05:45:03,360] {scheduler_job.py:643} INFO - DAG(s) dict_keys(['example_bash_operator']) retrieved from /home/airflow/sandbox/lib/python3.8/site-packages/airflow/example_dags/example_bash_operator.py
[2022-03-21 05:45:03,407] {logging_mixin.py:104} INFO - [2022-03-21 05:45:03,406] {dag.py:1832} INFO - Sync 1 DAGs
[2022-03-21 05:45:03,447] {logging_mixin.py:104} INFO - [2022-03-21 05:45:03,447] {dag.py:2305} INFO - Setting next_dagrun for example_bash_operator to 2022-03-19 00:00:00+00:00
[2022-03-21 05:45:03,525] {scheduler_job.py:190} INFO - Processing /home/airflow/sandbox/lib/python3.8/site-packages/airflow/example_dags/example_bash_operator.py took 0.212 seconds
[2022-03-21 05:45:47,544] {scheduler_job.py:182} INFO - Started process (PID=10785) to work on /home/airflow/sandbox/lib/python3.8/site-packages/airflow/example_dags/example_bash_operator.py
[2022-03-21 05:45:47,547] {scheduler_job.py:633} INFO - Processing file /home/airflow/sandbox/lib/python3.8/site-packages/airflow/example_dags/example_bash_operator.py for tasks to queue
[2022-03-21 05:45:47,549] {logging_mixin.py:104} INFO - [2022-03-21 05:45:47,549] {dagbag.py:487} INFO - Filling up the DagBag from /home/airflow/sandbox/lib/python3.8/site-packages/airflow/example_dags/example_bash_operator.py
[2022-03-21 05:45:47,570] {scheduler_job.py:643} INFO - DAG(s) dict_keys(['example_bash_operator']) retrieved from /home/airflow/sandbox/lib/python3.8/site-packages/airflow/example_dags/example_bash_operator.py
[2022-03-21 05:45:47,610] {logging_mixin.py:104} INFO - [2022-03-21 05:45:47,609] {dag.py:1832} INFO - Sync 1 DAGs
[2022-03-21 05:45:47,644] {logging_mixin.py:104} INFO - [2022-03-21 05:45:47,643] {dag.py:2305} INFO - Setting next_dagrun for example_bash_operator to 2022-03-19 00:00:00+00:00
[2022-03-21 05:45:47,684] {scheduler_job.py:190} INFO - Processing /home/airflow/sandbox/lib/python3.8/site-packages/airflow/example_dags/example_bash_operator.py took 0.149 seconds
[2022-03-21 05:46:59,572] {scheduler_job.py:182} INFO - Started process (PID=11307) to work on /home/airflow/sandbox/lib/python3.8/site-packages/airflow/example_dags/example_bash_operator.py
[2022-03-21 05:46:59,574] {scheduler_job.py:633} INFO - Processing file /home/airflow/sandbox/lib/python3.8/site-packages/airflow/example_dags/example_bash_operator.py for tasks to queue
[2022-03-21 05:46:59,576] {logging_mixin.py:104} INFO - [2022-03-21 05:46:59,575] {dagbag.py:487} INFO - Filling up the DagBag from /home/airflow/sandbox/lib/python3.8/site-packages/airflow/example_dags/example_bash_operator.py
[2022-03-21 05:46:59,595] {scheduler_job.py:643} INFO - DAG(s) dict_keys(['example_bash_operator']) retrieved from /home/airflow/sandbox/lib/python3.8/site-packages/airflow/example_dags/example_bash_operator.py
[2022-03-21 05:46:59,625] {logging_mixin.py:104} INFO - [2022-03-21 05:46:59,625] {dag.py:1832} INFO - Sync 1 DAGs
[2022-03-21 05:46:59,654] {logging_mixin.py:104} INFO - [2022-03-21 05:46:59,653] {dag.py:2305} INFO - Setting next_dagrun for example_bash_operator to 2022-03-19 00:00:00+00:00
[2022-03-21 05:46:59,694] {scheduler_job.py:190} INFO - Processing /home/airflow/sandbox/lib/python3.8/site-packages/airflow/example_dags/example_bash_operator.py took 0.130 seconds
[2022-03-21 05:48:05,079] {scheduler_job.py:182} INFO - Started process (PID=11760) to work on /home/airflow/sandbox/lib/python3.8/site-packages/airflow/example_dags/example_bash_operator.py
[2022-03-21 05:48:05,111] {scheduler_job.py:633} INFO - Processing file /home/airflow/sandbox/lib/python3.8/site-packages/airflow/example_dags/example_bash_operator.py for tasks to queue
[2022-03-21 05:48:05,116] {logging_mixin.py:104} INFO - [2022-03-21 05:48:05,116] {dagbag.py:487} INFO - Filling up the DagBag from /home/airflow/sandbox/lib/python3.8/site-packages/airflow/example_dags/example_bash_operator.py
[2022-03-21 05:48:05,210] {scheduler_job.py:643} INFO - DAG(s) dict_keys(['example_bash_operator']) retrieved from /home/airflow/sandbox/lib/python3.8/site-packages/airflow/example_dags/example_bash_operator.py
[2022-03-21 05:48:05,455] {logging_mixin.py:104} INFO - [2022-03-21 05:48:05,455] {dag.py:1832} INFO - Sync 1 DAGs
[2022-03-21 05:48:05,668] {logging_mixin.py:104} INFO - [2022-03-21 05:48:05,668] {dag.py:2305} INFO - Setting next_dagrun for example_bash_operator to 2022-03-19 00:00:00+00:00
[2022-03-21 05:48:05,731] {scheduler_job.py:190} INFO - Processing /home/airflow/sandbox/lib/python3.8/site-packages/airflow/example_dags/example_bash_operator.py took 0.799 seconds
[2022-03-21 05:48:53,197] {scheduler_job.py:182} INFO - Started process (PID=12032) to work on /home/airflow/sandbox/lib/python3.8/site-packages/airflow/example_dags/example_bash_operator.py
[2022-03-21 05:48:53,200] {scheduler_job.py:633} INFO - Processing file /home/airflow/sandbox/lib/python3.8/site-packages/airflow/example_dags/example_bash_operator.py for tasks to queue
[2022-03-21 05:48:53,202] {logging_mixin.py:104} INFO - [2022-03-21 05:48:53,202] {dagbag.py:487} INFO - Filling up the DagBag from /home/airflow/sandbox/lib/python3.8/site-packages/airflow/example_dags/example_bash_operator.py
[2022-03-21 05:48:53,221] {scheduler_job.py:643} INFO - DAG(s) dict_keys(['example_bash_operator']) retrieved from /home/airflow/sandbox/lib/python3.8/site-packages/airflow/example_dags/example_bash_operator.py
[2022-03-21 05:48:53,255] {logging_mixin.py:104} INFO - [2022-03-21 05:48:53,255] {dag.py:1832} INFO - Sync 1 DAGs
[2022-03-21 05:48:53,288] {logging_mixin.py:104} INFO - [2022-03-21 05:48:53,288] {dag.py:2305} INFO - Setting next_dagrun for example_bash_operator to 2022-03-19 00:00:00+00:00
[2022-03-21 05:48:53,330] {scheduler_job.py:190} INFO - Processing /home/airflow/sandbox/lib/python3.8/site-packages/airflow/example_dags/example_bash_operator.py took 0.142 seconds
[2022-03-21 05:49:41,889] {scheduler_job.py:182} INFO - Started process (PID=12075) to work on /home/airflow/sandbox/lib/python3.8/site-packages/airflow/example_dags/example_bash_operator.py
[2022-03-21 05:49:41,891] {scheduler_job.py:633} INFO - Processing file /home/airflow/sandbox/lib/python3.8/site-packages/airflow/example_dags/example_bash_operator.py for tasks to queue
[2022-03-21 05:49:41,892] {logging_mixin.py:104} INFO - [2022-03-21 05:49:41,892] {dagbag.py:487} INFO - Filling up the DagBag from /home/airflow/sandbox/lib/python3.8/site-packages/airflow/example_dags/example_bash_operator.py
[2022-03-21 05:49:41,913] {scheduler_job.py:643} INFO - DAG(s) dict_keys(['example_bash_operator']) retrieved from /home/airflow/sandbox/lib/python3.8/site-packages/airflow/example_dags/example_bash_operator.py
[2022-03-21 05:49:41,966] {logging_mixin.py:104} INFO - [2022-03-21 05:49:41,966] {dag.py:1832} INFO - Sync 1 DAGs
[2022-03-21 05:49:42,019] {logging_mixin.py:104} INFO - [2022-03-21 05:49:42,018] {dag.py:2305} INFO - Setting next_dagrun for example_bash_operator to 2022-03-19 00:00:00+00:00
[2022-03-21 05:49:42,070] {scheduler_job.py:190} INFO - Processing /home/airflow/sandbox/lib/python3.8/site-packages/airflow/example_dags/example_bash_operator.py took 0.192 seconds
[2022-03-21 05:50:33,994] {scheduler_job.py:182} INFO - Started process (PID=12381) to work on /home/airflow/sandbox/lib/python3.8/site-packages/airflow/example_dags/example_bash_operator.py
[2022-03-21 05:50:34,000] {scheduler_job.py:633} INFO - Processing file /home/airflow/sandbox/lib/python3.8/site-packages/airflow/example_dags/example_bash_operator.py for tasks to queue
[2022-03-21 05:50:34,002] {logging_mixin.py:104} INFO - [2022-03-21 05:50:34,001] {dagbag.py:487} INFO - Filling up the DagBag from /home/airflow/sandbox/lib/python3.8/site-packages/airflow/example_dags/example_bash_operator.py
[2022-03-21 05:50:34,019] {scheduler_job.py:643} INFO - DAG(s) dict_keys(['example_bash_operator']) retrieved from /home/airflow/sandbox/lib/python3.8/site-packages/airflow/example_dags/example_bash_operator.py
[2022-03-21 05:50:34,051] {logging_mixin.py:104} INFO - [2022-03-21 05:50:34,051] {dag.py:1832} INFO - Sync 1 DAGs
[2022-03-21 05:50:34,079] {logging_mixin.py:104} INFO - [2022-03-21 05:50:34,079] {dag.py:2305} INFO - Setting next_dagrun for example_bash_operator to 2022-03-19 00:00:00+00:00
[2022-03-21 05:50:34,164] {scheduler_job.py:190} INFO - Processing /home/airflow/sandbox/lib/python3.8/site-packages/airflow/example_dags/example_bash_operator.py took 0.178 seconds
