[2022-03-21 05:14:57,678] {scheduler_job.py:182} INFO - Started process (PID=8199) to work on /home/airflow/sandbox/lib/python3.8/site-packages/airflow/example_dags/example_branch_day_of_week_operator.py
[2022-03-21 05:14:57,680] {scheduler_job.py:633} INFO - Processing file /home/airflow/sandbox/lib/python3.8/site-packages/airflow/example_dags/example_branch_day_of_week_operator.py for tasks to queue
[2022-03-21 05:14:57,681] {logging_mixin.py:104} INFO - [2022-03-21 05:14:57,681] {dagbag.py:487} INFO - Filling up the DagBag from /home/airflow/sandbox/lib/python3.8/site-packages/airflow/example_dags/example_branch_day_of_week_operator.py
[2022-03-21 05:14:57,696] {scheduler_job.py:643} INFO - DAG(s) dict_keys(['example_weekday_branch_operator']) retrieved from /home/airflow/sandbox/lib/python3.8/site-packages/airflow/example_dags/example_branch_day_of_week_operator.py
[2022-03-21 05:14:58,309] {logging_mixin.py:104} INFO - [2022-03-21 05:14:58,294] {dag.py:1832} INFO - Sync 1 DAGs
[2022-03-21 05:14:58,330] {logging_mixin.py:104} INFO - [2022-03-21 05:14:58,330] {dag.py:2305} INFO - Setting next_dagrun for example_weekday_branch_operator to 2022-03-19 00:00:00+00:00
[2022-03-21 05:14:58,462] {scheduler_job.py:190} INFO - Processing /home/airflow/sandbox/lib/python3.8/site-packages/airflow/example_dags/example_branch_day_of_week_operator.py took 0.795 seconds
[2022-03-21 05:16:26,462] {scheduler_job.py:182} INFO - Started process (PID=8804) to work on /home/airflow/sandbox/lib/python3.8/site-packages/airflow/example_dags/example_branch_day_of_week_operator.py
[2022-03-21 05:16:26,477] {scheduler_job.py:633} INFO - Processing file /home/airflow/sandbox/lib/python3.8/site-packages/airflow/example_dags/example_branch_day_of_week_operator.py for tasks to queue
[2022-03-21 05:16:26,479] {logging_mixin.py:104} INFO - [2022-03-21 05:16:26,479] {dagbag.py:487} INFO - Filling up the DagBag from /home/airflow/sandbox/lib/python3.8/site-packages/airflow/example_dags/example_branch_day_of_week_operator.py
[2022-03-21 05:16:26,501] {scheduler_job.py:643} INFO - DAG(s) dict_keys(['example_weekday_branch_operator']) retrieved from /home/airflow/sandbox/lib/python3.8/site-packages/airflow/example_dags/example_branch_day_of_week_operator.py
[2022-03-21 05:16:26,533] {logging_mixin.py:104} INFO - [2022-03-21 05:16:26,533] {dag.py:1832} INFO - Sync 1 DAGs
[2022-03-21 05:16:26,564] {logging_mixin.py:104} INFO - [2022-03-21 05:16:26,561] {dag.py:2305} INFO - Setting next_dagrun for example_weekday_branch_operator to 2022-03-19 00:00:00+00:00
[2022-03-21 05:16:26,655] {scheduler_job.py:190} INFO - Processing /home/airflow/sandbox/lib/python3.8/site-packages/airflow/example_dags/example_branch_day_of_week_operator.py took 0.214 seconds
[2022-03-21 05:17:17,896] {scheduler_job.py:182} INFO - Started process (PID=9039) to work on /home/airflow/sandbox/lib/python3.8/site-packages/airflow/example_dags/example_branch_day_of_week_operator.py
[2022-03-21 05:17:17,898] {scheduler_job.py:633} INFO - Processing file /home/airflow/sandbox/lib/python3.8/site-packages/airflow/example_dags/example_branch_day_of_week_operator.py for tasks to queue
[2022-03-21 05:17:17,900] {logging_mixin.py:104} INFO - [2022-03-21 05:17:17,899] {dagbag.py:487} INFO - Filling up the DagBag from /home/airflow/sandbox/lib/python3.8/site-packages/airflow/example_dags/example_branch_day_of_week_operator.py
[2022-03-21 05:17:17,913] {scheduler_job.py:643} INFO - DAG(s) dict_keys(['example_weekday_branch_operator']) retrieved from /home/airflow/sandbox/lib/python3.8/site-packages/airflow/example_dags/example_branch_day_of_week_operator.py
[2022-03-21 05:17:17,944] {logging_mixin.py:104} INFO - [2022-03-21 05:17:17,943] {dag.py:1832} INFO - Sync 1 DAGs
[2022-03-21 05:17:17,973] {logging_mixin.py:104} INFO - [2022-03-21 05:17:17,973] {dag.py:2305} INFO - Setting next_dagrun for example_weekday_branch_operator to 2022-03-19 00:00:00+00:00
[2022-03-21 05:17:18,006] {scheduler_job.py:190} INFO - Processing /home/airflow/sandbox/lib/python3.8/site-packages/airflow/example_dags/example_branch_day_of_week_operator.py took 0.119 seconds
[2022-03-21 05:18:00,961] {scheduler_job.py:182} INFO - Started process (PID=9163) to work on /home/airflow/sandbox/lib/python3.8/site-packages/airflow/example_dags/example_branch_day_of_week_operator.py
[2022-03-21 05:18:00,969] {scheduler_job.py:633} INFO - Processing file /home/airflow/sandbox/lib/python3.8/site-packages/airflow/example_dags/example_branch_day_of_week_operator.py for tasks to queue
[2022-03-21 05:18:00,971] {logging_mixin.py:104} INFO - [2022-03-21 05:18:00,971] {dagbag.py:487} INFO - Filling up the DagBag from /home/airflow/sandbox/lib/python3.8/site-packages/airflow/example_dags/example_branch_day_of_week_operator.py
[2022-03-21 05:18:00,994] {scheduler_job.py:643} INFO - DAG(s) dict_keys(['example_weekday_branch_operator']) retrieved from /home/airflow/sandbox/lib/python3.8/site-packages/airflow/example_dags/example_branch_day_of_week_operator.py
[2022-03-21 05:18:01,030] {logging_mixin.py:104} INFO - [2022-03-21 05:18:01,030] {dag.py:1832} INFO - Sync 1 DAGs
[2022-03-21 05:18:01,066] {logging_mixin.py:104} INFO - [2022-03-21 05:18:01,066] {dag.py:2305} INFO - Setting next_dagrun for example_weekday_branch_operator to 2022-03-19 00:00:00+00:00
[2022-03-21 05:18:01,110] {scheduler_job.py:190} INFO - Processing /home/airflow/sandbox/lib/python3.8/site-packages/airflow/example_dags/example_branch_day_of_week_operator.py took 0.157 seconds
[2022-03-21 05:18:54,223] {scheduler_job.py:182} INFO - Started process (PID=9261) to work on /home/airflow/sandbox/lib/python3.8/site-packages/airflow/example_dags/example_branch_day_of_week_operator.py
[2022-03-21 05:18:54,226] {scheduler_job.py:633} INFO - Processing file /home/airflow/sandbox/lib/python3.8/site-packages/airflow/example_dags/example_branch_day_of_week_operator.py for tasks to queue
[2022-03-21 05:18:54,227] {logging_mixin.py:104} INFO - [2022-03-21 05:18:54,227] {dagbag.py:487} INFO - Filling up the DagBag from /home/airflow/sandbox/lib/python3.8/site-packages/airflow/example_dags/example_branch_day_of_week_operator.py
[2022-03-21 05:18:54,244] {scheduler_job.py:643} INFO - DAG(s) dict_keys(['example_weekday_branch_operator']) retrieved from /home/airflow/sandbox/lib/python3.8/site-packages/airflow/example_dags/example_branch_day_of_week_operator.py
[2022-03-21 05:18:54,276] {logging_mixin.py:104} INFO - [2022-03-21 05:18:54,275] {dag.py:1832} INFO - Sync 1 DAGs
[2022-03-21 05:18:54,302] {logging_mixin.py:104} INFO - [2022-03-21 05:18:54,301] {dag.py:2305} INFO - Setting next_dagrun for example_weekday_branch_operator to 2022-03-19 00:00:00+00:00
[2022-03-21 05:18:54,342] {scheduler_job.py:190} INFO - Processing /home/airflow/sandbox/lib/python3.8/site-packages/airflow/example_dags/example_branch_day_of_week_operator.py took 0.128 seconds
[2022-03-21 05:19:38,456] {scheduler_job.py:182} INFO - Started process (PID=9295) to work on /home/airflow/sandbox/lib/python3.8/site-packages/airflow/example_dags/example_branch_day_of_week_operator.py
[2022-03-21 05:19:38,458] {scheduler_job.py:633} INFO - Processing file /home/airflow/sandbox/lib/python3.8/site-packages/airflow/example_dags/example_branch_day_of_week_operator.py for tasks to queue
[2022-03-21 05:19:38,460] {logging_mixin.py:104} INFO - [2022-03-21 05:19:38,460] {dagbag.py:487} INFO - Filling up the DagBag from /home/airflow/sandbox/lib/python3.8/site-packages/airflow/example_dags/example_branch_day_of_week_operator.py
[2022-03-21 05:19:38,476] {scheduler_job.py:643} INFO - DAG(s) dict_keys(['example_weekday_branch_operator']) retrieved from /home/airflow/sandbox/lib/python3.8/site-packages/airflow/example_dags/example_branch_day_of_week_operator.py
[2022-03-21 05:19:38,507] {logging_mixin.py:104} INFO - [2022-03-21 05:19:38,507] {dag.py:1832} INFO - Sync 1 DAGs
[2022-03-21 05:19:38,534] {logging_mixin.py:104} INFO - [2022-03-21 05:19:38,533] {dag.py:2305} INFO - Setting next_dagrun for example_weekday_branch_operator to 2022-03-19 00:00:00+00:00
[2022-03-21 05:19:38,570] {scheduler_job.py:190} INFO - Processing /home/airflow/sandbox/lib/python3.8/site-packages/airflow/example_dags/example_branch_day_of_week_operator.py took 0.120 seconds
[2022-03-21 05:20:23,280] {scheduler_job.py:182} INFO - Started process (PID=9333) to work on /home/airflow/sandbox/lib/python3.8/site-packages/airflow/example_dags/example_branch_day_of_week_operator.py
[2022-03-21 05:20:23,292] {scheduler_job.py:633} INFO - Processing file /home/airflow/sandbox/lib/python3.8/site-packages/airflow/example_dags/example_branch_day_of_week_operator.py for tasks to queue
[2022-03-21 05:20:23,297] {logging_mixin.py:104} INFO - [2022-03-21 05:20:23,297] {dagbag.py:487} INFO - Filling up the DagBag from /home/airflow/sandbox/lib/python3.8/site-packages/airflow/example_dags/example_branch_day_of_week_operator.py
[2022-03-21 05:20:23,332] {scheduler_job.py:643} INFO - DAG(s) dict_keys(['example_weekday_branch_operator']) retrieved from /home/airflow/sandbox/lib/python3.8/site-packages/airflow/example_dags/example_branch_day_of_week_operator.py
[2022-03-21 05:20:23,377] {logging_mixin.py:104} INFO - [2022-03-21 05:20:23,377] {dag.py:1832} INFO - Sync 1 DAGs
[2022-03-21 05:20:23,416] {logging_mixin.py:104} INFO - [2022-03-21 05:20:23,416] {dag.py:2305} INFO - Setting next_dagrun for example_weekday_branch_operator to 2022-03-19 00:00:00+00:00
[2022-03-21 05:20:23,457] {scheduler_job.py:190} INFO - Processing /home/airflow/sandbox/lib/python3.8/site-packages/airflow/example_dags/example_branch_day_of_week_operator.py took 0.184 seconds
[2022-03-21 05:21:15,482] {scheduler_job.py:182} INFO - Started process (PID=9419) to work on /home/airflow/sandbox/lib/python3.8/site-packages/airflow/example_dags/example_branch_day_of_week_operator.py
[2022-03-21 05:21:15,485] {scheduler_job.py:633} INFO - Processing file /home/airflow/sandbox/lib/python3.8/site-packages/airflow/example_dags/example_branch_day_of_week_operator.py for tasks to queue
[2022-03-21 05:21:15,486] {logging_mixin.py:104} INFO - [2022-03-21 05:21:15,486] {dagbag.py:487} INFO - Filling up the DagBag from /home/airflow/sandbox/lib/python3.8/site-packages/airflow/example_dags/example_branch_day_of_week_operator.py
[2022-03-21 05:21:15,501] {scheduler_job.py:643} INFO - DAG(s) dict_keys(['example_weekday_branch_operator']) retrieved from /home/airflow/sandbox/lib/python3.8/site-packages/airflow/example_dags/example_branch_day_of_week_operator.py
[2022-03-21 05:21:15,540] {logging_mixin.py:104} INFO - [2022-03-21 05:21:15,540] {dag.py:1832} INFO - Sync 1 DAGs
[2022-03-21 05:21:15,588] {logging_mixin.py:104} INFO - [2022-03-21 05:21:15,588] {dag.py:2305} INFO - Setting next_dagrun for example_weekday_branch_operator to 2022-03-19 00:00:00+00:00
[2022-03-21 05:21:15,630] {scheduler_job.py:190} INFO - Processing /home/airflow/sandbox/lib/python3.8/site-packages/airflow/example_dags/example_branch_day_of_week_operator.py took 0.157 seconds
[2022-03-21 05:22:00,472] {scheduler_job.py:182} INFO - Started process (PID=9453) to work on /home/airflow/sandbox/lib/python3.8/site-packages/airflow/example_dags/example_branch_day_of_week_operator.py
[2022-03-21 05:22:00,474] {scheduler_job.py:633} INFO - Processing file /home/airflow/sandbox/lib/python3.8/site-packages/airflow/example_dags/example_branch_day_of_week_operator.py for tasks to queue
[2022-03-21 05:22:00,475] {logging_mixin.py:104} INFO - [2022-03-21 05:22:00,475] {dagbag.py:487} INFO - Filling up the DagBag from /home/airflow/sandbox/lib/python3.8/site-packages/airflow/example_dags/example_branch_day_of_week_operator.py
[2022-03-21 05:22:00,494] {scheduler_job.py:643} INFO - DAG(s) dict_keys(['example_weekday_branch_operator']) retrieved from /home/airflow/sandbox/lib/python3.8/site-packages/airflow/example_dags/example_branch_day_of_week_operator.py
[2022-03-21 05:22:00,531] {logging_mixin.py:104} INFO - [2022-03-21 05:22:00,530] {dag.py:1832} INFO - Sync 1 DAGs
[2022-03-21 05:22:00,581] {logging_mixin.py:104} INFO - [2022-03-21 05:22:00,581] {dag.py:2305} INFO - Setting next_dagrun for example_weekday_branch_operator to 2022-03-19 00:00:00+00:00
[2022-03-21 05:22:00,634] {scheduler_job.py:190} INFO - Processing /home/airflow/sandbox/lib/python3.8/site-packages/airflow/example_dags/example_branch_day_of_week_operator.py took 0.172 seconds
[2022-03-21 05:22:44,286] {scheduler_job.py:182} INFO - Started process (PID=9486) to work on /home/airflow/sandbox/lib/python3.8/site-packages/airflow/example_dags/example_branch_day_of_week_operator.py
[2022-03-21 05:22:44,289] {scheduler_job.py:633} INFO - Processing file /home/airflow/sandbox/lib/python3.8/site-packages/airflow/example_dags/example_branch_day_of_week_operator.py for tasks to queue
[2022-03-21 05:22:44,290] {logging_mixin.py:104} INFO - [2022-03-21 05:22:44,290] {dagbag.py:487} INFO - Filling up the DagBag from /home/airflow/sandbox/lib/python3.8/site-packages/airflow/example_dags/example_branch_day_of_week_operator.py
[2022-03-21 05:22:44,311] {scheduler_job.py:643} INFO - DAG(s) dict_keys(['example_weekday_branch_operator']) retrieved from /home/airflow/sandbox/lib/python3.8/site-packages/airflow/example_dags/example_branch_day_of_week_operator.py
[2022-03-21 05:22:44,345] {logging_mixin.py:104} INFO - [2022-03-21 05:22:44,345] {dag.py:1832} INFO - Sync 1 DAGs
[2022-03-21 05:22:44,372] {logging_mixin.py:104} INFO - [2022-03-21 05:22:44,372] {dag.py:2305} INFO - Setting next_dagrun for example_weekday_branch_operator to 2022-03-19 00:00:00+00:00
[2022-03-21 05:22:44,416] {scheduler_job.py:190} INFO - Processing /home/airflow/sandbox/lib/python3.8/site-packages/airflow/example_dags/example_branch_day_of_week_operator.py took 0.138 seconds
[2022-03-21 05:23:25,730] {scheduler_job.py:182} INFO - Started process (PID=9520) to work on /home/airflow/sandbox/lib/python3.8/site-packages/airflow/example_dags/example_branch_day_of_week_operator.py
[2022-03-21 05:23:25,736] {scheduler_job.py:633} INFO - Processing file /home/airflow/sandbox/lib/python3.8/site-packages/airflow/example_dags/example_branch_day_of_week_operator.py for tasks to queue
[2022-03-21 05:23:25,737] {logging_mixin.py:104} INFO - [2022-03-21 05:23:25,737] {dagbag.py:487} INFO - Filling up the DagBag from /home/airflow/sandbox/lib/python3.8/site-packages/airflow/example_dags/example_branch_day_of_week_operator.py
[2022-03-21 05:23:25,751] {scheduler_job.py:643} INFO - DAG(s) dict_keys(['example_weekday_branch_operator']) retrieved from /home/airflow/sandbox/lib/python3.8/site-packages/airflow/example_dags/example_branch_day_of_week_operator.py
[2022-03-21 05:23:25,784] {logging_mixin.py:104} INFO - [2022-03-21 05:23:25,784] {dag.py:1832} INFO - Sync 1 DAGs
[2022-03-21 05:23:25,816] {logging_mixin.py:104} INFO - [2022-03-21 05:23:25,816] {dag.py:2305} INFO - Setting next_dagrun for example_weekday_branch_operator to 2022-03-19 00:00:00+00:00
[2022-03-21 05:23:25,852] {scheduler_job.py:190} INFO - Processing /home/airflow/sandbox/lib/python3.8/site-packages/airflow/example_dags/example_branch_day_of_week_operator.py took 0.128 seconds
[2022-03-21 05:24:06,308] {scheduler_job.py:182} INFO - Started process (PID=9553) to work on /home/airflow/sandbox/lib/python3.8/site-packages/airflow/example_dags/example_branch_day_of_week_operator.py
[2022-03-21 05:24:06,310] {scheduler_job.py:633} INFO - Processing file /home/airflow/sandbox/lib/python3.8/site-packages/airflow/example_dags/example_branch_day_of_week_operator.py for tasks to queue
[2022-03-21 05:24:06,312] {logging_mixin.py:104} INFO - [2022-03-21 05:24:06,312] {dagbag.py:487} INFO - Filling up the DagBag from /home/airflow/sandbox/lib/python3.8/site-packages/airflow/example_dags/example_branch_day_of_week_operator.py
[2022-03-21 05:24:06,327] {scheduler_job.py:643} INFO - DAG(s) dict_keys(['example_weekday_branch_operator']) retrieved from /home/airflow/sandbox/lib/python3.8/site-packages/airflow/example_dags/example_branch_day_of_week_operator.py
[2022-03-21 05:24:06,370] {logging_mixin.py:104} INFO - [2022-03-21 05:24:06,370] {dag.py:1832} INFO - Sync 1 DAGs
[2022-03-21 05:24:06,424] {logging_mixin.py:104} INFO - [2022-03-21 05:24:06,424] {dag.py:2305} INFO - Setting next_dagrun for example_weekday_branch_operator to 2022-03-19 00:00:00+00:00
[2022-03-21 05:24:06,523] {scheduler_job.py:190} INFO - Processing /home/airflow/sandbox/lib/python3.8/site-packages/airflow/example_dags/example_branch_day_of_week_operator.py took 0.220 seconds
[2022-03-21 05:25:01,335] {scheduler_job.py:182} INFO - Started process (PID=9593) to work on /home/airflow/sandbox/lib/python3.8/site-packages/airflow/example_dags/example_branch_day_of_week_operator.py
[2022-03-21 05:25:01,338] {scheduler_job.py:633} INFO - Processing file /home/airflow/sandbox/lib/python3.8/site-packages/airflow/example_dags/example_branch_day_of_week_operator.py for tasks to queue
[2022-03-21 05:25:01,339] {logging_mixin.py:104} INFO - [2022-03-21 05:25:01,339] {dagbag.py:487} INFO - Filling up the DagBag from /home/airflow/sandbox/lib/python3.8/site-packages/airflow/example_dags/example_branch_day_of_week_operator.py
[2022-03-21 05:25:01,363] {scheduler_job.py:643} INFO - DAG(s) dict_keys(['example_weekday_branch_operator']) retrieved from /home/airflow/sandbox/lib/python3.8/site-packages/airflow/example_dags/example_branch_day_of_week_operator.py
[2022-03-21 05:25:01,403] {logging_mixin.py:104} INFO - [2022-03-21 05:25:01,403] {dag.py:1832} INFO - Sync 1 DAGs
[2022-03-21 05:25:01,447] {logging_mixin.py:104} INFO - [2022-03-21 05:25:01,447] {dag.py:2305} INFO - Setting next_dagrun for example_weekday_branch_operator to 2022-03-19 00:00:00+00:00
[2022-03-21 05:25:01,491] {scheduler_job.py:190} INFO - Processing /home/airflow/sandbox/lib/python3.8/site-packages/airflow/example_dags/example_branch_day_of_week_operator.py took 0.164 seconds
[2022-03-21 05:25:47,112] {scheduler_job.py:182} INFO - Started process (PID=9684) to work on /home/airflow/sandbox/lib/python3.8/site-packages/airflow/example_dags/example_branch_day_of_week_operator.py
[2022-03-21 05:25:47,121] {scheduler_job.py:633} INFO - Processing file /home/airflow/sandbox/lib/python3.8/site-packages/airflow/example_dags/example_branch_day_of_week_operator.py for tasks to queue
[2022-03-21 05:25:47,126] {logging_mixin.py:104} INFO - [2022-03-21 05:25:47,126] {dagbag.py:487} INFO - Filling up the DagBag from /home/airflow/sandbox/lib/python3.8/site-packages/airflow/example_dags/example_branch_day_of_week_operator.py
[2022-03-21 05:25:47,144] {scheduler_job.py:643} INFO - DAG(s) dict_keys(['example_weekday_branch_operator']) retrieved from /home/airflow/sandbox/lib/python3.8/site-packages/airflow/example_dags/example_branch_day_of_week_operator.py
[2022-03-21 05:25:47,176] {logging_mixin.py:104} INFO - [2022-03-21 05:25:47,175] {dag.py:1832} INFO - Sync 1 DAGs
[2022-03-21 05:25:47,307] {logging_mixin.py:104} INFO - [2022-03-21 05:25:47,307] {dag.py:2305} INFO - Setting next_dagrun for example_weekday_branch_operator to 2022-03-19 00:00:00+00:00
[2022-03-21 05:25:47,339] {scheduler_job.py:190} INFO - Processing /home/airflow/sandbox/lib/python3.8/site-packages/airflow/example_dags/example_branch_day_of_week_operator.py took 0.233 seconds
[2022-03-21 05:26:37,168] {scheduler_job.py:182} INFO - Started process (PID=9719) to work on /home/airflow/sandbox/lib/python3.8/site-packages/airflow/example_dags/example_branch_day_of_week_operator.py
[2022-03-21 05:26:37,171] {scheduler_job.py:633} INFO - Processing file /home/airflow/sandbox/lib/python3.8/site-packages/airflow/example_dags/example_branch_day_of_week_operator.py for tasks to queue
[2022-03-21 05:26:37,172] {logging_mixin.py:104} INFO - [2022-03-21 05:26:37,172] {dagbag.py:487} INFO - Filling up the DagBag from /home/airflow/sandbox/lib/python3.8/site-packages/airflow/example_dags/example_branch_day_of_week_operator.py
[2022-03-21 05:26:37,193] {scheduler_job.py:643} INFO - DAG(s) dict_keys(['example_weekday_branch_operator']) retrieved from /home/airflow/sandbox/lib/python3.8/site-packages/airflow/example_dags/example_branch_day_of_week_operator.py
[2022-03-21 05:26:37,235] {logging_mixin.py:104} INFO - [2022-03-21 05:26:37,235] {dag.py:1832} INFO - Sync 1 DAGs
[2022-03-21 05:26:37,386] {logging_mixin.py:104} INFO - [2022-03-21 05:26:37,386] {dag.py:2305} INFO - Setting next_dagrun for example_weekday_branch_operator to 2022-03-19 00:00:00+00:00
[2022-03-21 05:26:37,459] {scheduler_job.py:190} INFO - Processing /home/airflow/sandbox/lib/python3.8/site-packages/airflow/example_dags/example_branch_day_of_week_operator.py took 0.301 seconds
[2022-03-21 05:27:28,755] {scheduler_job.py:182} INFO - Started process (PID=9755) to work on /home/airflow/sandbox/lib/python3.8/site-packages/airflow/example_dags/example_branch_day_of_week_operator.py
[2022-03-21 05:27:28,758] {scheduler_job.py:633} INFO - Processing file /home/airflow/sandbox/lib/python3.8/site-packages/airflow/example_dags/example_branch_day_of_week_operator.py for tasks to queue
[2022-03-21 05:27:28,760] {logging_mixin.py:104} INFO - [2022-03-21 05:27:28,760] {dagbag.py:487} INFO - Filling up the DagBag from /home/airflow/sandbox/lib/python3.8/site-packages/airflow/example_dags/example_branch_day_of_week_operator.py
[2022-03-21 05:27:28,793] {scheduler_job.py:643} INFO - DAG(s) dict_keys(['example_weekday_branch_operator']) retrieved from /home/airflow/sandbox/lib/python3.8/site-packages/airflow/example_dags/example_branch_day_of_week_operator.py
[2022-03-21 05:27:28,867] {logging_mixin.py:104} INFO - [2022-03-21 05:27:28,863] {dag.py:1832} INFO - Sync 1 DAGs
[2022-03-21 05:27:29,020] {logging_mixin.py:104} INFO - [2022-03-21 05:27:29,020] {dag.py:2305} INFO - Setting next_dagrun for example_weekday_branch_operator to 2022-03-19 00:00:00+00:00
[2022-03-21 05:27:29,091] {scheduler_job.py:190} INFO - Processing /home/airflow/sandbox/lib/python3.8/site-packages/airflow/example_dags/example_branch_day_of_week_operator.py took 0.348 seconds
[2022-03-21 05:28:21,086] {scheduler_job.py:182} INFO - Started process (PID=9792) to work on /home/airflow/sandbox/lib/python3.8/site-packages/airflow/example_dags/example_branch_day_of_week_operator.py
[2022-03-21 05:28:21,089] {scheduler_job.py:633} INFO - Processing file /home/airflow/sandbox/lib/python3.8/site-packages/airflow/example_dags/example_branch_day_of_week_operator.py for tasks to queue
[2022-03-21 05:28:21,091] {logging_mixin.py:104} INFO - [2022-03-21 05:28:21,090] {dagbag.py:487} INFO - Filling up the DagBag from /home/airflow/sandbox/lib/python3.8/site-packages/airflow/example_dags/example_branch_day_of_week_operator.py
[2022-03-21 05:28:21,109] {scheduler_job.py:643} INFO - DAG(s) dict_keys(['example_weekday_branch_operator']) retrieved from /home/airflow/sandbox/lib/python3.8/site-packages/airflow/example_dags/example_branch_day_of_week_operator.py
[2022-03-21 05:28:21,263] {logging_mixin.py:104} INFO - [2022-03-21 05:28:21,263] {dag.py:1832} INFO - Sync 1 DAGs
[2022-03-21 05:28:21,295] {logging_mixin.py:104} INFO - [2022-03-21 05:28:21,295] {dag.py:2305} INFO - Setting next_dagrun for example_weekday_branch_operator to 2022-03-19 00:00:00+00:00
[2022-03-21 05:28:21,348] {scheduler_job.py:190} INFO - Processing /home/airflow/sandbox/lib/python3.8/site-packages/airflow/example_dags/example_branch_day_of_week_operator.py took 0.270 seconds
[2022-03-21 05:29:10,937] {scheduler_job.py:182} INFO - Started process (PID=9828) to work on /home/airflow/sandbox/lib/python3.8/site-packages/airflow/example_dags/example_branch_day_of_week_operator.py
[2022-03-21 05:29:10,942] {scheduler_job.py:633} INFO - Processing file /home/airflow/sandbox/lib/python3.8/site-packages/airflow/example_dags/example_branch_day_of_week_operator.py for tasks to queue
[2022-03-21 05:29:10,944] {logging_mixin.py:104} INFO - [2022-03-21 05:29:10,944] {dagbag.py:487} INFO - Filling up the DagBag from /home/airflow/sandbox/lib/python3.8/site-packages/airflow/example_dags/example_branch_day_of_week_operator.py
[2022-03-21 05:29:11,104] {scheduler_job.py:643} INFO - DAG(s) dict_keys(['example_weekday_branch_operator']) retrieved from /home/airflow/sandbox/lib/python3.8/site-packages/airflow/example_dags/example_branch_day_of_week_operator.py
[2022-03-21 05:29:11,134] {logging_mixin.py:104} INFO - [2022-03-21 05:29:11,134] {dag.py:1832} INFO - Sync 1 DAGs
[2022-03-21 05:29:11,162] {logging_mixin.py:104} INFO - [2022-03-21 05:29:11,162] {dag.py:2305} INFO - Setting next_dagrun for example_weekday_branch_operator to 2022-03-19 00:00:00+00:00
[2022-03-21 05:29:11,202] {scheduler_job.py:190} INFO - Processing /home/airflow/sandbox/lib/python3.8/site-packages/airflow/example_dags/example_branch_day_of_week_operator.py took 0.273 seconds
[2022-03-21 05:30:03,830] {scheduler_job.py:182} INFO - Started process (PID=9866) to work on /home/airflow/sandbox/lib/python3.8/site-packages/airflow/example_dags/example_branch_day_of_week_operator.py
[2022-03-21 05:30:03,833] {scheduler_job.py:633} INFO - Processing file /home/airflow/sandbox/lib/python3.8/site-packages/airflow/example_dags/example_branch_day_of_week_operator.py for tasks to queue
[2022-03-21 05:30:03,834] {logging_mixin.py:104} INFO - [2022-03-21 05:30:03,834] {dagbag.py:487} INFO - Filling up the DagBag from /home/airflow/sandbox/lib/python3.8/site-packages/airflow/example_dags/example_branch_day_of_week_operator.py
[2022-03-21 05:30:04,033] {scheduler_job.py:643} INFO - DAG(s) dict_keys(['example_weekday_branch_operator']) retrieved from /home/airflow/sandbox/lib/python3.8/site-packages/airflow/example_dags/example_branch_day_of_week_operator.py
[2022-03-21 05:30:04,069] {logging_mixin.py:104} INFO - [2022-03-21 05:30:04,069] {dag.py:1832} INFO - Sync 1 DAGs
[2022-03-21 05:30:04,109] {logging_mixin.py:104} INFO - [2022-03-21 05:30:04,108] {dag.py:2305} INFO - Setting next_dagrun for example_weekday_branch_operator to 2022-03-19 00:00:00+00:00
[2022-03-21 05:30:04,176] {scheduler_job.py:190} INFO - Processing /home/airflow/sandbox/lib/python3.8/site-packages/airflow/example_dags/example_branch_day_of_week_operator.py took 0.356 seconds
[2022-03-21 05:31:02,253] {scheduler_job.py:182} INFO - Started process (PID=9963) to work on /home/airflow/sandbox/lib/python3.8/site-packages/airflow/example_dags/example_branch_day_of_week_operator.py
[2022-03-21 05:31:02,256] {scheduler_job.py:633} INFO - Processing file /home/airflow/sandbox/lib/python3.8/site-packages/airflow/example_dags/example_branch_day_of_week_operator.py for tasks to queue
[2022-03-21 05:31:02,265] {logging_mixin.py:104} INFO - [2022-03-21 05:31:02,265] {dagbag.py:487} INFO - Filling up the DagBag from /home/airflow/sandbox/lib/python3.8/site-packages/airflow/example_dags/example_branch_day_of_week_operator.py
[2022-03-21 05:31:02,286] {scheduler_job.py:643} INFO - DAG(s) dict_keys(['example_weekday_branch_operator']) retrieved from /home/airflow/sandbox/lib/python3.8/site-packages/airflow/example_dags/example_branch_day_of_week_operator.py
[2022-03-21 05:31:02,334] {logging_mixin.py:104} INFO - [2022-03-21 05:31:02,334] {dag.py:1832} INFO - Sync 1 DAGs
[2022-03-21 05:31:02,382] {logging_mixin.py:104} INFO - [2022-03-21 05:31:02,382] {dag.py:2305} INFO - Setting next_dagrun for example_weekday_branch_operator to 2022-03-19 00:00:00+00:00
[2022-03-21 05:31:02,431] {scheduler_job.py:190} INFO - Processing /home/airflow/sandbox/lib/python3.8/site-packages/airflow/example_dags/example_branch_day_of_week_operator.py took 0.187 seconds
[2022-03-21 05:31:47,272] {scheduler_job.py:182} INFO - Started process (PID=9998) to work on /home/airflow/sandbox/lib/python3.8/site-packages/airflow/example_dags/example_branch_day_of_week_operator.py
[2022-03-21 05:31:47,274] {scheduler_job.py:633} INFO - Processing file /home/airflow/sandbox/lib/python3.8/site-packages/airflow/example_dags/example_branch_day_of_week_operator.py for tasks to queue
[2022-03-21 05:31:47,275] {logging_mixin.py:104} INFO - [2022-03-21 05:31:47,275] {dagbag.py:487} INFO - Filling up the DagBag from /home/airflow/sandbox/lib/python3.8/site-packages/airflow/example_dags/example_branch_day_of_week_operator.py
[2022-03-21 05:31:47,297] {scheduler_job.py:643} INFO - DAG(s) dict_keys(['example_weekday_branch_operator']) retrieved from /home/airflow/sandbox/lib/python3.8/site-packages/airflow/example_dags/example_branch_day_of_week_operator.py
[2022-03-21 05:31:47,329] {logging_mixin.py:104} INFO - [2022-03-21 05:31:47,328] {dag.py:1832} INFO - Sync 1 DAGs
[2022-03-21 05:31:47,359] {logging_mixin.py:104} INFO - [2022-03-21 05:31:47,359] {dag.py:2305} INFO - Setting next_dagrun for example_weekday_branch_operator to 2022-03-19 00:00:00+00:00
[2022-03-21 05:31:47,394] {scheduler_job.py:190} INFO - Processing /home/airflow/sandbox/lib/python3.8/site-packages/airflow/example_dags/example_branch_day_of_week_operator.py took 0.131 seconds
[2022-03-21 05:32:41,141] {scheduler_job.py:182} INFO - Started process (PID=10039) to work on /home/airflow/sandbox/lib/python3.8/site-packages/airflow/example_dags/example_branch_day_of_week_operator.py
[2022-03-21 05:32:41,145] {scheduler_job.py:633} INFO - Processing file /home/airflow/sandbox/lib/python3.8/site-packages/airflow/example_dags/example_branch_day_of_week_operator.py for tasks to queue
[2022-03-21 05:32:41,146] {logging_mixin.py:104} INFO - [2022-03-21 05:32:41,146] {dagbag.py:487} INFO - Filling up the DagBag from /home/airflow/sandbox/lib/python3.8/site-packages/airflow/example_dags/example_branch_day_of_week_operator.py
[2022-03-21 05:32:41,161] {scheduler_job.py:643} INFO - DAG(s) dict_keys(['example_weekday_branch_operator']) retrieved from /home/airflow/sandbox/lib/python3.8/site-packages/airflow/example_dags/example_branch_day_of_week_operator.py
[2022-03-21 05:32:41,193] {logging_mixin.py:104} INFO - [2022-03-21 05:32:41,193] {dag.py:1832} INFO - Sync 1 DAGs
[2022-03-21 05:32:41,224] {logging_mixin.py:104} INFO - [2022-03-21 05:32:41,224] {dag.py:2305} INFO - Setting next_dagrun for example_weekday_branch_operator to 2022-03-19 00:00:00+00:00
[2022-03-21 05:32:41,276] {scheduler_job.py:190} INFO - Processing /home/airflow/sandbox/lib/python3.8/site-packages/airflow/example_dags/example_branch_day_of_week_operator.py took 0.141 seconds
[2022-03-21 05:33:25,572] {scheduler_job.py:182} INFO - Started process (PID=10072) to work on /home/airflow/sandbox/lib/python3.8/site-packages/airflow/example_dags/example_branch_day_of_week_operator.py
[2022-03-21 05:33:25,574] {scheduler_job.py:633} INFO - Processing file /home/airflow/sandbox/lib/python3.8/site-packages/airflow/example_dags/example_branch_day_of_week_operator.py for tasks to queue
[2022-03-21 05:33:25,575] {logging_mixin.py:104} INFO - [2022-03-21 05:33:25,575] {dagbag.py:487} INFO - Filling up the DagBag from /home/airflow/sandbox/lib/python3.8/site-packages/airflow/example_dags/example_branch_day_of_week_operator.py
[2022-03-21 05:33:25,589] {scheduler_job.py:643} INFO - DAG(s) dict_keys(['example_weekday_branch_operator']) retrieved from /home/airflow/sandbox/lib/python3.8/site-packages/airflow/example_dags/example_branch_day_of_week_operator.py
[2022-03-21 05:33:25,621] {logging_mixin.py:104} INFO - [2022-03-21 05:33:25,621] {dag.py:1832} INFO - Sync 1 DAGs
[2022-03-21 05:33:25,651] {logging_mixin.py:104} INFO - [2022-03-21 05:33:25,650] {dag.py:2305} INFO - Setting next_dagrun for example_weekday_branch_operator to 2022-03-19 00:00:00+00:00
[2022-03-21 05:33:25,687] {scheduler_job.py:190} INFO - Processing /home/airflow/sandbox/lib/python3.8/site-packages/airflow/example_dags/example_branch_day_of_week_operator.py took 0.122 seconds
[2022-03-21 05:34:09,196] {scheduler_job.py:182} INFO - Started process (PID=10104) to work on /home/airflow/sandbox/lib/python3.8/site-packages/airflow/example_dags/example_branch_day_of_week_operator.py
[2022-03-21 05:34:09,201] {scheduler_job.py:633} INFO - Processing file /home/airflow/sandbox/lib/python3.8/site-packages/airflow/example_dags/example_branch_day_of_week_operator.py for tasks to queue
[2022-03-21 05:34:09,204] {logging_mixin.py:104} INFO - [2022-03-21 05:34:09,203] {dagbag.py:487} INFO - Filling up the DagBag from /home/airflow/sandbox/lib/python3.8/site-packages/airflow/example_dags/example_branch_day_of_week_operator.py
[2022-03-21 05:34:09,219] {scheduler_job.py:643} INFO - DAG(s) dict_keys(['example_weekday_branch_operator']) retrieved from /home/airflow/sandbox/lib/python3.8/site-packages/airflow/example_dags/example_branch_day_of_week_operator.py
[2022-03-21 05:34:09,250] {logging_mixin.py:104} INFO - [2022-03-21 05:34:09,250] {dag.py:1832} INFO - Sync 1 DAGs
[2022-03-21 05:34:09,279] {logging_mixin.py:104} INFO - [2022-03-21 05:34:09,279] {dag.py:2305} INFO - Setting next_dagrun for example_weekday_branch_operator to 2022-03-19 00:00:00+00:00
[2022-03-21 05:34:09,315] {scheduler_job.py:190} INFO - Processing /home/airflow/sandbox/lib/python3.8/site-packages/airflow/example_dags/example_branch_day_of_week_operator.py took 0.131 seconds
[2022-03-21 05:34:55,313] {scheduler_job.py:182} INFO - Started process (PID=10138) to work on /home/airflow/sandbox/lib/python3.8/site-packages/airflow/example_dags/example_branch_day_of_week_operator.py
[2022-03-21 05:34:55,315] {scheduler_job.py:633} INFO - Processing file /home/airflow/sandbox/lib/python3.8/site-packages/airflow/example_dags/example_branch_day_of_week_operator.py for tasks to queue
[2022-03-21 05:34:55,317] {logging_mixin.py:104} INFO - [2022-03-21 05:34:55,317] {dagbag.py:487} INFO - Filling up the DagBag from /home/airflow/sandbox/lib/python3.8/site-packages/airflow/example_dags/example_branch_day_of_week_operator.py
[2022-03-21 05:34:55,334] {scheduler_job.py:643} INFO - DAG(s) dict_keys(['example_weekday_branch_operator']) retrieved from /home/airflow/sandbox/lib/python3.8/site-packages/airflow/example_dags/example_branch_day_of_week_operator.py
[2022-03-21 05:34:55,393] {logging_mixin.py:104} INFO - [2022-03-21 05:34:55,390] {dag.py:1832} INFO - Sync 1 DAGs
[2022-03-21 05:34:55,434] {logging_mixin.py:104} INFO - [2022-03-21 05:34:55,434] {dag.py:2305} INFO - Setting next_dagrun for example_weekday_branch_operator to 2022-03-19 00:00:00+00:00
[2022-03-21 05:34:55,468] {scheduler_job.py:190} INFO - Processing /home/airflow/sandbox/lib/python3.8/site-packages/airflow/example_dags/example_branch_day_of_week_operator.py took 0.162 seconds
[2022-03-21 05:35:41,925] {scheduler_job.py:182} INFO - Started process (PID=10229) to work on /home/airflow/sandbox/lib/python3.8/site-packages/airflow/example_dags/example_branch_day_of_week_operator.py
[2022-03-21 05:35:41,928] {scheduler_job.py:633} INFO - Processing file /home/airflow/sandbox/lib/python3.8/site-packages/airflow/example_dags/example_branch_day_of_week_operator.py for tasks to queue
[2022-03-21 05:35:41,931] {logging_mixin.py:104} INFO - [2022-03-21 05:35:41,930] {dagbag.py:487} INFO - Filling up the DagBag from /home/airflow/sandbox/lib/python3.8/site-packages/airflow/example_dags/example_branch_day_of_week_operator.py
[2022-03-21 05:35:41,967] {scheduler_job.py:643} INFO - DAG(s) dict_keys(['example_weekday_branch_operator']) retrieved from /home/airflow/sandbox/lib/python3.8/site-packages/airflow/example_dags/example_branch_day_of_week_operator.py
[2022-03-21 05:35:42,023] {logging_mixin.py:104} INFO - [2022-03-21 05:35:42,022] {dag.py:1832} INFO - Sync 1 DAGs
[2022-03-21 05:35:42,112] {logging_mixin.py:104} INFO - [2022-03-21 05:35:42,112] {dag.py:2305} INFO - Setting next_dagrun for example_weekday_branch_operator to 2022-03-19 00:00:00+00:00
[2022-03-21 05:35:42,151] {scheduler_job.py:190} INFO - Processing /home/airflow/sandbox/lib/python3.8/site-packages/airflow/example_dags/example_branch_day_of_week_operator.py took 0.256 seconds
[2022-03-21 05:36:30,270] {scheduler_job.py:182} INFO - Started process (PID=10263) to work on /home/airflow/sandbox/lib/python3.8/site-packages/airflow/example_dags/example_branch_day_of_week_operator.py
[2022-03-21 05:36:30,273] {scheduler_job.py:633} INFO - Processing file /home/airflow/sandbox/lib/python3.8/site-packages/airflow/example_dags/example_branch_day_of_week_operator.py for tasks to queue
[2022-03-21 05:36:30,275] {logging_mixin.py:104} INFO - [2022-03-21 05:36:30,274] {dagbag.py:487} INFO - Filling up the DagBag from /home/airflow/sandbox/lib/python3.8/site-packages/airflow/example_dags/example_branch_day_of_week_operator.py
[2022-03-21 05:36:30,294] {scheduler_job.py:643} INFO - DAG(s) dict_keys(['example_weekday_branch_operator']) retrieved from /home/airflow/sandbox/lib/python3.8/site-packages/airflow/example_dags/example_branch_day_of_week_operator.py
[2022-03-21 05:36:30,327] {logging_mixin.py:104} INFO - [2022-03-21 05:36:30,327] {dag.py:1832} INFO - Sync 1 DAGs
[2022-03-21 05:36:30,362] {logging_mixin.py:104} INFO - [2022-03-21 05:36:30,361] {dag.py:2305} INFO - Setting next_dagrun for example_weekday_branch_operator to 2022-03-19 00:00:00+00:00
[2022-03-21 05:36:30,404] {scheduler_job.py:190} INFO - Processing /home/airflow/sandbox/lib/python3.8/site-packages/airflow/example_dags/example_branch_day_of_week_operator.py took 0.143 seconds
[2022-03-21 05:37:14,668] {scheduler_job.py:182} INFO - Started process (PID=10296) to work on /home/airflow/sandbox/lib/python3.8/site-packages/airflow/example_dags/example_branch_day_of_week_operator.py
[2022-03-21 05:37:14,697] {scheduler_job.py:633} INFO - Processing file /home/airflow/sandbox/lib/python3.8/site-packages/airflow/example_dags/example_branch_day_of_week_operator.py for tasks to queue
[2022-03-21 05:37:14,701] {logging_mixin.py:104} INFO - [2022-03-21 05:37:14,700] {dagbag.py:487} INFO - Filling up the DagBag from /home/airflow/sandbox/lib/python3.8/site-packages/airflow/example_dags/example_branch_day_of_week_operator.py
[2022-03-21 05:37:14,796] {scheduler_job.py:643} INFO - DAG(s) dict_keys(['example_weekday_branch_operator']) retrieved from /home/airflow/sandbox/lib/python3.8/site-packages/airflow/example_dags/example_branch_day_of_week_operator.py
[2022-03-21 05:37:14,892] {logging_mixin.py:104} INFO - [2022-03-21 05:37:14,892] {dag.py:1832} INFO - Sync 1 DAGs
[2022-03-21 05:37:15,000] {logging_mixin.py:104} INFO - [2022-03-21 05:37:15,000] {dag.py:2305} INFO - Setting next_dagrun for example_weekday_branch_operator to 2022-03-19 00:00:00+00:00
[2022-03-21 05:37:15,084] {scheduler_job.py:190} INFO - Processing /home/airflow/sandbox/lib/python3.8/site-packages/airflow/example_dags/example_branch_day_of_week_operator.py took 0.437 seconds
[2022-03-21 05:37:59,125] {scheduler_job.py:182} INFO - Started process (PID=10330) to work on /home/airflow/sandbox/lib/python3.8/site-packages/airflow/example_dags/example_branch_day_of_week_operator.py
[2022-03-21 05:37:59,127] {scheduler_job.py:633} INFO - Processing file /home/airflow/sandbox/lib/python3.8/site-packages/airflow/example_dags/example_branch_day_of_week_operator.py for tasks to queue
[2022-03-21 05:37:59,128] {logging_mixin.py:104} INFO - [2022-03-21 05:37:59,128] {dagbag.py:487} INFO - Filling up the DagBag from /home/airflow/sandbox/lib/python3.8/site-packages/airflow/example_dags/example_branch_day_of_week_operator.py
[2022-03-21 05:37:59,159] {scheduler_job.py:643} INFO - DAG(s) dict_keys(['example_weekday_branch_operator']) retrieved from /home/airflow/sandbox/lib/python3.8/site-packages/airflow/example_dags/example_branch_day_of_week_operator.py
[2022-03-21 05:37:59,186] {logging_mixin.py:104} INFO - [2022-03-21 05:37:59,186] {dag.py:1832} INFO - Sync 1 DAGs
[2022-03-21 05:37:59,214] {logging_mixin.py:104} INFO - [2022-03-21 05:37:59,213] {dag.py:2305} INFO - Setting next_dagrun for example_weekday_branch_operator to 2022-03-19 00:00:00+00:00
[2022-03-21 05:37:59,253] {scheduler_job.py:190} INFO - Processing /home/airflow/sandbox/lib/python3.8/site-packages/airflow/example_dags/example_branch_day_of_week_operator.py took 0.136 seconds
[2022-03-21 05:38:40,374] {scheduler_job.py:182} INFO - Started process (PID=10364) to work on /home/airflow/sandbox/lib/python3.8/site-packages/airflow/example_dags/example_branch_day_of_week_operator.py
[2022-03-21 05:38:40,377] {scheduler_job.py:633} INFO - Processing file /home/airflow/sandbox/lib/python3.8/site-packages/airflow/example_dags/example_branch_day_of_week_operator.py for tasks to queue
[2022-03-21 05:38:40,378] {logging_mixin.py:104} INFO - [2022-03-21 05:38:40,378] {dagbag.py:487} INFO - Filling up the DagBag from /home/airflow/sandbox/lib/python3.8/site-packages/airflow/example_dags/example_branch_day_of_week_operator.py
[2022-03-21 05:38:40,393] {scheduler_job.py:643} INFO - DAG(s) dict_keys(['example_weekday_branch_operator']) retrieved from /home/airflow/sandbox/lib/python3.8/site-packages/airflow/example_dags/example_branch_day_of_week_operator.py
[2022-03-21 05:38:40,425] {logging_mixin.py:104} INFO - [2022-03-21 05:38:40,425] {dag.py:1832} INFO - Sync 1 DAGs
[2022-03-21 05:38:40,454] {logging_mixin.py:104} INFO - [2022-03-21 05:38:40,454] {dag.py:2305} INFO - Setting next_dagrun for example_weekday_branch_operator to 2022-03-19 00:00:00+00:00
[2022-03-21 05:38:40,520] {scheduler_job.py:190} INFO - Processing /home/airflow/sandbox/lib/python3.8/site-packages/airflow/example_dags/example_branch_day_of_week_operator.py took 0.156 seconds
[2022-03-21 05:39:25,028] {scheduler_job.py:182} INFO - Started process (PID=10395) to work on /home/airflow/sandbox/lib/python3.8/site-packages/airflow/example_dags/example_branch_day_of_week_operator.py
[2022-03-21 05:39:25,031] {scheduler_job.py:633} INFO - Processing file /home/airflow/sandbox/lib/python3.8/site-packages/airflow/example_dags/example_branch_day_of_week_operator.py for tasks to queue
[2022-03-21 05:39:25,033] {logging_mixin.py:104} INFO - [2022-03-21 05:39:25,032] {dagbag.py:487} INFO - Filling up the DagBag from /home/airflow/sandbox/lib/python3.8/site-packages/airflow/example_dags/example_branch_day_of_week_operator.py
[2022-03-21 05:39:25,049] {scheduler_job.py:643} INFO - DAG(s) dict_keys(['example_weekday_branch_operator']) retrieved from /home/airflow/sandbox/lib/python3.8/site-packages/airflow/example_dags/example_branch_day_of_week_operator.py
[2022-03-21 05:39:25,087] {logging_mixin.py:104} INFO - [2022-03-21 05:39:25,087] {dag.py:1832} INFO - Sync 1 DAGs
[2022-03-21 05:39:25,134] {logging_mixin.py:104} INFO - [2022-03-21 05:39:25,134] {dag.py:2305} INFO - Setting next_dagrun for example_weekday_branch_operator to 2022-03-19 00:00:00+00:00
[2022-03-21 05:39:25,332] {scheduler_job.py:190} INFO - Processing /home/airflow/sandbox/lib/python3.8/site-packages/airflow/example_dags/example_branch_day_of_week_operator.py took 0.310 seconds
[2022-03-21 05:40:08,040] {scheduler_job.py:182} INFO - Started process (PID=10428) to work on /home/airflow/sandbox/lib/python3.8/site-packages/airflow/example_dags/example_branch_day_of_week_operator.py
[2022-03-21 05:40:08,042] {scheduler_job.py:633} INFO - Processing file /home/airflow/sandbox/lib/python3.8/site-packages/airflow/example_dags/example_branch_day_of_week_operator.py for tasks to queue
[2022-03-21 05:40:08,045] {logging_mixin.py:104} INFO - [2022-03-21 05:40:08,045] {dagbag.py:487} INFO - Filling up the DagBag from /home/airflow/sandbox/lib/python3.8/site-packages/airflow/example_dags/example_branch_day_of_week_operator.py
[2022-03-21 05:40:08,062] {scheduler_job.py:643} INFO - DAG(s) dict_keys(['example_weekday_branch_operator']) retrieved from /home/airflow/sandbox/lib/python3.8/site-packages/airflow/example_dags/example_branch_day_of_week_operator.py
[2022-03-21 05:40:08,093] {logging_mixin.py:104} INFO - [2022-03-21 05:40:08,092] {dag.py:1832} INFO - Sync 1 DAGs
[2022-03-21 05:40:08,124] {logging_mixin.py:104} INFO - [2022-03-21 05:40:08,124] {dag.py:2305} INFO - Setting next_dagrun for example_weekday_branch_operator to 2022-03-19 00:00:00+00:00
[2022-03-21 05:40:08,164] {scheduler_job.py:190} INFO - Processing /home/airflow/sandbox/lib/python3.8/site-packages/airflow/example_dags/example_branch_day_of_week_operator.py took 0.130 seconds
[2022-03-21 05:40:51,536] {scheduler_job.py:182} INFO - Started process (PID=10517) to work on /home/airflow/sandbox/lib/python3.8/site-packages/airflow/example_dags/example_branch_day_of_week_operator.py
[2022-03-21 05:40:51,540] {scheduler_job.py:633} INFO - Processing file /home/airflow/sandbox/lib/python3.8/site-packages/airflow/example_dags/example_branch_day_of_week_operator.py for tasks to queue
[2022-03-21 05:40:51,545] {logging_mixin.py:104} INFO - [2022-03-21 05:40:51,545] {dagbag.py:487} INFO - Filling up the DagBag from /home/airflow/sandbox/lib/python3.8/site-packages/airflow/example_dags/example_branch_day_of_week_operator.py
[2022-03-21 05:40:51,561] {scheduler_job.py:643} INFO - DAG(s) dict_keys(['example_weekday_branch_operator']) retrieved from /home/airflow/sandbox/lib/python3.8/site-packages/airflow/example_dags/example_branch_day_of_week_operator.py
[2022-03-21 05:40:51,601] {logging_mixin.py:104} INFO - [2022-03-21 05:40:51,600] {dag.py:1832} INFO - Sync 1 DAGs
[2022-03-21 05:40:51,644] {logging_mixin.py:104} INFO - [2022-03-21 05:40:51,643] {dag.py:2305} INFO - Setting next_dagrun for example_weekday_branch_operator to 2022-03-19 00:00:00+00:00
[2022-03-21 05:40:51,689] {scheduler_job.py:190} INFO - Processing /home/airflow/sandbox/lib/python3.8/site-packages/airflow/example_dags/example_branch_day_of_week_operator.py took 0.161 seconds
[2022-03-21 05:41:37,040] {scheduler_job.py:182} INFO - Started process (PID=10551) to work on /home/airflow/sandbox/lib/python3.8/site-packages/airflow/example_dags/example_branch_day_of_week_operator.py
[2022-03-21 05:41:37,043] {scheduler_job.py:633} INFO - Processing file /home/airflow/sandbox/lib/python3.8/site-packages/airflow/example_dags/example_branch_day_of_week_operator.py for tasks to queue
[2022-03-21 05:41:37,049] {logging_mixin.py:104} INFO - [2022-03-21 05:41:37,049] {dagbag.py:487} INFO - Filling up the DagBag from /home/airflow/sandbox/lib/python3.8/site-packages/airflow/example_dags/example_branch_day_of_week_operator.py
[2022-03-21 05:41:37,084] {scheduler_job.py:643} INFO - DAG(s) dict_keys(['example_weekday_branch_operator']) retrieved from /home/airflow/sandbox/lib/python3.8/site-packages/airflow/example_dags/example_branch_day_of_week_operator.py
[2022-03-21 05:41:37,168] {logging_mixin.py:104} INFO - [2022-03-21 05:41:37,168] {dag.py:1832} INFO - Sync 1 DAGs
[2022-03-21 05:41:37,222] {logging_mixin.py:104} INFO - [2022-03-21 05:41:37,222] {dag.py:2305} INFO - Setting next_dagrun for example_weekday_branch_operator to 2022-03-19 00:00:00+00:00
[2022-03-21 05:41:37,284] {scheduler_job.py:190} INFO - Processing /home/airflow/sandbox/lib/python3.8/site-packages/airflow/example_dags/example_branch_day_of_week_operator.py took 0.271 seconds
[2022-03-21 05:42:23,017] {scheduler_job.py:182} INFO - Started process (PID=10585) to work on /home/airflow/sandbox/lib/python3.8/site-packages/airflow/example_dags/example_branch_day_of_week_operator.py
[2022-03-21 05:42:23,021] {scheduler_job.py:633} INFO - Processing file /home/airflow/sandbox/lib/python3.8/site-packages/airflow/example_dags/example_branch_day_of_week_operator.py for tasks to queue
[2022-03-21 05:42:23,024] {logging_mixin.py:104} INFO - [2022-03-21 05:42:23,024] {dagbag.py:487} INFO - Filling up the DagBag from /home/airflow/sandbox/lib/python3.8/site-packages/airflow/example_dags/example_branch_day_of_week_operator.py
[2022-03-21 05:42:23,050] {scheduler_job.py:643} INFO - DAG(s) dict_keys(['example_weekday_branch_operator']) retrieved from /home/airflow/sandbox/lib/python3.8/site-packages/airflow/example_dags/example_branch_day_of_week_operator.py
[2022-03-21 05:42:23,096] {logging_mixin.py:104} INFO - [2022-03-21 05:42:23,096] {dag.py:1832} INFO - Sync 1 DAGs
[2022-03-21 05:42:23,137] {logging_mixin.py:104} INFO - [2022-03-21 05:42:23,137] {dag.py:2305} INFO - Setting next_dagrun for example_weekday_branch_operator to 2022-03-19 00:00:00+00:00
[2022-03-21 05:42:23,185] {scheduler_job.py:190} INFO - Processing /home/airflow/sandbox/lib/python3.8/site-packages/airflow/example_dags/example_branch_day_of_week_operator.py took 0.177 seconds
[2022-03-21 05:43:15,375] {scheduler_job.py:182} INFO - Started process (PID=10620) to work on /home/airflow/sandbox/lib/python3.8/site-packages/airflow/example_dags/example_branch_day_of_week_operator.py
[2022-03-21 05:43:15,389] {scheduler_job.py:633} INFO - Processing file /home/airflow/sandbox/lib/python3.8/site-packages/airflow/example_dags/example_branch_day_of_week_operator.py for tasks to queue
[2022-03-21 05:43:15,391] {logging_mixin.py:104} INFO - [2022-03-21 05:43:15,391] {dagbag.py:487} INFO - Filling up the DagBag from /home/airflow/sandbox/lib/python3.8/site-packages/airflow/example_dags/example_branch_day_of_week_operator.py
[2022-03-21 05:43:15,418] {scheduler_job.py:643} INFO - DAG(s) dict_keys(['example_weekday_branch_operator']) retrieved from /home/airflow/sandbox/lib/python3.8/site-packages/airflow/example_dags/example_branch_day_of_week_operator.py
[2022-03-21 05:43:15,456] {logging_mixin.py:104} INFO - [2022-03-21 05:43:15,455] {dag.py:1832} INFO - Sync 1 DAGs
[2022-03-21 05:43:15,546] {logging_mixin.py:104} INFO - [2022-03-21 05:43:15,545] {dag.py:2305} INFO - Setting next_dagrun for example_weekday_branch_operator to 2022-03-19 00:00:00+00:00
[2022-03-21 05:43:15,592] {scheduler_job.py:190} INFO - Processing /home/airflow/sandbox/lib/python3.8/site-packages/airflow/example_dags/example_branch_day_of_week_operator.py took 0.234 seconds
[2022-03-21 05:44:13,252] {scheduler_job.py:182} INFO - Started process (PID=10660) to work on /home/airflow/sandbox/lib/python3.8/site-packages/airflow/example_dags/example_branch_day_of_week_operator.py
[2022-03-21 05:44:13,256] {scheduler_job.py:633} INFO - Processing file /home/airflow/sandbox/lib/python3.8/site-packages/airflow/example_dags/example_branch_day_of_week_operator.py for tasks to queue
[2022-03-21 05:44:13,258] {logging_mixin.py:104} INFO - [2022-03-21 05:44:13,257] {dagbag.py:487} INFO - Filling up the DagBag from /home/airflow/sandbox/lib/python3.8/site-packages/airflow/example_dags/example_branch_day_of_week_operator.py
[2022-03-21 05:44:13,276] {scheduler_job.py:643} INFO - DAG(s) dict_keys(['example_weekday_branch_operator']) retrieved from /home/airflow/sandbox/lib/python3.8/site-packages/airflow/example_dags/example_branch_day_of_week_operator.py
[2022-03-21 05:44:13,309] {logging_mixin.py:104} INFO - [2022-03-21 05:44:13,309] {dag.py:1832} INFO - Sync 1 DAGs
[2022-03-21 05:44:13,343] {logging_mixin.py:104} INFO - [2022-03-21 05:44:13,343] {dag.py:2305} INFO - Setting next_dagrun for example_weekday_branch_operator to 2022-03-19 00:00:00+00:00
[2022-03-21 05:44:13,401] {scheduler_job.py:190} INFO - Processing /home/airflow/sandbox/lib/python3.8/site-packages/airflow/example_dags/example_branch_day_of_week_operator.py took 0.157 seconds
[2022-03-21 05:45:05,956] {scheduler_job.py:182} INFO - Started process (PID=10697) to work on /home/airflow/sandbox/lib/python3.8/site-packages/airflow/example_dags/example_branch_day_of_week_operator.py
[2022-03-21 05:45:05,960] {scheduler_job.py:633} INFO - Processing file /home/airflow/sandbox/lib/python3.8/site-packages/airflow/example_dags/example_branch_day_of_week_operator.py for tasks to queue
[2022-03-21 05:45:05,970] {logging_mixin.py:104} INFO - [2022-03-21 05:45:05,969] {dagbag.py:487} INFO - Filling up the DagBag from /home/airflow/sandbox/lib/python3.8/site-packages/airflow/example_dags/example_branch_day_of_week_operator.py
[2022-03-21 05:45:05,986] {scheduler_job.py:643} INFO - DAG(s) dict_keys(['example_weekday_branch_operator']) retrieved from /home/airflow/sandbox/lib/python3.8/site-packages/airflow/example_dags/example_branch_day_of_week_operator.py
[2022-03-21 05:45:06,021] {logging_mixin.py:104} INFO - [2022-03-21 05:45:06,021] {dag.py:1832} INFO - Sync 1 DAGs
[2022-03-21 05:45:06,053] {logging_mixin.py:104} INFO - [2022-03-21 05:45:06,052] {dag.py:2305} INFO - Setting next_dagrun for example_weekday_branch_operator to 2022-03-19 00:00:00+00:00
[2022-03-21 05:45:06,094] {scheduler_job.py:190} INFO - Processing /home/airflow/sandbox/lib/python3.8/site-packages/airflow/example_dags/example_branch_day_of_week_operator.py took 0.148 seconds
[2022-03-21 05:45:50,147] {scheduler_job.py:182} INFO - Started process (PID=10787) to work on /home/airflow/sandbox/lib/python3.8/site-packages/airflow/example_dags/example_branch_day_of_week_operator.py
[2022-03-21 05:45:50,154] {scheduler_job.py:633} INFO - Processing file /home/airflow/sandbox/lib/python3.8/site-packages/airflow/example_dags/example_branch_day_of_week_operator.py for tasks to queue
[2022-03-21 05:45:50,156] {logging_mixin.py:104} INFO - [2022-03-21 05:45:50,155] {dagbag.py:487} INFO - Filling up the DagBag from /home/airflow/sandbox/lib/python3.8/site-packages/airflow/example_dags/example_branch_day_of_week_operator.py
[2022-03-21 05:45:50,173] {scheduler_job.py:643} INFO - DAG(s) dict_keys(['example_weekday_branch_operator']) retrieved from /home/airflow/sandbox/lib/python3.8/site-packages/airflow/example_dags/example_branch_day_of_week_operator.py
[2022-03-21 05:45:50,206] {logging_mixin.py:104} INFO - [2022-03-21 05:45:50,206] {dag.py:1832} INFO - Sync 1 DAGs
[2022-03-21 05:45:50,239] {logging_mixin.py:104} INFO - [2022-03-21 05:45:50,239] {dag.py:2305} INFO - Setting next_dagrun for example_weekday_branch_operator to 2022-03-19 00:00:00+00:00
[2022-03-21 05:45:50,280] {scheduler_job.py:190} INFO - Processing /home/airflow/sandbox/lib/python3.8/site-packages/airflow/example_dags/example_branch_day_of_week_operator.py took 0.146 seconds
[2022-03-21 05:47:10,256] {scheduler_job.py:182} INFO - Started process (PID=11452) to work on /home/airflow/sandbox/lib/python3.8/site-packages/airflow/example_dags/example_branch_day_of_week_operator.py
[2022-03-21 05:47:10,258] {scheduler_job.py:633} INFO - Processing file /home/airflow/sandbox/lib/python3.8/site-packages/airflow/example_dags/example_branch_day_of_week_operator.py for tasks to queue
[2022-03-21 05:47:10,260] {logging_mixin.py:104} INFO - [2022-03-21 05:47:10,260] {dagbag.py:487} INFO - Filling up the DagBag from /home/airflow/sandbox/lib/python3.8/site-packages/airflow/example_dags/example_branch_day_of_week_operator.py
[2022-03-21 05:47:10,278] {scheduler_job.py:643} INFO - DAG(s) dict_keys(['example_weekday_branch_operator']) retrieved from /home/airflow/sandbox/lib/python3.8/site-packages/airflow/example_dags/example_branch_day_of_week_operator.py
[2022-03-21 05:47:10,307] {logging_mixin.py:104} INFO - [2022-03-21 05:47:10,307] {dag.py:1832} INFO - Sync 1 DAGs
[2022-03-21 05:47:10,336] {logging_mixin.py:104} INFO - [2022-03-21 05:47:10,336] {dag.py:2305} INFO - Setting next_dagrun for example_weekday_branch_operator to 2022-03-19 00:00:00+00:00
[2022-03-21 05:47:10,373] {scheduler_job.py:190} INFO - Processing /home/airflow/sandbox/lib/python3.8/site-packages/airflow/example_dags/example_branch_day_of_week_operator.py took 0.124 seconds
[2022-03-21 05:48:08,185] {scheduler_job.py:182} INFO - Started process (PID=11789) to work on /home/airflow/sandbox/lib/python3.8/site-packages/airflow/example_dags/example_branch_day_of_week_operator.py
[2022-03-21 05:48:08,189] {scheduler_job.py:633} INFO - Processing file /home/airflow/sandbox/lib/python3.8/site-packages/airflow/example_dags/example_branch_day_of_week_operator.py for tasks to queue
[2022-03-21 05:48:08,190] {logging_mixin.py:104} INFO - [2022-03-21 05:48:08,190] {dagbag.py:487} INFO - Filling up the DagBag from /home/airflow/sandbox/lib/python3.8/site-packages/airflow/example_dags/example_branch_day_of_week_operator.py
[2022-03-21 05:48:08,206] {scheduler_job.py:643} INFO - DAG(s) dict_keys(['example_weekday_branch_operator']) retrieved from /home/airflow/sandbox/lib/python3.8/site-packages/airflow/example_dags/example_branch_day_of_week_operator.py
[2022-03-21 05:48:08,244] {logging_mixin.py:104} INFO - [2022-03-21 05:48:08,244] {dag.py:1832} INFO - Sync 1 DAGs
[2022-03-21 05:48:08,290] {logging_mixin.py:104} INFO - [2022-03-21 05:48:08,290] {dag.py:2305} INFO - Setting next_dagrun for example_weekday_branch_operator to 2022-03-19 00:00:00+00:00
[2022-03-21 05:48:08,337] {scheduler_job.py:190} INFO - Processing /home/airflow/sandbox/lib/python3.8/site-packages/airflow/example_dags/example_branch_day_of_week_operator.py took 0.162 seconds
[2022-03-21 05:48:55,901] {scheduler_job.py:182} INFO - Started process (PID=12034) to work on /home/airflow/sandbox/lib/python3.8/site-packages/airflow/example_dags/example_branch_day_of_week_operator.py
[2022-03-21 05:48:55,906] {scheduler_job.py:633} INFO - Processing file /home/airflow/sandbox/lib/python3.8/site-packages/airflow/example_dags/example_branch_day_of_week_operator.py for tasks to queue
[2022-03-21 05:48:55,909] {logging_mixin.py:104} INFO - [2022-03-21 05:48:55,909] {dagbag.py:487} INFO - Filling up the DagBag from /home/airflow/sandbox/lib/python3.8/site-packages/airflow/example_dags/example_branch_day_of_week_operator.py
[2022-03-21 05:48:55,934] {scheduler_job.py:643} INFO - DAG(s) dict_keys(['example_weekday_branch_operator']) retrieved from /home/airflow/sandbox/lib/python3.8/site-packages/airflow/example_dags/example_branch_day_of_week_operator.py
[2022-03-21 05:48:55,976] {logging_mixin.py:104} INFO - [2022-03-21 05:48:55,976] {dag.py:1832} INFO - Sync 1 DAGs
[2022-03-21 05:48:56,009] {logging_mixin.py:104} INFO - [2022-03-21 05:48:56,009] {dag.py:2305} INFO - Setting next_dagrun for example_weekday_branch_operator to 2022-03-19 00:00:00+00:00
[2022-03-21 05:48:56,046] {scheduler_job.py:190} INFO - Processing /home/airflow/sandbox/lib/python3.8/site-packages/airflow/example_dags/example_branch_day_of_week_operator.py took 0.152 seconds
[2022-03-21 05:49:44,589] {scheduler_job.py:182} INFO - Started process (PID=12094) to work on /home/airflow/sandbox/lib/python3.8/site-packages/airflow/example_dags/example_branch_day_of_week_operator.py
[2022-03-21 05:49:44,592] {scheduler_job.py:633} INFO - Processing file /home/airflow/sandbox/lib/python3.8/site-packages/airflow/example_dags/example_branch_day_of_week_operator.py for tasks to queue
[2022-03-21 05:49:44,594] {logging_mixin.py:104} INFO - [2022-03-21 05:49:44,594] {dagbag.py:487} INFO - Filling up the DagBag from /home/airflow/sandbox/lib/python3.8/site-packages/airflow/example_dags/example_branch_day_of_week_operator.py
[2022-03-21 05:49:44,612] {scheduler_job.py:643} INFO - DAG(s) dict_keys(['example_weekday_branch_operator']) retrieved from /home/airflow/sandbox/lib/python3.8/site-packages/airflow/example_dags/example_branch_day_of_week_operator.py
[2022-03-21 05:49:44,643] {logging_mixin.py:104} INFO - [2022-03-21 05:49:44,643] {dag.py:1832} INFO - Sync 1 DAGs
[2022-03-21 05:49:44,734] {logging_mixin.py:104} INFO - [2022-03-21 05:49:44,734] {dag.py:2305} INFO - Setting next_dagrun for example_weekday_branch_operator to 2022-03-19 00:00:00+00:00
[2022-03-21 05:49:44,813] {scheduler_job.py:190} INFO - Processing /home/airflow/sandbox/lib/python3.8/site-packages/airflow/example_dags/example_branch_day_of_week_operator.py took 0.235 seconds
[2022-03-21 05:50:36,704] {scheduler_job.py:182} INFO - Started process (PID=12405) to work on /home/airflow/sandbox/lib/python3.8/site-packages/airflow/example_dags/example_branch_day_of_week_operator.py
[2022-03-21 05:50:36,729] {scheduler_job.py:633} INFO - Processing file /home/airflow/sandbox/lib/python3.8/site-packages/airflow/example_dags/example_branch_day_of_week_operator.py for tasks to queue
[2022-03-21 05:50:36,735] {logging_mixin.py:104} INFO - [2022-03-21 05:50:36,735] {dagbag.py:487} INFO - Filling up the DagBag from /home/airflow/sandbox/lib/python3.8/site-packages/airflow/example_dags/example_branch_day_of_week_operator.py
[2022-03-21 05:50:36,861] {scheduler_job.py:643} INFO - DAG(s) dict_keys(['example_weekday_branch_operator']) retrieved from /home/airflow/sandbox/lib/python3.8/site-packages/airflow/example_dags/example_branch_day_of_week_operator.py
[2022-03-21 05:50:37,013] {logging_mixin.py:104} INFO - [2022-03-21 05:50:37,013] {dag.py:1832} INFO - Sync 1 DAGs
[2022-03-21 05:50:37,107] {logging_mixin.py:104} INFO - [2022-03-21 05:50:37,107] {dag.py:2305} INFO - Setting next_dagrun for example_weekday_branch_operator to 2022-03-19 00:00:00+00:00
[2022-03-21 05:50:37,183] {scheduler_job.py:190} INFO - Processing /home/airflow/sandbox/lib/python3.8/site-packages/airflow/example_dags/example_branch_day_of_week_operator.py took 0.485 seconds
