[2022-03-21 05:14:55,529] {scheduler_job.py:182} INFO - Started process (PID=8198) to work on /home/airflow/sandbox/lib/python3.8/site-packages/airflow/example_dags/example_kubernetes_executor.py
[2022-03-21 05:14:55,533] {scheduler_job.py:633} INFO - Processing file /home/airflow/sandbox/lib/python3.8/site-packages/airflow/example_dags/example_kubernetes_executor.py for tasks to queue
[2022-03-21 05:14:55,534] {logging_mixin.py:104} INFO - [2022-03-21 05:14:55,534] {dagbag.py:487} INFO - Filling up the DagBag from /home/airflow/sandbox/lib/python3.8/site-packages/airflow/example_dags/example_kubernetes_executor.py
[2022-03-21 05:14:55,555] {scheduler_job.py:643} INFO - DAG(s) dict_keys(['example_kubernetes_executor']) retrieved from /home/airflow/sandbox/lib/python3.8/site-packages/airflow/example_dags/example_kubernetes_executor.py
[2022-03-21 05:14:56,347] {logging_mixin.py:104} INFO - [2022-03-21 05:14:56,347] {dag.py:1832} INFO - Sync 1 DAGs
[2022-03-21 05:14:56,361] {logging_mixin.py:104} INFO - [2022-03-21 05:14:56,361] {dag.py:2305} INFO - Setting next_dagrun for example_kubernetes_executor to None
[2022-03-21 05:14:56,474] {scheduler_job.py:190} INFO - Processing /home/airflow/sandbox/lib/python3.8/site-packages/airflow/example_dags/example_kubernetes_executor.py took 0.956 seconds
[2022-03-21 05:16:25,102] {scheduler_job.py:182} INFO - Started process (PID=8788) to work on /home/airflow/sandbox/lib/python3.8/site-packages/airflow/example_dags/example_kubernetes_executor.py
[2022-03-21 05:16:25,104] {scheduler_job.py:633} INFO - Processing file /home/airflow/sandbox/lib/python3.8/site-packages/airflow/example_dags/example_kubernetes_executor.py for tasks to queue
[2022-03-21 05:16:25,106] {logging_mixin.py:104} INFO - [2022-03-21 05:16:25,105] {dagbag.py:487} INFO - Filling up the DagBag from /home/airflow/sandbox/lib/python3.8/site-packages/airflow/example_dags/example_kubernetes_executor.py
[2022-03-21 05:16:25,130] {scheduler_job.py:643} INFO - DAG(s) dict_keys(['example_kubernetes_executor']) retrieved from /home/airflow/sandbox/lib/python3.8/site-packages/airflow/example_dags/example_kubernetes_executor.py
[2022-03-21 05:16:25,162] {logging_mixin.py:104} INFO - [2022-03-21 05:16:25,162] {dag.py:1832} INFO - Sync 1 DAGs
[2022-03-21 05:16:25,182] {logging_mixin.py:104} INFO - [2022-03-21 05:16:25,182] {dag.py:2305} INFO - Setting next_dagrun for example_kubernetes_executor to None
[2022-03-21 05:16:25,223] {scheduler_job.py:190} INFO - Processing /home/airflow/sandbox/lib/python3.8/site-packages/airflow/example_dags/example_kubernetes_executor.py took 0.128 seconds
[2022-03-21 05:17:16,461] {scheduler_job.py:182} INFO - Started process (PID=9038) to work on /home/airflow/sandbox/lib/python3.8/site-packages/airflow/example_dags/example_kubernetes_executor.py
[2022-03-21 05:17:16,463] {scheduler_job.py:633} INFO - Processing file /home/airflow/sandbox/lib/python3.8/site-packages/airflow/example_dags/example_kubernetes_executor.py for tasks to queue
[2022-03-21 05:17:16,464] {logging_mixin.py:104} INFO - [2022-03-21 05:17:16,464] {dagbag.py:487} INFO - Filling up the DagBag from /home/airflow/sandbox/lib/python3.8/site-packages/airflow/example_dags/example_kubernetes_executor.py
[2022-03-21 05:17:16,480] {scheduler_job.py:643} INFO - DAG(s) dict_keys(['example_kubernetes_executor']) retrieved from /home/airflow/sandbox/lib/python3.8/site-packages/airflow/example_dags/example_kubernetes_executor.py
[2022-03-21 05:17:16,511] {logging_mixin.py:104} INFO - [2022-03-21 05:17:16,511] {dag.py:1832} INFO - Sync 1 DAGs
[2022-03-21 05:17:16,534] {logging_mixin.py:104} INFO - [2022-03-21 05:17:16,534] {dag.py:2305} INFO - Setting next_dagrun for example_kubernetes_executor to None
[2022-03-21 05:17:16,845] {scheduler_job.py:190} INFO - Processing /home/airflow/sandbox/lib/python3.8/site-packages/airflow/example_dags/example_kubernetes_executor.py took 0.391 seconds
[2022-03-21 05:17:59,706] {scheduler_job.py:182} INFO - Started process (PID=9162) to work on /home/airflow/sandbox/lib/python3.8/site-packages/airflow/example_dags/example_kubernetes_executor.py
[2022-03-21 05:17:59,708] {scheduler_job.py:633} INFO - Processing file /home/airflow/sandbox/lib/python3.8/site-packages/airflow/example_dags/example_kubernetes_executor.py for tasks to queue
[2022-03-21 05:17:59,710] {logging_mixin.py:104} INFO - [2022-03-21 05:17:59,710] {dagbag.py:487} INFO - Filling up the DagBag from /home/airflow/sandbox/lib/python3.8/site-packages/airflow/example_dags/example_kubernetes_executor.py
[2022-03-21 05:17:59,726] {scheduler_job.py:643} INFO - DAG(s) dict_keys(['example_kubernetes_executor']) retrieved from /home/airflow/sandbox/lib/python3.8/site-packages/airflow/example_dags/example_kubernetes_executor.py
[2022-03-21 05:17:59,758] {logging_mixin.py:104} INFO - [2022-03-21 05:17:59,758] {dag.py:1832} INFO - Sync 1 DAGs
[2022-03-21 05:17:59,780] {logging_mixin.py:104} INFO - [2022-03-21 05:17:59,779] {dag.py:2305} INFO - Setting next_dagrun for example_kubernetes_executor to None
[2022-03-21 05:17:59,821] {scheduler_job.py:190} INFO - Processing /home/airflow/sandbox/lib/python3.8/site-packages/airflow/example_dags/example_kubernetes_executor.py took 0.121 seconds
[2022-03-21 05:18:52,933] {scheduler_job.py:182} INFO - Started process (PID=9260) to work on /home/airflow/sandbox/lib/python3.8/site-packages/airflow/example_dags/example_kubernetes_executor.py
[2022-03-21 05:18:52,935] {scheduler_job.py:633} INFO - Processing file /home/airflow/sandbox/lib/python3.8/site-packages/airflow/example_dags/example_kubernetes_executor.py for tasks to queue
[2022-03-21 05:18:52,940] {logging_mixin.py:104} INFO - [2022-03-21 05:18:52,939] {dagbag.py:487} INFO - Filling up the DagBag from /home/airflow/sandbox/lib/python3.8/site-packages/airflow/example_dags/example_kubernetes_executor.py
[2022-03-21 05:18:52,958] {scheduler_job.py:643} INFO - DAG(s) dict_keys(['example_kubernetes_executor']) retrieved from /home/airflow/sandbox/lib/python3.8/site-packages/airflow/example_dags/example_kubernetes_executor.py
[2022-03-21 05:18:52,995] {logging_mixin.py:104} INFO - [2022-03-21 05:18:52,995] {dag.py:1832} INFO - Sync 1 DAGs
[2022-03-21 05:18:53,022] {logging_mixin.py:104} INFO - [2022-03-21 05:18:53,022] {dag.py:2305} INFO - Setting next_dagrun for example_kubernetes_executor to None
[2022-03-21 05:18:53,070] {scheduler_job.py:190} INFO - Processing /home/airflow/sandbox/lib/python3.8/site-packages/airflow/example_dags/example_kubernetes_executor.py took 0.146 seconds
[2022-03-21 05:19:37,178] {scheduler_job.py:182} INFO - Started process (PID=9294) to work on /home/airflow/sandbox/lib/python3.8/site-packages/airflow/example_dags/example_kubernetes_executor.py
[2022-03-21 05:19:37,182] {scheduler_job.py:633} INFO - Processing file /home/airflow/sandbox/lib/python3.8/site-packages/airflow/example_dags/example_kubernetes_executor.py for tasks to queue
[2022-03-21 05:19:37,184] {logging_mixin.py:104} INFO - [2022-03-21 05:19:37,184] {dagbag.py:487} INFO - Filling up the DagBag from /home/airflow/sandbox/lib/python3.8/site-packages/airflow/example_dags/example_kubernetes_executor.py
[2022-03-21 05:19:37,208] {scheduler_job.py:643} INFO - DAG(s) dict_keys(['example_kubernetes_executor']) retrieved from /home/airflow/sandbox/lib/python3.8/site-packages/airflow/example_dags/example_kubernetes_executor.py
[2022-03-21 05:19:37,240] {logging_mixin.py:104} INFO - [2022-03-21 05:19:37,240] {dag.py:1832} INFO - Sync 1 DAGs
[2022-03-21 05:19:37,263] {logging_mixin.py:104} INFO - [2022-03-21 05:19:37,263] {dag.py:2305} INFO - Setting next_dagrun for example_kubernetes_executor to None
[2022-03-21 05:19:37,295] {scheduler_job.py:190} INFO - Processing /home/airflow/sandbox/lib/python3.8/site-packages/airflow/example_dags/example_kubernetes_executor.py took 0.123 seconds
[2022-03-21 05:20:21,976] {scheduler_job.py:182} INFO - Started process (PID=9328) to work on /home/airflow/sandbox/lib/python3.8/site-packages/airflow/example_dags/example_kubernetes_executor.py
[2022-03-21 05:20:21,980] {scheduler_job.py:633} INFO - Processing file /home/airflow/sandbox/lib/python3.8/site-packages/airflow/example_dags/example_kubernetes_executor.py for tasks to queue
[2022-03-21 05:20:21,982] {logging_mixin.py:104} INFO - [2022-03-21 05:20:21,982] {dagbag.py:487} INFO - Filling up the DagBag from /home/airflow/sandbox/lib/python3.8/site-packages/airflow/example_dags/example_kubernetes_executor.py
[2022-03-21 05:20:21,997] {scheduler_job.py:643} INFO - DAG(s) dict_keys(['example_kubernetes_executor']) retrieved from /home/airflow/sandbox/lib/python3.8/site-packages/airflow/example_dags/example_kubernetes_executor.py
[2022-03-21 05:20:22,037] {logging_mixin.py:104} INFO - [2022-03-21 05:20:22,036] {dag.py:1832} INFO - Sync 1 DAGs
[2022-03-21 05:20:22,058] {logging_mixin.py:104} INFO - [2022-03-21 05:20:22,058] {dag.py:2305} INFO - Setting next_dagrun for example_kubernetes_executor to None
[2022-03-21 05:20:22,098] {scheduler_job.py:190} INFO - Processing /home/airflow/sandbox/lib/python3.8/site-packages/airflow/example_dags/example_kubernetes_executor.py took 0.133 seconds
[2022-03-21 05:21:14,526] {scheduler_job.py:182} INFO - Started process (PID=9418) to work on /home/airflow/sandbox/lib/python3.8/site-packages/airflow/example_dags/example_kubernetes_executor.py
[2022-03-21 05:21:14,528] {scheduler_job.py:633} INFO - Processing file /home/airflow/sandbox/lib/python3.8/site-packages/airflow/example_dags/example_kubernetes_executor.py for tasks to queue
[2022-03-21 05:21:14,529] {logging_mixin.py:104} INFO - [2022-03-21 05:21:14,529] {dagbag.py:487} INFO - Filling up the DagBag from /home/airflow/sandbox/lib/python3.8/site-packages/airflow/example_dags/example_kubernetes_executor.py
[2022-03-21 05:21:14,548] {scheduler_job.py:643} INFO - DAG(s) dict_keys(['example_kubernetes_executor']) retrieved from /home/airflow/sandbox/lib/python3.8/site-packages/airflow/example_dags/example_kubernetes_executor.py
[2022-03-21 05:21:14,592] {logging_mixin.py:104} INFO - [2022-03-21 05:21:14,592] {dag.py:1832} INFO - Sync 1 DAGs
[2022-03-21 05:21:14,613] {logging_mixin.py:104} INFO - [2022-03-21 05:21:14,613] {dag.py:2305} INFO - Setting next_dagrun for example_kubernetes_executor to None
[2022-03-21 05:21:14,654] {scheduler_job.py:190} INFO - Processing /home/airflow/sandbox/lib/python3.8/site-packages/airflow/example_dags/example_kubernetes_executor.py took 0.135 seconds
[2022-03-21 05:21:59,161] {scheduler_job.py:182} INFO - Started process (PID=9452) to work on /home/airflow/sandbox/lib/python3.8/site-packages/airflow/example_dags/example_kubernetes_executor.py
[2022-03-21 05:21:59,163] {scheduler_job.py:633} INFO - Processing file /home/airflow/sandbox/lib/python3.8/site-packages/airflow/example_dags/example_kubernetes_executor.py for tasks to queue
[2022-03-21 05:21:59,165] {logging_mixin.py:104} INFO - [2022-03-21 05:21:59,164] {dagbag.py:487} INFO - Filling up the DagBag from /home/airflow/sandbox/lib/python3.8/site-packages/airflow/example_dags/example_kubernetes_executor.py
[2022-03-21 05:21:59,184] {scheduler_job.py:643} INFO - DAG(s) dict_keys(['example_kubernetes_executor']) retrieved from /home/airflow/sandbox/lib/python3.8/site-packages/airflow/example_dags/example_kubernetes_executor.py
[2022-03-21 05:21:59,212] {logging_mixin.py:104} INFO - [2022-03-21 05:21:59,212] {dag.py:1832} INFO - Sync 1 DAGs
[2022-03-21 05:21:59,236] {logging_mixin.py:104} INFO - [2022-03-21 05:21:59,236] {dag.py:2305} INFO - Setting next_dagrun for example_kubernetes_executor to None
[2022-03-21 05:21:59,271] {scheduler_job.py:190} INFO - Processing /home/airflow/sandbox/lib/python3.8/site-packages/airflow/example_dags/example_kubernetes_executor.py took 0.116 seconds
[2022-03-21 05:22:42,953] {scheduler_job.py:182} INFO - Started process (PID=9485) to work on /home/airflow/sandbox/lib/python3.8/site-packages/airflow/example_dags/example_kubernetes_executor.py
[2022-03-21 05:22:42,955] {scheduler_job.py:633} INFO - Processing file /home/airflow/sandbox/lib/python3.8/site-packages/airflow/example_dags/example_kubernetes_executor.py for tasks to queue
[2022-03-21 05:22:42,956] {logging_mixin.py:104} INFO - [2022-03-21 05:22:42,956] {dagbag.py:487} INFO - Filling up the DagBag from /home/airflow/sandbox/lib/python3.8/site-packages/airflow/example_dags/example_kubernetes_executor.py
[2022-03-21 05:22:42,975] {scheduler_job.py:643} INFO - DAG(s) dict_keys(['example_kubernetes_executor']) retrieved from /home/airflow/sandbox/lib/python3.8/site-packages/airflow/example_dags/example_kubernetes_executor.py
[2022-03-21 05:22:43,015] {logging_mixin.py:104} INFO - [2022-03-21 05:22:43,015] {dag.py:1832} INFO - Sync 1 DAGs
[2022-03-21 05:22:43,038] {logging_mixin.py:104} INFO - [2022-03-21 05:22:43,038] {dag.py:2305} INFO - Setting next_dagrun for example_kubernetes_executor to None
[2022-03-21 05:22:43,079] {scheduler_job.py:190} INFO - Processing /home/airflow/sandbox/lib/python3.8/site-packages/airflow/example_dags/example_kubernetes_executor.py took 0.132 seconds
[2022-03-21 05:23:24,446] {scheduler_job.py:182} INFO - Started process (PID=9519) to work on /home/airflow/sandbox/lib/python3.8/site-packages/airflow/example_dags/example_kubernetes_executor.py
[2022-03-21 05:23:24,448] {scheduler_job.py:633} INFO - Processing file /home/airflow/sandbox/lib/python3.8/site-packages/airflow/example_dags/example_kubernetes_executor.py for tasks to queue
[2022-03-21 05:23:24,449] {logging_mixin.py:104} INFO - [2022-03-21 05:23:24,449] {dagbag.py:487} INFO - Filling up the DagBag from /home/airflow/sandbox/lib/python3.8/site-packages/airflow/example_dags/example_kubernetes_executor.py
[2022-03-21 05:23:24,465] {scheduler_job.py:643} INFO - DAG(s) dict_keys(['example_kubernetes_executor']) retrieved from /home/airflow/sandbox/lib/python3.8/site-packages/airflow/example_dags/example_kubernetes_executor.py
[2022-03-21 05:23:24,496] {logging_mixin.py:104} INFO - [2022-03-21 05:23:24,494] {dag.py:1832} INFO - Sync 1 DAGs
[2022-03-21 05:23:24,521] {logging_mixin.py:104} INFO - [2022-03-21 05:23:24,521] {dag.py:2305} INFO - Setting next_dagrun for example_kubernetes_executor to None
[2022-03-21 05:23:24,557] {scheduler_job.py:190} INFO - Processing /home/airflow/sandbox/lib/python3.8/site-packages/airflow/example_dags/example_kubernetes_executor.py took 0.120 seconds
[2022-03-21 05:24:04,944] {scheduler_job.py:182} INFO - Started process (PID=9552) to work on /home/airflow/sandbox/lib/python3.8/site-packages/airflow/example_dags/example_kubernetes_executor.py
[2022-03-21 05:24:04,946] {scheduler_job.py:633} INFO - Processing file /home/airflow/sandbox/lib/python3.8/site-packages/airflow/example_dags/example_kubernetes_executor.py for tasks to queue
[2022-03-21 05:24:04,948] {logging_mixin.py:104} INFO - [2022-03-21 05:24:04,947] {dagbag.py:487} INFO - Filling up the DagBag from /home/airflow/sandbox/lib/python3.8/site-packages/airflow/example_dags/example_kubernetes_executor.py
[2022-03-21 05:24:04,964] {scheduler_job.py:643} INFO - DAG(s) dict_keys(['example_kubernetes_executor']) retrieved from /home/airflow/sandbox/lib/python3.8/site-packages/airflow/example_dags/example_kubernetes_executor.py
[2022-03-21 05:24:04,997] {logging_mixin.py:104} INFO - [2022-03-21 05:24:04,997] {dag.py:1832} INFO - Sync 1 DAGs
[2022-03-21 05:24:05,025] {logging_mixin.py:104} INFO - [2022-03-21 05:24:05,025] {dag.py:2305} INFO - Setting next_dagrun for example_kubernetes_executor to None
[2022-03-21 05:24:05,171] {scheduler_job.py:190} INFO - Processing /home/airflow/sandbox/lib/python3.8/site-packages/airflow/example_dags/example_kubernetes_executor.py took 0.233 seconds
[2022-03-21 05:24:59,923] {scheduler_job.py:182} INFO - Started process (PID=9592) to work on /home/airflow/sandbox/lib/python3.8/site-packages/airflow/example_dags/example_kubernetes_executor.py
[2022-03-21 05:24:59,926] {scheduler_job.py:633} INFO - Processing file /home/airflow/sandbox/lib/python3.8/site-packages/airflow/example_dags/example_kubernetes_executor.py for tasks to queue
[2022-03-21 05:24:59,927] {logging_mixin.py:104} INFO - [2022-03-21 05:24:59,927] {dagbag.py:487} INFO - Filling up the DagBag from /home/airflow/sandbox/lib/python3.8/site-packages/airflow/example_dags/example_kubernetes_executor.py
[2022-03-21 05:24:59,948] {scheduler_job.py:643} INFO - DAG(s) dict_keys(['example_kubernetes_executor']) retrieved from /home/airflow/sandbox/lib/python3.8/site-packages/airflow/example_dags/example_kubernetes_executor.py
[2022-03-21 05:24:59,984] {logging_mixin.py:104} INFO - [2022-03-21 05:24:59,984] {dag.py:1832} INFO - Sync 1 DAGs
[2022-03-21 05:25:00,003] {logging_mixin.py:104} INFO - [2022-03-21 05:25:00,003] {dag.py:2305} INFO - Setting next_dagrun for example_kubernetes_executor to None
[2022-03-21 05:25:00,208] {scheduler_job.py:190} INFO - Processing /home/airflow/sandbox/lib/python3.8/site-packages/airflow/example_dags/example_kubernetes_executor.py took 0.291 seconds
[2022-03-21 05:25:45,698] {scheduler_job.py:182} INFO - Started process (PID=9683) to work on /home/airflow/sandbox/lib/python3.8/site-packages/airflow/example_dags/example_kubernetes_executor.py
[2022-03-21 05:25:45,705] {scheduler_job.py:633} INFO - Processing file /home/airflow/sandbox/lib/python3.8/site-packages/airflow/example_dags/example_kubernetes_executor.py for tasks to queue
[2022-03-21 05:25:45,709] {logging_mixin.py:104} INFO - [2022-03-21 05:25:45,709] {dagbag.py:487} INFO - Filling up the DagBag from /home/airflow/sandbox/lib/python3.8/site-packages/airflow/example_dags/example_kubernetes_executor.py
[2022-03-21 05:25:45,723] {scheduler_job.py:643} INFO - DAG(s) dict_keys(['example_kubernetes_executor']) retrieved from /home/airflow/sandbox/lib/python3.8/site-packages/airflow/example_dags/example_kubernetes_executor.py
[2022-03-21 05:25:45,757] {logging_mixin.py:104} INFO - [2022-03-21 05:25:45,757] {dag.py:1832} INFO - Sync 1 DAGs
[2022-03-21 05:25:45,881] {logging_mixin.py:104} INFO - [2022-03-21 05:25:45,881] {dag.py:2305} INFO - Setting next_dagrun for example_kubernetes_executor to None
[2022-03-21 05:25:45,913] {scheduler_job.py:190} INFO - Processing /home/airflow/sandbox/lib/python3.8/site-packages/airflow/example_dags/example_kubernetes_executor.py took 0.233 seconds
[2022-03-21 05:26:35,767] {scheduler_job.py:182} INFO - Started process (PID=9718) to work on /home/airflow/sandbox/lib/python3.8/site-packages/airflow/example_dags/example_kubernetes_executor.py
[2022-03-21 05:26:35,769] {scheduler_job.py:633} INFO - Processing file /home/airflow/sandbox/lib/python3.8/site-packages/airflow/example_dags/example_kubernetes_executor.py for tasks to queue
[2022-03-21 05:26:35,776] {logging_mixin.py:104} INFO - [2022-03-21 05:26:35,776] {dagbag.py:487} INFO - Filling up the DagBag from /home/airflow/sandbox/lib/python3.8/site-packages/airflow/example_dags/example_kubernetes_executor.py
[2022-03-21 05:26:35,800] {scheduler_job.py:643} INFO - DAG(s) dict_keys(['example_kubernetes_executor']) retrieved from /home/airflow/sandbox/lib/python3.8/site-packages/airflow/example_dags/example_kubernetes_executor.py
[2022-03-21 05:26:35,828] {logging_mixin.py:104} INFO - [2022-03-21 05:26:35,828] {dag.py:1832} INFO - Sync 1 DAGs
[2022-03-21 05:26:35,955] {logging_mixin.py:104} INFO - [2022-03-21 05:26:35,954] {dag.py:2305} INFO - Setting next_dagrun for example_kubernetes_executor to None
[2022-03-21 05:26:35,987] {scheduler_job.py:190} INFO - Processing /home/airflow/sandbox/lib/python3.8/site-packages/airflow/example_dags/example_kubernetes_executor.py took 0.239 seconds
[2022-03-21 05:27:27,366] {scheduler_job.py:182} INFO - Started process (PID=9754) to work on /home/airflow/sandbox/lib/python3.8/site-packages/airflow/example_dags/example_kubernetes_executor.py
[2022-03-21 05:27:27,368] {scheduler_job.py:633} INFO - Processing file /home/airflow/sandbox/lib/python3.8/site-packages/airflow/example_dags/example_kubernetes_executor.py for tasks to queue
[2022-03-21 05:27:27,369] {logging_mixin.py:104} INFO - [2022-03-21 05:27:27,369] {dagbag.py:487} INFO - Filling up the DagBag from /home/airflow/sandbox/lib/python3.8/site-packages/airflow/example_dags/example_kubernetes_executor.py
[2022-03-21 05:27:27,396] {scheduler_job.py:643} INFO - DAG(s) dict_keys(['example_kubernetes_executor']) retrieved from /home/airflow/sandbox/lib/python3.8/site-packages/airflow/example_dags/example_kubernetes_executor.py
[2022-03-21 05:27:27,556] {logging_mixin.py:104} INFO - [2022-03-21 05:27:27,556] {dag.py:1832} INFO - Sync 1 DAGs
[2022-03-21 05:27:27,582] {logging_mixin.py:104} INFO - [2022-03-21 05:27:27,582] {dag.py:2305} INFO - Setting next_dagrun for example_kubernetes_executor to None
[2022-03-21 05:27:27,619] {scheduler_job.py:190} INFO - Processing /home/airflow/sandbox/lib/python3.8/site-packages/airflow/example_dags/example_kubernetes_executor.py took 0.262 seconds
[2022-03-21 05:28:19,662] {scheduler_job.py:182} INFO - Started process (PID=9791) to work on /home/airflow/sandbox/lib/python3.8/site-packages/airflow/example_dags/example_kubernetes_executor.py
[2022-03-21 05:28:19,666] {scheduler_job.py:633} INFO - Processing file /home/airflow/sandbox/lib/python3.8/site-packages/airflow/example_dags/example_kubernetes_executor.py for tasks to queue
[2022-03-21 05:28:19,673] {logging_mixin.py:104} INFO - [2022-03-21 05:28:19,672] {dagbag.py:487} INFO - Filling up the DagBag from /home/airflow/sandbox/lib/python3.8/site-packages/airflow/example_dags/example_kubernetes_executor.py
[2022-03-21 05:28:19,835] {scheduler_job.py:643} INFO - DAG(s) dict_keys(['example_kubernetes_executor']) retrieved from /home/airflow/sandbox/lib/python3.8/site-packages/airflow/example_dags/example_kubernetes_executor.py
[2022-03-21 05:28:19,861] {logging_mixin.py:104} INFO - [2022-03-21 05:28:19,861] {dag.py:1832} INFO - Sync 1 DAGs
[2022-03-21 05:28:19,887] {logging_mixin.py:104} INFO - [2022-03-21 05:28:19,887] {dag.py:2305} INFO - Setting next_dagrun for example_kubernetes_executor to None
[2022-03-21 05:28:19,922] {scheduler_job.py:190} INFO - Processing /home/airflow/sandbox/lib/python3.8/site-packages/airflow/example_dags/example_kubernetes_executor.py took 0.279 seconds
[2022-03-21 05:29:09,705] {scheduler_job.py:182} INFO - Started process (PID=9827) to work on /home/airflow/sandbox/lib/python3.8/site-packages/airflow/example_dags/example_kubernetes_executor.py
[2022-03-21 05:29:09,710] {scheduler_job.py:633} INFO - Processing file /home/airflow/sandbox/lib/python3.8/site-packages/airflow/example_dags/example_kubernetes_executor.py for tasks to queue
[2022-03-21 05:29:09,711] {logging_mixin.py:104} INFO - [2022-03-21 05:29:09,711] {dagbag.py:487} INFO - Filling up the DagBag from /home/airflow/sandbox/lib/python3.8/site-packages/airflow/example_dags/example_kubernetes_executor.py
[2022-03-21 05:29:09,883] {scheduler_job.py:643} INFO - DAG(s) dict_keys(['example_kubernetes_executor']) retrieved from /home/airflow/sandbox/lib/python3.8/site-packages/airflow/example_dags/example_kubernetes_executor.py
[2022-03-21 05:29:09,913] {logging_mixin.py:104} INFO - [2022-03-21 05:29:09,913] {dag.py:1832} INFO - Sync 1 DAGs
[2022-03-21 05:29:09,931] {logging_mixin.py:104} INFO - [2022-03-21 05:29:09,931] {dag.py:2305} INFO - Setting next_dagrun for example_kubernetes_executor to None
[2022-03-21 05:29:09,969] {scheduler_job.py:190} INFO - Processing /home/airflow/sandbox/lib/python3.8/site-packages/airflow/example_dags/example_kubernetes_executor.py took 0.271 seconds
[2022-03-21 05:30:02,321] {scheduler_job.py:182} INFO - Started process (PID=9865) to work on /home/airflow/sandbox/lib/python3.8/site-packages/airflow/example_dags/example_kubernetes_executor.py
[2022-03-21 05:30:02,327] {scheduler_job.py:633} INFO - Processing file /home/airflow/sandbox/lib/python3.8/site-packages/airflow/example_dags/example_kubernetes_executor.py for tasks to queue
[2022-03-21 05:30:02,329] {logging_mixin.py:104} INFO - [2022-03-21 05:30:02,329] {dagbag.py:487} INFO - Filling up the DagBag from /home/airflow/sandbox/lib/python3.8/site-packages/airflow/example_dags/example_kubernetes_executor.py
[2022-03-21 05:30:02,574] {scheduler_job.py:643} INFO - DAG(s) dict_keys(['example_kubernetes_executor']) retrieved from /home/airflow/sandbox/lib/python3.8/site-packages/airflow/example_dags/example_kubernetes_executor.py
[2022-03-21 05:30:02,610] {logging_mixin.py:104} INFO - [2022-03-21 05:30:02,609] {dag.py:1832} INFO - Sync 1 DAGs
[2022-03-21 05:30:02,642] {logging_mixin.py:104} INFO - [2022-03-21 05:30:02,642] {dag.py:2305} INFO - Setting next_dagrun for example_kubernetes_executor to None
[2022-03-21 05:30:02,700] {scheduler_job.py:190} INFO - Processing /home/airflow/sandbox/lib/python3.8/site-packages/airflow/example_dags/example_kubernetes_executor.py took 0.393 seconds
[2022-03-21 05:31:00,528] {scheduler_job.py:182} INFO - Started process (PID=9962) to work on /home/airflow/sandbox/lib/python3.8/site-packages/airflow/example_dags/example_kubernetes_executor.py
[2022-03-21 05:31:00,531] {scheduler_job.py:633} INFO - Processing file /home/airflow/sandbox/lib/python3.8/site-packages/airflow/example_dags/example_kubernetes_executor.py for tasks to queue
[2022-03-21 05:31:00,533] {logging_mixin.py:104} INFO - [2022-03-21 05:31:00,532] {dagbag.py:487} INFO - Filling up the DagBag from /home/airflow/sandbox/lib/python3.8/site-packages/airflow/example_dags/example_kubernetes_executor.py
[2022-03-21 05:31:00,559] {scheduler_job.py:643} INFO - DAG(s) dict_keys(['example_kubernetes_executor']) retrieved from /home/airflow/sandbox/lib/python3.8/site-packages/airflow/example_dags/example_kubernetes_executor.py
[2022-03-21 05:31:00,619] {logging_mixin.py:104} INFO - [2022-03-21 05:31:00,618] {dag.py:1832} INFO - Sync 1 DAGs
[2022-03-21 05:31:00,676] {logging_mixin.py:104} INFO - [2022-03-21 05:31:00,676] {dag.py:2305} INFO - Setting next_dagrun for example_kubernetes_executor to None
[2022-03-21 05:31:00,835] {scheduler_job.py:190} INFO - Processing /home/airflow/sandbox/lib/python3.8/site-packages/airflow/example_dags/example_kubernetes_executor.py took 0.316 seconds
[2022-03-21 05:31:45,963] {scheduler_job.py:182} INFO - Started process (PID=9997) to work on /home/airflow/sandbox/lib/python3.8/site-packages/airflow/example_dags/example_kubernetes_executor.py
[2022-03-21 05:31:45,967] {scheduler_job.py:633} INFO - Processing file /home/airflow/sandbox/lib/python3.8/site-packages/airflow/example_dags/example_kubernetes_executor.py for tasks to queue
[2022-03-21 05:31:45,968] {logging_mixin.py:104} INFO - [2022-03-21 05:31:45,968] {dagbag.py:487} INFO - Filling up the DagBag from /home/airflow/sandbox/lib/python3.8/site-packages/airflow/example_dags/example_kubernetes_executor.py
[2022-03-21 05:31:45,983] {scheduler_job.py:643} INFO - DAG(s) dict_keys(['example_kubernetes_executor']) retrieved from /home/airflow/sandbox/lib/python3.8/site-packages/airflow/example_dags/example_kubernetes_executor.py
[2022-03-21 05:31:46,014] {logging_mixin.py:104} INFO - [2022-03-21 05:31:46,014] {dag.py:1832} INFO - Sync 1 DAGs
[2022-03-21 05:31:46,038] {logging_mixin.py:104} INFO - [2022-03-21 05:31:46,038] {dag.py:2305} INFO - Setting next_dagrun for example_kubernetes_executor to None
[2022-03-21 05:31:46,072] {scheduler_job.py:190} INFO - Processing /home/airflow/sandbox/lib/python3.8/site-packages/airflow/example_dags/example_kubernetes_executor.py took 0.119 seconds
[2022-03-21 05:32:28,597] {scheduler_job.py:182} INFO - Started process (PID=10030) to work on /home/airflow/sandbox/lib/python3.8/site-packages/airflow/example_dags/example_kubernetes_executor.py
[2022-03-21 05:32:28,601] {scheduler_job.py:633} INFO - Processing file /home/airflow/sandbox/lib/python3.8/site-packages/airflow/example_dags/example_kubernetes_executor.py for tasks to queue
[2022-03-21 05:32:28,602] {logging_mixin.py:104} INFO - [2022-03-21 05:32:28,602] {dagbag.py:487} INFO - Filling up the DagBag from /home/airflow/sandbox/lib/python3.8/site-packages/airflow/example_dags/example_kubernetes_executor.py
[2022-03-21 05:32:28,620] {scheduler_job.py:643} INFO - DAG(s) dict_keys(['example_kubernetes_executor']) retrieved from /home/airflow/sandbox/lib/python3.8/site-packages/airflow/example_dags/example_kubernetes_executor.py
[2022-03-21 05:32:28,653] {logging_mixin.py:104} INFO - [2022-03-21 05:32:28,653] {dag.py:1832} INFO - Sync 1 DAGs
[2022-03-21 05:32:28,676] {logging_mixin.py:104} INFO - [2022-03-21 05:32:28,672] {dag.py:2305} INFO - Setting next_dagrun for example_kubernetes_executor to None
[2022-03-21 05:32:28,733] {scheduler_job.py:190} INFO - Processing /home/airflow/sandbox/lib/python3.8/site-packages/airflow/example_dags/example_kubernetes_executor.py took 0.144 seconds
[2022-03-21 05:33:11,888] {scheduler_job.py:182} INFO - Started process (PID=10062) to work on /home/airflow/sandbox/lib/python3.8/site-packages/airflow/example_dags/example_kubernetes_executor.py
[2022-03-21 05:33:11,892] {scheduler_job.py:633} INFO - Processing file /home/airflow/sandbox/lib/python3.8/site-packages/airflow/example_dags/example_kubernetes_executor.py for tasks to queue
[2022-03-21 05:33:11,893] {logging_mixin.py:104} INFO - [2022-03-21 05:33:11,893] {dagbag.py:487} INFO - Filling up the DagBag from /home/airflow/sandbox/lib/python3.8/site-packages/airflow/example_dags/example_kubernetes_executor.py
[2022-03-21 05:33:11,908] {scheduler_job.py:643} INFO - DAG(s) dict_keys(['example_kubernetes_executor']) retrieved from /home/airflow/sandbox/lib/python3.8/site-packages/airflow/example_dags/example_kubernetes_executor.py
[2022-03-21 05:33:11,939] {logging_mixin.py:104} INFO - [2022-03-21 05:33:11,938] {dag.py:1832} INFO - Sync 1 DAGs
[2022-03-21 05:33:11,958] {logging_mixin.py:104} INFO - [2022-03-21 05:33:11,958] {dag.py:2305} INFO - Setting next_dagrun for example_kubernetes_executor to None
[2022-03-21 05:33:12,017] {scheduler_job.py:190} INFO - Processing /home/airflow/sandbox/lib/python3.8/site-packages/airflow/example_dags/example_kubernetes_executor.py took 0.138 seconds
[2022-03-21 05:33:55,720] {scheduler_job.py:182} INFO - Started process (PID=10095) to work on /home/airflow/sandbox/lib/python3.8/site-packages/airflow/example_dags/example_kubernetes_executor.py
[2022-03-21 05:33:55,725] {scheduler_job.py:633} INFO - Processing file /home/airflow/sandbox/lib/python3.8/site-packages/airflow/example_dags/example_kubernetes_executor.py for tasks to queue
[2022-03-21 05:33:55,726] {logging_mixin.py:104} INFO - [2022-03-21 05:33:55,726] {dagbag.py:487} INFO - Filling up the DagBag from /home/airflow/sandbox/lib/python3.8/site-packages/airflow/example_dags/example_kubernetes_executor.py
[2022-03-21 05:33:55,742] {scheduler_job.py:643} INFO - DAG(s) dict_keys(['example_kubernetes_executor']) retrieved from /home/airflow/sandbox/lib/python3.8/site-packages/airflow/example_dags/example_kubernetes_executor.py
[2022-03-21 05:33:55,773] {logging_mixin.py:104} INFO - [2022-03-21 05:33:55,773] {dag.py:1832} INFO - Sync 1 DAGs
[2022-03-21 05:33:55,794] {logging_mixin.py:104} INFO - [2022-03-21 05:33:55,794] {dag.py:2305} INFO - Setting next_dagrun for example_kubernetes_executor to None
[2022-03-21 05:33:55,833] {scheduler_job.py:190} INFO - Processing /home/airflow/sandbox/lib/python3.8/site-packages/airflow/example_dags/example_kubernetes_executor.py took 0.118 seconds
[2022-03-21 05:34:40,119] {scheduler_job.py:182} INFO - Started process (PID=10129) to work on /home/airflow/sandbox/lib/python3.8/site-packages/airflow/example_dags/example_kubernetes_executor.py
[2022-03-21 05:34:40,122] {scheduler_job.py:633} INFO - Processing file /home/airflow/sandbox/lib/python3.8/site-packages/airflow/example_dags/example_kubernetes_executor.py for tasks to queue
[2022-03-21 05:34:40,123] {logging_mixin.py:104} INFO - [2022-03-21 05:34:40,123] {dagbag.py:487} INFO - Filling up the DagBag from /home/airflow/sandbox/lib/python3.8/site-packages/airflow/example_dags/example_kubernetes_executor.py
[2022-03-21 05:34:40,146] {scheduler_job.py:643} INFO - DAG(s) dict_keys(['example_kubernetes_executor']) retrieved from /home/airflow/sandbox/lib/python3.8/site-packages/airflow/example_dags/example_kubernetes_executor.py
[2022-03-21 05:34:40,185] {logging_mixin.py:104} INFO - [2022-03-21 05:34:40,185] {dag.py:1832} INFO - Sync 1 DAGs
[2022-03-21 05:34:40,212] {logging_mixin.py:104} INFO - [2022-03-21 05:34:40,212] {dag.py:2305} INFO - Setting next_dagrun for example_kubernetes_executor to None
[2022-03-21 05:34:40,256] {scheduler_job.py:190} INFO - Processing /home/airflow/sandbox/lib/python3.8/site-packages/airflow/example_dags/example_kubernetes_executor.py took 0.148 seconds
[2022-03-21 05:35:28,779] {scheduler_job.py:182} INFO - Started process (PID=10193) to work on /home/airflow/sandbox/lib/python3.8/site-packages/airflow/example_dags/example_kubernetes_executor.py
[2022-03-21 05:35:28,781] {scheduler_job.py:633} INFO - Processing file /home/airflow/sandbox/lib/python3.8/site-packages/airflow/example_dags/example_kubernetes_executor.py for tasks to queue
[2022-03-21 05:35:28,784] {logging_mixin.py:104} INFO - [2022-03-21 05:35:28,782] {dagbag.py:487} INFO - Filling up the DagBag from /home/airflow/sandbox/lib/python3.8/site-packages/airflow/example_dags/example_kubernetes_executor.py
[2022-03-21 05:35:28,804] {scheduler_job.py:643} INFO - DAG(s) dict_keys(['example_kubernetes_executor']) retrieved from /home/airflow/sandbox/lib/python3.8/site-packages/airflow/example_dags/example_kubernetes_executor.py
[2022-03-21 05:35:28,836] {logging_mixin.py:104} INFO - [2022-03-21 05:35:28,836] {dag.py:1832} INFO - Sync 1 DAGs
[2022-03-21 05:35:28,861] {logging_mixin.py:104} INFO - [2022-03-21 05:35:28,861] {dag.py:2305} INFO - Setting next_dagrun for example_kubernetes_executor to None
[2022-03-21 05:35:28,896] {scheduler_job.py:190} INFO - Processing /home/airflow/sandbox/lib/python3.8/site-packages/airflow/example_dags/example_kubernetes_executor.py took 0.128 seconds
[2022-03-21 05:36:14,102] {scheduler_job.py:182} INFO - Started process (PID=10252) to work on /home/airflow/sandbox/lib/python3.8/site-packages/airflow/example_dags/example_kubernetes_executor.py
[2022-03-21 05:36:14,113] {scheduler_job.py:633} INFO - Processing file /home/airflow/sandbox/lib/python3.8/site-packages/airflow/example_dags/example_kubernetes_executor.py for tasks to queue
[2022-03-21 05:36:14,115] {logging_mixin.py:104} INFO - [2022-03-21 05:36:14,114] {dagbag.py:487} INFO - Filling up the DagBag from /home/airflow/sandbox/lib/python3.8/site-packages/airflow/example_dags/example_kubernetes_executor.py
[2022-03-21 05:36:14,134] {scheduler_job.py:643} INFO - DAG(s) dict_keys(['example_kubernetes_executor']) retrieved from /home/airflow/sandbox/lib/python3.8/site-packages/airflow/example_dags/example_kubernetes_executor.py
[2022-03-21 05:36:14,165] {logging_mixin.py:104} INFO - [2022-03-21 05:36:14,164] {dag.py:1832} INFO - Sync 1 DAGs
[2022-03-21 05:36:14,194] {logging_mixin.py:104} INFO - [2022-03-21 05:36:14,194] {dag.py:2305} INFO - Setting next_dagrun for example_kubernetes_executor to None
[2022-03-21 05:36:14,231] {scheduler_job.py:190} INFO - Processing /home/airflow/sandbox/lib/python3.8/site-packages/airflow/example_dags/example_kubernetes_executor.py took 0.135 seconds
[2022-03-21 05:36:59,907] {scheduler_job.py:182} INFO - Started process (PID=10286) to work on /home/airflow/sandbox/lib/python3.8/site-packages/airflow/example_dags/example_kubernetes_executor.py
[2022-03-21 05:36:59,910] {scheduler_job.py:633} INFO - Processing file /home/airflow/sandbox/lib/python3.8/site-packages/airflow/example_dags/example_kubernetes_executor.py for tasks to queue
[2022-03-21 05:36:59,913] {logging_mixin.py:104} INFO - [2022-03-21 05:36:59,913] {dagbag.py:487} INFO - Filling up the DagBag from /home/airflow/sandbox/lib/python3.8/site-packages/airflow/example_dags/example_kubernetes_executor.py
[2022-03-21 05:36:59,936] {scheduler_job.py:643} INFO - DAG(s) dict_keys(['example_kubernetes_executor']) retrieved from /home/airflow/sandbox/lib/python3.8/site-packages/airflow/example_dags/example_kubernetes_executor.py
[2022-03-21 05:37:00,001] {logging_mixin.py:104} INFO - [2022-03-21 05:36:59,996] {dag.py:1832} INFO - Sync 1 DAGs
[2022-03-21 05:37:00,036] {logging_mixin.py:104} INFO - [2022-03-21 05:37:00,036] {dag.py:2305} INFO - Setting next_dagrun for example_kubernetes_executor to None
[2022-03-21 05:37:00,153] {scheduler_job.py:190} INFO - Processing /home/airflow/sandbox/lib/python3.8/site-packages/airflow/example_dags/example_kubernetes_executor.py took 0.256 seconds
[2022-03-21 05:37:43,965] {scheduler_job.py:182} INFO - Started process (PID=10319) to work on /home/airflow/sandbox/lib/python3.8/site-packages/airflow/example_dags/example_kubernetes_executor.py
[2022-03-21 05:37:43,968] {scheduler_job.py:633} INFO - Processing file /home/airflow/sandbox/lib/python3.8/site-packages/airflow/example_dags/example_kubernetes_executor.py for tasks to queue
[2022-03-21 05:37:43,970] {logging_mixin.py:104} INFO - [2022-03-21 05:37:43,969] {dagbag.py:487} INFO - Filling up the DagBag from /home/airflow/sandbox/lib/python3.8/site-packages/airflow/example_dags/example_kubernetes_executor.py
[2022-03-21 05:37:43,987] {scheduler_job.py:643} INFO - DAG(s) dict_keys(['example_kubernetes_executor']) retrieved from /home/airflow/sandbox/lib/python3.8/site-packages/airflow/example_dags/example_kubernetes_executor.py
[2022-03-21 05:37:44,019] {logging_mixin.py:104} INFO - [2022-03-21 05:37:44,019] {dag.py:1832} INFO - Sync 1 DAGs
[2022-03-21 05:37:44,044] {logging_mixin.py:104} INFO - [2022-03-21 05:37:44,044] {dag.py:2305} INFO - Setting next_dagrun for example_kubernetes_executor to None
[2022-03-21 05:37:44,080] {scheduler_job.py:190} INFO - Processing /home/airflow/sandbox/lib/python3.8/site-packages/airflow/example_dags/example_kubernetes_executor.py took 0.125 seconds
[2022-03-21 05:38:26,958] {scheduler_job.py:182} INFO - Started process (PID=10354) to work on /home/airflow/sandbox/lib/python3.8/site-packages/airflow/example_dags/example_kubernetes_executor.py
[2022-03-21 05:38:26,961] {scheduler_job.py:633} INFO - Processing file /home/airflow/sandbox/lib/python3.8/site-packages/airflow/example_dags/example_kubernetes_executor.py for tasks to queue
[2022-03-21 05:38:26,962] {logging_mixin.py:104} INFO - [2022-03-21 05:38:26,962] {dagbag.py:487} INFO - Filling up the DagBag from /home/airflow/sandbox/lib/python3.8/site-packages/airflow/example_dags/example_kubernetes_executor.py
[2022-03-21 05:38:26,982] {scheduler_job.py:643} INFO - DAG(s) dict_keys(['example_kubernetes_executor']) retrieved from /home/airflow/sandbox/lib/python3.8/site-packages/airflow/example_dags/example_kubernetes_executor.py
[2022-03-21 05:38:27,013] {logging_mixin.py:104} INFO - [2022-03-21 05:38:27,013] {dag.py:1832} INFO - Sync 1 DAGs
[2022-03-21 05:38:27,037] {logging_mixin.py:104} INFO - [2022-03-21 05:38:27,036] {dag.py:2305} INFO - Setting next_dagrun for example_kubernetes_executor to None
[2022-03-21 05:38:27,072] {scheduler_job.py:190} INFO - Processing /home/airflow/sandbox/lib/python3.8/site-packages/airflow/example_dags/example_kubernetes_executor.py took 0.125 seconds
[2022-03-21 05:39:10,388] {scheduler_job.py:182} INFO - Started process (PID=10386) to work on /home/airflow/sandbox/lib/python3.8/site-packages/airflow/example_dags/example_kubernetes_executor.py
[2022-03-21 05:39:10,397] {scheduler_job.py:633} INFO - Processing file /home/airflow/sandbox/lib/python3.8/site-packages/airflow/example_dags/example_kubernetes_executor.py for tasks to queue
[2022-03-21 05:39:10,405] {logging_mixin.py:104} INFO - [2022-03-21 05:39:10,405] {dagbag.py:487} INFO - Filling up the DagBag from /home/airflow/sandbox/lib/python3.8/site-packages/airflow/example_dags/example_kubernetes_executor.py
[2022-03-21 05:39:10,439] {scheduler_job.py:643} INFO - DAG(s) dict_keys(['example_kubernetes_executor']) retrieved from /home/airflow/sandbox/lib/python3.8/site-packages/airflow/example_dags/example_kubernetes_executor.py
[2022-03-21 05:39:10,503] {logging_mixin.py:104} INFO - [2022-03-21 05:39:10,503] {dag.py:1832} INFO - Sync 1 DAGs
[2022-03-21 05:39:10,556] {logging_mixin.py:104} INFO - [2022-03-21 05:39:10,556] {dag.py:2305} INFO - Setting next_dagrun for example_kubernetes_executor to None
[2022-03-21 05:39:10,632] {scheduler_job.py:190} INFO - Processing /home/airflow/sandbox/lib/python3.8/site-packages/airflow/example_dags/example_kubernetes_executor.py took 0.260 seconds
[2022-03-21 05:39:59,380] {scheduler_job.py:182} INFO - Started process (PID=10421) to work on /home/airflow/sandbox/lib/python3.8/site-packages/airflow/example_dags/example_kubernetes_executor.py
[2022-03-21 05:39:59,382] {scheduler_job.py:633} INFO - Processing file /home/airflow/sandbox/lib/python3.8/site-packages/airflow/example_dags/example_kubernetes_executor.py for tasks to queue
[2022-03-21 05:39:59,384] {logging_mixin.py:104} INFO - [2022-03-21 05:39:59,383] {dagbag.py:487} INFO - Filling up the DagBag from /home/airflow/sandbox/lib/python3.8/site-packages/airflow/example_dags/example_kubernetes_executor.py
[2022-03-21 05:39:59,404] {scheduler_job.py:643} INFO - DAG(s) dict_keys(['example_kubernetes_executor']) retrieved from /home/airflow/sandbox/lib/python3.8/site-packages/airflow/example_dags/example_kubernetes_executor.py
[2022-03-21 05:39:59,439] {logging_mixin.py:104} INFO - [2022-03-21 05:39:59,439] {dag.py:1832} INFO - Sync 1 DAGs
[2022-03-21 05:39:59,461] {logging_mixin.py:104} INFO - [2022-03-21 05:39:59,460] {dag.py:2305} INFO - Setting next_dagrun for example_kubernetes_executor to None
[2022-03-21 05:39:59,522] {scheduler_job.py:190} INFO - Processing /home/airflow/sandbox/lib/python3.8/site-packages/airflow/example_dags/example_kubernetes_executor.py took 0.149 seconds
[2022-03-21 05:40:50,255] {scheduler_job.py:182} INFO - Started process (PID=10516) to work on /home/airflow/sandbox/lib/python3.8/site-packages/airflow/example_dags/example_kubernetes_executor.py
[2022-03-21 05:40:50,259] {scheduler_job.py:633} INFO - Processing file /home/airflow/sandbox/lib/python3.8/site-packages/airflow/example_dags/example_kubernetes_executor.py for tasks to queue
[2022-03-21 05:40:50,260] {logging_mixin.py:104} INFO - [2022-03-21 05:40:50,260] {dagbag.py:487} INFO - Filling up the DagBag from /home/airflow/sandbox/lib/python3.8/site-packages/airflow/example_dags/example_kubernetes_executor.py
[2022-03-21 05:40:50,285] {scheduler_job.py:643} INFO - DAG(s) dict_keys(['example_kubernetes_executor']) retrieved from /home/airflow/sandbox/lib/python3.8/site-packages/airflow/example_dags/example_kubernetes_executor.py
[2022-03-21 05:40:50,318] {logging_mixin.py:104} INFO - [2022-03-21 05:40:50,318] {dag.py:1832} INFO - Sync 1 DAGs
[2022-03-21 05:40:50,350] {logging_mixin.py:104} INFO - [2022-03-21 05:40:50,350] {dag.py:2305} INFO - Setting next_dagrun for example_kubernetes_executor to None
[2022-03-21 05:40:50,390] {scheduler_job.py:190} INFO - Processing /home/airflow/sandbox/lib/python3.8/site-packages/airflow/example_dags/example_kubernetes_executor.py took 0.144 seconds
[2022-03-21 05:41:35,522] {scheduler_job.py:182} INFO - Started process (PID=10550) to work on /home/airflow/sandbox/lib/python3.8/site-packages/airflow/example_dags/example_kubernetes_executor.py
[2022-03-21 05:41:35,527] {scheduler_job.py:633} INFO - Processing file /home/airflow/sandbox/lib/python3.8/site-packages/airflow/example_dags/example_kubernetes_executor.py for tasks to queue
[2022-03-21 05:41:35,529] {logging_mixin.py:104} INFO - [2022-03-21 05:41:35,529] {dagbag.py:487} INFO - Filling up the DagBag from /home/airflow/sandbox/lib/python3.8/site-packages/airflow/example_dags/example_kubernetes_executor.py
[2022-03-21 05:41:35,566] {scheduler_job.py:643} INFO - DAG(s) dict_keys(['example_kubernetes_executor']) retrieved from /home/airflow/sandbox/lib/python3.8/site-packages/airflow/example_dags/example_kubernetes_executor.py
[2022-03-21 05:41:35,620] {logging_mixin.py:104} INFO - [2022-03-21 05:41:35,618] {dag.py:1832} INFO - Sync 1 DAGs
[2022-03-21 05:41:35,683] {logging_mixin.py:104} INFO - [2022-03-21 05:41:35,683] {dag.py:2305} INFO - Setting next_dagrun for example_kubernetes_executor to None
[2022-03-21 05:41:35,757] {scheduler_job.py:190} INFO - Processing /home/airflow/sandbox/lib/python3.8/site-packages/airflow/example_dags/example_kubernetes_executor.py took 0.249 seconds
[2022-03-21 05:42:21,601] {scheduler_job.py:182} INFO - Started process (PID=10584) to work on /home/airflow/sandbox/lib/python3.8/site-packages/airflow/example_dags/example_kubernetes_executor.py
[2022-03-21 05:42:21,608] {scheduler_job.py:633} INFO - Processing file /home/airflow/sandbox/lib/python3.8/site-packages/airflow/example_dags/example_kubernetes_executor.py for tasks to queue
[2022-03-21 05:42:21,610] {logging_mixin.py:104} INFO - [2022-03-21 05:42:21,610] {dagbag.py:487} INFO - Filling up the DagBag from /home/airflow/sandbox/lib/python3.8/site-packages/airflow/example_dags/example_kubernetes_executor.py
[2022-03-21 05:42:21,643] {scheduler_job.py:643} INFO - DAG(s) dict_keys(['example_kubernetes_executor']) retrieved from /home/airflow/sandbox/lib/python3.8/site-packages/airflow/example_dags/example_kubernetes_executor.py
[2022-03-21 05:42:21,699] {logging_mixin.py:104} INFO - [2022-03-21 05:42:21,698] {dag.py:1832} INFO - Sync 1 DAGs
[2022-03-21 05:42:21,751] {logging_mixin.py:104} INFO - [2022-03-21 05:42:21,745] {dag.py:2305} INFO - Setting next_dagrun for example_kubernetes_executor to None
[2022-03-21 05:42:21,845] {scheduler_job.py:190} INFO - Processing /home/airflow/sandbox/lib/python3.8/site-packages/airflow/example_dags/example_kubernetes_executor.py took 0.254 seconds
[2022-03-21 05:43:13,822] {scheduler_job.py:182} INFO - Started process (PID=10619) to work on /home/airflow/sandbox/lib/python3.8/site-packages/airflow/example_dags/example_kubernetes_executor.py
[2022-03-21 05:43:13,825] {scheduler_job.py:633} INFO - Processing file /home/airflow/sandbox/lib/python3.8/site-packages/airflow/example_dags/example_kubernetes_executor.py for tasks to queue
[2022-03-21 05:43:13,827] {logging_mixin.py:104} INFO - [2022-03-21 05:43:13,826] {dagbag.py:487} INFO - Filling up the DagBag from /home/airflow/sandbox/lib/python3.8/site-packages/airflow/example_dags/example_kubernetes_executor.py
[2022-03-21 05:43:13,852] {scheduler_job.py:643} INFO - DAG(s) dict_keys(['example_kubernetes_executor']) retrieved from /home/airflow/sandbox/lib/python3.8/site-packages/airflow/example_dags/example_kubernetes_executor.py
[2022-03-21 05:43:13,895] {logging_mixin.py:104} INFO - [2022-03-21 05:43:13,894] {dag.py:1832} INFO - Sync 1 DAGs
[2022-03-21 05:43:13,925] {logging_mixin.py:104} INFO - [2022-03-21 05:43:13,925] {dag.py:2305} INFO - Setting next_dagrun for example_kubernetes_executor to None
[2022-03-21 05:43:13,966] {scheduler_job.py:190} INFO - Processing /home/airflow/sandbox/lib/python3.8/site-packages/airflow/example_dags/example_kubernetes_executor.py took 0.150 seconds
[2022-03-21 05:44:11,941] {scheduler_job.py:182} INFO - Started process (PID=10659) to work on /home/airflow/sandbox/lib/python3.8/site-packages/airflow/example_dags/example_kubernetes_executor.py
[2022-03-21 05:44:11,944] {scheduler_job.py:633} INFO - Processing file /home/airflow/sandbox/lib/python3.8/site-packages/airflow/example_dags/example_kubernetes_executor.py for tasks to queue
[2022-03-21 05:44:11,945] {logging_mixin.py:104} INFO - [2022-03-21 05:44:11,945] {dagbag.py:487} INFO - Filling up the DagBag from /home/airflow/sandbox/lib/python3.8/site-packages/airflow/example_dags/example_kubernetes_executor.py
[2022-03-21 05:44:11,961] {scheduler_job.py:643} INFO - DAG(s) dict_keys(['example_kubernetes_executor']) retrieved from /home/airflow/sandbox/lib/python3.8/site-packages/airflow/example_dags/example_kubernetes_executor.py
[2022-03-21 05:44:11,994] {logging_mixin.py:104} INFO - [2022-03-21 05:44:11,993] {dag.py:1832} INFO - Sync 1 DAGs
[2022-03-21 05:44:12,016] {logging_mixin.py:104} INFO - [2022-03-21 05:44:12,016] {dag.py:2305} INFO - Setting next_dagrun for example_kubernetes_executor to None
[2022-03-21 05:44:12,122] {scheduler_job.py:190} INFO - Processing /home/airflow/sandbox/lib/python3.8/site-packages/airflow/example_dags/example_kubernetes_executor.py took 0.190 seconds
[2022-03-21 05:45:04,681] {scheduler_job.py:182} INFO - Started process (PID=10696) to work on /home/airflow/sandbox/lib/python3.8/site-packages/airflow/example_dags/example_kubernetes_executor.py
[2022-03-21 05:45:04,686] {scheduler_job.py:633} INFO - Processing file /home/airflow/sandbox/lib/python3.8/site-packages/airflow/example_dags/example_kubernetes_executor.py for tasks to queue
[2022-03-21 05:45:04,688] {logging_mixin.py:104} INFO - [2022-03-21 05:45:04,687] {dagbag.py:487} INFO - Filling up the DagBag from /home/airflow/sandbox/lib/python3.8/site-packages/airflow/example_dags/example_kubernetes_executor.py
[2022-03-21 05:45:04,708] {scheduler_job.py:643} INFO - DAG(s) dict_keys(['example_kubernetes_executor']) retrieved from /home/airflow/sandbox/lib/python3.8/site-packages/airflow/example_dags/example_kubernetes_executor.py
[2022-03-21 05:45:04,786] {logging_mixin.py:104} INFO - [2022-03-21 05:45:04,786] {dag.py:1832} INFO - Sync 1 DAGs
[2022-03-21 05:45:04,815] {logging_mixin.py:104} INFO - [2022-03-21 05:45:04,815] {dag.py:2305} INFO - Setting next_dagrun for example_kubernetes_executor to None
[2022-03-21 05:45:04,858] {scheduler_job.py:190} INFO - Processing /home/airflow/sandbox/lib/python3.8/site-packages/airflow/example_dags/example_kubernetes_executor.py took 0.183 seconds
[2022-03-21 05:45:48,850] {scheduler_job.py:182} INFO - Started process (PID=10786) to work on /home/airflow/sandbox/lib/python3.8/site-packages/airflow/example_dags/example_kubernetes_executor.py
[2022-03-21 05:45:48,853] {scheduler_job.py:633} INFO - Processing file /home/airflow/sandbox/lib/python3.8/site-packages/airflow/example_dags/example_kubernetes_executor.py for tasks to queue
[2022-03-21 05:45:48,854] {logging_mixin.py:104} INFO - [2022-03-21 05:45:48,854] {dagbag.py:487} INFO - Filling up the DagBag from /home/airflow/sandbox/lib/python3.8/site-packages/airflow/example_dags/example_kubernetes_executor.py
[2022-03-21 05:45:48,876] {scheduler_job.py:643} INFO - DAG(s) dict_keys(['example_kubernetes_executor']) retrieved from /home/airflow/sandbox/lib/python3.8/site-packages/airflow/example_dags/example_kubernetes_executor.py
[2022-03-21 05:45:48,911] {logging_mixin.py:104} INFO - [2022-03-21 05:45:48,911] {dag.py:1832} INFO - Sync 1 DAGs
[2022-03-21 05:45:48,936] {logging_mixin.py:104} INFO - [2022-03-21 05:45:48,936] {dag.py:2305} INFO - Setting next_dagrun for example_kubernetes_executor to None
[2022-03-21 05:45:48,978] {scheduler_job.py:190} INFO - Processing /home/airflow/sandbox/lib/python3.8/site-packages/airflow/example_dags/example_kubernetes_executor.py took 0.136 seconds
[2022-03-21 05:47:08,846] {scheduler_job.py:182} INFO - Started process (PID=11421) to work on /home/airflow/sandbox/lib/python3.8/site-packages/airflow/example_dags/example_kubernetes_executor.py
[2022-03-21 05:47:08,850] {scheduler_job.py:633} INFO - Processing file /home/airflow/sandbox/lib/python3.8/site-packages/airflow/example_dags/example_kubernetes_executor.py for tasks to queue
[2022-03-21 05:47:08,853] {logging_mixin.py:104} INFO - [2022-03-21 05:47:08,853] {dagbag.py:487} INFO - Filling up the DagBag from /home/airflow/sandbox/lib/python3.8/site-packages/airflow/example_dags/example_kubernetes_executor.py
[2022-03-21 05:47:08,872] {scheduler_job.py:643} INFO - DAG(s) dict_keys(['example_kubernetes_executor']) retrieved from /home/airflow/sandbox/lib/python3.8/site-packages/airflow/example_dags/example_kubernetes_executor.py
[2022-03-21 05:47:08,947] {logging_mixin.py:104} INFO - [2022-03-21 05:47:08,947] {dag.py:1832} INFO - Sync 1 DAGs
[2022-03-21 05:47:09,040] {logging_mixin.py:104} INFO - [2022-03-21 05:47:09,040] {dag.py:2305} INFO - Setting next_dagrun for example_kubernetes_executor to None
[2022-03-21 05:47:09,082] {scheduler_job.py:190} INFO - Processing /home/airflow/sandbox/lib/python3.8/site-packages/airflow/example_dags/example_kubernetes_executor.py took 0.249 seconds
[2022-03-21 05:48:06,864] {scheduler_job.py:182} INFO - Started process (PID=11788) to work on /home/airflow/sandbox/lib/python3.8/site-packages/airflow/example_dags/example_kubernetes_executor.py
[2022-03-21 05:48:06,868] {scheduler_job.py:633} INFO - Processing file /home/airflow/sandbox/lib/python3.8/site-packages/airflow/example_dags/example_kubernetes_executor.py for tasks to queue
[2022-03-21 05:48:06,870] {logging_mixin.py:104} INFO - [2022-03-21 05:48:06,870] {dagbag.py:487} INFO - Filling up the DagBag from /home/airflow/sandbox/lib/python3.8/site-packages/airflow/example_dags/example_kubernetes_executor.py
[2022-03-21 05:48:06,891] {scheduler_job.py:643} INFO - DAG(s) dict_keys(['example_kubernetes_executor']) retrieved from /home/airflow/sandbox/lib/python3.8/site-packages/airflow/example_dags/example_kubernetes_executor.py
[2022-03-21 05:48:06,929] {logging_mixin.py:104} INFO - [2022-03-21 05:48:06,929] {dag.py:1832} INFO - Sync 1 DAGs
[2022-03-21 05:48:06,958] {logging_mixin.py:104} INFO - [2022-03-21 05:48:06,958] {dag.py:2305} INFO - Setting next_dagrun for example_kubernetes_executor to None
[2022-03-21 05:48:07,004] {scheduler_job.py:190} INFO - Processing /home/airflow/sandbox/lib/python3.8/site-packages/airflow/example_dags/example_kubernetes_executor.py took 0.147 seconds
[2022-03-21 05:48:54,529] {scheduler_job.py:182} INFO - Started process (PID=12033) to work on /home/airflow/sandbox/lib/python3.8/site-packages/airflow/example_dags/example_kubernetes_executor.py
[2022-03-21 05:48:54,545] {scheduler_job.py:633} INFO - Processing file /home/airflow/sandbox/lib/python3.8/site-packages/airflow/example_dags/example_kubernetes_executor.py for tasks to queue
[2022-03-21 05:48:54,551] {logging_mixin.py:104} INFO - [2022-03-21 05:48:54,550] {dagbag.py:487} INFO - Filling up the DagBag from /home/airflow/sandbox/lib/python3.8/site-packages/airflow/example_dags/example_kubernetes_executor.py
[2022-03-21 05:48:54,577] {scheduler_job.py:643} INFO - DAG(s) dict_keys(['example_kubernetes_executor']) retrieved from /home/airflow/sandbox/lib/python3.8/site-packages/airflow/example_dags/example_kubernetes_executor.py
[2022-03-21 05:48:54,637] {logging_mixin.py:104} INFO - [2022-03-21 05:48:54,637] {dag.py:1832} INFO - Sync 1 DAGs
[2022-03-21 05:48:54,675] {logging_mixin.py:104} INFO - [2022-03-21 05:48:54,674] {dag.py:2305} INFO - Setting next_dagrun for example_kubernetes_executor to None
[2022-03-21 05:48:54,715] {scheduler_job.py:190} INFO - Processing /home/airflow/sandbox/lib/python3.8/site-packages/airflow/example_dags/example_kubernetes_executor.py took 0.197 seconds
[2022-03-21 05:49:43,253] {scheduler_job.py:182} INFO - Started process (PID=12079) to work on /home/airflow/sandbox/lib/python3.8/site-packages/airflow/example_dags/example_kubernetes_executor.py
[2022-03-21 05:49:43,263] {scheduler_job.py:633} INFO - Processing file /home/airflow/sandbox/lib/python3.8/site-packages/airflow/example_dags/example_kubernetes_executor.py for tasks to queue
[2022-03-21 05:49:43,274] {logging_mixin.py:104} INFO - [2022-03-21 05:49:43,274] {dagbag.py:487} INFO - Filling up the DagBag from /home/airflow/sandbox/lib/python3.8/site-packages/airflow/example_dags/example_kubernetes_executor.py
[2022-03-21 05:49:43,306] {scheduler_job.py:643} INFO - DAG(s) dict_keys(['example_kubernetes_executor']) retrieved from /home/airflow/sandbox/lib/python3.8/site-packages/airflow/example_dags/example_kubernetes_executor.py
[2022-03-21 05:49:43,395] {logging_mixin.py:104} INFO - [2022-03-21 05:49:43,395] {dag.py:1832} INFO - Sync 1 DAGs
[2022-03-21 05:49:43,514] {logging_mixin.py:104} INFO - [2022-03-21 05:49:43,514] {dag.py:2305} INFO - Setting next_dagrun for example_kubernetes_executor to None
[2022-03-21 05:49:43,614] {scheduler_job.py:190} INFO - Processing /home/airflow/sandbox/lib/python3.8/site-packages/airflow/example_dags/example_kubernetes_executor.py took 0.390 seconds
[2022-03-21 05:50:35,254] {scheduler_job.py:182} INFO - Started process (PID=12394) to work on /home/airflow/sandbox/lib/python3.8/site-packages/airflow/example_dags/example_kubernetes_executor.py
[2022-03-21 05:50:35,261] {scheduler_job.py:633} INFO - Processing file /home/airflow/sandbox/lib/python3.8/site-packages/airflow/example_dags/example_kubernetes_executor.py for tasks to queue
[2022-03-21 05:50:35,264] {logging_mixin.py:104} INFO - [2022-03-21 05:50:35,264] {dagbag.py:487} INFO - Filling up the DagBag from /home/airflow/sandbox/lib/python3.8/site-packages/airflow/example_dags/example_kubernetes_executor.py
[2022-03-21 05:50:35,292] {scheduler_job.py:643} INFO - DAG(s) dict_keys(['example_kubernetes_executor']) retrieved from /home/airflow/sandbox/lib/python3.8/site-packages/airflow/example_dags/example_kubernetes_executor.py
[2022-03-21 05:50:35,351] {logging_mixin.py:104} INFO - [2022-03-21 05:50:35,351] {dag.py:1832} INFO - Sync 1 DAGs
[2022-03-21 05:50:35,393] {logging_mixin.py:104} INFO - [2022-03-21 05:50:35,392] {dag.py:2305} INFO - Setting next_dagrun for example_kubernetes_executor to None
[2022-03-21 05:50:35,450] {scheduler_job.py:190} INFO - Processing /home/airflow/sandbox/lib/python3.8/site-packages/airflow/example_dags/example_kubernetes_executor.py took 0.207 seconds
