[2022-03-21 05:14:40,123] {scheduler_job.py:182} INFO - Started process (PID=8189) to work on /home/airflow/sandbox/lib/python3.8/site-packages/airflow/example_dags/example_trigger_target_dag.py
[2022-03-21 05:14:40,125] {scheduler_job.py:633} INFO - Processing file /home/airflow/sandbox/lib/python3.8/site-packages/airflow/example_dags/example_trigger_target_dag.py for tasks to queue
[2022-03-21 05:14:40,126] {logging_mixin.py:104} INFO - [2022-03-21 05:14:40,126] {dagbag.py:487} INFO - Filling up the DagBag from /home/airflow/sandbox/lib/python3.8/site-packages/airflow/example_dags/example_trigger_target_dag.py
[2022-03-21 05:14:40,146] {scheduler_job.py:643} INFO - DAG(s) dict_keys(['example_trigger_target_dag']) retrieved from /home/airflow/sandbox/lib/python3.8/site-packages/airflow/example_dags/example_trigger_target_dag.py
[2022-03-21 05:14:40,751] {logging_mixin.py:104} INFO - [2022-03-21 05:14:40,751] {dag.py:1832} INFO - Sync 1 DAGs
[2022-03-21 05:14:40,769] {logging_mixin.py:104} INFO - [2022-03-21 05:14:40,769] {dag.py:2305} INFO - Setting next_dagrun for example_trigger_target_dag to None
[2022-03-21 05:14:40,804] {scheduler_job.py:190} INFO - Processing /home/airflow/sandbox/lib/python3.8/site-packages/airflow/example_dags/example_trigger_target_dag.py took 0.688 seconds
[2022-03-21 05:16:04,898] {scheduler_job.py:182} INFO - Started process (PID=8684) to work on /home/airflow/sandbox/lib/python3.8/site-packages/airflow/example_dags/example_trigger_target_dag.py
[2022-03-21 05:16:04,900] {scheduler_job.py:633} INFO - Processing file /home/airflow/sandbox/lib/python3.8/site-packages/airflow/example_dags/example_trigger_target_dag.py for tasks to queue
[2022-03-21 05:16:04,901] {logging_mixin.py:104} INFO - [2022-03-21 05:16:04,901] {dagbag.py:487} INFO - Filling up the DagBag from /home/airflow/sandbox/lib/python3.8/site-packages/airflow/example_dags/example_trigger_target_dag.py
[2022-03-21 05:16:04,934] {scheduler_job.py:643} INFO - DAG(s) dict_keys(['example_trigger_target_dag']) retrieved from /home/airflow/sandbox/lib/python3.8/site-packages/airflow/example_dags/example_trigger_target_dag.py
[2022-03-21 05:16:04,966] {logging_mixin.py:104} INFO - [2022-03-21 05:16:04,966] {dag.py:1832} INFO - Sync 1 DAGs
[2022-03-21 05:16:04,990] {logging_mixin.py:104} INFO - [2022-03-21 05:16:04,990] {dag.py:2305} INFO - Setting next_dagrun for example_trigger_target_dag to None
[2022-03-21 05:16:05,058] {scheduler_job.py:190} INFO - Processing /home/airflow/sandbox/lib/python3.8/site-packages/airflow/example_dags/example_trigger_target_dag.py took 0.168 seconds
[2022-03-21 05:16:51,659] {scheduler_job.py:182} INFO - Started process (PID=8898) to work on /home/airflow/sandbox/lib/python3.8/site-packages/airflow/example_dags/example_trigger_target_dag.py
[2022-03-21 05:16:51,663] {scheduler_job.py:633} INFO - Processing file /home/airflow/sandbox/lib/python3.8/site-packages/airflow/example_dags/example_trigger_target_dag.py for tasks to queue
[2022-03-21 05:16:51,665] {logging_mixin.py:104} INFO - [2022-03-21 05:16:51,664] {dagbag.py:487} INFO - Filling up the DagBag from /home/airflow/sandbox/lib/python3.8/site-packages/airflow/example_dags/example_trigger_target_dag.py
[2022-03-21 05:16:51,687] {scheduler_job.py:643} INFO - DAG(s) dict_keys(['example_trigger_target_dag']) retrieved from /home/airflow/sandbox/lib/python3.8/site-packages/airflow/example_dags/example_trigger_target_dag.py
[2022-03-21 05:16:51,716] {logging_mixin.py:104} INFO - [2022-03-21 05:16:51,716] {dag.py:1832} INFO - Sync 1 DAGs
[2022-03-21 05:16:51,736] {logging_mixin.py:104} INFO - [2022-03-21 05:16:51,736] {dag.py:2305} INFO - Setting next_dagrun for example_trigger_target_dag to None
[2022-03-21 05:16:51,773] {scheduler_job.py:190} INFO - Processing /home/airflow/sandbox/lib/python3.8/site-packages/airflow/example_dags/example_trigger_target_dag.py took 0.125 seconds
[2022-03-21 05:17:39,618] {scheduler_job.py:182} INFO - Started process (PID=9147) to work on /home/airflow/sandbox/lib/python3.8/site-packages/airflow/example_dags/example_trigger_target_dag.py
[2022-03-21 05:17:39,620] {scheduler_job.py:633} INFO - Processing file /home/airflow/sandbox/lib/python3.8/site-packages/airflow/example_dags/example_trigger_target_dag.py for tasks to queue
[2022-03-21 05:17:39,621] {logging_mixin.py:104} INFO - [2022-03-21 05:17:39,621] {dagbag.py:487} INFO - Filling up the DagBag from /home/airflow/sandbox/lib/python3.8/site-packages/airflow/example_dags/example_trigger_target_dag.py
[2022-03-21 05:17:39,641] {scheduler_job.py:643} INFO - DAG(s) dict_keys(['example_trigger_target_dag']) retrieved from /home/airflow/sandbox/lib/python3.8/site-packages/airflow/example_dags/example_trigger_target_dag.py
[2022-03-21 05:17:39,672] {logging_mixin.py:104} INFO - [2022-03-21 05:17:39,671] {dag.py:1832} INFO - Sync 1 DAGs
[2022-03-21 05:17:39,694] {logging_mixin.py:104} INFO - [2022-03-21 05:17:39,694] {dag.py:2305} INFO - Setting next_dagrun for example_trigger_target_dag to None
[2022-03-21 05:17:39,728] {scheduler_job.py:190} INFO - Processing /home/airflow/sandbox/lib/python3.8/site-packages/airflow/example_dags/example_trigger_target_dag.py took 0.117 seconds
[2022-03-21 05:18:26,302] {scheduler_job.py:182} INFO - Started process (PID=9239) to work on /home/airflow/sandbox/lib/python3.8/site-packages/airflow/example_dags/example_trigger_target_dag.py
[2022-03-21 05:18:26,308] {scheduler_job.py:633} INFO - Processing file /home/airflow/sandbox/lib/python3.8/site-packages/airflow/example_dags/example_trigger_target_dag.py for tasks to queue
[2022-03-21 05:18:26,311] {logging_mixin.py:104} INFO - [2022-03-21 05:18:26,311] {dagbag.py:487} INFO - Filling up the DagBag from /home/airflow/sandbox/lib/python3.8/site-packages/airflow/example_dags/example_trigger_target_dag.py
[2022-03-21 05:18:26,332] {scheduler_job.py:643} INFO - DAG(s) dict_keys(['example_trigger_target_dag']) retrieved from /home/airflow/sandbox/lib/python3.8/site-packages/airflow/example_dags/example_trigger_target_dag.py
[2022-03-21 05:18:26,365] {logging_mixin.py:104} INFO - [2022-03-21 05:18:26,365] {dag.py:1832} INFO - Sync 1 DAGs
[2022-03-21 05:18:26,390] {logging_mixin.py:104} INFO - [2022-03-21 05:18:26,390] {dag.py:2305} INFO - Setting next_dagrun for example_trigger_target_dag to None
[2022-03-21 05:18:26,433] {scheduler_job.py:190} INFO - Processing /home/airflow/sandbox/lib/python3.8/site-packages/airflow/example_dags/example_trigger_target_dag.py took 0.137 seconds
[2022-03-21 05:19:15,497] {scheduler_job.py:182} INFO - Started process (PID=9276) to work on /home/airflow/sandbox/lib/python3.8/site-packages/airflow/example_dags/example_trigger_target_dag.py
[2022-03-21 05:19:15,499] {scheduler_job.py:633} INFO - Processing file /home/airflow/sandbox/lib/python3.8/site-packages/airflow/example_dags/example_trigger_target_dag.py for tasks to queue
[2022-03-21 05:19:15,508] {logging_mixin.py:104} INFO - [2022-03-21 05:19:15,500] {dagbag.py:487} INFO - Filling up the DagBag from /home/airflow/sandbox/lib/python3.8/site-packages/airflow/example_dags/example_trigger_target_dag.py
[2022-03-21 05:19:15,539] {scheduler_job.py:643} INFO - DAG(s) dict_keys(['example_trigger_target_dag']) retrieved from /home/airflow/sandbox/lib/python3.8/site-packages/airflow/example_dags/example_trigger_target_dag.py
[2022-03-21 05:19:15,573] {logging_mixin.py:104} INFO - [2022-03-21 05:19:15,572] {dag.py:1832} INFO - Sync 1 DAGs
[2022-03-21 05:19:15,593] {logging_mixin.py:104} INFO - [2022-03-21 05:19:15,593] {dag.py:2305} INFO - Setting next_dagrun for example_trigger_target_dag to None
[2022-03-21 05:19:15,631] {scheduler_job.py:190} INFO - Processing /home/airflow/sandbox/lib/python3.8/site-packages/airflow/example_dags/example_trigger_target_dag.py took 0.144 seconds
[2022-03-21 05:19:59,289] {scheduler_job.py:182} INFO - Started process (PID=9310) to work on /home/airflow/sandbox/lib/python3.8/site-packages/airflow/example_dags/example_trigger_target_dag.py
[2022-03-21 05:19:59,291] {scheduler_job.py:633} INFO - Processing file /home/airflow/sandbox/lib/python3.8/site-packages/airflow/example_dags/example_trigger_target_dag.py for tasks to queue
[2022-03-21 05:19:59,292] {logging_mixin.py:104} INFO - [2022-03-21 05:19:59,292] {dagbag.py:487} INFO - Filling up the DagBag from /home/airflow/sandbox/lib/python3.8/site-packages/airflow/example_dags/example_trigger_target_dag.py
[2022-03-21 05:19:59,314] {scheduler_job.py:643} INFO - DAG(s) dict_keys(['example_trigger_target_dag']) retrieved from /home/airflow/sandbox/lib/python3.8/site-packages/airflow/example_dags/example_trigger_target_dag.py
[2022-03-21 05:19:59,339] {logging_mixin.py:104} INFO - [2022-03-21 05:19:59,339] {dag.py:1832} INFO - Sync 1 DAGs
[2022-03-21 05:19:59,361] {logging_mixin.py:104} INFO - [2022-03-21 05:19:59,361] {dag.py:2305} INFO - Setting next_dagrun for example_trigger_target_dag to None
[2022-03-21 05:19:59,421] {scheduler_job.py:190} INFO - Processing /home/airflow/sandbox/lib/python3.8/site-packages/airflow/example_dags/example_trigger_target_dag.py took 0.139 seconds
[2022-03-21 05:20:42,665] {scheduler_job.py:182} INFO - Started process (PID=9399) to work on /home/airflow/sandbox/lib/python3.8/site-packages/airflow/example_dags/example_trigger_target_dag.py
[2022-03-21 05:20:42,668] {scheduler_job.py:633} INFO - Processing file /home/airflow/sandbox/lib/python3.8/site-packages/airflow/example_dags/example_trigger_target_dag.py for tasks to queue
[2022-03-21 05:20:42,669] {logging_mixin.py:104} INFO - [2022-03-21 05:20:42,669] {dagbag.py:487} INFO - Filling up the DagBag from /home/airflow/sandbox/lib/python3.8/site-packages/airflow/example_dags/example_trigger_target_dag.py
[2022-03-21 05:20:42,705] {scheduler_job.py:643} INFO - DAG(s) dict_keys(['example_trigger_target_dag']) retrieved from /home/airflow/sandbox/lib/python3.8/site-packages/airflow/example_dags/example_trigger_target_dag.py
[2022-03-21 05:20:42,734] {logging_mixin.py:104} INFO - [2022-03-21 05:20:42,734] {dag.py:1832} INFO - Sync 1 DAGs
[2022-03-21 05:20:42,756] {logging_mixin.py:104} INFO - [2022-03-21 05:20:42,756] {dag.py:2305} INFO - Setting next_dagrun for example_trigger_target_dag to None
[2022-03-21 05:20:42,795] {scheduler_job.py:190} INFO - Processing /home/airflow/sandbox/lib/python3.8/site-packages/airflow/example_dags/example_trigger_target_dag.py took 0.140 seconds
[2022-03-21 05:21:37,413] {scheduler_job.py:182} INFO - Started process (PID=9435) to work on /home/airflow/sandbox/lib/python3.8/site-packages/airflow/example_dags/example_trigger_target_dag.py
[2022-03-21 05:21:37,417] {scheduler_job.py:633} INFO - Processing file /home/airflow/sandbox/lib/python3.8/site-packages/airflow/example_dags/example_trigger_target_dag.py for tasks to queue
[2022-03-21 05:21:37,418] {logging_mixin.py:104} INFO - [2022-03-21 05:21:37,418] {dagbag.py:487} INFO - Filling up the DagBag from /home/airflow/sandbox/lib/python3.8/site-packages/airflow/example_dags/example_trigger_target_dag.py
[2022-03-21 05:21:37,439] {scheduler_job.py:643} INFO - DAG(s) dict_keys(['example_trigger_target_dag']) retrieved from /home/airflow/sandbox/lib/python3.8/site-packages/airflow/example_dags/example_trigger_target_dag.py
[2022-03-21 05:21:37,470] {logging_mixin.py:104} INFO - [2022-03-21 05:21:37,469] {dag.py:1832} INFO - Sync 1 DAGs
[2022-03-21 05:21:37,494] {logging_mixin.py:104} INFO - [2022-03-21 05:21:37,494] {dag.py:2305} INFO - Setting next_dagrun for example_trigger_target_dag to None
[2022-03-21 05:21:37,526] {scheduler_job.py:190} INFO - Processing /home/airflow/sandbox/lib/python3.8/site-packages/airflow/example_dags/example_trigger_target_dag.py took 0.122 seconds
[2022-03-21 05:22:26,204] {scheduler_job.py:182} INFO - Started process (PID=9471) to work on /home/airflow/sandbox/lib/python3.8/site-packages/airflow/example_dags/example_trigger_target_dag.py
[2022-03-21 05:22:26,209] {scheduler_job.py:633} INFO - Processing file /home/airflow/sandbox/lib/python3.8/site-packages/airflow/example_dags/example_trigger_target_dag.py for tasks to queue
[2022-03-21 05:22:26,213] {logging_mixin.py:104} INFO - [2022-03-21 05:22:26,213] {dagbag.py:487} INFO - Filling up the DagBag from /home/airflow/sandbox/lib/python3.8/site-packages/airflow/example_dags/example_trigger_target_dag.py
[2022-03-21 05:22:26,296] {scheduler_job.py:643} INFO - DAG(s) dict_keys(['example_trigger_target_dag']) retrieved from /home/airflow/sandbox/lib/python3.8/site-packages/airflow/example_dags/example_trigger_target_dag.py
[2022-03-21 05:22:26,376] {logging_mixin.py:104} INFO - [2022-03-21 05:22:26,376] {dag.py:1832} INFO - Sync 1 DAGs
[2022-03-21 05:22:26,405] {logging_mixin.py:104} INFO - [2022-03-21 05:22:26,405] {dag.py:2305} INFO - Setting next_dagrun for example_trigger_target_dag to None
[2022-03-21 05:22:26,462] {scheduler_job.py:190} INFO - Processing /home/airflow/sandbox/lib/python3.8/site-packages/airflow/example_dags/example_trigger_target_dag.py took 0.276 seconds
[2022-03-21 05:23:09,208] {scheduler_job.py:182} INFO - Started process (PID=9505) to work on /home/airflow/sandbox/lib/python3.8/site-packages/airflow/example_dags/example_trigger_target_dag.py
[2022-03-21 05:23:09,212] {scheduler_job.py:633} INFO - Processing file /home/airflow/sandbox/lib/python3.8/site-packages/airflow/example_dags/example_trigger_target_dag.py for tasks to queue
[2022-03-21 05:23:09,216] {logging_mixin.py:104} INFO - [2022-03-21 05:23:09,213] {dagbag.py:487} INFO - Filling up the DagBag from /home/airflow/sandbox/lib/python3.8/site-packages/airflow/example_dags/example_trigger_target_dag.py
[2022-03-21 05:23:09,238] {scheduler_job.py:643} INFO - DAG(s) dict_keys(['example_trigger_target_dag']) retrieved from /home/airflow/sandbox/lib/python3.8/site-packages/airflow/example_dags/example_trigger_target_dag.py
[2022-03-21 05:23:09,268] {logging_mixin.py:104} INFO - [2022-03-21 05:23:09,268] {dag.py:1832} INFO - Sync 1 DAGs
[2022-03-21 05:23:09,297] {logging_mixin.py:104} INFO - [2022-03-21 05:23:09,297] {dag.py:2305} INFO - Setting next_dagrun for example_trigger_target_dag to None
[2022-03-21 05:23:09,337] {scheduler_job.py:190} INFO - Processing /home/airflow/sandbox/lib/python3.8/site-packages/airflow/example_dags/example_trigger_target_dag.py took 0.139 seconds
[2022-03-21 05:23:50,683] {scheduler_job.py:182} INFO - Started process (PID=9539) to work on /home/airflow/sandbox/lib/python3.8/site-packages/airflow/example_dags/example_trigger_target_dag.py
[2022-03-21 05:23:50,686] {scheduler_job.py:633} INFO - Processing file /home/airflow/sandbox/lib/python3.8/site-packages/airflow/example_dags/example_trigger_target_dag.py for tasks to queue
[2022-03-21 05:23:50,694] {logging_mixin.py:104} INFO - [2022-03-21 05:23:50,693] {dagbag.py:487} INFO - Filling up the DagBag from /home/airflow/sandbox/lib/python3.8/site-packages/airflow/example_dags/example_trigger_target_dag.py
[2022-03-21 05:23:50,716] {scheduler_job.py:643} INFO - DAG(s) dict_keys(['example_trigger_target_dag']) retrieved from /home/airflow/sandbox/lib/python3.8/site-packages/airflow/example_dags/example_trigger_target_dag.py
[2022-03-21 05:23:50,748] {logging_mixin.py:104} INFO - [2022-03-21 05:23:50,748] {dag.py:1832} INFO - Sync 1 DAGs
[2022-03-21 05:23:50,773] {logging_mixin.py:104} INFO - [2022-03-21 05:23:50,773] {dag.py:2305} INFO - Setting next_dagrun for example_trigger_target_dag to None
[2022-03-21 05:23:50,898] {scheduler_job.py:190} INFO - Processing /home/airflow/sandbox/lib/python3.8/site-packages/airflow/example_dags/example_trigger_target_dag.py took 0.223 seconds
[2022-03-21 05:24:37,405] {scheduler_job.py:182} INFO - Started process (PID=9575) to work on /home/airflow/sandbox/lib/python3.8/site-packages/airflow/example_dags/example_trigger_target_dag.py
[2022-03-21 05:24:37,408] {scheduler_job.py:633} INFO - Processing file /home/airflow/sandbox/lib/python3.8/site-packages/airflow/example_dags/example_trigger_target_dag.py for tasks to queue
[2022-03-21 05:24:37,409] {logging_mixin.py:104} INFO - [2022-03-21 05:24:37,409] {dagbag.py:487} INFO - Filling up the DagBag from /home/airflow/sandbox/lib/python3.8/site-packages/airflow/example_dags/example_trigger_target_dag.py
[2022-03-21 05:24:37,428] {scheduler_job.py:643} INFO - DAG(s) dict_keys(['example_trigger_target_dag']) retrieved from /home/airflow/sandbox/lib/python3.8/site-packages/airflow/example_dags/example_trigger_target_dag.py
[2022-03-21 05:24:37,462] {logging_mixin.py:104} INFO - [2022-03-21 05:24:37,462] {dag.py:1832} INFO - Sync 1 DAGs
[2022-03-21 05:24:37,482] {logging_mixin.py:104} INFO - [2022-03-21 05:24:37,482] {dag.py:2305} INFO - Setting next_dagrun for example_trigger_target_dag to None
[2022-03-21 05:24:37,623] {scheduler_job.py:190} INFO - Processing /home/airflow/sandbox/lib/python3.8/site-packages/airflow/example_dags/example_trigger_target_dag.py took 0.224 seconds
[2022-03-21 05:25:24,356] {scheduler_job.py:182} INFO - Started process (PID=9625) to work on /home/airflow/sandbox/lib/python3.8/site-packages/airflow/example_dags/example_trigger_target_dag.py
[2022-03-21 05:25:24,358] {scheduler_job.py:633} INFO - Processing file /home/airflow/sandbox/lib/python3.8/site-packages/airflow/example_dags/example_trigger_target_dag.py for tasks to queue
[2022-03-21 05:25:24,360] {logging_mixin.py:104} INFO - [2022-03-21 05:25:24,359] {dagbag.py:487} INFO - Filling up the DagBag from /home/airflow/sandbox/lib/python3.8/site-packages/airflow/example_dags/example_trigger_target_dag.py
[2022-03-21 05:25:24,378] {scheduler_job.py:643} INFO - DAG(s) dict_keys(['example_trigger_target_dag']) retrieved from /home/airflow/sandbox/lib/python3.8/site-packages/airflow/example_dags/example_trigger_target_dag.py
[2022-03-21 05:25:24,411] {logging_mixin.py:104} INFO - [2022-03-21 05:25:24,410] {dag.py:1832} INFO - Sync 1 DAGs
[2022-03-21 05:25:24,535] {logging_mixin.py:104} INFO - [2022-03-21 05:25:24,535] {dag.py:2305} INFO - Setting next_dagrun for example_trigger_target_dag to None
[2022-03-21 05:25:24,568] {scheduler_job.py:190} INFO - Processing /home/airflow/sandbox/lib/python3.8/site-packages/airflow/example_dags/example_trigger_target_dag.py took 0.221 seconds
[2022-03-21 05:26:11,048] {scheduler_job.py:182} INFO - Started process (PID=9700) to work on /home/airflow/sandbox/lib/python3.8/site-packages/airflow/example_dags/example_trigger_target_dag.py
[2022-03-21 05:26:11,051] {scheduler_job.py:633} INFO - Processing file /home/airflow/sandbox/lib/python3.8/site-packages/airflow/example_dags/example_trigger_target_dag.py for tasks to queue
[2022-03-21 05:26:11,053] {logging_mixin.py:104} INFO - [2022-03-21 05:26:11,053] {dagbag.py:487} INFO - Filling up the DagBag from /home/airflow/sandbox/lib/python3.8/site-packages/airflow/example_dags/example_trigger_target_dag.py
[2022-03-21 05:26:11,075] {scheduler_job.py:643} INFO - DAG(s) dict_keys(['example_trigger_target_dag']) retrieved from /home/airflow/sandbox/lib/python3.8/site-packages/airflow/example_dags/example_trigger_target_dag.py
[2022-03-21 05:26:11,106] {logging_mixin.py:104} INFO - [2022-03-21 05:26:11,106] {dag.py:1832} INFO - Sync 1 DAGs
[2022-03-21 05:26:11,235] {logging_mixin.py:104} INFO - [2022-03-21 05:26:11,235] {dag.py:2305} INFO - Setting next_dagrun for example_trigger_target_dag to None
[2022-03-21 05:26:11,266] {scheduler_job.py:190} INFO - Processing /home/airflow/sandbox/lib/python3.8/site-packages/airflow/example_dags/example_trigger_target_dag.py took 0.229 seconds
[2022-03-21 05:27:02,312] {scheduler_job.py:182} INFO - Started process (PID=9736) to work on /home/airflow/sandbox/lib/python3.8/site-packages/airflow/example_dags/example_trigger_target_dag.py
[2022-03-21 05:27:02,320] {scheduler_job.py:633} INFO - Processing file /home/airflow/sandbox/lib/python3.8/site-packages/airflow/example_dags/example_trigger_target_dag.py for tasks to queue
[2022-03-21 05:27:02,321] {logging_mixin.py:104} INFO - [2022-03-21 05:27:02,321] {dagbag.py:487} INFO - Filling up the DagBag from /home/airflow/sandbox/lib/python3.8/site-packages/airflow/example_dags/example_trigger_target_dag.py
[2022-03-21 05:27:02,358] {scheduler_job.py:643} INFO - DAG(s) dict_keys(['example_trigger_target_dag']) retrieved from /home/airflow/sandbox/lib/python3.8/site-packages/airflow/example_dags/example_trigger_target_dag.py
[2022-03-21 05:27:02,420] {logging_mixin.py:104} INFO - [2022-03-21 05:27:02,420] {dag.py:1832} INFO - Sync 1 DAGs
[2022-03-21 05:27:02,642] {logging_mixin.py:104} INFO - [2022-03-21 05:27:02,642] {dag.py:2305} INFO - Setting next_dagrun for example_trigger_target_dag to None
[2022-03-21 05:27:02,694] {scheduler_job.py:190} INFO - Processing /home/airflow/sandbox/lib/python3.8/site-packages/airflow/example_dags/example_trigger_target_dag.py took 0.389 seconds
[2022-03-21 05:27:56,335] {scheduler_job.py:182} INFO - Started process (PID=9773) to work on /home/airflow/sandbox/lib/python3.8/site-packages/airflow/example_dags/example_trigger_target_dag.py
[2022-03-21 05:27:56,337] {scheduler_job.py:633} INFO - Processing file /home/airflow/sandbox/lib/python3.8/site-packages/airflow/example_dags/example_trigger_target_dag.py for tasks to queue
[2022-03-21 05:27:56,338] {logging_mixin.py:104} INFO - [2022-03-21 05:27:56,338] {dagbag.py:487} INFO - Filling up the DagBag from /home/airflow/sandbox/lib/python3.8/site-packages/airflow/example_dags/example_trigger_target_dag.py
[2022-03-21 05:27:56,365] {scheduler_job.py:643} INFO - DAG(s) dict_keys(['example_trigger_target_dag']) retrieved from /home/airflow/sandbox/lib/python3.8/site-packages/airflow/example_dags/example_trigger_target_dag.py
[2022-03-21 05:27:56,521] {logging_mixin.py:104} INFO - [2022-03-21 05:27:56,521] {dag.py:1832} INFO - Sync 1 DAGs
[2022-03-21 05:27:56,542] {logging_mixin.py:104} INFO - [2022-03-21 05:27:56,542] {dag.py:2305} INFO - Setting next_dagrun for example_trigger_target_dag to None
[2022-03-21 05:27:56,625] {scheduler_job.py:190} INFO - Processing /home/airflow/sandbox/lib/python3.8/site-packages/airflow/example_dags/example_trigger_target_dag.py took 0.301 seconds
[2022-03-21 05:28:46,372] {scheduler_job.py:182} INFO - Started process (PID=9809) to work on /home/airflow/sandbox/lib/python3.8/site-packages/airflow/example_dags/example_trigger_target_dag.py
[2022-03-21 05:28:46,375] {scheduler_job.py:633} INFO - Processing file /home/airflow/sandbox/lib/python3.8/site-packages/airflow/example_dags/example_trigger_target_dag.py for tasks to queue
[2022-03-21 05:28:46,376] {logging_mixin.py:104} INFO - [2022-03-21 05:28:46,376] {dagbag.py:487} INFO - Filling up the DagBag from /home/airflow/sandbox/lib/python3.8/site-packages/airflow/example_dags/example_trigger_target_dag.py
[2022-03-21 05:28:46,545] {scheduler_job.py:643} INFO - DAG(s) dict_keys(['example_trigger_target_dag']) retrieved from /home/airflow/sandbox/lib/python3.8/site-packages/airflow/example_dags/example_trigger_target_dag.py
[2022-03-21 05:28:46,573] {logging_mixin.py:104} INFO - [2022-03-21 05:28:46,573] {dag.py:1832} INFO - Sync 1 DAGs
[2022-03-21 05:28:46,592] {logging_mixin.py:104} INFO - [2022-03-21 05:28:46,592] {dag.py:2305} INFO - Setting next_dagrun for example_trigger_target_dag to None
[2022-03-21 05:28:46,630] {scheduler_job.py:190} INFO - Processing /home/airflow/sandbox/lib/python3.8/site-packages/airflow/example_dags/example_trigger_target_dag.py took 0.273 seconds
[2022-03-21 05:29:37,718] {scheduler_job.py:182} INFO - Started process (PID=9846) to work on /home/airflow/sandbox/lib/python3.8/site-packages/airflow/example_dags/example_trigger_target_dag.py
[2022-03-21 05:29:37,722] {scheduler_job.py:633} INFO - Processing file /home/airflow/sandbox/lib/python3.8/site-packages/airflow/example_dags/example_trigger_target_dag.py for tasks to queue
[2022-03-21 05:29:37,725] {logging_mixin.py:104} INFO - [2022-03-21 05:29:37,725] {dagbag.py:487} INFO - Filling up the DagBag from /home/airflow/sandbox/lib/python3.8/site-packages/airflow/example_dags/example_trigger_target_dag.py
[2022-03-21 05:29:37,879] {scheduler_job.py:643} INFO - DAG(s) dict_keys(['example_trigger_target_dag']) retrieved from /home/airflow/sandbox/lib/python3.8/site-packages/airflow/example_dags/example_trigger_target_dag.py
[2022-03-21 05:29:37,904] {logging_mixin.py:104} INFO - [2022-03-21 05:29:37,904] {dag.py:1832} INFO - Sync 1 DAGs
[2022-03-21 05:29:37,927] {logging_mixin.py:104} INFO - [2022-03-21 05:29:37,927] {dag.py:2305} INFO - Setting next_dagrun for example_trigger_target_dag to None
[2022-03-21 05:29:37,965] {scheduler_job.py:190} INFO - Processing /home/airflow/sandbox/lib/python3.8/site-packages/airflow/example_dags/example_trigger_target_dag.py took 0.256 seconds
[2022-03-21 05:30:28,983] {scheduler_job.py:182} INFO - Started process (PID=9911) to work on /home/airflow/sandbox/lib/python3.8/site-packages/airflow/example_dags/example_trigger_target_dag.py
[2022-03-21 05:30:28,996] {scheduler_job.py:633} INFO - Processing file /home/airflow/sandbox/lib/python3.8/site-packages/airflow/example_dags/example_trigger_target_dag.py for tasks to queue
[2022-03-21 05:30:29,008] {logging_mixin.py:104} INFO - [2022-03-21 05:30:29,007] {dagbag.py:487} INFO - Filling up the DagBag from /home/airflow/sandbox/lib/python3.8/site-packages/airflow/example_dags/example_trigger_target_dag.py
[2022-03-21 05:30:29,525] {scheduler_job.py:643} INFO - DAG(s) dict_keys(['example_trigger_target_dag']) retrieved from /home/airflow/sandbox/lib/python3.8/site-packages/airflow/example_dags/example_trigger_target_dag.py
[2022-03-21 05:30:29,599] {logging_mixin.py:104} INFO - [2022-03-21 05:30:29,598] {dag.py:1832} INFO - Sync 1 DAGs
[2022-03-21 05:30:29,651] {logging_mixin.py:104} INFO - [2022-03-21 05:30:29,651] {dag.py:2305} INFO - Setting next_dagrun for example_trigger_target_dag to None
[2022-03-21 05:30:29,955] {scheduler_job.py:190} INFO - Processing /home/airflow/sandbox/lib/python3.8/site-packages/airflow/example_dags/example_trigger_target_dag.py took 1.020 seconds
[2022-03-21 05:31:11,831] {scheduler_job.py:182} INFO - Started process (PID=9969) to work on /home/airflow/sandbox/lib/python3.8/site-packages/airflow/example_dags/example_trigger_target_dag.py
[2022-03-21 05:31:11,833] {scheduler_job.py:633} INFO - Processing file /home/airflow/sandbox/lib/python3.8/site-packages/airflow/example_dags/example_trigger_target_dag.py for tasks to queue
[2022-03-21 05:31:11,835] {logging_mixin.py:104} INFO - [2022-03-21 05:31:11,834] {dagbag.py:487} INFO - Filling up the DagBag from /home/airflow/sandbox/lib/python3.8/site-packages/airflow/example_dags/example_trigger_target_dag.py
[2022-03-21 05:31:11,853] {scheduler_job.py:643} INFO - DAG(s) dict_keys(['example_trigger_target_dag']) retrieved from /home/airflow/sandbox/lib/python3.8/site-packages/airflow/example_dags/example_trigger_target_dag.py
[2022-03-21 05:31:11,892] {logging_mixin.py:104} INFO - [2022-03-21 05:31:11,892] {dag.py:1832} INFO - Sync 1 DAGs
[2022-03-21 05:31:11,921] {logging_mixin.py:104} INFO - [2022-03-21 05:31:11,921] {dag.py:2305} INFO - Setting next_dagrun for example_trigger_target_dag to None
[2022-03-21 05:31:11,959] {scheduler_job.py:190} INFO - Processing /home/airflow/sandbox/lib/python3.8/site-packages/airflow/example_dags/example_trigger_target_dag.py took 0.136 seconds
[2022-03-21 05:31:55,273] {scheduler_job.py:182} INFO - Started process (PID=10003) to work on /home/airflow/sandbox/lib/python3.8/site-packages/airflow/example_dags/example_trigger_target_dag.py
[2022-03-21 05:31:55,275] {scheduler_job.py:633} INFO - Processing file /home/airflow/sandbox/lib/python3.8/site-packages/airflow/example_dags/example_trigger_target_dag.py for tasks to queue
[2022-03-21 05:31:55,276] {logging_mixin.py:104} INFO - [2022-03-21 05:31:55,276] {dagbag.py:487} INFO - Filling up the DagBag from /home/airflow/sandbox/lib/python3.8/site-packages/airflow/example_dags/example_trigger_target_dag.py
[2022-03-21 05:31:55,305] {scheduler_job.py:643} INFO - DAG(s) dict_keys(['example_trigger_target_dag']) retrieved from /home/airflow/sandbox/lib/python3.8/site-packages/airflow/example_dags/example_trigger_target_dag.py
[2022-03-21 05:31:55,335] {logging_mixin.py:104} INFO - [2022-03-21 05:31:55,335] {dag.py:1832} INFO - Sync 1 DAGs
[2022-03-21 05:31:55,360] {logging_mixin.py:104} INFO - [2022-03-21 05:31:55,360] {dag.py:2305} INFO - Setting next_dagrun for example_trigger_target_dag to None
[2022-03-21 05:31:55,416] {scheduler_job.py:190} INFO - Processing /home/airflow/sandbox/lib/python3.8/site-packages/airflow/example_dags/example_trigger_target_dag.py took 0.162 seconds
[2022-03-21 05:32:36,336] {scheduler_job.py:182} INFO - Started process (PID=10035) to work on /home/airflow/sandbox/lib/python3.8/site-packages/airflow/example_dags/example_trigger_target_dag.py
[2022-03-21 05:32:36,339] {scheduler_job.py:633} INFO - Processing file /home/airflow/sandbox/lib/python3.8/site-packages/airflow/example_dags/example_trigger_target_dag.py for tasks to queue
[2022-03-21 05:32:36,340] {logging_mixin.py:104} INFO - [2022-03-21 05:32:36,340] {dagbag.py:487} INFO - Filling up the DagBag from /home/airflow/sandbox/lib/python3.8/site-packages/airflow/example_dags/example_trigger_target_dag.py
[2022-03-21 05:32:36,362] {scheduler_job.py:643} INFO - DAG(s) dict_keys(['example_trigger_target_dag']) retrieved from /home/airflow/sandbox/lib/python3.8/site-packages/airflow/example_dags/example_trigger_target_dag.py
[2022-03-21 05:32:36,390] {logging_mixin.py:104} INFO - [2022-03-21 05:32:36,390] {dag.py:1832} INFO - Sync 1 DAGs
[2022-03-21 05:32:36,413] {logging_mixin.py:104} INFO - [2022-03-21 05:32:36,413] {dag.py:2305} INFO - Setting next_dagrun for example_trigger_target_dag to None
[2022-03-21 05:32:36,446] {scheduler_job.py:190} INFO - Processing /home/airflow/sandbox/lib/python3.8/site-packages/airflow/example_dags/example_trigger_target_dag.py took 0.118 seconds
[2022-03-21 05:33:21,281] {scheduler_job.py:182} INFO - Started process (PID=10068) to work on /home/airflow/sandbox/lib/python3.8/site-packages/airflow/example_dags/example_trigger_target_dag.py
[2022-03-21 05:33:21,284] {scheduler_job.py:633} INFO - Processing file /home/airflow/sandbox/lib/python3.8/site-packages/airflow/example_dags/example_trigger_target_dag.py for tasks to queue
[2022-03-21 05:33:21,285] {logging_mixin.py:104} INFO - [2022-03-21 05:33:21,285] {dagbag.py:487} INFO - Filling up the DagBag from /home/airflow/sandbox/lib/python3.8/site-packages/airflow/example_dags/example_trigger_target_dag.py
[2022-03-21 05:33:21,304] {scheduler_job.py:643} INFO - DAG(s) dict_keys(['example_trigger_target_dag']) retrieved from /home/airflow/sandbox/lib/python3.8/site-packages/airflow/example_dags/example_trigger_target_dag.py
[2022-03-21 05:33:21,336] {logging_mixin.py:104} INFO - [2022-03-21 05:33:21,335] {dag.py:1832} INFO - Sync 1 DAGs
[2022-03-21 05:33:21,356] {logging_mixin.py:104} INFO - [2022-03-21 05:33:21,356] {dag.py:2305} INFO - Setting next_dagrun for example_trigger_target_dag to None
[2022-03-21 05:33:21,391] {scheduler_job.py:190} INFO - Processing /home/airflow/sandbox/lib/python3.8/site-packages/airflow/example_dags/example_trigger_target_dag.py took 0.116 seconds
[2022-03-21 05:34:04,122] {scheduler_job.py:182} INFO - Started process (PID=10100) to work on /home/airflow/sandbox/lib/python3.8/site-packages/airflow/example_dags/example_trigger_target_dag.py
[2022-03-21 05:34:04,125] {scheduler_job.py:633} INFO - Processing file /home/airflow/sandbox/lib/python3.8/site-packages/airflow/example_dags/example_trigger_target_dag.py for tasks to queue
[2022-03-21 05:34:04,126] {logging_mixin.py:104} INFO - [2022-03-21 05:34:04,126] {dagbag.py:487} INFO - Filling up the DagBag from /home/airflow/sandbox/lib/python3.8/site-packages/airflow/example_dags/example_trigger_target_dag.py
[2022-03-21 05:34:04,148] {scheduler_job.py:643} INFO - DAG(s) dict_keys(['example_trigger_target_dag']) retrieved from /home/airflow/sandbox/lib/python3.8/site-packages/airflow/example_dags/example_trigger_target_dag.py
[2022-03-21 05:34:04,175] {logging_mixin.py:104} INFO - [2022-03-21 05:34:04,175] {dag.py:1832} INFO - Sync 1 DAGs
[2022-03-21 05:34:04,196] {logging_mixin.py:104} INFO - [2022-03-21 05:34:04,196] {dag.py:2305} INFO - Setting next_dagrun for example_trigger_target_dag to None
[2022-03-21 05:34:04,239] {scheduler_job.py:190} INFO - Processing /home/airflow/sandbox/lib/python3.8/site-packages/airflow/example_dags/example_trigger_target_dag.py took 0.123 seconds
[2022-03-21 05:34:50,651] {scheduler_job.py:182} INFO - Started process (PID=10134) to work on /home/airflow/sandbox/lib/python3.8/site-packages/airflow/example_dags/example_trigger_target_dag.py
[2022-03-21 05:34:50,658] {scheduler_job.py:633} INFO - Processing file /home/airflow/sandbox/lib/python3.8/site-packages/airflow/example_dags/example_trigger_target_dag.py for tasks to queue
[2022-03-21 05:34:50,661] {logging_mixin.py:104} INFO - [2022-03-21 05:34:50,660] {dagbag.py:487} INFO - Filling up the DagBag from /home/airflow/sandbox/lib/python3.8/site-packages/airflow/example_dags/example_trigger_target_dag.py
[2022-03-21 05:34:50,696] {scheduler_job.py:643} INFO - DAG(s) dict_keys(['example_trigger_target_dag']) retrieved from /home/airflow/sandbox/lib/python3.8/site-packages/airflow/example_dags/example_trigger_target_dag.py
[2022-03-21 05:34:50,758] {logging_mixin.py:104} INFO - [2022-03-21 05:34:50,748] {dag.py:1832} INFO - Sync 1 DAGs
[2022-03-21 05:34:50,806] {logging_mixin.py:104} INFO - [2022-03-21 05:34:50,806] {dag.py:2305} INFO - Setting next_dagrun for example_trigger_target_dag to None
[2022-03-21 05:34:50,854] {scheduler_job.py:190} INFO - Processing /home/airflow/sandbox/lib/python3.8/site-packages/airflow/example_dags/example_trigger_target_dag.py took 0.216 seconds
[2022-03-21 05:35:36,704] {scheduler_job.py:182} INFO - Started process (PID=10225) to work on /home/airflow/sandbox/lib/python3.8/site-packages/airflow/example_dags/example_trigger_target_dag.py
[2022-03-21 05:35:36,710] {scheduler_job.py:633} INFO - Processing file /home/airflow/sandbox/lib/python3.8/site-packages/airflow/example_dags/example_trigger_target_dag.py for tasks to queue
[2022-03-21 05:35:36,711] {logging_mixin.py:104} INFO - [2022-03-21 05:35:36,711] {dagbag.py:487} INFO - Filling up the DagBag from /home/airflow/sandbox/lib/python3.8/site-packages/airflow/example_dags/example_trigger_target_dag.py
[2022-03-21 05:35:36,729] {scheduler_job.py:643} INFO - DAG(s) dict_keys(['example_trigger_target_dag']) retrieved from /home/airflow/sandbox/lib/python3.8/site-packages/airflow/example_dags/example_trigger_target_dag.py
[2022-03-21 05:35:36,759] {logging_mixin.py:104} INFO - [2022-03-21 05:35:36,759] {dag.py:1832} INFO - Sync 1 DAGs
[2022-03-21 05:35:36,780] {logging_mixin.py:104} INFO - [2022-03-21 05:35:36,780] {dag.py:2305} INFO - Setting next_dagrun for example_trigger_target_dag to None
[2022-03-21 05:35:36,826] {scheduler_job.py:190} INFO - Processing /home/airflow/sandbox/lib/python3.8/site-packages/airflow/example_dags/example_trigger_target_dag.py took 0.128 seconds
[2022-03-21 05:36:25,009] {scheduler_job.py:182} INFO - Started process (PID=10259) to work on /home/airflow/sandbox/lib/python3.8/site-packages/airflow/example_dags/example_trigger_target_dag.py
[2022-03-21 05:36:25,011] {scheduler_job.py:633} INFO - Processing file /home/airflow/sandbox/lib/python3.8/site-packages/airflow/example_dags/example_trigger_target_dag.py for tasks to queue
[2022-03-21 05:36:25,012] {logging_mixin.py:104} INFO - [2022-03-21 05:36:25,012] {dagbag.py:487} INFO - Filling up the DagBag from /home/airflow/sandbox/lib/python3.8/site-packages/airflow/example_dags/example_trigger_target_dag.py
[2022-03-21 05:36:25,040] {scheduler_job.py:643} INFO - DAG(s) dict_keys(['example_trigger_target_dag']) retrieved from /home/airflow/sandbox/lib/python3.8/site-packages/airflow/example_dags/example_trigger_target_dag.py
[2022-03-21 05:36:25,066] {logging_mixin.py:104} INFO - [2022-03-21 05:36:25,066] {dag.py:1832} INFO - Sync 1 DAGs
[2022-03-21 05:36:25,088] {logging_mixin.py:104} INFO - [2022-03-21 05:36:25,088] {dag.py:2305} INFO - Setting next_dagrun for example_trigger_target_dag to None
[2022-03-21 05:36:25,123] {scheduler_job.py:190} INFO - Processing /home/airflow/sandbox/lib/python3.8/site-packages/airflow/example_dags/example_trigger_target_dag.py took 0.124 seconds
[2022-03-21 05:37:10,021] {scheduler_job.py:182} INFO - Started process (PID=10292) to work on /home/airflow/sandbox/lib/python3.8/site-packages/airflow/example_dags/example_trigger_target_dag.py
[2022-03-21 05:37:10,024] {scheduler_job.py:633} INFO - Processing file /home/airflow/sandbox/lib/python3.8/site-packages/airflow/example_dags/example_trigger_target_dag.py for tasks to queue
[2022-03-21 05:37:10,025] {logging_mixin.py:104} INFO - [2022-03-21 05:37:10,025] {dagbag.py:487} INFO - Filling up the DagBag from /home/airflow/sandbox/lib/python3.8/site-packages/airflow/example_dags/example_trigger_target_dag.py
[2022-03-21 05:37:10,045] {scheduler_job.py:643} INFO - DAG(s) dict_keys(['example_trigger_target_dag']) retrieved from /home/airflow/sandbox/lib/python3.8/site-packages/airflow/example_dags/example_trigger_target_dag.py
[2022-03-21 05:37:10,076] {logging_mixin.py:104} INFO - [2022-03-21 05:37:10,076] {dag.py:1832} INFO - Sync 1 DAGs
[2022-03-21 05:37:10,097] {logging_mixin.py:104} INFO - [2022-03-21 05:37:10,097] {dag.py:2305} INFO - Setting next_dagrun for example_trigger_target_dag to None
[2022-03-21 05:37:10,150] {scheduler_job.py:190} INFO - Processing /home/airflow/sandbox/lib/python3.8/site-packages/airflow/example_dags/example_trigger_target_dag.py took 0.138 seconds
[2022-03-21 05:37:54,505] {scheduler_job.py:182} INFO - Started process (PID=10326) to work on /home/airflow/sandbox/lib/python3.8/site-packages/airflow/example_dags/example_trigger_target_dag.py
[2022-03-21 05:37:54,509] {scheduler_job.py:633} INFO - Processing file /home/airflow/sandbox/lib/python3.8/site-packages/airflow/example_dags/example_trigger_target_dag.py for tasks to queue
[2022-03-21 05:37:54,510] {logging_mixin.py:104} INFO - [2022-03-21 05:37:54,510] {dagbag.py:487} INFO - Filling up the DagBag from /home/airflow/sandbox/lib/python3.8/site-packages/airflow/example_dags/example_trigger_target_dag.py
[2022-03-21 05:37:54,532] {scheduler_job.py:643} INFO - DAG(s) dict_keys(['example_trigger_target_dag']) retrieved from /home/airflow/sandbox/lib/python3.8/site-packages/airflow/example_dags/example_trigger_target_dag.py
[2022-03-21 05:37:54,566] {logging_mixin.py:104} INFO - [2022-03-21 05:37:54,566] {dag.py:1832} INFO - Sync 1 DAGs
[2022-03-21 05:37:54,598] {logging_mixin.py:104} INFO - [2022-03-21 05:37:54,598] {dag.py:2305} INFO - Setting next_dagrun for example_trigger_target_dag to None
[2022-03-21 05:37:54,634] {scheduler_job.py:190} INFO - Processing /home/airflow/sandbox/lib/python3.8/site-packages/airflow/example_dags/example_trigger_target_dag.py took 0.137 seconds
[2022-03-21 05:38:35,827] {scheduler_job.py:182} INFO - Started process (PID=10360) to work on /home/airflow/sandbox/lib/python3.8/site-packages/airflow/example_dags/example_trigger_target_dag.py
[2022-03-21 05:38:35,829] {scheduler_job.py:633} INFO - Processing file /home/airflow/sandbox/lib/python3.8/site-packages/airflow/example_dags/example_trigger_target_dag.py for tasks to queue
[2022-03-21 05:38:35,833] {logging_mixin.py:104} INFO - [2022-03-21 05:38:35,832] {dagbag.py:487} INFO - Filling up the DagBag from /home/airflow/sandbox/lib/python3.8/site-packages/airflow/example_dags/example_trigger_target_dag.py
[2022-03-21 05:38:35,859] {scheduler_job.py:643} INFO - DAG(s) dict_keys(['example_trigger_target_dag']) retrieved from /home/airflow/sandbox/lib/python3.8/site-packages/airflow/example_dags/example_trigger_target_dag.py
[2022-03-21 05:38:35,890] {logging_mixin.py:104} INFO - [2022-03-21 05:38:35,890] {dag.py:1832} INFO - Sync 1 DAGs
[2022-03-21 05:38:35,911] {logging_mixin.py:104} INFO - [2022-03-21 05:38:35,910] {dag.py:2305} INFO - Setting next_dagrun for example_trigger_target_dag to None
[2022-03-21 05:38:35,945] {scheduler_job.py:190} INFO - Processing /home/airflow/sandbox/lib/python3.8/site-packages/airflow/example_dags/example_trigger_target_dag.py took 0.140 seconds
[2022-03-21 05:39:20,438] {scheduler_job.py:182} INFO - Started process (PID=10391) to work on /home/airflow/sandbox/lib/python3.8/site-packages/airflow/example_dags/example_trigger_target_dag.py
[2022-03-21 05:39:20,445] {scheduler_job.py:633} INFO - Processing file /home/airflow/sandbox/lib/python3.8/site-packages/airflow/example_dags/example_trigger_target_dag.py for tasks to queue
[2022-03-21 05:39:20,448] {logging_mixin.py:104} INFO - [2022-03-21 05:39:20,447] {dagbag.py:487} INFO - Filling up the DagBag from /home/airflow/sandbox/lib/python3.8/site-packages/airflow/example_dags/example_trigger_target_dag.py
[2022-03-21 05:39:20,731] {scheduler_job.py:643} INFO - DAG(s) dict_keys(['example_trigger_target_dag']) retrieved from /home/airflow/sandbox/lib/python3.8/site-packages/airflow/example_dags/example_trigger_target_dag.py
[2022-03-21 05:39:20,866] {logging_mixin.py:104} INFO - [2022-03-21 05:39:20,866] {dag.py:1832} INFO - Sync 1 DAGs
[2022-03-21 05:39:20,980] {logging_mixin.py:104} INFO - [2022-03-21 05:39:20,980] {dag.py:2305} INFO - Setting next_dagrun for example_trigger_target_dag to None
[2022-03-21 05:39:21,062] {scheduler_job.py:190} INFO - Processing /home/airflow/sandbox/lib/python3.8/site-packages/airflow/example_dags/example_trigger_target_dag.py took 0.690 seconds
[2022-03-21 05:40:04,008] {scheduler_job.py:182} INFO - Started process (PID=10424) to work on /home/airflow/sandbox/lib/python3.8/site-packages/airflow/example_dags/example_trigger_target_dag.py
[2022-03-21 05:40:04,012] {scheduler_job.py:633} INFO - Processing file /home/airflow/sandbox/lib/python3.8/site-packages/airflow/example_dags/example_trigger_target_dag.py for tasks to queue
[2022-03-21 05:40:04,016] {logging_mixin.py:104} INFO - [2022-03-21 05:40:04,016] {dagbag.py:487} INFO - Filling up the DagBag from /home/airflow/sandbox/lib/python3.8/site-packages/airflow/example_dags/example_trigger_target_dag.py
[2022-03-21 05:40:04,042] {scheduler_job.py:643} INFO - DAG(s) dict_keys(['example_trigger_target_dag']) retrieved from /home/airflow/sandbox/lib/python3.8/site-packages/airflow/example_dags/example_trigger_target_dag.py
[2022-03-21 05:40:04,080] {logging_mixin.py:104} INFO - [2022-03-21 05:40:04,080] {dag.py:1832} INFO - Sync 1 DAGs
[2022-03-21 05:40:04,106] {logging_mixin.py:104} INFO - [2022-03-21 05:40:04,106] {dag.py:2305} INFO - Setting next_dagrun for example_trigger_target_dag to None
[2022-03-21 05:40:04,179] {scheduler_job.py:190} INFO - Processing /home/airflow/sandbox/lib/python3.8/site-packages/airflow/example_dags/example_trigger_target_dag.py took 0.180 seconds
[2022-03-21 05:40:41,066] {scheduler_job.py:182} INFO - Started process (PID=10509) to work on /home/airflow/sandbox/lib/python3.8/site-packages/airflow/example_dags/example_trigger_target_dag.py
[2022-03-21 05:40:41,069] {scheduler_job.py:633} INFO - Processing file /home/airflow/sandbox/lib/python3.8/site-packages/airflow/example_dags/example_trigger_target_dag.py for tasks to queue
[2022-03-21 05:40:41,072] {logging_mixin.py:104} INFO - [2022-03-21 05:40:41,071] {dagbag.py:487} INFO - Filling up the DagBag from /home/airflow/sandbox/lib/python3.8/site-packages/airflow/example_dags/example_trigger_target_dag.py
[2022-03-21 05:40:41,096] {scheduler_job.py:643} INFO - DAG(s) dict_keys(['example_trigger_target_dag']) retrieved from /home/airflow/sandbox/lib/python3.8/site-packages/airflow/example_dags/example_trigger_target_dag.py
[2022-03-21 05:40:41,131] {logging_mixin.py:104} INFO - [2022-03-21 05:40:41,131] {dag.py:1832} INFO - Sync 1 DAGs
[2022-03-21 05:40:41,163] {logging_mixin.py:104} INFO - [2022-03-21 05:40:41,163] {dag.py:2305} INFO - Setting next_dagrun for example_trigger_target_dag to None
[2022-03-21 05:40:41,209] {scheduler_job.py:190} INFO - Processing /home/airflow/sandbox/lib/python3.8/site-packages/airflow/example_dags/example_trigger_target_dag.py took 0.153 seconds
[2022-03-21 05:41:26,412] {scheduler_job.py:182} INFO - Started process (PID=10543) to work on /home/airflow/sandbox/lib/python3.8/site-packages/airflow/example_dags/example_trigger_target_dag.py
[2022-03-21 05:41:26,420] {scheduler_job.py:633} INFO - Processing file /home/airflow/sandbox/lib/python3.8/site-packages/airflow/example_dags/example_trigger_target_dag.py for tasks to queue
[2022-03-21 05:41:26,422] {logging_mixin.py:104} INFO - [2022-03-21 05:41:26,422] {dagbag.py:487} INFO - Filling up the DagBag from /home/airflow/sandbox/lib/python3.8/site-packages/airflow/example_dags/example_trigger_target_dag.py
[2022-03-21 05:41:26,455] {scheduler_job.py:643} INFO - DAG(s) dict_keys(['example_trigger_target_dag']) retrieved from /home/airflow/sandbox/lib/python3.8/site-packages/airflow/example_dags/example_trigger_target_dag.py
[2022-03-21 05:41:26,512] {logging_mixin.py:104} INFO - [2022-03-21 05:41:26,511] {dag.py:1832} INFO - Sync 1 DAGs
[2022-03-21 05:41:26,609] {logging_mixin.py:104} INFO - [2022-03-21 05:41:26,608] {dag.py:2305} INFO - Setting next_dagrun for example_trigger_target_dag to None
[2022-03-21 05:41:26,714] {scheduler_job.py:190} INFO - Processing /home/airflow/sandbox/lib/python3.8/site-packages/airflow/example_dags/example_trigger_target_dag.py took 0.315 seconds
[2022-03-21 05:42:13,464] {scheduler_job.py:182} INFO - Started process (PID=10577) to work on /home/airflow/sandbox/lib/python3.8/site-packages/airflow/example_dags/example_trigger_target_dag.py
[2022-03-21 05:42:13,505] {scheduler_job.py:633} INFO - Processing file /home/airflow/sandbox/lib/python3.8/site-packages/airflow/example_dags/example_trigger_target_dag.py for tasks to queue
[2022-03-21 05:42:13,509] {logging_mixin.py:104} INFO - [2022-03-21 05:42:13,508] {dagbag.py:487} INFO - Filling up the DagBag from /home/airflow/sandbox/lib/python3.8/site-packages/airflow/example_dags/example_trigger_target_dag.py
[2022-03-21 05:42:13,554] {scheduler_job.py:643} INFO - DAG(s) dict_keys(['example_trigger_target_dag']) retrieved from /home/airflow/sandbox/lib/python3.8/site-packages/airflow/example_dags/example_trigger_target_dag.py
[2022-03-21 05:42:13,619] {logging_mixin.py:104} INFO - [2022-03-21 05:42:13,619] {dag.py:1832} INFO - Sync 1 DAGs
[2022-03-21 05:42:13,716] {logging_mixin.py:104} INFO - [2022-03-21 05:42:13,716] {dag.py:2305} INFO - Setting next_dagrun for example_trigger_target_dag to None
[2022-03-21 05:42:13,800] {scheduler_job.py:190} INFO - Processing /home/airflow/sandbox/lib/python3.8/site-packages/airflow/example_dags/example_trigger_target_dag.py took 0.357 seconds
[2022-03-21 05:43:04,228] {scheduler_job.py:182} INFO - Started process (PID=10612) to work on /home/airflow/sandbox/lib/python3.8/site-packages/airflow/example_dags/example_trigger_target_dag.py
[2022-03-21 05:43:04,231] {scheduler_job.py:633} INFO - Processing file /home/airflow/sandbox/lib/python3.8/site-packages/airflow/example_dags/example_trigger_target_dag.py for tasks to queue
[2022-03-21 05:43:04,233] {logging_mixin.py:104} INFO - [2022-03-21 05:43:04,232] {dagbag.py:487} INFO - Filling up the DagBag from /home/airflow/sandbox/lib/python3.8/site-packages/airflow/example_dags/example_trigger_target_dag.py
[2022-03-21 05:43:04,257] {scheduler_job.py:643} INFO - DAG(s) dict_keys(['example_trigger_target_dag']) retrieved from /home/airflow/sandbox/lib/python3.8/site-packages/airflow/example_dags/example_trigger_target_dag.py
[2022-03-21 05:43:04,298] {logging_mixin.py:104} INFO - [2022-03-21 05:43:04,298] {dag.py:1832} INFO - Sync 1 DAGs
[2022-03-21 05:43:04,323] {logging_mixin.py:104} INFO - [2022-03-21 05:43:04,323] {dag.py:2305} INFO - Setting next_dagrun for example_trigger_target_dag to None
[2022-03-21 05:43:04,557] {scheduler_job.py:190} INFO - Processing /home/airflow/sandbox/lib/python3.8/site-packages/airflow/example_dags/example_trigger_target_dag.py took 0.337 seconds
[2022-03-21 05:43:49,759] {scheduler_job.py:182} INFO - Started process (PID=10644) to work on /home/airflow/sandbox/lib/python3.8/site-packages/airflow/example_dags/example_trigger_target_dag.py
[2022-03-21 05:43:49,762] {scheduler_job.py:633} INFO - Processing file /home/airflow/sandbox/lib/python3.8/site-packages/airflow/example_dags/example_trigger_target_dag.py for tasks to queue
[2022-03-21 05:43:49,764] {logging_mixin.py:104} INFO - [2022-03-21 05:43:49,764] {dagbag.py:487} INFO - Filling up the DagBag from /home/airflow/sandbox/lib/python3.8/site-packages/airflow/example_dags/example_trigger_target_dag.py
[2022-03-21 05:43:49,871] {scheduler_job.py:643} INFO - DAG(s) dict_keys(['example_trigger_target_dag']) retrieved from /home/airflow/sandbox/lib/python3.8/site-packages/airflow/example_dags/example_trigger_target_dag.py
[2022-03-21 05:43:49,925] {logging_mixin.py:104} INFO - [2022-03-21 05:43:49,925] {dag.py:1832} INFO - Sync 1 DAGs
[2022-03-21 05:43:49,965] {logging_mixin.py:104} INFO - [2022-03-21 05:43:49,965] {dag.py:2305} INFO - Setting next_dagrun for example_trigger_target_dag to None
[2022-03-21 05:43:49,998] {scheduler_job.py:190} INFO - Processing /home/airflow/sandbox/lib/python3.8/site-packages/airflow/example_dags/example_trigger_target_dag.py took 0.249 seconds
[2022-03-21 05:44:44,100] {scheduler_job.py:182} INFO - Started process (PID=10682) to work on /home/airflow/sandbox/lib/python3.8/site-packages/airflow/example_dags/example_trigger_target_dag.py
[2022-03-21 05:44:44,104] {scheduler_job.py:633} INFO - Processing file /home/airflow/sandbox/lib/python3.8/site-packages/airflow/example_dags/example_trigger_target_dag.py for tasks to queue
[2022-03-21 05:44:44,106] {logging_mixin.py:104} INFO - [2022-03-21 05:44:44,106] {dagbag.py:487} INFO - Filling up the DagBag from /home/airflow/sandbox/lib/python3.8/site-packages/airflow/example_dags/example_trigger_target_dag.py
[2022-03-21 05:44:44,126] {scheduler_job.py:643} INFO - DAG(s) dict_keys(['example_trigger_target_dag']) retrieved from /home/airflow/sandbox/lib/python3.8/site-packages/airflow/example_dags/example_trigger_target_dag.py
[2022-03-21 05:44:44,162] {logging_mixin.py:104} INFO - [2022-03-21 05:44:44,162] {dag.py:1832} INFO - Sync 1 DAGs
[2022-03-21 05:44:44,183] {logging_mixin.py:104} INFO - [2022-03-21 05:44:44,183] {dag.py:2305} INFO - Setting next_dagrun for example_trigger_target_dag to None
[2022-03-21 05:44:44,219] {scheduler_job.py:190} INFO - Processing /home/airflow/sandbox/lib/python3.8/site-packages/airflow/example_dags/example_trigger_target_dag.py took 0.126 seconds
[2022-03-21 05:45:33,456] {scheduler_job.py:182} INFO - Started process (PID=10773) to work on /home/airflow/sandbox/lib/python3.8/site-packages/airflow/example_dags/example_trigger_target_dag.py
[2022-03-21 05:45:33,458] {scheduler_job.py:633} INFO - Processing file /home/airflow/sandbox/lib/python3.8/site-packages/airflow/example_dags/example_trigger_target_dag.py for tasks to queue
[2022-03-21 05:45:33,460] {logging_mixin.py:104} INFO - [2022-03-21 05:45:33,459] {dagbag.py:487} INFO - Filling up the DagBag from /home/airflow/sandbox/lib/python3.8/site-packages/airflow/example_dags/example_trigger_target_dag.py
[2022-03-21 05:45:33,485] {scheduler_job.py:643} INFO - DAG(s) dict_keys(['example_trigger_target_dag']) retrieved from /home/airflow/sandbox/lib/python3.8/site-packages/airflow/example_dags/example_trigger_target_dag.py
[2022-03-21 05:45:33,524] {logging_mixin.py:104} INFO - [2022-03-21 05:45:33,524] {dag.py:1832} INFO - Sync 1 DAGs
[2022-03-21 05:45:33,555] {logging_mixin.py:104} INFO - [2022-03-21 05:45:33,555] {dag.py:2305} INFO - Setting next_dagrun for example_trigger_target_dag to None
[2022-03-21 05:45:33,594] {scheduler_job.py:190} INFO - Processing /home/airflow/sandbox/lib/python3.8/site-packages/airflow/example_dags/example_trigger_target_dag.py took 0.146 seconds
[2022-03-21 05:46:17,554] {scheduler_job.py:182} INFO - Started process (PID=10867) to work on /home/airflow/sandbox/lib/python3.8/site-packages/airflow/example_dags/example_trigger_target_dag.py
[2022-03-21 05:46:17,571] {scheduler_job.py:633} INFO - Processing file /home/airflow/sandbox/lib/python3.8/site-packages/airflow/example_dags/example_trigger_target_dag.py for tasks to queue
[2022-03-21 05:46:17,573] {logging_mixin.py:104} INFO - [2022-03-21 05:46:17,573] {dagbag.py:487} INFO - Filling up the DagBag from /home/airflow/sandbox/lib/python3.8/site-packages/airflow/example_dags/example_trigger_target_dag.py
[2022-03-21 05:46:17,618] {scheduler_job.py:643} INFO - DAG(s) dict_keys(['example_trigger_target_dag']) retrieved from /home/airflow/sandbox/lib/python3.8/site-packages/airflow/example_dags/example_trigger_target_dag.py
[2022-03-21 05:46:17,690] {logging_mixin.py:104} INFO - [2022-03-21 05:46:17,675] {dag.py:1832} INFO - Sync 1 DAGs
[2022-03-21 05:46:17,743] {logging_mixin.py:104} INFO - [2022-03-21 05:46:17,743] {dag.py:2305} INFO - Setting next_dagrun for example_trigger_target_dag to None
[2022-03-21 05:46:17,889] {scheduler_job.py:190} INFO - Processing /home/airflow/sandbox/lib/python3.8/site-packages/airflow/example_dags/example_trigger_target_dag.py took 0.342 seconds
[2022-03-21 05:47:39,641] {scheduler_job.py:182} INFO - Started process (PID=11619) to work on /home/airflow/sandbox/lib/python3.8/site-packages/airflow/example_dags/example_trigger_target_dag.py
[2022-03-21 05:47:39,644] {scheduler_job.py:633} INFO - Processing file /home/airflow/sandbox/lib/python3.8/site-packages/airflow/example_dags/example_trigger_target_dag.py for tasks to queue
[2022-03-21 05:47:39,647] {logging_mixin.py:104} INFO - [2022-03-21 05:47:39,647] {dagbag.py:487} INFO - Filling up the DagBag from /home/airflow/sandbox/lib/python3.8/site-packages/airflow/example_dags/example_trigger_target_dag.py
[2022-03-21 05:47:39,669] {scheduler_job.py:643} INFO - DAG(s) dict_keys(['example_trigger_target_dag']) retrieved from /home/airflow/sandbox/lib/python3.8/site-packages/airflow/example_dags/example_trigger_target_dag.py
[2022-03-21 05:47:39,710] {logging_mixin.py:104} INFO - [2022-03-21 05:47:39,710] {dag.py:1832} INFO - Sync 1 DAGs
[2022-03-21 05:47:39,735] {logging_mixin.py:104} INFO - [2022-03-21 05:47:39,734] {dag.py:2305} INFO - Setting next_dagrun for example_trigger_target_dag to None
[2022-03-21 05:47:39,984] {scheduler_job.py:190} INFO - Processing /home/airflow/sandbox/lib/python3.8/site-packages/airflow/example_dags/example_trigger_target_dag.py took 0.350 seconds
[2022-03-21 05:48:24,395] {scheduler_job.py:182} INFO - Started process (PID=11892) to work on /home/airflow/sandbox/lib/python3.8/site-packages/airflow/example_dags/example_trigger_target_dag.py
[2022-03-21 05:48:24,409] {scheduler_job.py:633} INFO - Processing file /home/airflow/sandbox/lib/python3.8/site-packages/airflow/example_dags/example_trigger_target_dag.py for tasks to queue
[2022-03-21 05:48:24,411] {logging_mixin.py:104} INFO - [2022-03-21 05:48:24,410] {dagbag.py:487} INFO - Filling up the DagBag from /home/airflow/sandbox/lib/python3.8/site-packages/airflow/example_dags/example_trigger_target_dag.py
[2022-03-21 05:48:24,455] {scheduler_job.py:643} INFO - DAG(s) dict_keys(['example_trigger_target_dag']) retrieved from /home/airflow/sandbox/lib/python3.8/site-packages/airflow/example_dags/example_trigger_target_dag.py
[2022-03-21 05:48:24,543] {logging_mixin.py:104} INFO - [2022-03-21 05:48:24,543] {dag.py:1832} INFO - Sync 1 DAGs
[2022-03-21 05:48:24,609] {logging_mixin.py:104} INFO - [2022-03-21 05:48:24,609] {dag.py:2305} INFO - Setting next_dagrun for example_trigger_target_dag to None
[2022-03-21 05:48:24,694] {scheduler_job.py:190} INFO - Processing /home/airflow/sandbox/lib/python3.8/site-packages/airflow/example_dags/example_trigger_target_dag.py took 0.305 seconds
[2022-03-21 05:49:14,492] {scheduler_job.py:182} INFO - Started process (PID=12047) to work on /home/airflow/sandbox/lib/python3.8/site-packages/airflow/example_dags/example_trigger_target_dag.py
[2022-03-21 05:49:14,494] {scheduler_job.py:633} INFO - Processing file /home/airflow/sandbox/lib/python3.8/site-packages/airflow/example_dags/example_trigger_target_dag.py for tasks to queue
[2022-03-21 05:49:14,497] {logging_mixin.py:104} INFO - [2022-03-21 05:49:14,497] {dagbag.py:487} INFO - Filling up the DagBag from /home/airflow/sandbox/lib/python3.8/site-packages/airflow/example_dags/example_trigger_target_dag.py
[2022-03-21 05:49:14,520] {scheduler_job.py:643} INFO - DAG(s) dict_keys(['example_trigger_target_dag']) retrieved from /home/airflow/sandbox/lib/python3.8/site-packages/airflow/example_dags/example_trigger_target_dag.py
[2022-03-21 05:49:14,557] {logging_mixin.py:104} INFO - [2022-03-21 05:49:14,556] {dag.py:1832} INFO - Sync 1 DAGs
[2022-03-21 05:49:14,593] {logging_mixin.py:104} INFO - [2022-03-21 05:49:14,593] {dag.py:2305} INFO - Setting next_dagrun for example_trigger_target_dag to None
[2022-03-21 05:49:14,671] {scheduler_job.py:190} INFO - Processing /home/airflow/sandbox/lib/python3.8/site-packages/airflow/example_dags/example_trigger_target_dag.py took 0.185 seconds
[2022-03-21 05:50:03,894] {scheduler_job.py:182} INFO - Started process (PID=12161) to work on /home/airflow/sandbox/lib/python3.8/site-packages/airflow/example_dags/example_trigger_target_dag.py
[2022-03-21 05:50:03,897] {scheduler_job.py:633} INFO - Processing file /home/airflow/sandbox/lib/python3.8/site-packages/airflow/example_dags/example_trigger_target_dag.py for tasks to queue
[2022-03-21 05:50:03,899] {logging_mixin.py:104} INFO - [2022-03-21 05:50:03,898] {dagbag.py:487} INFO - Filling up the DagBag from /home/airflow/sandbox/lib/python3.8/site-packages/airflow/example_dags/example_trigger_target_dag.py
[2022-03-21 05:50:03,924] {scheduler_job.py:643} INFO - DAG(s) dict_keys(['example_trigger_target_dag']) retrieved from /home/airflow/sandbox/lib/python3.8/site-packages/airflow/example_dags/example_trigger_target_dag.py
[2022-03-21 05:50:03,954] {logging_mixin.py:104} INFO - [2022-03-21 05:50:03,954] {dag.py:1832} INFO - Sync 1 DAGs
[2022-03-21 05:50:03,983] {logging_mixin.py:104} INFO - [2022-03-21 05:50:03,982] {dag.py:2305} INFO - Setting next_dagrun for example_trigger_target_dag to None
[2022-03-21 05:50:04,016] {scheduler_job.py:190} INFO - Processing /home/airflow/sandbox/lib/python3.8/site-packages/airflow/example_dags/example_trigger_target_dag.py took 0.130 seconds
