[2022-03-21 05:14:49,959] {scheduler_job.py:182} INFO - Started process (PID=8195) to work on /home/airflow/sandbox/lib/python3.8/site-packages/airflow/example_dags/example_latest_only_with_trigger.py
[2022-03-21 05:14:49,966] {scheduler_job.py:633} INFO - Processing file /home/airflow/sandbox/lib/python3.8/site-packages/airflow/example_dags/example_latest_only_with_trigger.py for tasks to queue
[2022-03-21 05:14:49,968] {logging_mixin.py:104} INFO - [2022-03-21 05:14:49,967] {dagbag.py:487} INFO - Filling up the DagBag from /home/airflow/sandbox/lib/python3.8/site-packages/airflow/example_dags/example_latest_only_with_trigger.py
[2022-03-21 05:14:49,979] {scheduler_job.py:643} INFO - DAG(s) dict_keys(['latest_only_with_trigger']) retrieved from /home/airflow/sandbox/lib/python3.8/site-packages/airflow/example_dags/example_latest_only_with_trigger.py
[2022-03-21 05:14:50,569] {logging_mixin.py:104} INFO - [2022-03-21 05:14:50,569] {dag.py:1832} INFO - Sync 1 DAGs
[2022-03-21 05:14:50,584] {logging_mixin.py:104} INFO - [2022-03-21 05:14:50,584] {dag.py:2305} INFO - Setting next_dagrun for latest_only_with_trigger to 2022-03-19 00:00:00+00:00
[2022-03-21 05:14:50,619] {scheduler_job.py:190} INFO - Processing /home/airflow/sandbox/lib/python3.8/site-packages/airflow/example_dags/example_latest_only_with_trigger.py took 0.666 seconds
[2022-03-21 05:16:21,318] {scheduler_job.py:182} INFO - Started process (PID=8770) to work on /home/airflow/sandbox/lib/python3.8/site-packages/airflow/example_dags/example_latest_only_with_trigger.py
[2022-03-21 05:16:21,322] {scheduler_job.py:633} INFO - Processing file /home/airflow/sandbox/lib/python3.8/site-packages/airflow/example_dags/example_latest_only_with_trigger.py for tasks to queue
[2022-03-21 05:16:21,323] {logging_mixin.py:104} INFO - [2022-03-21 05:16:21,323] {dagbag.py:487} INFO - Filling up the DagBag from /home/airflow/sandbox/lib/python3.8/site-packages/airflow/example_dags/example_latest_only_with_trigger.py
[2022-03-21 05:16:21,348] {scheduler_job.py:643} INFO - DAG(s) dict_keys(['latest_only_with_trigger']) retrieved from /home/airflow/sandbox/lib/python3.8/site-packages/airflow/example_dags/example_latest_only_with_trigger.py
[2022-03-21 05:16:21,392] {logging_mixin.py:104} INFO - [2022-03-21 05:16:21,392] {dag.py:1832} INFO - Sync 1 DAGs
[2022-03-21 05:16:21,420] {logging_mixin.py:104} INFO - [2022-03-21 05:16:21,420] {dag.py:2305} INFO - Setting next_dagrun for latest_only_with_trigger to 2022-03-19 00:00:00+00:00
[2022-03-21 05:16:21,466] {scheduler_job.py:190} INFO - Processing /home/airflow/sandbox/lib/python3.8/site-packages/airflow/example_dags/example_latest_only_with_trigger.py took 0.159 seconds
[2022-03-21 05:17:07,077] {scheduler_job.py:182} INFO - Started process (PID=8973) to work on /home/airflow/sandbox/lib/python3.8/site-packages/airflow/example_dags/example_latest_only_with_trigger.py
[2022-03-21 05:17:07,095] {scheduler_job.py:633} INFO - Processing file /home/airflow/sandbox/lib/python3.8/site-packages/airflow/example_dags/example_latest_only_with_trigger.py for tasks to queue
[2022-03-21 05:17:07,097] {logging_mixin.py:104} INFO - [2022-03-21 05:17:07,096] {dagbag.py:487} INFO - Filling up the DagBag from /home/airflow/sandbox/lib/python3.8/site-packages/airflow/example_dags/example_latest_only_with_trigger.py
[2022-03-21 05:17:07,175] {scheduler_job.py:643} INFO - DAG(s) dict_keys(['latest_only_with_trigger']) retrieved from /home/airflow/sandbox/lib/python3.8/site-packages/airflow/example_dags/example_latest_only_with_trigger.py
[2022-03-21 05:17:07,365] {logging_mixin.py:104} INFO - [2022-03-21 05:17:07,365] {dag.py:1832} INFO - Sync 1 DAGs
[2022-03-21 05:17:07,527] {logging_mixin.py:104} INFO - [2022-03-21 05:17:07,527] {dag.py:2305} INFO - Setting next_dagrun for latest_only_with_trigger to 2022-03-19 00:00:00+00:00
[2022-03-21 05:17:07,612] {scheduler_job.py:190} INFO - Processing /home/airflow/sandbox/lib/python3.8/site-packages/airflow/example_dags/example_latest_only_with_trigger.py took 0.610 seconds
[2022-03-21 05:17:51,302] {scheduler_job.py:182} INFO - Started process (PID=9156) to work on /home/airflow/sandbox/lib/python3.8/site-packages/airflow/example_dags/example_latest_only_with_trigger.py
[2022-03-21 05:17:51,334] {scheduler_job.py:633} INFO - Processing file /home/airflow/sandbox/lib/python3.8/site-packages/airflow/example_dags/example_latest_only_with_trigger.py for tasks to queue
[2022-03-21 05:17:51,335] {logging_mixin.py:104} INFO - [2022-03-21 05:17:51,335] {dagbag.py:487} INFO - Filling up the DagBag from /home/airflow/sandbox/lib/python3.8/site-packages/airflow/example_dags/example_latest_only_with_trigger.py
[2022-03-21 05:17:51,348] {scheduler_job.py:643} INFO - DAG(s) dict_keys(['latest_only_with_trigger']) retrieved from /home/airflow/sandbox/lib/python3.8/site-packages/airflow/example_dags/example_latest_only_with_trigger.py
[2022-03-21 05:17:51,378] {logging_mixin.py:104} INFO - [2022-03-21 05:17:51,378] {dag.py:1832} INFO - Sync 1 DAGs
[2022-03-21 05:17:51,401] {logging_mixin.py:104} INFO - [2022-03-21 05:17:51,401] {dag.py:2305} INFO - Setting next_dagrun for latest_only_with_trigger to 2022-03-19 00:00:00+00:00
[2022-03-21 05:17:51,434] {scheduler_job.py:190} INFO - Processing /home/airflow/sandbox/lib/python3.8/site-packages/airflow/example_dags/example_latest_only_with_trigger.py took 0.137 seconds
[2022-03-21 05:18:43,590] {scheduler_job.py:182} INFO - Started process (PID=9253) to work on /home/airflow/sandbox/lib/python3.8/site-packages/airflow/example_dags/example_latest_only_with_trigger.py
[2022-03-21 05:18:43,593] {scheduler_job.py:633} INFO - Processing file /home/airflow/sandbox/lib/python3.8/site-packages/airflow/example_dags/example_latest_only_with_trigger.py for tasks to queue
[2022-03-21 05:18:43,601] {logging_mixin.py:104} INFO - [2022-03-21 05:18:43,601] {dagbag.py:487} INFO - Filling up the DagBag from /home/airflow/sandbox/lib/python3.8/site-packages/airflow/example_dags/example_latest_only_with_trigger.py
[2022-03-21 05:18:43,614] {scheduler_job.py:643} INFO - DAG(s) dict_keys(['latest_only_with_trigger']) retrieved from /home/airflow/sandbox/lib/python3.8/site-packages/airflow/example_dags/example_latest_only_with_trigger.py
[2022-03-21 05:18:43,650] {logging_mixin.py:104} INFO - [2022-03-21 05:18:43,650] {dag.py:1832} INFO - Sync 1 DAGs
[2022-03-21 05:18:43,673] {logging_mixin.py:104} INFO - [2022-03-21 05:18:43,673] {dag.py:2305} INFO - Setting next_dagrun for latest_only_with_trigger to 2022-03-19 00:00:00+00:00
[2022-03-21 05:18:43,714] {scheduler_job.py:190} INFO - Processing /home/airflow/sandbox/lib/python3.8/site-packages/airflow/example_dags/example_latest_only_with_trigger.py took 0.145 seconds
[2022-03-21 05:19:29,858] {scheduler_job.py:182} INFO - Started process (PID=9288) to work on /home/airflow/sandbox/lib/python3.8/site-packages/airflow/example_dags/example_latest_only_with_trigger.py
[2022-03-21 05:19:29,861] {scheduler_job.py:633} INFO - Processing file /home/airflow/sandbox/lib/python3.8/site-packages/airflow/example_dags/example_latest_only_with_trigger.py for tasks to queue
[2022-03-21 05:19:29,863] {logging_mixin.py:104} INFO - [2022-03-21 05:19:29,862] {dagbag.py:487} INFO - Filling up the DagBag from /home/airflow/sandbox/lib/python3.8/site-packages/airflow/example_dags/example_latest_only_with_trigger.py
[2022-03-21 05:19:29,880] {scheduler_job.py:643} INFO - DAG(s) dict_keys(['latest_only_with_trigger']) retrieved from /home/airflow/sandbox/lib/python3.8/site-packages/airflow/example_dags/example_latest_only_with_trigger.py
[2022-03-21 05:19:29,913] {logging_mixin.py:104} INFO - [2022-03-21 05:19:29,913] {dag.py:1832} INFO - Sync 1 DAGs
[2022-03-21 05:19:29,934] {logging_mixin.py:104} INFO - [2022-03-21 05:19:29,934] {dag.py:2305} INFO - Setting next_dagrun for latest_only_with_trigger to 2022-03-19 00:00:00+00:00
[2022-03-21 05:19:29,972] {scheduler_job.py:190} INFO - Processing /home/airflow/sandbox/lib/python3.8/site-packages/airflow/example_dags/example_latest_only_with_trigger.py took 0.121 seconds
[2022-03-21 05:20:12,710] {scheduler_job.py:182} INFO - Started process (PID=9320) to work on /home/airflow/sandbox/lib/python3.8/site-packages/airflow/example_dags/example_latest_only_with_trigger.py
[2022-03-21 05:20:12,712] {scheduler_job.py:633} INFO - Processing file /home/airflow/sandbox/lib/python3.8/site-packages/airflow/example_dags/example_latest_only_with_trigger.py for tasks to queue
[2022-03-21 05:20:12,714] {logging_mixin.py:104} INFO - [2022-03-21 05:20:12,714] {dagbag.py:487} INFO - Filling up the DagBag from /home/airflow/sandbox/lib/python3.8/site-packages/airflow/example_dags/example_latest_only_with_trigger.py
[2022-03-21 05:20:12,727] {scheduler_job.py:643} INFO - DAG(s) dict_keys(['latest_only_with_trigger']) retrieved from /home/airflow/sandbox/lib/python3.8/site-packages/airflow/example_dags/example_latest_only_with_trigger.py
[2022-03-21 05:20:12,758] {logging_mixin.py:104} INFO - [2022-03-21 05:20:12,758] {dag.py:1832} INFO - Sync 1 DAGs
[2022-03-21 05:20:12,780] {logging_mixin.py:104} INFO - [2022-03-21 05:20:12,780] {dag.py:2305} INFO - Setting next_dagrun for latest_only_with_trigger to 2022-03-19 00:00:00+00:00
[2022-03-21 05:20:12,825] {scheduler_job.py:190} INFO - Processing /home/airflow/sandbox/lib/python3.8/site-packages/airflow/example_dags/example_latest_only_with_trigger.py took 0.121 seconds
[2022-03-21 05:20:58,586] {scheduler_job.py:182} INFO - Started process (PID=9410) to work on /home/airflow/sandbox/lib/python3.8/site-packages/airflow/example_dags/example_latest_only_with_trigger.py
[2022-03-21 05:20:58,593] {scheduler_job.py:633} INFO - Processing file /home/airflow/sandbox/lib/python3.8/site-packages/airflow/example_dags/example_latest_only_with_trigger.py for tasks to queue
[2022-03-21 05:20:58,595] {logging_mixin.py:104} INFO - [2022-03-21 05:20:58,595] {dagbag.py:487} INFO - Filling up the DagBag from /home/airflow/sandbox/lib/python3.8/site-packages/airflow/example_dags/example_latest_only_with_trigger.py
[2022-03-21 05:20:58,618] {scheduler_job.py:643} INFO - DAG(s) dict_keys(['latest_only_with_trigger']) retrieved from /home/airflow/sandbox/lib/python3.8/site-packages/airflow/example_dags/example_latest_only_with_trigger.py
[2022-03-21 05:20:58,662] {logging_mixin.py:104} INFO - [2022-03-21 05:20:58,662] {dag.py:1832} INFO - Sync 1 DAGs
[2022-03-21 05:20:58,690] {logging_mixin.py:104} INFO - [2022-03-21 05:20:58,690] {dag.py:2305} INFO - Setting next_dagrun for latest_only_with_trigger to 2022-03-19 00:00:00+00:00
[2022-03-21 05:20:58,810] {scheduler_job.py:190} INFO - Processing /home/airflow/sandbox/lib/python3.8/site-packages/airflow/example_dags/example_latest_only_with_trigger.py took 0.233 seconds
[2022-03-21 05:21:50,939] {scheduler_job.py:182} INFO - Started process (PID=9445) to work on /home/airflow/sandbox/lib/python3.8/site-packages/airflow/example_dags/example_latest_only_with_trigger.py
[2022-03-21 05:21:50,942] {scheduler_job.py:633} INFO - Processing file /home/airflow/sandbox/lib/python3.8/site-packages/airflow/example_dags/example_latest_only_with_trigger.py for tasks to queue
[2022-03-21 05:21:50,944] {logging_mixin.py:104} INFO - [2022-03-21 05:21:50,943] {dagbag.py:487} INFO - Filling up the DagBag from /home/airflow/sandbox/lib/python3.8/site-packages/airflow/example_dags/example_latest_only_with_trigger.py
[2022-03-21 05:21:50,966] {scheduler_job.py:643} INFO - DAG(s) dict_keys(['latest_only_with_trigger']) retrieved from /home/airflow/sandbox/lib/python3.8/site-packages/airflow/example_dags/example_latest_only_with_trigger.py
[2022-03-21 05:21:51,003] {logging_mixin.py:104} INFO - [2022-03-21 05:21:51,003] {dag.py:1832} INFO - Sync 1 DAGs
[2022-03-21 05:21:51,027] {logging_mixin.py:104} INFO - [2022-03-21 05:21:51,027] {dag.py:2305} INFO - Setting next_dagrun for latest_only_with_trigger to 2022-03-19 00:00:00+00:00
[2022-03-21 05:21:51,059] {scheduler_job.py:190} INFO - Processing /home/airflow/sandbox/lib/python3.8/site-packages/airflow/example_dags/example_latest_only_with_trigger.py took 0.129 seconds
[2022-03-21 05:22:38,961] {scheduler_job.py:182} INFO - Started process (PID=9482) to work on /home/airflow/sandbox/lib/python3.8/site-packages/airflow/example_dags/example_latest_only_with_trigger.py
[2022-03-21 05:22:38,963] {scheduler_job.py:633} INFO - Processing file /home/airflow/sandbox/lib/python3.8/site-packages/airflow/example_dags/example_latest_only_with_trigger.py for tasks to queue
[2022-03-21 05:22:38,964] {logging_mixin.py:104} INFO - [2022-03-21 05:22:38,964] {dagbag.py:487} INFO - Filling up the DagBag from /home/airflow/sandbox/lib/python3.8/site-packages/airflow/example_dags/example_latest_only_with_trigger.py
[2022-03-21 05:22:38,977] {scheduler_job.py:643} INFO - DAG(s) dict_keys(['latest_only_with_trigger']) retrieved from /home/airflow/sandbox/lib/python3.8/site-packages/airflow/example_dags/example_latest_only_with_trigger.py
[2022-03-21 05:22:39,014] {logging_mixin.py:104} INFO - [2022-03-21 05:22:39,014] {dag.py:1832} INFO - Sync 1 DAGs
[2022-03-21 05:22:39,035] {logging_mixin.py:104} INFO - [2022-03-21 05:22:39,035] {dag.py:2305} INFO - Setting next_dagrun for latest_only_with_trigger to 2022-03-19 00:00:00+00:00
[2022-03-21 05:22:39,331] {scheduler_job.py:190} INFO - Processing /home/airflow/sandbox/lib/python3.8/site-packages/airflow/example_dags/example_latest_only_with_trigger.py took 0.376 seconds
[2022-03-21 05:23:20,537] {scheduler_job.py:182} INFO - Started process (PID=9515) to work on /home/airflow/sandbox/lib/python3.8/site-packages/airflow/example_dags/example_latest_only_with_trigger.py
[2022-03-21 05:23:20,540] {scheduler_job.py:633} INFO - Processing file /home/airflow/sandbox/lib/python3.8/site-packages/airflow/example_dags/example_latest_only_with_trigger.py for tasks to queue
[2022-03-21 05:23:20,541] {logging_mixin.py:104} INFO - [2022-03-21 05:23:20,541] {dagbag.py:487} INFO - Filling up the DagBag from /home/airflow/sandbox/lib/python3.8/site-packages/airflow/example_dags/example_latest_only_with_trigger.py
[2022-03-21 05:23:20,557] {scheduler_job.py:643} INFO - DAG(s) dict_keys(['latest_only_with_trigger']) retrieved from /home/airflow/sandbox/lib/python3.8/site-packages/airflow/example_dags/example_latest_only_with_trigger.py
[2022-03-21 05:23:20,587] {logging_mixin.py:104} INFO - [2022-03-21 05:23:20,585] {dag.py:1832} INFO - Sync 1 DAGs
[2022-03-21 05:23:20,614] {logging_mixin.py:104} INFO - [2022-03-21 05:23:20,614] {dag.py:2305} INFO - Setting next_dagrun for latest_only_with_trigger to 2022-03-19 00:00:00+00:00
[2022-03-21 05:23:20,648] {scheduler_job.py:190} INFO - Processing /home/airflow/sandbox/lib/python3.8/site-packages/airflow/example_dags/example_latest_only_with_trigger.py took 0.123 seconds
[2022-03-21 05:24:01,729] {scheduler_job.py:182} INFO - Started process (PID=9549) to work on /home/airflow/sandbox/lib/python3.8/site-packages/airflow/example_dags/example_latest_only_with_trigger.py
[2022-03-21 05:24:01,731] {scheduler_job.py:633} INFO - Processing file /home/airflow/sandbox/lib/python3.8/site-packages/airflow/example_dags/example_latest_only_with_trigger.py for tasks to queue
[2022-03-21 05:24:01,732] {logging_mixin.py:104} INFO - [2022-03-21 05:24:01,732] {dagbag.py:487} INFO - Filling up the DagBag from /home/airflow/sandbox/lib/python3.8/site-packages/airflow/example_dags/example_latest_only_with_trigger.py
[2022-03-21 05:24:01,746] {scheduler_job.py:643} INFO - DAG(s) dict_keys(['latest_only_with_trigger']) retrieved from /home/airflow/sandbox/lib/python3.8/site-packages/airflow/example_dags/example_latest_only_with_trigger.py
[2022-03-21 05:24:01,792] {logging_mixin.py:104} INFO - [2022-03-21 05:24:01,792] {dag.py:1832} INFO - Sync 1 DAGs
[2022-03-21 05:24:01,831] {logging_mixin.py:104} INFO - [2022-03-21 05:24:01,830] {dag.py:2305} INFO - Setting next_dagrun for latest_only_with_trigger to 2022-03-19 00:00:00+00:00
[2022-03-21 05:24:01,871] {scheduler_job.py:190} INFO - Processing /home/airflow/sandbox/lib/python3.8/site-packages/airflow/example_dags/example_latest_only_with_trigger.py took 0.151 seconds
[2022-03-21 05:24:45,292] {scheduler_job.py:182} INFO - Started process (PID=9581) to work on /home/airflow/sandbox/lib/python3.8/site-packages/airflow/example_dags/example_latest_only_with_trigger.py
[2022-03-21 05:24:45,294] {scheduler_job.py:633} INFO - Processing file /home/airflow/sandbox/lib/python3.8/site-packages/airflow/example_dags/example_latest_only_with_trigger.py for tasks to queue
[2022-03-21 05:24:45,296] {logging_mixin.py:104} INFO - [2022-03-21 05:24:45,295] {dagbag.py:487} INFO - Filling up the DagBag from /home/airflow/sandbox/lib/python3.8/site-packages/airflow/example_dags/example_latest_only_with_trigger.py
[2022-03-21 05:24:45,312] {scheduler_job.py:643} INFO - DAG(s) dict_keys(['latest_only_with_trigger']) retrieved from /home/airflow/sandbox/lib/python3.8/site-packages/airflow/example_dags/example_latest_only_with_trigger.py
[2022-03-21 05:24:45,348] {logging_mixin.py:104} INFO - [2022-03-21 05:24:45,348] {dag.py:1832} INFO - Sync 1 DAGs
[2022-03-21 05:24:45,371] {logging_mixin.py:104} INFO - [2022-03-21 05:24:45,371] {dag.py:2305} INFO - Setting next_dagrun for latest_only_with_trigger to 2022-03-19 00:00:00+00:00
[2022-03-21 05:24:45,509] {scheduler_job.py:190} INFO - Processing /home/airflow/sandbox/lib/python3.8/site-packages/airflow/example_dags/example_latest_only_with_trigger.py took 0.223 seconds
[2022-03-21 05:25:32,663] {scheduler_job.py:182} INFO - Started process (PID=9673) to work on /home/airflow/sandbox/lib/python3.8/site-packages/airflow/example_dags/example_latest_only_with_trigger.py
[2022-03-21 05:25:32,667] {scheduler_job.py:633} INFO - Processing file /home/airflow/sandbox/lib/python3.8/site-packages/airflow/example_dags/example_latest_only_with_trigger.py for tasks to queue
[2022-03-21 05:25:32,669] {logging_mixin.py:104} INFO - [2022-03-21 05:25:32,668] {dagbag.py:487} INFO - Filling up the DagBag from /home/airflow/sandbox/lib/python3.8/site-packages/airflow/example_dags/example_latest_only_with_trigger.py
[2022-03-21 05:25:32,681] {scheduler_job.py:643} INFO - DAG(s) dict_keys(['latest_only_with_trigger']) retrieved from /home/airflow/sandbox/lib/python3.8/site-packages/airflow/example_dags/example_latest_only_with_trigger.py
[2022-03-21 05:25:32,715] {logging_mixin.py:104} INFO - [2022-03-21 05:25:32,714] {dag.py:1832} INFO - Sync 1 DAGs
[2022-03-21 05:25:32,735] {logging_mixin.py:104} INFO - [2022-03-21 05:25:32,735] {dag.py:2305} INFO - Setting next_dagrun for latest_only_with_trigger to 2022-03-19 00:00:00+00:00
[2022-03-21 05:25:32,877] {scheduler_job.py:190} INFO - Processing /home/airflow/sandbox/lib/python3.8/site-packages/airflow/example_dags/example_latest_only_with_trigger.py took 0.220 seconds
[2022-03-21 05:26:19,044] {scheduler_job.py:182} INFO - Started process (PID=9707) to work on /home/airflow/sandbox/lib/python3.8/site-packages/airflow/example_dags/example_latest_only_with_trigger.py
[2022-03-21 05:26:19,049] {scheduler_job.py:633} INFO - Processing file /home/airflow/sandbox/lib/python3.8/site-packages/airflow/example_dags/example_latest_only_with_trigger.py for tasks to queue
[2022-03-21 05:26:19,050] {logging_mixin.py:104} INFO - [2022-03-21 05:26:19,050] {dagbag.py:487} INFO - Filling up the DagBag from /home/airflow/sandbox/lib/python3.8/site-packages/airflow/example_dags/example_latest_only_with_trigger.py
[2022-03-21 05:26:19,063] {scheduler_job.py:643} INFO - DAG(s) dict_keys(['latest_only_with_trigger']) retrieved from /home/airflow/sandbox/lib/python3.8/site-packages/airflow/example_dags/example_latest_only_with_trigger.py
[2022-03-21 05:26:19,096] {logging_mixin.py:104} INFO - [2022-03-21 05:26:19,095] {dag.py:1832} INFO - Sync 1 DAGs
[2022-03-21 05:26:19,222] {logging_mixin.py:104} INFO - [2022-03-21 05:26:19,222] {dag.py:2305} INFO - Setting next_dagrun for latest_only_with_trigger to 2022-03-19 00:00:00+00:00
[2022-03-21 05:26:19,260] {scheduler_job.py:190} INFO - Processing /home/airflow/sandbox/lib/python3.8/site-packages/airflow/example_dags/example_latest_only_with_trigger.py took 0.222 seconds
[2022-03-21 05:27:10,678] {scheduler_job.py:182} INFO - Started process (PID=9742) to work on /home/airflow/sandbox/lib/python3.8/site-packages/airflow/example_dags/example_latest_only_with_trigger.py
[2022-03-21 05:27:10,681] {scheduler_job.py:633} INFO - Processing file /home/airflow/sandbox/lib/python3.8/site-packages/airflow/example_dags/example_latest_only_with_trigger.py for tasks to queue
[2022-03-21 05:27:10,684] {logging_mixin.py:104} INFO - [2022-03-21 05:27:10,684] {dagbag.py:487} INFO - Filling up the DagBag from /home/airflow/sandbox/lib/python3.8/site-packages/airflow/example_dags/example_latest_only_with_trigger.py
[2022-03-21 05:27:10,702] {scheduler_job.py:643} INFO - DAG(s) dict_keys(['latest_only_with_trigger']) retrieved from /home/airflow/sandbox/lib/python3.8/site-packages/airflow/example_dags/example_latest_only_with_trigger.py
[2022-03-21 05:27:10,742] {logging_mixin.py:104} INFO - [2022-03-21 05:27:10,741] {dag.py:1832} INFO - Sync 1 DAGs
[2022-03-21 05:27:10,892] {logging_mixin.py:104} INFO - [2022-03-21 05:27:10,892] {dag.py:2305} INFO - Setting next_dagrun for latest_only_with_trigger to 2022-03-19 00:00:00+00:00
[2022-03-21 05:27:10,931] {scheduler_job.py:190} INFO - Processing /home/airflow/sandbox/lib/python3.8/site-packages/airflow/example_dags/example_latest_only_with_trigger.py took 0.259 seconds
[2022-03-21 05:28:03,963] {scheduler_job.py:182} INFO - Started process (PID=9779) to work on /home/airflow/sandbox/lib/python3.8/site-packages/airflow/example_dags/example_latest_only_with_trigger.py
[2022-03-21 05:28:03,965] {scheduler_job.py:633} INFO - Processing file /home/airflow/sandbox/lib/python3.8/site-packages/airflow/example_dags/example_latest_only_with_trigger.py for tasks to queue
[2022-03-21 05:28:03,966] {logging_mixin.py:104} INFO - [2022-03-21 05:28:03,966] {dagbag.py:487} INFO - Filling up the DagBag from /home/airflow/sandbox/lib/python3.8/site-packages/airflow/example_dags/example_latest_only_with_trigger.py
[2022-03-21 05:28:03,986] {scheduler_job.py:643} INFO - DAG(s) dict_keys(['latest_only_with_trigger']) retrieved from /home/airflow/sandbox/lib/python3.8/site-packages/airflow/example_dags/example_latest_only_with_trigger.py
[2022-03-21 05:28:04,172] {logging_mixin.py:104} INFO - [2022-03-21 05:28:04,172] {dag.py:1832} INFO - Sync 1 DAGs
[2022-03-21 05:28:04,201] {logging_mixin.py:104} INFO - [2022-03-21 05:28:04,201] {dag.py:2305} INFO - Setting next_dagrun for latest_only_with_trigger to 2022-03-19 00:00:00+00:00
[2022-03-21 05:28:04,238] {scheduler_job.py:190} INFO - Processing /home/airflow/sandbox/lib/python3.8/site-packages/airflow/example_dags/example_latest_only_with_trigger.py took 0.283 seconds
[2022-03-21 05:28:53,136] {scheduler_job.py:182} INFO - Started process (PID=9815) to work on /home/airflow/sandbox/lib/python3.8/site-packages/airflow/example_dags/example_latest_only_with_trigger.py
[2022-03-21 05:28:53,143] {scheduler_job.py:633} INFO - Processing file /home/airflow/sandbox/lib/python3.8/site-packages/airflow/example_dags/example_latest_only_with_trigger.py for tasks to queue
[2022-03-21 05:28:53,146] {logging_mixin.py:104} INFO - [2022-03-21 05:28:53,146] {dagbag.py:487} INFO - Filling up the DagBag from /home/airflow/sandbox/lib/python3.8/site-packages/airflow/example_dags/example_latest_only_with_trigger.py
[2022-03-21 05:28:53,296] {scheduler_job.py:643} INFO - DAG(s) dict_keys(['latest_only_with_trigger']) retrieved from /home/airflow/sandbox/lib/python3.8/site-packages/airflow/example_dags/example_latest_only_with_trigger.py
[2022-03-21 05:28:53,323] {logging_mixin.py:104} INFO - [2022-03-21 05:28:53,323] {dag.py:1832} INFO - Sync 1 DAGs
[2022-03-21 05:28:53,347] {logging_mixin.py:104} INFO - [2022-03-21 05:28:53,347] {dag.py:2305} INFO - Setting next_dagrun for latest_only_with_trigger to 2022-03-19 00:00:00+00:00
[2022-03-21 05:28:53,384] {scheduler_job.py:190} INFO - Processing /home/airflow/sandbox/lib/python3.8/site-packages/airflow/example_dags/example_latest_only_with_trigger.py took 0.256 seconds
[2022-03-21 05:29:45,786] {scheduler_job.py:182} INFO - Started process (PID=9852) to work on /home/airflow/sandbox/lib/python3.8/site-packages/airflow/example_dags/example_latest_only_with_trigger.py
[2022-03-21 05:29:45,788] {scheduler_job.py:633} INFO - Processing file /home/airflow/sandbox/lib/python3.8/site-packages/airflow/example_dags/example_latest_only_with_trigger.py for tasks to queue
[2022-03-21 05:29:45,789] {logging_mixin.py:104} INFO - [2022-03-21 05:29:45,789] {dagbag.py:487} INFO - Filling up the DagBag from /home/airflow/sandbox/lib/python3.8/site-packages/airflow/example_dags/example_latest_only_with_trigger.py
[2022-03-21 05:29:45,941] {scheduler_job.py:643} INFO - DAG(s) dict_keys(['latest_only_with_trigger']) retrieved from /home/airflow/sandbox/lib/python3.8/site-packages/airflow/example_dags/example_latest_only_with_trigger.py
[2022-03-21 05:29:45,967] {logging_mixin.py:104} INFO - [2022-03-21 05:29:45,967] {dag.py:1832} INFO - Sync 1 DAGs
[2022-03-21 05:29:45,986] {logging_mixin.py:104} INFO - [2022-03-21 05:29:45,986] {dag.py:2305} INFO - Setting next_dagrun for latest_only_with_trigger to 2022-03-19 00:00:00+00:00
[2022-03-21 05:29:46,022] {scheduler_job.py:190} INFO - Processing /home/airflow/sandbox/lib/python3.8/site-packages/airflow/example_dags/example_latest_only_with_trigger.py took 0.245 seconds
[2022-03-21 05:30:40,055] {scheduler_job.py:182} INFO - Started process (PID=9946) to work on /home/airflow/sandbox/lib/python3.8/site-packages/airflow/example_dags/example_latest_only_with_trigger.py
[2022-03-21 05:30:40,330] {scheduler_job.py:633} INFO - Processing file /home/airflow/sandbox/lib/python3.8/site-packages/airflow/example_dags/example_latest_only_with_trigger.py for tasks to queue
[2022-03-21 05:30:40,333] {logging_mixin.py:104} INFO - [2022-03-21 05:30:40,332] {dagbag.py:487} INFO - Filling up the DagBag from /home/airflow/sandbox/lib/python3.8/site-packages/airflow/example_dags/example_latest_only_with_trigger.py
[2022-03-21 05:30:40,348] {scheduler_job.py:643} INFO - DAG(s) dict_keys(['latest_only_with_trigger']) retrieved from /home/airflow/sandbox/lib/python3.8/site-packages/airflow/example_dags/example_latest_only_with_trigger.py
[2022-03-21 05:30:40,388] {logging_mixin.py:104} INFO - [2022-03-21 05:30:40,384] {dag.py:1832} INFO - Sync 1 DAGs
[2022-03-21 05:30:40,463] {logging_mixin.py:104} INFO - [2022-03-21 05:30:40,463] {dag.py:2305} INFO - Setting next_dagrun for latest_only_with_trigger to 2022-03-19 00:00:00+00:00
[2022-03-21 05:30:40,549] {scheduler_job.py:190} INFO - Processing /home/airflow/sandbox/lib/python3.8/site-packages/airflow/example_dags/example_latest_only_with_trigger.py took 0.505 seconds
[2022-03-21 05:31:33,135] {scheduler_job.py:182} INFO - Started process (PID=9986) to work on /home/airflow/sandbox/lib/python3.8/site-packages/airflow/example_dags/example_latest_only_with_trigger.py
[2022-03-21 05:31:33,138] {scheduler_job.py:633} INFO - Processing file /home/airflow/sandbox/lib/python3.8/site-packages/airflow/example_dags/example_latest_only_with_trigger.py for tasks to queue
[2022-03-21 05:31:33,139] {logging_mixin.py:104} INFO - [2022-03-21 05:31:33,139] {dagbag.py:487} INFO - Filling up the DagBag from /home/airflow/sandbox/lib/python3.8/site-packages/airflow/example_dags/example_latest_only_with_trigger.py
[2022-03-21 05:31:33,152] {scheduler_job.py:643} INFO - DAG(s) dict_keys(['latest_only_with_trigger']) retrieved from /home/airflow/sandbox/lib/python3.8/site-packages/airflow/example_dags/example_latest_only_with_trigger.py
[2022-03-21 05:31:33,183] {logging_mixin.py:104} INFO - [2022-03-21 05:31:33,183] {dag.py:1832} INFO - Sync 1 DAGs
[2022-03-21 05:31:33,207] {logging_mixin.py:104} INFO - [2022-03-21 05:31:33,207] {dag.py:2305} INFO - Setting next_dagrun for latest_only_with_trigger to 2022-03-19 00:00:00+00:00
[2022-03-21 05:31:33,244] {scheduler_job.py:190} INFO - Processing /home/airflow/sandbox/lib/python3.8/site-packages/airflow/example_dags/example_latest_only_with_trigger.py took 0.118 seconds
[2022-03-21 05:32:14,593] {scheduler_job.py:182} INFO - Started process (PID=10018) to work on /home/airflow/sandbox/lib/python3.8/site-packages/airflow/example_dags/example_latest_only_with_trigger.py
[2022-03-21 05:32:14,596] {scheduler_job.py:633} INFO - Processing file /home/airflow/sandbox/lib/python3.8/site-packages/airflow/example_dags/example_latest_only_with_trigger.py for tasks to queue
[2022-03-21 05:32:14,598] {logging_mixin.py:104} INFO - [2022-03-21 05:32:14,598] {dagbag.py:487} INFO - Filling up the DagBag from /home/airflow/sandbox/lib/python3.8/site-packages/airflow/example_dags/example_latest_only_with_trigger.py
[2022-03-21 05:32:14,610] {scheduler_job.py:643} INFO - DAG(s) dict_keys(['latest_only_with_trigger']) retrieved from /home/airflow/sandbox/lib/python3.8/site-packages/airflow/example_dags/example_latest_only_with_trigger.py
[2022-03-21 05:32:14,643] {logging_mixin.py:104} INFO - [2022-03-21 05:32:14,643] {dag.py:1832} INFO - Sync 1 DAGs
[2022-03-21 05:32:14,665] {logging_mixin.py:104} INFO - [2022-03-21 05:32:14,665] {dag.py:2305} INFO - Setting next_dagrun for latest_only_with_trigger to 2022-03-19 00:00:00+00:00
[2022-03-21 05:32:14,708] {scheduler_job.py:190} INFO - Processing /home/airflow/sandbox/lib/python3.8/site-packages/airflow/example_dags/example_latest_only_with_trigger.py took 0.123 seconds
[2022-03-21 05:32:56,082] {scheduler_job.py:182} INFO - Started process (PID=10050) to work on /home/airflow/sandbox/lib/python3.8/site-packages/airflow/example_dags/example_latest_only_with_trigger.py
[2022-03-21 05:32:56,084] {scheduler_job.py:633} INFO - Processing file /home/airflow/sandbox/lib/python3.8/site-packages/airflow/example_dags/example_latest_only_with_trigger.py for tasks to queue
[2022-03-21 05:32:56,086] {logging_mixin.py:104} INFO - [2022-03-21 05:32:56,085] {dagbag.py:487} INFO - Filling up the DagBag from /home/airflow/sandbox/lib/python3.8/site-packages/airflow/example_dags/example_latest_only_with_trigger.py
[2022-03-21 05:32:56,101] {scheduler_job.py:643} INFO - DAG(s) dict_keys(['latest_only_with_trigger']) retrieved from /home/airflow/sandbox/lib/python3.8/site-packages/airflow/example_dags/example_latest_only_with_trigger.py
[2022-03-21 05:32:56,134] {logging_mixin.py:104} INFO - [2022-03-21 05:32:56,133] {dag.py:1832} INFO - Sync 1 DAGs
[2022-03-21 05:32:56,156] {logging_mixin.py:104} INFO - [2022-03-21 05:32:56,153] {dag.py:2305} INFO - Setting next_dagrun for latest_only_with_trigger to 2022-03-19 00:00:00+00:00
[2022-03-21 05:32:56,190] {scheduler_job.py:190} INFO - Processing /home/airflow/sandbox/lib/python3.8/site-packages/airflow/example_dags/example_latest_only_with_trigger.py took 0.116 seconds
[2022-03-21 05:33:40,091] {scheduler_job.py:182} INFO - Started process (PID=10083) to work on /home/airflow/sandbox/lib/python3.8/site-packages/airflow/example_dags/example_latest_only_with_trigger.py
[2022-03-21 05:33:40,096] {scheduler_job.py:633} INFO - Processing file /home/airflow/sandbox/lib/python3.8/site-packages/airflow/example_dags/example_latest_only_with_trigger.py for tasks to queue
[2022-03-21 05:33:40,098] {logging_mixin.py:104} INFO - [2022-03-21 05:33:40,098] {dagbag.py:487} INFO - Filling up the DagBag from /home/airflow/sandbox/lib/python3.8/site-packages/airflow/example_dags/example_latest_only_with_trigger.py
[2022-03-21 05:33:40,110] {scheduler_job.py:643} INFO - DAG(s) dict_keys(['latest_only_with_trigger']) retrieved from /home/airflow/sandbox/lib/python3.8/site-packages/airflow/example_dags/example_latest_only_with_trigger.py
[2022-03-21 05:33:40,145] {logging_mixin.py:104} INFO - [2022-03-21 05:33:40,145] {dag.py:1832} INFO - Sync 1 DAGs
[2022-03-21 05:33:40,167] {logging_mixin.py:104} INFO - [2022-03-21 05:33:40,167] {dag.py:2305} INFO - Setting next_dagrun for latest_only_with_trigger to 2022-03-19 00:00:00+00:00
[2022-03-21 05:33:40,202] {scheduler_job.py:190} INFO - Processing /home/airflow/sandbox/lib/python3.8/site-packages/airflow/example_dags/example_latest_only_with_trigger.py took 0.118 seconds
[2022-03-21 05:34:22,511] {scheduler_job.py:182} INFO - Started process (PID=10115) to work on /home/airflow/sandbox/lib/python3.8/site-packages/airflow/example_dags/example_latest_only_with_trigger.py
[2022-03-21 05:34:22,514] {scheduler_job.py:633} INFO - Processing file /home/airflow/sandbox/lib/python3.8/site-packages/airflow/example_dags/example_latest_only_with_trigger.py for tasks to queue
[2022-03-21 05:34:22,515] {logging_mixin.py:104} INFO - [2022-03-21 05:34:22,515] {dagbag.py:487} INFO - Filling up the DagBag from /home/airflow/sandbox/lib/python3.8/site-packages/airflow/example_dags/example_latest_only_with_trigger.py
[2022-03-21 05:34:22,541] {scheduler_job.py:643} INFO - DAG(s) dict_keys(['latest_only_with_trigger']) retrieved from /home/airflow/sandbox/lib/python3.8/site-packages/airflow/example_dags/example_latest_only_with_trigger.py
[2022-03-21 05:34:22,581] {logging_mixin.py:104} INFO - [2022-03-21 05:34:22,581] {dag.py:1832} INFO - Sync 1 DAGs
[2022-03-21 05:34:22,604] {logging_mixin.py:104} INFO - [2022-03-21 05:34:22,604] {dag.py:2305} INFO - Setting next_dagrun for latest_only_with_trigger to 2022-03-19 00:00:00+00:00
[2022-03-21 05:34:22,642] {scheduler_job.py:190} INFO - Processing /home/airflow/sandbox/lib/python3.8/site-packages/airflow/example_dags/example_latest_only_with_trigger.py took 0.137 seconds
[2022-03-21 05:35:11,267] {scheduler_job.py:182} INFO - Started process (PID=10150) to work on /home/airflow/sandbox/lib/python3.8/site-packages/airflow/example_dags/example_latest_only_with_trigger.py
[2022-03-21 05:35:11,269] {scheduler_job.py:633} INFO - Processing file /home/airflow/sandbox/lib/python3.8/site-packages/airflow/example_dags/example_latest_only_with_trigger.py for tasks to queue
[2022-03-21 05:35:11,270] {logging_mixin.py:104} INFO - [2022-03-21 05:35:11,270] {dagbag.py:487} INFO - Filling up the DagBag from /home/airflow/sandbox/lib/python3.8/site-packages/airflow/example_dags/example_latest_only_with_trigger.py
[2022-03-21 05:35:11,286] {scheduler_job.py:643} INFO - DAG(s) dict_keys(['latest_only_with_trigger']) retrieved from /home/airflow/sandbox/lib/python3.8/site-packages/airflow/example_dags/example_latest_only_with_trigger.py
[2022-03-21 05:35:11,317] {logging_mixin.py:104} INFO - [2022-03-21 05:35:11,317] {dag.py:1832} INFO - Sync 1 DAGs
[2022-03-21 05:35:11,336] {logging_mixin.py:104} INFO - [2022-03-21 05:35:11,336] {dag.py:2305} INFO - Setting next_dagrun for latest_only_with_trigger to 2022-03-19 00:00:00+00:00
[2022-03-21 05:35:11,395] {scheduler_job.py:190} INFO - Processing /home/airflow/sandbox/lib/python3.8/site-packages/airflow/example_dags/example_latest_only_with_trigger.py took 0.137 seconds
[2022-03-21 05:35:56,897] {scheduler_job.py:182} INFO - Started process (PID=10240) to work on /home/airflow/sandbox/lib/python3.8/site-packages/airflow/example_dags/example_latest_only_with_trigger.py
[2022-03-21 05:35:56,900] {scheduler_job.py:633} INFO - Processing file /home/airflow/sandbox/lib/python3.8/site-packages/airflow/example_dags/example_latest_only_with_trigger.py for tasks to queue
[2022-03-21 05:35:56,901] {logging_mixin.py:104} INFO - [2022-03-21 05:35:56,901] {dagbag.py:487} INFO - Filling up the DagBag from /home/airflow/sandbox/lib/python3.8/site-packages/airflow/example_dags/example_latest_only_with_trigger.py
[2022-03-21 05:35:56,917] {scheduler_job.py:643} INFO - DAG(s) dict_keys(['latest_only_with_trigger']) retrieved from /home/airflow/sandbox/lib/python3.8/site-packages/airflow/example_dags/example_latest_only_with_trigger.py
[2022-03-21 05:35:56,948] {logging_mixin.py:104} INFO - [2022-03-21 05:35:56,948] {dag.py:1832} INFO - Sync 1 DAGs
[2022-03-21 05:35:56,969] {logging_mixin.py:104} INFO - [2022-03-21 05:35:56,969] {dag.py:2305} INFO - Setting next_dagrun for latest_only_with_trigger to 2022-03-19 00:00:00+00:00
[2022-03-21 05:35:57,069] {scheduler_job.py:190} INFO - Processing /home/airflow/sandbox/lib/python3.8/site-packages/airflow/example_dags/example_latest_only_with_trigger.py took 0.178 seconds
[2022-03-21 05:36:45,595] {scheduler_job.py:182} INFO - Started process (PID=10275) to work on /home/airflow/sandbox/lib/python3.8/site-packages/airflow/example_dags/example_latest_only_with_trigger.py
[2022-03-21 05:36:45,599] {scheduler_job.py:633} INFO - Processing file /home/airflow/sandbox/lib/python3.8/site-packages/airflow/example_dags/example_latest_only_with_trigger.py for tasks to queue
[2022-03-21 05:36:45,601] {logging_mixin.py:104} INFO - [2022-03-21 05:36:45,601] {dagbag.py:487} INFO - Filling up the DagBag from /home/airflow/sandbox/lib/python3.8/site-packages/airflow/example_dags/example_latest_only_with_trigger.py
[2022-03-21 05:36:45,639] {scheduler_job.py:643} INFO - DAG(s) dict_keys(['latest_only_with_trigger']) retrieved from /home/airflow/sandbox/lib/python3.8/site-packages/airflow/example_dags/example_latest_only_with_trigger.py
[2022-03-21 05:36:45,716] {logging_mixin.py:104} INFO - [2022-03-21 05:36:45,716] {dag.py:1832} INFO - Sync 1 DAGs
[2022-03-21 05:36:45,756] {logging_mixin.py:104} INFO - [2022-03-21 05:36:45,756] {dag.py:2305} INFO - Setting next_dagrun for latest_only_with_trigger to 2022-03-19 00:00:00+00:00
[2022-03-21 05:36:45,814] {scheduler_job.py:190} INFO - Processing /home/airflow/sandbox/lib/python3.8/site-packages/airflow/example_dags/example_latest_only_with_trigger.py took 0.231 seconds
[2022-03-21 05:37:30,896] {scheduler_job.py:182} INFO - Started process (PID=10309) to work on /home/airflow/sandbox/lib/python3.8/site-packages/airflow/example_dags/example_latest_only_with_trigger.py
[2022-03-21 05:37:30,901] {scheduler_job.py:633} INFO - Processing file /home/airflow/sandbox/lib/python3.8/site-packages/airflow/example_dags/example_latest_only_with_trigger.py for tasks to queue
[2022-03-21 05:37:30,903] {logging_mixin.py:104} INFO - [2022-03-21 05:37:30,903] {dagbag.py:487} INFO - Filling up the DagBag from /home/airflow/sandbox/lib/python3.8/site-packages/airflow/example_dags/example_latest_only_with_trigger.py
[2022-03-21 05:37:30,916] {scheduler_job.py:643} INFO - DAG(s) dict_keys(['latest_only_with_trigger']) retrieved from /home/airflow/sandbox/lib/python3.8/site-packages/airflow/example_dags/example_latest_only_with_trigger.py
[2022-03-21 05:37:30,950] {logging_mixin.py:104} INFO - [2022-03-21 05:37:30,950] {dag.py:1832} INFO - Sync 1 DAGs
[2022-03-21 05:37:30,975] {logging_mixin.py:104} INFO - [2022-03-21 05:37:30,975] {dag.py:2305} INFO - Setting next_dagrun for latest_only_with_trigger to 2022-03-19 00:00:00+00:00
[2022-03-21 05:37:31,008] {scheduler_job.py:190} INFO - Processing /home/airflow/sandbox/lib/python3.8/site-packages/airflow/example_dags/example_latest_only_with_trigger.py took 0.122 seconds
[2022-03-21 05:38:15,045] {scheduler_job.py:182} INFO - Started process (PID=10342) to work on /home/airflow/sandbox/lib/python3.8/site-packages/airflow/example_dags/example_latest_only_with_trigger.py
[2022-03-21 05:38:15,050] {scheduler_job.py:633} INFO - Processing file /home/airflow/sandbox/lib/python3.8/site-packages/airflow/example_dags/example_latest_only_with_trigger.py for tasks to queue
[2022-03-21 05:38:15,052] {logging_mixin.py:104} INFO - [2022-03-21 05:38:15,051] {dagbag.py:487} INFO - Filling up the DagBag from /home/airflow/sandbox/lib/python3.8/site-packages/airflow/example_dags/example_latest_only_with_trigger.py
[2022-03-21 05:38:15,068] {scheduler_job.py:643} INFO - DAG(s) dict_keys(['latest_only_with_trigger']) retrieved from /home/airflow/sandbox/lib/python3.8/site-packages/airflow/example_dags/example_latest_only_with_trigger.py
[2022-03-21 05:38:15,095] {logging_mixin.py:104} INFO - [2022-03-21 05:38:15,095] {dag.py:1832} INFO - Sync 1 DAGs
[2022-03-21 05:38:15,120] {logging_mixin.py:104} INFO - [2022-03-21 05:38:15,120] {dag.py:2305} INFO - Setting next_dagrun for latest_only_with_trigger to 2022-03-19 00:00:00+00:00
[2022-03-21 05:38:15,153] {scheduler_job.py:190} INFO - Processing /home/airflow/sandbox/lib/python3.8/site-packages/airflow/example_dags/example_latest_only_with_trigger.py took 0.122 seconds
[2022-03-21 05:39:06,380] {scheduler_job.py:182} INFO - Started process (PID=10383) to work on /home/airflow/sandbox/lib/python3.8/site-packages/airflow/example_dags/example_latest_only_with_trigger.py
[2022-03-21 05:39:06,386] {scheduler_job.py:633} INFO - Processing file /home/airflow/sandbox/lib/python3.8/site-packages/airflow/example_dags/example_latest_only_with_trigger.py for tasks to queue
[2022-03-21 05:39:06,389] {logging_mixin.py:104} INFO - [2022-03-21 05:39:06,389] {dagbag.py:487} INFO - Filling up the DagBag from /home/airflow/sandbox/lib/python3.8/site-packages/airflow/example_dags/example_latest_only_with_trigger.py
[2022-03-21 05:39:06,411] {scheduler_job.py:643} INFO - DAG(s) dict_keys(['latest_only_with_trigger']) retrieved from /home/airflow/sandbox/lib/python3.8/site-packages/airflow/example_dags/example_latest_only_with_trigger.py
[2022-03-21 05:39:06,502] {logging_mixin.py:104} INFO - [2022-03-21 05:39:06,501] {dag.py:1832} INFO - Sync 1 DAGs
[2022-03-21 05:39:06,604] {logging_mixin.py:104} INFO - [2022-03-21 05:39:06,603] {dag.py:2305} INFO - Setting next_dagrun for latest_only_with_trigger to 2022-03-19 00:00:00+00:00
[2022-03-21 05:39:06,815] {scheduler_job.py:190} INFO - Processing /home/airflow/sandbox/lib/python3.8/site-packages/airflow/example_dags/example_latest_only_with_trigger.py took 0.452 seconds
[2022-03-21 05:39:56,068] {scheduler_job.py:182} INFO - Started process (PID=10418) to work on /home/airflow/sandbox/lib/python3.8/site-packages/airflow/example_dags/example_latest_only_with_trigger.py
[2022-03-21 05:39:56,074] {scheduler_job.py:633} INFO - Processing file /home/airflow/sandbox/lib/python3.8/site-packages/airflow/example_dags/example_latest_only_with_trigger.py for tasks to queue
[2022-03-21 05:39:56,076] {logging_mixin.py:104} INFO - [2022-03-21 05:39:56,076] {dagbag.py:487} INFO - Filling up the DagBag from /home/airflow/sandbox/lib/python3.8/site-packages/airflow/example_dags/example_latest_only_with_trigger.py
[2022-03-21 05:39:56,090] {scheduler_job.py:643} INFO - DAG(s) dict_keys(['latest_only_with_trigger']) retrieved from /home/airflow/sandbox/lib/python3.8/site-packages/airflow/example_dags/example_latest_only_with_trigger.py
[2022-03-21 05:39:56,150] {logging_mixin.py:104} INFO - [2022-03-21 05:39:56,150] {dag.py:1832} INFO - Sync 1 DAGs
[2022-03-21 05:39:56,185] {logging_mixin.py:104} INFO - [2022-03-21 05:39:56,185] {dag.py:2305} INFO - Setting next_dagrun for latest_only_with_trigger to 2022-03-19 00:00:00+00:00
[2022-03-21 05:39:56,224] {scheduler_job.py:190} INFO - Processing /home/airflow/sandbox/lib/python3.8/site-packages/airflow/example_dags/example_latest_only_with_trigger.py took 0.163 seconds
[2022-03-21 05:40:46,130] {scheduler_job.py:182} INFO - Started process (PID=10513) to work on /home/airflow/sandbox/lib/python3.8/site-packages/airflow/example_dags/example_latest_only_with_trigger.py
[2022-03-21 05:40:46,143] {scheduler_job.py:633} INFO - Processing file /home/airflow/sandbox/lib/python3.8/site-packages/airflow/example_dags/example_latest_only_with_trigger.py for tasks to queue
[2022-03-21 05:40:46,148] {logging_mixin.py:104} INFO - [2022-03-21 05:40:46,147] {dagbag.py:487} INFO - Filling up the DagBag from /home/airflow/sandbox/lib/python3.8/site-packages/airflow/example_dags/example_latest_only_with_trigger.py
[2022-03-21 05:40:46,178] {scheduler_job.py:643} INFO - DAG(s) dict_keys(['latest_only_with_trigger']) retrieved from /home/airflow/sandbox/lib/python3.8/site-packages/airflow/example_dags/example_latest_only_with_trigger.py
[2022-03-21 05:40:46,230] {logging_mixin.py:104} INFO - [2022-03-21 05:40:46,230] {dag.py:1832} INFO - Sync 1 DAGs
[2022-03-21 05:40:46,279] {logging_mixin.py:104} INFO - [2022-03-21 05:40:46,279] {dag.py:2305} INFO - Setting next_dagrun for latest_only_with_trigger to 2022-03-19 00:00:00+00:00
[2022-03-21 05:40:46,331] {scheduler_job.py:190} INFO - Processing /home/airflow/sandbox/lib/python3.8/site-packages/airflow/example_dags/example_latest_only_with_trigger.py took 0.217 seconds
[2022-03-21 05:41:31,633] {scheduler_job.py:182} INFO - Started process (PID=10547) to work on /home/airflow/sandbox/lib/python3.8/site-packages/airflow/example_dags/example_latest_only_with_trigger.py
[2022-03-21 05:41:31,636] {scheduler_job.py:633} INFO - Processing file /home/airflow/sandbox/lib/python3.8/site-packages/airflow/example_dags/example_latest_only_with_trigger.py for tasks to queue
[2022-03-21 05:41:31,641] {logging_mixin.py:104} INFO - [2022-03-21 05:41:31,641] {dagbag.py:487} INFO - Filling up the DagBag from /home/airflow/sandbox/lib/python3.8/site-packages/airflow/example_dags/example_latest_only_with_trigger.py
[2022-03-21 05:41:31,658] {scheduler_job.py:643} INFO - DAG(s) dict_keys(['latest_only_with_trigger']) retrieved from /home/airflow/sandbox/lib/python3.8/site-packages/airflow/example_dags/example_latest_only_with_trigger.py
[2022-03-21 05:41:31,697] {logging_mixin.py:104} INFO - [2022-03-21 05:41:31,697] {dag.py:1832} INFO - Sync 1 DAGs
[2022-03-21 05:41:31,732] {logging_mixin.py:104} INFO - [2022-03-21 05:41:31,731] {dag.py:2305} INFO - Setting next_dagrun for latest_only_with_trigger to 2022-03-19 00:00:00+00:00
[2022-03-21 05:41:31,773] {scheduler_job.py:190} INFO - Processing /home/airflow/sandbox/lib/python3.8/site-packages/airflow/example_dags/example_latest_only_with_trigger.py took 0.147 seconds
[2022-03-21 05:42:17,791] {scheduler_job.py:182} INFO - Started process (PID=10581) to work on /home/airflow/sandbox/lib/python3.8/site-packages/airflow/example_dags/example_latest_only_with_trigger.py
[2022-03-21 05:42:17,800] {scheduler_job.py:633} INFO - Processing file /home/airflow/sandbox/lib/python3.8/site-packages/airflow/example_dags/example_latest_only_with_trigger.py for tasks to queue
[2022-03-21 05:42:17,802] {logging_mixin.py:104} INFO - [2022-03-21 05:42:17,802] {dagbag.py:487} INFO - Filling up the DagBag from /home/airflow/sandbox/lib/python3.8/site-packages/airflow/example_dags/example_latest_only_with_trigger.py
[2022-03-21 05:42:17,825] {scheduler_job.py:643} INFO - DAG(s) dict_keys(['latest_only_with_trigger']) retrieved from /home/airflow/sandbox/lib/python3.8/site-packages/airflow/example_dags/example_latest_only_with_trigger.py
[2022-03-21 05:42:17,892] {logging_mixin.py:104} INFO - [2022-03-21 05:42:17,884] {dag.py:1832} INFO - Sync 1 DAGs
[2022-03-21 05:42:17,927] {logging_mixin.py:104} INFO - [2022-03-21 05:42:17,926] {dag.py:2305} INFO - Setting next_dagrun for latest_only_with_trigger to 2022-03-19 00:00:00+00:00
[2022-03-21 05:42:18,018] {scheduler_job.py:190} INFO - Processing /home/airflow/sandbox/lib/python3.8/site-packages/airflow/example_dags/example_latest_only_with_trigger.py took 0.237 seconds
[2022-03-21 05:43:09,911] {scheduler_job.py:182} INFO - Started process (PID=10616) to work on /home/airflow/sandbox/lib/python3.8/site-packages/airflow/example_dags/example_latest_only_with_trigger.py
[2022-03-21 05:43:09,914] {scheduler_job.py:633} INFO - Processing file /home/airflow/sandbox/lib/python3.8/site-packages/airflow/example_dags/example_latest_only_with_trigger.py for tasks to queue
[2022-03-21 05:43:09,917] {logging_mixin.py:104} INFO - [2022-03-21 05:43:09,916] {dagbag.py:487} INFO - Filling up the DagBag from /home/airflow/sandbox/lib/python3.8/site-packages/airflow/example_dags/example_latest_only_with_trigger.py
[2022-03-21 05:43:09,958] {scheduler_job.py:643} INFO - DAG(s) dict_keys(['latest_only_with_trigger']) retrieved from /home/airflow/sandbox/lib/python3.8/site-packages/airflow/example_dags/example_latest_only_with_trigger.py
[2022-03-21 05:43:10,008] {logging_mixin.py:104} INFO - [2022-03-21 05:43:10,008] {dag.py:1832} INFO - Sync 1 DAGs
[2022-03-21 05:43:10,056] {logging_mixin.py:104} INFO - [2022-03-21 05:43:10,055] {dag.py:2305} INFO - Setting next_dagrun for latest_only_with_trigger to 2022-03-19 00:00:00+00:00
[2022-03-21 05:43:10,103] {scheduler_job.py:190} INFO - Processing /home/airflow/sandbox/lib/python3.8/site-packages/airflow/example_dags/example_latest_only_with_trigger.py took 0.198 seconds
[2022-03-21 05:44:08,077] {scheduler_job.py:182} INFO - Started process (PID=10656) to work on /home/airflow/sandbox/lib/python3.8/site-packages/airflow/example_dags/example_latest_only_with_trigger.py
[2022-03-21 05:44:08,079] {scheduler_job.py:633} INFO - Processing file /home/airflow/sandbox/lib/python3.8/site-packages/airflow/example_dags/example_latest_only_with_trigger.py for tasks to queue
[2022-03-21 05:44:08,080] {logging_mixin.py:104} INFO - [2022-03-21 05:44:08,080] {dagbag.py:487} INFO - Filling up the DagBag from /home/airflow/sandbox/lib/python3.8/site-packages/airflow/example_dags/example_latest_only_with_trigger.py
[2022-03-21 05:44:08,093] {scheduler_job.py:643} INFO - DAG(s) dict_keys(['latest_only_with_trigger']) retrieved from /home/airflow/sandbox/lib/python3.8/site-packages/airflow/example_dags/example_latest_only_with_trigger.py
[2022-03-21 05:44:08,121] {logging_mixin.py:104} INFO - [2022-03-21 05:44:08,121] {dag.py:1832} INFO - Sync 1 DAGs
[2022-03-21 05:44:08,142] {logging_mixin.py:104} INFO - [2022-03-21 05:44:08,142] {dag.py:2305} INFO - Setting next_dagrun for latest_only_with_trigger to 2022-03-19 00:00:00+00:00
[2022-03-21 05:44:08,181] {scheduler_job.py:190} INFO - Processing /home/airflow/sandbox/lib/python3.8/site-packages/airflow/example_dags/example_latest_only_with_trigger.py took 0.116 seconds
[2022-03-21 05:45:00,160] {scheduler_job.py:182} INFO - Started process (PID=10693) to work on /home/airflow/sandbox/lib/python3.8/site-packages/airflow/example_dags/example_latest_only_with_trigger.py
[2022-03-21 05:45:00,164] {scheduler_job.py:633} INFO - Processing file /home/airflow/sandbox/lib/python3.8/site-packages/airflow/example_dags/example_latest_only_with_trigger.py for tasks to queue
[2022-03-21 05:45:00,166] {logging_mixin.py:104} INFO - [2022-03-21 05:45:00,166] {dagbag.py:487} INFO - Filling up the DagBag from /home/airflow/sandbox/lib/python3.8/site-packages/airflow/example_dags/example_latest_only_with_trigger.py
[2022-03-21 05:45:00,195] {scheduler_job.py:643} INFO - DAG(s) dict_keys(['latest_only_with_trigger']) retrieved from /home/airflow/sandbox/lib/python3.8/site-packages/airflow/example_dags/example_latest_only_with_trigger.py
[2022-03-21 05:45:00,295] {logging_mixin.py:104} INFO - [2022-03-21 05:45:00,290] {dag.py:1832} INFO - Sync 1 DAGs
[2022-03-21 05:45:00,337] {logging_mixin.py:104} INFO - [2022-03-21 05:45:00,336] {dag.py:2305} INFO - Setting next_dagrun for latest_only_with_trigger to 2022-03-19 00:00:00+00:00
[2022-03-21 05:45:00,427] {scheduler_job.py:190} INFO - Processing /home/airflow/sandbox/lib/python3.8/site-packages/airflow/example_dags/example_latest_only_with_trigger.py took 0.276 seconds
[2022-03-21 05:45:44,928] {scheduler_job.py:182} INFO - Started process (PID=10783) to work on /home/airflow/sandbox/lib/python3.8/site-packages/airflow/example_dags/example_latest_only_with_trigger.py
[2022-03-21 05:45:44,935] {scheduler_job.py:633} INFO - Processing file /home/airflow/sandbox/lib/python3.8/site-packages/airflow/example_dags/example_latest_only_with_trigger.py for tasks to queue
[2022-03-21 05:45:44,937] {logging_mixin.py:104} INFO - [2022-03-21 05:45:44,937] {dagbag.py:487} INFO - Filling up the DagBag from /home/airflow/sandbox/lib/python3.8/site-packages/airflow/example_dags/example_latest_only_with_trigger.py
[2022-03-21 05:45:44,950] {scheduler_job.py:643} INFO - DAG(s) dict_keys(['latest_only_with_trigger']) retrieved from /home/airflow/sandbox/lib/python3.8/site-packages/airflow/example_dags/example_latest_only_with_trigger.py
[2022-03-21 05:45:44,989] {logging_mixin.py:104} INFO - [2022-03-21 05:45:44,989] {dag.py:1832} INFO - Sync 1 DAGs
[2022-03-21 05:45:45,019] {logging_mixin.py:104} INFO - [2022-03-21 05:45:45,018] {dag.py:2305} INFO - Setting next_dagrun for latest_only_with_trigger to 2022-03-19 00:00:00+00:00
[2022-03-21 05:45:45,062] {scheduler_job.py:190} INFO - Processing /home/airflow/sandbox/lib/python3.8/site-packages/airflow/example_dags/example_latest_only_with_trigger.py took 0.143 seconds
[2022-03-21 05:46:35,293] {scheduler_job.py:182} INFO - Started process (PID=10983) to work on /home/airflow/sandbox/lib/python3.8/site-packages/airflow/example_dags/example_latest_only_with_trigger.py
[2022-03-21 05:46:35,346] {scheduler_job.py:633} INFO - Processing file /home/airflow/sandbox/lib/python3.8/site-packages/airflow/example_dags/example_latest_only_with_trigger.py for tasks to queue
[2022-03-21 05:46:35,359] {logging_mixin.py:104} INFO - [2022-03-21 05:46:35,359] {dagbag.py:487} INFO - Filling up the DagBag from /home/airflow/sandbox/lib/python3.8/site-packages/airflow/example_dags/example_latest_only_with_trigger.py
[2022-03-21 05:46:35,431] {scheduler_job.py:643} INFO - DAG(s) dict_keys(['latest_only_with_trigger']) retrieved from /home/airflow/sandbox/lib/python3.8/site-packages/airflow/example_dags/example_latest_only_with_trigger.py
[2022-03-21 05:46:35,555] {logging_mixin.py:104} INFO - [2022-03-21 05:46:35,555] {dag.py:1832} INFO - Sync 1 DAGs
[2022-03-21 05:46:35,750] {logging_mixin.py:104} INFO - [2022-03-21 05:46:35,670] {dag.py:2305} INFO - Setting next_dagrun for latest_only_with_trigger to 2022-03-19 00:00:00+00:00
[2022-03-21 05:46:35,902] {scheduler_job.py:190} INFO - Processing /home/airflow/sandbox/lib/python3.8/site-packages/airflow/example_dags/example_latest_only_with_trigger.py took 0.666 seconds
[2022-03-21 05:47:47,888] {scheduler_job.py:182} INFO - Started process (PID=11670) to work on /home/airflow/sandbox/lib/python3.8/site-packages/airflow/example_dags/example_latest_only_with_trigger.py
[2022-03-21 05:47:47,891] {scheduler_job.py:633} INFO - Processing file /home/airflow/sandbox/lib/python3.8/site-packages/airflow/example_dags/example_latest_only_with_trigger.py for tasks to queue
[2022-03-21 05:47:47,904] {logging_mixin.py:104} INFO - [2022-03-21 05:47:47,892] {dagbag.py:487} INFO - Filling up the DagBag from /home/airflow/sandbox/lib/python3.8/site-packages/airflow/example_dags/example_latest_only_with_trigger.py
[2022-03-21 05:47:47,932] {scheduler_job.py:643} INFO - DAG(s) dict_keys(['latest_only_with_trigger']) retrieved from /home/airflow/sandbox/lib/python3.8/site-packages/airflow/example_dags/example_latest_only_with_trigger.py
[2022-03-21 05:47:47,988] {logging_mixin.py:104} INFO - [2022-03-21 05:47:47,988] {dag.py:1832} INFO - Sync 1 DAGs
[2022-03-21 05:47:48,031] {logging_mixin.py:104} INFO - [2022-03-21 05:47:48,030] {dag.py:2305} INFO - Setting next_dagrun for latest_only_with_trigger to 2022-03-19 00:00:00+00:00
[2022-03-21 05:47:48,074] {scheduler_job.py:190} INFO - Processing /home/airflow/sandbox/lib/python3.8/site-packages/airflow/example_dags/example_latest_only_with_trigger.py took 0.195 seconds
[2022-03-21 05:48:35,105] {scheduler_job.py:182} INFO - Started process (PID=11931) to work on /home/airflow/sandbox/lib/python3.8/site-packages/airflow/example_dags/example_latest_only_with_trigger.py
[2022-03-21 05:48:35,125] {scheduler_job.py:633} INFO - Processing file /home/airflow/sandbox/lib/python3.8/site-packages/airflow/example_dags/example_latest_only_with_trigger.py for tasks to queue
[2022-03-21 05:48:35,128] {logging_mixin.py:104} INFO - [2022-03-21 05:48:35,128] {dagbag.py:487} INFO - Filling up the DagBag from /home/airflow/sandbox/lib/python3.8/site-packages/airflow/example_dags/example_latest_only_with_trigger.py
[2022-03-21 05:48:35,158] {scheduler_job.py:643} INFO - DAG(s) dict_keys(['latest_only_with_trigger']) retrieved from /home/airflow/sandbox/lib/python3.8/site-packages/airflow/example_dags/example_latest_only_with_trigger.py
[2022-03-21 05:48:35,283] {logging_mixin.py:104} INFO - [2022-03-21 05:48:35,283] {dag.py:1832} INFO - Sync 1 DAGs
[2022-03-21 05:48:35,450] {logging_mixin.py:104} INFO - [2022-03-21 05:48:35,450] {dag.py:2305} INFO - Setting next_dagrun for latest_only_with_trigger to 2022-03-19 00:00:00+00:00
[2022-03-21 05:48:35,633] {scheduler_job.py:190} INFO - Processing /home/airflow/sandbox/lib/python3.8/site-packages/airflow/example_dags/example_latest_only_with_trigger.py took 0.534 seconds
[2022-03-21 05:49:26,195] {scheduler_job.py:182} INFO - Started process (PID=12056) to work on /home/airflow/sandbox/lib/python3.8/site-packages/airflow/example_dags/example_latest_only_with_trigger.py
[2022-03-21 05:49:26,198] {scheduler_job.py:633} INFO - Processing file /home/airflow/sandbox/lib/python3.8/site-packages/airflow/example_dags/example_latest_only_with_trigger.py for tasks to queue
[2022-03-21 05:49:26,201] {logging_mixin.py:104} INFO - [2022-03-21 05:49:26,201] {dagbag.py:487} INFO - Filling up the DagBag from /home/airflow/sandbox/lib/python3.8/site-packages/airflow/example_dags/example_latest_only_with_trigger.py
[2022-03-21 05:49:26,217] {scheduler_job.py:643} INFO - DAG(s) dict_keys(['latest_only_with_trigger']) retrieved from /home/airflow/sandbox/lib/python3.8/site-packages/airflow/example_dags/example_latest_only_with_trigger.py
[2022-03-21 05:49:26,253] {logging_mixin.py:104} INFO - [2022-03-21 05:49:26,253] {dag.py:1832} INFO - Sync 1 DAGs
[2022-03-21 05:49:26,273] {logging_mixin.py:104} INFO - [2022-03-21 05:49:26,273] {dag.py:2305} INFO - Setting next_dagrun for latest_only_with_trigger to 2022-03-19 00:00:00+00:00
[2022-03-21 05:49:26,310] {scheduler_job.py:190} INFO - Processing /home/airflow/sandbox/lib/python3.8/site-packages/airflow/example_dags/example_latest_only_with_trigger.py took 0.120 seconds
[2022-03-21 05:50:17,266] {scheduler_job.py:182} INFO - Started process (PID=12220) to work on /home/airflow/sandbox/lib/python3.8/site-packages/airflow/example_dags/example_latest_only_with_trigger.py
[2022-03-21 05:50:17,268] {scheduler_job.py:633} INFO - Processing file /home/airflow/sandbox/lib/python3.8/site-packages/airflow/example_dags/example_latest_only_with_trigger.py for tasks to queue
[2022-03-21 05:50:17,270] {logging_mixin.py:104} INFO - [2022-03-21 05:50:17,269] {dagbag.py:487} INFO - Filling up the DagBag from /home/airflow/sandbox/lib/python3.8/site-packages/airflow/example_dags/example_latest_only_with_trigger.py
[2022-03-21 05:50:17,294] {scheduler_job.py:643} INFO - DAG(s) dict_keys(['latest_only_with_trigger']) retrieved from /home/airflow/sandbox/lib/python3.8/site-packages/airflow/example_dags/example_latest_only_with_trigger.py
[2022-03-21 05:50:17,330] {logging_mixin.py:104} INFO - [2022-03-21 05:50:17,330] {dag.py:1832} INFO - Sync 1 DAGs
[2022-03-21 05:50:17,353] {logging_mixin.py:104} INFO - [2022-03-21 05:50:17,353] {dag.py:2305} INFO - Setting next_dagrun for latest_only_with_trigger to 2022-03-19 00:00:00+00:00
[2022-03-21 05:50:17,389] {scheduler_job.py:190} INFO - Processing /home/airflow/sandbox/lib/python3.8/site-packages/airflow/example_dags/example_latest_only_with_trigger.py took 0.131 seconds
