[2022-03-21 05:14:51,737] {scheduler_job.py:182} INFO - Started process (PID=8196) to work on /home/airflow/sandbox/lib/python3.8/site-packages/airflow/example_dags/example_branch_datetime_operator.py
[2022-03-21 05:14:51,740] {scheduler_job.py:633} INFO - Processing file /home/airflow/sandbox/lib/python3.8/site-packages/airflow/example_dags/example_branch_datetime_operator.py for tasks to queue
[2022-03-21 05:14:51,742] {logging_mixin.py:104} INFO - [2022-03-21 05:14:51,742] {dagbag.py:487} INFO - Filling up the DagBag from /home/airflow/sandbox/lib/python3.8/site-packages/airflow/example_dags/example_branch_datetime_operator.py
[2022-03-21 05:14:51,757] {scheduler_job.py:643} INFO - DAG(s) dict_keys(['example_branch_datetime_operator_2']) retrieved from /home/airflow/sandbox/lib/python3.8/site-packages/airflow/example_dags/example_branch_datetime_operator.py
[2022-03-21 05:14:52,450] {logging_mixin.py:104} INFO - [2022-03-21 05:14:52,450] {dag.py:1832} INFO - Sync 1 DAGs
[2022-03-21 05:14:52,479] {logging_mixin.py:104} INFO - [2022-03-21 05:14:52,479] {dag.py:2305} INFO - Setting next_dagrun for example_branch_datetime_operator_2 to 2022-03-19 00:00:00+00:00
[2022-03-21 05:14:52,550] {scheduler_job.py:190} INFO - Processing /home/airflow/sandbox/lib/python3.8/site-packages/airflow/example_dags/example_branch_datetime_operator.py took 0.818 seconds
[2022-03-21 05:16:22,620] {scheduler_job.py:182} INFO - Started process (PID=8786) to work on /home/airflow/sandbox/lib/python3.8/site-packages/airflow/example_dags/example_branch_datetime_operator.py
[2022-03-21 05:16:22,622] {scheduler_job.py:633} INFO - Processing file /home/airflow/sandbox/lib/python3.8/site-packages/airflow/example_dags/example_branch_datetime_operator.py for tasks to queue
[2022-03-21 05:16:22,625] {logging_mixin.py:104} INFO - [2022-03-21 05:16:22,624] {dagbag.py:487} INFO - Filling up the DagBag from /home/airflow/sandbox/lib/python3.8/site-packages/airflow/example_dags/example_branch_datetime_operator.py
[2022-03-21 05:16:22,645] {scheduler_job.py:643} INFO - DAG(s) dict_keys(['example_branch_datetime_operator_2']) retrieved from /home/airflow/sandbox/lib/python3.8/site-packages/airflow/example_dags/example_branch_datetime_operator.py
[2022-03-21 05:16:22,685] {logging_mixin.py:104} INFO - [2022-03-21 05:16:22,685] {dag.py:1832} INFO - Sync 1 DAGs
[2022-03-21 05:16:22,740] {logging_mixin.py:104} INFO - [2022-03-21 05:16:22,740] {dag.py:2305} INFO - Setting next_dagrun for example_branch_datetime_operator_2 to 2022-03-19 00:00:00+00:00
[2022-03-21 05:16:22,823] {scheduler_job.py:190} INFO - Processing /home/airflow/sandbox/lib/python3.8/site-packages/airflow/example_dags/example_branch_datetime_operator.py took 0.210 seconds
[2022-03-21 05:17:08,858] {scheduler_job.py:182} INFO - Started process (PID=9003) to work on /home/airflow/sandbox/lib/python3.8/site-packages/airflow/example_dags/example_branch_datetime_operator.py
[2022-03-21 05:17:08,861] {scheduler_job.py:633} INFO - Processing file /home/airflow/sandbox/lib/python3.8/site-packages/airflow/example_dags/example_branch_datetime_operator.py for tasks to queue
[2022-03-21 05:17:08,863] {logging_mixin.py:104} INFO - [2022-03-21 05:17:08,862] {dagbag.py:487} INFO - Filling up the DagBag from /home/airflow/sandbox/lib/python3.8/site-packages/airflow/example_dags/example_branch_datetime_operator.py
[2022-03-21 05:17:08,879] {scheduler_job.py:643} INFO - DAG(s) dict_keys(['example_branch_datetime_operator_2']) retrieved from /home/airflow/sandbox/lib/python3.8/site-packages/airflow/example_dags/example_branch_datetime_operator.py
[2022-03-21 05:17:08,908] {logging_mixin.py:104} INFO - [2022-03-21 05:17:08,908] {dag.py:1832} INFO - Sync 1 DAGs
[2022-03-21 05:17:08,943] {logging_mixin.py:104} INFO - [2022-03-21 05:17:08,942] {dag.py:2305} INFO - Setting next_dagrun for example_branch_datetime_operator_2 to 2022-03-19 00:00:00+00:00
[2022-03-21 05:17:09,076] {scheduler_job.py:190} INFO - Processing /home/airflow/sandbox/lib/python3.8/site-packages/airflow/example_dags/example_branch_datetime_operator.py took 0.224 seconds
[2022-03-21 05:17:52,607] {scheduler_job.py:182} INFO - Started process (PID=9157) to work on /home/airflow/sandbox/lib/python3.8/site-packages/airflow/example_dags/example_branch_datetime_operator.py
[2022-03-21 05:17:52,609] {scheduler_job.py:633} INFO - Processing file /home/airflow/sandbox/lib/python3.8/site-packages/airflow/example_dags/example_branch_datetime_operator.py for tasks to queue
[2022-03-21 05:17:52,610] {logging_mixin.py:104} INFO - [2022-03-21 05:17:52,610] {dagbag.py:487} INFO - Filling up the DagBag from /home/airflow/sandbox/lib/python3.8/site-packages/airflow/example_dags/example_branch_datetime_operator.py
[2022-03-21 05:17:52,628] {scheduler_job.py:643} INFO - DAG(s) dict_keys(['example_branch_datetime_operator_2']) retrieved from /home/airflow/sandbox/lib/python3.8/site-packages/airflow/example_dags/example_branch_datetime_operator.py
[2022-03-21 05:17:52,663] {logging_mixin.py:104} INFO - [2022-03-21 05:17:52,662] {dag.py:1832} INFO - Sync 1 DAGs
[2022-03-21 05:17:52,692] {logging_mixin.py:104} INFO - [2022-03-21 05:17:52,692] {dag.py:2305} INFO - Setting next_dagrun for example_branch_datetime_operator_2 to 2022-03-19 00:00:00+00:00
[2022-03-21 05:17:52,750] {scheduler_job.py:190} INFO - Processing /home/airflow/sandbox/lib/python3.8/site-packages/airflow/example_dags/example_branch_datetime_operator.py took 0.150 seconds
[2022-03-21 05:18:44,842] {scheduler_job.py:182} INFO - Started process (PID=9254) to work on /home/airflow/sandbox/lib/python3.8/site-packages/airflow/example_dags/example_branch_datetime_operator.py
[2022-03-21 05:18:44,846] {scheduler_job.py:633} INFO - Processing file /home/airflow/sandbox/lib/python3.8/site-packages/airflow/example_dags/example_branch_datetime_operator.py for tasks to queue
[2022-03-21 05:18:44,848] {logging_mixin.py:104} INFO - [2022-03-21 05:18:44,848] {dagbag.py:487} INFO - Filling up the DagBag from /home/airflow/sandbox/lib/python3.8/site-packages/airflow/example_dags/example_branch_datetime_operator.py
[2022-03-21 05:18:44,878] {scheduler_job.py:643} INFO - DAG(s) dict_keys(['example_branch_datetime_operator_2']) retrieved from /home/airflow/sandbox/lib/python3.8/site-packages/airflow/example_dags/example_branch_datetime_operator.py
[2022-03-21 05:18:44,951] {logging_mixin.py:104} INFO - [2022-03-21 05:18:44,947] {dag.py:1832} INFO - Sync 1 DAGs
[2022-03-21 05:18:45,012] {logging_mixin.py:104} INFO - [2022-03-21 05:18:45,011] {dag.py:2305} INFO - Setting next_dagrun for example_branch_datetime_operator_2 to 2022-03-19 00:00:00+00:00
[2022-03-21 05:18:45,072] {scheduler_job.py:190} INFO - Processing /home/airflow/sandbox/lib/python3.8/site-packages/airflow/example_dags/example_branch_datetime_operator.py took 0.243 seconds
[2022-03-21 05:19:30,520] {scheduler_job.py:182} INFO - Started process (PID=9289) to work on /home/airflow/sandbox/lib/python3.8/site-packages/airflow/example_dags/example_branch_datetime_operator.py
[2022-03-21 05:19:30,522] {scheduler_job.py:633} INFO - Processing file /home/airflow/sandbox/lib/python3.8/site-packages/airflow/example_dags/example_branch_datetime_operator.py for tasks to queue
[2022-03-21 05:19:30,525] {logging_mixin.py:104} INFO - [2022-03-21 05:19:30,524] {dagbag.py:487} INFO - Filling up the DagBag from /home/airflow/sandbox/lib/python3.8/site-packages/airflow/example_dags/example_branch_datetime_operator.py
[2022-03-21 05:19:30,540] {scheduler_job.py:643} INFO - DAG(s) dict_keys(['example_branch_datetime_operator_2']) retrieved from /home/airflow/sandbox/lib/python3.8/site-packages/airflow/example_dags/example_branch_datetime_operator.py
[2022-03-21 05:19:30,573] {logging_mixin.py:104} INFO - [2022-03-21 05:19:30,573] {dag.py:1832} INFO - Sync 1 DAGs
[2022-03-21 05:19:30,603] {logging_mixin.py:104} INFO - [2022-03-21 05:19:30,602] {dag.py:2305} INFO - Setting next_dagrun for example_branch_datetime_operator_2 to 2022-03-19 00:00:00+00:00
[2022-03-21 05:19:30,636] {scheduler_job.py:190} INFO - Processing /home/airflow/sandbox/lib/python3.8/site-packages/airflow/example_dags/example_branch_datetime_operator.py took 0.125 seconds
[2022-03-21 05:20:19,383] {scheduler_job.py:182} INFO - Started process (PID=9326) to work on /home/airflow/sandbox/lib/python3.8/site-packages/airflow/example_dags/example_branch_datetime_operator.py
[2022-03-21 05:20:19,386] {scheduler_job.py:633} INFO - Processing file /home/airflow/sandbox/lib/python3.8/site-packages/airflow/example_dags/example_branch_datetime_operator.py for tasks to queue
[2022-03-21 05:20:19,387] {logging_mixin.py:104} INFO - [2022-03-21 05:20:19,387] {dagbag.py:487} INFO - Filling up the DagBag from /home/airflow/sandbox/lib/python3.8/site-packages/airflow/example_dags/example_branch_datetime_operator.py
[2022-03-21 05:20:19,405] {scheduler_job.py:643} INFO - DAG(s) dict_keys(['example_branch_datetime_operator_2']) retrieved from /home/airflow/sandbox/lib/python3.8/site-packages/airflow/example_dags/example_branch_datetime_operator.py
[2022-03-21 05:20:19,459] {logging_mixin.py:104} INFO - [2022-03-21 05:20:19,459] {dag.py:1832} INFO - Sync 1 DAGs
[2022-03-21 05:20:19,505] {logging_mixin.py:104} INFO - [2022-03-21 05:20:19,505] {dag.py:2305} INFO - Setting next_dagrun for example_branch_datetime_operator_2 to 2022-03-19 00:00:00+00:00
[2022-03-21 05:20:19,546] {scheduler_job.py:190} INFO - Processing /home/airflow/sandbox/lib/python3.8/site-packages/airflow/example_dags/example_branch_datetime_operator.py took 0.172 seconds
[2022-03-21 05:21:12,855] {scheduler_job.py:182} INFO - Started process (PID=9416) to work on /home/airflow/sandbox/lib/python3.8/site-packages/airflow/example_dags/example_branch_datetime_operator.py
[2022-03-21 05:21:12,858] {scheduler_job.py:633} INFO - Processing file /home/airflow/sandbox/lib/python3.8/site-packages/airflow/example_dags/example_branch_datetime_operator.py for tasks to queue
[2022-03-21 05:21:12,859] {logging_mixin.py:104} INFO - [2022-03-21 05:21:12,859] {dagbag.py:487} INFO - Filling up the DagBag from /home/airflow/sandbox/lib/python3.8/site-packages/airflow/example_dags/example_branch_datetime_operator.py
[2022-03-21 05:21:12,873] {scheduler_job.py:643} INFO - DAG(s) dict_keys(['example_branch_datetime_operator_2']) retrieved from /home/airflow/sandbox/lib/python3.8/site-packages/airflow/example_dags/example_branch_datetime_operator.py
[2022-03-21 05:21:12,906] {logging_mixin.py:104} INFO - [2022-03-21 05:21:12,906] {dag.py:1832} INFO - Sync 1 DAGs
[2022-03-21 05:21:12,992] {logging_mixin.py:104} INFO - [2022-03-21 05:21:12,992] {dag.py:2305} INFO - Setting next_dagrun for example_branch_datetime_operator_2 to 2022-03-19 00:00:00+00:00
[2022-03-21 05:21:13,041] {scheduler_job.py:190} INFO - Processing /home/airflow/sandbox/lib/python3.8/site-packages/airflow/example_dags/example_branch_datetime_operator.py took 0.193 seconds
[2022-03-21 05:21:57,911] {scheduler_job.py:182} INFO - Started process (PID=9450) to work on /home/airflow/sandbox/lib/python3.8/site-packages/airflow/example_dags/example_branch_datetime_operator.py
[2022-03-21 05:21:57,913] {scheduler_job.py:633} INFO - Processing file /home/airflow/sandbox/lib/python3.8/site-packages/airflow/example_dags/example_branch_datetime_operator.py for tasks to queue
[2022-03-21 05:21:57,917] {logging_mixin.py:104} INFO - [2022-03-21 05:21:57,917] {dagbag.py:487} INFO - Filling up the DagBag from /home/airflow/sandbox/lib/python3.8/site-packages/airflow/example_dags/example_branch_datetime_operator.py
[2022-03-21 05:21:57,943] {scheduler_job.py:643} INFO - DAG(s) dict_keys(['example_branch_datetime_operator_2']) retrieved from /home/airflow/sandbox/lib/python3.8/site-packages/airflow/example_dags/example_branch_datetime_operator.py
[2022-03-21 05:21:57,981] {logging_mixin.py:104} INFO - [2022-03-21 05:21:57,981] {dag.py:1832} INFO - Sync 1 DAGs
[2022-03-21 05:21:58,020] {logging_mixin.py:104} INFO - [2022-03-21 05:21:58,020] {dag.py:2305} INFO - Setting next_dagrun for example_branch_datetime_operator_2 to 2022-03-19 00:00:00+00:00
[2022-03-21 05:21:58,059] {scheduler_job.py:190} INFO - Processing /home/airflow/sandbox/lib/python3.8/site-packages/airflow/example_dags/example_branch_datetime_operator.py took 0.154 seconds
[2022-03-21 05:22:40,417] {scheduler_job.py:182} INFO - Started process (PID=9483) to work on /home/airflow/sandbox/lib/python3.8/site-packages/airflow/example_dags/example_branch_datetime_operator.py
[2022-03-21 05:22:40,419] {scheduler_job.py:633} INFO - Processing file /home/airflow/sandbox/lib/python3.8/site-packages/airflow/example_dags/example_branch_datetime_operator.py for tasks to queue
[2022-03-21 05:22:40,421] {logging_mixin.py:104} INFO - [2022-03-21 05:22:40,421] {dagbag.py:487} INFO - Filling up the DagBag from /home/airflow/sandbox/lib/python3.8/site-packages/airflow/example_dags/example_branch_datetime_operator.py
[2022-03-21 05:22:40,439] {scheduler_job.py:643} INFO - DAG(s) dict_keys(['example_branch_datetime_operator_2']) retrieved from /home/airflow/sandbox/lib/python3.8/site-packages/airflow/example_dags/example_branch_datetime_operator.py
[2022-03-21 05:22:40,470] {logging_mixin.py:104} INFO - [2022-03-21 05:22:40,470] {dag.py:1832} INFO - Sync 1 DAGs
[2022-03-21 05:22:40,508] {logging_mixin.py:104} INFO - [2022-03-21 05:22:40,507] {dag.py:2305} INFO - Setting next_dagrun for example_branch_datetime_operator_2 to 2022-03-19 00:00:00+00:00
[2022-03-21 05:22:40,543] {scheduler_job.py:190} INFO - Processing /home/airflow/sandbox/lib/python3.8/site-packages/airflow/example_dags/example_branch_datetime_operator.py took 0.136 seconds
[2022-03-21 05:23:21,851] {scheduler_job.py:182} INFO - Started process (PID=9517) to work on /home/airflow/sandbox/lib/python3.8/site-packages/airflow/example_dags/example_branch_datetime_operator.py
[2022-03-21 05:23:21,854] {scheduler_job.py:633} INFO - Processing file /home/airflow/sandbox/lib/python3.8/site-packages/airflow/example_dags/example_branch_datetime_operator.py for tasks to queue
[2022-03-21 05:23:21,856] {logging_mixin.py:104} INFO - [2022-03-21 05:23:21,856] {dagbag.py:487} INFO - Filling up the DagBag from /home/airflow/sandbox/lib/python3.8/site-packages/airflow/example_dags/example_branch_datetime_operator.py
[2022-03-21 05:23:21,871] {scheduler_job.py:643} INFO - DAG(s) dict_keys(['example_branch_datetime_operator_2']) retrieved from /home/airflow/sandbox/lib/python3.8/site-packages/airflow/example_dags/example_branch_datetime_operator.py
[2022-03-21 05:23:21,901] {logging_mixin.py:104} INFO - [2022-03-21 05:23:21,901] {dag.py:1832} INFO - Sync 1 DAGs
[2022-03-21 05:23:21,932] {logging_mixin.py:104} INFO - [2022-03-21 05:23:21,930] {dag.py:2305} INFO - Setting next_dagrun for example_branch_datetime_operator_2 to 2022-03-19 00:00:00+00:00
[2022-03-21 05:23:21,966] {scheduler_job.py:190} INFO - Processing /home/airflow/sandbox/lib/python3.8/site-packages/airflow/example_dags/example_branch_datetime_operator.py took 0.123 seconds
[2022-03-21 05:24:03,020] {scheduler_job.py:182} INFO - Started process (PID=9550) to work on /home/airflow/sandbox/lib/python3.8/site-packages/airflow/example_dags/example_branch_datetime_operator.py
[2022-03-21 05:24:03,022] {scheduler_job.py:633} INFO - Processing file /home/airflow/sandbox/lib/python3.8/site-packages/airflow/example_dags/example_branch_datetime_operator.py for tasks to queue
[2022-03-21 05:24:03,024] {logging_mixin.py:104} INFO - [2022-03-21 05:24:03,023] {dagbag.py:487} INFO - Filling up the DagBag from /home/airflow/sandbox/lib/python3.8/site-packages/airflow/example_dags/example_branch_datetime_operator.py
[2022-03-21 05:24:03,041] {scheduler_job.py:643} INFO - DAG(s) dict_keys(['example_branch_datetime_operator_2']) retrieved from /home/airflow/sandbox/lib/python3.8/site-packages/airflow/example_dags/example_branch_datetime_operator.py
[2022-03-21 05:24:03,073] {logging_mixin.py:104} INFO - [2022-03-21 05:24:03,073] {dag.py:1832} INFO - Sync 1 DAGs
[2022-03-21 05:24:03,117] {logging_mixin.py:104} INFO - [2022-03-21 05:24:03,117] {dag.py:2305} INFO - Setting next_dagrun for example_branch_datetime_operator_2 to 2022-03-19 00:00:00+00:00
[2022-03-21 05:24:03,190] {scheduler_job.py:190} INFO - Processing /home/airflow/sandbox/lib/python3.8/site-packages/airflow/example_dags/example_branch_datetime_operator.py took 0.176 seconds
[2022-03-21 05:24:46,609] {scheduler_job.py:182} INFO - Started process (PID=9582) to work on /home/airflow/sandbox/lib/python3.8/site-packages/airflow/example_dags/example_branch_datetime_operator.py
[2022-03-21 05:24:46,612] {scheduler_job.py:633} INFO - Processing file /home/airflow/sandbox/lib/python3.8/site-packages/airflow/example_dags/example_branch_datetime_operator.py for tasks to queue
[2022-03-21 05:24:46,613] {logging_mixin.py:104} INFO - [2022-03-21 05:24:46,613] {dagbag.py:487} INFO - Filling up the DagBag from /home/airflow/sandbox/lib/python3.8/site-packages/airflow/example_dags/example_branch_datetime_operator.py
[2022-03-21 05:24:46,629] {scheduler_job.py:643} INFO - DAG(s) dict_keys(['example_branch_datetime_operator_2']) retrieved from /home/airflow/sandbox/lib/python3.8/site-packages/airflow/example_dags/example_branch_datetime_operator.py
[2022-03-21 05:24:46,662] {logging_mixin.py:104} INFO - [2022-03-21 05:24:46,662] {dag.py:1832} INFO - Sync 1 DAGs
[2022-03-21 05:24:46,688] {logging_mixin.py:104} INFO - [2022-03-21 05:24:46,687] {dag.py:2305} INFO - Setting next_dagrun for example_branch_datetime_operator_2 to 2022-03-19 00:00:00+00:00
[2022-03-21 05:24:46,829] {scheduler_job.py:190} INFO - Processing /home/airflow/sandbox/lib/python3.8/site-packages/airflow/example_dags/example_branch_datetime_operator.py took 0.227 seconds
[2022-03-21 05:25:33,323] {scheduler_job.py:182} INFO - Started process (PID=9674) to work on /home/airflow/sandbox/lib/python3.8/site-packages/airflow/example_dags/example_branch_datetime_operator.py
[2022-03-21 05:25:33,328] {scheduler_job.py:633} INFO - Processing file /home/airflow/sandbox/lib/python3.8/site-packages/airflow/example_dags/example_branch_datetime_operator.py for tasks to queue
[2022-03-21 05:25:33,329] {logging_mixin.py:104} INFO - [2022-03-21 05:25:33,329] {dagbag.py:487} INFO - Filling up the DagBag from /home/airflow/sandbox/lib/python3.8/site-packages/airflow/example_dags/example_branch_datetime_operator.py
[2022-03-21 05:25:33,342] {scheduler_job.py:643} INFO - DAG(s) dict_keys(['example_branch_datetime_operator_2']) retrieved from /home/airflow/sandbox/lib/python3.8/site-packages/airflow/example_dags/example_branch_datetime_operator.py
[2022-03-21 05:25:33,374] {logging_mixin.py:104} INFO - [2022-03-21 05:25:33,374] {dag.py:1832} INFO - Sync 1 DAGs
[2022-03-21 05:25:33,403] {logging_mixin.py:104} INFO - [2022-03-21 05:25:33,403] {dag.py:2305} INFO - Setting next_dagrun for example_branch_datetime_operator_2 to 2022-03-19 00:00:00+00:00
[2022-03-21 05:25:33,787] {scheduler_job.py:190} INFO - Processing /home/airflow/sandbox/lib/python3.8/site-packages/airflow/example_dags/example_branch_datetime_operator.py took 0.470 seconds
[2022-03-21 05:26:20,455] {scheduler_job.py:182} INFO - Started process (PID=9708) to work on /home/airflow/sandbox/lib/python3.8/site-packages/airflow/example_dags/example_branch_datetime_operator.py
[2022-03-21 05:26:20,458] {scheduler_job.py:633} INFO - Processing file /home/airflow/sandbox/lib/python3.8/site-packages/airflow/example_dags/example_branch_datetime_operator.py for tasks to queue
[2022-03-21 05:26:20,460] {logging_mixin.py:104} INFO - [2022-03-21 05:26:20,459] {dagbag.py:487} INFO - Filling up the DagBag from /home/airflow/sandbox/lib/python3.8/site-packages/airflow/example_dags/example_branch_datetime_operator.py
[2022-03-21 05:26:20,476] {scheduler_job.py:643} INFO - DAG(s) dict_keys(['example_branch_datetime_operator_2']) retrieved from /home/airflow/sandbox/lib/python3.8/site-packages/airflow/example_dags/example_branch_datetime_operator.py
[2022-03-21 05:26:20,511] {logging_mixin.py:104} INFO - [2022-03-21 05:26:20,510] {dag.py:1832} INFO - Sync 1 DAGs
[2022-03-21 05:26:20,641] {logging_mixin.py:104} INFO - [2022-03-21 05:26:20,640] {dag.py:2305} INFO - Setting next_dagrun for example_branch_datetime_operator_2 to 2022-03-19 00:00:00+00:00
[2022-03-21 05:26:20,670] {scheduler_job.py:190} INFO - Processing /home/airflow/sandbox/lib/python3.8/site-packages/airflow/example_dags/example_branch_datetime_operator.py took 0.224 seconds
[2022-03-21 05:27:12,067] {scheduler_job.py:182} INFO - Started process (PID=9743) to work on /home/airflow/sandbox/lib/python3.8/site-packages/airflow/example_dags/example_branch_datetime_operator.py
[2022-03-21 05:27:12,069] {scheduler_job.py:633} INFO - Processing file /home/airflow/sandbox/lib/python3.8/site-packages/airflow/example_dags/example_branch_datetime_operator.py for tasks to queue
[2022-03-21 05:27:12,071] {logging_mixin.py:104} INFO - [2022-03-21 05:27:12,071] {dagbag.py:487} INFO - Filling up the DagBag from /home/airflow/sandbox/lib/python3.8/site-packages/airflow/example_dags/example_branch_datetime_operator.py
[2022-03-21 05:27:12,090] {scheduler_job.py:643} INFO - DAG(s) dict_keys(['example_branch_datetime_operator_2']) retrieved from /home/airflow/sandbox/lib/python3.8/site-packages/airflow/example_dags/example_branch_datetime_operator.py
[2022-03-21 05:27:12,128] {logging_mixin.py:104} INFO - [2022-03-21 05:27:12,127] {dag.py:1832} INFO - Sync 1 DAGs
[2022-03-21 05:27:12,300] {logging_mixin.py:104} INFO - [2022-03-21 05:27:12,300] {dag.py:2305} INFO - Setting next_dagrun for example_branch_datetime_operator_2 to 2022-03-19 00:00:00+00:00
[2022-03-21 05:27:12,338] {scheduler_job.py:190} INFO - Processing /home/airflow/sandbox/lib/python3.8/site-packages/airflow/example_dags/example_branch_datetime_operator.py took 0.280 seconds
[2022-03-21 05:28:05,360] {scheduler_job.py:182} INFO - Started process (PID=9780) to work on /home/airflow/sandbox/lib/python3.8/site-packages/airflow/example_dags/example_branch_datetime_operator.py
[2022-03-21 05:28:05,364] {scheduler_job.py:633} INFO - Processing file /home/airflow/sandbox/lib/python3.8/site-packages/airflow/example_dags/example_branch_datetime_operator.py for tasks to queue
[2022-03-21 05:28:05,365] {logging_mixin.py:104} INFO - [2022-03-21 05:28:05,365] {dagbag.py:487} INFO - Filling up the DagBag from /home/airflow/sandbox/lib/python3.8/site-packages/airflow/example_dags/example_branch_datetime_operator.py
[2022-03-21 05:28:05,388] {scheduler_job.py:643} INFO - DAG(s) dict_keys(['example_branch_datetime_operator_2']) retrieved from /home/airflow/sandbox/lib/python3.8/site-packages/airflow/example_dags/example_branch_datetime_operator.py
[2022-03-21 05:28:05,548] {logging_mixin.py:104} INFO - [2022-03-21 05:28:05,548] {dag.py:1832} INFO - Sync 1 DAGs
[2022-03-21 05:28:05,576] {logging_mixin.py:104} INFO - [2022-03-21 05:28:05,575] {dag.py:2305} INFO - Setting next_dagrun for example_branch_datetime_operator_2 to 2022-03-19 00:00:00+00:00
[2022-03-21 05:28:05,614] {scheduler_job.py:190} INFO - Processing /home/airflow/sandbox/lib/python3.8/site-packages/airflow/example_dags/example_branch_datetime_operator.py took 0.268 seconds
[2022-03-21 05:28:53,773] {scheduler_job.py:182} INFO - Started process (PID=9816) to work on /home/airflow/sandbox/lib/python3.8/site-packages/airflow/example_dags/example_branch_datetime_operator.py
[2022-03-21 05:28:53,775] {scheduler_job.py:633} INFO - Processing file /home/airflow/sandbox/lib/python3.8/site-packages/airflow/example_dags/example_branch_datetime_operator.py for tasks to queue
[2022-03-21 05:28:53,776] {logging_mixin.py:104} INFO - [2022-03-21 05:28:53,776] {dagbag.py:487} INFO - Filling up the DagBag from /home/airflow/sandbox/lib/python3.8/site-packages/airflow/example_dags/example_branch_datetime_operator.py
[2022-03-21 05:28:53,934] {scheduler_job.py:643} INFO - DAG(s) dict_keys(['example_branch_datetime_operator_2']) retrieved from /home/airflow/sandbox/lib/python3.8/site-packages/airflow/example_dags/example_branch_datetime_operator.py
[2022-03-21 05:28:53,977] {logging_mixin.py:104} INFO - [2022-03-21 05:28:53,977] {dag.py:1832} INFO - Sync 1 DAGs
[2022-03-21 05:28:54,007] {logging_mixin.py:104} INFO - [2022-03-21 05:28:54,007] {dag.py:2305} INFO - Setting next_dagrun for example_branch_datetime_operator_2 to 2022-03-19 00:00:00+00:00
[2022-03-21 05:28:54,042] {scheduler_job.py:190} INFO - Processing /home/airflow/sandbox/lib/python3.8/site-packages/airflow/example_dags/example_branch_datetime_operator.py took 0.277 seconds
[2022-03-21 05:29:47,172] {scheduler_job.py:182} INFO - Started process (PID=9853) to work on /home/airflow/sandbox/lib/python3.8/site-packages/airflow/example_dags/example_branch_datetime_operator.py
[2022-03-21 05:29:47,177] {scheduler_job.py:633} INFO - Processing file /home/airflow/sandbox/lib/python3.8/site-packages/airflow/example_dags/example_branch_datetime_operator.py for tasks to queue
[2022-03-21 05:29:47,179] {logging_mixin.py:104} INFO - [2022-03-21 05:29:47,179] {dagbag.py:487} INFO - Filling up the DagBag from /home/airflow/sandbox/lib/python3.8/site-packages/airflow/example_dags/example_branch_datetime_operator.py
[2022-03-21 05:29:47,329] {scheduler_job.py:643} INFO - DAG(s) dict_keys(['example_branch_datetime_operator_2']) retrieved from /home/airflow/sandbox/lib/python3.8/site-packages/airflow/example_dags/example_branch_datetime_operator.py
[2022-03-21 05:29:47,355] {logging_mixin.py:104} INFO - [2022-03-21 05:29:47,355] {dag.py:1832} INFO - Sync 1 DAGs
[2022-03-21 05:29:47,382] {logging_mixin.py:104} INFO - [2022-03-21 05:29:47,382] {dag.py:2305} INFO - Setting next_dagrun for example_branch_datetime_operator_2 to 2022-03-19 00:00:00+00:00
[2022-03-21 05:29:47,498] {scheduler_job.py:190} INFO - Processing /home/airflow/sandbox/lib/python3.8/site-packages/airflow/example_dags/example_branch_datetime_operator.py took 0.337 seconds
[2022-03-21 05:30:41,619] {scheduler_job.py:182} INFO - Started process (PID=9947) to work on /home/airflow/sandbox/lib/python3.8/site-packages/airflow/example_dags/example_branch_datetime_operator.py
[2022-03-21 05:30:41,853] {scheduler_job.py:633} INFO - Processing file /home/airflow/sandbox/lib/python3.8/site-packages/airflow/example_dags/example_branch_datetime_operator.py for tasks to queue
[2022-03-21 05:30:41,854] {logging_mixin.py:104} INFO - [2022-03-21 05:30:41,854] {dagbag.py:487} INFO - Filling up the DagBag from /home/airflow/sandbox/lib/python3.8/site-packages/airflow/example_dags/example_branch_datetime_operator.py
[2022-03-21 05:30:41,865] {scheduler_job.py:643} INFO - DAG(s) dict_keys(['example_branch_datetime_operator_2']) retrieved from /home/airflow/sandbox/lib/python3.8/site-packages/airflow/example_dags/example_branch_datetime_operator.py
[2022-03-21 05:30:41,904] {logging_mixin.py:104} INFO - [2022-03-21 05:30:41,903] {dag.py:1832} INFO - Sync 1 DAGs
[2022-03-21 05:30:41,938] {logging_mixin.py:104} INFO - [2022-03-21 05:30:41,938] {dag.py:2305} INFO - Setting next_dagrun for example_branch_datetime_operator_2 to 2022-03-19 00:00:00+00:00
[2022-03-21 05:30:41,974] {scheduler_job.py:190} INFO - Processing /home/airflow/sandbox/lib/python3.8/site-packages/airflow/example_dags/example_branch_datetime_operator.py took 0.371 seconds
[2022-03-21 05:31:34,186] {scheduler_job.py:182} INFO - Started process (PID=9987) to work on /home/airflow/sandbox/lib/python3.8/site-packages/airflow/example_dags/example_branch_datetime_operator.py
[2022-03-21 05:31:34,192] {scheduler_job.py:633} INFO - Processing file /home/airflow/sandbox/lib/python3.8/site-packages/airflow/example_dags/example_branch_datetime_operator.py for tasks to queue
[2022-03-21 05:31:34,194] {logging_mixin.py:104} INFO - [2022-03-21 05:31:34,194] {dagbag.py:487} INFO - Filling up the DagBag from /home/airflow/sandbox/lib/python3.8/site-packages/airflow/example_dags/example_branch_datetime_operator.py
[2022-03-21 05:31:34,209] {scheduler_job.py:643} INFO - DAG(s) dict_keys(['example_branch_datetime_operator_2']) retrieved from /home/airflow/sandbox/lib/python3.8/site-packages/airflow/example_dags/example_branch_datetime_operator.py
[2022-03-21 05:31:34,241] {logging_mixin.py:104} INFO - [2022-03-21 05:31:34,241] {dag.py:1832} INFO - Sync 1 DAGs
[2022-03-21 05:31:34,270] {logging_mixin.py:104} INFO - [2022-03-21 05:31:34,270] {dag.py:2305} INFO - Setting next_dagrun for example_branch_datetime_operator_2 to 2022-03-19 00:00:00+00:00
[2022-03-21 05:31:34,306] {scheduler_job.py:190} INFO - Processing /home/airflow/sandbox/lib/python3.8/site-packages/airflow/example_dags/example_branch_datetime_operator.py took 0.130 seconds
[2022-03-21 05:32:26,272] {scheduler_job.py:182} INFO - Started process (PID=10028) to work on /home/airflow/sandbox/lib/python3.8/site-packages/airflow/example_dags/example_branch_datetime_operator.py
[2022-03-21 05:32:26,275] {scheduler_job.py:633} INFO - Processing file /home/airflow/sandbox/lib/python3.8/site-packages/airflow/example_dags/example_branch_datetime_operator.py for tasks to queue
[2022-03-21 05:32:26,276] {logging_mixin.py:104} INFO - [2022-03-21 05:32:26,276] {dagbag.py:487} INFO - Filling up the DagBag from /home/airflow/sandbox/lib/python3.8/site-packages/airflow/example_dags/example_branch_datetime_operator.py
[2022-03-21 05:32:26,289] {scheduler_job.py:643} INFO - DAG(s) dict_keys(['example_branch_datetime_operator_2']) retrieved from /home/airflow/sandbox/lib/python3.8/site-packages/airflow/example_dags/example_branch_datetime_operator.py
[2022-03-21 05:32:26,321] {logging_mixin.py:104} INFO - [2022-03-21 05:32:26,321] {dag.py:1832} INFO - Sync 1 DAGs
[2022-03-21 05:32:26,352] {logging_mixin.py:104} INFO - [2022-03-21 05:32:26,352] {dag.py:2305} INFO - Setting next_dagrun for example_branch_datetime_operator_2 to 2022-03-19 00:00:00+00:00
[2022-03-21 05:32:26,385] {scheduler_job.py:190} INFO - Processing /home/airflow/sandbox/lib/python3.8/site-packages/airflow/example_dags/example_branch_datetime_operator.py took 0.123 seconds
[2022-03-21 05:33:09,260] {scheduler_job.py:182} INFO - Started process (PID=10060) to work on /home/airflow/sandbox/lib/python3.8/site-packages/airflow/example_dags/example_branch_datetime_operator.py
[2022-03-21 05:33:09,262] {scheduler_job.py:633} INFO - Processing file /home/airflow/sandbox/lib/python3.8/site-packages/airflow/example_dags/example_branch_datetime_operator.py for tasks to queue
[2022-03-21 05:33:09,263] {logging_mixin.py:104} INFO - [2022-03-21 05:33:09,263] {dagbag.py:487} INFO - Filling up the DagBag from /home/airflow/sandbox/lib/python3.8/site-packages/airflow/example_dags/example_branch_datetime_operator.py
[2022-03-21 05:33:09,278] {scheduler_job.py:643} INFO - DAG(s) dict_keys(['example_branch_datetime_operator_2']) retrieved from /home/airflow/sandbox/lib/python3.8/site-packages/airflow/example_dags/example_branch_datetime_operator.py
[2022-03-21 05:33:09,307] {logging_mixin.py:104} INFO - [2022-03-21 05:33:09,307] {dag.py:1832} INFO - Sync 1 DAGs
[2022-03-21 05:33:09,337] {logging_mixin.py:104} INFO - [2022-03-21 05:33:09,337] {dag.py:2305} INFO - Setting next_dagrun for example_branch_datetime_operator_2 to 2022-03-19 00:00:00+00:00
[2022-03-21 05:33:09,393] {scheduler_job.py:190} INFO - Processing /home/airflow/sandbox/lib/python3.8/site-packages/airflow/example_dags/example_branch_datetime_operator.py took 0.139 seconds
[2022-03-21 05:33:53,110] {scheduler_job.py:182} INFO - Started process (PID=10093) to work on /home/airflow/sandbox/lib/python3.8/site-packages/airflow/example_dags/example_branch_datetime_operator.py
[2022-03-21 05:33:53,112] {scheduler_job.py:633} INFO - Processing file /home/airflow/sandbox/lib/python3.8/site-packages/airflow/example_dags/example_branch_datetime_operator.py for tasks to queue
[2022-03-21 05:33:53,116] {logging_mixin.py:104} INFO - [2022-03-21 05:33:53,116] {dagbag.py:487} INFO - Filling up the DagBag from /home/airflow/sandbox/lib/python3.8/site-packages/airflow/example_dags/example_branch_datetime_operator.py
[2022-03-21 05:33:53,130] {scheduler_job.py:643} INFO - DAG(s) dict_keys(['example_branch_datetime_operator_2']) retrieved from /home/airflow/sandbox/lib/python3.8/site-packages/airflow/example_dags/example_branch_datetime_operator.py
[2022-03-21 05:33:53,160] {logging_mixin.py:104} INFO - [2022-03-21 05:33:53,160] {dag.py:1832} INFO - Sync 1 DAGs
[2022-03-21 05:33:53,192] {logging_mixin.py:104} INFO - [2022-03-21 05:33:53,192] {dag.py:2305} INFO - Setting next_dagrun for example_branch_datetime_operator_2 to 2022-03-19 00:00:00+00:00
[2022-03-21 05:33:53,227] {scheduler_job.py:190} INFO - Processing /home/airflow/sandbox/lib/python3.8/site-packages/airflow/example_dags/example_branch_datetime_operator.py took 0.128 seconds
[2022-03-21 05:34:37,563] {scheduler_job.py:182} INFO - Started process (PID=10127) to work on /home/airflow/sandbox/lib/python3.8/site-packages/airflow/example_dags/example_branch_datetime_operator.py
[2022-03-21 05:34:37,565] {scheduler_job.py:633} INFO - Processing file /home/airflow/sandbox/lib/python3.8/site-packages/airflow/example_dags/example_branch_datetime_operator.py for tasks to queue
[2022-03-21 05:34:37,567] {logging_mixin.py:104} INFO - [2022-03-21 05:34:37,566] {dagbag.py:487} INFO - Filling up the DagBag from /home/airflow/sandbox/lib/python3.8/site-packages/airflow/example_dags/example_branch_datetime_operator.py
[2022-03-21 05:34:37,585] {scheduler_job.py:643} INFO - DAG(s) dict_keys(['example_branch_datetime_operator_2']) retrieved from /home/airflow/sandbox/lib/python3.8/site-packages/airflow/example_dags/example_branch_datetime_operator.py
[2022-03-21 05:34:37,618] {logging_mixin.py:104} INFO - [2022-03-21 05:34:37,618] {dag.py:1832} INFO - Sync 1 DAGs
[2022-03-21 05:34:37,649] {logging_mixin.py:104} INFO - [2022-03-21 05:34:37,649] {dag.py:2305} INFO - Setting next_dagrun for example_branch_datetime_operator_2 to 2022-03-19 00:00:00+00:00
[2022-03-21 05:34:37,710] {scheduler_job.py:190} INFO - Processing /home/airflow/sandbox/lib/python3.8/site-packages/airflow/example_dags/example_branch_datetime_operator.py took 0.154 seconds
[2022-03-21 05:35:26,198] {scheduler_job.py:182} INFO - Started process (PID=10191) to work on /home/airflow/sandbox/lib/python3.8/site-packages/airflow/example_dags/example_branch_datetime_operator.py
[2022-03-21 05:35:26,201] {scheduler_job.py:633} INFO - Processing file /home/airflow/sandbox/lib/python3.8/site-packages/airflow/example_dags/example_branch_datetime_operator.py for tasks to queue
[2022-03-21 05:35:26,205] {logging_mixin.py:104} INFO - [2022-03-21 05:35:26,202] {dagbag.py:487} INFO - Filling up the DagBag from /home/airflow/sandbox/lib/python3.8/site-packages/airflow/example_dags/example_branch_datetime_operator.py
[2022-03-21 05:35:26,223] {scheduler_job.py:643} INFO - DAG(s) dict_keys(['example_branch_datetime_operator_2']) retrieved from /home/airflow/sandbox/lib/python3.8/site-packages/airflow/example_dags/example_branch_datetime_operator.py
[2022-03-21 05:35:26,259] {logging_mixin.py:104} INFO - [2022-03-21 05:35:26,259] {dag.py:1832} INFO - Sync 1 DAGs
[2022-03-21 05:35:26,294] {logging_mixin.py:104} INFO - [2022-03-21 05:35:26,293] {dag.py:2305} INFO - Setting next_dagrun for example_branch_datetime_operator_2 to 2022-03-19 00:00:00+00:00
[2022-03-21 05:35:26,328] {scheduler_job.py:190} INFO - Processing /home/airflow/sandbox/lib/python3.8/site-packages/airflow/example_dags/example_branch_datetime_operator.py took 0.143 seconds
[2022-03-21 05:36:11,477] {scheduler_job.py:182} INFO - Started process (PID=10250) to work on /home/airflow/sandbox/lib/python3.8/site-packages/airflow/example_dags/example_branch_datetime_operator.py
[2022-03-21 05:36:11,480] {scheduler_job.py:633} INFO - Processing file /home/airflow/sandbox/lib/python3.8/site-packages/airflow/example_dags/example_branch_datetime_operator.py for tasks to queue
[2022-03-21 05:36:11,481] {logging_mixin.py:104} INFO - [2022-03-21 05:36:11,481] {dagbag.py:487} INFO - Filling up the DagBag from /home/airflow/sandbox/lib/python3.8/site-packages/airflow/example_dags/example_branch_datetime_operator.py
[2022-03-21 05:36:11,497] {scheduler_job.py:643} INFO - DAG(s) dict_keys(['example_branch_datetime_operator_2']) retrieved from /home/airflow/sandbox/lib/python3.8/site-packages/airflow/example_dags/example_branch_datetime_operator.py
[2022-03-21 05:36:11,527] {logging_mixin.py:104} INFO - [2022-03-21 05:36:11,527] {dag.py:1832} INFO - Sync 1 DAGs
[2022-03-21 05:36:11,558] {logging_mixin.py:104} INFO - [2022-03-21 05:36:11,558] {dag.py:2305} INFO - Setting next_dagrun for example_branch_datetime_operator_2 to 2022-03-19 00:00:00+00:00
[2022-03-21 05:36:11,602] {scheduler_job.py:190} INFO - Processing /home/airflow/sandbox/lib/python3.8/site-packages/airflow/example_dags/example_branch_datetime_operator.py took 0.132 seconds
[2022-03-21 05:36:57,318] {scheduler_job.py:182} INFO - Started process (PID=10284) to work on /home/airflow/sandbox/lib/python3.8/site-packages/airflow/example_dags/example_branch_datetime_operator.py
[2022-03-21 05:36:57,321] {scheduler_job.py:633} INFO - Processing file /home/airflow/sandbox/lib/python3.8/site-packages/airflow/example_dags/example_branch_datetime_operator.py for tasks to queue
[2022-03-21 05:36:57,322] {logging_mixin.py:104} INFO - [2022-03-21 05:36:57,322] {dagbag.py:487} INFO - Filling up the DagBag from /home/airflow/sandbox/lib/python3.8/site-packages/airflow/example_dags/example_branch_datetime_operator.py
[2022-03-21 05:36:57,343] {scheduler_job.py:643} INFO - DAG(s) dict_keys(['example_branch_datetime_operator_2']) retrieved from /home/airflow/sandbox/lib/python3.8/site-packages/airflow/example_dags/example_branch_datetime_operator.py
[2022-03-21 05:36:57,371] {logging_mixin.py:104} INFO - [2022-03-21 05:36:57,371] {dag.py:1832} INFO - Sync 1 DAGs
[2022-03-21 05:36:57,401] {logging_mixin.py:104} INFO - [2022-03-21 05:36:57,400] {dag.py:2305} INFO - Setting next_dagrun for example_branch_datetime_operator_2 to 2022-03-19 00:00:00+00:00
[2022-03-21 05:36:57,436] {scheduler_job.py:190} INFO - Processing /home/airflow/sandbox/lib/python3.8/site-packages/airflow/example_dags/example_branch_datetime_operator.py took 0.124 seconds
[2022-03-21 05:37:41,376] {scheduler_job.py:182} INFO - Started process (PID=10317) to work on /home/airflow/sandbox/lib/python3.8/site-packages/airflow/example_dags/example_branch_datetime_operator.py
[2022-03-21 05:37:41,379] {scheduler_job.py:633} INFO - Processing file /home/airflow/sandbox/lib/python3.8/site-packages/airflow/example_dags/example_branch_datetime_operator.py for tasks to queue
[2022-03-21 05:37:41,382] {logging_mixin.py:104} INFO - [2022-03-21 05:37:41,382] {dagbag.py:487} INFO - Filling up the DagBag from /home/airflow/sandbox/lib/python3.8/site-packages/airflow/example_dags/example_branch_datetime_operator.py
[2022-03-21 05:37:41,400] {scheduler_job.py:643} INFO - DAG(s) dict_keys(['example_branch_datetime_operator_2']) retrieved from /home/airflow/sandbox/lib/python3.8/site-packages/airflow/example_dags/example_branch_datetime_operator.py
[2022-03-21 05:37:41,435] {logging_mixin.py:104} INFO - [2022-03-21 05:37:41,435] {dag.py:1832} INFO - Sync 1 DAGs
[2022-03-21 05:37:41,467] {logging_mixin.py:104} INFO - [2022-03-21 05:37:41,467] {dag.py:2305} INFO - Setting next_dagrun for example_branch_datetime_operator_2 to 2022-03-19 00:00:00+00:00
[2022-03-21 05:37:41,506] {scheduler_job.py:190} INFO - Processing /home/airflow/sandbox/lib/python3.8/site-packages/airflow/example_dags/example_branch_datetime_operator.py took 0.139 seconds
[2022-03-21 05:38:25,185] {scheduler_job.py:182} INFO - Started process (PID=10352) to work on /home/airflow/sandbox/lib/python3.8/site-packages/airflow/example_dags/example_branch_datetime_operator.py
[2022-03-21 05:38:25,188] {scheduler_job.py:633} INFO - Processing file /home/airflow/sandbox/lib/python3.8/site-packages/airflow/example_dags/example_branch_datetime_operator.py for tasks to queue
[2022-03-21 05:38:25,189] {logging_mixin.py:104} INFO - [2022-03-21 05:38:25,189] {dagbag.py:487} INFO - Filling up the DagBag from /home/airflow/sandbox/lib/python3.8/site-packages/airflow/example_dags/example_branch_datetime_operator.py
[2022-03-21 05:38:25,205] {scheduler_job.py:643} INFO - DAG(s) dict_keys(['example_branch_datetime_operator_2']) retrieved from /home/airflow/sandbox/lib/python3.8/site-packages/airflow/example_dags/example_branch_datetime_operator.py
[2022-03-21 05:38:25,234] {logging_mixin.py:104} INFO - [2022-03-21 05:38:25,234] {dag.py:1832} INFO - Sync 1 DAGs
[2022-03-21 05:38:25,264] {logging_mixin.py:104} INFO - [2022-03-21 05:38:25,263] {dag.py:2305} INFO - Setting next_dagrun for example_branch_datetime_operator_2 to 2022-03-19 00:00:00+00:00
[2022-03-21 05:38:25,318] {scheduler_job.py:190} INFO - Processing /home/airflow/sandbox/lib/python3.8/site-packages/airflow/example_dags/example_branch_datetime_operator.py took 0.148 seconds
[2022-03-21 05:39:08,096] {scheduler_job.py:182} INFO - Started process (PID=10384) to work on /home/airflow/sandbox/lib/python3.8/site-packages/airflow/example_dags/example_branch_datetime_operator.py
[2022-03-21 05:39:08,103] {scheduler_job.py:633} INFO - Processing file /home/airflow/sandbox/lib/python3.8/site-packages/airflow/example_dags/example_branch_datetime_operator.py for tasks to queue
[2022-03-21 05:39:08,105] {logging_mixin.py:104} INFO - [2022-03-21 05:39:08,105] {dagbag.py:487} INFO - Filling up the DagBag from /home/airflow/sandbox/lib/python3.8/site-packages/airflow/example_dags/example_branch_datetime_operator.py
[2022-03-21 05:39:08,160] {scheduler_job.py:643} INFO - DAG(s) dict_keys(['example_branch_datetime_operator_2']) retrieved from /home/airflow/sandbox/lib/python3.8/site-packages/airflow/example_dags/example_branch_datetime_operator.py
[2022-03-21 05:39:08,258] {logging_mixin.py:104} INFO - [2022-03-21 05:39:08,257] {dag.py:1832} INFO - Sync 1 DAGs
[2022-03-21 05:39:08,311] {logging_mixin.py:104} INFO - [2022-03-21 05:39:08,310] {dag.py:2305} INFO - Setting next_dagrun for example_branch_datetime_operator_2 to 2022-03-19 00:00:00+00:00
[2022-03-21 05:39:08,466] {scheduler_job.py:190} INFO - Processing /home/airflow/sandbox/lib/python3.8/site-packages/airflow/example_dags/example_branch_datetime_operator.py took 0.393 seconds
[2022-03-21 05:39:56,517] {scheduler_job.py:182} INFO - Started process (PID=10419) to work on /home/airflow/sandbox/lib/python3.8/site-packages/airflow/example_dags/example_branch_datetime_operator.py
[2022-03-21 05:39:56,520] {scheduler_job.py:633} INFO - Processing file /home/airflow/sandbox/lib/python3.8/site-packages/airflow/example_dags/example_branch_datetime_operator.py for tasks to queue
[2022-03-21 05:39:56,522] {logging_mixin.py:104} INFO - [2022-03-21 05:39:56,521] {dagbag.py:487} INFO - Filling up the DagBag from /home/airflow/sandbox/lib/python3.8/site-packages/airflow/example_dags/example_branch_datetime_operator.py
[2022-03-21 05:39:56,538] {scheduler_job.py:643} INFO - DAG(s) dict_keys(['example_branch_datetime_operator_2']) retrieved from /home/airflow/sandbox/lib/python3.8/site-packages/airflow/example_dags/example_branch_datetime_operator.py
[2022-03-21 05:39:56,571] {logging_mixin.py:104} INFO - [2022-03-21 05:39:56,571] {dag.py:1832} INFO - Sync 1 DAGs
[2022-03-21 05:39:56,603] {logging_mixin.py:104} INFO - [2022-03-21 05:39:56,602] {dag.py:2305} INFO - Setting next_dagrun for example_branch_datetime_operator_2 to 2022-03-19 00:00:00+00:00
[2022-03-21 05:39:56,641] {scheduler_job.py:190} INFO - Processing /home/airflow/sandbox/lib/python3.8/site-packages/airflow/example_dags/example_branch_datetime_operator.py took 0.132 seconds
[2022-03-21 05:40:47,536] {scheduler_job.py:182} INFO - Started process (PID=10514) to work on /home/airflow/sandbox/lib/python3.8/site-packages/airflow/example_dags/example_branch_datetime_operator.py
[2022-03-21 05:40:47,538] {scheduler_job.py:633} INFO - Processing file /home/airflow/sandbox/lib/python3.8/site-packages/airflow/example_dags/example_branch_datetime_operator.py for tasks to queue
[2022-03-21 05:40:47,540] {logging_mixin.py:104} INFO - [2022-03-21 05:40:47,539] {dagbag.py:487} INFO - Filling up the DagBag from /home/airflow/sandbox/lib/python3.8/site-packages/airflow/example_dags/example_branch_datetime_operator.py
[2022-03-21 05:40:47,564] {scheduler_job.py:643} INFO - DAG(s) dict_keys(['example_branch_datetime_operator_2']) retrieved from /home/airflow/sandbox/lib/python3.8/site-packages/airflow/example_dags/example_branch_datetime_operator.py
[2022-03-21 05:40:47,604] {logging_mixin.py:104} INFO - [2022-03-21 05:40:47,603] {dag.py:1832} INFO - Sync 1 DAGs
[2022-03-21 05:40:47,649] {logging_mixin.py:104} INFO - [2022-03-21 05:40:47,649] {dag.py:2305} INFO - Setting next_dagrun for example_branch_datetime_operator_2 to 2022-03-19 00:00:00+00:00
[2022-03-21 05:40:47,689] {scheduler_job.py:190} INFO - Processing /home/airflow/sandbox/lib/python3.8/site-packages/airflow/example_dags/example_branch_datetime_operator.py took 0.161 seconds
[2022-03-21 05:41:32,942] {scheduler_job.py:182} INFO - Started process (PID=10548) to work on /home/airflow/sandbox/lib/python3.8/site-packages/airflow/example_dags/example_branch_datetime_operator.py
[2022-03-21 05:41:32,945] {scheduler_job.py:633} INFO - Processing file /home/airflow/sandbox/lib/python3.8/site-packages/airflow/example_dags/example_branch_datetime_operator.py for tasks to queue
[2022-03-21 05:41:32,946] {logging_mixin.py:104} INFO - [2022-03-21 05:41:32,946] {dagbag.py:487} INFO - Filling up the DagBag from /home/airflow/sandbox/lib/python3.8/site-packages/airflow/example_dags/example_branch_datetime_operator.py
[2022-03-21 05:41:32,965] {scheduler_job.py:643} INFO - DAG(s) dict_keys(['example_branch_datetime_operator_2']) retrieved from /home/airflow/sandbox/lib/python3.8/site-packages/airflow/example_dags/example_branch_datetime_operator.py
[2022-03-21 05:41:33,002] {logging_mixin.py:104} INFO - [2022-03-21 05:41:33,002] {dag.py:1832} INFO - Sync 1 DAGs
[2022-03-21 05:41:33,047] {logging_mixin.py:104} INFO - [2022-03-21 05:41:33,047] {dag.py:2305} INFO - Setting next_dagrun for example_branch_datetime_operator_2 to 2022-03-19 00:00:00+00:00
[2022-03-21 05:41:33,107] {scheduler_job.py:190} INFO - Processing /home/airflow/sandbox/lib/python3.8/site-packages/airflow/example_dags/example_branch_datetime_operator.py took 0.173 seconds
[2022-03-21 05:42:19,211] {scheduler_job.py:182} INFO - Started process (PID=10582) to work on /home/airflow/sandbox/lib/python3.8/site-packages/airflow/example_dags/example_branch_datetime_operator.py
[2022-03-21 05:42:19,214] {scheduler_job.py:633} INFO - Processing file /home/airflow/sandbox/lib/python3.8/site-packages/airflow/example_dags/example_branch_datetime_operator.py for tasks to queue
[2022-03-21 05:42:19,232] {logging_mixin.py:104} INFO - [2022-03-21 05:42:19,232] {dagbag.py:487} INFO - Filling up the DagBag from /home/airflow/sandbox/lib/python3.8/site-packages/airflow/example_dags/example_branch_datetime_operator.py
[2022-03-21 05:42:19,276] {scheduler_job.py:643} INFO - DAG(s) dict_keys(['example_branch_datetime_operator_2']) retrieved from /home/airflow/sandbox/lib/python3.8/site-packages/airflow/example_dags/example_branch_datetime_operator.py
[2022-03-21 05:42:19,328] {logging_mixin.py:104} INFO - [2022-03-21 05:42:19,328] {dag.py:1832} INFO - Sync 1 DAGs
[2022-03-21 05:42:19,395] {logging_mixin.py:104} INFO - [2022-03-21 05:42:19,395] {dag.py:2305} INFO - Setting next_dagrun for example_branch_datetime_operator_2 to 2022-03-19 00:00:00+00:00
[2022-03-21 05:42:19,455] {scheduler_job.py:190} INFO - Processing /home/airflow/sandbox/lib/python3.8/site-packages/airflow/example_dags/example_branch_datetime_operator.py took 0.257 seconds
[2022-03-21 05:43:11,195] {scheduler_job.py:182} INFO - Started process (PID=10617) to work on /home/airflow/sandbox/lib/python3.8/site-packages/airflow/example_dags/example_branch_datetime_operator.py
[2022-03-21 05:43:11,197] {scheduler_job.py:633} INFO - Processing file /home/airflow/sandbox/lib/python3.8/site-packages/airflow/example_dags/example_branch_datetime_operator.py for tasks to queue
[2022-03-21 05:43:11,199] {logging_mixin.py:104} INFO - [2022-03-21 05:43:11,199] {dagbag.py:487} INFO - Filling up the DagBag from /home/airflow/sandbox/lib/python3.8/site-packages/airflow/example_dags/example_branch_datetime_operator.py
[2022-03-21 05:43:11,221] {scheduler_job.py:643} INFO - DAG(s) dict_keys(['example_branch_datetime_operator_2']) retrieved from /home/airflow/sandbox/lib/python3.8/site-packages/airflow/example_dags/example_branch_datetime_operator.py
[2022-03-21 05:43:11,260] {logging_mixin.py:104} INFO - [2022-03-21 05:43:11,260] {dag.py:1832} INFO - Sync 1 DAGs
[2022-03-21 05:43:11,298] {logging_mixin.py:104} INFO - [2022-03-21 05:43:11,298] {dag.py:2305} INFO - Setting next_dagrun for example_branch_datetime_operator_2 to 2022-03-19 00:00:00+00:00
[2022-03-21 05:43:11,373] {scheduler_job.py:190} INFO - Processing /home/airflow/sandbox/lib/python3.8/site-packages/airflow/example_dags/example_branch_datetime_operator.py took 0.186 seconds
[2022-03-21 05:44:09,360] {scheduler_job.py:182} INFO - Started process (PID=10657) to work on /home/airflow/sandbox/lib/python3.8/site-packages/airflow/example_dags/example_branch_datetime_operator.py
[2022-03-21 05:44:09,364] {scheduler_job.py:633} INFO - Processing file /home/airflow/sandbox/lib/python3.8/site-packages/airflow/example_dags/example_branch_datetime_operator.py for tasks to queue
[2022-03-21 05:44:09,365] {logging_mixin.py:104} INFO - [2022-03-21 05:44:09,365] {dagbag.py:487} INFO - Filling up the DagBag from /home/airflow/sandbox/lib/python3.8/site-packages/airflow/example_dags/example_branch_datetime_operator.py
[2022-03-21 05:44:09,382] {scheduler_job.py:643} INFO - DAG(s) dict_keys(['example_branch_datetime_operator_2']) retrieved from /home/airflow/sandbox/lib/python3.8/site-packages/airflow/example_dags/example_branch_datetime_operator.py
[2022-03-21 05:44:09,413] {logging_mixin.py:104} INFO - [2022-03-21 05:44:09,413] {dag.py:1832} INFO - Sync 1 DAGs
[2022-03-21 05:44:09,446] {logging_mixin.py:104} INFO - [2022-03-21 05:44:09,446] {dag.py:2305} INFO - Setting next_dagrun for example_branch_datetime_operator_2 to 2022-03-19 00:00:00+00:00
[2022-03-21 05:44:09,483] {scheduler_job.py:190} INFO - Processing /home/airflow/sandbox/lib/python3.8/site-packages/airflow/example_dags/example_branch_datetime_operator.py took 0.132 seconds
[2022-03-21 05:45:01,612] {scheduler_job.py:182} INFO - Started process (PID=10694) to work on /home/airflow/sandbox/lib/python3.8/site-packages/airflow/example_dags/example_branch_datetime_operator.py
[2022-03-21 05:45:01,623] {scheduler_job.py:633} INFO - Processing file /home/airflow/sandbox/lib/python3.8/site-packages/airflow/example_dags/example_branch_datetime_operator.py for tasks to queue
[2022-03-21 05:45:01,625] {logging_mixin.py:104} INFO - [2022-03-21 05:45:01,625] {dagbag.py:487} INFO - Filling up the DagBag from /home/airflow/sandbox/lib/python3.8/site-packages/airflow/example_dags/example_branch_datetime_operator.py
[2022-03-21 05:45:01,682] {scheduler_job.py:643} INFO - DAG(s) dict_keys(['example_branch_datetime_operator_2']) retrieved from /home/airflow/sandbox/lib/python3.8/site-packages/airflow/example_dags/example_branch_datetime_operator.py
[2022-03-21 05:45:01,775] {logging_mixin.py:104} INFO - [2022-03-21 05:45:01,775] {dag.py:1832} INFO - Sync 1 DAGs
[2022-03-21 05:45:01,861] {logging_mixin.py:104} INFO - [2022-03-21 05:45:01,861] {dag.py:2305} INFO - Setting next_dagrun for example_branch_datetime_operator_2 to 2022-03-19 00:00:00+00:00
[2022-03-21 05:45:01,923] {scheduler_job.py:190} INFO - Processing /home/airflow/sandbox/lib/python3.8/site-packages/airflow/example_dags/example_branch_datetime_operator.py took 0.331 seconds
[2022-03-21 05:45:46,256] {scheduler_job.py:182} INFO - Started process (PID=10784) to work on /home/airflow/sandbox/lib/python3.8/site-packages/airflow/example_dags/example_branch_datetime_operator.py
[2022-03-21 05:45:46,259] {scheduler_job.py:633} INFO - Processing file /home/airflow/sandbox/lib/python3.8/site-packages/airflow/example_dags/example_branch_datetime_operator.py for tasks to queue
[2022-03-21 05:45:46,260] {logging_mixin.py:104} INFO - [2022-03-21 05:45:46,260] {dagbag.py:487} INFO - Filling up the DagBag from /home/airflow/sandbox/lib/python3.8/site-packages/airflow/example_dags/example_branch_datetime_operator.py
[2022-03-21 05:45:46,281] {scheduler_job.py:643} INFO - DAG(s) dict_keys(['example_branch_datetime_operator_2']) retrieved from /home/airflow/sandbox/lib/python3.8/site-packages/airflow/example_dags/example_branch_datetime_operator.py
[2022-03-21 05:45:46,315] {logging_mixin.py:104} INFO - [2022-03-21 05:45:46,315] {dag.py:1832} INFO - Sync 1 DAGs
[2022-03-21 05:45:46,374] {logging_mixin.py:104} INFO - [2022-03-21 05:45:46,374] {dag.py:2305} INFO - Setting next_dagrun for example_branch_datetime_operator_2 to 2022-03-19 00:00:00+00:00
[2022-03-21 05:45:46,443] {scheduler_job.py:190} INFO - Processing /home/airflow/sandbox/lib/python3.8/site-packages/airflow/example_dags/example_branch_datetime_operator.py took 0.195 seconds
[2022-03-21 05:46:44,819] {scheduler_job.py:182} INFO - Started process (PID=11114) to work on /home/airflow/sandbox/lib/python3.8/site-packages/airflow/example_dags/example_branch_datetime_operator.py
[2022-03-21 05:46:44,824] {scheduler_job.py:633} INFO - Processing file /home/airflow/sandbox/lib/python3.8/site-packages/airflow/example_dags/example_branch_datetime_operator.py for tasks to queue
[2022-03-21 05:46:44,826] {logging_mixin.py:104} INFO - [2022-03-21 05:46:44,825] {dagbag.py:487} INFO - Filling up the DagBag from /home/airflow/sandbox/lib/python3.8/site-packages/airflow/example_dags/example_branch_datetime_operator.py
[2022-03-21 05:46:44,845] {scheduler_job.py:643} INFO - DAG(s) dict_keys(['example_branch_datetime_operator_2']) retrieved from /home/airflow/sandbox/lib/python3.8/site-packages/airflow/example_dags/example_branch_datetime_operator.py
[2022-03-21 05:46:44,879] {logging_mixin.py:104} INFO - [2022-03-21 05:46:44,879] {dag.py:1832} INFO - Sync 1 DAGs
[2022-03-21 05:46:44,949] {logging_mixin.py:104} INFO - [2022-03-21 05:46:44,948] {dag.py:2305} INFO - Setting next_dagrun for example_branch_datetime_operator_2 to 2022-03-19 00:00:00+00:00
[2022-03-21 05:46:44,987] {scheduler_job.py:190} INFO - Processing /home/airflow/sandbox/lib/python3.8/site-packages/airflow/example_dags/example_branch_datetime_operator.py took 0.174 seconds
[2022-03-21 05:48:03,058] {scheduler_job.py:182} INFO - Started process (PID=11756) to work on /home/airflow/sandbox/lib/python3.8/site-packages/airflow/example_dags/example_branch_datetime_operator.py
[2022-03-21 05:48:03,061] {scheduler_job.py:633} INFO - Processing file /home/airflow/sandbox/lib/python3.8/site-packages/airflow/example_dags/example_branch_datetime_operator.py for tasks to queue
[2022-03-21 05:48:03,069] {logging_mixin.py:104} INFO - [2022-03-21 05:48:03,069] {dagbag.py:487} INFO - Filling up the DagBag from /home/airflow/sandbox/lib/python3.8/site-packages/airflow/example_dags/example_branch_datetime_operator.py
[2022-03-21 05:48:03,114] {scheduler_job.py:643} INFO - DAG(s) dict_keys(['example_branch_datetime_operator_2']) retrieved from /home/airflow/sandbox/lib/python3.8/site-packages/airflow/example_dags/example_branch_datetime_operator.py
[2022-03-21 05:48:03,212] {logging_mixin.py:104} INFO - [2022-03-21 05:48:03,211] {dag.py:1832} INFO - Sync 1 DAGs
[2022-03-21 05:48:03,342] {logging_mixin.py:104} INFO - [2022-03-21 05:48:03,342] {dag.py:2305} INFO - Setting next_dagrun for example_branch_datetime_operator_2 to 2022-03-19 00:00:00+00:00
[2022-03-21 05:48:03,399] {scheduler_job.py:190} INFO - Processing /home/airflow/sandbox/lib/python3.8/site-packages/airflow/example_dags/example_branch_datetime_operator.py took 0.361 seconds
[2022-03-21 05:48:52,327] {scheduler_job.py:182} INFO - Started process (PID=12031) to work on /home/airflow/sandbox/lib/python3.8/site-packages/airflow/example_dags/example_branch_datetime_operator.py
[2022-03-21 05:48:52,329] {scheduler_job.py:633} INFO - Processing file /home/airflow/sandbox/lib/python3.8/site-packages/airflow/example_dags/example_branch_datetime_operator.py for tasks to queue
[2022-03-21 05:48:52,331] {logging_mixin.py:104} INFO - [2022-03-21 05:48:52,331] {dagbag.py:487} INFO - Filling up the DagBag from /home/airflow/sandbox/lib/python3.8/site-packages/airflow/example_dags/example_branch_datetime_operator.py
[2022-03-21 05:48:52,344] {scheduler_job.py:643} INFO - DAG(s) dict_keys(['example_branch_datetime_operator_2']) retrieved from /home/airflow/sandbox/lib/python3.8/site-packages/airflow/example_dags/example_branch_datetime_operator.py
[2022-03-21 05:48:52,376] {logging_mixin.py:104} INFO - [2022-03-21 05:48:52,375] {dag.py:1832} INFO - Sync 1 DAGs
[2022-03-21 05:48:52,405] {logging_mixin.py:104} INFO - [2022-03-21 05:48:52,405] {dag.py:2305} INFO - Setting next_dagrun for example_branch_datetime_operator_2 to 2022-03-19 00:00:00+00:00
[2022-03-21 05:48:52,438] {scheduler_job.py:190} INFO - Processing /home/airflow/sandbox/lib/python3.8/site-packages/airflow/example_dags/example_branch_datetime_operator.py took 0.118 seconds
[2022-03-21 05:49:40,512] {scheduler_job.py:182} INFO - Started process (PID=12074) to work on /home/airflow/sandbox/lib/python3.8/site-packages/airflow/example_dags/example_branch_datetime_operator.py
[2022-03-21 05:49:40,515] {scheduler_job.py:633} INFO - Processing file /home/airflow/sandbox/lib/python3.8/site-packages/airflow/example_dags/example_branch_datetime_operator.py for tasks to queue
[2022-03-21 05:49:40,520] {logging_mixin.py:104} INFO - [2022-03-21 05:49:40,520] {dagbag.py:487} INFO - Filling up the DagBag from /home/airflow/sandbox/lib/python3.8/site-packages/airflow/example_dags/example_branch_datetime_operator.py
[2022-03-21 05:49:40,537] {scheduler_job.py:643} INFO - DAG(s) dict_keys(['example_branch_datetime_operator_2']) retrieved from /home/airflow/sandbox/lib/python3.8/site-packages/airflow/example_dags/example_branch_datetime_operator.py
[2022-03-21 05:49:40,570] {logging_mixin.py:104} INFO - [2022-03-21 05:49:40,570] {dag.py:1832} INFO - Sync 1 DAGs
[2022-03-21 05:49:40,602] {logging_mixin.py:104} INFO - [2022-03-21 05:49:40,602] {dag.py:2305} INFO - Setting next_dagrun for example_branch_datetime_operator_2 to 2022-03-19 00:00:00+00:00
[2022-03-21 05:49:40,640] {scheduler_job.py:190} INFO - Processing /home/airflow/sandbox/lib/python3.8/site-packages/airflow/example_dags/example_branch_datetime_operator.py took 0.137 seconds
[2022-03-21 05:50:32,720] {scheduler_job.py:182} INFO - Started process (PID=12371) to work on /home/airflow/sandbox/lib/python3.8/site-packages/airflow/example_dags/example_branch_datetime_operator.py
[2022-03-21 05:50:32,726] {scheduler_job.py:633} INFO - Processing file /home/airflow/sandbox/lib/python3.8/site-packages/airflow/example_dags/example_branch_datetime_operator.py for tasks to queue
[2022-03-21 05:50:32,728] {logging_mixin.py:104} INFO - [2022-03-21 05:50:32,728] {dagbag.py:487} INFO - Filling up the DagBag from /home/airflow/sandbox/lib/python3.8/site-packages/airflow/example_dags/example_branch_datetime_operator.py
[2022-03-21 05:50:32,741] {scheduler_job.py:643} INFO - DAG(s) dict_keys(['example_branch_datetime_operator_2']) retrieved from /home/airflow/sandbox/lib/python3.8/site-packages/airflow/example_dags/example_branch_datetime_operator.py
[2022-03-21 05:50:32,772] {logging_mixin.py:104} INFO - [2022-03-21 05:50:32,772] {dag.py:1832} INFO - Sync 1 DAGs
[2022-03-21 05:50:32,803] {logging_mixin.py:104} INFO - [2022-03-21 05:50:32,802] {dag.py:2305} INFO - Setting next_dagrun for example_branch_datetime_operator_2 to 2022-03-19 00:00:00+00:00
[2022-03-21 05:50:32,838] {scheduler_job.py:190} INFO - Processing /home/airflow/sandbox/lib/python3.8/site-packages/airflow/example_dags/example_branch_datetime_operator.py took 0.129 seconds
