[2022-03-21 05:14:07,823] {scheduler_job.py:182} INFO - Started process (PID=7998) to work on /home/airflow/sandbox/lib/python3.8/site-packages/airflow/example_dags/example_task_group_decorator.py
[2022-03-21 05:14:07,828] {scheduler_job.py:633} INFO - Processing file /home/airflow/sandbox/lib/python3.8/site-packages/airflow/example_dags/example_task_group_decorator.py for tasks to queue
[2022-03-21 05:14:07,829] {logging_mixin.py:104} INFO - [2022-03-21 05:14:07,829] {dagbag.py:487} INFO - Filling up the DagBag from /home/airflow/sandbox/lib/python3.8/site-packages/airflow/example_dags/example_task_group_decorator.py
[2022-03-21 05:14:07,870] {scheduler_job.py:643} INFO - DAG(s) dict_keys(['example_task_group_decorator']) retrieved from /home/airflow/sandbox/lib/python3.8/site-packages/airflow/example_dags/example_task_group_decorator.py
[2022-03-21 05:14:08,616] {logging_mixin.py:104} INFO - [2022-03-21 05:14:08,616] {dag.py:1832} INFO - Sync 1 DAGs
[2022-03-21 05:14:08,633] {logging_mixin.py:104} INFO - [2022-03-21 05:14:08,632] {dag.py:2305} INFO - Setting next_dagrun for example_task_group_decorator to 2022-03-19 00:00:00+00:00
[2022-03-21 05:14:08,670] {scheduler_job.py:190} INFO - Processing /home/airflow/sandbox/lib/python3.8/site-packages/airflow/example_dags/example_task_group_decorator.py took 0.852 seconds
[2022-03-21 05:15:21,966] {scheduler_job.py:182} INFO - Started process (PID=8347) to work on /home/airflow/sandbox/lib/python3.8/site-packages/airflow/example_dags/example_task_group_decorator.py
[2022-03-21 05:15:21,969] {scheduler_job.py:633} INFO - Processing file /home/airflow/sandbox/lib/python3.8/site-packages/airflow/example_dags/example_task_group_decorator.py for tasks to queue
[2022-03-21 05:15:21,970] {logging_mixin.py:104} INFO - [2022-03-21 05:15:21,970] {dagbag.py:487} INFO - Filling up the DagBag from /home/airflow/sandbox/lib/python3.8/site-packages/airflow/example_dags/example_task_group_decorator.py
[2022-03-21 05:15:22,013] {scheduler_job.py:643} INFO - DAG(s) dict_keys(['example_task_group_decorator']) retrieved from /home/airflow/sandbox/lib/python3.8/site-packages/airflow/example_dags/example_task_group_decorator.py
[2022-03-21 05:15:22,772] {logging_mixin.py:104} INFO - [2022-03-21 05:15:22,772] {dag.py:1832} INFO - Sync 1 DAGs
[2022-03-21 05:15:22,792] {logging_mixin.py:104} INFO - [2022-03-21 05:15:22,791] {dag.py:2305} INFO - Setting next_dagrun for example_task_group_decorator to 2022-03-19 00:00:00+00:00
[2022-03-21 05:15:22,840] {scheduler_job.py:190} INFO - Processing /home/airflow/sandbox/lib/python3.8/site-packages/airflow/example_dags/example_task_group_decorator.py took 0.883 seconds
[2022-03-21 05:16:09,177] {scheduler_job.py:182} INFO - Started process (PID=8687) to work on /home/airflow/sandbox/lib/python3.8/site-packages/airflow/example_dags/example_task_group_decorator.py
[2022-03-21 05:16:09,180] {scheduler_job.py:633} INFO - Processing file /home/airflow/sandbox/lib/python3.8/site-packages/airflow/example_dags/example_task_group_decorator.py for tasks to queue
[2022-03-21 05:16:09,182] {logging_mixin.py:104} INFO - [2022-03-21 05:16:09,181] {dagbag.py:487} INFO - Filling up the DagBag from /home/airflow/sandbox/lib/python3.8/site-packages/airflow/example_dags/example_task_group_decorator.py
[2022-03-21 05:16:09,341] {scheduler_job.py:643} INFO - DAG(s) dict_keys(['example_task_group_decorator']) retrieved from /home/airflow/sandbox/lib/python3.8/site-packages/airflow/example_dags/example_task_group_decorator.py
[2022-03-21 05:16:11,136] {logging_mixin.py:104} INFO - [2022-03-21 05:16:11,136] {dag.py:1832} INFO - Sync 1 DAGs
[2022-03-21 05:16:11,168] {logging_mixin.py:104} INFO - [2022-03-21 05:16:11,168] {dag.py:2305} INFO - Setting next_dagrun for example_task_group_decorator to 2022-03-19 00:00:00+00:00
[2022-03-21 05:16:11,394] {scheduler_job.py:190} INFO - Processing /home/airflow/sandbox/lib/python3.8/site-packages/airflow/example_dags/example_task_group_decorator.py took 2.235 seconds
[2022-03-21 05:16:56,373] {scheduler_job.py:182} INFO - Started process (PID=8931) to work on /home/airflow/sandbox/lib/python3.8/site-packages/airflow/example_dags/example_task_group_decorator.py
[2022-03-21 05:16:56,377] {scheduler_job.py:633} INFO - Processing file /home/airflow/sandbox/lib/python3.8/site-packages/airflow/example_dags/example_task_group_decorator.py for tasks to queue
[2022-03-21 05:16:56,379] {logging_mixin.py:104} INFO - [2022-03-21 05:16:56,379] {dagbag.py:487} INFO - Filling up the DagBag from /home/airflow/sandbox/lib/python3.8/site-packages/airflow/example_dags/example_task_group_decorator.py
[2022-03-21 05:16:56,468] {scheduler_job.py:643} INFO - DAG(s) dict_keys(['example_task_group_decorator']) retrieved from /home/airflow/sandbox/lib/python3.8/site-packages/airflow/example_dags/example_task_group_decorator.py
[2022-03-21 05:16:57,113] {logging_mixin.py:104} INFO - [2022-03-21 05:16:57,113] {dag.py:1832} INFO - Sync 1 DAGs
[2022-03-21 05:16:57,133] {logging_mixin.py:104} INFO - [2022-03-21 05:16:57,133] {dag.py:2305} INFO - Setting next_dagrun for example_task_group_decorator to 2022-03-19 00:00:00+00:00
[2022-03-21 05:16:57,174] {scheduler_job.py:190} INFO - Processing /home/airflow/sandbox/lib/python3.8/site-packages/airflow/example_dags/example_task_group_decorator.py took 0.812 seconds
[2022-03-21 05:17:40,925] {scheduler_job.py:182} INFO - Started process (PID=9148) to work on /home/airflow/sandbox/lib/python3.8/site-packages/airflow/example_dags/example_task_group_decorator.py
[2022-03-21 05:17:40,928] {scheduler_job.py:633} INFO - Processing file /home/airflow/sandbox/lib/python3.8/site-packages/airflow/example_dags/example_task_group_decorator.py for tasks to queue
[2022-03-21 05:17:40,930] {logging_mixin.py:104} INFO - [2022-03-21 05:17:40,929] {dagbag.py:487} INFO - Filling up the DagBag from /home/airflow/sandbox/lib/python3.8/site-packages/airflow/example_dags/example_task_group_decorator.py
[2022-03-21 05:17:40,967] {scheduler_job.py:643} INFO - DAG(s) dict_keys(['example_task_group_decorator']) retrieved from /home/airflow/sandbox/lib/python3.8/site-packages/airflow/example_dags/example_task_group_decorator.py
[2022-03-21 05:17:41,579] {logging_mixin.py:104} INFO - [2022-03-21 05:17:41,579] {dag.py:1832} INFO - Sync 1 DAGs
[2022-03-21 05:17:41,597] {logging_mixin.py:104} INFO - [2022-03-21 05:17:41,597] {dag.py:2305} INFO - Setting next_dagrun for example_task_group_decorator to 2022-03-19 00:00:00+00:00
[2022-03-21 05:17:41,633] {scheduler_job.py:190} INFO - Processing /home/airflow/sandbox/lib/python3.8/site-packages/airflow/example_dags/example_task_group_decorator.py took 0.717 seconds
[2022-03-21 05:18:28,886] {scheduler_job.py:182} INFO - Started process (PID=9241) to work on /home/airflow/sandbox/lib/python3.8/site-packages/airflow/example_dags/example_task_group_decorator.py
[2022-03-21 05:18:28,889] {scheduler_job.py:633} INFO - Processing file /home/airflow/sandbox/lib/python3.8/site-packages/airflow/example_dags/example_task_group_decorator.py for tasks to queue
[2022-03-21 05:18:28,895] {logging_mixin.py:104} INFO - [2022-03-21 05:18:28,894] {dagbag.py:487} INFO - Filling up the DagBag from /home/airflow/sandbox/lib/python3.8/site-packages/airflow/example_dags/example_task_group_decorator.py
[2022-03-21 05:18:28,942] {scheduler_job.py:643} INFO - DAG(s) dict_keys(['example_task_group_decorator']) retrieved from /home/airflow/sandbox/lib/python3.8/site-packages/airflow/example_dags/example_task_group_decorator.py
[2022-03-21 05:18:29,679] {logging_mixin.py:104} INFO - [2022-03-21 05:18:29,679] {dag.py:1832} INFO - Sync 1 DAGs
[2022-03-21 05:18:29,709] {logging_mixin.py:104} INFO - [2022-03-21 05:18:29,709] {dag.py:2305} INFO - Setting next_dagrun for example_task_group_decorator to 2022-03-19 00:00:00+00:00
[2022-03-21 05:18:29,808] {scheduler_job.py:190} INFO - Processing /home/airflow/sandbox/lib/python3.8/site-packages/airflow/example_dags/example_task_group_decorator.py took 0.930 seconds
[2022-03-21 05:19:02,136] {scheduler_job.py:182} INFO - Started process (PID=9267) to work on /home/airflow/sandbox/lib/python3.8/site-packages/airflow/example_dags/example_task_group_decorator.py
[2022-03-21 05:19:02,139] {scheduler_job.py:633} INFO - Processing file /home/airflow/sandbox/lib/python3.8/site-packages/airflow/example_dags/example_task_group_decorator.py for tasks to queue
[2022-03-21 05:19:02,141] {logging_mixin.py:104} INFO - [2022-03-21 05:19:02,141] {dagbag.py:487} INFO - Filling up the DagBag from /home/airflow/sandbox/lib/python3.8/site-packages/airflow/example_dags/example_task_group_decorator.py
[2022-03-21 05:19:02,232] {scheduler_job.py:643} INFO - DAG(s) dict_keys(['example_task_group_decorator']) retrieved from /home/airflow/sandbox/lib/python3.8/site-packages/airflow/example_dags/example_task_group_decorator.py
[2022-03-21 05:19:03,303] {logging_mixin.py:104} INFO - [2022-03-21 05:19:03,303] {dag.py:1832} INFO - Sync 1 DAGs
[2022-03-21 05:19:03,328] {logging_mixin.py:104} INFO - [2022-03-21 05:19:03,325] {dag.py:2305} INFO - Setting next_dagrun for example_task_group_decorator to 2022-03-19 00:00:00+00:00
[2022-03-21 05:19:03,374] {scheduler_job.py:190} INFO - Processing /home/airflow/sandbox/lib/python3.8/site-packages/airflow/example_dags/example_task_group_decorator.py took 1.246 seconds
[2022-03-21 05:19:46,335] {scheduler_job.py:182} INFO - Started process (PID=9301) to work on /home/airflow/sandbox/lib/python3.8/site-packages/airflow/example_dags/example_task_group_decorator.py
[2022-03-21 05:19:46,342] {scheduler_job.py:633} INFO - Processing file /home/airflow/sandbox/lib/python3.8/site-packages/airflow/example_dags/example_task_group_decorator.py for tasks to queue
[2022-03-21 05:19:46,344] {logging_mixin.py:104} INFO - [2022-03-21 05:19:46,344] {dagbag.py:487} INFO - Filling up the DagBag from /home/airflow/sandbox/lib/python3.8/site-packages/airflow/example_dags/example_task_group_decorator.py
[2022-03-21 05:19:46,425] {scheduler_job.py:643} INFO - DAG(s) dict_keys(['example_task_group_decorator']) retrieved from /home/airflow/sandbox/lib/python3.8/site-packages/airflow/example_dags/example_task_group_decorator.py
[2022-03-21 05:19:47,126] {logging_mixin.py:104} INFO - [2022-03-21 05:19:47,125] {dag.py:1832} INFO - Sync 1 DAGs
[2022-03-21 05:19:47,139] {logging_mixin.py:104} INFO - [2022-03-21 05:19:47,139] {dag.py:2305} INFO - Setting next_dagrun for example_task_group_decorator to 2022-03-19 00:00:00+00:00
[2022-03-21 05:19:47,198] {scheduler_job.py:190} INFO - Processing /home/airflow/sandbox/lib/python3.8/site-packages/airflow/example_dags/example_task_group_decorator.py took 0.874 seconds
[2022-03-21 05:20:29,814] {scheduler_job.py:182} INFO - Started process (PID=9390) to work on /home/airflow/sandbox/lib/python3.8/site-packages/airflow/example_dags/example_task_group_decorator.py
[2022-03-21 05:20:29,818] {scheduler_job.py:633} INFO - Processing file /home/airflow/sandbox/lib/python3.8/site-packages/airflow/example_dags/example_task_group_decorator.py for tasks to queue
[2022-03-21 05:20:29,819] {logging_mixin.py:104} INFO - [2022-03-21 05:20:29,819] {dagbag.py:487} INFO - Filling up the DagBag from /home/airflow/sandbox/lib/python3.8/site-packages/airflow/example_dags/example_task_group_decorator.py
[2022-03-21 05:20:29,858] {scheduler_job.py:643} INFO - DAG(s) dict_keys(['example_task_group_decorator']) retrieved from /home/airflow/sandbox/lib/python3.8/site-packages/airflow/example_dags/example_task_group_decorator.py
[2022-03-21 05:20:30,485] {logging_mixin.py:104} INFO - [2022-03-21 05:20:30,484] {dag.py:1832} INFO - Sync 1 DAGs
[2022-03-21 05:20:30,503] {logging_mixin.py:104} INFO - [2022-03-21 05:20:30,502] {dag.py:2305} INFO - Setting next_dagrun for example_task_group_decorator to 2022-03-19 00:00:00+00:00
[2022-03-21 05:20:30,541] {scheduler_job.py:190} INFO - Processing /home/airflow/sandbox/lib/python3.8/site-packages/airflow/example_dags/example_task_group_decorator.py took 0.735 seconds
[2022-03-21 05:21:06,245] {scheduler_job.py:182} INFO - Started process (PID=9413) to work on /home/airflow/sandbox/lib/python3.8/site-packages/airflow/example_dags/example_task_group_decorator.py
[2022-03-21 05:21:06,261] {scheduler_job.py:633} INFO - Processing file /home/airflow/sandbox/lib/python3.8/site-packages/airflow/example_dags/example_task_group_decorator.py for tasks to queue
[2022-03-21 05:21:06,277] {logging_mixin.py:104} INFO - [2022-03-21 05:21:06,277] {dagbag.py:487} INFO - Filling up the DagBag from /home/airflow/sandbox/lib/python3.8/site-packages/airflow/example_dags/example_task_group_decorator.py
[2022-03-21 05:21:06,477] {scheduler_job.py:643} INFO - DAG(s) dict_keys(['example_task_group_decorator']) retrieved from /home/airflow/sandbox/lib/python3.8/site-packages/airflow/example_dags/example_task_group_decorator.py
[2022-03-21 05:21:08,642] {logging_mixin.py:104} INFO - [2022-03-21 05:21:08,642] {dag.py:1832} INFO - Sync 1 DAGs
[2022-03-21 05:21:08,682] {logging_mixin.py:104} INFO - [2022-03-21 05:21:08,682] {dag.py:2305} INFO - Setting next_dagrun for example_task_group_decorator to 2022-03-19 00:00:00+00:00
[2022-03-21 05:21:08,777] {scheduler_job.py:190} INFO - Processing /home/airflow/sandbox/lib/python3.8/site-packages/airflow/example_dags/example_task_group_decorator.py took 2.555 seconds
[2022-03-21 05:21:42,378] {scheduler_job.py:182} INFO - Started process (PID=9438) to work on /home/airflow/sandbox/lib/python3.8/site-packages/airflow/example_dags/example_task_group_decorator.py
[2022-03-21 05:21:42,380] {scheduler_job.py:633} INFO - Processing file /home/airflow/sandbox/lib/python3.8/site-packages/airflow/example_dags/example_task_group_decorator.py for tasks to queue
[2022-03-21 05:21:42,382] {logging_mixin.py:104} INFO - [2022-03-21 05:21:42,381] {dagbag.py:487} INFO - Filling up the DagBag from /home/airflow/sandbox/lib/python3.8/site-packages/airflow/example_dags/example_task_group_decorator.py
[2022-03-21 05:21:42,423] {scheduler_job.py:643} INFO - DAG(s) dict_keys(['example_task_group_decorator']) retrieved from /home/airflow/sandbox/lib/python3.8/site-packages/airflow/example_dags/example_task_group_decorator.py
[2022-03-21 05:21:43,043] {logging_mixin.py:104} INFO - [2022-03-21 05:21:43,042] {dag.py:1832} INFO - Sync 1 DAGs
[2022-03-21 05:21:43,061] {logging_mixin.py:104} INFO - [2022-03-21 05:21:43,061] {dag.py:2305} INFO - Setting next_dagrun for example_task_group_decorator to 2022-03-19 00:00:00+00:00
[2022-03-21 05:21:43,113] {scheduler_job.py:190} INFO - Processing /home/airflow/sandbox/lib/python3.8/site-packages/airflow/example_dags/example_task_group_decorator.py took 0.744 seconds
[2022-03-21 05:22:22,993] {scheduler_job.py:182} INFO - Started process (PID=9469) to work on /home/airflow/sandbox/lib/python3.8/site-packages/airflow/example_dags/example_task_group_decorator.py
[2022-03-21 05:22:23,010] {scheduler_job.py:633} INFO - Processing file /home/airflow/sandbox/lib/python3.8/site-packages/airflow/example_dags/example_task_group_decorator.py for tasks to queue
[2022-03-21 05:22:23,011] {logging_mixin.py:104} INFO - [2022-03-21 05:22:23,011] {dagbag.py:487} INFO - Filling up the DagBag from /home/airflow/sandbox/lib/python3.8/site-packages/airflow/example_dags/example_task_group_decorator.py
[2022-03-21 05:22:23,057] {scheduler_job.py:643} INFO - DAG(s) dict_keys(['example_task_group_decorator']) retrieved from /home/airflow/sandbox/lib/python3.8/site-packages/airflow/example_dags/example_task_group_decorator.py
[2022-03-21 05:22:23,739] {logging_mixin.py:104} INFO - [2022-03-21 05:22:23,739] {dag.py:1832} INFO - Sync 1 DAGs
[2022-03-21 05:22:23,763] {logging_mixin.py:104} INFO - [2022-03-21 05:22:23,762] {dag.py:2305} INFO - Setting next_dagrun for example_task_group_decorator to 2022-03-19 00:00:00+00:00
[2022-03-21 05:22:23,812] {scheduler_job.py:190} INFO - Processing /home/airflow/sandbox/lib/python3.8/site-packages/airflow/example_dags/example_task_group_decorator.py took 0.825 seconds
[2022-03-21 05:23:04,260] {scheduler_job.py:182} INFO - Started process (PID=9502) to work on /home/airflow/sandbox/lib/python3.8/site-packages/airflow/example_dags/example_task_group_decorator.py
[2022-03-21 05:23:04,263] {scheduler_job.py:633} INFO - Processing file /home/airflow/sandbox/lib/python3.8/site-packages/airflow/example_dags/example_task_group_decorator.py for tasks to queue
[2022-03-21 05:23:04,264] {logging_mixin.py:104} INFO - [2022-03-21 05:23:04,264] {dagbag.py:487} INFO - Filling up the DagBag from /home/airflow/sandbox/lib/python3.8/site-packages/airflow/example_dags/example_task_group_decorator.py
[2022-03-21 05:23:04,299] {scheduler_job.py:643} INFO - DAG(s) dict_keys(['example_task_group_decorator']) retrieved from /home/airflow/sandbox/lib/python3.8/site-packages/airflow/example_dags/example_task_group_decorator.py
[2022-03-21 05:23:04,904] {logging_mixin.py:104} INFO - [2022-03-21 05:23:04,904] {dag.py:1832} INFO - Sync 1 DAGs
[2022-03-21 05:23:04,922] {logging_mixin.py:104} INFO - [2022-03-21 05:23:04,922] {dag.py:2305} INFO - Setting next_dagrun for example_task_group_decorator to 2022-03-19 00:00:00+00:00
[2022-03-21 05:23:04,958] {scheduler_job.py:190} INFO - Processing /home/airflow/sandbox/lib/python3.8/site-packages/airflow/example_dags/example_task_group_decorator.py took 0.707 seconds
[2022-03-21 05:23:45,921] {scheduler_job.py:182} INFO - Started process (PID=9536) to work on /home/airflow/sandbox/lib/python3.8/site-packages/airflow/example_dags/example_task_group_decorator.py
[2022-03-21 05:23:45,928] {scheduler_job.py:633} INFO - Processing file /home/airflow/sandbox/lib/python3.8/site-packages/airflow/example_dags/example_task_group_decorator.py for tasks to queue
[2022-03-21 05:23:45,930] {logging_mixin.py:104} INFO - [2022-03-21 05:23:45,930] {dagbag.py:487} INFO - Filling up the DagBag from /home/airflow/sandbox/lib/python3.8/site-packages/airflow/example_dags/example_task_group_decorator.py
[2022-03-21 05:23:45,972] {scheduler_job.py:643} INFO - DAG(s) dict_keys(['example_task_group_decorator']) retrieved from /home/airflow/sandbox/lib/python3.8/site-packages/airflow/example_dags/example_task_group_decorator.py
[2022-03-21 05:23:46,571] {logging_mixin.py:104} INFO - [2022-03-21 05:23:46,571] {dag.py:1832} INFO - Sync 1 DAGs
[2022-03-21 05:23:46,587] {logging_mixin.py:104} INFO - [2022-03-21 05:23:46,587] {dag.py:2305} INFO - Setting next_dagrun for example_task_group_decorator to 2022-03-19 00:00:00+00:00
[2022-03-21 05:23:46,625] {scheduler_job.py:190} INFO - Processing /home/airflow/sandbox/lib/python3.8/site-packages/airflow/example_dags/example_task_group_decorator.py took 0.710 seconds
[2022-03-21 05:24:23,248] {scheduler_job.py:182} INFO - Started process (PID=9565) to work on /home/airflow/sandbox/lib/python3.8/site-packages/airflow/example_dags/example_task_group_decorator.py
[2022-03-21 05:24:23,250] {scheduler_job.py:633} INFO - Processing file /home/airflow/sandbox/lib/python3.8/site-packages/airflow/example_dags/example_task_group_decorator.py for tasks to queue
[2022-03-21 05:24:23,252] {logging_mixin.py:104} INFO - [2022-03-21 05:24:23,252] {dagbag.py:487} INFO - Filling up the DagBag from /home/airflow/sandbox/lib/python3.8/site-packages/airflow/example_dags/example_task_group_decorator.py
[2022-03-21 05:24:23,326] {scheduler_job.py:643} INFO - DAG(s) dict_keys(['example_task_group_decorator']) retrieved from /home/airflow/sandbox/lib/python3.8/site-packages/airflow/example_dags/example_task_group_decorator.py
[2022-03-21 05:24:23,894] {logging_mixin.py:104} INFO - [2022-03-21 05:24:23,894] {dag.py:1832} INFO - Sync 1 DAGs
[2022-03-21 05:24:23,910] {logging_mixin.py:104} INFO - [2022-03-21 05:24:23,910] {dag.py:2305} INFO - Setting next_dagrun for example_task_group_decorator to 2022-03-19 00:00:00+00:00
[2022-03-21 05:24:23,953] {scheduler_job.py:190} INFO - Processing /home/airflow/sandbox/lib/python3.8/site-packages/airflow/example_dags/example_task_group_decorator.py took 0.715 seconds
[2022-03-21 05:25:07,254] {scheduler_job.py:182} INFO - Started process (PID=9597) to work on /home/airflow/sandbox/lib/python3.8/site-packages/airflow/example_dags/example_task_group_decorator.py
[2022-03-21 05:25:07,256] {scheduler_job.py:633} INFO - Processing file /home/airflow/sandbox/lib/python3.8/site-packages/airflow/example_dags/example_task_group_decorator.py for tasks to queue
[2022-03-21 05:25:07,258] {logging_mixin.py:104} INFO - [2022-03-21 05:25:07,257] {dagbag.py:487} INFO - Filling up the DagBag from /home/airflow/sandbox/lib/python3.8/site-packages/airflow/example_dags/example_task_group_decorator.py
[2022-03-21 05:25:07,297] {scheduler_job.py:643} INFO - DAG(s) dict_keys(['example_task_group_decorator']) retrieved from /home/airflow/sandbox/lib/python3.8/site-packages/airflow/example_dags/example_task_group_decorator.py
[2022-03-21 05:25:07,886] {logging_mixin.py:104} INFO - [2022-03-21 05:25:07,886] {dag.py:1832} INFO - Sync 1 DAGs
[2022-03-21 05:25:07,901] {logging_mixin.py:104} INFO - [2022-03-21 05:25:07,901] {dag.py:2305} INFO - Setting next_dagrun for example_task_group_decorator to 2022-03-19 00:00:00+00:00
[2022-03-21 05:25:07,941] {scheduler_job.py:190} INFO - Processing /home/airflow/sandbox/lib/python3.8/site-packages/airflow/example_dags/example_task_group_decorator.py took 0.695 seconds
[2022-03-21 05:25:52,192] {scheduler_job.py:182} INFO - Started process (PID=9687) to work on /home/airflow/sandbox/lib/python3.8/site-packages/airflow/example_dags/example_task_group_decorator.py
[2022-03-21 05:25:52,195] {scheduler_job.py:633} INFO - Processing file /home/airflow/sandbox/lib/python3.8/site-packages/airflow/example_dags/example_task_group_decorator.py for tasks to queue
[2022-03-21 05:25:52,196] {logging_mixin.py:104} INFO - [2022-03-21 05:25:52,196] {dagbag.py:487} INFO - Filling up the DagBag from /home/airflow/sandbox/lib/python3.8/site-packages/airflow/example_dags/example_task_group_decorator.py
[2022-03-21 05:25:52,357] {scheduler_job.py:643} INFO - DAG(s) dict_keys(['example_task_group_decorator']) retrieved from /home/airflow/sandbox/lib/python3.8/site-packages/airflow/example_dags/example_task_group_decorator.py
[2022-03-21 05:25:52,833] {logging_mixin.py:104} INFO - [2022-03-21 05:25:52,832] {dag.py:1832} INFO - Sync 1 DAGs
[2022-03-21 05:25:52,848] {logging_mixin.py:104} INFO - [2022-03-21 05:25:52,848] {dag.py:2305} INFO - Setting next_dagrun for example_task_group_decorator to 2022-03-19 00:00:00+00:00
[2022-03-21 05:25:52,997] {scheduler_job.py:190} INFO - Processing /home/airflow/sandbox/lib/python3.8/site-packages/airflow/example_dags/example_task_group_decorator.py took 0.811 seconds
[2022-03-21 05:26:39,707] {scheduler_job.py:182} INFO - Started process (PID=9721) to work on /home/airflow/sandbox/lib/python3.8/site-packages/airflow/example_dags/example_task_group_decorator.py
[2022-03-21 05:26:39,710] {scheduler_job.py:633} INFO - Processing file /home/airflow/sandbox/lib/python3.8/site-packages/airflow/example_dags/example_task_group_decorator.py for tasks to queue
[2022-03-21 05:26:39,712] {logging_mixin.py:104} INFO - [2022-03-21 05:26:39,712] {dagbag.py:487} INFO - Filling up the DagBag from /home/airflow/sandbox/lib/python3.8/site-packages/airflow/example_dags/example_task_group_decorator.py
[2022-03-21 05:26:39,947] {scheduler_job.py:643} INFO - DAG(s) dict_keys(['example_task_group_decorator']) retrieved from /home/airflow/sandbox/lib/python3.8/site-packages/airflow/example_dags/example_task_group_decorator.py
[2022-03-21 05:26:40,474] {logging_mixin.py:104} INFO - [2022-03-21 05:26:40,473] {dag.py:1832} INFO - Sync 1 DAGs
[2022-03-21 05:26:40,500] {logging_mixin.py:104} INFO - [2022-03-21 05:26:40,500] {dag.py:2305} INFO - Setting next_dagrun for example_task_group_decorator to 2022-03-19 00:00:00+00:00
[2022-03-21 05:26:40,548] {scheduler_job.py:190} INFO - Processing /home/airflow/sandbox/lib/python3.8/site-packages/airflow/example_dags/example_task_group_decorator.py took 0.849 seconds
[2022-03-21 05:27:14,528] {scheduler_job.py:182} INFO - Started process (PID=9745) to work on /home/airflow/sandbox/lib/python3.8/site-packages/airflow/example_dags/example_task_group_decorator.py
[2022-03-21 05:27:14,530] {scheduler_job.py:633} INFO - Processing file /home/airflow/sandbox/lib/python3.8/site-packages/airflow/example_dags/example_task_group_decorator.py for tasks to queue
[2022-03-21 05:27:14,531] {logging_mixin.py:104} INFO - [2022-03-21 05:27:14,531] {dagbag.py:487} INFO - Filling up the DagBag from /home/airflow/sandbox/lib/python3.8/site-packages/airflow/example_dags/example_task_group_decorator.py
[2022-03-21 05:27:14,721] {scheduler_job.py:643} INFO - DAG(s) dict_keys(['example_task_group_decorator']) retrieved from /home/airflow/sandbox/lib/python3.8/site-packages/airflow/example_dags/example_task_group_decorator.py
[2022-03-21 05:27:15,292] {logging_mixin.py:104} INFO - [2022-03-21 05:27:15,291] {dag.py:1832} INFO - Sync 1 DAGs
[2022-03-21 05:27:15,316] {logging_mixin.py:104} INFO - [2022-03-21 05:27:15,316] {dag.py:2305} INFO - Setting next_dagrun for example_task_group_decorator to 2022-03-19 00:00:00+00:00
[2022-03-21 05:27:15,363] {scheduler_job.py:190} INFO - Processing /home/airflow/sandbox/lib/python3.8/site-packages/airflow/example_dags/example_task_group_decorator.py took 0.846 seconds
[2022-03-21 05:27:50,357] {scheduler_job.py:182} INFO - Started process (PID=9769) to work on /home/airflow/sandbox/lib/python3.8/site-packages/airflow/example_dags/example_task_group_decorator.py
[2022-03-21 05:27:50,363] {scheduler_job.py:633} INFO - Processing file /home/airflow/sandbox/lib/python3.8/site-packages/airflow/example_dags/example_task_group_decorator.py for tasks to queue
[2022-03-21 05:27:50,365] {logging_mixin.py:104} INFO - [2022-03-21 05:27:50,365] {dagbag.py:487} INFO - Filling up the DagBag from /home/airflow/sandbox/lib/python3.8/site-packages/airflow/example_dags/example_task_group_decorator.py
[2022-03-21 05:27:50,554] {scheduler_job.py:643} INFO - DAG(s) dict_keys(['example_task_group_decorator']) retrieved from /home/airflow/sandbox/lib/python3.8/site-packages/airflow/example_dags/example_task_group_decorator.py
[2022-03-21 05:27:51,140] {logging_mixin.py:104} INFO - [2022-03-21 05:27:51,140] {dag.py:1832} INFO - Sync 1 DAGs
[2022-03-21 05:27:51,162] {logging_mixin.py:104} INFO - [2022-03-21 05:27:51,162] {dag.py:2305} INFO - Setting next_dagrun for example_task_group_decorator to 2022-03-19 00:00:00+00:00
[2022-03-21 05:27:51,204] {scheduler_job.py:190} INFO - Processing /home/airflow/sandbox/lib/python3.8/site-packages/airflow/example_dags/example_task_group_decorator.py took 0.859 seconds
[2022-03-21 05:28:23,722] {scheduler_job.py:182} INFO - Started process (PID=9794) to work on /home/airflow/sandbox/lib/python3.8/site-packages/airflow/example_dags/example_task_group_decorator.py
[2022-03-21 05:28:23,730] {scheduler_job.py:633} INFO - Processing file /home/airflow/sandbox/lib/python3.8/site-packages/airflow/example_dags/example_task_group_decorator.py for tasks to queue
[2022-03-21 05:28:23,732] {logging_mixin.py:104} INFO - [2022-03-21 05:28:23,732] {dagbag.py:487} INFO - Filling up the DagBag from /home/airflow/sandbox/lib/python3.8/site-packages/airflow/example_dags/example_task_group_decorator.py
[2022-03-21 05:28:23,934] {scheduler_job.py:643} INFO - DAG(s) dict_keys(['example_task_group_decorator']) retrieved from /home/airflow/sandbox/lib/python3.8/site-packages/airflow/example_dags/example_task_group_decorator.py
[2022-03-21 05:28:24,533] {logging_mixin.py:104} INFO - [2022-03-21 05:28:24,533] {dag.py:1832} INFO - Sync 1 DAGs
[2022-03-21 05:28:24,549] {logging_mixin.py:104} INFO - [2022-03-21 05:28:24,549] {dag.py:2305} INFO - Setting next_dagrun for example_task_group_decorator to 2022-03-19 00:00:00+00:00
[2022-03-21 05:28:24,649] {scheduler_job.py:190} INFO - Processing /home/airflow/sandbox/lib/python3.8/site-packages/airflow/example_dags/example_task_group_decorator.py took 0.934 seconds
[2022-03-21 05:28:56,517] {scheduler_job.py:182} INFO - Started process (PID=9818) to work on /home/airflow/sandbox/lib/python3.8/site-packages/airflow/example_dags/example_task_group_decorator.py
[2022-03-21 05:28:56,523] {scheduler_job.py:633} INFO - Processing file /home/airflow/sandbox/lib/python3.8/site-packages/airflow/example_dags/example_task_group_decorator.py for tasks to queue
[2022-03-21 05:28:56,524] {logging_mixin.py:104} INFO - [2022-03-21 05:28:56,524] {dagbag.py:487} INFO - Filling up the DagBag from /home/airflow/sandbox/lib/python3.8/site-packages/airflow/example_dags/example_task_group_decorator.py
[2022-03-21 05:28:56,694] {scheduler_job.py:643} INFO - DAG(s) dict_keys(['example_task_group_decorator']) retrieved from /home/airflow/sandbox/lib/python3.8/site-packages/airflow/example_dags/example_task_group_decorator.py
[2022-03-21 05:28:57,277] {logging_mixin.py:104} INFO - [2022-03-21 05:28:57,277] {dag.py:1832} INFO - Sync 1 DAGs
[2022-03-21 05:28:57,296] {logging_mixin.py:104} INFO - [2022-03-21 05:28:57,295] {dag.py:2305} INFO - Setting next_dagrun for example_task_group_decorator to 2022-03-19 00:00:00+00:00
[2022-03-21 05:28:57,337] {scheduler_job.py:190} INFO - Processing /home/airflow/sandbox/lib/python3.8/site-packages/airflow/example_dags/example_task_group_decorator.py took 0.832 seconds
[2022-03-21 05:29:31,123] {scheduler_job.py:182} INFO - Started process (PID=9842) to work on /home/airflow/sandbox/lib/python3.8/site-packages/airflow/example_dags/example_task_group_decorator.py
[2022-03-21 05:29:31,126] {scheduler_job.py:633} INFO - Processing file /home/airflow/sandbox/lib/python3.8/site-packages/airflow/example_dags/example_task_group_decorator.py for tasks to queue
[2022-03-21 05:29:31,127] {logging_mixin.py:104} INFO - [2022-03-21 05:29:31,127] {dagbag.py:487} INFO - Filling up the DagBag from /home/airflow/sandbox/lib/python3.8/site-packages/airflow/example_dags/example_task_group_decorator.py
[2022-03-21 05:29:31,328] {scheduler_job.py:643} INFO - DAG(s) dict_keys(['example_task_group_decorator']) retrieved from /home/airflow/sandbox/lib/python3.8/site-packages/airflow/example_dags/example_task_group_decorator.py
[2022-03-21 05:29:31,892] {logging_mixin.py:104} INFO - [2022-03-21 05:29:31,892] {dag.py:1832} INFO - Sync 1 DAGs
[2022-03-21 05:29:31,911] {logging_mixin.py:104} INFO - [2022-03-21 05:29:31,911] {dag.py:2305} INFO - Setting next_dagrun for example_task_group_decorator to 2022-03-19 00:00:00+00:00
[2022-03-21 05:29:31,951] {scheduler_job.py:190} INFO - Processing /home/airflow/sandbox/lib/python3.8/site-packages/airflow/example_dags/example_task_group_decorator.py took 0.834 seconds
[2022-03-21 05:30:06,123] {scheduler_job.py:182} INFO - Started process (PID=9868) to work on /home/airflow/sandbox/lib/python3.8/site-packages/airflow/example_dags/example_task_group_decorator.py
[2022-03-21 05:30:06,128] {scheduler_job.py:633} INFO - Processing file /home/airflow/sandbox/lib/python3.8/site-packages/airflow/example_dags/example_task_group_decorator.py for tasks to queue
[2022-03-21 05:30:06,130] {logging_mixin.py:104} INFO - [2022-03-21 05:30:06,130] {dagbag.py:487} INFO - Filling up the DagBag from /home/airflow/sandbox/lib/python3.8/site-packages/airflow/example_dags/example_task_group_decorator.py
[2022-03-21 05:30:06,372] {scheduler_job.py:643} INFO - DAG(s) dict_keys(['example_task_group_decorator']) retrieved from /home/airflow/sandbox/lib/python3.8/site-packages/airflow/example_dags/example_task_group_decorator.py
[2022-03-21 05:30:07,209] {logging_mixin.py:104} INFO - [2022-03-21 05:30:07,209] {dag.py:1832} INFO - Sync 1 DAGs
[2022-03-21 05:30:07,244] {logging_mixin.py:104} INFO - [2022-03-21 05:30:07,238] {dag.py:2305} INFO - Setting next_dagrun for example_task_group_decorator to 2022-03-19 00:00:00+00:00
[2022-03-21 05:30:07,297] {scheduler_job.py:190} INFO - Processing /home/airflow/sandbox/lib/python3.8/site-packages/airflow/example_dags/example_task_group_decorator.py took 1.187 seconds
[2022-03-21 05:30:44,041] {scheduler_job.py:182} INFO - Started process (PID=9949) to work on /home/airflow/sandbox/lib/python3.8/site-packages/airflow/example_dags/example_task_group_decorator.py
[2022-03-21 05:30:44,045] {scheduler_job.py:633} INFO - Processing file /home/airflow/sandbox/lib/python3.8/site-packages/airflow/example_dags/example_task_group_decorator.py for tasks to queue
[2022-03-21 05:30:44,046] {logging_mixin.py:104} INFO - [2022-03-21 05:30:44,046] {dagbag.py:487} INFO - Filling up the DagBag from /home/airflow/sandbox/lib/python3.8/site-packages/airflow/example_dags/example_task_group_decorator.py
[2022-03-21 05:30:44,081] {scheduler_job.py:643} INFO - DAG(s) dict_keys(['example_task_group_decorator']) retrieved from /home/airflow/sandbox/lib/python3.8/site-packages/airflow/example_dags/example_task_group_decorator.py
[2022-03-21 05:30:44,701] {logging_mixin.py:104} INFO - [2022-03-21 05:30:44,701] {dag.py:1832} INFO - Sync 1 DAGs
[2022-03-21 05:30:44,716] {logging_mixin.py:104} INFO - [2022-03-21 05:30:44,716] {dag.py:2305} INFO - Setting next_dagrun for example_task_group_decorator to 2022-03-19 00:00:00+00:00
[2022-03-21 05:30:44,769] {scheduler_job.py:190} INFO - Processing /home/airflow/sandbox/lib/python3.8/site-packages/airflow/example_dags/example_task_group_decorator.py took 0.734 seconds
[2022-03-21 05:31:21,700] {scheduler_job.py:182} INFO - Started process (PID=9977) to work on /home/airflow/sandbox/lib/python3.8/site-packages/airflow/example_dags/example_task_group_decorator.py
[2022-03-21 05:31:21,702] {scheduler_job.py:633} INFO - Processing file /home/airflow/sandbox/lib/python3.8/site-packages/airflow/example_dags/example_task_group_decorator.py for tasks to queue
[2022-03-21 05:31:21,704] {logging_mixin.py:104} INFO - [2022-03-21 05:31:21,703] {dagbag.py:487} INFO - Filling up the DagBag from /home/airflow/sandbox/lib/python3.8/site-packages/airflow/example_dags/example_task_group_decorator.py
[2022-03-21 05:31:21,789] {scheduler_job.py:643} INFO - DAG(s) dict_keys(['example_task_group_decorator']) retrieved from /home/airflow/sandbox/lib/python3.8/site-packages/airflow/example_dags/example_task_group_decorator.py
[2022-03-21 05:31:22,811] {logging_mixin.py:104} INFO - [2022-03-21 05:31:22,811] {dag.py:1832} INFO - Sync 1 DAGs
[2022-03-21 05:31:22,852] {logging_mixin.py:104} INFO - [2022-03-21 05:31:22,852] {dag.py:2305} INFO - Setting next_dagrun for example_task_group_decorator to 2022-03-19 00:00:00+00:00
[2022-03-21 05:31:22,908] {scheduler_job.py:190} INFO - Processing /home/airflow/sandbox/lib/python3.8/site-packages/airflow/example_dags/example_task_group_decorator.py took 1.215 seconds
[2022-03-21 05:32:03,996] {scheduler_job.py:182} INFO - Started process (PID=10010) to work on /home/airflow/sandbox/lib/python3.8/site-packages/airflow/example_dags/example_task_group_decorator.py
[2022-03-21 05:32:03,999] {scheduler_job.py:633} INFO - Processing file /home/airflow/sandbox/lib/python3.8/site-packages/airflow/example_dags/example_task_group_decorator.py for tasks to queue
[2022-03-21 05:32:04,000] {logging_mixin.py:104} INFO - [2022-03-21 05:32:04,000] {dagbag.py:487} INFO - Filling up the DagBag from /home/airflow/sandbox/lib/python3.8/site-packages/airflow/example_dags/example_task_group_decorator.py
[2022-03-21 05:32:04,040] {scheduler_job.py:643} INFO - DAG(s) dict_keys(['example_task_group_decorator']) retrieved from /home/airflow/sandbox/lib/python3.8/site-packages/airflow/example_dags/example_task_group_decorator.py
[2022-03-21 05:32:04,554] {logging_mixin.py:104} INFO - [2022-03-21 05:32:04,554] {dag.py:1832} INFO - Sync 1 DAGs
[2022-03-21 05:32:04,569] {logging_mixin.py:104} INFO - [2022-03-21 05:32:04,569] {dag.py:2305} INFO - Setting next_dagrun for example_task_group_decorator to 2022-03-19 00:00:00+00:00
[2022-03-21 05:32:04,610] {scheduler_job.py:190} INFO - Processing /home/airflow/sandbox/lib/python3.8/site-packages/airflow/example_dags/example_task_group_decorator.py took 0.624 seconds
[2022-03-21 05:32:45,076] {scheduler_job.py:182} INFO - Started process (PID=10042) to work on /home/airflow/sandbox/lib/python3.8/site-packages/airflow/example_dags/example_task_group_decorator.py
[2022-03-21 05:32:45,082] {scheduler_job.py:633} INFO - Processing file /home/airflow/sandbox/lib/python3.8/site-packages/airflow/example_dags/example_task_group_decorator.py for tasks to queue
[2022-03-21 05:32:45,083] {logging_mixin.py:104} INFO - [2022-03-21 05:32:45,083] {dagbag.py:487} INFO - Filling up the DagBag from /home/airflow/sandbox/lib/python3.8/site-packages/airflow/example_dags/example_task_group_decorator.py
[2022-03-21 05:32:45,125] {scheduler_job.py:643} INFO - DAG(s) dict_keys(['example_task_group_decorator']) retrieved from /home/airflow/sandbox/lib/python3.8/site-packages/airflow/example_dags/example_task_group_decorator.py
[2022-03-21 05:32:45,664] {logging_mixin.py:104} INFO - [2022-03-21 05:32:45,663] {dag.py:1832} INFO - Sync 1 DAGs
[2022-03-21 05:32:45,683] {logging_mixin.py:104} INFO - [2022-03-21 05:32:45,683] {dag.py:2305} INFO - Setting next_dagrun for example_task_group_decorator to 2022-03-19 00:00:00+00:00
[2022-03-21 05:32:45,721] {scheduler_job.py:190} INFO - Processing /home/airflow/sandbox/lib/python3.8/site-packages/airflow/example_dags/example_task_group_decorator.py took 0.651 seconds
[2022-03-21 05:33:29,390] {scheduler_job.py:182} INFO - Started process (PID=10075) to work on /home/airflow/sandbox/lib/python3.8/site-packages/airflow/example_dags/example_task_group_decorator.py
[2022-03-21 05:33:29,393] {scheduler_job.py:633} INFO - Processing file /home/airflow/sandbox/lib/python3.8/site-packages/airflow/example_dags/example_task_group_decorator.py for tasks to queue
[2022-03-21 05:33:29,396] {logging_mixin.py:104} INFO - [2022-03-21 05:33:29,395] {dagbag.py:487} INFO - Filling up the DagBag from /home/airflow/sandbox/lib/python3.8/site-packages/airflow/example_dags/example_task_group_decorator.py
[2022-03-21 05:33:29,473] {scheduler_job.py:643} INFO - DAG(s) dict_keys(['example_task_group_decorator']) retrieved from /home/airflow/sandbox/lib/python3.8/site-packages/airflow/example_dags/example_task_group_decorator.py
[2022-03-21 05:33:30,023] {logging_mixin.py:104} INFO - [2022-03-21 05:33:30,023] {dag.py:1832} INFO - Sync 1 DAGs
[2022-03-21 05:33:30,040] {logging_mixin.py:104} INFO - [2022-03-21 05:33:30,039] {dag.py:2305} INFO - Setting next_dagrun for example_task_group_decorator to 2022-03-19 00:00:00+00:00
[2022-03-21 05:33:30,083] {scheduler_job.py:190} INFO - Processing /home/airflow/sandbox/lib/python3.8/site-packages/airflow/example_dags/example_task_group_decorator.py took 0.705 seconds
[2022-03-21 05:34:13,097] {scheduler_job.py:182} INFO - Started process (PID=10107) to work on /home/airflow/sandbox/lib/python3.8/site-packages/airflow/example_dags/example_task_group_decorator.py
[2022-03-21 05:34:13,099] {scheduler_job.py:633} INFO - Processing file /home/airflow/sandbox/lib/python3.8/site-packages/airflow/example_dags/example_task_group_decorator.py for tasks to queue
[2022-03-21 05:34:13,101] {logging_mixin.py:104} INFO - [2022-03-21 05:34:13,101] {dagbag.py:487} INFO - Filling up the DagBag from /home/airflow/sandbox/lib/python3.8/site-packages/airflow/example_dags/example_task_group_decorator.py
[2022-03-21 05:34:13,144] {scheduler_job.py:643} INFO - DAG(s) dict_keys(['example_task_group_decorator']) retrieved from /home/airflow/sandbox/lib/python3.8/site-packages/airflow/example_dags/example_task_group_decorator.py
[2022-03-21 05:34:13,665] {logging_mixin.py:104} INFO - [2022-03-21 05:34:13,665] {dag.py:1832} INFO - Sync 1 DAGs
[2022-03-21 05:34:13,683] {logging_mixin.py:104} INFO - [2022-03-21 05:34:13,683] {dag.py:2305} INFO - Setting next_dagrun for example_task_group_decorator to 2022-03-19 00:00:00+00:00
[2022-03-21 05:34:13,720] {scheduler_job.py:190} INFO - Processing /home/airflow/sandbox/lib/python3.8/site-packages/airflow/example_dags/example_task_group_decorator.py took 0.632 seconds
[2022-03-21 05:35:00,500] {scheduler_job.py:182} INFO - Started process (PID=10142) to work on /home/airflow/sandbox/lib/python3.8/site-packages/airflow/example_dags/example_task_group_decorator.py
[2022-03-21 05:35:00,504] {scheduler_job.py:633} INFO - Processing file /home/airflow/sandbox/lib/python3.8/site-packages/airflow/example_dags/example_task_group_decorator.py for tasks to queue
[2022-03-21 05:35:00,505] {logging_mixin.py:104} INFO - [2022-03-21 05:35:00,505] {dagbag.py:487} INFO - Filling up the DagBag from /home/airflow/sandbox/lib/python3.8/site-packages/airflow/example_dags/example_task_group_decorator.py
[2022-03-21 05:35:00,619] {scheduler_job.py:643} INFO - DAG(s) dict_keys(['example_task_group_decorator']) retrieved from /home/airflow/sandbox/lib/python3.8/site-packages/airflow/example_dags/example_task_group_decorator.py
[2022-03-21 05:35:01,365] {logging_mixin.py:104} INFO - [2022-03-21 05:35:01,364] {dag.py:1832} INFO - Sync 1 DAGs
[2022-03-21 05:35:01,395] {logging_mixin.py:104} INFO - [2022-03-21 05:35:01,394] {dag.py:2305} INFO - Setting next_dagrun for example_task_group_decorator to 2022-03-19 00:00:00+00:00
[2022-03-21 05:35:01,440] {scheduler_job.py:190} INFO - Processing /home/airflow/sandbox/lib/python3.8/site-packages/airflow/example_dags/example_task_group_decorator.py took 0.951 seconds
[2022-03-21 05:35:45,857] {scheduler_job.py:182} INFO - Started process (PID=10232) to work on /home/airflow/sandbox/lib/python3.8/site-packages/airflow/example_dags/example_task_group_decorator.py
[2022-03-21 05:35:45,862] {scheduler_job.py:633} INFO - Processing file /home/airflow/sandbox/lib/python3.8/site-packages/airflow/example_dags/example_task_group_decorator.py for tasks to queue
[2022-03-21 05:35:45,863] {logging_mixin.py:104} INFO - [2022-03-21 05:35:45,863] {dagbag.py:487} INFO - Filling up the DagBag from /home/airflow/sandbox/lib/python3.8/site-packages/airflow/example_dags/example_task_group_decorator.py
[2022-03-21 05:35:45,903] {scheduler_job.py:643} INFO - DAG(s) dict_keys(['example_task_group_decorator']) retrieved from /home/airflow/sandbox/lib/python3.8/site-packages/airflow/example_dags/example_task_group_decorator.py
[2022-03-21 05:35:46,425] {logging_mixin.py:104} INFO - [2022-03-21 05:35:46,425] {dag.py:1832} INFO - Sync 1 DAGs
[2022-03-21 05:35:46,447] {logging_mixin.py:104} INFO - [2022-03-21 05:35:46,446] {dag.py:2305} INFO - Setting next_dagrun for example_task_group_decorator to 2022-03-19 00:00:00+00:00
[2022-03-21 05:35:46,494] {scheduler_job.py:190} INFO - Processing /home/airflow/sandbox/lib/python3.8/site-packages/airflow/example_dags/example_task_group_decorator.py took 0.644 seconds
[2022-03-21 05:36:18,987] {scheduler_job.py:182} INFO - Started process (PID=10256) to work on /home/airflow/sandbox/lib/python3.8/site-packages/airflow/example_dags/example_task_group_decorator.py
[2022-03-21 05:36:18,991] {scheduler_job.py:633} INFO - Processing file /home/airflow/sandbox/lib/python3.8/site-packages/airflow/example_dags/example_task_group_decorator.py for tasks to queue
[2022-03-21 05:36:18,993] {logging_mixin.py:104} INFO - [2022-03-21 05:36:18,992] {dagbag.py:487} INFO - Filling up the DagBag from /home/airflow/sandbox/lib/python3.8/site-packages/airflow/example_dags/example_task_group_decorator.py
[2022-03-21 05:36:19,103] {scheduler_job.py:643} INFO - DAG(s) dict_keys(['example_task_group_decorator']) retrieved from /home/airflow/sandbox/lib/python3.8/site-packages/airflow/example_dags/example_task_group_decorator.py
[2022-03-21 05:36:20,156] {logging_mixin.py:104} INFO - [2022-03-21 05:36:20,155] {dag.py:1832} INFO - Sync 1 DAGs
[2022-03-21 05:36:20,183] {logging_mixin.py:104} INFO - [2022-03-21 05:36:20,183] {dag.py:2305} INFO - Setting next_dagrun for example_task_group_decorator to 2022-03-19 00:00:00+00:00
[2022-03-21 05:36:20,246] {scheduler_job.py:190} INFO - Processing /home/airflow/sandbox/lib/python3.8/site-packages/airflow/example_dags/example_task_group_decorator.py took 1.267 seconds
[2022-03-21 05:37:04,092] {scheduler_job.py:182} INFO - Started process (PID=10289) to work on /home/airflow/sandbox/lib/python3.8/site-packages/airflow/example_dags/example_task_group_decorator.py
[2022-03-21 05:37:04,095] {scheduler_job.py:633} INFO - Processing file /home/airflow/sandbox/lib/python3.8/site-packages/airflow/example_dags/example_task_group_decorator.py for tasks to queue
[2022-03-21 05:37:04,098] {logging_mixin.py:104} INFO - [2022-03-21 05:37:04,097] {dagbag.py:487} INFO - Filling up the DagBag from /home/airflow/sandbox/lib/python3.8/site-packages/airflow/example_dags/example_task_group_decorator.py
[2022-03-21 05:37:04,195] {scheduler_job.py:643} INFO - DAG(s) dict_keys(['example_task_group_decorator']) retrieved from /home/airflow/sandbox/lib/python3.8/site-packages/airflow/example_dags/example_task_group_decorator.py
[2022-03-21 05:37:05,074] {logging_mixin.py:104} INFO - [2022-03-21 05:37:05,074] {dag.py:1832} INFO - Sync 1 DAGs
[2022-03-21 05:37:05,106] {logging_mixin.py:104} INFO - [2022-03-21 05:37:05,106] {dag.py:2305} INFO - Setting next_dagrun for example_task_group_decorator to 2022-03-19 00:00:00+00:00
[2022-03-21 05:37:05,150] {scheduler_job.py:190} INFO - Processing /home/airflow/sandbox/lib/python3.8/site-packages/airflow/example_dags/example_task_group_decorator.py took 1.069 seconds
[2022-03-21 05:37:49,492] {scheduler_job.py:182} INFO - Started process (PID=10323) to work on /home/airflow/sandbox/lib/python3.8/site-packages/airflow/example_dags/example_task_group_decorator.py
[2022-03-21 05:37:49,495] {scheduler_job.py:633} INFO - Processing file /home/airflow/sandbox/lib/python3.8/site-packages/airflow/example_dags/example_task_group_decorator.py for tasks to queue
[2022-03-21 05:37:49,496] {logging_mixin.py:104} INFO - [2022-03-21 05:37:49,496] {dagbag.py:487} INFO - Filling up the DagBag from /home/airflow/sandbox/lib/python3.8/site-packages/airflow/example_dags/example_task_group_decorator.py
[2022-03-21 05:37:49,533] {scheduler_job.py:643} INFO - DAG(s) dict_keys(['example_task_group_decorator']) retrieved from /home/airflow/sandbox/lib/python3.8/site-packages/airflow/example_dags/example_task_group_decorator.py
[2022-03-21 05:37:50,077] {logging_mixin.py:104} INFO - [2022-03-21 05:37:50,076] {dag.py:1832} INFO - Sync 1 DAGs
[2022-03-21 05:37:50,097] {logging_mixin.py:104} INFO - [2022-03-21 05:37:50,097] {dag.py:2305} INFO - Setting next_dagrun for example_task_group_decorator to 2022-03-19 00:00:00+00:00
[2022-03-21 05:37:50,133] {scheduler_job.py:190} INFO - Processing /home/airflow/sandbox/lib/python3.8/site-packages/airflow/example_dags/example_task_group_decorator.py took 0.648 seconds
[2022-03-21 05:38:31,275] {scheduler_job.py:182} INFO - Started process (PID=10357) to work on /home/airflow/sandbox/lib/python3.8/site-packages/airflow/example_dags/example_task_group_decorator.py
[2022-03-21 05:38:31,277] {scheduler_job.py:633} INFO - Processing file /home/airflow/sandbox/lib/python3.8/site-packages/airflow/example_dags/example_task_group_decorator.py for tasks to queue
[2022-03-21 05:38:31,279] {logging_mixin.py:104} INFO - [2022-03-21 05:38:31,278] {dagbag.py:487} INFO - Filling up the DagBag from /home/airflow/sandbox/lib/python3.8/site-packages/airflow/example_dags/example_task_group_decorator.py
[2022-03-21 05:38:31,319] {scheduler_job.py:643} INFO - DAG(s) dict_keys(['example_task_group_decorator']) retrieved from /home/airflow/sandbox/lib/python3.8/site-packages/airflow/example_dags/example_task_group_decorator.py
[2022-03-21 05:38:31,843] {logging_mixin.py:104} INFO - [2022-03-21 05:38:31,843] {dag.py:1832} INFO - Sync 1 DAGs
[2022-03-21 05:38:31,859] {logging_mixin.py:104} INFO - [2022-03-21 05:38:31,859] {dag.py:2305} INFO - Setting next_dagrun for example_task_group_decorator to 2022-03-19 00:00:00+00:00
[2022-03-21 05:38:31,899] {scheduler_job.py:190} INFO - Processing /home/airflow/sandbox/lib/python3.8/site-packages/airflow/example_dags/example_task_group_decorator.py took 0.632 seconds
[2022-03-21 05:39:13,394] {scheduler_job.py:182} INFO - Started process (PID=10388) to work on /home/airflow/sandbox/lib/python3.8/site-packages/airflow/example_dags/example_task_group_decorator.py
[2022-03-21 05:39:13,403] {scheduler_job.py:633} INFO - Processing file /home/airflow/sandbox/lib/python3.8/site-packages/airflow/example_dags/example_task_group_decorator.py for tasks to queue
[2022-03-21 05:39:13,411] {logging_mixin.py:104} INFO - [2022-03-21 05:39:13,410] {dagbag.py:487} INFO - Filling up the DagBag from /home/airflow/sandbox/lib/python3.8/site-packages/airflow/example_dags/example_task_group_decorator.py
[2022-03-21 05:39:13,531] {scheduler_job.py:643} INFO - DAG(s) dict_keys(['example_task_group_decorator']) retrieved from /home/airflow/sandbox/lib/python3.8/site-packages/airflow/example_dags/example_task_group_decorator.py
[2022-03-21 05:39:14,595] {logging_mixin.py:104} INFO - [2022-03-21 05:39:14,595] {dag.py:1832} INFO - Sync 1 DAGs
[2022-03-21 05:39:14,629] {logging_mixin.py:104} INFO - [2022-03-21 05:39:14,628] {dag.py:2305} INFO - Setting next_dagrun for example_task_group_decorator to 2022-03-19 00:00:00+00:00
[2022-03-21 05:39:14,715] {scheduler_job.py:190} INFO - Processing /home/airflow/sandbox/lib/python3.8/site-packages/airflow/example_dags/example_task_group_decorator.py took 1.335 seconds
[2022-03-21 05:39:49,188] {scheduler_job.py:182} INFO - Started process (PID=10413) to work on /home/airflow/sandbox/lib/python3.8/site-packages/airflow/example_dags/example_task_group_decorator.py
[2022-03-21 05:39:49,195] {scheduler_job.py:633} INFO - Processing file /home/airflow/sandbox/lib/python3.8/site-packages/airflow/example_dags/example_task_group_decorator.py for tasks to queue
[2022-03-21 05:39:49,197] {logging_mixin.py:104} INFO - [2022-03-21 05:39:49,197] {dagbag.py:487} INFO - Filling up the DagBag from /home/airflow/sandbox/lib/python3.8/site-packages/airflow/example_dags/example_task_group_decorator.py
[2022-03-21 05:39:49,359] {scheduler_job.py:643} INFO - DAG(s) dict_keys(['example_task_group_decorator']) retrieved from /home/airflow/sandbox/lib/python3.8/site-packages/airflow/example_dags/example_task_group_decorator.py
[2022-03-21 05:39:50,117] {logging_mixin.py:104} INFO - [2022-03-21 05:39:50,116] {dag.py:1832} INFO - Sync 1 DAGs
[2022-03-21 05:39:50,140] {logging_mixin.py:104} INFO - [2022-03-21 05:39:50,139] {dag.py:2305} INFO - Setting next_dagrun for example_task_group_decorator to 2022-03-19 00:00:00+00:00
[2022-03-21 05:39:50,188] {scheduler_job.py:190} INFO - Processing /home/airflow/sandbox/lib/python3.8/site-packages/airflow/example_dags/example_task_group_decorator.py took 1.035 seconds
[2022-03-21 05:40:25,388] {scheduler_job.py:182} INFO - Started process (PID=10456) to work on /home/airflow/sandbox/lib/python3.8/site-packages/airflow/example_dags/example_task_group_decorator.py
[2022-03-21 05:40:25,391] {scheduler_job.py:633} INFO - Processing file /home/airflow/sandbox/lib/python3.8/site-packages/airflow/example_dags/example_task_group_decorator.py for tasks to queue
[2022-03-21 05:40:25,392] {logging_mixin.py:104} INFO - [2022-03-21 05:40:25,392] {dagbag.py:487} INFO - Filling up the DagBag from /home/airflow/sandbox/lib/python3.8/site-packages/airflow/example_dags/example_task_group_decorator.py
[2022-03-21 05:40:25,467] {scheduler_job.py:643} INFO - DAG(s) dict_keys(['example_task_group_decorator']) retrieved from /home/airflow/sandbox/lib/python3.8/site-packages/airflow/example_dags/example_task_group_decorator.py
[2022-03-21 05:40:26,524] {logging_mixin.py:104} INFO - [2022-03-21 05:40:26,524] {dag.py:1832} INFO - Sync 1 DAGs
[2022-03-21 05:40:26,554] {logging_mixin.py:104} INFO - [2022-03-21 05:40:26,554] {dag.py:2305} INFO - Setting next_dagrun for example_task_group_decorator to 2022-03-19 00:00:00+00:00
[2022-03-21 05:40:26,623] {scheduler_job.py:190} INFO - Processing /home/airflow/sandbox/lib/python3.8/site-packages/airflow/example_dags/example_task_group_decorator.py took 1.248 seconds
[2022-03-21 05:41:10,486] {scheduler_job.py:182} INFO - Started process (PID=10531) to work on /home/airflow/sandbox/lib/python3.8/site-packages/airflow/example_dags/example_task_group_decorator.py
[2022-03-21 05:41:10,491] {scheduler_job.py:633} INFO - Processing file /home/airflow/sandbox/lib/python3.8/site-packages/airflow/example_dags/example_task_group_decorator.py for tasks to queue
[2022-03-21 05:41:10,493] {logging_mixin.py:104} INFO - [2022-03-21 05:41:10,493] {dagbag.py:487} INFO - Filling up the DagBag from /home/airflow/sandbox/lib/python3.8/site-packages/airflow/example_dags/example_task_group_decorator.py
[2022-03-21 05:41:10,560] {scheduler_job.py:643} INFO - DAG(s) dict_keys(['example_task_group_decorator']) retrieved from /home/airflow/sandbox/lib/python3.8/site-packages/airflow/example_dags/example_task_group_decorator.py
[2022-03-21 05:41:11,289] {logging_mixin.py:104} INFO - [2022-03-21 05:41:11,289] {dag.py:1832} INFO - Sync 1 DAGs
[2022-03-21 05:41:11,311] {logging_mixin.py:104} INFO - [2022-03-21 05:41:11,310] {dag.py:2305} INFO - Setting next_dagrun for example_task_group_decorator to 2022-03-19 00:00:00+00:00
[2022-03-21 05:41:11,359] {scheduler_job.py:190} INFO - Processing /home/airflow/sandbox/lib/python3.8/site-packages/airflow/example_dags/example_task_group_decorator.py took 0.879 seconds
[2022-03-21 05:41:55,933] {scheduler_job.py:182} INFO - Started process (PID=10565) to work on /home/airflow/sandbox/lib/python3.8/site-packages/airflow/example_dags/example_task_group_decorator.py
[2022-03-21 05:41:55,935] {scheduler_job.py:633} INFO - Processing file /home/airflow/sandbox/lib/python3.8/site-packages/airflow/example_dags/example_task_group_decorator.py for tasks to queue
[2022-03-21 05:41:55,939] {logging_mixin.py:104} INFO - [2022-03-21 05:41:55,938] {dagbag.py:487} INFO - Filling up the DagBag from /home/airflow/sandbox/lib/python3.8/site-packages/airflow/example_dags/example_task_group_decorator.py
[2022-03-21 05:41:56,002] {scheduler_job.py:643} INFO - DAG(s) dict_keys(['example_task_group_decorator']) retrieved from /home/airflow/sandbox/lib/python3.8/site-packages/airflow/example_dags/example_task_group_decorator.py
[2022-03-21 05:41:56,690] {logging_mixin.py:104} INFO - [2022-03-21 05:41:56,690] {dag.py:1832} INFO - Sync 1 DAGs
[2022-03-21 05:41:56,719] {logging_mixin.py:104} INFO - [2022-03-21 05:41:56,719] {dag.py:2305} INFO - Setting next_dagrun for example_task_group_decorator to 2022-03-19 00:00:00+00:00
[2022-03-21 05:41:56,766] {scheduler_job.py:190} INFO - Processing /home/airflow/sandbox/lib/python3.8/site-packages/airflow/example_dags/example_task_group_decorator.py took 0.840 seconds
[2022-03-21 05:42:43,940] {scheduler_job.py:182} INFO - Started process (PID=10599) to work on /home/airflow/sandbox/lib/python3.8/site-packages/airflow/example_dags/example_task_group_decorator.py
[2022-03-21 05:42:43,945] {scheduler_job.py:633} INFO - Processing file /home/airflow/sandbox/lib/python3.8/site-packages/airflow/example_dags/example_task_group_decorator.py for tasks to queue
[2022-03-21 05:42:43,947] {logging_mixin.py:104} INFO - [2022-03-21 05:42:43,946] {dagbag.py:487} INFO - Filling up the DagBag from /home/airflow/sandbox/lib/python3.8/site-packages/airflow/example_dags/example_task_group_decorator.py
[2022-03-21 05:42:43,994] {scheduler_job.py:643} INFO - DAG(s) dict_keys(['example_task_group_decorator']) retrieved from /home/airflow/sandbox/lib/python3.8/site-packages/airflow/example_dags/example_task_group_decorator.py
[2022-03-21 05:42:44,777] {logging_mixin.py:104} INFO - [2022-03-21 05:42:44,777] {dag.py:1832} INFO - Sync 1 DAGs
[2022-03-21 05:42:44,805] {logging_mixin.py:104} INFO - [2022-03-21 05:42:44,805] {dag.py:2305} INFO - Setting next_dagrun for example_task_group_decorator to 2022-03-19 00:00:00+00:00
[2022-03-21 05:42:44,851] {scheduler_job.py:190} INFO - Processing /home/airflow/sandbox/lib/python3.8/site-packages/airflow/example_dags/example_task_group_decorator.py took 0.922 seconds
[2022-03-21 05:43:18,226] {scheduler_job.py:182} INFO - Started process (PID=10624) to work on /home/airflow/sandbox/lib/python3.8/site-packages/airflow/example_dags/example_task_group_decorator.py
[2022-03-21 05:43:18,230] {scheduler_job.py:633} INFO - Processing file /home/airflow/sandbox/lib/python3.8/site-packages/airflow/example_dags/example_task_group_decorator.py for tasks to queue
[2022-03-21 05:43:18,232] {logging_mixin.py:104} INFO - [2022-03-21 05:43:18,232] {dagbag.py:487} INFO - Filling up the DagBag from /home/airflow/sandbox/lib/python3.8/site-packages/airflow/example_dags/example_task_group_decorator.py
[2022-03-21 05:43:18,290] {scheduler_job.py:643} INFO - DAG(s) dict_keys(['example_task_group_decorator']) retrieved from /home/airflow/sandbox/lib/python3.8/site-packages/airflow/example_dags/example_task_group_decorator.py
[2022-03-21 05:43:19,381] {logging_mixin.py:104} INFO - [2022-03-21 05:43:19,381] {dag.py:1832} INFO - Sync 1 DAGs
[2022-03-21 05:43:19,446] {logging_mixin.py:104} INFO - [2022-03-21 05:43:19,446] {dag.py:2305} INFO - Setting next_dagrun for example_task_group_decorator to 2022-03-19 00:00:00+00:00
[2022-03-21 05:43:19,503] {scheduler_job.py:190} INFO - Processing /home/airflow/sandbox/lib/python3.8/site-packages/airflow/example_dags/example_task_group_decorator.py took 1.283 seconds
[2022-03-21 05:43:58,495] {scheduler_job.py:182} INFO - Started process (PID=10651) to work on /home/airflow/sandbox/lib/python3.8/site-packages/airflow/example_dags/example_task_group_decorator.py
[2022-03-21 05:43:58,517] {scheduler_job.py:633} INFO - Processing file /home/airflow/sandbox/lib/python3.8/site-packages/airflow/example_dags/example_task_group_decorator.py for tasks to queue
[2022-03-21 05:43:58,526] {logging_mixin.py:104} INFO - [2022-03-21 05:43:58,526] {dagbag.py:487} INFO - Filling up the DagBag from /home/airflow/sandbox/lib/python3.8/site-packages/airflow/example_dags/example_task_group_decorator.py
[2022-03-21 05:43:58,646] {scheduler_job.py:643} INFO - DAG(s) dict_keys(['example_task_group_decorator']) retrieved from /home/airflow/sandbox/lib/python3.8/site-packages/airflow/example_dags/example_task_group_decorator.py
[2022-03-21 05:44:00,044] {logging_mixin.py:104} INFO - [2022-03-21 05:44:00,043] {dag.py:1832} INFO - Sync 1 DAGs
[2022-03-21 05:44:00,199] {logging_mixin.py:104} INFO - [2022-03-21 05:44:00,198] {dag.py:2305} INFO - Setting next_dagrun for example_task_group_decorator to 2022-03-19 00:00:00+00:00
[2022-03-21 05:44:00,286] {scheduler_job.py:190} INFO - Processing /home/airflow/sandbox/lib/python3.8/site-packages/airflow/example_dags/example_task_group_decorator.py took 1.845 seconds
[2022-03-21 05:44:36,101] {scheduler_job.py:182} INFO - Started process (PID=10677) to work on /home/airflow/sandbox/lib/python3.8/site-packages/airflow/example_dags/example_task_group_decorator.py
[2022-03-21 05:44:36,104] {scheduler_job.py:633} INFO - Processing file /home/airflow/sandbox/lib/python3.8/site-packages/airflow/example_dags/example_task_group_decorator.py for tasks to queue
[2022-03-21 05:44:36,105] {logging_mixin.py:104} INFO - [2022-03-21 05:44:36,105] {dagbag.py:487} INFO - Filling up the DagBag from /home/airflow/sandbox/lib/python3.8/site-packages/airflow/example_dags/example_task_group_decorator.py
[2022-03-21 05:44:36,145] {scheduler_job.py:643} INFO - DAG(s) dict_keys(['example_task_group_decorator']) retrieved from /home/airflow/sandbox/lib/python3.8/site-packages/airflow/example_dags/example_task_group_decorator.py
[2022-03-21 05:44:36,683] {logging_mixin.py:104} INFO - [2022-03-21 05:44:36,683] {dag.py:1832} INFO - Sync 1 DAGs
[2022-03-21 05:44:36,703] {logging_mixin.py:104} INFO - [2022-03-21 05:44:36,702] {dag.py:2305} INFO - Setting next_dagrun for example_task_group_decorator to 2022-03-19 00:00:00+00:00
[2022-03-21 05:44:36,739] {scheduler_job.py:190} INFO - Processing /home/airflow/sandbox/lib/python3.8/site-packages/airflow/example_dags/example_task_group_decorator.py took 0.645 seconds
[2022-03-21 05:45:09,823] {scheduler_job.py:182} INFO - Started process (PID=10700) to work on /home/airflow/sandbox/lib/python3.8/site-packages/airflow/example_dags/example_task_group_decorator.py
[2022-03-21 05:45:09,825] {scheduler_job.py:633} INFO - Processing file /home/airflow/sandbox/lib/python3.8/site-packages/airflow/example_dags/example_task_group_decorator.py for tasks to queue
[2022-03-21 05:45:09,827] {logging_mixin.py:104} INFO - [2022-03-21 05:45:09,827] {dagbag.py:487} INFO - Filling up the DagBag from /home/airflow/sandbox/lib/python3.8/site-packages/airflow/example_dags/example_task_group_decorator.py
[2022-03-21 05:45:09,887] {scheduler_job.py:643} INFO - DAG(s) dict_keys(['example_task_group_decorator']) retrieved from /home/airflow/sandbox/lib/python3.8/site-packages/airflow/example_dags/example_task_group_decorator.py
[2022-03-21 05:45:10,558] {logging_mixin.py:104} INFO - [2022-03-21 05:45:10,558] {dag.py:1832} INFO - Sync 1 DAGs
[2022-03-21 05:45:10,579] {logging_mixin.py:104} INFO - [2022-03-21 05:45:10,579] {dag.py:2305} INFO - Setting next_dagrun for example_task_group_decorator to 2022-03-19 00:00:00+00:00
[2022-03-21 05:45:10,625] {scheduler_job.py:190} INFO - Processing /home/airflow/sandbox/lib/python3.8/site-packages/airflow/example_dags/example_task_group_decorator.py took 0.809 seconds
[2022-03-21 05:45:52,737] {scheduler_job.py:182} INFO - Started process (PID=10789) to work on /home/airflow/sandbox/lib/python3.8/site-packages/airflow/example_dags/example_task_group_decorator.py
[2022-03-21 05:45:52,740] {scheduler_job.py:633} INFO - Processing file /home/airflow/sandbox/lib/python3.8/site-packages/airflow/example_dags/example_task_group_decorator.py for tasks to queue
[2022-03-21 05:45:52,742] {logging_mixin.py:104} INFO - [2022-03-21 05:45:52,742] {dagbag.py:487} INFO - Filling up the DagBag from /home/airflow/sandbox/lib/python3.8/site-packages/airflow/example_dags/example_task_group_decorator.py
[2022-03-21 05:45:52,788] {scheduler_job.py:643} INFO - DAG(s) dict_keys(['example_task_group_decorator']) retrieved from /home/airflow/sandbox/lib/python3.8/site-packages/airflow/example_dags/example_task_group_decorator.py
[2022-03-21 05:45:53,413] {logging_mixin.py:104} INFO - [2022-03-21 05:45:53,413] {dag.py:1832} INFO - Sync 1 DAGs
[2022-03-21 05:45:53,433] {logging_mixin.py:104} INFO - [2022-03-21 05:45:53,433] {dag.py:2305} INFO - Setting next_dagrun for example_task_group_decorator to 2022-03-19 00:00:00+00:00
[2022-03-21 05:45:53,475] {scheduler_job.py:190} INFO - Processing /home/airflow/sandbox/lib/python3.8/site-packages/airflow/example_dags/example_task_group_decorator.py took 0.747 seconds
[2022-03-21 05:46:26,394] {scheduler_job.py:182} INFO - Started process (PID=10931) to work on /home/airflow/sandbox/lib/python3.8/site-packages/airflow/example_dags/example_task_group_decorator.py
[2022-03-21 05:46:26,409] {scheduler_job.py:633} INFO - Processing file /home/airflow/sandbox/lib/python3.8/site-packages/airflow/example_dags/example_task_group_decorator.py for tasks to queue
[2022-03-21 05:46:26,411] {logging_mixin.py:104} INFO - [2022-03-21 05:46:26,410] {dagbag.py:487} INFO - Filling up the DagBag from /home/airflow/sandbox/lib/python3.8/site-packages/airflow/example_dags/example_task_group_decorator.py
[2022-03-21 05:46:26,498] {scheduler_job.py:643} INFO - DAG(s) dict_keys(['example_task_group_decorator']) retrieved from /home/airflow/sandbox/lib/python3.8/site-packages/airflow/example_dags/example_task_group_decorator.py
[2022-03-21 05:46:27,048] {logging_mixin.py:104} INFO - [2022-03-21 05:46:27,048] {dag.py:1832} INFO - Sync 1 DAGs
[2022-03-21 05:46:27,068] {logging_mixin.py:104} INFO - [2022-03-21 05:46:27,068] {dag.py:2305} INFO - Setting next_dagrun for example_task_group_decorator to 2022-03-19 00:00:00+00:00
[2022-03-21 05:46:27,111] {scheduler_job.py:190} INFO - Processing /home/airflow/sandbox/lib/python3.8/site-packages/airflow/example_dags/example_task_group_decorator.py took 0.727 seconds
[2022-03-21 05:47:18,402] {scheduler_job.py:182} INFO - Started process (PID=11514) to work on /home/airflow/sandbox/lib/python3.8/site-packages/airflow/example_dags/example_task_group_decorator.py
[2022-03-21 05:47:18,406] {scheduler_job.py:633} INFO - Processing file /home/airflow/sandbox/lib/python3.8/site-packages/airflow/example_dags/example_task_group_decorator.py for tasks to queue
[2022-03-21 05:47:18,407] {logging_mixin.py:104} INFO - [2022-03-21 05:47:18,407] {dagbag.py:487} INFO - Filling up the DagBag from /home/airflow/sandbox/lib/python3.8/site-packages/airflow/example_dags/example_task_group_decorator.py
[2022-03-21 05:47:18,450] {scheduler_job.py:643} INFO - DAG(s) dict_keys(['example_task_group_decorator']) retrieved from /home/airflow/sandbox/lib/python3.8/site-packages/airflow/example_dags/example_task_group_decorator.py
[2022-03-21 05:47:19,095] {logging_mixin.py:104} INFO - [2022-03-21 05:47:19,095] {dag.py:1832} INFO - Sync 1 DAGs
[2022-03-21 05:47:19,124] {logging_mixin.py:104} INFO - [2022-03-21 05:47:19,124] {dag.py:2305} INFO - Setting next_dagrun for example_task_group_decorator to 2022-03-19 00:00:00+00:00
[2022-03-21 05:47:19,187] {scheduler_job.py:190} INFO - Processing /home/airflow/sandbox/lib/python3.8/site-packages/airflow/example_dags/example_task_group_decorator.py took 0.794 seconds
[2022-03-21 05:47:57,085] {scheduler_job.py:182} INFO - Started process (PID=11722) to work on /home/airflow/sandbox/lib/python3.8/site-packages/airflow/example_dags/example_task_group_decorator.py
[2022-03-21 05:47:57,088] {scheduler_job.py:633} INFO - Processing file /home/airflow/sandbox/lib/python3.8/site-packages/airflow/example_dags/example_task_group_decorator.py for tasks to queue
[2022-03-21 05:47:57,089] {logging_mixin.py:104} INFO - [2022-03-21 05:47:57,089] {dagbag.py:487} INFO - Filling up the DagBag from /home/airflow/sandbox/lib/python3.8/site-packages/airflow/example_dags/example_task_group_decorator.py
[2022-03-21 05:47:57,139] {scheduler_job.py:643} INFO - DAG(s) dict_keys(['example_task_group_decorator']) retrieved from /home/airflow/sandbox/lib/python3.8/site-packages/airflow/example_dags/example_task_group_decorator.py
[2022-03-21 05:47:57,750] {logging_mixin.py:104} INFO - [2022-03-21 05:47:57,749] {dag.py:1832} INFO - Sync 1 DAGs
[2022-03-21 05:47:57,774] {logging_mixin.py:104} INFO - [2022-03-21 05:47:57,774] {dag.py:2305} INFO - Setting next_dagrun for example_task_group_decorator to 2022-03-19 00:00:00+00:00
[2022-03-21 05:47:57,824] {scheduler_job.py:190} INFO - Processing /home/airflow/sandbox/lib/python3.8/site-packages/airflow/example_dags/example_task_group_decorator.py took 0.745 seconds
[2022-03-21 05:48:43,297] {scheduler_job.py:182} INFO - Started process (PID=11995) to work on /home/airflow/sandbox/lib/python3.8/site-packages/airflow/example_dags/example_task_group_decorator.py
[2022-03-21 05:48:43,299] {scheduler_job.py:633} INFO - Processing file /home/airflow/sandbox/lib/python3.8/site-packages/airflow/example_dags/example_task_group_decorator.py for tasks to queue
[2022-03-21 05:48:43,301] {logging_mixin.py:104} INFO - [2022-03-21 05:48:43,300] {dagbag.py:487} INFO - Filling up the DagBag from /home/airflow/sandbox/lib/python3.8/site-packages/airflow/example_dags/example_task_group_decorator.py
[2022-03-21 05:48:43,341] {scheduler_job.py:643} INFO - DAG(s) dict_keys(['example_task_group_decorator']) retrieved from /home/airflow/sandbox/lib/python3.8/site-packages/airflow/example_dags/example_task_group_decorator.py
[2022-03-21 05:48:43,850] {logging_mixin.py:104} INFO - [2022-03-21 05:48:43,850] {dag.py:1832} INFO - Sync 1 DAGs
[2022-03-21 05:48:43,869] {logging_mixin.py:104} INFO - [2022-03-21 05:48:43,869] {dag.py:2305} INFO - Setting next_dagrun for example_task_group_decorator to 2022-03-19 00:00:00+00:00
[2022-03-21 05:48:43,909] {scheduler_job.py:190} INFO - Processing /home/airflow/sandbox/lib/python3.8/site-packages/airflow/example_dags/example_task_group_decorator.py took 0.622 seconds
[2022-03-21 05:49:17,101] {scheduler_job.py:182} INFO - Started process (PID=12049) to work on /home/airflow/sandbox/lib/python3.8/site-packages/airflow/example_dags/example_task_group_decorator.py
[2022-03-21 05:49:17,105] {scheduler_job.py:633} INFO - Processing file /home/airflow/sandbox/lib/python3.8/site-packages/airflow/example_dags/example_task_group_decorator.py for tasks to queue
[2022-03-21 05:49:17,106] {logging_mixin.py:104} INFO - [2022-03-21 05:49:17,106] {dagbag.py:487} INFO - Filling up the DagBag from /home/airflow/sandbox/lib/python3.8/site-packages/airflow/example_dags/example_task_group_decorator.py
[2022-03-21 05:49:17,151] {scheduler_job.py:643} INFO - DAG(s) dict_keys(['example_task_group_decorator']) retrieved from /home/airflow/sandbox/lib/python3.8/site-packages/airflow/example_dags/example_task_group_decorator.py
[2022-03-21 05:49:17,795] {logging_mixin.py:104} INFO - [2022-03-21 05:49:17,795] {dag.py:1832} INFO - Sync 1 DAGs
[2022-03-21 05:49:17,820] {logging_mixin.py:104} INFO - [2022-03-21 05:49:17,820] {dag.py:2305} INFO - Setting next_dagrun for example_task_group_decorator to 2022-03-19 00:00:00+00:00
[2022-03-21 05:49:17,864] {scheduler_job.py:190} INFO - Processing /home/airflow/sandbox/lib/python3.8/site-packages/airflow/example_dags/example_task_group_decorator.py took 0.771 seconds
[2022-03-21 05:49:51,215] {scheduler_job.py:182} INFO - Started process (PID=12136) to work on /home/airflow/sandbox/lib/python3.8/site-packages/airflow/example_dags/example_task_group_decorator.py
[2022-03-21 05:49:51,217] {scheduler_job.py:633} INFO - Processing file /home/airflow/sandbox/lib/python3.8/site-packages/airflow/example_dags/example_task_group_decorator.py for tasks to queue
[2022-03-21 05:49:51,219] {logging_mixin.py:104} INFO - [2022-03-21 05:49:51,218] {dagbag.py:487} INFO - Filling up the DagBag from /home/airflow/sandbox/lib/python3.8/site-packages/airflow/example_dags/example_task_group_decorator.py
[2022-03-21 05:49:51,259] {scheduler_job.py:643} INFO - DAG(s) dict_keys(['example_task_group_decorator']) retrieved from /home/airflow/sandbox/lib/python3.8/site-packages/airflow/example_dags/example_task_group_decorator.py
[2022-03-21 05:49:51,790] {logging_mixin.py:104} INFO - [2022-03-21 05:49:51,790] {dag.py:1832} INFO - Sync 1 DAGs
[2022-03-21 05:49:51,810] {logging_mixin.py:104} INFO - [2022-03-21 05:49:51,810] {dag.py:2305} INFO - Setting next_dagrun for example_task_group_decorator to 2022-03-19 00:00:00+00:00
[2022-03-21 05:49:51,852] {scheduler_job.py:190} INFO - Processing /home/airflow/sandbox/lib/python3.8/site-packages/airflow/example_dags/example_task_group_decorator.py took 0.644 seconds
[2022-03-21 05:50:26,046] {scheduler_job.py:182} INFO - Started process (PID=12290) to work on /home/airflow/sandbox/lib/python3.8/site-packages/airflow/example_dags/example_task_group_decorator.py
[2022-03-21 05:50:26,067] {scheduler_job.py:633} INFO - Processing file /home/airflow/sandbox/lib/python3.8/site-packages/airflow/example_dags/example_task_group_decorator.py for tasks to queue
[2022-03-21 05:50:26,081] {logging_mixin.py:104} INFO - [2022-03-21 05:50:26,081] {dagbag.py:487} INFO - Filling up the DagBag from /home/airflow/sandbox/lib/python3.8/site-packages/airflow/example_dags/example_task_group_decorator.py
[2022-03-21 05:50:26,239] {scheduler_job.py:643} INFO - DAG(s) dict_keys(['example_task_group_decorator']) retrieved from /home/airflow/sandbox/lib/python3.8/site-packages/airflow/example_dags/example_task_group_decorator.py
[2022-03-21 05:50:26,987] {logging_mixin.py:104} INFO - [2022-03-21 05:50:26,987] {dag.py:1832} INFO - Sync 1 DAGs
[2022-03-21 05:50:27,031] {logging_mixin.py:104} INFO - [2022-03-21 05:50:27,031] {dag.py:2305} INFO - Setting next_dagrun for example_task_group_decorator to 2022-03-19 00:00:00+00:00
[2022-03-21 05:50:27,069] {scheduler_job.py:190} INFO - Processing /home/airflow/sandbox/lib/python3.8/site-packages/airflow/example_dags/example_task_group_decorator.py took 1.028 seconds
