[2022-03-21 05:14:13,940] {scheduler_job.py:182} INFO - Started process (PID=8044) to work on /home/airflow/sandbox/lib/python3.8/site-packages/airflow/example_dags/example_xcomargs.py
[2022-03-21 05:14:13,944] {scheduler_job.py:633} INFO - Processing file /home/airflow/sandbox/lib/python3.8/site-packages/airflow/example_dags/example_xcomargs.py for tasks to queue
[2022-03-21 05:14:13,946] {logging_mixin.py:104} INFO - [2022-03-21 05:14:13,946] {dagbag.py:487} INFO - Filling up the DagBag from /home/airflow/sandbox/lib/python3.8/site-packages/airflow/example_dags/example_xcomargs.py
[2022-03-21 05:14:13,980] {scheduler_job.py:643} INFO - DAG(s) dict_keys(['example_xcom_args', 'example_xcom_args_with_operators']) retrieved from /home/airflow/sandbox/lib/python3.8/site-packages/airflow/example_dags/example_xcomargs.py
[2022-03-21 05:14:14,783] {logging_mixin.py:104} INFO - [2022-03-21 05:14:14,780] {dag.py:1832} INFO - Sync 2 DAGs
[2022-03-21 05:14:14,800] {logging_mixin.py:104} INFO - [2022-03-21 05:14:14,800] {dag.py:2305} INFO - Setting next_dagrun for example_xcom_args to None
[2022-03-21 05:14:14,805] {logging_mixin.py:104} INFO - [2022-03-21 05:14:14,804] {dag.py:2305} INFO - Setting next_dagrun for example_xcom_args_with_operators to None
[2022-03-21 05:14:14,844] {scheduler_job.py:190} INFO - Processing /home/airflow/sandbox/lib/python3.8/site-packages/airflow/example_dags/example_xcomargs.py took 0.914 seconds
[2022-03-21 05:15:43,297] {scheduler_job.py:182} INFO - Started process (PID=8519) to work on /home/airflow/sandbox/lib/python3.8/site-packages/airflow/example_dags/example_xcomargs.py
[2022-03-21 05:15:43,300] {scheduler_job.py:633} INFO - Processing file /home/airflow/sandbox/lib/python3.8/site-packages/airflow/example_dags/example_xcomargs.py for tasks to queue
[2022-03-21 05:15:43,309] {logging_mixin.py:104} INFO - [2022-03-21 05:15:43,309] {dagbag.py:487} INFO - Filling up the DagBag from /home/airflow/sandbox/lib/python3.8/site-packages/airflow/example_dags/example_xcomargs.py
[2022-03-21 05:15:43,420] {scheduler_job.py:643} INFO - DAG(s) dict_keys(['example_xcom_args', 'example_xcom_args_with_operators']) retrieved from /home/airflow/sandbox/lib/python3.8/site-packages/airflow/example_dags/example_xcomargs.py
[2022-03-21 05:15:45,223] {logging_mixin.py:104} INFO - [2022-03-21 05:15:45,223] {dag.py:1832} INFO - Sync 2 DAGs
[2022-03-21 05:15:45,246] {logging_mixin.py:104} INFO - [2022-03-21 05:15:45,245] {dag.py:2305} INFO - Setting next_dagrun for example_xcom_args to None
[2022-03-21 05:15:45,248] {logging_mixin.py:104} INFO - [2022-03-21 05:15:45,247] {dag.py:2305} INFO - Setting next_dagrun for example_xcom_args_with_operators to None
[2022-03-21 05:15:45,293] {scheduler_job.py:190} INFO - Processing /home/airflow/sandbox/lib/python3.8/site-packages/airflow/example_dags/example_xcomargs.py took 2.014 seconds
[2022-03-21 05:16:35,717] {scheduler_job.py:182} INFO - Started process (PID=8827) to work on /home/airflow/sandbox/lib/python3.8/site-packages/airflow/example_dags/example_xcomargs.py
[2022-03-21 05:16:35,719] {scheduler_job.py:633} INFO - Processing file /home/airflow/sandbox/lib/python3.8/site-packages/airflow/example_dags/example_xcomargs.py for tasks to queue
[2022-03-21 05:16:35,720] {logging_mixin.py:104} INFO - [2022-03-21 05:16:35,720] {dagbag.py:487} INFO - Filling up the DagBag from /home/airflow/sandbox/lib/python3.8/site-packages/airflow/example_dags/example_xcomargs.py
[2022-03-21 05:16:35,750] {scheduler_job.py:643} INFO - DAG(s) dict_keys(['example_xcom_args', 'example_xcom_args_with_operators']) retrieved from /home/airflow/sandbox/lib/python3.8/site-packages/airflow/example_dags/example_xcomargs.py
[2022-03-21 05:16:36,449] {logging_mixin.py:104} INFO - [2022-03-21 05:16:36,449] {dag.py:1832} INFO - Sync 2 DAGs
[2022-03-21 05:16:36,468] {logging_mixin.py:104} INFO - [2022-03-21 05:16:36,468] {dag.py:2305} INFO - Setting next_dagrun for example_xcom_args to None
[2022-03-21 05:16:36,470] {logging_mixin.py:104} INFO - [2022-03-21 05:16:36,469] {dag.py:2305} INFO - Setting next_dagrun for example_xcom_args_with_operators to None
[2022-03-21 05:16:36,510] {scheduler_job.py:190} INFO - Processing /home/airflow/sandbox/lib/python3.8/site-packages/airflow/example_dags/example_xcomargs.py took 0.800 seconds
[2022-03-21 05:17:10,234] {scheduler_job.py:182} INFO - Started process (PID=9004) to work on /home/airflow/sandbox/lib/python3.8/site-packages/airflow/example_dags/example_xcomargs.py
[2022-03-21 05:17:10,238] {scheduler_job.py:633} INFO - Processing file /home/airflow/sandbox/lib/python3.8/site-packages/airflow/example_dags/example_xcomargs.py for tasks to queue
[2022-03-21 05:17:10,239] {logging_mixin.py:104} INFO - [2022-03-21 05:17:10,239] {dagbag.py:487} INFO - Filling up the DagBag from /home/airflow/sandbox/lib/python3.8/site-packages/airflow/example_dags/example_xcomargs.py
[2022-03-21 05:17:10,266] {scheduler_job.py:643} INFO - DAG(s) dict_keys(['example_xcom_args', 'example_xcom_args_with_operators']) retrieved from /home/airflow/sandbox/lib/python3.8/site-packages/airflow/example_dags/example_xcomargs.py
[2022-03-21 05:17:10,886] {logging_mixin.py:104} INFO - [2022-03-21 05:17:10,886] {dag.py:1832} INFO - Sync 2 DAGs
[2022-03-21 05:17:10,903] {logging_mixin.py:104} INFO - [2022-03-21 05:17:10,903] {dag.py:2305} INFO - Setting next_dagrun for example_xcom_args to None
[2022-03-21 05:17:10,904] {logging_mixin.py:104} INFO - [2022-03-21 05:17:10,904] {dag.py:2305} INFO - Setting next_dagrun for example_xcom_args_with_operators to None
[2022-03-21 05:17:10,941] {scheduler_job.py:190} INFO - Processing /home/airflow/sandbox/lib/python3.8/site-packages/airflow/example_dags/example_xcomargs.py took 0.714 seconds
[2022-03-21 05:17:53,899] {scheduler_job.py:182} INFO - Started process (PID=9158) to work on /home/airflow/sandbox/lib/python3.8/site-packages/airflow/example_dags/example_xcomargs.py
[2022-03-21 05:17:53,902] {scheduler_job.py:633} INFO - Processing file /home/airflow/sandbox/lib/python3.8/site-packages/airflow/example_dags/example_xcomargs.py for tasks to queue
[2022-03-21 05:17:53,903] {logging_mixin.py:104} INFO - [2022-03-21 05:17:53,903] {dagbag.py:487} INFO - Filling up the DagBag from /home/airflow/sandbox/lib/python3.8/site-packages/airflow/example_dags/example_xcomargs.py
[2022-03-21 05:17:53,931] {scheduler_job.py:643} INFO - DAG(s) dict_keys(['example_xcom_args', 'example_xcom_args_with_operators']) retrieved from /home/airflow/sandbox/lib/python3.8/site-packages/airflow/example_dags/example_xcomargs.py
[2022-03-21 05:17:54,539] {logging_mixin.py:104} INFO - [2022-03-21 05:17:54,539] {dag.py:1832} INFO - Sync 2 DAGs
[2022-03-21 05:17:54,556] {logging_mixin.py:104} INFO - [2022-03-21 05:17:54,556] {dag.py:2305} INFO - Setting next_dagrun for example_xcom_args to None
[2022-03-21 05:17:54,557] {logging_mixin.py:104} INFO - [2022-03-21 05:17:54,557] {dag.py:2305} INFO - Setting next_dagrun for example_xcom_args_with_operators to None
[2022-03-21 05:17:54,593] {scheduler_job.py:190} INFO - Processing /home/airflow/sandbox/lib/python3.8/site-packages/airflow/example_dags/example_xcomargs.py took 0.699 seconds
[2022-03-21 05:18:33,005] {scheduler_job.py:182} INFO - Started process (PID=9244) to work on /home/airflow/sandbox/lib/python3.8/site-packages/airflow/example_dags/example_xcomargs.py
[2022-03-21 05:18:33,007] {scheduler_job.py:633} INFO - Processing file /home/airflow/sandbox/lib/python3.8/site-packages/airflow/example_dags/example_xcomargs.py for tasks to queue
[2022-03-21 05:18:33,008] {logging_mixin.py:104} INFO - [2022-03-21 05:18:33,008] {dagbag.py:487} INFO - Filling up the DagBag from /home/airflow/sandbox/lib/python3.8/site-packages/airflow/example_dags/example_xcomargs.py
[2022-03-21 05:18:33,049] {scheduler_job.py:643} INFO - DAG(s) dict_keys(['example_xcom_args', 'example_xcom_args_with_operators']) retrieved from /home/airflow/sandbox/lib/python3.8/site-packages/airflow/example_dags/example_xcomargs.py
[2022-03-21 05:18:33,766] {logging_mixin.py:104} INFO - [2022-03-21 05:18:33,766] {dag.py:1832} INFO - Sync 2 DAGs
[2022-03-21 05:18:33,787] {logging_mixin.py:104} INFO - [2022-03-21 05:18:33,787] {dag.py:2305} INFO - Setting next_dagrun for example_xcom_args to None
[2022-03-21 05:18:33,789] {logging_mixin.py:104} INFO - [2022-03-21 05:18:33,788] {dag.py:2305} INFO - Setting next_dagrun for example_xcom_args_with_operators to None
[2022-03-21 05:18:33,830] {scheduler_job.py:190} INFO - Processing /home/airflow/sandbox/lib/python3.8/site-packages/airflow/example_dags/example_xcomargs.py took 0.834 seconds
[2022-03-21 05:19:19,343] {scheduler_job.py:182} INFO - Started process (PID=9279) to work on /home/airflow/sandbox/lib/python3.8/site-packages/airflow/example_dags/example_xcomargs.py
[2022-03-21 05:19:19,345] {scheduler_job.py:633} INFO - Processing file /home/airflow/sandbox/lib/python3.8/site-packages/airflow/example_dags/example_xcomargs.py for tasks to queue
[2022-03-21 05:19:19,347] {logging_mixin.py:104} INFO - [2022-03-21 05:19:19,346] {dagbag.py:487} INFO - Filling up the DagBag from /home/airflow/sandbox/lib/python3.8/site-packages/airflow/example_dags/example_xcomargs.py
[2022-03-21 05:19:19,375] {scheduler_job.py:643} INFO - DAG(s) dict_keys(['example_xcom_args', 'example_xcom_args_with_operators']) retrieved from /home/airflow/sandbox/lib/python3.8/site-packages/airflow/example_dags/example_xcomargs.py
[2022-03-21 05:19:19,983] {logging_mixin.py:104} INFO - [2022-03-21 05:19:19,982] {dag.py:1832} INFO - Sync 2 DAGs
[2022-03-21 05:19:19,998] {logging_mixin.py:104} INFO - [2022-03-21 05:19:19,998] {dag.py:2305} INFO - Setting next_dagrun for example_xcom_args to None
[2022-03-21 05:19:19,999] {logging_mixin.py:104} INFO - [2022-03-21 05:19:19,999] {dag.py:2305} INFO - Setting next_dagrun for example_xcom_args_with_operators to None
[2022-03-21 05:19:20,038] {scheduler_job.py:190} INFO - Processing /home/airflow/sandbox/lib/python3.8/site-packages/airflow/example_dags/example_xcomargs.py took 0.703 seconds
[2022-03-21 05:20:01,866] {scheduler_job.py:182} INFO - Started process (PID=9312) to work on /home/airflow/sandbox/lib/python3.8/site-packages/airflow/example_dags/example_xcomargs.py
[2022-03-21 05:20:01,868] {scheduler_job.py:633} INFO - Processing file /home/airflow/sandbox/lib/python3.8/site-packages/airflow/example_dags/example_xcomargs.py for tasks to queue
[2022-03-21 05:20:01,870] {logging_mixin.py:104} INFO - [2022-03-21 05:20:01,870] {dagbag.py:487} INFO - Filling up the DagBag from /home/airflow/sandbox/lib/python3.8/site-packages/airflow/example_dags/example_xcomargs.py
[2022-03-21 05:20:01,906] {scheduler_job.py:643} INFO - DAG(s) dict_keys(['example_xcom_args', 'example_xcom_args_with_operators']) retrieved from /home/airflow/sandbox/lib/python3.8/site-packages/airflow/example_dags/example_xcomargs.py
[2022-03-21 05:20:02,563] {logging_mixin.py:104} INFO - [2022-03-21 05:20:02,563] {dag.py:1832} INFO - Sync 2 DAGs
[2022-03-21 05:20:02,578] {logging_mixin.py:104} INFO - [2022-03-21 05:20:02,578] {dag.py:2305} INFO - Setting next_dagrun for example_xcom_args to None
[2022-03-21 05:20:02,580] {logging_mixin.py:104} INFO - [2022-03-21 05:20:02,579] {dag.py:2305} INFO - Setting next_dagrun for example_xcom_args_with_operators to None
[2022-03-21 05:20:02,623] {scheduler_job.py:190} INFO - Processing /home/airflow/sandbox/lib/python3.8/site-packages/airflow/example_dags/example_xcomargs.py took 0.765 seconds
[2022-03-21 05:20:47,072] {scheduler_job.py:182} INFO - Started process (PID=9402) to work on /home/airflow/sandbox/lib/python3.8/site-packages/airflow/example_dags/example_xcomargs.py
[2022-03-21 05:20:47,079] {scheduler_job.py:633} INFO - Processing file /home/airflow/sandbox/lib/python3.8/site-packages/airflow/example_dags/example_xcomargs.py for tasks to queue
[2022-03-21 05:20:47,092] {logging_mixin.py:104} INFO - [2022-03-21 05:20:47,090] {dagbag.py:487} INFO - Filling up the DagBag from /home/airflow/sandbox/lib/python3.8/site-packages/airflow/example_dags/example_xcomargs.py
[2022-03-21 05:20:47,185] {scheduler_job.py:643} INFO - DAG(s) dict_keys(['example_xcom_args', 'example_xcom_args_with_operators']) retrieved from /home/airflow/sandbox/lib/python3.8/site-packages/airflow/example_dags/example_xcomargs.py
[2022-03-21 05:20:47,277] {logging_mixin.py:104} INFO - [2022-03-21 05:20:47,277] {dag.py:1832} INFO - Sync 2 DAGs
[2022-03-21 05:20:47,317] {logging_mixin.py:104} INFO - [2022-03-21 05:20:47,317] {dag.py:2305} INFO - Setting next_dagrun for example_xcom_args to None
[2022-03-21 05:20:47,320] {logging_mixin.py:104} INFO - [2022-03-21 05:20:47,319] {dag.py:2305} INFO - Setting next_dagrun for example_xcom_args_with_operators to None
[2022-03-21 05:20:47,424] {scheduler_job.py:190} INFO - Processing /home/airflow/sandbox/lib/python3.8/site-packages/airflow/example_dags/example_xcomargs.py took 0.365 seconds
[2022-03-21 05:21:26,078] {scheduler_job.py:182} INFO - Started process (PID=9427) to work on /home/airflow/sandbox/lib/python3.8/site-packages/airflow/example_dags/example_xcomargs.py
[2022-03-21 05:21:26,081] {scheduler_job.py:633} INFO - Processing file /home/airflow/sandbox/lib/python3.8/site-packages/airflow/example_dags/example_xcomargs.py for tasks to queue
[2022-03-21 05:21:26,084] {logging_mixin.py:104} INFO - [2022-03-21 05:21:26,083] {dagbag.py:487} INFO - Filling up the DagBag from /home/airflow/sandbox/lib/python3.8/site-packages/airflow/example_dags/example_xcomargs.py
[2022-03-21 05:21:26,124] {scheduler_job.py:643} INFO - DAG(s) dict_keys(['example_xcom_args', 'example_xcom_args_with_operators']) retrieved from /home/airflow/sandbox/lib/python3.8/site-packages/airflow/example_dags/example_xcomargs.py
[2022-03-21 05:21:26,743] {logging_mixin.py:104} INFO - [2022-03-21 05:21:26,743] {dag.py:1832} INFO - Sync 2 DAGs
[2022-03-21 05:21:26,760] {logging_mixin.py:104} INFO - [2022-03-21 05:21:26,760] {dag.py:2305} INFO - Setting next_dagrun for example_xcom_args to None
[2022-03-21 05:21:26,762] {logging_mixin.py:104} INFO - [2022-03-21 05:21:26,762] {dag.py:2305} INFO - Setting next_dagrun for example_xcom_args_with_operators to None
[2022-03-21 05:21:26,807] {scheduler_job.py:190} INFO - Processing /home/airflow/sandbox/lib/python3.8/site-packages/airflow/example_dags/example_xcomargs.py took 0.739 seconds
[2022-03-21 05:22:09,739] {scheduler_job.py:182} INFO - Started process (PID=9460) to work on /home/airflow/sandbox/lib/python3.8/site-packages/airflow/example_dags/example_xcomargs.py
[2022-03-21 05:22:09,742] {scheduler_job.py:633} INFO - Processing file /home/airflow/sandbox/lib/python3.8/site-packages/airflow/example_dags/example_xcomargs.py for tasks to queue
[2022-03-21 05:22:09,743] {logging_mixin.py:104} INFO - [2022-03-21 05:22:09,743] {dagbag.py:487} INFO - Filling up the DagBag from /home/airflow/sandbox/lib/python3.8/site-packages/airflow/example_dags/example_xcomargs.py
[2022-03-21 05:22:09,774] {scheduler_job.py:643} INFO - DAG(s) dict_keys(['example_xcom_args', 'example_xcom_args_with_operators']) retrieved from /home/airflow/sandbox/lib/python3.8/site-packages/airflow/example_dags/example_xcomargs.py
[2022-03-21 05:22:10,385] {logging_mixin.py:104} INFO - [2022-03-21 05:22:10,384] {dag.py:1832} INFO - Sync 2 DAGs
[2022-03-21 05:22:10,400] {logging_mixin.py:104} INFO - [2022-03-21 05:22:10,399] {dag.py:2305} INFO - Setting next_dagrun for example_xcom_args to None
[2022-03-21 05:22:10,401] {logging_mixin.py:104} INFO - [2022-03-21 05:22:10,401] {dag.py:2305} INFO - Setting next_dagrun for example_xcom_args_with_operators to None
[2022-03-21 05:22:10,438] {scheduler_job.py:190} INFO - Processing /home/airflow/sandbox/lib/python3.8/site-packages/airflow/example_dags/example_xcomargs.py took 0.705 seconds
[2022-03-21 05:22:52,249] {scheduler_job.py:182} INFO - Started process (PID=9493) to work on /home/airflow/sandbox/lib/python3.8/site-packages/airflow/example_dags/example_xcomargs.py
[2022-03-21 05:22:52,252] {scheduler_job.py:633} INFO - Processing file /home/airflow/sandbox/lib/python3.8/site-packages/airflow/example_dags/example_xcomargs.py for tasks to queue
[2022-03-21 05:22:52,253] {logging_mixin.py:104} INFO - [2022-03-21 05:22:52,253] {dagbag.py:487} INFO - Filling up the DagBag from /home/airflow/sandbox/lib/python3.8/site-packages/airflow/example_dags/example_xcomargs.py
[2022-03-21 05:22:52,282] {scheduler_job.py:643} INFO - DAG(s) dict_keys(['example_xcom_args', 'example_xcom_args_with_operators']) retrieved from /home/airflow/sandbox/lib/python3.8/site-packages/airflow/example_dags/example_xcomargs.py
[2022-03-21 05:22:52,888] {logging_mixin.py:104} INFO - [2022-03-21 05:22:52,887] {dag.py:1832} INFO - Sync 2 DAGs
[2022-03-21 05:22:52,901] {logging_mixin.py:104} INFO - [2022-03-21 05:22:52,901] {dag.py:2305} INFO - Setting next_dagrun for example_xcom_args to None
[2022-03-21 05:22:52,903] {logging_mixin.py:104} INFO - [2022-03-21 05:22:52,902] {dag.py:2305} INFO - Setting next_dagrun for example_xcom_args_with_operators to None
[2022-03-21 05:22:52,942] {scheduler_job.py:190} INFO - Processing /home/airflow/sandbox/lib/python3.8/site-packages/airflow/example_dags/example_xcomargs.py took 0.704 seconds
[2022-03-21 05:23:32,387] {scheduler_job.py:182} INFO - Started process (PID=9526) to work on /home/airflow/sandbox/lib/python3.8/site-packages/airflow/example_dags/example_xcomargs.py
[2022-03-21 05:23:32,389] {scheduler_job.py:633} INFO - Processing file /home/airflow/sandbox/lib/python3.8/site-packages/airflow/example_dags/example_xcomargs.py for tasks to queue
[2022-03-21 05:23:32,391] {logging_mixin.py:104} INFO - [2022-03-21 05:23:32,390] {dagbag.py:487} INFO - Filling up the DagBag from /home/airflow/sandbox/lib/python3.8/site-packages/airflow/example_dags/example_xcomargs.py
[2022-03-21 05:23:32,420] {scheduler_job.py:643} INFO - DAG(s) dict_keys(['example_xcom_args', 'example_xcom_args_with_operators']) retrieved from /home/airflow/sandbox/lib/python3.8/site-packages/airflow/example_dags/example_xcomargs.py
[2022-03-21 05:23:33,024] {logging_mixin.py:104} INFO - [2022-03-21 05:23:33,023] {dag.py:1832} INFO - Sync 2 DAGs
[2022-03-21 05:23:33,045] {logging_mixin.py:104} INFO - [2022-03-21 05:23:33,045] {dag.py:2305} INFO - Setting next_dagrun for example_xcom_args to None
[2022-03-21 05:23:33,048] {logging_mixin.py:104} INFO - [2022-03-21 05:23:33,047] {dag.py:2305} INFO - Setting next_dagrun for example_xcom_args_with_operators to None
[2022-03-21 05:23:33,082] {scheduler_job.py:190} INFO - Processing /home/airflow/sandbox/lib/python3.8/site-packages/airflow/example_dags/example_xcomargs.py took 0.707 seconds
[2022-03-21 05:24:11,654] {scheduler_job.py:182} INFO - Started process (PID=9557) to work on /home/airflow/sandbox/lib/python3.8/site-packages/airflow/example_dags/example_xcomargs.py
[2022-03-21 05:24:11,656] {scheduler_job.py:633} INFO - Processing file /home/airflow/sandbox/lib/python3.8/site-packages/airflow/example_dags/example_xcomargs.py for tasks to queue
[2022-03-21 05:24:11,658] {logging_mixin.py:104} INFO - [2022-03-21 05:24:11,657] {dagbag.py:487} INFO - Filling up the DagBag from /home/airflow/sandbox/lib/python3.8/site-packages/airflow/example_dags/example_xcomargs.py
[2022-03-21 05:24:11,691] {scheduler_job.py:643} INFO - DAG(s) dict_keys(['example_xcom_args', 'example_xcom_args_with_operators']) retrieved from /home/airflow/sandbox/lib/python3.8/site-packages/airflow/example_dags/example_xcomargs.py
[2022-03-21 05:24:12,380] {logging_mixin.py:104} INFO - [2022-03-21 05:24:12,380] {dag.py:1832} INFO - Sync 2 DAGs
[2022-03-21 05:24:12,399] {logging_mixin.py:104} INFO - [2022-03-21 05:24:12,399] {dag.py:2305} INFO - Setting next_dagrun for example_xcom_args to None
[2022-03-21 05:24:12,401] {logging_mixin.py:104} INFO - [2022-03-21 05:24:12,401] {dag.py:2305} INFO - Setting next_dagrun for example_xcom_args_with_operators to None
[2022-03-21 05:24:12,447] {scheduler_job.py:190} INFO - Processing /home/airflow/sandbox/lib/python3.8/site-packages/airflow/example_dags/example_xcomargs.py took 0.800 seconds
[2022-03-21 05:24:51,306] {scheduler_job.py:182} INFO - Started process (PID=9586) to work on /home/airflow/sandbox/lib/python3.8/site-packages/airflow/example_dags/example_xcomargs.py
[2022-03-21 05:24:51,309] {scheduler_job.py:633} INFO - Processing file /home/airflow/sandbox/lib/python3.8/site-packages/airflow/example_dags/example_xcomargs.py for tasks to queue
[2022-03-21 05:24:51,313] {logging_mixin.py:104} INFO - [2022-03-21 05:24:51,313] {dagbag.py:487} INFO - Filling up the DagBag from /home/airflow/sandbox/lib/python3.8/site-packages/airflow/example_dags/example_xcomargs.py
[2022-03-21 05:24:51,345] {scheduler_job.py:643} INFO - DAG(s) dict_keys(['example_xcom_args', 'example_xcom_args_with_operators']) retrieved from /home/airflow/sandbox/lib/python3.8/site-packages/airflow/example_dags/example_xcomargs.py
[2022-03-21 05:24:51,956] {logging_mixin.py:104} INFO - [2022-03-21 05:24:51,956] {dag.py:1832} INFO - Sync 2 DAGs
[2022-03-21 05:24:51,973] {logging_mixin.py:104} INFO - [2022-03-21 05:24:51,973] {dag.py:2305} INFO - Setting next_dagrun for example_xcom_args to None
[2022-03-21 05:24:51,975] {logging_mixin.py:104} INFO - [2022-03-21 05:24:51,975] {dag.py:2305} INFO - Setting next_dagrun for example_xcom_args_with_operators to None
[2022-03-21 05:24:52,011] {scheduler_job.py:190} INFO - Processing /home/airflow/sandbox/lib/python3.8/site-packages/airflow/example_dags/example_xcomargs.py took 0.713 seconds
[2022-03-21 05:25:36,642] {scheduler_job.py:182} INFO - Started process (PID=9677) to work on /home/airflow/sandbox/lib/python3.8/site-packages/airflow/example_dags/example_xcomargs.py
[2022-03-21 05:25:36,652] {scheduler_job.py:633} INFO - Processing file /home/airflow/sandbox/lib/python3.8/site-packages/airflow/example_dags/example_xcomargs.py for tasks to queue
[2022-03-21 05:25:36,653] {logging_mixin.py:104} INFO - [2022-03-21 05:25:36,653] {dagbag.py:487} INFO - Filling up the DagBag from /home/airflow/sandbox/lib/python3.8/site-packages/airflow/example_dags/example_xcomargs.py
[2022-03-21 05:25:36,689] {scheduler_job.py:643} INFO - DAG(s) dict_keys(['example_xcom_args', 'example_xcom_args_with_operators']) retrieved from /home/airflow/sandbox/lib/python3.8/site-packages/airflow/example_dags/example_xcomargs.py
[2022-03-21 05:25:37,278] {logging_mixin.py:104} INFO - [2022-03-21 05:25:37,278] {dag.py:1832} INFO - Sync 2 DAGs
[2022-03-21 05:25:37,294] {logging_mixin.py:104} INFO - [2022-03-21 05:25:37,294] {dag.py:2305} INFO - Setting next_dagrun for example_xcom_args to None
[2022-03-21 05:25:37,295] {logging_mixin.py:104} INFO - [2022-03-21 05:25:37,295] {dag.py:2305} INFO - Setting next_dagrun for example_xcom_args_with_operators to None
[2022-03-21 05:25:37,338] {scheduler_job.py:190} INFO - Processing /home/airflow/sandbox/lib/python3.8/site-packages/airflow/example_dags/example_xcomargs.py took 0.704 seconds
[2022-03-21 05:26:26,514] {scheduler_job.py:182} INFO - Started process (PID=9712) to work on /home/airflow/sandbox/lib/python3.8/site-packages/airflow/example_dags/example_xcomargs.py
[2022-03-21 05:26:26,517] {scheduler_job.py:633} INFO - Processing file /home/airflow/sandbox/lib/python3.8/site-packages/airflow/example_dags/example_xcomargs.py for tasks to queue
[2022-03-21 05:26:26,518] {logging_mixin.py:104} INFO - [2022-03-21 05:26:26,518] {dagbag.py:487} INFO - Filling up the DagBag from /home/airflow/sandbox/lib/python3.8/site-packages/airflow/example_dags/example_xcomargs.py
[2022-03-21 05:26:26,551] {scheduler_job.py:643} INFO - DAG(s) dict_keys(['example_xcom_args', 'example_xcom_args_with_operators']) retrieved from /home/airflow/sandbox/lib/python3.8/site-packages/airflow/example_dags/example_xcomargs.py
[2022-03-21 05:26:27,141] {logging_mixin.py:104} INFO - [2022-03-21 05:26:27,140] {dag.py:1832} INFO - Sync 2 DAGs
[2022-03-21 05:26:27,162] {logging_mixin.py:104} INFO - [2022-03-21 05:26:27,161] {dag.py:2305} INFO - Setting next_dagrun for example_xcom_args to None
[2022-03-21 05:26:27,163] {logging_mixin.py:104} INFO - [2022-03-21 05:26:27,163] {dag.py:2305} INFO - Setting next_dagrun for example_xcom_args_with_operators to None
[2022-03-21 05:26:27,202] {scheduler_job.py:190} INFO - Processing /home/airflow/sandbox/lib/python3.8/site-packages/airflow/example_dags/example_xcomargs.py took 0.694 seconds
[2022-03-21 05:27:18,516] {scheduler_job.py:182} INFO - Started process (PID=9748) to work on /home/airflow/sandbox/lib/python3.8/site-packages/airflow/example_dags/example_xcomargs.py
[2022-03-21 05:27:18,518] {scheduler_job.py:633} INFO - Processing file /home/airflow/sandbox/lib/python3.8/site-packages/airflow/example_dags/example_xcomargs.py for tasks to queue
[2022-03-21 05:27:18,521] {logging_mixin.py:104} INFO - [2022-03-21 05:27:18,520] {dagbag.py:487} INFO - Filling up the DagBag from /home/airflow/sandbox/lib/python3.8/site-packages/airflow/example_dags/example_xcomargs.py
[2022-03-21 05:27:18,564] {scheduler_job.py:643} INFO - DAG(s) dict_keys(['example_xcom_args', 'example_xcom_args_with_operators']) retrieved from /home/airflow/sandbox/lib/python3.8/site-packages/airflow/example_dags/example_xcomargs.py
[2022-03-21 05:27:19,255] {logging_mixin.py:104} INFO - [2022-03-21 05:27:19,255] {dag.py:1832} INFO - Sync 2 DAGs
[2022-03-21 05:27:19,280] {logging_mixin.py:104} INFO - [2022-03-21 05:27:19,279] {dag.py:2305} INFO - Setting next_dagrun for example_xcom_args to None
[2022-03-21 05:27:19,282] {logging_mixin.py:104} INFO - [2022-03-21 05:27:19,282] {dag.py:2305} INFO - Setting next_dagrun for example_xcom_args_with_operators to None
[2022-03-21 05:27:19,321] {scheduler_job.py:190} INFO - Processing /home/airflow/sandbox/lib/python3.8/site-packages/airflow/example_dags/example_xcomargs.py took 0.816 seconds
[2022-03-21 05:27:54,326] {scheduler_job.py:182} INFO - Started process (PID=9772) to work on /home/airflow/sandbox/lib/python3.8/site-packages/airflow/example_dags/example_xcomargs.py
[2022-03-21 05:27:54,330] {scheduler_job.py:633} INFO - Processing file /home/airflow/sandbox/lib/python3.8/site-packages/airflow/example_dags/example_xcomargs.py for tasks to queue
[2022-03-21 05:27:54,331] {logging_mixin.py:104} INFO - [2022-03-21 05:27:54,331] {dagbag.py:487} INFO - Filling up the DagBag from /home/airflow/sandbox/lib/python3.8/site-packages/airflow/example_dags/example_xcomargs.py
[2022-03-21 05:27:54,503] {scheduler_job.py:643} INFO - DAG(s) dict_keys(['example_xcom_args', 'example_xcom_args_with_operators']) retrieved from /home/airflow/sandbox/lib/python3.8/site-packages/airflow/example_dags/example_xcomargs.py
[2022-03-21 05:27:55,112] {logging_mixin.py:104} INFO - [2022-03-21 05:27:55,112] {dag.py:1832} INFO - Sync 2 DAGs
[2022-03-21 05:27:55,131] {logging_mixin.py:104} INFO - [2022-03-21 05:27:55,131] {dag.py:2305} INFO - Setting next_dagrun for example_xcom_args to None
[2022-03-21 05:27:55,132] {logging_mixin.py:104} INFO - [2022-03-21 05:27:55,132] {dag.py:2305} INFO - Setting next_dagrun for example_xcom_args_with_operators to None
[2022-03-21 05:27:55,179] {scheduler_job.py:190} INFO - Processing /home/airflow/sandbox/lib/python3.8/site-packages/airflow/example_dags/example_xcomargs.py took 0.858 seconds
[2022-03-21 05:28:44,363] {scheduler_job.py:182} INFO - Started process (PID=9808) to work on /home/airflow/sandbox/lib/python3.8/site-packages/airflow/example_dags/example_xcomargs.py
[2022-03-21 05:28:44,365] {scheduler_job.py:633} INFO - Processing file /home/airflow/sandbox/lib/python3.8/site-packages/airflow/example_dags/example_xcomargs.py for tasks to queue
[2022-03-21 05:28:44,366] {logging_mixin.py:104} INFO - [2022-03-21 05:28:44,366] {dagbag.py:487} INFO - Filling up the DagBag from /home/airflow/sandbox/lib/python3.8/site-packages/airflow/example_dags/example_xcomargs.py
[2022-03-21 05:28:44,554] {scheduler_job.py:643} INFO - DAG(s) dict_keys(['example_xcom_args', 'example_xcom_args_with_operators']) retrieved from /home/airflow/sandbox/lib/python3.8/site-packages/airflow/example_dags/example_xcomargs.py
[2022-03-21 05:28:45,156] {logging_mixin.py:104} INFO - [2022-03-21 05:28:45,156] {dag.py:1832} INFO - Sync 2 DAGs
[2022-03-21 05:28:45,176] {logging_mixin.py:104} INFO - [2022-03-21 05:28:45,176] {dag.py:2305} INFO - Setting next_dagrun for example_xcom_args to None
[2022-03-21 05:28:45,177] {logging_mixin.py:104} INFO - [2022-03-21 05:28:45,177] {dag.py:2305} INFO - Setting next_dagrun for example_xcom_args_with_operators to None
[2022-03-21 05:28:45,219] {scheduler_job.py:190} INFO - Processing /home/airflow/sandbox/lib/python3.8/site-packages/airflow/example_dags/example_xcomargs.py took 0.866 seconds
[2022-03-21 05:29:33,785] {scheduler_job.py:182} INFO - Started process (PID=9844) to work on /home/airflow/sandbox/lib/python3.8/site-packages/airflow/example_dags/example_xcomargs.py
[2022-03-21 05:29:33,787] {scheduler_job.py:633} INFO - Processing file /home/airflow/sandbox/lib/python3.8/site-packages/airflow/example_dags/example_xcomargs.py for tasks to queue
[2022-03-21 05:29:33,789] {logging_mixin.py:104} INFO - [2022-03-21 05:29:33,788] {dagbag.py:487} INFO - Filling up the DagBag from /home/airflow/sandbox/lib/python3.8/site-packages/airflow/example_dags/example_xcomargs.py
[2022-03-21 05:29:33,954] {scheduler_job.py:643} INFO - DAG(s) dict_keys(['example_xcom_args', 'example_xcom_args_with_operators']) retrieved from /home/airflow/sandbox/lib/python3.8/site-packages/airflow/example_dags/example_xcomargs.py
[2022-03-21 05:29:34,559] {logging_mixin.py:104} INFO - [2022-03-21 05:29:34,558] {dag.py:1832} INFO - Sync 2 DAGs
[2022-03-21 05:29:34,579] {logging_mixin.py:104} INFO - [2022-03-21 05:29:34,579] {dag.py:2305} INFO - Setting next_dagrun for example_xcom_args to None
[2022-03-21 05:29:34,581] {logging_mixin.py:104} INFO - [2022-03-21 05:29:34,580] {dag.py:2305} INFO - Setting next_dagrun for example_xcom_args_with_operators to None
[2022-03-21 05:29:34,625] {scheduler_job.py:190} INFO - Processing /home/airflow/sandbox/lib/python3.8/site-packages/airflow/example_dags/example_xcomargs.py took 0.848 seconds
[2022-03-21 05:30:09,748] {scheduler_job.py:182} INFO - Started process (PID=9870) to work on /home/airflow/sandbox/lib/python3.8/site-packages/airflow/example_dags/example_xcomargs.py
[2022-03-21 05:30:09,750] {scheduler_job.py:633} INFO - Processing file /home/airflow/sandbox/lib/python3.8/site-packages/airflow/example_dags/example_xcomargs.py for tasks to queue
[2022-03-21 05:30:09,751] {logging_mixin.py:104} INFO - [2022-03-21 05:30:09,751] {dagbag.py:487} INFO - Filling up the DagBag from /home/airflow/sandbox/lib/python3.8/site-packages/airflow/example_dags/example_xcomargs.py
[2022-03-21 05:30:09,938] {scheduler_job.py:643} INFO - DAG(s) dict_keys(['example_xcom_args', 'example_xcom_args_with_operators']) retrieved from /home/airflow/sandbox/lib/python3.8/site-packages/airflow/example_dags/example_xcomargs.py
[2022-03-21 05:30:10,566] {logging_mixin.py:104} INFO - [2022-03-21 05:30:10,566] {dag.py:1832} INFO - Sync 2 DAGs
[2022-03-21 05:30:10,583] {logging_mixin.py:104} INFO - [2022-03-21 05:30:10,582] {dag.py:2305} INFO - Setting next_dagrun for example_xcom_args to None
[2022-03-21 05:30:10,584] {logging_mixin.py:104} INFO - [2022-03-21 05:30:10,584] {dag.py:2305} INFO - Setting next_dagrun for example_xcom_args_with_operators to None
[2022-03-21 05:30:10,630] {scheduler_job.py:190} INFO - Processing /home/airflow/sandbox/lib/python3.8/site-packages/airflow/example_dags/example_xcomargs.py took 0.889 seconds
[2022-03-21 05:30:48,756] {scheduler_job.py:182} INFO - Started process (PID=9952) to work on /home/airflow/sandbox/lib/python3.8/site-packages/airflow/example_dags/example_xcomargs.py
[2022-03-21 05:30:48,758] {scheduler_job.py:633} INFO - Processing file /home/airflow/sandbox/lib/python3.8/site-packages/airflow/example_dags/example_xcomargs.py for tasks to queue
[2022-03-21 05:30:48,760] {logging_mixin.py:104} INFO - [2022-03-21 05:30:48,759] {dagbag.py:487} INFO - Filling up the DagBag from /home/airflow/sandbox/lib/python3.8/site-packages/airflow/example_dags/example_xcomargs.py
[2022-03-21 05:30:48,790] {scheduler_job.py:643} INFO - DAG(s) dict_keys(['example_xcom_args', 'example_xcom_args_with_operators']) retrieved from /home/airflow/sandbox/lib/python3.8/site-packages/airflow/example_dags/example_xcomargs.py
[2022-03-21 05:30:49,293] {logging_mixin.py:104} INFO - [2022-03-21 05:30:49,292] {dag.py:1832} INFO - Sync 2 DAGs
[2022-03-21 05:30:49,307] {logging_mixin.py:104} INFO - [2022-03-21 05:30:49,307] {dag.py:2305} INFO - Setting next_dagrun for example_xcom_args to None
[2022-03-21 05:30:49,309] {logging_mixin.py:104} INFO - [2022-03-21 05:30:49,309] {dag.py:2305} INFO - Setting next_dagrun for example_xcom_args_with_operators to None
[2022-03-21 05:30:49,348] {scheduler_job.py:190} INFO - Processing /home/airflow/sandbox/lib/python3.8/site-packages/airflow/example_dags/example_xcomargs.py took 0.600 seconds
[2022-03-21 05:31:26,227] {scheduler_job.py:182} INFO - Started process (PID=9980) to work on /home/airflow/sandbox/lib/python3.8/site-packages/airflow/example_dags/example_xcomargs.py
[2022-03-21 05:31:26,254] {scheduler_job.py:633} INFO - Processing file /home/airflow/sandbox/lib/python3.8/site-packages/airflow/example_dags/example_xcomargs.py for tasks to queue
[2022-03-21 05:31:26,256] {logging_mixin.py:104} INFO - [2022-03-21 05:31:26,256] {dagbag.py:487} INFO - Filling up the DagBag from /home/airflow/sandbox/lib/python3.8/site-packages/airflow/example_dags/example_xcomargs.py
[2022-03-21 05:31:26,321] {scheduler_job.py:643} INFO - DAG(s) dict_keys(['example_xcom_args', 'example_xcom_args_with_operators']) retrieved from /home/airflow/sandbox/lib/python3.8/site-packages/airflow/example_dags/example_xcomargs.py
[2022-03-21 05:31:27,052] {logging_mixin.py:104} INFO - [2022-03-21 05:31:27,052] {dag.py:1832} INFO - Sync 2 DAGs
[2022-03-21 05:31:27,095] {logging_mixin.py:104} INFO - [2022-03-21 05:31:27,095] {dag.py:2305} INFO - Setting next_dagrun for example_xcom_args to None
[2022-03-21 05:31:27,103] {logging_mixin.py:104} INFO - [2022-03-21 05:31:27,103] {dag.py:2305} INFO - Setting next_dagrun for example_xcom_args_with_operators to None
[2022-03-21 05:31:27,141] {scheduler_job.py:190} INFO - Processing /home/airflow/sandbox/lib/python3.8/site-packages/airflow/example_dags/example_xcomargs.py took 0.936 seconds
[2022-03-21 05:32:07,944] {scheduler_job.py:182} INFO - Started process (PID=10013) to work on /home/airflow/sandbox/lib/python3.8/site-packages/airflow/example_dags/example_xcomargs.py
[2022-03-21 05:32:07,947] {scheduler_job.py:633} INFO - Processing file /home/airflow/sandbox/lib/python3.8/site-packages/airflow/example_dags/example_xcomargs.py for tasks to queue
[2022-03-21 05:32:07,948] {logging_mixin.py:104} INFO - [2022-03-21 05:32:07,948] {dagbag.py:487} INFO - Filling up the DagBag from /home/airflow/sandbox/lib/python3.8/site-packages/airflow/example_dags/example_xcomargs.py
[2022-03-21 05:32:07,975] {scheduler_job.py:643} INFO - DAG(s) dict_keys(['example_xcom_args', 'example_xcom_args_with_operators']) retrieved from /home/airflow/sandbox/lib/python3.8/site-packages/airflow/example_dags/example_xcomargs.py
[2022-03-21 05:32:08,480] {logging_mixin.py:104} INFO - [2022-03-21 05:32:08,480] {dag.py:1832} INFO - Sync 2 DAGs
[2022-03-21 05:32:08,500] {logging_mixin.py:104} INFO - [2022-03-21 05:32:08,500] {dag.py:2305} INFO - Setting next_dagrun for example_xcom_args to None
[2022-03-21 05:32:08,502] {logging_mixin.py:104} INFO - [2022-03-21 05:32:08,502] {dag.py:2305} INFO - Setting next_dagrun for example_xcom_args_with_operators to None
[2022-03-21 05:32:08,539] {scheduler_job.py:190} INFO - Processing /home/airflow/sandbox/lib/python3.8/site-packages/airflow/example_dags/example_xcomargs.py took 0.602 seconds
[2022-03-21 05:32:49,088] {scheduler_job.py:182} INFO - Started process (PID=10045) to work on /home/airflow/sandbox/lib/python3.8/site-packages/airflow/example_dags/example_xcomargs.py
[2022-03-21 05:32:49,090] {scheduler_job.py:633} INFO - Processing file /home/airflow/sandbox/lib/python3.8/site-packages/airflow/example_dags/example_xcomargs.py for tasks to queue
[2022-03-21 05:32:49,091] {logging_mixin.py:104} INFO - [2022-03-21 05:32:49,091] {dagbag.py:487} INFO - Filling up the DagBag from /home/airflow/sandbox/lib/python3.8/site-packages/airflow/example_dags/example_xcomargs.py
[2022-03-21 05:32:49,122] {scheduler_job.py:643} INFO - DAG(s) dict_keys(['example_xcom_args', 'example_xcom_args_with_operators']) retrieved from /home/airflow/sandbox/lib/python3.8/site-packages/airflow/example_dags/example_xcomargs.py
[2022-03-21 05:32:49,655] {logging_mixin.py:104} INFO - [2022-03-21 05:32:49,655] {dag.py:1832} INFO - Sync 2 DAGs
[2022-03-21 05:32:49,670] {logging_mixin.py:104} INFO - [2022-03-21 05:32:49,670] {dag.py:2305} INFO - Setting next_dagrun for example_xcom_args to None
[2022-03-21 05:32:49,672] {logging_mixin.py:104} INFO - [2022-03-21 05:32:49,672] {dag.py:2305} INFO - Setting next_dagrun for example_xcom_args_with_operators to None
[2022-03-21 05:32:49,739] {scheduler_job.py:190} INFO - Processing /home/airflow/sandbox/lib/python3.8/site-packages/airflow/example_dags/example_xcomargs.py took 0.659 seconds
[2022-03-21 05:33:33,473] {scheduler_job.py:182} INFO - Started process (PID=10078) to work on /home/airflow/sandbox/lib/python3.8/site-packages/airflow/example_dags/example_xcomargs.py
[2022-03-21 05:33:33,475] {scheduler_job.py:633} INFO - Processing file /home/airflow/sandbox/lib/python3.8/site-packages/airflow/example_dags/example_xcomargs.py for tasks to queue
[2022-03-21 05:33:33,476] {logging_mixin.py:104} INFO - [2022-03-21 05:33:33,476] {dagbag.py:487} INFO - Filling up the DagBag from /home/airflow/sandbox/lib/python3.8/site-packages/airflow/example_dags/example_xcomargs.py
[2022-03-21 05:33:33,506] {scheduler_job.py:643} INFO - DAG(s) dict_keys(['example_xcom_args', 'example_xcom_args_with_operators']) retrieved from /home/airflow/sandbox/lib/python3.8/site-packages/airflow/example_dags/example_xcomargs.py
[2022-03-21 05:33:34,002] {logging_mixin.py:104} INFO - [2022-03-21 05:33:34,002] {dag.py:1832} INFO - Sync 2 DAGs
[2022-03-21 05:33:34,020] {logging_mixin.py:104} INFO - [2022-03-21 05:33:34,020] {dag.py:2305} INFO - Setting next_dagrun for example_xcom_args to None
[2022-03-21 05:33:34,022] {logging_mixin.py:104} INFO - [2022-03-21 05:33:34,022] {dag.py:2305} INFO - Setting next_dagrun for example_xcom_args_with_operators to None
[2022-03-21 05:33:34,067] {scheduler_job.py:190} INFO - Processing /home/airflow/sandbox/lib/python3.8/site-packages/airflow/example_dags/example_xcomargs.py took 0.600 seconds
[2022-03-21 05:34:16,329] {scheduler_job.py:182} INFO - Started process (PID=10110) to work on /home/airflow/sandbox/lib/python3.8/site-packages/airflow/example_dags/example_xcomargs.py
[2022-03-21 05:34:16,337] {scheduler_job.py:633} INFO - Processing file /home/airflow/sandbox/lib/python3.8/site-packages/airflow/example_dags/example_xcomargs.py for tasks to queue
[2022-03-21 05:34:16,342] {logging_mixin.py:104} INFO - [2022-03-21 05:34:16,342] {dagbag.py:487} INFO - Filling up the DagBag from /home/airflow/sandbox/lib/python3.8/site-packages/airflow/example_dags/example_xcomargs.py
[2022-03-21 05:34:16,371] {scheduler_job.py:643} INFO - DAG(s) dict_keys(['example_xcom_args', 'example_xcom_args_with_operators']) retrieved from /home/airflow/sandbox/lib/python3.8/site-packages/airflow/example_dags/example_xcomargs.py
[2022-03-21 05:34:16,876] {logging_mixin.py:104} INFO - [2022-03-21 05:34:16,875] {dag.py:1832} INFO - Sync 2 DAGs
[2022-03-21 05:34:16,894] {logging_mixin.py:104} INFO - [2022-03-21 05:34:16,894] {dag.py:2305} INFO - Setting next_dagrun for example_xcom_args to None
[2022-03-21 05:34:16,896] {logging_mixin.py:104} INFO - [2022-03-21 05:34:16,896] {dag.py:2305} INFO - Setting next_dagrun for example_xcom_args_with_operators to None
[2022-03-21 05:34:16,941] {scheduler_job.py:190} INFO - Processing /home/airflow/sandbox/lib/python3.8/site-packages/airflow/example_dags/example_xcomargs.py took 0.631 seconds
[2022-03-21 05:35:04,625] {scheduler_job.py:182} INFO - Started process (PID=10145) to work on /home/airflow/sandbox/lib/python3.8/site-packages/airflow/example_dags/example_xcomargs.py
[2022-03-21 05:35:04,629] {scheduler_job.py:633} INFO - Processing file /home/airflow/sandbox/lib/python3.8/site-packages/airflow/example_dags/example_xcomargs.py for tasks to queue
[2022-03-21 05:35:04,630] {logging_mixin.py:104} INFO - [2022-03-21 05:35:04,630] {dagbag.py:487} INFO - Filling up the DagBag from /home/airflow/sandbox/lib/python3.8/site-packages/airflow/example_dags/example_xcomargs.py
[2022-03-21 05:35:04,662] {scheduler_job.py:643} INFO - DAG(s) dict_keys(['example_xcom_args', 'example_xcom_args_with_operators']) retrieved from /home/airflow/sandbox/lib/python3.8/site-packages/airflow/example_dags/example_xcomargs.py
[2022-03-21 05:35:05,194] {logging_mixin.py:104} INFO - [2022-03-21 05:35:05,194] {dag.py:1832} INFO - Sync 2 DAGs
[2022-03-21 05:35:05,211] {logging_mixin.py:104} INFO - [2022-03-21 05:35:05,211] {dag.py:2305} INFO - Setting next_dagrun for example_xcom_args to None
[2022-03-21 05:35:05,213] {logging_mixin.py:104} INFO - [2022-03-21 05:35:05,213] {dag.py:2305} INFO - Setting next_dagrun for example_xcom_args_with_operators to None
[2022-03-21 05:35:05,251] {scheduler_job.py:190} INFO - Processing /home/airflow/sandbox/lib/python3.8/site-packages/airflow/example_dags/example_xcomargs.py took 0.647 seconds
[2022-03-21 05:35:49,651] {scheduler_job.py:182} INFO - Started process (PID=10235) to work on /home/airflow/sandbox/lib/python3.8/site-packages/airflow/example_dags/example_xcomargs.py
[2022-03-21 05:35:49,656] {scheduler_job.py:633} INFO - Processing file /home/airflow/sandbox/lib/python3.8/site-packages/airflow/example_dags/example_xcomargs.py for tasks to queue
[2022-03-21 05:35:49,658] {logging_mixin.py:104} INFO - [2022-03-21 05:35:49,658] {dagbag.py:487} INFO - Filling up the DagBag from /home/airflow/sandbox/lib/python3.8/site-packages/airflow/example_dags/example_xcomargs.py
[2022-03-21 05:35:49,704] {scheduler_job.py:643} INFO - DAG(s) dict_keys(['example_xcom_args', 'example_xcom_args_with_operators']) retrieved from /home/airflow/sandbox/lib/python3.8/site-packages/airflow/example_dags/example_xcomargs.py
[2022-03-21 05:35:50,361] {logging_mixin.py:104} INFO - [2022-03-21 05:35:50,361] {dag.py:1832} INFO - Sync 2 DAGs
[2022-03-21 05:35:50,380] {logging_mixin.py:104} INFO - [2022-03-21 05:35:50,380] {dag.py:2305} INFO - Setting next_dagrun for example_xcom_args to None
[2022-03-21 05:35:50,382] {logging_mixin.py:104} INFO - [2022-03-21 05:35:50,381] {dag.py:2305} INFO - Setting next_dagrun for example_xcom_args_with_operators to None
[2022-03-21 05:35:50,419] {scheduler_job.py:190} INFO - Processing /home/airflow/sandbox/lib/python3.8/site-packages/airflow/example_dags/example_xcomargs.py took 0.776 seconds
[2022-03-21 05:36:38,025] {scheduler_job.py:182} INFO - Started process (PID=10269) to work on /home/airflow/sandbox/lib/python3.8/site-packages/airflow/example_dags/example_xcomargs.py
[2022-03-21 05:36:38,027] {scheduler_job.py:633} INFO - Processing file /home/airflow/sandbox/lib/python3.8/site-packages/airflow/example_dags/example_xcomargs.py for tasks to queue
[2022-03-21 05:36:38,029] {logging_mixin.py:104} INFO - [2022-03-21 05:36:38,028] {dagbag.py:487} INFO - Filling up the DagBag from /home/airflow/sandbox/lib/python3.8/site-packages/airflow/example_dags/example_xcomargs.py
[2022-03-21 05:36:38,059] {scheduler_job.py:643} INFO - DAG(s) dict_keys(['example_xcom_args', 'example_xcom_args_with_operators']) retrieved from /home/airflow/sandbox/lib/python3.8/site-packages/airflow/example_dags/example_xcomargs.py
[2022-03-21 05:36:38,096] {logging_mixin.py:104} INFO - [2022-03-21 05:36:38,096] {dag.py:1832} INFO - Sync 2 DAGs
[2022-03-21 05:36:38,120] {logging_mixin.py:104} INFO - [2022-03-21 05:36:38,120] {dag.py:2305} INFO - Setting next_dagrun for example_xcom_args to None
[2022-03-21 05:36:38,122] {logging_mixin.py:104} INFO - [2022-03-21 05:36:38,121] {dag.py:2305} INFO - Setting next_dagrun for example_xcom_args_with_operators to None
[2022-03-21 05:36:38,157] {scheduler_job.py:190} INFO - Processing /home/airflow/sandbox/lib/python3.8/site-packages/airflow/example_dags/example_xcomargs.py took 0.140 seconds
[2022-03-21 05:37:22,784] {scheduler_job.py:182} INFO - Started process (PID=10302) to work on /home/airflow/sandbox/lib/python3.8/site-packages/airflow/example_dags/example_xcomargs.py
[2022-03-21 05:37:22,792] {scheduler_job.py:633} INFO - Processing file /home/airflow/sandbox/lib/python3.8/site-packages/airflow/example_dags/example_xcomargs.py for tasks to queue
[2022-03-21 05:37:22,810] {logging_mixin.py:104} INFO - [2022-03-21 05:37:22,810] {dagbag.py:487} INFO - Filling up the DagBag from /home/airflow/sandbox/lib/python3.8/site-packages/airflow/example_dags/example_xcomargs.py
[2022-03-21 05:37:22,916] {scheduler_job.py:643} INFO - DAG(s) dict_keys(['example_xcom_args', 'example_xcom_args_with_operators']) retrieved from /home/airflow/sandbox/lib/python3.8/site-packages/airflow/example_dags/example_xcomargs.py
[2022-03-21 05:37:22,964] {logging_mixin.py:104} INFO - [2022-03-21 05:37:22,964] {dag.py:1832} INFO - Sync 2 DAGs
[2022-03-21 05:37:22,987] {logging_mixin.py:104} INFO - [2022-03-21 05:37:22,987] {dag.py:2305} INFO - Setting next_dagrun for example_xcom_args to None
[2022-03-21 05:37:22,993] {logging_mixin.py:104} INFO - [2022-03-21 05:37:22,993] {dag.py:2305} INFO - Setting next_dagrun for example_xcom_args_with_operators to None
[2022-03-21 05:37:23,038] {scheduler_job.py:190} INFO - Processing /home/airflow/sandbox/lib/python3.8/site-packages/airflow/example_dags/example_xcomargs.py took 0.266 seconds
[2022-03-21 05:38:07,040] {scheduler_job.py:182} INFO - Started process (PID=10336) to work on /home/airflow/sandbox/lib/python3.8/site-packages/airflow/example_dags/example_xcomargs.py
[2022-03-21 05:38:07,043] {scheduler_job.py:633} INFO - Processing file /home/airflow/sandbox/lib/python3.8/site-packages/airflow/example_dags/example_xcomargs.py for tasks to queue
[2022-03-21 05:38:07,044] {logging_mixin.py:104} INFO - [2022-03-21 05:38:07,044] {dagbag.py:487} INFO - Filling up the DagBag from /home/airflow/sandbox/lib/python3.8/site-packages/airflow/example_dags/example_xcomargs.py
[2022-03-21 05:38:07,075] {scheduler_job.py:643} INFO - DAG(s) dict_keys(['example_xcom_args', 'example_xcom_args_with_operators']) retrieved from /home/airflow/sandbox/lib/python3.8/site-packages/airflow/example_dags/example_xcomargs.py
[2022-03-21 05:38:07,615] {logging_mixin.py:104} INFO - [2022-03-21 05:38:07,614] {dag.py:1832} INFO - Sync 2 DAGs
[2022-03-21 05:38:07,633] {logging_mixin.py:104} INFO - [2022-03-21 05:38:07,633] {dag.py:2305} INFO - Setting next_dagrun for example_xcom_args to None
[2022-03-21 05:38:07,635] {logging_mixin.py:104} INFO - [2022-03-21 05:38:07,635] {dag.py:2305} INFO - Setting next_dagrun for example_xcom_args_with_operators to None
[2022-03-21 05:38:07,673] {scheduler_job.py:190} INFO - Processing /home/airflow/sandbox/lib/python3.8/site-packages/airflow/example_dags/example_xcomargs.py took 0.640 seconds
[2022-03-21 05:38:49,797] {scheduler_job.py:182} INFO - Started process (PID=10370) to work on /home/airflow/sandbox/lib/python3.8/site-packages/airflow/example_dags/example_xcomargs.py
[2022-03-21 05:38:49,799] {scheduler_job.py:633} INFO - Processing file /home/airflow/sandbox/lib/python3.8/site-packages/airflow/example_dags/example_xcomargs.py for tasks to queue
[2022-03-21 05:38:49,800] {logging_mixin.py:104} INFO - [2022-03-21 05:38:49,800] {dagbag.py:487} INFO - Filling up the DagBag from /home/airflow/sandbox/lib/python3.8/site-packages/airflow/example_dags/example_xcomargs.py
[2022-03-21 05:38:49,831] {scheduler_job.py:643} INFO - DAG(s) dict_keys(['example_xcom_args', 'example_xcom_args_with_operators']) retrieved from /home/airflow/sandbox/lib/python3.8/site-packages/airflow/example_dags/example_xcomargs.py
[2022-03-21 05:38:50,586] {logging_mixin.py:104} INFO - [2022-03-21 05:38:50,586] {dag.py:1832} INFO - Sync 2 DAGs
[2022-03-21 05:38:50,616] {logging_mixin.py:104} INFO - [2022-03-21 05:38:50,616] {dag.py:2305} INFO - Setting next_dagrun for example_xcom_args to None
[2022-03-21 05:38:50,618] {logging_mixin.py:104} INFO - [2022-03-21 05:38:50,617] {dag.py:2305} INFO - Setting next_dagrun for example_xcom_args_with_operators to None
[2022-03-21 05:38:50,700] {scheduler_job.py:190} INFO - Processing /home/airflow/sandbox/lib/python3.8/site-packages/airflow/example_dags/example_xcomargs.py took 0.913 seconds
[2022-03-21 05:39:38,132] {scheduler_job.py:182} INFO - Started process (PID=10404) to work on /home/airflow/sandbox/lib/python3.8/site-packages/airflow/example_dags/example_xcomargs.py
[2022-03-21 05:39:38,138] {scheduler_job.py:633} INFO - Processing file /home/airflow/sandbox/lib/python3.8/site-packages/airflow/example_dags/example_xcomargs.py for tasks to queue
[2022-03-21 05:39:38,140] {logging_mixin.py:104} INFO - [2022-03-21 05:39:38,140] {dagbag.py:487} INFO - Filling up the DagBag from /home/airflow/sandbox/lib/python3.8/site-packages/airflow/example_dags/example_xcomargs.py
[2022-03-21 05:39:38,177] {scheduler_job.py:643} INFO - DAG(s) dict_keys(['example_xcom_args', 'example_xcom_args_with_operators']) retrieved from /home/airflow/sandbox/lib/python3.8/site-packages/airflow/example_dags/example_xcomargs.py
[2022-03-21 05:39:38,923] {logging_mixin.py:104} INFO - [2022-03-21 05:39:38,923] {dag.py:1832} INFO - Sync 2 DAGs
[2022-03-21 05:39:38,951] {logging_mixin.py:104} INFO - [2022-03-21 05:39:38,950] {dag.py:2305} INFO - Setting next_dagrun for example_xcom_args to None
[2022-03-21 05:39:38,954] {logging_mixin.py:104} INFO - [2022-03-21 05:39:38,953] {dag.py:2305} INFO - Setting next_dagrun for example_xcom_args_with_operators to None
[2022-03-21 05:39:39,067] {scheduler_job.py:190} INFO - Processing /home/airflow/sandbox/lib/python3.8/site-packages/airflow/example_dags/example_xcomargs.py took 0.943 seconds
[2022-03-21 05:40:20,062] {scheduler_job.py:182} INFO - Started process (PID=10437) to work on /home/airflow/sandbox/lib/python3.8/site-packages/airflow/example_dags/example_xcomargs.py
[2022-03-21 05:40:20,067] {scheduler_job.py:633} INFO - Processing file /home/airflow/sandbox/lib/python3.8/site-packages/airflow/example_dags/example_xcomargs.py for tasks to queue
[2022-03-21 05:40:20,068] {logging_mixin.py:104} INFO - [2022-03-21 05:40:20,068] {dagbag.py:487} INFO - Filling up the DagBag from /home/airflow/sandbox/lib/python3.8/site-packages/airflow/example_dags/example_xcomargs.py
[2022-03-21 05:40:20,103] {scheduler_job.py:643} INFO - DAG(s) dict_keys(['example_xcom_args', 'example_xcom_args_with_operators']) retrieved from /home/airflow/sandbox/lib/python3.8/site-packages/airflow/example_dags/example_xcomargs.py
[2022-03-21 05:40:20,733] {logging_mixin.py:104} INFO - [2022-03-21 05:40:20,733] {dag.py:1832} INFO - Sync 2 DAGs
[2022-03-21 05:40:20,753] {logging_mixin.py:104} INFO - [2022-03-21 05:40:20,753] {dag.py:2305} INFO - Setting next_dagrun for example_xcom_args to None
[2022-03-21 05:40:20,754] {logging_mixin.py:104} INFO - [2022-03-21 05:40:20,754] {dag.py:2305} INFO - Setting next_dagrun for example_xcom_args_with_operators to None
[2022-03-21 05:40:20,794] {scheduler_job.py:190} INFO - Processing /home/airflow/sandbox/lib/python3.8/site-packages/airflow/example_dags/example_xcomargs.py took 0.743 seconds
[2022-03-21 05:40:58,935] {scheduler_job.py:182} INFO - Started process (PID=10523) to work on /home/airflow/sandbox/lib/python3.8/site-packages/airflow/example_dags/example_xcomargs.py
[2022-03-21 05:40:58,941] {scheduler_job.py:633} INFO - Processing file /home/airflow/sandbox/lib/python3.8/site-packages/airflow/example_dags/example_xcomargs.py for tasks to queue
[2022-03-21 05:40:58,943] {logging_mixin.py:104} INFO - [2022-03-21 05:40:58,943] {dagbag.py:487} INFO - Filling up the DagBag from /home/airflow/sandbox/lib/python3.8/site-packages/airflow/example_dags/example_xcomargs.py
[2022-03-21 05:40:58,985] {scheduler_job.py:643} INFO - DAG(s) dict_keys(['example_xcom_args', 'example_xcom_args_with_operators']) retrieved from /home/airflow/sandbox/lib/python3.8/site-packages/airflow/example_dags/example_xcomargs.py
[2022-03-21 05:40:59,702] {logging_mixin.py:104} INFO - [2022-03-21 05:40:59,701] {dag.py:1832} INFO - Sync 2 DAGs
[2022-03-21 05:40:59,725] {logging_mixin.py:104} INFO - [2022-03-21 05:40:59,724] {dag.py:2305} INFO - Setting next_dagrun for example_xcom_args to None
[2022-03-21 05:40:59,726] {logging_mixin.py:104} INFO - [2022-03-21 05:40:59,726] {dag.py:2305} INFO - Setting next_dagrun for example_xcom_args_with_operators to None
[2022-03-21 05:40:59,783] {scheduler_job.py:190} INFO - Processing /home/airflow/sandbox/lib/python3.8/site-packages/airflow/example_dags/example_xcomargs.py took 0.855 seconds
[2022-03-21 05:41:45,627] {scheduler_job.py:182} INFO - Started process (PID=10557) to work on /home/airflow/sandbox/lib/python3.8/site-packages/airflow/example_dags/example_xcomargs.py
[2022-03-21 05:41:45,633] {scheduler_job.py:633} INFO - Processing file /home/airflow/sandbox/lib/python3.8/site-packages/airflow/example_dags/example_xcomargs.py for tasks to queue
[2022-03-21 05:41:45,635] {logging_mixin.py:104} INFO - [2022-03-21 05:41:45,634] {dagbag.py:487} INFO - Filling up the DagBag from /home/airflow/sandbox/lib/python3.8/site-packages/airflow/example_dags/example_xcomargs.py
[2022-03-21 05:41:45,676] {scheduler_job.py:643} INFO - DAG(s) dict_keys(['example_xcom_args', 'example_xcom_args_with_operators']) retrieved from /home/airflow/sandbox/lib/python3.8/site-packages/airflow/example_dags/example_xcomargs.py
[2022-03-21 05:41:45,766] {logging_mixin.py:104} INFO - [2022-03-21 05:41:45,758] {dag.py:1832} INFO - Sync 2 DAGs
[2022-03-21 05:41:45,790] {logging_mixin.py:104} INFO - [2022-03-21 05:41:45,789] {dag.py:2305} INFO - Setting next_dagrun for example_xcom_args to None
[2022-03-21 05:41:45,793] {logging_mixin.py:104} INFO - [2022-03-21 05:41:45,793] {dag.py:2305} INFO - Setting next_dagrun for example_xcom_args_with_operators to None
[2022-03-21 05:41:45,856] {scheduler_job.py:190} INFO - Processing /home/airflow/sandbox/lib/python3.8/site-packages/airflow/example_dags/example_xcomargs.py took 0.239 seconds
[2022-03-21 05:42:31,783] {scheduler_job.py:182} INFO - Started process (PID=10590) to work on /home/airflow/sandbox/lib/python3.8/site-packages/airflow/example_dags/example_xcomargs.py
[2022-03-21 05:42:31,793] {scheduler_job.py:633} INFO - Processing file /home/airflow/sandbox/lib/python3.8/site-packages/airflow/example_dags/example_xcomargs.py for tasks to queue
[2022-03-21 05:42:31,796] {logging_mixin.py:104} INFO - [2022-03-21 05:42:31,795] {dagbag.py:487} INFO - Filling up the DagBag from /home/airflow/sandbox/lib/python3.8/site-packages/airflow/example_dags/example_xcomargs.py
[2022-03-21 05:42:31,844] {scheduler_job.py:643} INFO - DAG(s) dict_keys(['example_xcom_args', 'example_xcom_args_with_operators']) retrieved from /home/airflow/sandbox/lib/python3.8/site-packages/airflow/example_dags/example_xcomargs.py
[2022-03-21 05:42:31,888] {logging_mixin.py:104} INFO - [2022-03-21 05:42:31,887] {dag.py:1832} INFO - Sync 2 DAGs
[2022-03-21 05:42:31,914] {logging_mixin.py:104} INFO - [2022-03-21 05:42:31,914] {dag.py:2305} INFO - Setting next_dagrun for example_xcom_args to None
[2022-03-21 05:42:31,917] {logging_mixin.py:104} INFO - [2022-03-21 05:42:31,916] {dag.py:2305} INFO - Setting next_dagrun for example_xcom_args_with_operators to None
[2022-03-21 05:42:31,973] {scheduler_job.py:190} INFO - Processing /home/airflow/sandbox/lib/python3.8/site-packages/airflow/example_dags/example_xcomargs.py took 0.198 seconds
[2022-03-21 05:43:21,846] {scheduler_job.py:182} INFO - Started process (PID=10626) to work on /home/airflow/sandbox/lib/python3.8/site-packages/airflow/example_dags/example_xcomargs.py
[2022-03-21 05:43:21,852] {scheduler_job.py:633} INFO - Processing file /home/airflow/sandbox/lib/python3.8/site-packages/airflow/example_dags/example_xcomargs.py for tasks to queue
[2022-03-21 05:43:21,854] {logging_mixin.py:104} INFO - [2022-03-21 05:43:21,853] {dagbag.py:487} INFO - Filling up the DagBag from /home/airflow/sandbox/lib/python3.8/site-packages/airflow/example_dags/example_xcomargs.py
[2022-03-21 05:43:21,888] {scheduler_job.py:643} INFO - DAG(s) dict_keys(['example_xcom_args', 'example_xcom_args_with_operators']) retrieved from /home/airflow/sandbox/lib/python3.8/site-packages/airflow/example_dags/example_xcomargs.py
[2022-03-21 05:43:23,053] {logging_mixin.py:104} INFO - [2022-03-21 05:43:23,053] {dag.py:1832} INFO - Sync 2 DAGs
[2022-03-21 05:43:23,081] {logging_mixin.py:104} INFO - [2022-03-21 05:43:23,081] {dag.py:2305} INFO - Setting next_dagrun for example_xcom_args to None
[2022-03-21 05:43:23,084] {logging_mixin.py:104} INFO - [2022-03-21 05:43:23,084] {dag.py:2305} INFO - Setting next_dagrun for example_xcom_args_with_operators to None
[2022-03-21 05:43:23,165] {scheduler_job.py:190} INFO - Processing /home/airflow/sandbox/lib/python3.8/site-packages/airflow/example_dags/example_xcomargs.py took 1.326 seconds
[2022-03-21 05:44:02,808] {scheduler_job.py:182} INFO - Started process (PID=10653) to work on /home/airflow/sandbox/lib/python3.8/site-packages/airflow/example_dags/example_xcomargs.py
[2022-03-21 05:44:02,811] {scheduler_job.py:633} INFO - Processing file /home/airflow/sandbox/lib/python3.8/site-packages/airflow/example_dags/example_xcomargs.py for tasks to queue
[2022-03-21 05:44:02,812] {logging_mixin.py:104} INFO - [2022-03-21 05:44:02,812] {dagbag.py:487} INFO - Filling up the DagBag from /home/airflow/sandbox/lib/python3.8/site-packages/airflow/example_dags/example_xcomargs.py
[2022-03-21 05:44:02,854] {scheduler_job.py:643} INFO - DAG(s) dict_keys(['example_xcom_args', 'example_xcom_args_with_operators']) retrieved from /home/airflow/sandbox/lib/python3.8/site-packages/airflow/example_dags/example_xcomargs.py
[2022-03-21 05:44:03,624] {logging_mixin.py:104} INFO - [2022-03-21 05:44:03,624] {dag.py:1832} INFO - Sync 2 DAGs
[2022-03-21 05:44:03,644] {logging_mixin.py:104} INFO - [2022-03-21 05:44:03,643] {dag.py:2305} INFO - Setting next_dagrun for example_xcom_args to None
[2022-03-21 05:44:03,645] {logging_mixin.py:104} INFO - [2022-03-21 05:44:03,645] {dag.py:2305} INFO - Setting next_dagrun for example_xcom_args_with_operators to None
[2022-03-21 05:44:03,681] {scheduler_job.py:190} INFO - Processing /home/airflow/sandbox/lib/python3.8/site-packages/airflow/example_dags/example_xcomargs.py took 0.884 seconds
[2022-03-21 05:44:39,184] {scheduler_job.py:182} INFO - Started process (PID=10679) to work on /home/airflow/sandbox/lib/python3.8/site-packages/airflow/example_dags/example_xcomargs.py
[2022-03-21 05:44:39,186] {scheduler_job.py:633} INFO - Processing file /home/airflow/sandbox/lib/python3.8/site-packages/airflow/example_dags/example_xcomargs.py for tasks to queue
[2022-03-21 05:44:39,188] {logging_mixin.py:104} INFO - [2022-03-21 05:44:39,187] {dagbag.py:487} INFO - Filling up the DagBag from /home/airflow/sandbox/lib/python3.8/site-packages/airflow/example_dags/example_xcomargs.py
[2022-03-21 05:44:39,217] {scheduler_job.py:643} INFO - DAG(s) dict_keys(['example_xcom_args', 'example_xcom_args_with_operators']) retrieved from /home/airflow/sandbox/lib/python3.8/site-packages/airflow/example_dags/example_xcomargs.py
[2022-03-21 05:44:39,737] {logging_mixin.py:104} INFO - [2022-03-21 05:44:39,737] {dag.py:1832} INFO - Sync 2 DAGs
[2022-03-21 05:44:39,759] {logging_mixin.py:104} INFO - [2022-03-21 05:44:39,759] {dag.py:2305} INFO - Setting next_dagrun for example_xcom_args to None
[2022-03-21 05:44:39,760] {logging_mixin.py:104} INFO - [2022-03-21 05:44:39,760] {dag.py:2305} INFO - Setting next_dagrun for example_xcom_args_with_operators to None
[2022-03-21 05:44:39,825] {scheduler_job.py:190} INFO - Processing /home/airflow/sandbox/lib/python3.8/site-packages/airflow/example_dags/example_xcomargs.py took 0.649 seconds
[2022-03-21 05:45:28,294] {scheduler_job.py:182} INFO - Started process (PID=10743) to work on /home/airflow/sandbox/lib/python3.8/site-packages/airflow/example_dags/example_xcomargs.py
[2022-03-21 05:45:28,297] {scheduler_job.py:633} INFO - Processing file /home/airflow/sandbox/lib/python3.8/site-packages/airflow/example_dags/example_xcomargs.py for tasks to queue
[2022-03-21 05:45:28,299] {logging_mixin.py:104} INFO - [2022-03-21 05:45:28,298] {dagbag.py:487} INFO - Filling up the DagBag from /home/airflow/sandbox/lib/python3.8/site-packages/airflow/example_dags/example_xcomargs.py
[2022-03-21 05:45:28,332] {scheduler_job.py:643} INFO - DAG(s) dict_keys(['example_xcom_args', 'example_xcom_args_with_operators']) retrieved from /home/airflow/sandbox/lib/python3.8/site-packages/airflow/example_dags/example_xcomargs.py
[2022-03-21 05:45:29,004] {logging_mixin.py:104} INFO - [2022-03-21 05:45:29,003] {dag.py:1832} INFO - Sync 2 DAGs
[2022-03-21 05:45:29,028] {logging_mixin.py:104} INFO - [2022-03-21 05:45:29,028] {dag.py:2305} INFO - Setting next_dagrun for example_xcom_args to None
[2022-03-21 05:45:29,029] {logging_mixin.py:104} INFO - [2022-03-21 05:45:29,029] {dag.py:2305} INFO - Setting next_dagrun for example_xcom_args_with_operators to None
[2022-03-21 05:45:29,071] {scheduler_job.py:190} INFO - Processing /home/airflow/sandbox/lib/python3.8/site-packages/airflow/example_dags/example_xcomargs.py took 0.783 seconds
[2022-03-21 05:46:11,128] {scheduler_job.py:182} INFO - Started process (PID=10831) to work on /home/airflow/sandbox/lib/python3.8/site-packages/airflow/example_dags/example_xcomargs.py
[2022-03-21 05:46:11,154] {scheduler_job.py:633} INFO - Processing file /home/airflow/sandbox/lib/python3.8/site-packages/airflow/example_dags/example_xcomargs.py for tasks to queue
[2022-03-21 05:46:11,155] {logging_mixin.py:104} INFO - [2022-03-21 05:46:11,155] {dagbag.py:487} INFO - Filling up the DagBag from /home/airflow/sandbox/lib/python3.8/site-packages/airflow/example_dags/example_xcomargs.py
[2022-03-21 05:46:11,261] {scheduler_job.py:643} INFO - DAG(s) dict_keys(['example_xcom_args', 'example_xcom_args_with_operators']) retrieved from /home/airflow/sandbox/lib/python3.8/site-packages/airflow/example_dags/example_xcomargs.py
[2022-03-21 05:46:12,875] {logging_mixin.py:104} INFO - [2022-03-21 05:46:12,875] {dag.py:1832} INFO - Sync 2 DAGs
[2022-03-21 05:46:12,982] {logging_mixin.py:104} INFO - [2022-03-21 05:46:12,982] {dag.py:2305} INFO - Setting next_dagrun for example_xcom_args to None
[2022-03-21 05:46:12,986] {logging_mixin.py:104} INFO - [2022-03-21 05:46:12,986] {dag.py:2305} INFO - Setting next_dagrun for example_xcom_args_with_operators to None
[2022-03-21 05:46:13,063] {scheduler_job.py:190} INFO - Processing /home/airflow/sandbox/lib/python3.8/site-packages/airflow/example_dags/example_xcomargs.py took 1.942 seconds
[2022-03-21 05:47:22,904] {scheduler_job.py:182} INFO - Started process (PID=11548) to work on /home/airflow/sandbox/lib/python3.8/site-packages/airflow/example_dags/example_xcomargs.py
[2022-03-21 05:47:22,906] {scheduler_job.py:633} INFO - Processing file /home/airflow/sandbox/lib/python3.8/site-packages/airflow/example_dags/example_xcomargs.py for tasks to queue
[2022-03-21 05:47:22,908] {logging_mixin.py:104} INFO - [2022-03-21 05:47:22,907] {dagbag.py:487} INFO - Filling up the DagBag from /home/airflow/sandbox/lib/python3.8/site-packages/airflow/example_dags/example_xcomargs.py
[2022-03-21 05:47:22,940] {scheduler_job.py:643} INFO - DAG(s) dict_keys(['example_xcom_args', 'example_xcom_args_with_operators']) retrieved from /home/airflow/sandbox/lib/python3.8/site-packages/airflow/example_dags/example_xcomargs.py
[2022-03-21 05:47:22,979] {logging_mixin.py:104} INFO - [2022-03-21 05:47:22,979] {dag.py:1832} INFO - Sync 2 DAGs
[2022-03-21 05:47:23,000] {logging_mixin.py:104} INFO - [2022-03-21 05:47:22,999] {dag.py:2305} INFO - Setting next_dagrun for example_xcom_args to None
[2022-03-21 05:47:23,001] {logging_mixin.py:104} INFO - [2022-03-21 05:47:23,001] {dag.py:2305} INFO - Setting next_dagrun for example_xcom_args_with_operators to None
[2022-03-21 05:47:23,077] {scheduler_job.py:190} INFO - Processing /home/airflow/sandbox/lib/python3.8/site-packages/airflow/example_dags/example_xcomargs.py took 0.182 seconds
[2022-03-21 05:48:02,389] {scheduler_job.py:182} INFO - Started process (PID=11755) to work on /home/airflow/sandbox/lib/python3.8/site-packages/airflow/example_dags/example_xcomargs.py
[2022-03-21 05:48:02,393] {scheduler_job.py:633} INFO - Processing file /home/airflow/sandbox/lib/python3.8/site-packages/airflow/example_dags/example_xcomargs.py for tasks to queue
[2022-03-21 05:48:02,395] {logging_mixin.py:104} INFO - [2022-03-21 05:48:02,395] {dagbag.py:487} INFO - Filling up the DagBag from /home/airflow/sandbox/lib/python3.8/site-packages/airflow/example_dags/example_xcomargs.py
[2022-03-21 05:48:02,448] {scheduler_job.py:643} INFO - DAG(s) dict_keys(['example_xcom_args', 'example_xcom_args_with_operators']) retrieved from /home/airflow/sandbox/lib/python3.8/site-packages/airflow/example_dags/example_xcomargs.py
[2022-03-21 05:48:02,569] {logging_mixin.py:104} INFO - [2022-03-21 05:48:02,567] {dag.py:1832} INFO - Sync 2 DAGs
[2022-03-21 05:48:02,614] {logging_mixin.py:104} INFO - [2022-03-21 05:48:02,614] {dag.py:2305} INFO - Setting next_dagrun for example_xcom_args to None
[2022-03-21 05:48:02,619] {logging_mixin.py:104} INFO - [2022-03-21 05:48:02,619] {dag.py:2305} INFO - Setting next_dagrun for example_xcom_args_with_operators to None
[2022-03-21 05:48:02,759] {scheduler_job.py:190} INFO - Processing /home/airflow/sandbox/lib/python3.8/site-packages/airflow/example_dags/example_xcomargs.py took 0.380 seconds
[2022-03-21 05:48:47,283] {scheduler_job.py:182} INFO - Started process (PID=12028) to work on /home/airflow/sandbox/lib/python3.8/site-packages/airflow/example_dags/example_xcomargs.py
[2022-03-21 05:48:47,285] {scheduler_job.py:633} INFO - Processing file /home/airflow/sandbox/lib/python3.8/site-packages/airflow/example_dags/example_xcomargs.py for tasks to queue
[2022-03-21 05:48:47,287] {logging_mixin.py:104} INFO - [2022-03-21 05:48:47,286] {dagbag.py:487} INFO - Filling up the DagBag from /home/airflow/sandbox/lib/python3.8/site-packages/airflow/example_dags/example_xcomargs.py
[2022-03-21 05:48:47,316] {scheduler_job.py:643} INFO - DAG(s) dict_keys(['example_xcom_args', 'example_xcom_args_with_operators']) retrieved from /home/airflow/sandbox/lib/python3.8/site-packages/airflow/example_dags/example_xcomargs.py
[2022-03-21 05:48:47,898] {logging_mixin.py:104} INFO - [2022-03-21 05:48:47,898] {dag.py:1832} INFO - Sync 2 DAGs
[2022-03-21 05:48:47,919] {logging_mixin.py:104} INFO - [2022-03-21 05:48:47,919] {dag.py:2305} INFO - Setting next_dagrun for example_xcom_args to None
[2022-03-21 05:48:47,920] {logging_mixin.py:104} INFO - [2022-03-21 05:48:47,920] {dag.py:2305} INFO - Setting next_dagrun for example_xcom_args_with_operators to None
[2022-03-21 05:48:47,980] {scheduler_job.py:190} INFO - Processing /home/airflow/sandbox/lib/python3.8/site-packages/airflow/example_dags/example_xcomargs.py took 0.704 seconds
[2022-03-21 05:49:34,374] {scheduler_job.py:182} INFO - Started process (PID=12063) to work on /home/airflow/sandbox/lib/python3.8/site-packages/airflow/example_dags/example_xcomargs.py
[2022-03-21 05:49:34,382] {scheduler_job.py:633} INFO - Processing file /home/airflow/sandbox/lib/python3.8/site-packages/airflow/example_dags/example_xcomargs.py for tasks to queue
[2022-03-21 05:49:34,391] {logging_mixin.py:104} INFO - [2022-03-21 05:49:34,391] {dagbag.py:487} INFO - Filling up the DagBag from /home/airflow/sandbox/lib/python3.8/site-packages/airflow/example_dags/example_xcomargs.py
[2022-03-21 05:49:34,485] {scheduler_job.py:643} INFO - DAG(s) dict_keys(['example_xcom_args', 'example_xcom_args_with_operators']) retrieved from /home/airflow/sandbox/lib/python3.8/site-packages/airflow/example_dags/example_xcomargs.py
[2022-03-21 05:49:35,394] {logging_mixin.py:104} INFO - [2022-03-21 05:49:35,394] {dag.py:1832} INFO - Sync 2 DAGs
[2022-03-21 05:49:35,413] {logging_mixin.py:104} INFO - [2022-03-21 05:49:35,413] {dag.py:2305} INFO - Setting next_dagrun for example_xcom_args to None
[2022-03-21 05:49:35,414] {logging_mixin.py:104} INFO - [2022-03-21 05:49:35,414] {dag.py:2305} INFO - Setting next_dagrun for example_xcom_args_with_operators to None
[2022-03-21 05:49:35,475] {scheduler_job.py:190} INFO - Processing /home/airflow/sandbox/lib/python3.8/site-packages/airflow/example_dags/example_xcomargs.py took 1.155 seconds
[2022-03-21 05:50:10,561] {scheduler_job.py:182} INFO - Started process (PID=12191) to work on /home/airflow/sandbox/lib/python3.8/site-packages/airflow/example_dags/example_xcomargs.py
[2022-03-21 05:50:10,576] {scheduler_job.py:633} INFO - Processing file /home/airflow/sandbox/lib/python3.8/site-packages/airflow/example_dags/example_xcomargs.py for tasks to queue
[2022-03-21 05:50:10,586] {logging_mixin.py:104} INFO - [2022-03-21 05:50:10,586] {dagbag.py:487} INFO - Filling up the DagBag from /home/airflow/sandbox/lib/python3.8/site-packages/airflow/example_dags/example_xcomargs.py
[2022-03-21 05:50:10,688] {scheduler_job.py:643} INFO - DAG(s) dict_keys(['example_xcom_args', 'example_xcom_args_with_operators']) retrieved from /home/airflow/sandbox/lib/python3.8/site-packages/airflow/example_dags/example_xcomargs.py
[2022-03-21 05:50:11,579] {logging_mixin.py:104} INFO - [2022-03-21 05:50:11,578] {dag.py:1832} INFO - Sync 2 DAGs
[2022-03-21 05:50:11,600] {logging_mixin.py:104} INFO - [2022-03-21 05:50:11,600] {dag.py:2305} INFO - Setting next_dagrun for example_xcom_args to None
[2022-03-21 05:50:11,602] {logging_mixin.py:104} INFO - [2022-03-21 05:50:11,602] {dag.py:2305} INFO - Setting next_dagrun for example_xcom_args_with_operators to None
[2022-03-21 05:50:11,645] {scheduler_job.py:190} INFO - Processing /home/airflow/sandbox/lib/python3.8/site-packages/airflow/example_dags/example_xcomargs.py took 1.091 seconds
