[2022-03-21 05:15:06,701] {scheduler_job.py:182} INFO - Started process (PID=8204) to work on /home/airflow/sandbox/lib/python3.8/site-packages/airflow/example_dags/example_complex.py
[2022-03-21 05:15:06,706] {scheduler_job.py:633} INFO - Processing file /home/airflow/sandbox/lib/python3.8/site-packages/airflow/example_dags/example_complex.py for tasks to queue
[2022-03-21 05:15:06,708] {logging_mixin.py:104} INFO - [2022-03-21 05:15:06,708] {dagbag.py:487} INFO - Filling up the DagBag from /home/airflow/sandbox/lib/python3.8/site-packages/airflow/example_dags/example_complex.py
[2022-03-21 05:15:06,752] {scheduler_job.py:643} INFO - DAG(s) dict_keys(['example_complex']) retrieved from /home/airflow/sandbox/lib/python3.8/site-packages/airflow/example_dags/example_complex.py
[2022-03-21 05:15:07,453] {logging_mixin.py:104} INFO - [2022-03-21 05:15:07,452] {dag.py:1832} INFO - Sync 1 DAGs
[2022-03-21 05:15:07,473] {logging_mixin.py:104} INFO - [2022-03-21 05:15:07,473] {dag.py:2305} INFO - Setting next_dagrun for example_complex to None
[2022-03-21 05:15:07,517] {scheduler_job.py:190} INFO - Processing /home/airflow/sandbox/lib/python3.8/site-packages/airflow/example_dags/example_complex.py took 0.825 seconds
[2022-03-21 05:16:33,678] {scheduler_job.py:182} INFO - Started process (PID=8825) to work on /home/airflow/sandbox/lib/python3.8/site-packages/airflow/example_dags/example_complex.py
[2022-03-21 05:16:33,682] {scheduler_job.py:633} INFO - Processing file /home/airflow/sandbox/lib/python3.8/site-packages/airflow/example_dags/example_complex.py for tasks to queue
[2022-03-21 05:16:33,683] {logging_mixin.py:104} INFO - [2022-03-21 05:16:33,683] {dagbag.py:487} INFO - Filling up the DagBag from /home/airflow/sandbox/lib/python3.8/site-packages/airflow/example_dags/example_complex.py
[2022-03-21 05:16:33,725] {scheduler_job.py:643} INFO - DAG(s) dict_keys(['example_complex']) retrieved from /home/airflow/sandbox/lib/python3.8/site-packages/airflow/example_dags/example_complex.py
[2022-03-21 05:16:33,779] {logging_mixin.py:104} INFO - [2022-03-21 05:16:33,779] {dag.py:1832} INFO - Sync 1 DAGs
[2022-03-21 05:16:33,813] {logging_mixin.py:104} INFO - [2022-03-21 05:16:33,813] {dag.py:2305} INFO - Setting next_dagrun for example_complex to None
[2022-03-21 05:16:33,848] {scheduler_job.py:190} INFO - Processing /home/airflow/sandbox/lib/python3.8/site-packages/airflow/example_dags/example_complex.py took 0.176 seconds
[2022-03-21 05:17:23,187] {scheduler_job.py:182} INFO - Started process (PID=9045) to work on /home/airflow/sandbox/lib/python3.8/site-packages/airflow/example_dags/example_complex.py
[2022-03-21 05:17:23,193] {scheduler_job.py:633} INFO - Processing file /home/airflow/sandbox/lib/python3.8/site-packages/airflow/example_dags/example_complex.py for tasks to queue
[2022-03-21 05:17:23,195] {logging_mixin.py:104} INFO - [2022-03-21 05:17:23,194] {dagbag.py:487} INFO - Filling up the DagBag from /home/airflow/sandbox/lib/python3.8/site-packages/airflow/example_dags/example_complex.py
[2022-03-21 05:17:23,293] {scheduler_job.py:643} INFO - DAG(s) dict_keys(['example_complex']) retrieved from /home/airflow/sandbox/lib/python3.8/site-packages/airflow/example_dags/example_complex.py
[2022-03-21 05:17:23,527] {logging_mixin.py:104} INFO - [2022-03-21 05:17:23,526] {dag.py:1832} INFO - Sync 1 DAGs
[2022-03-21 05:17:23,557] {logging_mixin.py:104} INFO - [2022-03-21 05:17:23,557] {dag.py:2305} INFO - Setting next_dagrun for example_complex to None
[2022-03-21 05:17:23,598] {scheduler_job.py:190} INFO - Processing /home/airflow/sandbox/lib/python3.8/site-packages/airflow/example_dags/example_complex.py took 0.417 seconds
[2022-03-21 05:18:09,721] {scheduler_job.py:182} INFO - Started process (PID=9198) to work on /home/airflow/sandbox/lib/python3.8/site-packages/airflow/example_dags/example_complex.py
[2022-03-21 05:18:09,725] {scheduler_job.py:633} INFO - Processing file /home/airflow/sandbox/lib/python3.8/site-packages/airflow/example_dags/example_complex.py for tasks to queue
[2022-03-21 05:18:09,727] {logging_mixin.py:104} INFO - [2022-03-21 05:18:09,726] {dagbag.py:487} INFO - Filling up the DagBag from /home/airflow/sandbox/lib/python3.8/site-packages/airflow/example_dags/example_complex.py
[2022-03-21 05:18:09,761] {scheduler_job.py:643} INFO - DAG(s) dict_keys(['example_complex']) retrieved from /home/airflow/sandbox/lib/python3.8/site-packages/airflow/example_dags/example_complex.py
[2022-03-21 05:18:09,805] {logging_mixin.py:104} INFO - [2022-03-21 05:18:09,805] {dag.py:1832} INFO - Sync 1 DAGs
[2022-03-21 05:18:09,833] {logging_mixin.py:104} INFO - [2022-03-21 05:18:09,833] {dag.py:2305} INFO - Setting next_dagrun for example_complex to None
[2022-03-21 05:18:09,919] {scheduler_job.py:190} INFO - Processing /home/airflow/sandbox/lib/python3.8/site-packages/airflow/example_dags/example_complex.py took 0.210 seconds
[2022-03-21 05:19:01,360] {scheduler_job.py:182} INFO - Started process (PID=9266) to work on /home/airflow/sandbox/lib/python3.8/site-packages/airflow/example_dags/example_complex.py
[2022-03-21 05:19:01,369] {scheduler_job.py:633} INFO - Processing file /home/airflow/sandbox/lib/python3.8/site-packages/airflow/example_dags/example_complex.py for tasks to queue
[2022-03-21 05:19:01,371] {logging_mixin.py:104} INFO - [2022-03-21 05:19:01,371] {dagbag.py:487} INFO - Filling up the DagBag from /home/airflow/sandbox/lib/python3.8/site-packages/airflow/example_dags/example_complex.py
[2022-03-21 05:19:01,421] {scheduler_job.py:643} INFO - DAG(s) dict_keys(['example_complex']) retrieved from /home/airflow/sandbox/lib/python3.8/site-packages/airflow/example_dags/example_complex.py
[2022-03-21 05:19:01,524] {logging_mixin.py:104} INFO - [2022-03-21 05:19:01,524] {dag.py:1832} INFO - Sync 1 DAGs
[2022-03-21 05:19:01,559] {logging_mixin.py:104} INFO - [2022-03-21 05:19:01,559] {dag.py:2305} INFO - Setting next_dagrun for example_complex to None
[2022-03-21 05:19:01,615] {scheduler_job.py:190} INFO - Processing /home/airflow/sandbox/lib/python3.8/site-packages/airflow/example_dags/example_complex.py took 0.262 seconds
[2022-03-21 05:19:45,351] {scheduler_job.py:182} INFO - Started process (PID=9300) to work on /home/airflow/sandbox/lib/python3.8/site-packages/airflow/example_dags/example_complex.py
[2022-03-21 05:19:45,355] {scheduler_job.py:633} INFO - Processing file /home/airflow/sandbox/lib/python3.8/site-packages/airflow/example_dags/example_complex.py for tasks to queue
[2022-03-21 05:19:45,358] {logging_mixin.py:104} INFO - [2022-03-21 05:19:45,357] {dagbag.py:487} INFO - Filling up the DagBag from /home/airflow/sandbox/lib/python3.8/site-packages/airflow/example_dags/example_complex.py
[2022-03-21 05:19:45,398] {scheduler_job.py:643} INFO - DAG(s) dict_keys(['example_complex']) retrieved from /home/airflow/sandbox/lib/python3.8/site-packages/airflow/example_dags/example_complex.py
[2022-03-21 05:19:45,484] {logging_mixin.py:104} INFO - [2022-03-21 05:19:45,484] {dag.py:1832} INFO - Sync 1 DAGs
[2022-03-21 05:19:45,509] {logging_mixin.py:104} INFO - [2022-03-21 05:19:45,509] {dag.py:2305} INFO - Setting next_dagrun for example_complex to None
[2022-03-21 05:19:45,555] {scheduler_job.py:190} INFO - Processing /home/airflow/sandbox/lib/python3.8/site-packages/airflow/example_dags/example_complex.py took 0.222 seconds
[2022-03-21 05:20:43,979] {scheduler_job.py:182} INFO - Started process (PID=9400) to work on /home/airflow/sandbox/lib/python3.8/site-packages/airflow/example_dags/example_complex.py
[2022-03-21 05:20:43,985] {scheduler_job.py:633} INFO - Processing file /home/airflow/sandbox/lib/python3.8/site-packages/airflow/example_dags/example_complex.py for tasks to queue
[2022-03-21 05:20:43,987] {logging_mixin.py:104} INFO - [2022-03-21 05:20:43,987] {dagbag.py:487} INFO - Filling up the DagBag from /home/airflow/sandbox/lib/python3.8/site-packages/airflow/example_dags/example_complex.py
[2022-03-21 05:20:44,124] {scheduler_job.py:643} INFO - DAG(s) dict_keys(['example_complex']) retrieved from /home/airflow/sandbox/lib/python3.8/site-packages/airflow/example_dags/example_complex.py
[2022-03-21 05:20:44,278] {logging_mixin.py:104} INFO - [2022-03-21 05:20:44,278] {dag.py:1832} INFO - Sync 1 DAGs
[2022-03-21 05:20:44,334] {logging_mixin.py:104} INFO - [2022-03-21 05:20:44,334] {dag.py:2305} INFO - Setting next_dagrun for example_complex to None
[2022-03-21 05:20:44,524] {scheduler_job.py:190} INFO - Processing /home/airflow/sandbox/lib/python3.8/site-packages/airflow/example_dags/example_complex.py took 0.560 seconds
[2022-03-21 05:21:38,754] {scheduler_job.py:182} INFO - Started process (PID=9436) to work on /home/airflow/sandbox/lib/python3.8/site-packages/airflow/example_dags/example_complex.py
[2022-03-21 05:21:38,759] {scheduler_job.py:633} INFO - Processing file /home/airflow/sandbox/lib/python3.8/site-packages/airflow/example_dags/example_complex.py for tasks to queue
[2022-03-21 05:21:38,761] {logging_mixin.py:104} INFO - [2022-03-21 05:21:38,760] {dagbag.py:487} INFO - Filling up the DagBag from /home/airflow/sandbox/lib/python3.8/site-packages/airflow/example_dags/example_complex.py
[2022-03-21 05:21:38,810] {scheduler_job.py:643} INFO - DAG(s) dict_keys(['example_complex']) retrieved from /home/airflow/sandbox/lib/python3.8/site-packages/airflow/example_dags/example_complex.py
[2022-03-21 05:21:38,859] {logging_mixin.py:104} INFO - [2022-03-21 05:21:38,859] {dag.py:1832} INFO - Sync 1 DAGs
[2022-03-21 05:21:39,006] {logging_mixin.py:104} INFO - [2022-03-21 05:21:39,006] {dag.py:2305} INFO - Setting next_dagrun for example_complex to None
[2022-03-21 05:21:39,076] {scheduler_job.py:190} INFO - Processing /home/airflow/sandbox/lib/python3.8/site-packages/airflow/example_dags/example_complex.py took 0.328 seconds
[2022-03-21 05:22:33,712] {scheduler_job.py:182} INFO - Started process (PID=9478) to work on /home/airflow/sandbox/lib/python3.8/site-packages/airflow/example_dags/example_complex.py
[2022-03-21 05:22:33,719] {scheduler_job.py:633} INFO - Processing file /home/airflow/sandbox/lib/python3.8/site-packages/airflow/example_dags/example_complex.py for tasks to queue
[2022-03-21 05:22:33,724] {logging_mixin.py:104} INFO - [2022-03-21 05:22:33,724] {dagbag.py:487} INFO - Filling up the DagBag from /home/airflow/sandbox/lib/python3.8/site-packages/airflow/example_dags/example_complex.py
[2022-03-21 05:22:33,781] {scheduler_job.py:643} INFO - DAG(s) dict_keys(['example_complex']) retrieved from /home/airflow/sandbox/lib/python3.8/site-packages/airflow/example_dags/example_complex.py
[2022-03-21 05:22:33,976] {logging_mixin.py:104} INFO - [2022-03-21 05:22:33,975] {dag.py:1832} INFO - Sync 1 DAGs
[2022-03-21 05:22:34,428] {logging_mixin.py:104} INFO - [2022-03-21 05:22:34,428] {dag.py:2305} INFO - Setting next_dagrun for example_complex to None
[2022-03-21 05:22:34,497] {scheduler_job.py:190} INFO - Processing /home/airflow/sandbox/lib/python3.8/site-packages/airflow/example_dags/example_complex.py took 0.817 seconds
[2022-03-21 05:23:29,812] {scheduler_job.py:182} INFO - Started process (PID=9523) to work on /home/airflow/sandbox/lib/python3.8/site-packages/airflow/example_dags/example_complex.py
[2022-03-21 05:23:29,818] {scheduler_job.py:633} INFO - Processing file /home/airflow/sandbox/lib/python3.8/site-packages/airflow/example_dags/example_complex.py for tasks to queue
[2022-03-21 05:23:29,820] {logging_mixin.py:104} INFO - [2022-03-21 05:23:29,820] {dagbag.py:487} INFO - Filling up the DagBag from /home/airflow/sandbox/lib/python3.8/site-packages/airflow/example_dags/example_complex.py
[2022-03-21 05:23:29,853] {scheduler_job.py:643} INFO - DAG(s) dict_keys(['example_complex']) retrieved from /home/airflow/sandbox/lib/python3.8/site-packages/airflow/example_dags/example_complex.py
[2022-03-21 05:23:29,996] {logging_mixin.py:104} INFO - [2022-03-21 05:23:29,996] {dag.py:1832} INFO - Sync 1 DAGs
[2022-03-21 05:23:30,012] {logging_mixin.py:104} INFO - [2022-03-21 05:23:30,012] {dag.py:2305} INFO - Setting next_dagrun for example_complex to None
[2022-03-21 05:23:30,065] {scheduler_job.py:190} INFO - Processing /home/airflow/sandbox/lib/python3.8/site-packages/airflow/example_dags/example_complex.py took 0.266 seconds
[2022-03-21 05:24:19,460] {scheduler_job.py:182} INFO - Started process (PID=9563) to work on /home/airflow/sandbox/lib/python3.8/site-packages/airflow/example_dags/example_complex.py
[2022-03-21 05:24:19,466] {scheduler_job.py:633} INFO - Processing file /home/airflow/sandbox/lib/python3.8/site-packages/airflow/example_dags/example_complex.py for tasks to queue
[2022-03-21 05:24:19,467] {logging_mixin.py:104} INFO - [2022-03-21 05:24:19,467] {dagbag.py:487} INFO - Filling up the DagBag from /home/airflow/sandbox/lib/python3.8/site-packages/airflow/example_dags/example_complex.py
[2022-03-21 05:24:19,500] {scheduler_job.py:643} INFO - DAG(s) dict_keys(['example_complex']) retrieved from /home/airflow/sandbox/lib/python3.8/site-packages/airflow/example_dags/example_complex.py
[2022-03-21 05:24:19,644] {logging_mixin.py:104} INFO - [2022-03-21 05:24:19,644] {dag.py:1832} INFO - Sync 1 DAGs
[2022-03-21 05:24:19,661] {logging_mixin.py:104} INFO - [2022-03-21 05:24:19,661] {dag.py:2305} INFO - Setting next_dagrun for example_complex to None
[2022-03-21 05:24:19,695] {scheduler_job.py:190} INFO - Processing /home/airflow/sandbox/lib/python3.8/site-packages/airflow/example_dags/example_complex.py took 0.242 seconds
[2022-03-21 05:25:17,900] {scheduler_job.py:182} INFO - Started process (PID=9604) to work on /home/airflow/sandbox/lib/python3.8/site-packages/airflow/example_dags/example_complex.py
[2022-03-21 05:25:17,902] {scheduler_job.py:633} INFO - Processing file /home/airflow/sandbox/lib/python3.8/site-packages/airflow/example_dags/example_complex.py for tasks to queue
[2022-03-21 05:25:17,903] {logging_mixin.py:104} INFO - [2022-03-21 05:25:17,903] {dagbag.py:487} INFO - Filling up the DagBag from /home/airflow/sandbox/lib/python3.8/site-packages/airflow/example_dags/example_complex.py
[2022-03-21 05:25:17,937] {scheduler_job.py:643} INFO - DAG(s) dict_keys(['example_complex']) retrieved from /home/airflow/sandbox/lib/python3.8/site-packages/airflow/example_dags/example_complex.py
[2022-03-21 05:25:18,078] {logging_mixin.py:104} INFO - [2022-03-21 05:25:18,078] {dag.py:1832} INFO - Sync 1 DAGs
[2022-03-21 05:25:18,096] {logging_mixin.py:104} INFO - [2022-03-21 05:25:18,096] {dag.py:2305} INFO - Setting next_dagrun for example_complex to None
[2022-03-21 05:25:18,133] {scheduler_job.py:190} INFO - Processing /home/airflow/sandbox/lib/python3.8/site-packages/airflow/example_dags/example_complex.py took 0.244 seconds
[2022-03-21 05:26:03,054] {scheduler_job.py:182} INFO - Started process (PID=9694) to work on /home/airflow/sandbox/lib/python3.8/site-packages/airflow/example_dags/example_complex.py
[2022-03-21 05:26:03,057] {scheduler_job.py:633} INFO - Processing file /home/airflow/sandbox/lib/python3.8/site-packages/airflow/example_dags/example_complex.py for tasks to queue
[2022-03-21 05:26:03,059] {logging_mixin.py:104} INFO - [2022-03-21 05:26:03,058] {dagbag.py:487} INFO - Filling up the DagBag from /home/airflow/sandbox/lib/python3.8/site-packages/airflow/example_dags/example_complex.py
[2022-03-21 05:26:03,201] {scheduler_job.py:643} INFO - DAG(s) dict_keys(['example_complex']) retrieved from /home/airflow/sandbox/lib/python3.8/site-packages/airflow/example_dags/example_complex.py
[2022-03-21 05:26:03,232] {logging_mixin.py:104} INFO - [2022-03-21 05:26:03,232] {dag.py:1832} INFO - Sync 1 DAGs
[2022-03-21 05:26:03,247] {logging_mixin.py:104} INFO - [2022-03-21 05:26:03,247] {dag.py:2305} INFO - Setting next_dagrun for example_complex to None
[2022-03-21 05:26:03,281] {scheduler_job.py:190} INFO - Processing /home/airflow/sandbox/lib/python3.8/site-packages/airflow/example_dags/example_complex.py took 0.243 seconds
[2022-03-21 05:26:54,950] {scheduler_job.py:182} INFO - Started process (PID=9731) to work on /home/airflow/sandbox/lib/python3.8/site-packages/airflow/example_dags/example_complex.py
[2022-03-21 05:26:54,955] {scheduler_job.py:633} INFO - Processing file /home/airflow/sandbox/lib/python3.8/site-packages/airflow/example_dags/example_complex.py for tasks to queue
[2022-03-21 05:26:54,957] {logging_mixin.py:104} INFO - [2022-03-21 05:26:54,956] {dagbag.py:487} INFO - Filling up the DagBag from /home/airflow/sandbox/lib/python3.8/site-packages/airflow/example_dags/example_complex.py
[2022-03-21 05:26:55,125] {scheduler_job.py:643} INFO - DAG(s) dict_keys(['example_complex']) retrieved from /home/airflow/sandbox/lib/python3.8/site-packages/airflow/example_dags/example_complex.py
[2022-03-21 05:26:55,168] {logging_mixin.py:104} INFO - [2022-03-21 05:26:55,168] {dag.py:1832} INFO - Sync 1 DAGs
[2022-03-21 05:26:55,193] {logging_mixin.py:104} INFO - [2022-03-21 05:26:55,193] {dag.py:2305} INFO - Setting next_dagrun for example_complex to None
[2022-03-21 05:26:55,230] {scheduler_job.py:190} INFO - Processing /home/airflow/sandbox/lib/python3.8/site-packages/airflow/example_dags/example_complex.py took 0.287 seconds
[2022-03-21 05:27:47,482] {scheduler_job.py:182} INFO - Started process (PID=9767) to work on /home/airflow/sandbox/lib/python3.8/site-packages/airflow/example_dags/example_complex.py
[2022-03-21 05:27:47,495] {scheduler_job.py:633} INFO - Processing file /home/airflow/sandbox/lib/python3.8/site-packages/airflow/example_dags/example_complex.py for tasks to queue
[2022-03-21 05:27:47,497] {logging_mixin.py:104} INFO - [2022-03-21 05:27:47,497] {dagbag.py:487} INFO - Filling up the DagBag from /home/airflow/sandbox/lib/python3.8/site-packages/airflow/example_dags/example_complex.py
[2022-03-21 05:27:47,658] {scheduler_job.py:643} INFO - DAG(s) dict_keys(['example_complex']) retrieved from /home/airflow/sandbox/lib/python3.8/site-packages/airflow/example_dags/example_complex.py
[2022-03-21 05:27:47,699] {logging_mixin.py:104} INFO - [2022-03-21 05:27:47,699] {dag.py:1832} INFO - Sync 1 DAGs
[2022-03-21 05:27:47,719] {logging_mixin.py:104} INFO - [2022-03-21 05:27:47,719] {dag.py:2305} INFO - Setting next_dagrun for example_complex to None
[2022-03-21 05:27:47,756] {scheduler_job.py:190} INFO - Processing /home/airflow/sandbox/lib/python3.8/site-packages/airflow/example_dags/example_complex.py took 0.283 seconds
[2022-03-21 05:28:37,744] {scheduler_job.py:182} INFO - Started process (PID=9804) to work on /home/airflow/sandbox/lib/python3.8/site-packages/airflow/example_dags/example_complex.py
[2022-03-21 05:28:37,747] {scheduler_job.py:633} INFO - Processing file /home/airflow/sandbox/lib/python3.8/site-packages/airflow/example_dags/example_complex.py for tasks to queue
[2022-03-21 05:28:37,748] {logging_mixin.py:104} INFO - [2022-03-21 05:28:37,748] {dagbag.py:487} INFO - Filling up the DagBag from /home/airflow/sandbox/lib/python3.8/site-packages/airflow/example_dags/example_complex.py
[2022-03-21 05:28:37,928] {scheduler_job.py:643} INFO - DAG(s) dict_keys(['example_complex']) retrieved from /home/airflow/sandbox/lib/python3.8/site-packages/airflow/example_dags/example_complex.py
[2022-03-21 05:28:37,963] {logging_mixin.py:104} INFO - [2022-03-21 05:28:37,963] {dag.py:1832} INFO - Sync 1 DAGs
[2022-03-21 05:28:37,984] {logging_mixin.py:104} INFO - [2022-03-21 05:28:37,984] {dag.py:2305} INFO - Setting next_dagrun for example_complex to None
[2022-03-21 05:28:38,023] {scheduler_job.py:190} INFO - Processing /home/airflow/sandbox/lib/python3.8/site-packages/airflow/example_dags/example_complex.py took 0.288 seconds
[2022-03-21 05:29:28,378] {scheduler_job.py:182} INFO - Started process (PID=9840) to work on /home/airflow/sandbox/lib/python3.8/site-packages/airflow/example_dags/example_complex.py
[2022-03-21 05:29:28,381] {scheduler_job.py:633} INFO - Processing file /home/airflow/sandbox/lib/python3.8/site-packages/airflow/example_dags/example_complex.py for tasks to queue
[2022-03-21 05:29:28,384] {logging_mixin.py:104} INFO - [2022-03-21 05:29:28,383] {dagbag.py:487} INFO - Filling up the DagBag from /home/airflow/sandbox/lib/python3.8/site-packages/airflow/example_dags/example_complex.py
[2022-03-21 05:29:28,548] {scheduler_job.py:643} INFO - DAG(s) dict_keys(['example_complex']) retrieved from /home/airflow/sandbox/lib/python3.8/site-packages/airflow/example_dags/example_complex.py
[2022-03-21 05:29:28,587] {logging_mixin.py:104} INFO - [2022-03-21 05:29:28,587] {dag.py:1832} INFO - Sync 1 DAGs
[2022-03-21 05:29:28,609] {logging_mixin.py:104} INFO - [2022-03-21 05:29:28,609] {dag.py:2305} INFO - Setting next_dagrun for example_complex to None
[2022-03-21 05:29:28,645] {scheduler_job.py:190} INFO - Processing /home/airflow/sandbox/lib/python3.8/site-packages/airflow/example_dags/example_complex.py took 0.272 seconds
[2022-03-21 05:30:20,650] {scheduler_job.py:182} INFO - Started process (PID=9876) to work on /home/airflow/sandbox/lib/python3.8/site-packages/airflow/example_dags/example_complex.py
[2022-03-21 05:30:20,653] {scheduler_job.py:633} INFO - Processing file /home/airflow/sandbox/lib/python3.8/site-packages/airflow/example_dags/example_complex.py for tasks to queue
[2022-03-21 05:30:20,654] {logging_mixin.py:104} INFO - [2022-03-21 05:30:20,654] {dagbag.py:487} INFO - Filling up the DagBag from /home/airflow/sandbox/lib/python3.8/site-packages/airflow/example_dags/example_complex.py
[2022-03-21 05:30:20,830] {scheduler_job.py:643} INFO - DAG(s) dict_keys(['example_complex']) retrieved from /home/airflow/sandbox/lib/python3.8/site-packages/airflow/example_dags/example_complex.py
[2022-03-21 05:30:20,863] {logging_mixin.py:104} INFO - [2022-03-21 05:30:20,863] {dag.py:1832} INFO - Sync 1 DAGs
[2022-03-21 05:30:20,880] {logging_mixin.py:104} INFO - [2022-03-21 05:30:20,880] {dag.py:2305} INFO - Setting next_dagrun for example_complex to None
[2022-03-21 05:30:20,917] {scheduler_job.py:190} INFO - Processing /home/airflow/sandbox/lib/python3.8/site-packages/airflow/example_dags/example_complex.py took 0.279 seconds
[2022-03-21 05:31:19,147] {scheduler_job.py:182} INFO - Started process (PID=9975) to work on /home/airflow/sandbox/lib/python3.8/site-packages/airflow/example_dags/example_complex.py
[2022-03-21 05:31:19,149] {scheduler_job.py:633} INFO - Processing file /home/airflow/sandbox/lib/python3.8/site-packages/airflow/example_dags/example_complex.py for tasks to queue
[2022-03-21 05:31:19,152] {logging_mixin.py:104} INFO - [2022-03-21 05:31:19,151] {dagbag.py:487} INFO - Filling up the DagBag from /home/airflow/sandbox/lib/python3.8/site-packages/airflow/example_dags/example_complex.py
[2022-03-21 05:31:19,180] {scheduler_job.py:643} INFO - DAG(s) dict_keys(['example_complex']) retrieved from /home/airflow/sandbox/lib/python3.8/site-packages/airflow/example_dags/example_complex.py
[2022-03-21 05:31:19,220] {logging_mixin.py:104} INFO - [2022-03-21 05:31:19,219] {dag.py:1832} INFO - Sync 1 DAGs
[2022-03-21 05:31:19,242] {logging_mixin.py:104} INFO - [2022-03-21 05:31:19,242] {dag.py:2305} INFO - Setting next_dagrun for example_complex to None
[2022-03-21 05:31:19,284] {scheduler_job.py:190} INFO - Processing /home/airflow/sandbox/lib/python3.8/site-packages/airflow/example_dags/example_complex.py took 0.148 seconds
[2022-03-21 05:32:02,628] {scheduler_job.py:182} INFO - Started process (PID=10009) to work on /home/airflow/sandbox/lib/python3.8/site-packages/airflow/example_dags/example_complex.py
[2022-03-21 05:32:02,630] {scheduler_job.py:633} INFO - Processing file /home/airflow/sandbox/lib/python3.8/site-packages/airflow/example_dags/example_complex.py for tasks to queue
[2022-03-21 05:32:02,632] {logging_mixin.py:104} INFO - [2022-03-21 05:32:02,631] {dagbag.py:487} INFO - Filling up the DagBag from /home/airflow/sandbox/lib/python3.8/site-packages/airflow/example_dags/example_complex.py
[2022-03-21 05:32:02,663] {scheduler_job.py:643} INFO - DAG(s) dict_keys(['example_complex']) retrieved from /home/airflow/sandbox/lib/python3.8/site-packages/airflow/example_dags/example_complex.py
[2022-03-21 05:32:02,701] {logging_mixin.py:104} INFO - [2022-03-21 05:32:02,701] {dag.py:1832} INFO - Sync 1 DAGs
[2022-03-21 05:32:02,723] {logging_mixin.py:104} INFO - [2022-03-21 05:32:02,723] {dag.py:2305} INFO - Setting next_dagrun for example_complex to None
[2022-03-21 05:32:02,824] {scheduler_job.py:190} INFO - Processing /home/airflow/sandbox/lib/python3.8/site-packages/airflow/example_dags/example_complex.py took 0.208 seconds
[2022-03-21 05:32:59,054] {scheduler_job.py:182} INFO - Started process (PID=10052) to work on /home/airflow/sandbox/lib/python3.8/site-packages/airflow/example_dags/example_complex.py
[2022-03-21 05:32:59,057] {scheduler_job.py:633} INFO - Processing file /home/airflow/sandbox/lib/python3.8/site-packages/airflow/example_dags/example_complex.py for tasks to queue
[2022-03-21 05:32:59,058] {logging_mixin.py:104} INFO - [2022-03-21 05:32:59,058] {dagbag.py:487} INFO - Filling up the DagBag from /home/airflow/sandbox/lib/python3.8/site-packages/airflow/example_dags/example_complex.py
[2022-03-21 05:32:59,088] {scheduler_job.py:643} INFO - DAG(s) dict_keys(['example_complex']) retrieved from /home/airflow/sandbox/lib/python3.8/site-packages/airflow/example_dags/example_complex.py
[2022-03-21 05:32:59,127] {logging_mixin.py:104} INFO - [2022-03-21 05:32:59,127] {dag.py:1832} INFO - Sync 1 DAGs
[2022-03-21 05:32:59,149] {logging_mixin.py:104} INFO - [2022-03-21 05:32:59,149] {dag.py:2305} INFO - Setting next_dagrun for example_complex to None
[2022-03-21 05:32:59,185] {scheduler_job.py:190} INFO - Processing /home/airflow/sandbox/lib/python3.8/site-packages/airflow/example_dags/example_complex.py took 0.137 seconds
[2022-03-21 05:33:42,797] {scheduler_job.py:182} INFO - Started process (PID=10085) to work on /home/airflow/sandbox/lib/python3.8/site-packages/airflow/example_dags/example_complex.py
[2022-03-21 05:33:42,814] {scheduler_job.py:633} INFO - Processing file /home/airflow/sandbox/lib/python3.8/site-packages/airflow/example_dags/example_complex.py for tasks to queue
[2022-03-21 05:33:42,815] {logging_mixin.py:104} INFO - [2022-03-21 05:33:42,815] {dagbag.py:487} INFO - Filling up the DagBag from /home/airflow/sandbox/lib/python3.8/site-packages/airflow/example_dags/example_complex.py
[2022-03-21 05:33:42,849] {scheduler_job.py:643} INFO - DAG(s) dict_keys(['example_complex']) retrieved from /home/airflow/sandbox/lib/python3.8/site-packages/airflow/example_dags/example_complex.py
[2022-03-21 05:33:42,891] {logging_mixin.py:104} INFO - [2022-03-21 05:33:42,890] {dag.py:1832} INFO - Sync 1 DAGs
[2022-03-21 05:33:42,911] {logging_mixin.py:104} INFO - [2022-03-21 05:33:42,911] {dag.py:2305} INFO - Setting next_dagrun for example_complex to None
[2022-03-21 05:33:42,946] {scheduler_job.py:190} INFO - Processing /home/airflow/sandbox/lib/python3.8/site-packages/airflow/example_dags/example_complex.py took 0.155 seconds
[2022-03-21 05:34:26,823] {scheduler_job.py:182} INFO - Started process (PID=10118) to work on /home/airflow/sandbox/lib/python3.8/site-packages/airflow/example_dags/example_complex.py
[2022-03-21 05:34:26,826] {scheduler_job.py:633} INFO - Processing file /home/airflow/sandbox/lib/python3.8/site-packages/airflow/example_dags/example_complex.py for tasks to queue
[2022-03-21 05:34:26,828] {logging_mixin.py:104} INFO - [2022-03-21 05:34:26,827] {dagbag.py:487} INFO - Filling up the DagBag from /home/airflow/sandbox/lib/python3.8/site-packages/airflow/example_dags/example_complex.py
[2022-03-21 05:34:26,858] {scheduler_job.py:643} INFO - DAG(s) dict_keys(['example_complex']) retrieved from /home/airflow/sandbox/lib/python3.8/site-packages/airflow/example_dags/example_complex.py
[2022-03-21 05:34:26,894] {logging_mixin.py:104} INFO - [2022-03-21 05:34:26,894] {dag.py:1832} INFO - Sync 1 DAGs
[2022-03-21 05:34:26,916] {logging_mixin.py:104} INFO - [2022-03-21 05:34:26,915] {dag.py:2305} INFO - Setting next_dagrun for example_complex to None
[2022-03-21 05:34:27,009] {scheduler_job.py:190} INFO - Processing /home/airflow/sandbox/lib/python3.8/site-packages/airflow/example_dags/example_complex.py took 0.192 seconds
[2022-03-21 05:35:15,657] {scheduler_job.py:182} INFO - Started process (PID=10153) to work on /home/airflow/sandbox/lib/python3.8/site-packages/airflow/example_dags/example_complex.py
[2022-03-21 05:35:15,660] {scheduler_job.py:633} INFO - Processing file /home/airflow/sandbox/lib/python3.8/site-packages/airflow/example_dags/example_complex.py for tasks to queue
[2022-03-21 05:35:15,662] {logging_mixin.py:104} INFO - [2022-03-21 05:35:15,662] {dagbag.py:487} INFO - Filling up the DagBag from /home/airflow/sandbox/lib/python3.8/site-packages/airflow/example_dags/example_complex.py
[2022-03-21 05:35:15,725] {scheduler_job.py:643} INFO - DAG(s) dict_keys(['example_complex']) retrieved from /home/airflow/sandbox/lib/python3.8/site-packages/airflow/example_dags/example_complex.py
[2022-03-21 05:35:15,778] {logging_mixin.py:104} INFO - [2022-03-21 05:35:15,777] {dag.py:1832} INFO - Sync 1 DAGs
[2022-03-21 05:35:15,814] {logging_mixin.py:104} INFO - [2022-03-21 05:35:15,814] {dag.py:2305} INFO - Setting next_dagrun for example_complex to None
[2022-03-21 05:35:15,854] {scheduler_job.py:190} INFO - Processing /home/airflow/sandbox/lib/python3.8/site-packages/airflow/example_dags/example_complex.py took 0.209 seconds
[2022-03-21 05:36:16,576] {scheduler_job.py:182} INFO - Started process (PID=10254) to work on /home/airflow/sandbox/lib/python3.8/site-packages/airflow/example_dags/example_complex.py
[2022-03-21 05:36:16,579] {scheduler_job.py:633} INFO - Processing file /home/airflow/sandbox/lib/python3.8/site-packages/airflow/example_dags/example_complex.py for tasks to queue
[2022-03-21 05:36:16,580] {logging_mixin.py:104} INFO - [2022-03-21 05:36:16,580] {dagbag.py:487} INFO - Filling up the DagBag from /home/airflow/sandbox/lib/python3.8/site-packages/airflow/example_dags/example_complex.py
[2022-03-21 05:36:16,611] {scheduler_job.py:643} INFO - DAG(s) dict_keys(['example_complex']) retrieved from /home/airflow/sandbox/lib/python3.8/site-packages/airflow/example_dags/example_complex.py
[2022-03-21 05:36:16,649] {logging_mixin.py:104} INFO - [2022-03-21 05:36:16,649] {dag.py:1832} INFO - Sync 1 DAGs
[2022-03-21 05:36:16,674] {logging_mixin.py:104} INFO - [2022-03-21 05:36:16,674] {dag.py:2305} INFO - Setting next_dagrun for example_complex to None
[2022-03-21 05:36:16,709] {scheduler_job.py:190} INFO - Processing /home/airflow/sandbox/lib/python3.8/site-packages/airflow/example_dags/example_complex.py took 0.140 seconds
[2022-03-21 05:37:02,565] {scheduler_job.py:182} INFO - Started process (PID=10288) to work on /home/airflow/sandbox/lib/python3.8/site-packages/airflow/example_dags/example_complex.py
[2022-03-21 05:37:02,569] {scheduler_job.py:633} INFO - Processing file /home/airflow/sandbox/lib/python3.8/site-packages/airflow/example_dags/example_complex.py for tasks to queue
[2022-03-21 05:37:02,571] {logging_mixin.py:104} INFO - [2022-03-21 05:37:02,570] {dagbag.py:487} INFO - Filling up the DagBag from /home/airflow/sandbox/lib/python3.8/site-packages/airflow/example_dags/example_complex.py
[2022-03-21 05:37:02,646] {scheduler_job.py:643} INFO - DAG(s) dict_keys(['example_complex']) retrieved from /home/airflow/sandbox/lib/python3.8/site-packages/airflow/example_dags/example_complex.py
[2022-03-21 05:37:02,731] {logging_mixin.py:104} INFO - [2022-03-21 05:37:02,731] {dag.py:1832} INFO - Sync 1 DAGs
[2022-03-21 05:37:02,776] {logging_mixin.py:104} INFO - [2022-03-21 05:37:02,776] {dag.py:2305} INFO - Setting next_dagrun for example_complex to None
[2022-03-21 05:37:02,834] {scheduler_job.py:190} INFO - Processing /home/airflow/sandbox/lib/python3.8/site-packages/airflow/example_dags/example_complex.py took 0.278 seconds
[2022-03-21 05:37:48,588] {scheduler_job.py:182} INFO - Started process (PID=10322) to work on /home/airflow/sandbox/lib/python3.8/site-packages/airflow/example_dags/example_complex.py
[2022-03-21 05:37:48,598] {scheduler_job.py:633} INFO - Processing file /home/airflow/sandbox/lib/python3.8/site-packages/airflow/example_dags/example_complex.py for tasks to queue
[2022-03-21 05:37:48,603] {logging_mixin.py:104} INFO - [2022-03-21 05:37:48,602] {dagbag.py:487} INFO - Filling up the DagBag from /home/airflow/sandbox/lib/python3.8/site-packages/airflow/example_dags/example_complex.py
[2022-03-21 05:37:48,636] {scheduler_job.py:643} INFO - DAG(s) dict_keys(['example_complex']) retrieved from /home/airflow/sandbox/lib/python3.8/site-packages/airflow/example_dags/example_complex.py
[2022-03-21 05:37:48,673] {logging_mixin.py:104} INFO - [2022-03-21 05:37:48,673] {dag.py:1832} INFO - Sync 1 DAGs
[2022-03-21 05:37:48,700] {logging_mixin.py:104} INFO - [2022-03-21 05:37:48,700] {dag.py:2305} INFO - Setting next_dagrun for example_complex to None
[2022-03-21 05:37:48,733] {scheduler_job.py:190} INFO - Processing /home/airflow/sandbox/lib/python3.8/site-packages/airflow/example_dags/example_complex.py took 0.153 seconds
[2022-03-21 05:38:42,959] {scheduler_job.py:182} INFO - Started process (PID=10366) to work on /home/airflow/sandbox/lib/python3.8/site-packages/airflow/example_dags/example_complex.py
[2022-03-21 05:38:42,962] {scheduler_job.py:633} INFO - Processing file /home/airflow/sandbox/lib/python3.8/site-packages/airflow/example_dags/example_complex.py for tasks to queue
[2022-03-21 05:38:42,963] {logging_mixin.py:104} INFO - [2022-03-21 05:38:42,963] {dagbag.py:487} INFO - Filling up the DagBag from /home/airflow/sandbox/lib/python3.8/site-packages/airflow/example_dags/example_complex.py
[2022-03-21 05:38:43,001] {scheduler_job.py:643} INFO - DAG(s) dict_keys(['example_complex']) retrieved from /home/airflow/sandbox/lib/python3.8/site-packages/airflow/example_dags/example_complex.py
[2022-03-21 05:38:43,140] {logging_mixin.py:104} INFO - [2022-03-21 05:38:43,125] {dag.py:1832} INFO - Sync 1 DAGs
[2022-03-21 05:38:43,227] {logging_mixin.py:104} INFO - [2022-03-21 05:38:43,223] {dag.py:2305} INFO - Setting next_dagrun for example_complex to None
[2022-03-21 05:38:43,279] {scheduler_job.py:190} INFO - Processing /home/airflow/sandbox/lib/python3.8/site-packages/airflow/example_dags/example_complex.py took 0.329 seconds
[2022-03-21 05:39:30,754] {scheduler_job.py:182} INFO - Started process (PID=10399) to work on /home/airflow/sandbox/lib/python3.8/site-packages/airflow/example_dags/example_complex.py
[2022-03-21 05:39:30,757] {scheduler_job.py:633} INFO - Processing file /home/airflow/sandbox/lib/python3.8/site-packages/airflow/example_dags/example_complex.py for tasks to queue
[2022-03-21 05:39:30,759] {logging_mixin.py:104} INFO - [2022-03-21 05:39:30,759] {dagbag.py:487} INFO - Filling up the DagBag from /home/airflow/sandbox/lib/python3.8/site-packages/airflow/example_dags/example_complex.py
[2022-03-21 05:39:30,791] {scheduler_job.py:643} INFO - DAG(s) dict_keys(['example_complex']) retrieved from /home/airflow/sandbox/lib/python3.8/site-packages/airflow/example_dags/example_complex.py
[2022-03-21 05:39:30,829] {logging_mixin.py:104} INFO - [2022-03-21 05:39:30,828] {dag.py:1832} INFO - Sync 1 DAGs
[2022-03-21 05:39:30,854] {logging_mixin.py:104} INFO - [2022-03-21 05:39:30,854] {dag.py:2305} INFO - Setting next_dagrun for example_complex to None
[2022-03-21 05:39:30,957] {scheduler_job.py:190} INFO - Processing /home/airflow/sandbox/lib/python3.8/site-packages/airflow/example_dags/example_complex.py took 0.215 seconds
[2022-03-21 05:40:13,348] {scheduler_job.py:182} INFO - Started process (PID=10432) to work on /home/airflow/sandbox/lib/python3.8/site-packages/airflow/example_dags/example_complex.py
[2022-03-21 05:40:13,351] {scheduler_job.py:633} INFO - Processing file /home/airflow/sandbox/lib/python3.8/site-packages/airflow/example_dags/example_complex.py for tasks to queue
[2022-03-21 05:40:13,352] {logging_mixin.py:104} INFO - [2022-03-21 05:40:13,352] {dagbag.py:487} INFO - Filling up the DagBag from /home/airflow/sandbox/lib/python3.8/site-packages/airflow/example_dags/example_complex.py
[2022-03-21 05:40:13,385] {scheduler_job.py:643} INFO - DAG(s) dict_keys(['example_complex']) retrieved from /home/airflow/sandbox/lib/python3.8/site-packages/airflow/example_dags/example_complex.py
[2022-03-21 05:40:13,427] {logging_mixin.py:104} INFO - [2022-03-21 05:40:13,427] {dag.py:1832} INFO - Sync 1 DAGs
[2022-03-21 05:40:13,452] {logging_mixin.py:104} INFO - [2022-03-21 05:40:13,450] {dag.py:2305} INFO - Setting next_dagrun for example_complex to None
[2022-03-21 05:40:13,499] {scheduler_job.py:190} INFO - Processing /home/airflow/sandbox/lib/python3.8/site-packages/airflow/example_dags/example_complex.py took 0.158 seconds
[2022-03-21 05:41:09,107] {scheduler_job.py:182} INFO - Started process (PID=10530) to work on /home/airflow/sandbox/lib/python3.8/site-packages/airflow/example_dags/example_complex.py
[2022-03-21 05:41:09,110] {scheduler_job.py:633} INFO - Processing file /home/airflow/sandbox/lib/python3.8/site-packages/airflow/example_dags/example_complex.py for tasks to queue
[2022-03-21 05:41:09,111] {logging_mixin.py:104} INFO - [2022-03-21 05:41:09,111] {dagbag.py:487} INFO - Filling up the DagBag from /home/airflow/sandbox/lib/python3.8/site-packages/airflow/example_dags/example_complex.py
[2022-03-21 05:41:09,162] {scheduler_job.py:643} INFO - DAG(s) dict_keys(['example_complex']) retrieved from /home/airflow/sandbox/lib/python3.8/site-packages/airflow/example_dags/example_complex.py
[2022-03-21 05:41:09,251] {logging_mixin.py:104} INFO - [2022-03-21 05:41:09,250] {dag.py:1832} INFO - Sync 1 DAGs
[2022-03-21 05:41:09,293] {logging_mixin.py:104} INFO - [2022-03-21 05:41:09,292] {dag.py:2305} INFO - Setting next_dagrun for example_complex to None
[2022-03-21 05:41:09,353] {scheduler_job.py:190} INFO - Processing /home/airflow/sandbox/lib/python3.8/site-packages/airflow/example_dags/example_complex.py took 0.260 seconds
[2022-03-21 05:41:54,569] {scheduler_job.py:182} INFO - Started process (PID=10564) to work on /home/airflow/sandbox/lib/python3.8/site-packages/airflow/example_dags/example_complex.py
[2022-03-21 05:41:54,572] {scheduler_job.py:633} INFO - Processing file /home/airflow/sandbox/lib/python3.8/site-packages/airflow/example_dags/example_complex.py for tasks to queue
[2022-03-21 05:41:54,574] {logging_mixin.py:104} INFO - [2022-03-21 05:41:54,574] {dagbag.py:487} INFO - Filling up the DagBag from /home/airflow/sandbox/lib/python3.8/site-packages/airflow/example_dags/example_complex.py
[2022-03-21 05:41:54,626] {scheduler_job.py:643} INFO - DAG(s) dict_keys(['example_complex']) retrieved from /home/airflow/sandbox/lib/python3.8/site-packages/airflow/example_dags/example_complex.py
[2022-03-21 05:41:54,693] {logging_mixin.py:104} INFO - [2022-03-21 05:41:54,693] {dag.py:1832} INFO - Sync 1 DAGs
[2022-03-21 05:41:54,723] {logging_mixin.py:104} INFO - [2022-03-21 05:41:54,723] {dag.py:2305} INFO - Setting next_dagrun for example_complex to None
[2022-03-21 05:41:54,768] {scheduler_job.py:190} INFO - Processing /home/airflow/sandbox/lib/python3.8/site-packages/airflow/example_dags/example_complex.py took 0.208 seconds
[2022-03-21 05:42:41,285] {scheduler_job.py:182} INFO - Started process (PID=10597) to work on /home/airflow/sandbox/lib/python3.8/site-packages/airflow/example_dags/example_complex.py
[2022-03-21 05:42:41,290] {scheduler_job.py:633} INFO - Processing file /home/airflow/sandbox/lib/python3.8/site-packages/airflow/example_dags/example_complex.py for tasks to queue
[2022-03-21 05:42:41,292] {logging_mixin.py:104} INFO - [2022-03-21 05:42:41,292] {dagbag.py:487} INFO - Filling up the DagBag from /home/airflow/sandbox/lib/python3.8/site-packages/airflow/example_dags/example_complex.py
[2022-03-21 05:42:41,379] {scheduler_job.py:643} INFO - DAG(s) dict_keys(['example_complex']) retrieved from /home/airflow/sandbox/lib/python3.8/site-packages/airflow/example_dags/example_complex.py
[2022-03-21 05:42:41,446] {logging_mixin.py:104} INFO - [2022-03-21 05:42:41,446] {dag.py:1832} INFO - Sync 1 DAGs
[2022-03-21 05:42:41,510] {logging_mixin.py:104} INFO - [2022-03-21 05:42:41,510] {dag.py:2305} INFO - Setting next_dagrun for example_complex to None
[2022-03-21 05:42:41,564] {scheduler_job.py:190} INFO - Processing /home/airflow/sandbox/lib/python3.8/site-packages/airflow/example_dags/example_complex.py took 0.287 seconds
[2022-03-21 05:43:37,046] {scheduler_job.py:182} INFO - Started process (PID=10636) to work on /home/airflow/sandbox/lib/python3.8/site-packages/airflow/example_dags/example_complex.py
[2022-03-21 05:43:37,049] {scheduler_job.py:633} INFO - Processing file /home/airflow/sandbox/lib/python3.8/site-packages/airflow/example_dags/example_complex.py for tasks to queue
[2022-03-21 05:43:37,051] {logging_mixin.py:104} INFO - [2022-03-21 05:43:37,050] {dagbag.py:487} INFO - Filling up the DagBag from /home/airflow/sandbox/lib/python3.8/site-packages/airflow/example_dags/example_complex.py
[2022-03-21 05:43:37,097] {scheduler_job.py:643} INFO - DAG(s) dict_keys(['example_complex']) retrieved from /home/airflow/sandbox/lib/python3.8/site-packages/airflow/example_dags/example_complex.py
[2022-03-21 05:43:37,194] {logging_mixin.py:104} INFO - [2022-03-21 05:43:37,193] {dag.py:1832} INFO - Sync 1 DAGs
[2022-03-21 05:43:37,253] {logging_mixin.py:104} INFO - [2022-03-21 05:43:37,253] {dag.py:2305} INFO - Setting next_dagrun for example_complex to None
[2022-03-21 05:43:37,346] {scheduler_job.py:190} INFO - Processing /home/airflow/sandbox/lib/python3.8/site-packages/airflow/example_dags/example_complex.py took 0.307 seconds
[2022-03-21 05:44:33,874] {scheduler_job.py:182} INFO - Started process (PID=10675) to work on /home/airflow/sandbox/lib/python3.8/site-packages/airflow/example_dags/example_complex.py
[2022-03-21 05:44:33,881] {scheduler_job.py:633} INFO - Processing file /home/airflow/sandbox/lib/python3.8/site-packages/airflow/example_dags/example_complex.py for tasks to queue
[2022-03-21 05:44:33,896] {logging_mixin.py:104} INFO - [2022-03-21 05:44:33,896] {dagbag.py:487} INFO - Filling up the DagBag from /home/airflow/sandbox/lib/python3.8/site-packages/airflow/example_dags/example_complex.py
[2022-03-21 05:44:34,006] {scheduler_job.py:643} INFO - DAG(s) dict_keys(['example_complex']) retrieved from /home/airflow/sandbox/lib/python3.8/site-packages/airflow/example_dags/example_complex.py
[2022-03-21 05:44:34,106] {logging_mixin.py:104} INFO - [2022-03-21 05:44:34,106] {dag.py:1832} INFO - Sync 1 DAGs
[2022-03-21 05:44:34,178] {logging_mixin.py:104} INFO - [2022-03-21 05:44:34,178] {dag.py:2305} INFO - Setting next_dagrun for example_complex to None
[2022-03-21 05:44:34,282] {scheduler_job.py:190} INFO - Processing /home/airflow/sandbox/lib/python3.8/site-packages/airflow/example_dags/example_complex.py took 0.429 seconds
[2022-03-21 05:45:23,816] {scheduler_job.py:182} INFO - Started process (PID=10711) to work on /home/airflow/sandbox/lib/python3.8/site-packages/airflow/example_dags/example_complex.py
[2022-03-21 05:45:23,819] {scheduler_job.py:633} INFO - Processing file /home/airflow/sandbox/lib/python3.8/site-packages/airflow/example_dags/example_complex.py for tasks to queue
[2022-03-21 05:45:23,820] {logging_mixin.py:104} INFO - [2022-03-21 05:45:23,820] {dagbag.py:487} INFO - Filling up the DagBag from /home/airflow/sandbox/lib/python3.8/site-packages/airflow/example_dags/example_complex.py
[2022-03-21 05:45:23,857] {scheduler_job.py:643} INFO - DAG(s) dict_keys(['example_complex']) retrieved from /home/airflow/sandbox/lib/python3.8/site-packages/airflow/example_dags/example_complex.py
[2022-03-21 05:45:23,901] {logging_mixin.py:104} INFO - [2022-03-21 05:45:23,901] {dag.py:1832} INFO - Sync 1 DAGs
[2022-03-21 05:45:23,924] {logging_mixin.py:104} INFO - [2022-03-21 05:45:23,923] {dag.py:2305} INFO - Setting next_dagrun for example_complex to None
[2022-03-21 05:45:23,978] {scheduler_job.py:190} INFO - Processing /home/airflow/sandbox/lib/python3.8/site-packages/airflow/example_dags/example_complex.py took 0.171 seconds
[2022-03-21 05:46:23,880] {scheduler_job.py:182} INFO - Started process (PID=10929) to work on /home/airflow/sandbox/lib/python3.8/site-packages/airflow/example_dags/example_complex.py
[2022-03-21 05:46:23,884] {scheduler_job.py:633} INFO - Processing file /home/airflow/sandbox/lib/python3.8/site-packages/airflow/example_dags/example_complex.py for tasks to queue
[2022-03-21 05:46:23,885] {logging_mixin.py:104} INFO - [2022-03-21 05:46:23,885] {dagbag.py:487} INFO - Filling up the DagBag from /home/airflow/sandbox/lib/python3.8/site-packages/airflow/example_dags/example_complex.py
[2022-03-21 05:46:23,912] {scheduler_job.py:643} INFO - DAG(s) dict_keys(['example_complex']) retrieved from /home/airflow/sandbox/lib/python3.8/site-packages/airflow/example_dags/example_complex.py
[2022-03-21 05:46:23,952] {logging_mixin.py:104} INFO - [2022-03-21 05:46:23,952] {dag.py:1832} INFO - Sync 1 DAGs
[2022-03-21 05:46:23,973] {logging_mixin.py:104} INFO - [2022-03-21 05:46:23,973] {dag.py:2305} INFO - Setting next_dagrun for example_complex to None
[2022-03-21 05:46:24,012] {scheduler_job.py:190} INFO - Processing /home/airflow/sandbox/lib/python3.8/site-packages/airflow/example_dags/example_complex.py took 0.138 seconds
[2022-03-21 05:47:53,160] {scheduler_job.py:182} INFO - Started process (PID=11704) to work on /home/airflow/sandbox/lib/python3.8/site-packages/airflow/example_dags/example_complex.py
[2022-03-21 05:47:53,163] {scheduler_job.py:633} INFO - Processing file /home/airflow/sandbox/lib/python3.8/site-packages/airflow/example_dags/example_complex.py for tasks to queue
[2022-03-21 05:47:53,164] {logging_mixin.py:104} INFO - [2022-03-21 05:47:53,164] {dagbag.py:487} INFO - Filling up the DagBag from /home/airflow/sandbox/lib/python3.8/site-packages/airflow/example_dags/example_complex.py
[2022-03-21 05:47:53,192] {scheduler_job.py:643} INFO - DAG(s) dict_keys(['example_complex']) retrieved from /home/airflow/sandbox/lib/python3.8/site-packages/airflow/example_dags/example_complex.py
[2022-03-21 05:47:53,229] {logging_mixin.py:104} INFO - [2022-03-21 05:47:53,229] {dag.py:1832} INFO - Sync 1 DAGs
[2022-03-21 05:47:53,251] {logging_mixin.py:104} INFO - [2022-03-21 05:47:53,251] {dag.py:2305} INFO - Setting next_dagrun for example_complex to None
[2022-03-21 05:47:53,285] {scheduler_job.py:190} INFO - Processing /home/airflow/sandbox/lib/python3.8/site-packages/airflow/example_dags/example_complex.py took 0.152 seconds
[2022-03-21 05:48:41,836] {scheduler_job.py:182} INFO - Started process (PID=11994) to work on /home/airflow/sandbox/lib/python3.8/site-packages/airflow/example_dags/example_complex.py
[2022-03-21 05:48:41,839] {scheduler_job.py:633} INFO - Processing file /home/airflow/sandbox/lib/python3.8/site-packages/airflow/example_dags/example_complex.py for tasks to queue
[2022-03-21 05:48:41,841] {logging_mixin.py:104} INFO - [2022-03-21 05:48:41,841] {dagbag.py:487} INFO - Filling up the DagBag from /home/airflow/sandbox/lib/python3.8/site-packages/airflow/example_dags/example_complex.py
[2022-03-21 05:48:41,886] {scheduler_job.py:643} INFO - DAG(s) dict_keys(['example_complex']) retrieved from /home/airflow/sandbox/lib/python3.8/site-packages/airflow/example_dags/example_complex.py
[2022-03-21 05:48:41,970] {logging_mixin.py:104} INFO - [2022-03-21 05:48:41,969] {dag.py:1832} INFO - Sync 1 DAGs
[2022-03-21 05:48:42,001] {logging_mixin.py:104} INFO - [2022-03-21 05:48:42,000] {dag.py:2305} INFO - Setting next_dagrun for example_complex to None
[2022-03-21 05:48:42,068] {scheduler_job.py:190} INFO - Processing /home/airflow/sandbox/lib/python3.8/site-packages/airflow/example_dags/example_complex.py took 0.244 seconds
[2022-03-21 05:49:31,520] {scheduler_job.py:182} INFO - Started process (PID=12061) to work on /home/airflow/sandbox/lib/python3.8/site-packages/airflow/example_dags/example_complex.py
[2022-03-21 05:49:31,523] {scheduler_job.py:633} INFO - Processing file /home/airflow/sandbox/lib/python3.8/site-packages/airflow/example_dags/example_complex.py for tasks to queue
[2022-03-21 05:49:31,537] {logging_mixin.py:104} INFO - [2022-03-21 05:49:31,527] {dagbag.py:487} INFO - Filling up the DagBag from /home/airflow/sandbox/lib/python3.8/site-packages/airflow/example_dags/example_complex.py
[2022-03-21 05:49:31,629] {scheduler_job.py:643} INFO - DAG(s) dict_keys(['example_complex']) retrieved from /home/airflow/sandbox/lib/python3.8/site-packages/airflow/example_dags/example_complex.py
[2022-03-21 05:49:31,736] {logging_mixin.py:104} INFO - [2022-03-21 05:49:31,731] {dag.py:1832} INFO - Sync 1 DAGs
[2022-03-21 05:49:31,783] {logging_mixin.py:104} INFO - [2022-03-21 05:49:31,782] {dag.py:2305} INFO - Setting next_dagrun for example_complex to None
[2022-03-21 05:49:31,856] {scheduler_job.py:190} INFO - Processing /home/airflow/sandbox/lib/python3.8/site-packages/airflow/example_dags/example_complex.py took 0.347 seconds
[2022-03-21 05:50:22,829] {scheduler_job.py:182} INFO - Started process (PID=12269) to work on /home/airflow/sandbox/lib/python3.8/site-packages/airflow/example_dags/example_complex.py
[2022-03-21 05:50:22,832] {scheduler_job.py:633} INFO - Processing file /home/airflow/sandbox/lib/python3.8/site-packages/airflow/example_dags/example_complex.py for tasks to queue
[2022-03-21 05:50:22,833] {logging_mixin.py:104} INFO - [2022-03-21 05:50:22,833] {dagbag.py:487} INFO - Filling up the DagBag from /home/airflow/sandbox/lib/python3.8/site-packages/airflow/example_dags/example_complex.py
[2022-03-21 05:50:22,868] {scheduler_job.py:643} INFO - DAG(s) dict_keys(['example_complex']) retrieved from /home/airflow/sandbox/lib/python3.8/site-packages/airflow/example_dags/example_complex.py
[2022-03-21 05:50:22,910] {logging_mixin.py:104} INFO - [2022-03-21 05:50:22,910] {dag.py:1832} INFO - Sync 1 DAGs
[2022-03-21 05:50:22,930] {logging_mixin.py:104} INFO - [2022-03-21 05:50:22,930] {dag.py:2305} INFO - Setting next_dagrun for example_complex to None
[2022-03-21 05:50:22,968] {scheduler_job.py:190} INFO - Processing /home/airflow/sandbox/lib/python3.8/site-packages/airflow/example_dags/example_complex.py took 0.149 seconds
