[2022-03-21 05:14:23,037] {scheduler_job.py:182} INFO - Started process (PID=8092) to work on /home/airflow/sandbox/lib/python3.8/site-packages/airflow/example_dags/example_task_group.py
[2022-03-21 05:14:23,063] {scheduler_job.py:633} INFO - Processing file /home/airflow/sandbox/lib/python3.8/site-packages/airflow/example_dags/example_task_group.py for tasks to queue
[2022-03-21 05:14:23,072] {logging_mixin.py:104} INFO - [2022-03-21 05:14:23,072] {dagbag.py:487} INFO - Filling up the DagBag from /home/airflow/sandbox/lib/python3.8/site-packages/airflow/example_dags/example_task_group.py
[2022-03-21 05:14:23,329] {scheduler_job.py:643} INFO - DAG(s) dict_keys(['example_task_group']) retrieved from /home/airflow/sandbox/lib/python3.8/site-packages/airflow/example_dags/example_task_group.py
[2022-03-21 05:14:24,821] {logging_mixin.py:104} INFO - [2022-03-21 05:14:24,821] {dag.py:1832} INFO - Sync 1 DAGs
[2022-03-21 05:14:24,842] {logging_mixin.py:104} INFO - [2022-03-21 05:14:24,841] {dag.py:2305} INFO - Setting next_dagrun for example_task_group to 2022-03-19 00:00:00+00:00
[2022-03-21 05:14:24,887] {scheduler_job.py:190} INFO - Processing /home/airflow/sandbox/lib/python3.8/site-packages/airflow/example_dags/example_task_group.py took 1.924 seconds
[2022-03-21 05:15:55,863] {scheduler_job.py:182} INFO - Started process (PID=8648) to work on /home/airflow/sandbox/lib/python3.8/site-packages/airflow/example_dags/example_task_group.py
[2022-03-21 05:15:55,869] {scheduler_job.py:633} INFO - Processing file /home/airflow/sandbox/lib/python3.8/site-packages/airflow/example_dags/example_task_group.py for tasks to queue
[2022-03-21 05:15:55,871] {logging_mixin.py:104} INFO - [2022-03-21 05:15:55,870] {dagbag.py:487} INFO - Filling up the DagBag from /home/airflow/sandbox/lib/python3.8/site-packages/airflow/example_dags/example_task_group.py
[2022-03-21 05:15:55,898] {scheduler_job.py:643} INFO - DAG(s) dict_keys(['example_task_group']) retrieved from /home/airflow/sandbox/lib/python3.8/site-packages/airflow/example_dags/example_task_group.py
[2022-03-21 05:15:55,990] {logging_mixin.py:104} INFO - [2022-03-21 05:15:55,989] {dag.py:1832} INFO - Sync 1 DAGs
[2022-03-21 05:15:56,041] {logging_mixin.py:104} INFO - [2022-03-21 05:15:56,041] {dag.py:2305} INFO - Setting next_dagrun for example_task_group to 2022-03-19 00:00:00+00:00
[2022-03-21 05:15:56,107] {scheduler_job.py:190} INFO - Processing /home/airflow/sandbox/lib/python3.8/site-packages/airflow/example_dags/example_task_group.py took 0.259 seconds
[2022-03-21 05:16:42,708] {scheduler_job.py:182} INFO - Started process (PID=8861) to work on /home/airflow/sandbox/lib/python3.8/site-packages/airflow/example_dags/example_task_group.py
[2022-03-21 05:16:42,710] {scheduler_job.py:633} INFO - Processing file /home/airflow/sandbox/lib/python3.8/site-packages/airflow/example_dags/example_task_group.py for tasks to queue
[2022-03-21 05:16:42,712] {logging_mixin.py:104} INFO - [2022-03-21 05:16:42,711] {dagbag.py:487} INFO - Filling up the DagBag from /home/airflow/sandbox/lib/python3.8/site-packages/airflow/example_dags/example_task_group.py
[2022-03-21 05:16:42,730] {scheduler_job.py:643} INFO - DAG(s) dict_keys(['example_task_group']) retrieved from /home/airflow/sandbox/lib/python3.8/site-packages/airflow/example_dags/example_task_group.py
[2022-03-21 05:16:42,762] {logging_mixin.py:104} INFO - [2022-03-21 05:16:42,762] {dag.py:1832} INFO - Sync 1 DAGs
[2022-03-21 05:16:42,785] {logging_mixin.py:104} INFO - [2022-03-21 05:16:42,785] {dag.py:2305} INFO - Setting next_dagrun for example_task_group to 2022-03-19 00:00:00+00:00
[2022-03-21 05:16:42,822] {scheduler_job.py:190} INFO - Processing /home/airflow/sandbox/lib/python3.8/site-packages/airflow/example_dags/example_task_group.py took 0.121 seconds
[2022-03-21 05:17:30,432] {scheduler_job.py:182} INFO - Started process (PID=9110) to work on /home/airflow/sandbox/lib/python3.8/site-packages/airflow/example_dags/example_task_group.py
[2022-03-21 05:17:30,437] {scheduler_job.py:633} INFO - Processing file /home/airflow/sandbox/lib/python3.8/site-packages/airflow/example_dags/example_task_group.py for tasks to queue
[2022-03-21 05:17:30,439] {logging_mixin.py:104} INFO - [2022-03-21 05:17:30,439] {dagbag.py:487} INFO - Filling up the DagBag from /home/airflow/sandbox/lib/python3.8/site-packages/airflow/example_dags/example_task_group.py
[2022-03-21 05:17:30,457] {scheduler_job.py:643} INFO - DAG(s) dict_keys(['example_task_group']) retrieved from /home/airflow/sandbox/lib/python3.8/site-packages/airflow/example_dags/example_task_group.py
[2022-03-21 05:17:30,489] {logging_mixin.py:104} INFO - [2022-03-21 05:17:30,488] {dag.py:1832} INFO - Sync 1 DAGs
[2022-03-21 05:17:30,512] {logging_mixin.py:104} INFO - [2022-03-21 05:17:30,512] {dag.py:2305} INFO - Setting next_dagrun for example_task_group to 2022-03-19 00:00:00+00:00
[2022-03-21 05:17:30,544] {scheduler_job.py:190} INFO - Processing /home/airflow/sandbox/lib/python3.8/site-packages/airflow/example_dags/example_task_group.py took 0.117 seconds
[2022-03-21 05:18:16,579] {scheduler_job.py:182} INFO - Started process (PID=9232) to work on /home/airflow/sandbox/lib/python3.8/site-packages/airflow/example_dags/example_task_group.py
[2022-03-21 05:18:16,581] {scheduler_job.py:633} INFO - Processing file /home/airflow/sandbox/lib/python3.8/site-packages/airflow/example_dags/example_task_group.py for tasks to queue
[2022-03-21 05:18:16,584] {logging_mixin.py:104} INFO - [2022-03-21 05:18:16,584] {dagbag.py:487} INFO - Filling up the DagBag from /home/airflow/sandbox/lib/python3.8/site-packages/airflow/example_dags/example_task_group.py
[2022-03-21 05:18:16,603] {scheduler_job.py:643} INFO - DAG(s) dict_keys(['example_task_group']) retrieved from /home/airflow/sandbox/lib/python3.8/site-packages/airflow/example_dags/example_task_group.py
[2022-03-21 05:18:16,667] {logging_mixin.py:104} INFO - [2022-03-21 05:18:16,667] {dag.py:1832} INFO - Sync 1 DAGs
[2022-03-21 05:18:16,710] {logging_mixin.py:104} INFO - [2022-03-21 05:18:16,710] {dag.py:2305} INFO - Setting next_dagrun for example_task_group to 2022-03-19 00:00:00+00:00
[2022-03-21 05:18:16,758] {scheduler_job.py:190} INFO - Processing /home/airflow/sandbox/lib/python3.8/site-packages/airflow/example_dags/example_task_group.py took 0.186 seconds
[2022-03-21 05:18:51,566] {scheduler_job.py:182} INFO - Started process (PID=9259) to work on /home/airflow/sandbox/lib/python3.8/site-packages/airflow/example_dags/example_task_group.py
[2022-03-21 05:18:51,568] {scheduler_job.py:633} INFO - Processing file /home/airflow/sandbox/lib/python3.8/site-packages/airflow/example_dags/example_task_group.py for tasks to queue
[2022-03-21 05:18:51,570] {logging_mixin.py:104} INFO - [2022-03-21 05:18:51,570] {dagbag.py:487} INFO - Filling up the DagBag from /home/airflow/sandbox/lib/python3.8/site-packages/airflow/example_dags/example_task_group.py
[2022-03-21 05:18:51,597] {scheduler_job.py:643} INFO - DAG(s) dict_keys(['example_task_group']) retrieved from /home/airflow/sandbox/lib/python3.8/site-packages/airflow/example_dags/example_task_group.py
[2022-03-21 05:18:51,642] {logging_mixin.py:104} INFO - [2022-03-21 05:18:51,642] {dag.py:1832} INFO - Sync 1 DAGs
[2022-03-21 05:18:51,672] {logging_mixin.py:104} INFO - [2022-03-21 05:18:51,672] {dag.py:2305} INFO - Setting next_dagrun for example_task_group to 2022-03-19 00:00:00+00:00
[2022-03-21 05:18:51,715] {scheduler_job.py:190} INFO - Processing /home/airflow/sandbox/lib/python3.8/site-packages/airflow/example_dags/example_task_group.py took 0.161 seconds
[2022-03-21 05:19:35,834] {scheduler_job.py:182} INFO - Started process (PID=9293) to work on /home/airflow/sandbox/lib/python3.8/site-packages/airflow/example_dags/example_task_group.py
[2022-03-21 05:19:35,836] {scheduler_job.py:633} INFO - Processing file /home/airflow/sandbox/lib/python3.8/site-packages/airflow/example_dags/example_task_group.py for tasks to queue
[2022-03-21 05:19:35,838] {logging_mixin.py:104} INFO - [2022-03-21 05:19:35,837] {dagbag.py:487} INFO - Filling up the DagBag from /home/airflow/sandbox/lib/python3.8/site-packages/airflow/example_dags/example_task_group.py
[2022-03-21 05:19:35,856] {scheduler_job.py:643} INFO - DAG(s) dict_keys(['example_task_group']) retrieved from /home/airflow/sandbox/lib/python3.8/site-packages/airflow/example_dags/example_task_group.py
[2022-03-21 05:19:35,893] {logging_mixin.py:104} INFO - [2022-03-21 05:19:35,893] {dag.py:1832} INFO - Sync 1 DAGs
[2022-03-21 05:19:35,915] {logging_mixin.py:104} INFO - [2022-03-21 05:19:35,915] {dag.py:2305} INFO - Setting next_dagrun for example_task_group to 2022-03-19 00:00:00+00:00
[2022-03-21 05:19:35,987] {scheduler_job.py:190} INFO - Processing /home/airflow/sandbox/lib/python3.8/site-packages/airflow/example_dags/example_task_group.py took 0.161 seconds
[2022-03-21 05:20:19,040] {scheduler_job.py:182} INFO - Started process (PID=9325) to work on /home/airflow/sandbox/lib/python3.8/site-packages/airflow/example_dags/example_task_group.py
[2022-03-21 05:20:19,042] {scheduler_job.py:633} INFO - Processing file /home/airflow/sandbox/lib/python3.8/site-packages/airflow/example_dags/example_task_group.py for tasks to queue
[2022-03-21 05:20:19,043] {logging_mixin.py:104} INFO - [2022-03-21 05:20:19,043] {dagbag.py:487} INFO - Filling up the DagBag from /home/airflow/sandbox/lib/python3.8/site-packages/airflow/example_dags/example_task_group.py
[2022-03-21 05:20:19,063] {scheduler_job.py:643} INFO - DAG(s) dict_keys(['example_task_group']) retrieved from /home/airflow/sandbox/lib/python3.8/site-packages/airflow/example_dags/example_task_group.py
[2022-03-21 05:20:19,104] {logging_mixin.py:104} INFO - [2022-03-21 05:20:19,104] {dag.py:1832} INFO - Sync 1 DAGs
[2022-03-21 05:20:19,125] {logging_mixin.py:104} INFO - [2022-03-21 05:20:19,124] {dag.py:2305} INFO - Setting next_dagrun for example_task_group to 2022-03-19 00:00:00+00:00
[2022-03-21 05:20:19,161] {scheduler_job.py:190} INFO - Processing /home/airflow/sandbox/lib/python3.8/site-packages/airflow/example_dags/example_task_group.py took 0.127 seconds
[2022-03-21 05:21:11,476] {scheduler_job.py:182} INFO - Started process (PID=9415) to work on /home/airflow/sandbox/lib/python3.8/site-packages/airflow/example_dags/example_task_group.py
[2022-03-21 05:21:11,479] {scheduler_job.py:633} INFO - Processing file /home/airflow/sandbox/lib/python3.8/site-packages/airflow/example_dags/example_task_group.py for tasks to queue
[2022-03-21 05:21:11,484] {logging_mixin.py:104} INFO - [2022-03-21 05:21:11,484] {dagbag.py:487} INFO - Filling up the DagBag from /home/airflow/sandbox/lib/python3.8/site-packages/airflow/example_dags/example_task_group.py
[2022-03-21 05:21:11,500] {scheduler_job.py:643} INFO - DAG(s) dict_keys(['example_task_group']) retrieved from /home/airflow/sandbox/lib/python3.8/site-packages/airflow/example_dags/example_task_group.py
[2022-03-21 05:21:11,536] {logging_mixin.py:104} INFO - [2022-03-21 05:21:11,534] {dag.py:1832} INFO - Sync 1 DAGs
[2022-03-21 05:21:11,561] {logging_mixin.py:104} INFO - [2022-03-21 05:21:11,561] {dag.py:2305} INFO - Setting next_dagrun for example_task_group to 2022-03-19 00:00:00+00:00
[2022-03-21 05:21:11,734] {scheduler_job.py:190} INFO - Processing /home/airflow/sandbox/lib/python3.8/site-packages/airflow/example_dags/example_task_group.py took 0.265 seconds
[2022-03-21 05:21:56,102] {scheduler_job.py:182} INFO - Started process (PID=9449) to work on /home/airflow/sandbox/lib/python3.8/site-packages/airflow/example_dags/example_task_group.py
[2022-03-21 05:21:56,112] {scheduler_job.py:633} INFO - Processing file /home/airflow/sandbox/lib/python3.8/site-packages/airflow/example_dags/example_task_group.py for tasks to queue
[2022-03-21 05:21:56,117] {logging_mixin.py:104} INFO - [2022-03-21 05:21:56,117] {dagbag.py:487} INFO - Filling up the DagBag from /home/airflow/sandbox/lib/python3.8/site-packages/airflow/example_dags/example_task_group.py
[2022-03-21 05:21:56,157] {scheduler_job.py:643} INFO - DAG(s) dict_keys(['example_task_group']) retrieved from /home/airflow/sandbox/lib/python3.8/site-packages/airflow/example_dags/example_task_group.py
[2022-03-21 05:21:56,253] {logging_mixin.py:104} INFO - [2022-03-21 05:21:56,252] {dag.py:1832} INFO - Sync 1 DAGs
[2022-03-21 05:21:56,436] {logging_mixin.py:104} INFO - [2022-03-21 05:21:56,436] {dag.py:2305} INFO - Setting next_dagrun for example_task_group to 2022-03-19 00:00:00+00:00
[2022-03-21 05:21:56,712] {scheduler_job.py:190} INFO - Processing /home/airflow/sandbox/lib/python3.8/site-packages/airflow/example_dags/example_task_group.py took 0.627 seconds
[2022-03-21 05:22:37,638] {scheduler_job.py:182} INFO - Started process (PID=9481) to work on /home/airflow/sandbox/lib/python3.8/site-packages/airflow/example_dags/example_task_group.py
[2022-03-21 05:22:37,640] {scheduler_job.py:633} INFO - Processing file /home/airflow/sandbox/lib/python3.8/site-packages/airflow/example_dags/example_task_group.py for tasks to queue
[2022-03-21 05:22:37,644] {logging_mixin.py:104} INFO - [2022-03-21 05:22:37,644] {dagbag.py:487} INFO - Filling up the DagBag from /home/airflow/sandbox/lib/python3.8/site-packages/airflow/example_dags/example_task_group.py
[2022-03-21 05:22:37,660] {scheduler_job.py:643} INFO - DAG(s) dict_keys(['example_task_group']) retrieved from /home/airflow/sandbox/lib/python3.8/site-packages/airflow/example_dags/example_task_group.py
[2022-03-21 05:22:37,692] {logging_mixin.py:104} INFO - [2022-03-21 05:22:37,691] {dag.py:1832} INFO - Sync 1 DAGs
[2022-03-21 05:22:37,713] {logging_mixin.py:104} INFO - [2022-03-21 05:22:37,713] {dag.py:2305} INFO - Setting next_dagrun for example_task_group to 2022-03-19 00:00:00+00:00
[2022-03-21 05:22:37,754] {scheduler_job.py:190} INFO - Processing /home/airflow/sandbox/lib/python3.8/site-packages/airflow/example_dags/example_task_group.py took 0.124 seconds
[2022-03-21 05:23:19,250] {scheduler_job.py:182} INFO - Started process (PID=9514) to work on /home/airflow/sandbox/lib/python3.8/site-packages/airflow/example_dags/example_task_group.py
[2022-03-21 05:23:19,253] {scheduler_job.py:633} INFO - Processing file /home/airflow/sandbox/lib/python3.8/site-packages/airflow/example_dags/example_task_group.py for tasks to queue
[2022-03-21 05:23:19,254] {logging_mixin.py:104} INFO - [2022-03-21 05:23:19,254] {dagbag.py:487} INFO - Filling up the DagBag from /home/airflow/sandbox/lib/python3.8/site-packages/airflow/example_dags/example_task_group.py
[2022-03-21 05:23:19,270] {scheduler_job.py:643} INFO - DAG(s) dict_keys(['example_task_group']) retrieved from /home/airflow/sandbox/lib/python3.8/site-packages/airflow/example_dags/example_task_group.py
[2022-03-21 05:23:19,304] {logging_mixin.py:104} INFO - [2022-03-21 05:23:19,303] {dag.py:1832} INFO - Sync 1 DAGs
[2022-03-21 05:23:19,331] {logging_mixin.py:104} INFO - [2022-03-21 05:23:19,331] {dag.py:2305} INFO - Setting next_dagrun for example_task_group to 2022-03-19 00:00:00+00:00
[2022-03-21 05:23:19,364] {scheduler_job.py:190} INFO - Processing /home/airflow/sandbox/lib/python3.8/site-packages/airflow/example_dags/example_task_group.py took 0.120 seconds
[2022-03-21 05:23:59,500] {scheduler_job.py:182} INFO - Started process (PID=9547) to work on /home/airflow/sandbox/lib/python3.8/site-packages/airflow/example_dags/example_task_group.py
[2022-03-21 05:23:59,502] {scheduler_job.py:633} INFO - Processing file /home/airflow/sandbox/lib/python3.8/site-packages/airflow/example_dags/example_task_group.py for tasks to queue
[2022-03-21 05:23:59,503] {logging_mixin.py:104} INFO - [2022-03-21 05:23:59,503] {dagbag.py:487} INFO - Filling up the DagBag from /home/airflow/sandbox/lib/python3.8/site-packages/airflow/example_dags/example_task_group.py
[2022-03-21 05:23:59,542] {scheduler_job.py:643} INFO - DAG(s) dict_keys(['example_task_group']) retrieved from /home/airflow/sandbox/lib/python3.8/site-packages/airflow/example_dags/example_task_group.py
[2022-03-21 05:23:59,587] {logging_mixin.py:104} INFO - [2022-03-21 05:23:59,587] {dag.py:1832} INFO - Sync 1 DAGs
[2022-03-21 05:23:59,610] {logging_mixin.py:104} INFO - [2022-03-21 05:23:59,610] {dag.py:2305} INFO - Setting next_dagrun for example_task_group to 2022-03-19 00:00:00+00:00
[2022-03-21 05:23:59,756] {scheduler_job.py:190} INFO - Processing /home/airflow/sandbox/lib/python3.8/site-packages/airflow/example_dags/example_task_group.py took 0.263 seconds
[2022-03-21 05:24:35,994] {scheduler_job.py:182} INFO - Started process (PID=9574) to work on /home/airflow/sandbox/lib/python3.8/site-packages/airflow/example_dags/example_task_group.py
[2022-03-21 05:24:35,996] {scheduler_job.py:633} INFO - Processing file /home/airflow/sandbox/lib/python3.8/site-packages/airflow/example_dags/example_task_group.py for tasks to queue
[2022-03-21 05:24:35,997] {logging_mixin.py:104} INFO - [2022-03-21 05:24:35,997] {dagbag.py:487} INFO - Filling up the DagBag from /home/airflow/sandbox/lib/python3.8/site-packages/airflow/example_dags/example_task_group.py
[2022-03-21 05:24:36,017] {scheduler_job.py:643} INFO - DAG(s) dict_keys(['example_task_group']) retrieved from /home/airflow/sandbox/lib/python3.8/site-packages/airflow/example_dags/example_task_group.py
[2022-03-21 05:24:36,051] {logging_mixin.py:104} INFO - [2022-03-21 05:24:36,050] {dag.py:1832} INFO - Sync 1 DAGs
[2022-03-21 05:24:36,073] {logging_mixin.py:104} INFO - [2022-03-21 05:24:36,073] {dag.py:2305} INFO - Setting next_dagrun for example_task_group to 2022-03-19 00:00:00+00:00
[2022-03-21 05:24:36,220] {scheduler_job.py:190} INFO - Processing /home/airflow/sandbox/lib/python3.8/site-packages/airflow/example_dags/example_task_group.py took 0.234 seconds
[2022-03-21 05:25:23,694] {scheduler_job.py:182} INFO - Started process (PID=9611) to work on /home/airflow/sandbox/lib/python3.8/site-packages/airflow/example_dags/example_task_group.py
[2022-03-21 05:25:23,701] {scheduler_job.py:633} INFO - Processing file /home/airflow/sandbox/lib/python3.8/site-packages/airflow/example_dags/example_task_group.py for tasks to queue
[2022-03-21 05:25:23,703] {logging_mixin.py:104} INFO - [2022-03-21 05:25:23,702] {dagbag.py:487} INFO - Filling up the DagBag from /home/airflow/sandbox/lib/python3.8/site-packages/airflow/example_dags/example_task_group.py
[2022-03-21 05:25:23,748] {scheduler_job.py:643} INFO - DAG(s) dict_keys(['example_task_group']) retrieved from /home/airflow/sandbox/lib/python3.8/site-packages/airflow/example_dags/example_task_group.py
[2022-03-21 05:25:23,838] {logging_mixin.py:104} INFO - [2022-03-21 05:25:23,838] {dag.py:1832} INFO - Sync 1 DAGs
[2022-03-21 05:25:23,867] {logging_mixin.py:104} INFO - [2022-03-21 05:25:23,867] {dag.py:2305} INFO - Setting next_dagrun for example_task_group to 2022-03-19 00:00:00+00:00
[2022-03-21 05:25:24,014] {scheduler_job.py:190} INFO - Processing /home/airflow/sandbox/lib/python3.8/site-packages/airflow/example_dags/example_task_group.py took 0.326 seconds
[2022-03-21 05:26:09,653] {scheduler_job.py:182} INFO - Started process (PID=9699) to work on /home/airflow/sandbox/lib/python3.8/site-packages/airflow/example_dags/example_task_group.py
[2022-03-21 05:26:09,655] {scheduler_job.py:633} INFO - Processing file /home/airflow/sandbox/lib/python3.8/site-packages/airflow/example_dags/example_task_group.py for tasks to queue
[2022-03-21 05:26:09,656] {logging_mixin.py:104} INFO - [2022-03-21 05:26:09,656] {dagbag.py:487} INFO - Filling up the DagBag from /home/airflow/sandbox/lib/python3.8/site-packages/airflow/example_dags/example_task_group.py
[2022-03-21 05:26:09,677] {scheduler_job.py:643} INFO - DAG(s) dict_keys(['example_task_group']) retrieved from /home/airflow/sandbox/lib/python3.8/site-packages/airflow/example_dags/example_task_group.py
[2022-03-21 05:26:09,707] {logging_mixin.py:104} INFO - [2022-03-21 05:26:09,707] {dag.py:1832} INFO - Sync 1 DAGs
[2022-03-21 05:26:09,832] {logging_mixin.py:104} INFO - [2022-03-21 05:26:09,832] {dag.py:2305} INFO - Setting next_dagrun for example_task_group to 2022-03-19 00:00:00+00:00
[2022-03-21 05:26:09,868] {scheduler_job.py:190} INFO - Processing /home/airflow/sandbox/lib/python3.8/site-packages/airflow/example_dags/example_task_group.py took 0.222 seconds
[2022-03-21 05:27:00,724] {scheduler_job.py:182} INFO - Started process (PID=9735) to work on /home/airflow/sandbox/lib/python3.8/site-packages/airflow/example_dags/example_task_group.py
[2022-03-21 05:27:00,729] {scheduler_job.py:633} INFO - Processing file /home/airflow/sandbox/lib/python3.8/site-packages/airflow/example_dags/example_task_group.py for tasks to queue
[2022-03-21 05:27:00,731] {logging_mixin.py:104} INFO - [2022-03-21 05:27:00,730] {dagbag.py:487} INFO - Filling up the DagBag from /home/airflow/sandbox/lib/python3.8/site-packages/airflow/example_dags/example_task_group.py
[2022-03-21 05:27:00,776] {scheduler_job.py:643} INFO - DAG(s) dict_keys(['example_task_group']) retrieved from /home/airflow/sandbox/lib/python3.8/site-packages/airflow/example_dags/example_task_group.py
[2022-03-21 05:27:01,055] {logging_mixin.py:104} INFO - [2022-03-21 05:27:01,055] {dag.py:1832} INFO - Sync 1 DAGs
[2022-03-21 05:27:01,085] {logging_mixin.py:104} INFO - [2022-03-21 05:27:01,085] {dag.py:2305} INFO - Setting next_dagrun for example_task_group to 2022-03-19 00:00:00+00:00
[2022-03-21 05:27:01,141] {scheduler_job.py:190} INFO - Processing /home/airflow/sandbox/lib/python3.8/site-packages/airflow/example_dags/example_task_group.py took 0.428 seconds
[2022-03-21 05:27:37,885] {scheduler_job.py:182} INFO - Started process (PID=9761) to work on /home/airflow/sandbox/lib/python3.8/site-packages/airflow/example_dags/example_task_group.py
[2022-03-21 05:27:37,889] {scheduler_job.py:633} INFO - Processing file /home/airflow/sandbox/lib/python3.8/site-packages/airflow/example_dags/example_task_group.py for tasks to queue
[2022-03-21 05:27:37,891] {logging_mixin.py:104} INFO - [2022-03-21 05:27:37,890] {dagbag.py:487} INFO - Filling up the DagBag from /home/airflow/sandbox/lib/python3.8/site-packages/airflow/example_dags/example_task_group.py
[2022-03-21 05:27:37,917] {scheduler_job.py:643} INFO - DAG(s) dict_keys(['example_task_group']) retrieved from /home/airflow/sandbox/lib/python3.8/site-packages/airflow/example_dags/example_task_group.py
[2022-03-21 05:27:38,081] {logging_mixin.py:104} INFO - [2022-03-21 05:27:38,080] {dag.py:1832} INFO - Sync 1 DAGs
[2022-03-21 05:27:38,100] {logging_mixin.py:104} INFO - [2022-03-21 05:27:38,100] {dag.py:2305} INFO - Setting next_dagrun for example_task_group to 2022-03-19 00:00:00+00:00
[2022-03-21 05:27:38,150] {scheduler_job.py:190} INFO - Processing /home/airflow/sandbox/lib/python3.8/site-packages/airflow/example_dags/example_task_group.py took 0.271 seconds
[2022-03-21 05:28:27,970] {scheduler_job.py:182} INFO - Started process (PID=9798) to work on /home/airflow/sandbox/lib/python3.8/site-packages/airflow/example_dags/example_task_group.py
[2022-03-21 05:28:27,973] {scheduler_job.py:633} INFO - Processing file /home/airflow/sandbox/lib/python3.8/site-packages/airflow/example_dags/example_task_group.py for tasks to queue
[2022-03-21 05:28:27,975] {logging_mixin.py:104} INFO - [2022-03-21 05:28:27,975] {dagbag.py:487} INFO - Filling up the DagBag from /home/airflow/sandbox/lib/python3.8/site-packages/airflow/example_dags/example_task_group.py
[2022-03-21 05:28:28,138] {scheduler_job.py:643} INFO - DAG(s) dict_keys(['example_task_group']) retrieved from /home/airflow/sandbox/lib/python3.8/site-packages/airflow/example_dags/example_task_group.py
[2022-03-21 05:28:28,166] {logging_mixin.py:104} INFO - [2022-03-21 05:28:28,165] {dag.py:1832} INFO - Sync 1 DAGs
[2022-03-21 05:28:28,186] {logging_mixin.py:104} INFO - [2022-03-21 05:28:28,186] {dag.py:2305} INFO - Setting next_dagrun for example_task_group to 2022-03-19 00:00:00+00:00
[2022-03-21 05:28:28,224] {scheduler_job.py:190} INFO - Processing /home/airflow/sandbox/lib/python3.8/site-packages/airflow/example_dags/example_task_group.py took 0.275 seconds
[2022-03-21 05:29:18,838] {scheduler_job.py:182} INFO - Started process (PID=9834) to work on /home/airflow/sandbox/lib/python3.8/site-packages/airflow/example_dags/example_task_group.py
[2022-03-21 05:29:18,840] {scheduler_job.py:633} INFO - Processing file /home/airflow/sandbox/lib/python3.8/site-packages/airflow/example_dags/example_task_group.py for tasks to queue
[2022-03-21 05:29:18,846] {logging_mixin.py:104} INFO - [2022-03-21 05:29:18,845] {dagbag.py:487} INFO - Filling up the DagBag from /home/airflow/sandbox/lib/python3.8/site-packages/airflow/example_dags/example_task_group.py
[2022-03-21 05:29:18,994] {scheduler_job.py:643} INFO - DAG(s) dict_keys(['example_task_group']) retrieved from /home/airflow/sandbox/lib/python3.8/site-packages/airflow/example_dags/example_task_group.py
[2022-03-21 05:29:19,021] {logging_mixin.py:104} INFO - [2022-03-21 05:29:19,021] {dag.py:1832} INFO - Sync 1 DAGs
[2022-03-21 05:29:19,052] {logging_mixin.py:104} INFO - [2022-03-21 05:29:19,052] {dag.py:2305} INFO - Setting next_dagrun for example_task_group to 2022-03-19 00:00:00+00:00
[2022-03-21 05:29:19,202] {scheduler_job.py:190} INFO - Processing /home/airflow/sandbox/lib/python3.8/site-packages/airflow/example_dags/example_task_group.py took 0.370 seconds
[2022-03-21 05:29:55,750] {scheduler_job.py:182} INFO - Started process (PID=9860) to work on /home/airflow/sandbox/lib/python3.8/site-packages/airflow/example_dags/example_task_group.py
[2022-03-21 05:29:55,752] {scheduler_job.py:633} INFO - Processing file /home/airflow/sandbox/lib/python3.8/site-packages/airflow/example_dags/example_task_group.py for tasks to queue
[2022-03-21 05:29:55,754] {logging_mixin.py:104} INFO - [2022-03-21 05:29:55,754] {dagbag.py:487} INFO - Filling up the DagBag from /home/airflow/sandbox/lib/python3.8/site-packages/airflow/example_dags/example_task_group.py
[2022-03-21 05:29:55,901] {scheduler_job.py:643} INFO - DAG(s) dict_keys(['example_task_group']) retrieved from /home/airflow/sandbox/lib/python3.8/site-packages/airflow/example_dags/example_task_group.py
[2022-03-21 05:29:55,931] {logging_mixin.py:104} INFO - [2022-03-21 05:29:55,931] {dag.py:1832} INFO - Sync 1 DAGs
[2022-03-21 05:29:55,952] {logging_mixin.py:104} INFO - [2022-03-21 05:29:55,952] {dag.py:2305} INFO - Setting next_dagrun for example_task_group to 2022-03-19 00:00:00+00:00
[2022-03-21 05:29:55,991] {scheduler_job.py:190} INFO - Processing /home/airflow/sandbox/lib/python3.8/site-packages/airflow/example_dags/example_task_group.py took 0.250 seconds
[2022-03-21 05:30:52,628] {scheduler_job.py:182} INFO - Started process (PID=9955) to work on /home/airflow/sandbox/lib/python3.8/site-packages/airflow/example_dags/example_task_group.py
[2022-03-21 05:30:52,642] {scheduler_job.py:633} INFO - Processing file /home/airflow/sandbox/lib/python3.8/site-packages/airflow/example_dags/example_task_group.py for tasks to queue
[2022-03-21 05:30:52,644] {logging_mixin.py:104} INFO - [2022-03-21 05:30:52,644] {dagbag.py:487} INFO - Filling up the DagBag from /home/airflow/sandbox/lib/python3.8/site-packages/airflow/example_dags/example_task_group.py
[2022-03-21 05:30:52,678] {scheduler_job.py:643} INFO - DAG(s) dict_keys(['example_task_group']) retrieved from /home/airflow/sandbox/lib/python3.8/site-packages/airflow/example_dags/example_task_group.py
[2022-03-21 05:30:52,712] {logging_mixin.py:104} INFO - [2022-03-21 05:30:52,712] {dag.py:1832} INFO - Sync 1 DAGs
[2022-03-21 05:30:52,733] {logging_mixin.py:104} INFO - [2022-03-21 05:30:52,733] {dag.py:2305} INFO - Setting next_dagrun for example_task_group to 2022-03-19 00:00:00+00:00
[2022-03-21 05:30:52,769] {scheduler_job.py:190} INFO - Processing /home/airflow/sandbox/lib/python3.8/site-packages/airflow/example_dags/example_task_group.py took 0.147 seconds
[2022-03-21 05:31:37,991] {scheduler_job.py:182} INFO - Started process (PID=9990) to work on /home/airflow/sandbox/lib/python3.8/site-packages/airflow/example_dags/example_task_group.py
[2022-03-21 05:31:37,997] {scheduler_job.py:633} INFO - Processing file /home/airflow/sandbox/lib/python3.8/site-packages/airflow/example_dags/example_task_group.py for tasks to queue
[2022-03-21 05:31:37,998] {logging_mixin.py:104} INFO - [2022-03-21 05:31:37,998] {dagbag.py:487} INFO - Filling up the DagBag from /home/airflow/sandbox/lib/python3.8/site-packages/airflow/example_dags/example_task_group.py
[2022-03-21 05:31:38,014] {scheduler_job.py:643} INFO - DAG(s) dict_keys(['example_task_group']) retrieved from /home/airflow/sandbox/lib/python3.8/site-packages/airflow/example_dags/example_task_group.py
[2022-03-21 05:31:38,048] {logging_mixin.py:104} INFO - [2022-03-21 05:31:38,047] {dag.py:1832} INFO - Sync 1 DAGs
[2022-03-21 05:31:38,067] {logging_mixin.py:104} INFO - [2022-03-21 05:31:38,067] {dag.py:2305} INFO - Setting next_dagrun for example_task_group to 2022-03-19 00:00:00+00:00
[2022-03-21 05:31:38,121] {scheduler_job.py:190} INFO - Processing /home/airflow/sandbox/lib/python3.8/site-packages/airflow/example_dags/example_task_group.py took 0.136 seconds
[2022-03-21 05:32:18,529] {scheduler_job.py:182} INFO - Started process (PID=10021) to work on /home/airflow/sandbox/lib/python3.8/site-packages/airflow/example_dags/example_task_group.py
[2022-03-21 05:32:18,532] {scheduler_job.py:633} INFO - Processing file /home/airflow/sandbox/lib/python3.8/site-packages/airflow/example_dags/example_task_group.py for tasks to queue
[2022-03-21 05:32:18,533] {logging_mixin.py:104} INFO - [2022-03-21 05:32:18,533] {dagbag.py:487} INFO - Filling up the DagBag from /home/airflow/sandbox/lib/python3.8/site-packages/airflow/example_dags/example_task_group.py
[2022-03-21 05:32:18,554] {scheduler_job.py:643} INFO - DAG(s) dict_keys(['example_task_group']) retrieved from /home/airflow/sandbox/lib/python3.8/site-packages/airflow/example_dags/example_task_group.py
[2022-03-21 05:32:18,587] {logging_mixin.py:104} INFO - [2022-03-21 05:32:18,587] {dag.py:1832} INFO - Sync 1 DAGs
[2022-03-21 05:32:18,609] {logging_mixin.py:104} INFO - [2022-03-21 05:32:18,609] {dag.py:2305} INFO - Setting next_dagrun for example_task_group to 2022-03-19 00:00:00+00:00
[2022-03-21 05:32:18,647] {scheduler_job.py:190} INFO - Processing /home/airflow/sandbox/lib/python3.8/site-packages/airflow/example_dags/example_task_group.py took 0.127 seconds
[2022-03-21 05:33:01,512] {scheduler_job.py:182} INFO - Started process (PID=10054) to work on /home/airflow/sandbox/lib/python3.8/site-packages/airflow/example_dags/example_task_group.py
[2022-03-21 05:33:01,514] {scheduler_job.py:633} INFO - Processing file /home/airflow/sandbox/lib/python3.8/site-packages/airflow/example_dags/example_task_group.py for tasks to queue
[2022-03-21 05:33:01,515] {logging_mixin.py:104} INFO - [2022-03-21 05:33:01,515] {dagbag.py:487} INFO - Filling up the DagBag from /home/airflow/sandbox/lib/python3.8/site-packages/airflow/example_dags/example_task_group.py
[2022-03-21 05:33:01,536] {scheduler_job.py:643} INFO - DAG(s) dict_keys(['example_task_group']) retrieved from /home/airflow/sandbox/lib/python3.8/site-packages/airflow/example_dags/example_task_group.py
[2022-03-21 05:33:01,575] {logging_mixin.py:104} INFO - [2022-03-21 05:33:01,575] {dag.py:1832} INFO - Sync 1 DAGs
[2022-03-21 05:33:01,609] {logging_mixin.py:104} INFO - [2022-03-21 05:33:01,608] {dag.py:2305} INFO - Setting next_dagrun for example_task_group to 2022-03-19 00:00:00+00:00
[2022-03-21 05:33:01,656] {scheduler_job.py:190} INFO - Processing /home/airflow/sandbox/lib/python3.8/site-packages/airflow/example_dags/example_task_group.py took 0.151 seconds
[2022-03-21 05:33:45,226] {scheduler_job.py:182} INFO - Started process (PID=10087) to work on /home/airflow/sandbox/lib/python3.8/site-packages/airflow/example_dags/example_task_group.py
[2022-03-21 05:33:45,228] {scheduler_job.py:633} INFO - Processing file /home/airflow/sandbox/lib/python3.8/site-packages/airflow/example_dags/example_task_group.py for tasks to queue
[2022-03-21 05:33:45,230] {logging_mixin.py:104} INFO - [2022-03-21 05:33:45,230] {dagbag.py:487} INFO - Filling up the DagBag from /home/airflow/sandbox/lib/python3.8/site-packages/airflow/example_dags/example_task_group.py
[2022-03-21 05:33:45,248] {scheduler_job.py:643} INFO - DAG(s) dict_keys(['example_task_group']) retrieved from /home/airflow/sandbox/lib/python3.8/site-packages/airflow/example_dags/example_task_group.py
[2022-03-21 05:33:45,280] {logging_mixin.py:104} INFO - [2022-03-21 05:33:45,280] {dag.py:1832} INFO - Sync 1 DAGs
[2022-03-21 05:33:45,302] {logging_mixin.py:104} INFO - [2022-03-21 05:33:45,302] {dag.py:2305} INFO - Setting next_dagrun for example_task_group to 2022-03-19 00:00:00+00:00
[2022-03-21 05:33:45,340] {scheduler_job.py:190} INFO - Processing /home/airflow/sandbox/lib/python3.8/site-packages/airflow/example_dags/example_task_group.py took 0.123 seconds
[2022-03-21 05:34:29,497] {scheduler_job.py:182} INFO - Started process (PID=10121) to work on /home/airflow/sandbox/lib/python3.8/site-packages/airflow/example_dags/example_task_group.py
[2022-03-21 05:34:29,499] {scheduler_job.py:633} INFO - Processing file /home/airflow/sandbox/lib/python3.8/site-packages/airflow/example_dags/example_task_group.py for tasks to queue
[2022-03-21 05:34:29,501] {logging_mixin.py:104} INFO - [2022-03-21 05:34:29,500] {dagbag.py:487} INFO - Filling up the DagBag from /home/airflow/sandbox/lib/python3.8/site-packages/airflow/example_dags/example_task_group.py
[2022-03-21 05:34:29,520] {scheduler_job.py:643} INFO - DAG(s) dict_keys(['example_task_group']) retrieved from /home/airflow/sandbox/lib/python3.8/site-packages/airflow/example_dags/example_task_group.py
[2022-03-21 05:34:29,553] {logging_mixin.py:104} INFO - [2022-03-21 05:34:29,553] {dag.py:1832} INFO - Sync 1 DAGs
[2022-03-21 05:34:29,580] {logging_mixin.py:104} INFO - [2022-03-21 05:34:29,577] {dag.py:2305} INFO - Setting next_dagrun for example_task_group to 2022-03-19 00:00:00+00:00
[2022-03-21 05:34:29,619] {scheduler_job.py:190} INFO - Processing /home/airflow/sandbox/lib/python3.8/site-packages/airflow/example_dags/example_task_group.py took 0.141 seconds
[2022-03-21 05:35:19,069] {scheduler_job.py:182} INFO - Started process (PID=10156) to work on /home/airflow/sandbox/lib/python3.8/site-packages/airflow/example_dags/example_task_group.py
[2022-03-21 05:35:19,072] {scheduler_job.py:633} INFO - Processing file /home/airflow/sandbox/lib/python3.8/site-packages/airflow/example_dags/example_task_group.py for tasks to queue
[2022-03-21 05:35:19,073] {logging_mixin.py:104} INFO - [2022-03-21 05:35:19,073] {dagbag.py:487} INFO - Filling up the DagBag from /home/airflow/sandbox/lib/python3.8/site-packages/airflow/example_dags/example_task_group.py
[2022-03-21 05:35:19,095] {scheduler_job.py:643} INFO - DAG(s) dict_keys(['example_task_group']) retrieved from /home/airflow/sandbox/lib/python3.8/site-packages/airflow/example_dags/example_task_group.py
[2022-03-21 05:35:19,129] {logging_mixin.py:104} INFO - [2022-03-21 05:35:19,129] {dag.py:1832} INFO - Sync 1 DAGs
[2022-03-21 05:35:19,151] {logging_mixin.py:104} INFO - [2022-03-21 05:35:19,151] {dag.py:2305} INFO - Setting next_dagrun for example_task_group to 2022-03-19 00:00:00+00:00
[2022-03-21 05:35:19,188] {scheduler_job.py:190} INFO - Processing /home/airflow/sandbox/lib/python3.8/site-packages/airflow/example_dags/example_task_group.py took 0.128 seconds
[2022-03-21 05:36:03,680] {scheduler_job.py:182} INFO - Started process (PID=10244) to work on /home/airflow/sandbox/lib/python3.8/site-packages/airflow/example_dags/example_task_group.py
[2022-03-21 05:36:03,684] {scheduler_job.py:633} INFO - Processing file /home/airflow/sandbox/lib/python3.8/site-packages/airflow/example_dags/example_task_group.py for tasks to queue
[2022-03-21 05:36:03,690] {logging_mixin.py:104} INFO - [2022-03-21 05:36:03,690] {dagbag.py:487} INFO - Filling up the DagBag from /home/airflow/sandbox/lib/python3.8/site-packages/airflow/example_dags/example_task_group.py
[2022-03-21 05:36:03,715] {scheduler_job.py:643} INFO - DAG(s) dict_keys(['example_task_group']) retrieved from /home/airflow/sandbox/lib/python3.8/site-packages/airflow/example_dags/example_task_group.py
[2022-03-21 05:36:03,742] {logging_mixin.py:104} INFO - [2022-03-21 05:36:03,742] {dag.py:1832} INFO - Sync 1 DAGs
[2022-03-21 05:36:03,764] {logging_mixin.py:104} INFO - [2022-03-21 05:36:03,764] {dag.py:2305} INFO - Setting next_dagrun for example_task_group to 2022-03-19 00:00:00+00:00
[2022-03-21 05:36:03,798] {scheduler_job.py:190} INFO - Processing /home/airflow/sandbox/lib/python3.8/site-packages/airflow/example_dags/example_task_group.py took 0.126 seconds
[2022-03-21 05:36:41,562] {scheduler_job.py:182} INFO - Started process (PID=10272) to work on /home/airflow/sandbox/lib/python3.8/site-packages/airflow/example_dags/example_task_group.py
[2022-03-21 05:36:41,567] {scheduler_job.py:633} INFO - Processing file /home/airflow/sandbox/lib/python3.8/site-packages/airflow/example_dags/example_task_group.py for tasks to queue
[2022-03-21 05:36:41,570] {logging_mixin.py:104} INFO - [2022-03-21 05:36:41,569] {dagbag.py:487} INFO - Filling up the DagBag from /home/airflow/sandbox/lib/python3.8/site-packages/airflow/example_dags/example_task_group.py
[2022-03-21 05:36:41,609] {scheduler_job.py:643} INFO - DAG(s) dict_keys(['example_task_group']) retrieved from /home/airflow/sandbox/lib/python3.8/site-packages/airflow/example_dags/example_task_group.py
[2022-03-21 05:36:41,690] {logging_mixin.py:104} INFO - [2022-03-21 05:36:41,690] {dag.py:1832} INFO - Sync 1 DAGs
[2022-03-21 05:36:41,718] {logging_mixin.py:104} INFO - [2022-03-21 05:36:41,718] {dag.py:2305} INFO - Setting next_dagrun for example_task_group to 2022-03-19 00:00:00+00:00
[2022-03-21 05:36:41,759] {scheduler_job.py:190} INFO - Processing /home/airflow/sandbox/lib/python3.8/site-packages/airflow/example_dags/example_task_group.py took 0.209 seconds
[2022-03-21 05:37:26,997] {scheduler_job.py:182} INFO - Started process (PID=10305) to work on /home/airflow/sandbox/lib/python3.8/site-packages/airflow/example_dags/example_task_group.py
[2022-03-21 05:37:27,002] {scheduler_job.py:633} INFO - Processing file /home/airflow/sandbox/lib/python3.8/site-packages/airflow/example_dags/example_task_group.py for tasks to queue
[2022-03-21 05:37:27,003] {logging_mixin.py:104} INFO - [2022-03-21 05:37:27,003] {dagbag.py:487} INFO - Filling up the DagBag from /home/airflow/sandbox/lib/python3.8/site-packages/airflow/example_dags/example_task_group.py
[2022-03-21 05:37:27,049] {scheduler_job.py:643} INFO - DAG(s) dict_keys(['example_task_group']) retrieved from /home/airflow/sandbox/lib/python3.8/site-packages/airflow/example_dags/example_task_group.py
[2022-03-21 05:37:27,099] {logging_mixin.py:104} INFO - [2022-03-21 05:37:27,099] {dag.py:1832} INFO - Sync 1 DAGs
[2022-03-21 05:37:27,154] {logging_mixin.py:104} INFO - [2022-03-21 05:37:27,153] {dag.py:2305} INFO - Setting next_dagrun for example_task_group to 2022-03-19 00:00:00+00:00
[2022-03-21 05:37:27,197] {scheduler_job.py:190} INFO - Processing /home/airflow/sandbox/lib/python3.8/site-packages/airflow/example_dags/example_task_group.py took 0.206 seconds
[2022-03-21 05:38:11,048] {scheduler_job.py:182} INFO - Started process (PID=10339) to work on /home/airflow/sandbox/lib/python3.8/site-packages/airflow/example_dags/example_task_group.py
[2022-03-21 05:38:11,053] {scheduler_job.py:633} INFO - Processing file /home/airflow/sandbox/lib/python3.8/site-packages/airflow/example_dags/example_task_group.py for tasks to queue
[2022-03-21 05:38:11,054] {logging_mixin.py:104} INFO - [2022-03-21 05:38:11,054] {dagbag.py:487} INFO - Filling up the DagBag from /home/airflow/sandbox/lib/python3.8/site-packages/airflow/example_dags/example_task_group.py
[2022-03-21 05:38:11,074] {scheduler_job.py:643} INFO - DAG(s) dict_keys(['example_task_group']) retrieved from /home/airflow/sandbox/lib/python3.8/site-packages/airflow/example_dags/example_task_group.py
[2022-03-21 05:38:11,103] {logging_mixin.py:104} INFO - [2022-03-21 05:38:11,103] {dag.py:1832} INFO - Sync 1 DAGs
[2022-03-21 05:38:11,125] {logging_mixin.py:104} INFO - [2022-03-21 05:38:11,125] {dag.py:2305} INFO - Setting next_dagrun for example_task_group to 2022-03-19 00:00:00+00:00
[2022-03-21 05:38:11,161] {scheduler_job.py:190} INFO - Processing /home/airflow/sandbox/lib/python3.8/site-packages/airflow/example_dags/example_task_group.py took 0.135 seconds
[2022-03-21 05:38:53,790] {scheduler_job.py:182} INFO - Started process (PID=10373) to work on /home/airflow/sandbox/lib/python3.8/site-packages/airflow/example_dags/example_task_group.py
[2022-03-21 05:38:53,796] {scheduler_job.py:633} INFO - Processing file /home/airflow/sandbox/lib/python3.8/site-packages/airflow/example_dags/example_task_group.py for tasks to queue
[2022-03-21 05:38:53,798] {logging_mixin.py:104} INFO - [2022-03-21 05:38:53,798] {dagbag.py:487} INFO - Filling up the DagBag from /home/airflow/sandbox/lib/python3.8/site-packages/airflow/example_dags/example_task_group.py
[2022-03-21 05:38:53,861] {scheduler_job.py:643} INFO - DAG(s) dict_keys(['example_task_group']) retrieved from /home/airflow/sandbox/lib/python3.8/site-packages/airflow/example_dags/example_task_group.py
[2022-03-21 05:38:53,967] {logging_mixin.py:104} INFO - [2022-03-21 05:38:53,967] {dag.py:1832} INFO - Sync 1 DAGs
[2022-03-21 05:38:53,989] {logging_mixin.py:104} INFO - [2022-03-21 05:38:53,988] {dag.py:2305} INFO - Setting next_dagrun for example_task_group to 2022-03-19 00:00:00+00:00
[2022-03-21 05:38:54,033] {scheduler_job.py:190} INFO - Processing /home/airflow/sandbox/lib/python3.8/site-packages/airflow/example_dags/example_task_group.py took 0.259 seconds
[2022-03-21 05:39:42,084] {scheduler_job.py:182} INFO - Started process (PID=10407) to work on /home/airflow/sandbox/lib/python3.8/site-packages/airflow/example_dags/example_task_group.py
[2022-03-21 05:39:42,087] {scheduler_job.py:633} INFO - Processing file /home/airflow/sandbox/lib/python3.8/site-packages/airflow/example_dags/example_task_group.py for tasks to queue
[2022-03-21 05:39:42,088] {logging_mixin.py:104} INFO - [2022-03-21 05:39:42,088] {dagbag.py:487} INFO - Filling up the DagBag from /home/airflow/sandbox/lib/python3.8/site-packages/airflow/example_dags/example_task_group.py
[2022-03-21 05:39:42,114] {scheduler_job.py:643} INFO - DAG(s) dict_keys(['example_task_group']) retrieved from /home/airflow/sandbox/lib/python3.8/site-packages/airflow/example_dags/example_task_group.py
[2022-03-21 05:39:42,158] {logging_mixin.py:104} INFO - [2022-03-21 05:39:42,158] {dag.py:1832} INFO - Sync 1 DAGs
[2022-03-21 05:39:42,183] {logging_mixin.py:104} INFO - [2022-03-21 05:39:42,183] {dag.py:2305} INFO - Setting next_dagrun for example_task_group to 2022-03-19 00:00:00+00:00
[2022-03-21 05:39:42,226] {scheduler_job.py:190} INFO - Processing /home/airflow/sandbox/lib/python3.8/site-packages/airflow/example_dags/example_task_group.py took 0.152 seconds
[2022-03-21 05:40:23,517] {scheduler_job.py:182} INFO - Started process (PID=10440) to work on /home/airflow/sandbox/lib/python3.8/site-packages/airflow/example_dags/example_task_group.py
[2022-03-21 05:40:23,521] {scheduler_job.py:633} INFO - Processing file /home/airflow/sandbox/lib/python3.8/site-packages/airflow/example_dags/example_task_group.py for tasks to queue
[2022-03-21 05:40:23,522] {logging_mixin.py:104} INFO - [2022-03-21 05:40:23,522] {dagbag.py:487} INFO - Filling up the DagBag from /home/airflow/sandbox/lib/python3.8/site-packages/airflow/example_dags/example_task_group.py
[2022-03-21 05:40:23,541] {scheduler_job.py:643} INFO - DAG(s) dict_keys(['example_task_group']) retrieved from /home/airflow/sandbox/lib/python3.8/site-packages/airflow/example_dags/example_task_group.py
[2022-03-21 05:40:23,581] {logging_mixin.py:104} INFO - [2022-03-21 05:40:23,581] {dag.py:1832} INFO - Sync 1 DAGs
[2022-03-21 05:40:23,606] {logging_mixin.py:104} INFO - [2022-03-21 05:40:23,606] {dag.py:2305} INFO - Setting next_dagrun for example_task_group to 2022-03-19 00:00:00+00:00
[2022-03-21 05:40:23,649] {scheduler_job.py:190} INFO - Processing /home/airflow/sandbox/lib/python3.8/site-packages/airflow/example_dags/example_task_group.py took 0.140 seconds
[2022-03-21 05:41:03,881] {scheduler_job.py:182} INFO - Started process (PID=10526) to work on /home/airflow/sandbox/lib/python3.8/site-packages/airflow/example_dags/example_task_group.py
[2022-03-21 05:41:03,884] {scheduler_job.py:633} INFO - Processing file /home/airflow/sandbox/lib/python3.8/site-packages/airflow/example_dags/example_task_group.py for tasks to queue
[2022-03-21 05:41:03,887] {logging_mixin.py:104} INFO - [2022-03-21 05:41:03,886] {dagbag.py:487} INFO - Filling up the DagBag from /home/airflow/sandbox/lib/python3.8/site-packages/airflow/example_dags/example_task_group.py
[2022-03-21 05:41:03,905] {scheduler_job.py:643} INFO - DAG(s) dict_keys(['example_task_group']) retrieved from /home/airflow/sandbox/lib/python3.8/site-packages/airflow/example_dags/example_task_group.py
[2022-03-21 05:41:03,948] {logging_mixin.py:104} INFO - [2022-03-21 05:41:03,948] {dag.py:1832} INFO - Sync 1 DAGs
[2022-03-21 05:41:03,980] {logging_mixin.py:104} INFO - [2022-03-21 05:41:03,980] {dag.py:2305} INFO - Setting next_dagrun for example_task_group to 2022-03-19 00:00:00+00:00
[2022-03-21 05:41:04,025] {scheduler_job.py:190} INFO - Processing /home/airflow/sandbox/lib/python3.8/site-packages/airflow/example_dags/example_task_group.py took 0.154 seconds
[2022-03-21 05:41:49,317] {scheduler_job.py:182} INFO - Started process (PID=10560) to work on /home/airflow/sandbox/lib/python3.8/site-packages/airflow/example_dags/example_task_group.py
[2022-03-21 05:41:49,320] {scheduler_job.py:633} INFO - Processing file /home/airflow/sandbox/lib/python3.8/site-packages/airflow/example_dags/example_task_group.py for tasks to queue
[2022-03-21 05:41:49,322] {logging_mixin.py:104} INFO - [2022-03-21 05:41:49,322] {dagbag.py:487} INFO - Filling up the DagBag from /home/airflow/sandbox/lib/python3.8/site-packages/airflow/example_dags/example_task_group.py
[2022-03-21 05:41:49,347] {scheduler_job.py:643} INFO - DAG(s) dict_keys(['example_task_group']) retrieved from /home/airflow/sandbox/lib/python3.8/site-packages/airflow/example_dags/example_task_group.py
[2022-03-21 05:41:49,391] {logging_mixin.py:104} INFO - [2022-03-21 05:41:49,391] {dag.py:1832} INFO - Sync 1 DAGs
[2022-03-21 05:41:49,423] {logging_mixin.py:104} INFO - [2022-03-21 05:41:49,423] {dag.py:2305} INFO - Setting next_dagrun for example_task_group to 2022-03-19 00:00:00+00:00
[2022-03-21 05:41:49,501] {scheduler_job.py:190} INFO - Processing /home/airflow/sandbox/lib/python3.8/site-packages/airflow/example_dags/example_task_group.py took 0.193 seconds
[2022-03-21 05:42:35,510] {scheduler_job.py:182} INFO - Started process (PID=10593) to work on /home/airflow/sandbox/lib/python3.8/site-packages/airflow/example_dags/example_task_group.py
[2022-03-21 05:42:35,512] {scheduler_job.py:633} INFO - Processing file /home/airflow/sandbox/lib/python3.8/site-packages/airflow/example_dags/example_task_group.py for tasks to queue
[2022-03-21 05:42:35,520] {logging_mixin.py:104} INFO - [2022-03-21 05:42:35,520] {dagbag.py:487} INFO - Filling up the DagBag from /home/airflow/sandbox/lib/python3.8/site-packages/airflow/example_dags/example_task_group.py
[2022-03-21 05:42:35,543] {scheduler_job.py:643} INFO - DAG(s) dict_keys(['example_task_group']) retrieved from /home/airflow/sandbox/lib/python3.8/site-packages/airflow/example_dags/example_task_group.py
[2022-03-21 05:42:35,630] {logging_mixin.py:104} INFO - [2022-03-21 05:42:35,620] {dag.py:1832} INFO - Sync 1 DAGs
[2022-03-21 05:42:35,677] {logging_mixin.py:104} INFO - [2022-03-21 05:42:35,676] {dag.py:2305} INFO - Setting next_dagrun for example_task_group to 2022-03-19 00:00:00+00:00
[2022-03-21 05:42:35,733] {scheduler_job.py:190} INFO - Processing /home/airflow/sandbox/lib/python3.8/site-packages/airflow/example_dags/example_task_group.py took 0.235 seconds
[2022-03-21 05:43:29,801] {scheduler_job.py:182} INFO - Started process (PID=10631) to work on /home/airflow/sandbox/lib/python3.8/site-packages/airflow/example_dags/example_task_group.py
[2022-03-21 05:43:29,804] {scheduler_job.py:633} INFO - Processing file /home/airflow/sandbox/lib/python3.8/site-packages/airflow/example_dags/example_task_group.py for tasks to queue
[2022-03-21 05:43:29,806] {logging_mixin.py:104} INFO - [2022-03-21 05:43:29,805] {dagbag.py:487} INFO - Filling up the DagBag from /home/airflow/sandbox/lib/python3.8/site-packages/airflow/example_dags/example_task_group.py
[2022-03-21 05:43:29,840] {scheduler_job.py:643} INFO - DAG(s) dict_keys(['example_task_group']) retrieved from /home/airflow/sandbox/lib/python3.8/site-packages/airflow/example_dags/example_task_group.py
[2022-03-21 05:43:29,979] {logging_mixin.py:104} INFO - [2022-03-21 05:43:29,978] {dag.py:1832} INFO - Sync 1 DAGs
[2022-03-21 05:43:30,021] {logging_mixin.py:104} INFO - [2022-03-21 05:43:30,021] {dag.py:2305} INFO - Setting next_dagrun for example_task_group to 2022-03-19 00:00:00+00:00
[2022-03-21 05:43:30,064] {scheduler_job.py:190} INFO - Processing /home/airflow/sandbox/lib/python3.8/site-packages/airflow/example_dags/example_task_group.py took 0.271 seconds
[2022-03-21 05:44:23,376] {scheduler_job.py:182} INFO - Started process (PID=10667) to work on /home/airflow/sandbox/lib/python3.8/site-packages/airflow/example_dags/example_task_group.py
[2022-03-21 05:44:23,378] {scheduler_job.py:633} INFO - Processing file /home/airflow/sandbox/lib/python3.8/site-packages/airflow/example_dags/example_task_group.py for tasks to queue
[2022-03-21 05:44:23,379] {logging_mixin.py:104} INFO - [2022-03-21 05:44:23,379] {dagbag.py:487} INFO - Filling up the DagBag from /home/airflow/sandbox/lib/python3.8/site-packages/airflow/example_dags/example_task_group.py
[2022-03-21 05:44:23,397] {scheduler_job.py:643} INFO - DAG(s) dict_keys(['example_task_group']) retrieved from /home/airflow/sandbox/lib/python3.8/site-packages/airflow/example_dags/example_task_group.py
[2022-03-21 05:44:23,435] {logging_mixin.py:104} INFO - [2022-03-21 05:44:23,434] {dag.py:1832} INFO - Sync 1 DAGs
[2022-03-21 05:44:23,456] {logging_mixin.py:104} INFO - [2022-03-21 05:44:23,456] {dag.py:2305} INFO - Setting next_dagrun for example_task_group to 2022-03-19 00:00:00+00:00
[2022-03-21 05:44:23,490] {scheduler_job.py:190} INFO - Processing /home/airflow/sandbox/lib/python3.8/site-packages/airflow/example_dags/example_task_group.py took 0.123 seconds
[2022-03-21 05:45:13,905] {scheduler_job.py:182} INFO - Started process (PID=10703) to work on /home/airflow/sandbox/lib/python3.8/site-packages/airflow/example_dags/example_task_group.py
[2022-03-21 05:45:13,908] {scheduler_job.py:633} INFO - Processing file /home/airflow/sandbox/lib/python3.8/site-packages/airflow/example_dags/example_task_group.py for tasks to queue
[2022-03-21 05:45:13,909] {logging_mixin.py:104} INFO - [2022-03-21 05:45:13,909] {dagbag.py:487} INFO - Filling up the DagBag from /home/airflow/sandbox/lib/python3.8/site-packages/airflow/example_dags/example_task_group.py
[2022-03-21 05:45:13,944] {scheduler_job.py:643} INFO - DAG(s) dict_keys(['example_task_group']) retrieved from /home/airflow/sandbox/lib/python3.8/site-packages/airflow/example_dags/example_task_group.py
[2022-03-21 05:45:13,980] {logging_mixin.py:104} INFO - [2022-03-21 05:45:13,980] {dag.py:1832} INFO - Sync 1 DAGs
[2022-03-21 05:45:14,007] {logging_mixin.py:104} INFO - [2022-03-21 05:45:14,006] {dag.py:2305} INFO - Setting next_dagrun for example_task_group to 2022-03-19 00:00:00+00:00
[2022-03-21 05:45:14,049] {scheduler_job.py:190} INFO - Processing /home/airflow/sandbox/lib/python3.8/site-packages/airflow/example_dags/example_task_group.py took 0.154 seconds
[2022-03-21 05:45:56,939] {scheduler_job.py:182} INFO - Started process (PID=10792) to work on /home/airflow/sandbox/lib/python3.8/site-packages/airflow/example_dags/example_task_group.py
[2022-03-21 05:45:56,945] {scheduler_job.py:633} INFO - Processing file /home/airflow/sandbox/lib/python3.8/site-packages/airflow/example_dags/example_task_group.py for tasks to queue
[2022-03-21 05:45:56,946] {logging_mixin.py:104} INFO - [2022-03-21 05:45:56,946] {dagbag.py:487} INFO - Filling up the DagBag from /home/airflow/sandbox/lib/python3.8/site-packages/airflow/example_dags/example_task_group.py
[2022-03-21 05:45:56,978] {scheduler_job.py:643} INFO - DAG(s) dict_keys(['example_task_group']) retrieved from /home/airflow/sandbox/lib/python3.8/site-packages/airflow/example_dags/example_task_group.py
[2022-03-21 05:45:57,022] {logging_mixin.py:104} INFO - [2022-03-21 05:45:57,022] {dag.py:1832} INFO - Sync 1 DAGs
[2022-03-21 05:45:57,048] {logging_mixin.py:104} INFO - [2022-03-21 05:45:57,048] {dag.py:2305} INFO - Setting next_dagrun for example_task_group to 2022-03-19 00:00:00+00:00
[2022-03-21 05:45:57,097] {scheduler_job.py:190} INFO - Processing /home/airflow/sandbox/lib/python3.8/site-packages/airflow/example_dags/example_task_group.py took 0.183 seconds
[2022-03-21 05:47:28,186] {scheduler_job.py:182} INFO - Started process (PID=11552) to work on /home/airflow/sandbox/lib/python3.8/site-packages/airflow/example_dags/example_task_group.py
[2022-03-21 05:47:28,194] {scheduler_job.py:633} INFO - Processing file /home/airflow/sandbox/lib/python3.8/site-packages/airflow/example_dags/example_task_group.py for tasks to queue
[2022-03-21 05:47:28,197] {logging_mixin.py:104} INFO - [2022-03-21 05:47:28,196] {dagbag.py:487} INFO - Filling up the DagBag from /home/airflow/sandbox/lib/python3.8/site-packages/airflow/example_dags/example_task_group.py
[2022-03-21 05:47:28,221] {scheduler_job.py:643} INFO - DAG(s) dict_keys(['example_task_group']) retrieved from /home/airflow/sandbox/lib/python3.8/site-packages/airflow/example_dags/example_task_group.py
[2022-03-21 05:47:28,267] {logging_mixin.py:104} INFO - [2022-03-21 05:47:28,267] {dag.py:1832} INFO - Sync 1 DAGs
[2022-03-21 05:47:28,291] {logging_mixin.py:104} INFO - [2022-03-21 05:47:28,290] {dag.py:2305} INFO - Setting next_dagrun for example_task_group to 2022-03-19 00:00:00+00:00
[2022-03-21 05:47:28,331] {scheduler_job.py:190} INFO - Processing /home/airflow/sandbox/lib/python3.8/site-packages/airflow/example_dags/example_task_group.py took 0.158 seconds
[2022-03-21 05:48:14,023] {scheduler_job.py:182} INFO - Started process (PID=11825) to work on /home/airflow/sandbox/lib/python3.8/site-packages/airflow/example_dags/example_task_group.py
[2022-03-21 05:48:14,026] {scheduler_job.py:633} INFO - Processing file /home/airflow/sandbox/lib/python3.8/site-packages/airflow/example_dags/example_task_group.py for tasks to queue
[2022-03-21 05:48:14,028] {logging_mixin.py:104} INFO - [2022-03-21 05:48:14,028] {dagbag.py:487} INFO - Filling up the DagBag from /home/airflow/sandbox/lib/python3.8/site-packages/airflow/example_dags/example_task_group.py
[2022-03-21 05:48:14,049] {scheduler_job.py:643} INFO - DAG(s) dict_keys(['example_task_group']) retrieved from /home/airflow/sandbox/lib/python3.8/site-packages/airflow/example_dags/example_task_group.py
[2022-03-21 05:48:14,086] {logging_mixin.py:104} INFO - [2022-03-21 05:48:14,086] {dag.py:1832} INFO - Sync 1 DAGs
[2022-03-21 05:48:14,114] {logging_mixin.py:104} INFO - [2022-03-21 05:48:14,114] {dag.py:2305} INFO - Setting next_dagrun for example_task_group to 2022-03-19 00:00:00+00:00
[2022-03-21 05:48:14,151] {scheduler_job.py:190} INFO - Processing /home/airflow/sandbox/lib/python3.8/site-packages/airflow/example_dags/example_task_group.py took 0.135 seconds
[2022-03-21 05:49:05,476] {scheduler_job.py:182} INFO - Started process (PID=12040) to work on /home/airflow/sandbox/lib/python3.8/site-packages/airflow/example_dags/example_task_group.py
[2022-03-21 05:49:05,481] {scheduler_job.py:633} INFO - Processing file /home/airflow/sandbox/lib/python3.8/site-packages/airflow/example_dags/example_task_group.py for tasks to queue
[2022-03-21 05:49:05,485] {logging_mixin.py:104} INFO - [2022-03-21 05:49:05,485] {dagbag.py:487} INFO - Filling up the DagBag from /home/airflow/sandbox/lib/python3.8/site-packages/airflow/example_dags/example_task_group.py
[2022-03-21 05:49:05,518] {scheduler_job.py:643} INFO - DAG(s) dict_keys(['example_task_group']) retrieved from /home/airflow/sandbox/lib/python3.8/site-packages/airflow/example_dags/example_task_group.py
[2022-03-21 05:49:05,567] {logging_mixin.py:104} INFO - [2022-03-21 05:49:05,567] {dag.py:1832} INFO - Sync 1 DAGs
[2022-03-21 05:49:05,595] {logging_mixin.py:104} INFO - [2022-03-21 05:49:05,595] {dag.py:2305} INFO - Setting next_dagrun for example_task_group to 2022-03-19 00:00:00+00:00
[2022-03-21 05:49:05,639] {scheduler_job.py:190} INFO - Processing /home/airflow/sandbox/lib/python3.8/site-packages/airflow/example_dags/example_task_group.py took 0.170 seconds
[2022-03-21 05:49:54,366] {scheduler_job.py:182} INFO - Started process (PID=12138) to work on /home/airflow/sandbox/lib/python3.8/site-packages/airflow/example_dags/example_task_group.py
[2022-03-21 05:49:54,369] {scheduler_job.py:633} INFO - Processing file /home/airflow/sandbox/lib/python3.8/site-packages/airflow/example_dags/example_task_group.py for tasks to queue
[2022-03-21 05:49:54,370] {logging_mixin.py:104} INFO - [2022-03-21 05:49:54,370] {dagbag.py:487} INFO - Filling up the DagBag from /home/airflow/sandbox/lib/python3.8/site-packages/airflow/example_dags/example_task_group.py
[2022-03-21 05:49:54,393] {scheduler_job.py:643} INFO - DAG(s) dict_keys(['example_task_group']) retrieved from /home/airflow/sandbox/lib/python3.8/site-packages/airflow/example_dags/example_task_group.py
[2022-03-21 05:49:54,431] {logging_mixin.py:104} INFO - [2022-03-21 05:49:54,431] {dag.py:1832} INFO - Sync 1 DAGs
[2022-03-21 05:49:54,458] {logging_mixin.py:104} INFO - [2022-03-21 05:49:54,458] {dag.py:2305} INFO - Setting next_dagrun for example_task_group to 2022-03-19 00:00:00+00:00
[2022-03-21 05:49:54,521] {scheduler_job.py:190} INFO - Processing /home/airflow/sandbox/lib/python3.8/site-packages/airflow/example_dags/example_task_group.py took 0.161 seconds
