[2022-03-21 05:14:59,650] {scheduler_job.py:182} INFO - Started process (PID=8200) to work on /home/airflow/sandbox/lib/python3.8/site-packages/airflow/example_dags/example_branch_labels.py
[2022-03-21 05:14:59,652] {scheduler_job.py:633} INFO - Processing file /home/airflow/sandbox/lib/python3.8/site-packages/airflow/example_dags/example_branch_labels.py for tasks to queue
[2022-03-21 05:14:59,653] {logging_mixin.py:104} INFO - [2022-03-21 05:14:59,653] {dagbag.py:487} INFO - Filling up the DagBag from /home/airflow/sandbox/lib/python3.8/site-packages/airflow/example_dags/example_branch_labels.py
[2022-03-21 05:14:59,668] {scheduler_job.py:643} INFO - DAG(s) dict_keys(['example_branch_labels']) retrieved from /home/airflow/sandbox/lib/python3.8/site-packages/airflow/example_dags/example_branch_labels.py
[2022-03-21 05:15:00,557] {logging_mixin.py:104} INFO - [2022-03-21 05:15:00,557] {dag.py:1832} INFO - Sync 1 DAGs
[2022-03-21 05:15:00,595] {logging_mixin.py:104} INFO - [2022-03-21 05:15:00,595] {dag.py:2305} INFO - Setting next_dagrun for example_branch_labels to 2022-03-19 00:00:00+00:00
[2022-03-21 05:15:00,644] {scheduler_job.py:190} INFO - Processing /home/airflow/sandbox/lib/python3.8/site-packages/airflow/example_dags/example_branch_labels.py took 1.007 seconds
[2022-03-21 05:16:27,825] {scheduler_job.py:182} INFO - Started process (PID=8821) to work on /home/airflow/sandbox/lib/python3.8/site-packages/airflow/example_dags/example_branch_labels.py
[2022-03-21 05:16:27,829] {scheduler_job.py:633} INFO - Processing file /home/airflow/sandbox/lib/python3.8/site-packages/airflow/example_dags/example_branch_labels.py for tasks to queue
[2022-03-21 05:16:27,830] {logging_mixin.py:104} INFO - [2022-03-21 05:16:27,830] {dagbag.py:487} INFO - Filling up the DagBag from /home/airflow/sandbox/lib/python3.8/site-packages/airflow/example_dags/example_branch_labels.py
[2022-03-21 05:16:27,843] {scheduler_job.py:643} INFO - DAG(s) dict_keys(['example_branch_labels']) retrieved from /home/airflow/sandbox/lib/python3.8/site-packages/airflow/example_dags/example_branch_labels.py
[2022-03-21 05:16:27,873] {logging_mixin.py:104} INFO - [2022-03-21 05:16:27,873] {dag.py:1832} INFO - Sync 1 DAGs
[2022-03-21 05:16:27,900] {logging_mixin.py:104} INFO - [2022-03-21 05:16:27,900] {dag.py:2305} INFO - Setting next_dagrun for example_branch_labels to 2022-03-19 00:00:00+00:00
[2022-03-21 05:16:27,932] {scheduler_job.py:190} INFO - Processing /home/airflow/sandbox/lib/python3.8/site-packages/airflow/example_dags/example_branch_labels.py took 0.118 seconds
[2022-03-21 05:17:19,231] {scheduler_job.py:182} INFO - Started process (PID=9041) to work on /home/airflow/sandbox/lib/python3.8/site-packages/airflow/example_dags/example_branch_labels.py
[2022-03-21 05:17:19,233] {scheduler_job.py:633} INFO - Processing file /home/airflow/sandbox/lib/python3.8/site-packages/airflow/example_dags/example_branch_labels.py for tasks to queue
[2022-03-21 05:17:19,243] {logging_mixin.py:104} INFO - [2022-03-21 05:17:19,242] {dagbag.py:487} INFO - Filling up the DagBag from /home/airflow/sandbox/lib/python3.8/site-packages/airflow/example_dags/example_branch_labels.py
[2022-03-21 05:17:19,275] {scheduler_job.py:643} INFO - DAG(s) dict_keys(['example_branch_labels']) retrieved from /home/airflow/sandbox/lib/python3.8/site-packages/airflow/example_dags/example_branch_labels.py
[2022-03-21 05:17:19,315] {logging_mixin.py:104} INFO - [2022-03-21 05:17:19,315] {dag.py:1832} INFO - Sync 1 DAGs
[2022-03-21 05:17:19,340] {logging_mixin.py:104} INFO - [2022-03-21 05:17:19,339] {dag.py:2305} INFO - Setting next_dagrun for example_branch_labels to 2022-03-19 00:00:00+00:00
[2022-03-21 05:17:19,379] {scheduler_job.py:190} INFO - Processing /home/airflow/sandbox/lib/python3.8/site-packages/airflow/example_dags/example_branch_labels.py took 0.154 seconds
[2022-03-21 05:18:02,357] {scheduler_job.py:182} INFO - Started process (PID=9164) to work on /home/airflow/sandbox/lib/python3.8/site-packages/airflow/example_dags/example_branch_labels.py
[2022-03-21 05:18:02,365] {scheduler_job.py:633} INFO - Processing file /home/airflow/sandbox/lib/python3.8/site-packages/airflow/example_dags/example_branch_labels.py for tasks to queue
[2022-03-21 05:18:02,369] {logging_mixin.py:104} INFO - [2022-03-21 05:18:02,367] {dagbag.py:487} INFO - Filling up the DagBag from /home/airflow/sandbox/lib/python3.8/site-packages/airflow/example_dags/example_branch_labels.py
[2022-03-21 05:18:02,399] {scheduler_job.py:643} INFO - DAG(s) dict_keys(['example_branch_labels']) retrieved from /home/airflow/sandbox/lib/python3.8/site-packages/airflow/example_dags/example_branch_labels.py
[2022-03-21 05:18:02,443] {logging_mixin.py:104} INFO - [2022-03-21 05:18:02,442] {dag.py:1832} INFO - Sync 1 DAGs
[2022-03-21 05:18:02,497] {logging_mixin.py:104} INFO - [2022-03-21 05:18:02,497] {dag.py:2305} INFO - Setting next_dagrun for example_branch_labels to 2022-03-19 00:00:00+00:00
[2022-03-21 05:18:02,580] {scheduler_job.py:190} INFO - Processing /home/airflow/sandbox/lib/python3.8/site-packages/airflow/example_dags/example_branch_labels.py took 0.243 seconds
[2022-03-21 05:18:55,493] {scheduler_job.py:182} INFO - Started process (PID=9262) to work on /home/airflow/sandbox/lib/python3.8/site-packages/airflow/example_dags/example_branch_labels.py
[2022-03-21 05:18:55,498] {scheduler_job.py:633} INFO - Processing file /home/airflow/sandbox/lib/python3.8/site-packages/airflow/example_dags/example_branch_labels.py for tasks to queue
[2022-03-21 05:18:55,500] {logging_mixin.py:104} INFO - [2022-03-21 05:18:55,499] {dagbag.py:487} INFO - Filling up the DagBag from /home/airflow/sandbox/lib/python3.8/site-packages/airflow/example_dags/example_branch_labels.py
[2022-03-21 05:18:55,512] {scheduler_job.py:643} INFO - DAG(s) dict_keys(['example_branch_labels']) retrieved from /home/airflow/sandbox/lib/python3.8/site-packages/airflow/example_dags/example_branch_labels.py
[2022-03-21 05:18:55,554] {logging_mixin.py:104} INFO - [2022-03-21 05:18:55,554] {dag.py:1832} INFO - Sync 1 DAGs
[2022-03-21 05:18:55,591] {logging_mixin.py:104} INFO - [2022-03-21 05:18:55,591] {dag.py:2305} INFO - Setting next_dagrun for example_branch_labels to 2022-03-19 00:00:00+00:00
[2022-03-21 05:18:55,653] {scheduler_job.py:190} INFO - Processing /home/airflow/sandbox/lib/python3.8/site-packages/airflow/example_dags/example_branch_labels.py took 0.165 seconds
[2022-03-21 05:19:39,749] {scheduler_job.py:182} INFO - Started process (PID=9296) to work on /home/airflow/sandbox/lib/python3.8/site-packages/airflow/example_dags/example_branch_labels.py
[2022-03-21 05:19:39,752] {scheduler_job.py:633} INFO - Processing file /home/airflow/sandbox/lib/python3.8/site-packages/airflow/example_dags/example_branch_labels.py for tasks to queue
[2022-03-21 05:19:39,754] {logging_mixin.py:104} INFO - [2022-03-21 05:19:39,754] {dagbag.py:487} INFO - Filling up the DagBag from /home/airflow/sandbox/lib/python3.8/site-packages/airflow/example_dags/example_branch_labels.py
[2022-03-21 05:19:39,770] {scheduler_job.py:643} INFO - DAG(s) dict_keys(['example_branch_labels']) retrieved from /home/airflow/sandbox/lib/python3.8/site-packages/airflow/example_dags/example_branch_labels.py
[2022-03-21 05:19:39,806] {logging_mixin.py:104} INFO - [2022-03-21 05:19:39,806] {dag.py:1832} INFO - Sync 1 DAGs
[2022-03-21 05:19:39,840] {logging_mixin.py:104} INFO - [2022-03-21 05:19:39,840] {dag.py:2305} INFO - Setting next_dagrun for example_branch_labels to 2022-03-19 00:00:00+00:00
[2022-03-21 05:19:39,881] {scheduler_job.py:190} INFO - Processing /home/airflow/sandbox/lib/python3.8/site-packages/airflow/example_dags/example_branch_labels.py took 0.140 seconds
[2022-03-21 05:20:24,650] {scheduler_job.py:182} INFO - Started process (PID=9359) to work on /home/airflow/sandbox/lib/python3.8/site-packages/airflow/example_dags/example_branch_labels.py
[2022-03-21 05:20:24,654] {scheduler_job.py:633} INFO - Processing file /home/airflow/sandbox/lib/python3.8/site-packages/airflow/example_dags/example_branch_labels.py for tasks to queue
[2022-03-21 05:20:24,656] {logging_mixin.py:104} INFO - [2022-03-21 05:20:24,656] {dagbag.py:487} INFO - Filling up the DagBag from /home/airflow/sandbox/lib/python3.8/site-packages/airflow/example_dags/example_branch_labels.py
[2022-03-21 05:20:24,669] {scheduler_job.py:643} INFO - DAG(s) dict_keys(['example_branch_labels']) retrieved from /home/airflow/sandbox/lib/python3.8/site-packages/airflow/example_dags/example_branch_labels.py
[2022-03-21 05:20:24,706] {logging_mixin.py:104} INFO - [2022-03-21 05:20:24,706] {dag.py:1832} INFO - Sync 1 DAGs
[2022-03-21 05:20:24,740] {logging_mixin.py:104} INFO - [2022-03-21 05:20:24,739] {dag.py:2305} INFO - Setting next_dagrun for example_branch_labels to 2022-03-19 00:00:00+00:00
[2022-03-21 05:20:24,776] {scheduler_job.py:190} INFO - Processing /home/airflow/sandbox/lib/python3.8/site-packages/airflow/example_dags/example_branch_labels.py took 0.133 seconds
[2022-03-21 05:21:16,796] {scheduler_job.py:182} INFO - Started process (PID=9420) to work on /home/airflow/sandbox/lib/python3.8/site-packages/airflow/example_dags/example_branch_labels.py
[2022-03-21 05:21:16,800] {scheduler_job.py:633} INFO - Processing file /home/airflow/sandbox/lib/python3.8/site-packages/airflow/example_dags/example_branch_labels.py for tasks to queue
[2022-03-21 05:21:16,802] {logging_mixin.py:104} INFO - [2022-03-21 05:21:16,802] {dagbag.py:487} INFO - Filling up the DagBag from /home/airflow/sandbox/lib/python3.8/site-packages/airflow/example_dags/example_branch_labels.py
[2022-03-21 05:21:16,817] {scheduler_job.py:643} INFO - DAG(s) dict_keys(['example_branch_labels']) retrieved from /home/airflow/sandbox/lib/python3.8/site-packages/airflow/example_dags/example_branch_labels.py
[2022-03-21 05:21:16,853] {logging_mixin.py:104} INFO - [2022-03-21 05:21:16,853] {dag.py:1832} INFO - Sync 1 DAGs
[2022-03-21 05:21:16,886] {logging_mixin.py:104} INFO - [2022-03-21 05:21:16,886] {dag.py:2305} INFO - Setting next_dagrun for example_branch_labels to 2022-03-19 00:00:00+00:00
[2022-03-21 05:21:16,942] {scheduler_job.py:190} INFO - Processing /home/airflow/sandbox/lib/python3.8/site-packages/airflow/example_dags/example_branch_labels.py took 0.152 seconds
[2022-03-21 05:22:01,757] {scheduler_job.py:182} INFO - Started process (PID=9454) to work on /home/airflow/sandbox/lib/python3.8/site-packages/airflow/example_dags/example_branch_labels.py
[2022-03-21 05:22:01,783] {scheduler_job.py:633} INFO - Processing file /home/airflow/sandbox/lib/python3.8/site-packages/airflow/example_dags/example_branch_labels.py for tasks to queue
[2022-03-21 05:22:01,784] {logging_mixin.py:104} INFO - [2022-03-21 05:22:01,784] {dagbag.py:487} INFO - Filling up the DagBag from /home/airflow/sandbox/lib/python3.8/site-packages/airflow/example_dags/example_branch_labels.py
[2022-03-21 05:22:01,806] {scheduler_job.py:643} INFO - DAG(s) dict_keys(['example_branch_labels']) retrieved from /home/airflow/sandbox/lib/python3.8/site-packages/airflow/example_dags/example_branch_labels.py
[2022-03-21 05:22:01,850] {logging_mixin.py:104} INFO - [2022-03-21 05:22:01,850] {dag.py:1832} INFO - Sync 1 DAGs
[2022-03-21 05:22:01,884] {logging_mixin.py:104} INFO - [2022-03-21 05:22:01,883] {dag.py:2305} INFO - Setting next_dagrun for example_branch_labels to 2022-03-19 00:00:00+00:00
[2022-03-21 05:22:01,921] {scheduler_job.py:190} INFO - Processing /home/airflow/sandbox/lib/python3.8/site-packages/airflow/example_dags/example_branch_labels.py took 0.171 seconds
[2022-03-21 05:22:44,843] {scheduler_job.py:182} INFO - Started process (PID=9487) to work on /home/airflow/sandbox/lib/python3.8/site-packages/airflow/example_dags/example_branch_labels.py
[2022-03-21 05:22:44,845] {scheduler_job.py:633} INFO - Processing file /home/airflow/sandbox/lib/python3.8/site-packages/airflow/example_dags/example_branch_labels.py for tasks to queue
[2022-03-21 05:22:44,852] {logging_mixin.py:104} INFO - [2022-03-21 05:22:44,852] {dagbag.py:487} INFO - Filling up the DagBag from /home/airflow/sandbox/lib/python3.8/site-packages/airflow/example_dags/example_branch_labels.py
[2022-03-21 05:22:44,864] {scheduler_job.py:643} INFO - DAG(s) dict_keys(['example_branch_labels']) retrieved from /home/airflow/sandbox/lib/python3.8/site-packages/airflow/example_dags/example_branch_labels.py
[2022-03-21 05:22:44,894] {logging_mixin.py:104} INFO - [2022-03-21 05:22:44,894] {dag.py:1832} INFO - Sync 1 DAGs
[2022-03-21 05:22:44,920] {logging_mixin.py:104} INFO - [2022-03-21 05:22:44,920] {dag.py:2305} INFO - Setting next_dagrun for example_branch_labels to 2022-03-19 00:00:00+00:00
[2022-03-21 05:22:44,954] {scheduler_job.py:190} INFO - Processing /home/airflow/sandbox/lib/python3.8/site-packages/airflow/example_dags/example_branch_labels.py took 0.117 seconds
[2022-03-21 05:23:27,075] {scheduler_job.py:182} INFO - Started process (PID=9521) to work on /home/airflow/sandbox/lib/python3.8/site-packages/airflow/example_dags/example_branch_labels.py
[2022-03-21 05:23:27,078] {scheduler_job.py:633} INFO - Processing file /home/airflow/sandbox/lib/python3.8/site-packages/airflow/example_dags/example_branch_labels.py for tasks to queue
[2022-03-21 05:23:27,085] {logging_mixin.py:104} INFO - [2022-03-21 05:23:27,085] {dagbag.py:487} INFO - Filling up the DagBag from /home/airflow/sandbox/lib/python3.8/site-packages/airflow/example_dags/example_branch_labels.py
[2022-03-21 05:23:27,098] {scheduler_job.py:643} INFO - DAG(s) dict_keys(['example_branch_labels']) retrieved from /home/airflow/sandbox/lib/python3.8/site-packages/airflow/example_dags/example_branch_labels.py
[2022-03-21 05:23:27,130] {logging_mixin.py:104} INFO - [2022-03-21 05:23:27,130] {dag.py:1832} INFO - Sync 1 DAGs
[2022-03-21 05:23:27,164] {logging_mixin.py:104} INFO - [2022-03-21 05:23:27,164] {dag.py:2305} INFO - Setting next_dagrun for example_branch_labels to 2022-03-19 00:00:00+00:00
[2022-03-21 05:23:27,198] {scheduler_job.py:190} INFO - Processing /home/airflow/sandbox/lib/python3.8/site-packages/airflow/example_dags/example_branch_labels.py took 0.131 seconds
[2022-03-21 05:24:07,674] {scheduler_job.py:182} INFO - Started process (PID=9554) to work on /home/airflow/sandbox/lib/python3.8/site-packages/airflow/example_dags/example_branch_labels.py
[2022-03-21 05:24:07,678] {scheduler_job.py:633} INFO - Processing file /home/airflow/sandbox/lib/python3.8/site-packages/airflow/example_dags/example_branch_labels.py for tasks to queue
[2022-03-21 05:24:07,679] {logging_mixin.py:104} INFO - [2022-03-21 05:24:07,679] {dagbag.py:487} INFO - Filling up the DagBag from /home/airflow/sandbox/lib/python3.8/site-packages/airflow/example_dags/example_branch_labels.py
[2022-03-21 05:24:07,691] {scheduler_job.py:643} INFO - DAG(s) dict_keys(['example_branch_labels']) retrieved from /home/airflow/sandbox/lib/python3.8/site-packages/airflow/example_dags/example_branch_labels.py
[2022-03-21 05:24:07,723] {logging_mixin.py:104} INFO - [2022-03-21 05:24:07,723] {dag.py:1832} INFO - Sync 1 DAGs
[2022-03-21 05:24:07,755] {logging_mixin.py:104} INFO - [2022-03-21 05:24:07,755] {dag.py:2305} INFO - Setting next_dagrun for example_branch_labels to 2022-03-19 00:00:00+00:00
[2022-03-21 05:24:07,787] {scheduler_job.py:190} INFO - Processing /home/airflow/sandbox/lib/python3.8/site-packages/airflow/example_dags/example_branch_labels.py took 0.118 seconds
[2022-03-21 05:25:02,557] {scheduler_job.py:182} INFO - Started process (PID=9594) to work on /home/airflow/sandbox/lib/python3.8/site-packages/airflow/example_dags/example_branch_labels.py
[2022-03-21 05:25:02,560] {scheduler_job.py:633} INFO - Processing file /home/airflow/sandbox/lib/python3.8/site-packages/airflow/example_dags/example_branch_labels.py for tasks to queue
[2022-03-21 05:25:02,562] {logging_mixin.py:104} INFO - [2022-03-21 05:25:02,562] {dagbag.py:487} INFO - Filling up the DagBag from /home/airflow/sandbox/lib/python3.8/site-packages/airflow/example_dags/example_branch_labels.py
[2022-03-21 05:25:02,575] {scheduler_job.py:643} INFO - DAG(s) dict_keys(['example_branch_labels']) retrieved from /home/airflow/sandbox/lib/python3.8/site-packages/airflow/example_dags/example_branch_labels.py
[2022-03-21 05:25:02,617] {logging_mixin.py:104} INFO - [2022-03-21 05:25:02,617] {dag.py:1832} INFO - Sync 1 DAGs
[2022-03-21 05:25:02,658] {logging_mixin.py:104} INFO - [2022-03-21 05:25:02,658] {dag.py:2305} INFO - Setting next_dagrun for example_branch_labels to 2022-03-19 00:00:00+00:00
[2022-03-21 05:25:02,693] {scheduler_job.py:190} INFO - Processing /home/airflow/sandbox/lib/python3.8/site-packages/airflow/example_dags/example_branch_labels.py took 0.145 seconds
[2022-03-21 05:25:48,504] {scheduler_job.py:182} INFO - Started process (PID=9685) to work on /home/airflow/sandbox/lib/python3.8/site-packages/airflow/example_dags/example_branch_labels.py
[2022-03-21 05:25:48,506] {scheduler_job.py:633} INFO - Processing file /home/airflow/sandbox/lib/python3.8/site-packages/airflow/example_dags/example_branch_labels.py for tasks to queue
[2022-03-21 05:25:48,507] {logging_mixin.py:104} INFO - [2022-03-21 05:25:48,507] {dagbag.py:487} INFO - Filling up the DagBag from /home/airflow/sandbox/lib/python3.8/site-packages/airflow/example_dags/example_branch_labels.py
[2022-03-21 05:25:48,518] {scheduler_job.py:643} INFO - DAG(s) dict_keys(['example_branch_labels']) retrieved from /home/airflow/sandbox/lib/python3.8/site-packages/airflow/example_dags/example_branch_labels.py
[2022-03-21 05:25:48,552] {logging_mixin.py:104} INFO - [2022-03-21 05:25:48,552] {dag.py:1832} INFO - Sync 1 DAGs
[2022-03-21 05:25:48,581] {logging_mixin.py:104} INFO - [2022-03-21 05:25:48,581] {dag.py:2305} INFO - Setting next_dagrun for example_branch_labels to 2022-03-19 00:00:00+00:00
[2022-03-21 05:25:48,847] {scheduler_job.py:190} INFO - Processing /home/airflow/sandbox/lib/python3.8/site-packages/airflow/example_dags/example_branch_labels.py took 0.352 seconds
[2022-03-21 05:26:38,635] {scheduler_job.py:182} INFO - Started process (PID=9720) to work on /home/airflow/sandbox/lib/python3.8/site-packages/airflow/example_dags/example_branch_labels.py
[2022-03-21 05:26:38,638] {scheduler_job.py:633} INFO - Processing file /home/airflow/sandbox/lib/python3.8/site-packages/airflow/example_dags/example_branch_labels.py for tasks to queue
[2022-03-21 05:26:38,639] {logging_mixin.py:104} INFO - [2022-03-21 05:26:38,639] {dagbag.py:487} INFO - Filling up the DagBag from /home/airflow/sandbox/lib/python3.8/site-packages/airflow/example_dags/example_branch_labels.py
[2022-03-21 05:26:38,651] {scheduler_job.py:643} INFO - DAG(s) dict_keys(['example_branch_labels']) retrieved from /home/airflow/sandbox/lib/python3.8/site-packages/airflow/example_dags/example_branch_labels.py
[2022-03-21 05:26:38,689] {logging_mixin.py:104} INFO - [2022-03-21 05:26:38,688] {dag.py:1832} INFO - Sync 1 DAGs
[2022-03-21 05:26:38,831] {logging_mixin.py:104} INFO - [2022-03-21 05:26:38,831] {dag.py:2305} INFO - Setting next_dagrun for example_branch_labels to 2022-03-19 00:00:00+00:00
[2022-03-21 05:26:38,874] {scheduler_job.py:190} INFO - Processing /home/airflow/sandbox/lib/python3.8/site-packages/airflow/example_dags/example_branch_labels.py took 0.246 seconds
[2022-03-21 05:27:29,961] {scheduler_job.py:182} INFO - Started process (PID=9756) to work on /home/airflow/sandbox/lib/python3.8/site-packages/airflow/example_dags/example_branch_labels.py
[2022-03-21 05:27:29,964] {scheduler_job.py:633} INFO - Processing file /home/airflow/sandbox/lib/python3.8/site-packages/airflow/example_dags/example_branch_labels.py for tasks to queue
[2022-03-21 05:27:29,965] {logging_mixin.py:104} INFO - [2022-03-21 05:27:29,965] {dagbag.py:487} INFO - Filling up the DagBag from /home/airflow/sandbox/lib/python3.8/site-packages/airflow/example_dags/example_branch_labels.py
[2022-03-21 05:27:29,984] {scheduler_job.py:643} INFO - DAG(s) dict_keys(['example_branch_labels']) retrieved from /home/airflow/sandbox/lib/python3.8/site-packages/airflow/example_dags/example_branch_labels.py
[2022-03-21 05:27:30,018] {logging_mixin.py:104} INFO - [2022-03-21 05:27:30,018] {dag.py:1832} INFO - Sync 1 DAGs
[2022-03-21 05:27:30,172] {logging_mixin.py:104} INFO - [2022-03-21 05:27:30,172] {dag.py:2305} INFO - Setting next_dagrun for example_branch_labels to 2022-03-19 00:00:00+00:00
[2022-03-21 05:27:30,207] {scheduler_job.py:190} INFO - Processing /home/airflow/sandbox/lib/python3.8/site-packages/airflow/example_dags/example_branch_labels.py took 0.254 seconds
[2022-03-21 05:28:22,341] {scheduler_job.py:182} INFO - Started process (PID=9793) to work on /home/airflow/sandbox/lib/python3.8/site-packages/airflow/example_dags/example_branch_labels.py
[2022-03-21 05:28:22,345] {scheduler_job.py:633} INFO - Processing file /home/airflow/sandbox/lib/python3.8/site-packages/airflow/example_dags/example_branch_labels.py for tasks to queue
[2022-03-21 05:28:22,346] {logging_mixin.py:104} INFO - [2022-03-21 05:28:22,346] {dagbag.py:487} INFO - Filling up the DagBag from /home/airflow/sandbox/lib/python3.8/site-packages/airflow/example_dags/example_branch_labels.py
[2022-03-21 05:28:22,360] {scheduler_job.py:643} INFO - DAG(s) dict_keys(['example_branch_labels']) retrieved from /home/airflow/sandbox/lib/python3.8/site-packages/airflow/example_dags/example_branch_labels.py
[2022-03-21 05:28:22,520] {logging_mixin.py:104} INFO - [2022-03-21 05:28:22,519] {dag.py:1832} INFO - Sync 1 DAGs
[2022-03-21 05:28:22,553] {logging_mixin.py:104} INFO - [2022-03-21 05:28:22,553] {dag.py:2305} INFO - Setting next_dagrun for example_branch_labels to 2022-03-19 00:00:00+00:00
[2022-03-21 05:28:22,587] {scheduler_job.py:190} INFO - Processing /home/airflow/sandbox/lib/python3.8/site-packages/airflow/example_dags/example_branch_labels.py took 0.255 seconds
[2022-03-21 05:29:12,354] {scheduler_job.py:182} INFO - Started process (PID=9829) to work on /home/airflow/sandbox/lib/python3.8/site-packages/airflow/example_dags/example_branch_labels.py
[2022-03-21 05:29:12,357] {scheduler_job.py:633} INFO - Processing file /home/airflow/sandbox/lib/python3.8/site-packages/airflow/example_dags/example_branch_labels.py for tasks to queue
[2022-03-21 05:29:12,359] {logging_mixin.py:104} INFO - [2022-03-21 05:29:12,359] {dagbag.py:487} INFO - Filling up the DagBag from /home/airflow/sandbox/lib/python3.8/site-packages/airflow/example_dags/example_branch_labels.py
[2022-03-21 05:29:12,507] {scheduler_job.py:643} INFO - DAG(s) dict_keys(['example_branch_labels']) retrieved from /home/airflow/sandbox/lib/python3.8/site-packages/airflow/example_dags/example_branch_labels.py
[2022-03-21 05:29:12,544] {logging_mixin.py:104} INFO - [2022-03-21 05:29:12,544] {dag.py:1832} INFO - Sync 1 DAGs
[2022-03-21 05:29:12,594] {logging_mixin.py:104} INFO - [2022-03-21 05:29:12,594] {dag.py:2305} INFO - Setting next_dagrun for example_branch_labels to 2022-03-19 00:00:00+00:00
[2022-03-21 05:29:12,645] {scheduler_job.py:190} INFO - Processing /home/airflow/sandbox/lib/python3.8/site-packages/airflow/example_dags/example_branch_labels.py took 0.301 seconds
[2022-03-21 05:30:04,681] {scheduler_job.py:182} INFO - Started process (PID=9867) to work on /home/airflow/sandbox/lib/python3.8/site-packages/airflow/example_dags/example_branch_labels.py
[2022-03-21 05:30:04,684] {scheduler_job.py:633} INFO - Processing file /home/airflow/sandbox/lib/python3.8/site-packages/airflow/example_dags/example_branch_labels.py for tasks to queue
[2022-03-21 05:30:04,686] {logging_mixin.py:104} INFO - [2022-03-21 05:30:04,685] {dagbag.py:487} INFO - Filling up the DagBag from /home/airflow/sandbox/lib/python3.8/site-packages/airflow/example_dags/example_branch_labels.py
[2022-03-21 05:30:04,838] {scheduler_job.py:643} INFO - DAG(s) dict_keys(['example_branch_labels']) retrieved from /home/airflow/sandbox/lib/python3.8/site-packages/airflow/example_dags/example_branch_labels.py
[2022-03-21 05:30:04,863] {logging_mixin.py:104} INFO - [2022-03-21 05:30:04,863] {dag.py:1832} INFO - Sync 1 DAGs
[2022-03-21 05:30:04,898] {logging_mixin.py:104} INFO - [2022-03-21 05:30:04,897] {dag.py:2305} INFO - Setting next_dagrun for example_branch_labels to 2022-03-19 00:00:00+00:00
[2022-03-21 05:30:04,929] {scheduler_job.py:190} INFO - Processing /home/airflow/sandbox/lib/python3.8/site-packages/airflow/example_dags/example_branch_labels.py took 0.259 seconds
[2022-03-21 05:31:03,544] {scheduler_job.py:182} INFO - Started process (PID=9964) to work on /home/airflow/sandbox/lib/python3.8/site-packages/airflow/example_dags/example_branch_labels.py
[2022-03-21 05:31:03,546] {scheduler_job.py:633} INFO - Processing file /home/airflow/sandbox/lib/python3.8/site-packages/airflow/example_dags/example_branch_labels.py for tasks to queue
[2022-03-21 05:31:03,548] {logging_mixin.py:104} INFO - [2022-03-21 05:31:03,547] {dagbag.py:487} INFO - Filling up the DagBag from /home/airflow/sandbox/lib/python3.8/site-packages/airflow/example_dags/example_branch_labels.py
[2022-03-21 05:31:03,567] {scheduler_job.py:643} INFO - DAG(s) dict_keys(['example_branch_labels']) retrieved from /home/airflow/sandbox/lib/python3.8/site-packages/airflow/example_dags/example_branch_labels.py
[2022-03-21 05:31:03,599] {logging_mixin.py:104} INFO - [2022-03-21 05:31:03,598] {dag.py:1832} INFO - Sync 1 DAGs
[2022-03-21 05:31:03,631] {logging_mixin.py:104} INFO - [2022-03-21 05:31:03,630] {dag.py:2305} INFO - Setting next_dagrun for example_branch_labels to 2022-03-19 00:00:00+00:00
[2022-03-21 05:31:03,662] {scheduler_job.py:190} INFO - Processing /home/airflow/sandbox/lib/python3.8/site-packages/airflow/example_dags/example_branch_labels.py took 0.126 seconds
[2022-03-21 05:31:48,548] {scheduler_job.py:182} INFO - Started process (PID=9999) to work on /home/airflow/sandbox/lib/python3.8/site-packages/airflow/example_dags/example_branch_labels.py
[2022-03-21 05:31:48,550] {scheduler_job.py:633} INFO - Processing file /home/airflow/sandbox/lib/python3.8/site-packages/airflow/example_dags/example_branch_labels.py for tasks to queue
[2022-03-21 05:31:48,551] {logging_mixin.py:104} INFO - [2022-03-21 05:31:48,551] {dagbag.py:487} INFO - Filling up the DagBag from /home/airflow/sandbox/lib/python3.8/site-packages/airflow/example_dags/example_branch_labels.py
[2022-03-21 05:31:48,562] {scheduler_job.py:643} INFO - DAG(s) dict_keys(['example_branch_labels']) retrieved from /home/airflow/sandbox/lib/python3.8/site-packages/airflow/example_dags/example_branch_labels.py
[2022-03-21 05:31:48,593] {logging_mixin.py:104} INFO - [2022-03-21 05:31:48,593] {dag.py:1832} INFO - Sync 1 DAGs
[2022-03-21 05:31:48,625] {logging_mixin.py:104} INFO - [2022-03-21 05:31:48,624] {dag.py:2305} INFO - Setting next_dagrun for example_branch_labels to 2022-03-19 00:00:00+00:00
[2022-03-21 05:31:48,656] {scheduler_job.py:190} INFO - Processing /home/airflow/sandbox/lib/python3.8/site-packages/airflow/example_dags/example_branch_labels.py took 0.118 seconds
[2022-03-21 05:32:42,461] {scheduler_job.py:182} INFO - Started process (PID=10040) to work on /home/airflow/sandbox/lib/python3.8/site-packages/airflow/example_dags/example_branch_labels.py
[2022-03-21 05:32:42,463] {scheduler_job.py:633} INFO - Processing file /home/airflow/sandbox/lib/python3.8/site-packages/airflow/example_dags/example_branch_labels.py for tasks to queue
[2022-03-21 05:32:42,464] {logging_mixin.py:104} INFO - [2022-03-21 05:32:42,464] {dagbag.py:487} INFO - Filling up the DagBag from /home/airflow/sandbox/lib/python3.8/site-packages/airflow/example_dags/example_branch_labels.py
[2022-03-21 05:32:42,474] {scheduler_job.py:643} INFO - DAG(s) dict_keys(['example_branch_labels']) retrieved from /home/airflow/sandbox/lib/python3.8/site-packages/airflow/example_dags/example_branch_labels.py
[2022-03-21 05:32:42,507] {logging_mixin.py:104} INFO - [2022-03-21 05:32:42,507] {dag.py:1832} INFO - Sync 1 DAGs
[2022-03-21 05:32:42,539] {logging_mixin.py:104} INFO - [2022-03-21 05:32:42,539] {dag.py:2305} INFO - Setting next_dagrun for example_branch_labels to 2022-03-19 00:00:00+00:00
[2022-03-21 05:32:42,570] {scheduler_job.py:190} INFO - Processing /home/airflow/sandbox/lib/python3.8/site-packages/airflow/example_dags/example_branch_labels.py took 0.116 seconds
[2022-03-21 05:33:26,835] {scheduler_job.py:182} INFO - Started process (PID=10073) to work on /home/airflow/sandbox/lib/python3.8/site-packages/airflow/example_dags/example_branch_labels.py
[2022-03-21 05:33:26,838] {scheduler_job.py:633} INFO - Processing file /home/airflow/sandbox/lib/python3.8/site-packages/airflow/example_dags/example_branch_labels.py for tasks to queue
[2022-03-21 05:33:26,839] {logging_mixin.py:104} INFO - [2022-03-21 05:33:26,839] {dagbag.py:487} INFO - Filling up the DagBag from /home/airflow/sandbox/lib/python3.8/site-packages/airflow/example_dags/example_branch_labels.py
[2022-03-21 05:33:26,849] {scheduler_job.py:643} INFO - DAG(s) dict_keys(['example_branch_labels']) retrieved from /home/airflow/sandbox/lib/python3.8/site-packages/airflow/example_dags/example_branch_labels.py
[2022-03-21 05:33:26,881] {logging_mixin.py:104} INFO - [2022-03-21 05:33:26,881] {dag.py:1832} INFO - Sync 1 DAGs
[2022-03-21 05:33:26,911] {logging_mixin.py:104} INFO - [2022-03-21 05:33:26,911] {dag.py:2305} INFO - Setting next_dagrun for example_branch_labels to 2022-03-19 00:00:00+00:00
[2022-03-21 05:33:26,944] {scheduler_job.py:190} INFO - Processing /home/airflow/sandbox/lib/python3.8/site-packages/airflow/example_dags/example_branch_labels.py took 0.117 seconds
[2022-03-21 05:34:10,514] {scheduler_job.py:182} INFO - Started process (PID=10105) to work on /home/airflow/sandbox/lib/python3.8/site-packages/airflow/example_dags/example_branch_labels.py
[2022-03-21 05:34:10,517] {scheduler_job.py:633} INFO - Processing file /home/airflow/sandbox/lib/python3.8/site-packages/airflow/example_dags/example_branch_labels.py for tasks to queue
[2022-03-21 05:34:10,518] {logging_mixin.py:104} INFO - [2022-03-21 05:34:10,518] {dagbag.py:487} INFO - Filling up the DagBag from /home/airflow/sandbox/lib/python3.8/site-packages/airflow/example_dags/example_branch_labels.py
[2022-03-21 05:34:10,529] {scheduler_job.py:643} INFO - DAG(s) dict_keys(['example_branch_labels']) retrieved from /home/airflow/sandbox/lib/python3.8/site-packages/airflow/example_dags/example_branch_labels.py
[2022-03-21 05:34:10,561] {logging_mixin.py:104} INFO - [2022-03-21 05:34:10,561] {dag.py:1832} INFO - Sync 1 DAGs
[2022-03-21 05:34:10,593] {logging_mixin.py:104} INFO - [2022-03-21 05:34:10,593] {dag.py:2305} INFO - Setting next_dagrun for example_branch_labels to 2022-03-19 00:00:00+00:00
[2022-03-21 05:34:10,660] {scheduler_job.py:190} INFO - Processing /home/airflow/sandbox/lib/python3.8/site-packages/airflow/example_dags/example_branch_labels.py took 0.153 seconds
[2022-03-21 05:34:56,604] {scheduler_job.py:182} INFO - Started process (PID=10139) to work on /home/airflow/sandbox/lib/python3.8/site-packages/airflow/example_dags/example_branch_labels.py
[2022-03-21 05:34:56,606] {scheduler_job.py:633} INFO - Processing file /home/airflow/sandbox/lib/python3.8/site-packages/airflow/example_dags/example_branch_labels.py for tasks to queue
[2022-03-21 05:34:56,608] {logging_mixin.py:104} INFO - [2022-03-21 05:34:56,607] {dagbag.py:487} INFO - Filling up the DagBag from /home/airflow/sandbox/lib/python3.8/site-packages/airflow/example_dags/example_branch_labels.py
[2022-03-21 05:34:56,622] {scheduler_job.py:643} INFO - DAG(s) dict_keys(['example_branch_labels']) retrieved from /home/airflow/sandbox/lib/python3.8/site-packages/airflow/example_dags/example_branch_labels.py
[2022-03-21 05:34:56,653] {logging_mixin.py:104} INFO - [2022-03-21 05:34:56,653] {dag.py:1832} INFO - Sync 1 DAGs
[2022-03-21 05:34:56,686] {logging_mixin.py:104} INFO - [2022-03-21 05:34:56,685] {dag.py:2305} INFO - Setting next_dagrun for example_branch_labels to 2022-03-19 00:00:00+00:00
[2022-03-21 05:34:56,744] {scheduler_job.py:190} INFO - Processing /home/airflow/sandbox/lib/python3.8/site-packages/airflow/example_dags/example_branch_labels.py took 0.150 seconds
[2022-03-21 05:35:43,281] {scheduler_job.py:182} INFO - Started process (PID=10230) to work on /home/airflow/sandbox/lib/python3.8/site-packages/airflow/example_dags/example_branch_labels.py
[2022-03-21 05:35:43,286] {scheduler_job.py:633} INFO - Processing file /home/airflow/sandbox/lib/python3.8/site-packages/airflow/example_dags/example_branch_labels.py for tasks to queue
[2022-03-21 05:35:43,287] {logging_mixin.py:104} INFO - [2022-03-21 05:35:43,287] {dagbag.py:487} INFO - Filling up the DagBag from /home/airflow/sandbox/lib/python3.8/site-packages/airflow/example_dags/example_branch_labels.py
[2022-03-21 05:35:43,302] {scheduler_job.py:643} INFO - DAG(s) dict_keys(['example_branch_labels']) retrieved from /home/airflow/sandbox/lib/python3.8/site-packages/airflow/example_dags/example_branch_labels.py
[2022-03-21 05:35:43,346] {logging_mixin.py:104} INFO - [2022-03-21 05:35:43,346] {dag.py:1832} INFO - Sync 1 DAGs
[2022-03-21 05:35:43,389] {logging_mixin.py:104} INFO - [2022-03-21 05:35:43,388] {dag.py:2305} INFO - Setting next_dagrun for example_branch_labels to 2022-03-19 00:00:00+00:00
[2022-03-21 05:35:43,486] {scheduler_job.py:190} INFO - Processing /home/airflow/sandbox/lib/python3.8/site-packages/airflow/example_dags/example_branch_labels.py took 0.215 seconds
[2022-03-21 05:36:31,572] {scheduler_job.py:182} INFO - Started process (PID=10264) to work on /home/airflow/sandbox/lib/python3.8/site-packages/airflow/example_dags/example_branch_labels.py
[2022-03-21 05:36:31,574] {scheduler_job.py:633} INFO - Processing file /home/airflow/sandbox/lib/python3.8/site-packages/airflow/example_dags/example_branch_labels.py for tasks to queue
[2022-03-21 05:36:31,576] {logging_mixin.py:104} INFO - [2022-03-21 05:36:31,575] {dagbag.py:487} INFO - Filling up the DagBag from /home/airflow/sandbox/lib/python3.8/site-packages/airflow/example_dags/example_branch_labels.py
[2022-03-21 05:36:31,588] {scheduler_job.py:643} INFO - DAG(s) dict_keys(['example_branch_labels']) retrieved from /home/airflow/sandbox/lib/python3.8/site-packages/airflow/example_dags/example_branch_labels.py
[2022-03-21 05:36:31,650] {logging_mixin.py:104} INFO - [2022-03-21 05:36:31,650] {dag.py:1832} INFO - Sync 1 DAGs
[2022-03-21 05:36:31,691] {logging_mixin.py:104} INFO - [2022-03-21 05:36:31,691] {dag.py:2305} INFO - Setting next_dagrun for example_branch_labels to 2022-03-19 00:00:00+00:00
[2022-03-21 05:36:31,722] {scheduler_job.py:190} INFO - Processing /home/airflow/sandbox/lib/python3.8/site-packages/airflow/example_dags/example_branch_labels.py took 0.161 seconds
[2022-03-21 05:37:16,365] {scheduler_job.py:182} INFO - Started process (PID=10297) to work on /home/airflow/sandbox/lib/python3.8/site-packages/airflow/example_dags/example_branch_labels.py
[2022-03-21 05:37:16,374] {scheduler_job.py:633} INFO - Processing file /home/airflow/sandbox/lib/python3.8/site-packages/airflow/example_dags/example_branch_labels.py for tasks to queue
[2022-03-21 05:37:16,376] {logging_mixin.py:104} INFO - [2022-03-21 05:37:16,376] {dagbag.py:487} INFO - Filling up the DagBag from /home/airflow/sandbox/lib/python3.8/site-packages/airflow/example_dags/example_branch_labels.py
[2022-03-21 05:37:16,414] {scheduler_job.py:643} INFO - DAG(s) dict_keys(['example_branch_labels']) retrieved from /home/airflow/sandbox/lib/python3.8/site-packages/airflow/example_dags/example_branch_labels.py
[2022-03-21 05:37:16,459] {logging_mixin.py:104} INFO - [2022-03-21 05:37:16,459] {dag.py:1832} INFO - Sync 1 DAGs
[2022-03-21 05:37:16,517] {logging_mixin.py:104} INFO - [2022-03-21 05:37:16,516] {dag.py:2305} INFO - Setting next_dagrun for example_branch_labels to 2022-03-19 00:00:00+00:00
[2022-03-21 05:37:16,652] {scheduler_job.py:190} INFO - Processing /home/airflow/sandbox/lib/python3.8/site-packages/airflow/example_dags/example_branch_labels.py took 0.322 seconds
[2022-03-21 05:38:00,380] {scheduler_job.py:182} INFO - Started process (PID=10331) to work on /home/airflow/sandbox/lib/python3.8/site-packages/airflow/example_dags/example_branch_labels.py
[2022-03-21 05:38:00,382] {scheduler_job.py:633} INFO - Processing file /home/airflow/sandbox/lib/python3.8/site-packages/airflow/example_dags/example_branch_labels.py for tasks to queue
[2022-03-21 05:38:00,388] {logging_mixin.py:104} INFO - [2022-03-21 05:38:00,384] {dagbag.py:487} INFO - Filling up the DagBag from /home/airflow/sandbox/lib/python3.8/site-packages/airflow/example_dags/example_branch_labels.py
[2022-03-21 05:38:00,404] {scheduler_job.py:643} INFO - DAG(s) dict_keys(['example_branch_labels']) retrieved from /home/airflow/sandbox/lib/python3.8/site-packages/airflow/example_dags/example_branch_labels.py
[2022-03-21 05:38:00,452] {logging_mixin.py:104} INFO - [2022-03-21 05:38:00,451] {dag.py:1832} INFO - Sync 1 DAGs
[2022-03-21 05:38:00,499] {logging_mixin.py:104} INFO - [2022-03-21 05:38:00,499] {dag.py:2305} INFO - Setting next_dagrun for example_branch_labels to 2022-03-19 00:00:00+00:00
[2022-03-21 05:38:00,533] {scheduler_job.py:190} INFO - Processing /home/airflow/sandbox/lib/python3.8/site-packages/airflow/example_dags/example_branch_labels.py took 0.163 seconds
[2022-03-21 05:38:41,668] {scheduler_job.py:182} INFO - Started process (PID=10365) to work on /home/airflow/sandbox/lib/python3.8/site-packages/airflow/example_dags/example_branch_labels.py
[2022-03-21 05:38:41,672] {scheduler_job.py:633} INFO - Processing file /home/airflow/sandbox/lib/python3.8/site-packages/airflow/example_dags/example_branch_labels.py for tasks to queue
[2022-03-21 05:38:41,673] {logging_mixin.py:104} INFO - [2022-03-21 05:38:41,673] {dagbag.py:487} INFO - Filling up the DagBag from /home/airflow/sandbox/lib/python3.8/site-packages/airflow/example_dags/example_branch_labels.py
[2022-03-21 05:38:41,688] {scheduler_job.py:643} INFO - DAG(s) dict_keys(['example_branch_labels']) retrieved from /home/airflow/sandbox/lib/python3.8/site-packages/airflow/example_dags/example_branch_labels.py
[2022-03-21 05:38:41,726] {logging_mixin.py:104} INFO - [2022-03-21 05:38:41,726] {dag.py:1832} INFO - Sync 1 DAGs
[2022-03-21 05:38:41,766] {logging_mixin.py:104} INFO - [2022-03-21 05:38:41,766] {dag.py:2305} INFO - Setting next_dagrun for example_branch_labels to 2022-03-19 00:00:00+00:00
[2022-03-21 05:38:41,799] {scheduler_job.py:190} INFO - Processing /home/airflow/sandbox/lib/python3.8/site-packages/airflow/example_dags/example_branch_labels.py took 0.137 seconds
[2022-03-21 05:39:26,538] {scheduler_job.py:182} INFO - Started process (PID=10396) to work on /home/airflow/sandbox/lib/python3.8/site-packages/airflow/example_dags/example_branch_labels.py
[2022-03-21 05:39:26,546] {scheduler_job.py:633} INFO - Processing file /home/airflow/sandbox/lib/python3.8/site-packages/airflow/example_dags/example_branch_labels.py for tasks to queue
[2022-03-21 05:39:26,547] {logging_mixin.py:104} INFO - [2022-03-21 05:39:26,547] {dagbag.py:487} INFO - Filling up the DagBag from /home/airflow/sandbox/lib/python3.8/site-packages/airflow/example_dags/example_branch_labels.py
[2022-03-21 05:39:26,560] {scheduler_job.py:643} INFO - DAG(s) dict_keys(['example_branch_labels']) retrieved from /home/airflow/sandbox/lib/python3.8/site-packages/airflow/example_dags/example_branch_labels.py
[2022-03-21 05:39:26,593] {logging_mixin.py:104} INFO - [2022-03-21 05:39:26,592] {dag.py:1832} INFO - Sync 1 DAGs
[2022-03-21 05:39:26,632] {logging_mixin.py:104} INFO - [2022-03-21 05:39:26,632] {dag.py:2305} INFO - Setting next_dagrun for example_branch_labels to 2022-03-19 00:00:00+00:00
[2022-03-21 05:39:26,668] {scheduler_job.py:190} INFO - Processing /home/airflow/sandbox/lib/python3.8/site-packages/airflow/example_dags/example_branch_labels.py took 0.138 seconds
[2022-03-21 05:40:09,363] {scheduler_job.py:182} INFO - Started process (PID=10429) to work on /home/airflow/sandbox/lib/python3.8/site-packages/airflow/example_dags/example_branch_labels.py
[2022-03-21 05:40:09,372] {scheduler_job.py:633} INFO - Processing file /home/airflow/sandbox/lib/python3.8/site-packages/airflow/example_dags/example_branch_labels.py for tasks to queue
[2022-03-21 05:40:09,374] {logging_mixin.py:104} INFO - [2022-03-21 05:40:09,374] {dagbag.py:487} INFO - Filling up the DagBag from /home/airflow/sandbox/lib/python3.8/site-packages/airflow/example_dags/example_branch_labels.py
[2022-03-21 05:40:09,404] {scheduler_job.py:643} INFO - DAG(s) dict_keys(['example_branch_labels']) retrieved from /home/airflow/sandbox/lib/python3.8/site-packages/airflow/example_dags/example_branch_labels.py
[2022-03-21 05:40:09,505] {logging_mixin.py:104} INFO - [2022-03-21 05:40:09,505] {dag.py:1832} INFO - Sync 1 DAGs
[2022-03-21 05:40:09,592] {logging_mixin.py:104} INFO - [2022-03-21 05:40:09,592] {dag.py:2305} INFO - Setting next_dagrun for example_branch_labels to 2022-03-19 00:00:00+00:00
[2022-03-21 05:40:09,638] {scheduler_job.py:190} INFO - Processing /home/airflow/sandbox/lib/python3.8/site-packages/airflow/example_dags/example_branch_labels.py took 0.288 seconds
[2022-03-21 05:41:05,164] {scheduler_job.py:182} INFO - Started process (PID=10527) to work on /home/airflow/sandbox/lib/python3.8/site-packages/airflow/example_dags/example_branch_labels.py
[2022-03-21 05:41:05,168] {scheduler_job.py:633} INFO - Processing file /home/airflow/sandbox/lib/python3.8/site-packages/airflow/example_dags/example_branch_labels.py for tasks to queue
[2022-03-21 05:41:05,172] {logging_mixin.py:104} INFO - [2022-03-21 05:41:05,172] {dagbag.py:487} INFO - Filling up the DagBag from /home/airflow/sandbox/lib/python3.8/site-packages/airflow/example_dags/example_branch_labels.py
[2022-03-21 05:41:05,189] {scheduler_job.py:643} INFO - DAG(s) dict_keys(['example_branch_labels']) retrieved from /home/airflow/sandbox/lib/python3.8/site-packages/airflow/example_dags/example_branch_labels.py
[2022-03-21 05:41:05,242] {logging_mixin.py:104} INFO - [2022-03-21 05:41:05,242] {dag.py:1832} INFO - Sync 1 DAGs
[2022-03-21 05:41:05,297] {logging_mixin.py:104} INFO - [2022-03-21 05:41:05,296] {dag.py:2305} INFO - Setting next_dagrun for example_branch_labels to 2022-03-19 00:00:00+00:00
[2022-03-21 05:41:05,338] {scheduler_job.py:190} INFO - Processing /home/airflow/sandbox/lib/python3.8/site-packages/airflow/example_dags/example_branch_labels.py took 0.182 seconds
[2022-03-21 05:41:50,620] {scheduler_job.py:182} INFO - Started process (PID=10561) to work on /home/airflow/sandbox/lib/python3.8/site-packages/airflow/example_dags/example_branch_labels.py
[2022-03-21 05:41:50,623] {scheduler_job.py:633} INFO - Processing file /home/airflow/sandbox/lib/python3.8/site-packages/airflow/example_dags/example_branch_labels.py for tasks to queue
[2022-03-21 05:41:50,634] {logging_mixin.py:104} INFO - [2022-03-21 05:41:50,633] {dagbag.py:487} INFO - Filling up the DagBag from /home/airflow/sandbox/lib/python3.8/site-packages/airflow/example_dags/example_branch_labels.py
[2022-03-21 05:41:50,658] {scheduler_job.py:643} INFO - DAG(s) dict_keys(['example_branch_labels']) retrieved from /home/airflow/sandbox/lib/python3.8/site-packages/airflow/example_dags/example_branch_labels.py
[2022-03-21 05:41:50,748] {logging_mixin.py:104} INFO - [2022-03-21 05:41:50,747] {dag.py:1832} INFO - Sync 1 DAGs
[2022-03-21 05:41:50,818] {logging_mixin.py:104} INFO - [2022-03-21 05:41:50,817] {dag.py:2305} INFO - Setting next_dagrun for example_branch_labels to 2022-03-19 00:00:00+00:00
[2022-03-21 05:41:50,903] {scheduler_job.py:190} INFO - Processing /home/airflow/sandbox/lib/python3.8/site-packages/airflow/example_dags/example_branch_labels.py took 0.302 seconds
[2022-03-21 05:42:36,923] {scheduler_job.py:182} INFO - Started process (PID=10594) to work on /home/airflow/sandbox/lib/python3.8/site-packages/airflow/example_dags/example_branch_labels.py
[2022-03-21 05:42:36,928] {scheduler_job.py:633} INFO - Processing file /home/airflow/sandbox/lib/python3.8/site-packages/airflow/example_dags/example_branch_labels.py for tasks to queue
[2022-03-21 05:42:36,929] {logging_mixin.py:104} INFO - [2022-03-21 05:42:36,929] {dagbag.py:487} INFO - Filling up the DagBag from /home/airflow/sandbox/lib/python3.8/site-packages/airflow/example_dags/example_branch_labels.py
[2022-03-21 05:42:36,948] {scheduler_job.py:643} INFO - DAG(s) dict_keys(['example_branch_labels']) retrieved from /home/airflow/sandbox/lib/python3.8/site-packages/airflow/example_dags/example_branch_labels.py
[2022-03-21 05:42:37,003] {logging_mixin.py:104} INFO - [2022-03-21 05:42:37,003] {dag.py:1832} INFO - Sync 1 DAGs
[2022-03-21 05:42:37,072] {logging_mixin.py:104} INFO - [2022-03-21 05:42:37,069] {dag.py:2305} INFO - Setting next_dagrun for example_branch_labels to 2022-03-19 00:00:00+00:00
[2022-03-21 05:42:37,122] {scheduler_job.py:190} INFO - Processing /home/airflow/sandbox/lib/python3.8/site-packages/airflow/example_dags/example_branch_labels.py took 0.206 seconds
[2022-03-21 05:43:33,203] {scheduler_job.py:182} INFO - Started process (PID=10633) to work on /home/airflow/sandbox/lib/python3.8/site-packages/airflow/example_dags/example_branch_labels.py
[2022-03-21 05:43:33,208] {scheduler_job.py:633} INFO - Processing file /home/airflow/sandbox/lib/python3.8/site-packages/airflow/example_dags/example_branch_labels.py for tasks to queue
[2022-03-21 05:43:33,210] {logging_mixin.py:104} INFO - [2022-03-21 05:43:33,209] {dagbag.py:487} INFO - Filling up the DagBag from /home/airflow/sandbox/lib/python3.8/site-packages/airflow/example_dags/example_branch_labels.py
[2022-03-21 05:43:33,237] {scheduler_job.py:643} INFO - DAG(s) dict_keys(['example_branch_labels']) retrieved from /home/airflow/sandbox/lib/python3.8/site-packages/airflow/example_dags/example_branch_labels.py
[2022-03-21 05:43:33,322] {logging_mixin.py:104} INFO - [2022-03-21 05:43:33,322] {dag.py:1832} INFO - Sync 1 DAGs
[2022-03-21 05:43:33,350] {logging_mixin.py:104} INFO - [2022-03-21 05:43:33,350] {dag.py:2305} INFO - Setting next_dagrun for example_branch_labels to 2022-03-19 00:00:00+00:00
[2022-03-21 05:43:33,381] {scheduler_job.py:190} INFO - Processing /home/airflow/sandbox/lib/python3.8/site-packages/airflow/example_dags/example_branch_labels.py took 0.189 seconds
[2022-03-21 05:44:29,877] {scheduler_job.py:182} INFO - Started process (PID=10672) to work on /home/airflow/sandbox/lib/python3.8/site-packages/airflow/example_dags/example_branch_labels.py
[2022-03-21 05:44:29,879] {scheduler_job.py:633} INFO - Processing file /home/airflow/sandbox/lib/python3.8/site-packages/airflow/example_dags/example_branch_labels.py for tasks to queue
[2022-03-21 05:44:29,881] {logging_mixin.py:104} INFO - [2022-03-21 05:44:29,880] {dagbag.py:487} INFO - Filling up the DagBag from /home/airflow/sandbox/lib/python3.8/site-packages/airflow/example_dags/example_branch_labels.py
[2022-03-21 05:44:29,900] {scheduler_job.py:643} INFO - DAG(s) dict_keys(['example_branch_labels']) retrieved from /home/airflow/sandbox/lib/python3.8/site-packages/airflow/example_dags/example_branch_labels.py
[2022-03-21 05:44:29,932] {logging_mixin.py:104} INFO - [2022-03-21 05:44:29,932] {dag.py:1832} INFO - Sync 1 DAGs
[2022-03-21 05:44:29,961] {logging_mixin.py:104} INFO - [2022-03-21 05:44:29,961] {dag.py:2305} INFO - Setting next_dagrun for example_branch_labels to 2022-03-19 00:00:00+00:00
[2022-03-21 05:44:30,007] {scheduler_job.py:190} INFO - Processing /home/airflow/sandbox/lib/python3.8/site-packages/airflow/example_dags/example_branch_labels.py took 0.138 seconds
[2022-03-21 05:45:20,397] {scheduler_job.py:182} INFO - Started process (PID=10708) to work on /home/airflow/sandbox/lib/python3.8/site-packages/airflow/example_dags/example_branch_labels.py
[2022-03-21 05:45:20,401] {scheduler_job.py:633} INFO - Processing file /home/airflow/sandbox/lib/python3.8/site-packages/airflow/example_dags/example_branch_labels.py for tasks to queue
[2022-03-21 05:45:20,413] {logging_mixin.py:104} INFO - [2022-03-21 05:45:20,412] {dagbag.py:487} INFO - Filling up the DagBag from /home/airflow/sandbox/lib/python3.8/site-packages/airflow/example_dags/example_branch_labels.py
[2022-03-21 05:45:20,434] {scheduler_job.py:643} INFO - DAG(s) dict_keys(['example_branch_labels']) retrieved from /home/airflow/sandbox/lib/python3.8/site-packages/airflow/example_dags/example_branch_labels.py
[2022-03-21 05:45:20,473] {logging_mixin.py:104} INFO - [2022-03-21 05:45:20,472] {dag.py:1832} INFO - Sync 1 DAGs
[2022-03-21 05:45:20,505] {logging_mixin.py:104} INFO - [2022-03-21 05:45:20,505] {dag.py:2305} INFO - Setting next_dagrun for example_branch_labels to 2022-03-19 00:00:00+00:00
[2022-03-21 05:45:20,547] {scheduler_job.py:190} INFO - Processing /home/airflow/sandbox/lib/python3.8/site-packages/airflow/example_dags/example_branch_labels.py took 0.170 seconds
[2022-03-21 05:46:03,781] {scheduler_job.py:182} INFO - Started process (PID=10797) to work on /home/airflow/sandbox/lib/python3.8/site-packages/airflow/example_dags/example_branch_labels.py
[2022-03-21 05:46:03,785] {scheduler_job.py:633} INFO - Processing file /home/airflow/sandbox/lib/python3.8/site-packages/airflow/example_dags/example_branch_labels.py for tasks to queue
[2022-03-21 05:46:03,786] {logging_mixin.py:104} INFO - [2022-03-21 05:46:03,786] {dagbag.py:487} INFO - Filling up the DagBag from /home/airflow/sandbox/lib/python3.8/site-packages/airflow/example_dags/example_branch_labels.py
[2022-03-21 05:46:03,798] {scheduler_job.py:643} INFO - DAG(s) dict_keys(['example_branch_labels']) retrieved from /home/airflow/sandbox/lib/python3.8/site-packages/airflow/example_dags/example_branch_labels.py
[2022-03-21 05:46:03,830] {logging_mixin.py:104} INFO - [2022-03-21 05:46:03,830] {dag.py:1832} INFO - Sync 1 DAGs
[2022-03-21 05:46:03,861] {logging_mixin.py:104} INFO - [2022-03-21 05:46:03,861] {dag.py:2305} INFO - Setting next_dagrun for example_branch_labels to 2022-03-19 00:00:00+00:00
[2022-03-21 05:46:03,896] {scheduler_job.py:190} INFO - Processing /home/airflow/sandbox/lib/python3.8/site-packages/airflow/example_dags/example_branch_labels.py took 0.126 seconds
[2022-03-21 05:47:49,301] {scheduler_job.py:182} INFO - Started process (PID=11686) to work on /home/airflow/sandbox/lib/python3.8/site-packages/airflow/example_dags/example_branch_labels.py
[2022-03-21 05:47:49,306] {scheduler_job.py:633} INFO - Processing file /home/airflow/sandbox/lib/python3.8/site-packages/airflow/example_dags/example_branch_labels.py for tasks to queue
[2022-03-21 05:47:49,308] {logging_mixin.py:104} INFO - [2022-03-21 05:47:49,308] {dagbag.py:487} INFO - Filling up the DagBag from /home/airflow/sandbox/lib/python3.8/site-packages/airflow/example_dags/example_branch_labels.py
[2022-03-21 05:47:49,325] {scheduler_job.py:643} INFO - DAG(s) dict_keys(['example_branch_labels']) retrieved from /home/airflow/sandbox/lib/python3.8/site-packages/airflow/example_dags/example_branch_labels.py
[2022-03-21 05:47:49,355] {logging_mixin.py:104} INFO - [2022-03-21 05:47:49,355] {dag.py:1832} INFO - Sync 1 DAGs
[2022-03-21 05:47:49,385] {logging_mixin.py:104} INFO - [2022-03-21 05:47:49,384] {dag.py:2305} INFO - Setting next_dagrun for example_branch_labels to 2022-03-19 00:00:00+00:00
[2022-03-21 05:47:49,418] {scheduler_job.py:190} INFO - Processing /home/airflow/sandbox/lib/python3.8/site-packages/airflow/example_dags/example_branch_labels.py took 0.125 seconds
[2022-03-21 05:48:36,170] {scheduler_job.py:182} INFO - Started process (PID=11946) to work on /home/airflow/sandbox/lib/python3.8/site-packages/airflow/example_dags/example_branch_labels.py
[2022-03-21 05:48:36,174] {scheduler_job.py:633} INFO - Processing file /home/airflow/sandbox/lib/python3.8/site-packages/airflow/example_dags/example_branch_labels.py for tasks to queue
[2022-03-21 05:48:36,176] {logging_mixin.py:104} INFO - [2022-03-21 05:48:36,176] {dagbag.py:487} INFO - Filling up the DagBag from /home/airflow/sandbox/lib/python3.8/site-packages/airflow/example_dags/example_branch_labels.py
[2022-03-21 05:48:36,199] {scheduler_job.py:643} INFO - DAG(s) dict_keys(['example_branch_labels']) retrieved from /home/airflow/sandbox/lib/python3.8/site-packages/airflow/example_dags/example_branch_labels.py
[2022-03-21 05:48:36,276] {logging_mixin.py:104} INFO - [2022-03-21 05:48:36,276] {dag.py:1832} INFO - Sync 1 DAGs
[2022-03-21 05:48:36,337] {logging_mixin.py:104} INFO - [2022-03-21 05:48:36,331] {dag.py:2305} INFO - Setting next_dagrun for example_branch_labels to 2022-03-19 00:00:00+00:00
[2022-03-21 05:48:36,391] {scheduler_job.py:190} INFO - Processing /home/airflow/sandbox/lib/python3.8/site-packages/airflow/example_dags/example_branch_labels.py took 0.228 seconds
[2022-03-21 05:49:27,469] {scheduler_job.py:182} INFO - Started process (PID=12057) to work on /home/airflow/sandbox/lib/python3.8/site-packages/airflow/example_dags/example_branch_labels.py
[2022-03-21 05:49:27,472] {scheduler_job.py:633} INFO - Processing file /home/airflow/sandbox/lib/python3.8/site-packages/airflow/example_dags/example_branch_labels.py for tasks to queue
[2022-03-21 05:49:27,474] {logging_mixin.py:104} INFO - [2022-03-21 05:49:27,473] {dagbag.py:487} INFO - Filling up the DagBag from /home/airflow/sandbox/lib/python3.8/site-packages/airflow/example_dags/example_branch_labels.py
[2022-03-21 05:49:27,487] {scheduler_job.py:643} INFO - DAG(s) dict_keys(['example_branch_labels']) retrieved from /home/airflow/sandbox/lib/python3.8/site-packages/airflow/example_dags/example_branch_labels.py
[2022-03-21 05:49:27,520] {logging_mixin.py:104} INFO - [2022-03-21 05:49:27,520] {dag.py:1832} INFO - Sync 1 DAGs
[2022-03-21 05:49:27,550] {logging_mixin.py:104} INFO - [2022-03-21 05:49:27,550] {dag.py:2305} INFO - Setting next_dagrun for example_branch_labels to 2022-03-19 00:00:00+00:00
[2022-03-21 05:49:27,580] {scheduler_job.py:190} INFO - Processing /home/airflow/sandbox/lib/python3.8/site-packages/airflow/example_dags/example_branch_labels.py took 0.121 seconds
[2022-03-21 05:50:18,457] {scheduler_job.py:182} INFO - Started process (PID=12230) to work on /home/airflow/sandbox/lib/python3.8/site-packages/airflow/example_dags/example_branch_labels.py
[2022-03-21 05:50:18,459] {scheduler_job.py:633} INFO - Processing file /home/airflow/sandbox/lib/python3.8/site-packages/airflow/example_dags/example_branch_labels.py for tasks to queue
[2022-03-21 05:50:18,461] {logging_mixin.py:104} INFO - [2022-03-21 05:50:18,461] {dagbag.py:487} INFO - Filling up the DagBag from /home/airflow/sandbox/lib/python3.8/site-packages/airflow/example_dags/example_branch_labels.py
[2022-03-21 05:50:18,476] {scheduler_job.py:643} INFO - DAG(s) dict_keys(['example_branch_labels']) retrieved from /home/airflow/sandbox/lib/python3.8/site-packages/airflow/example_dags/example_branch_labels.py
[2022-03-21 05:50:18,509] {logging_mixin.py:104} INFO - [2022-03-21 05:50:18,509] {dag.py:1832} INFO - Sync 1 DAGs
[2022-03-21 05:50:18,537] {logging_mixin.py:104} INFO - [2022-03-21 05:50:18,536] {dag.py:2305} INFO - Setting next_dagrun for example_branch_labels to 2022-03-19 00:00:00+00:00
[2022-03-21 05:50:18,575] {scheduler_job.py:190} INFO - Processing /home/airflow/sandbox/lib/python3.8/site-packages/airflow/example_dags/example_branch_labels.py took 0.124 seconds
