[2022-03-21 05:14:26,112] {scheduler_job.py:182} INFO - Started process (PID=8108) to work on /home/airflow/sandbox/lib/python3.8/site-packages/airflow/example_dags/example_skip_dag.py
[2022-03-21 05:14:26,115] {scheduler_job.py:633} INFO - Processing file /home/airflow/sandbox/lib/python3.8/site-packages/airflow/example_dags/example_skip_dag.py for tasks to queue
[2022-03-21 05:14:26,116] {logging_mixin.py:104} INFO - [2022-03-21 05:14:26,116] {dagbag.py:487} INFO - Filling up the DagBag from /home/airflow/sandbox/lib/python3.8/site-packages/airflow/example_dags/example_skip_dag.py
[2022-03-21 05:14:26,129] {scheduler_job.py:643} INFO - DAG(s) dict_keys(['example_skip_dag']) retrieved from /home/airflow/sandbox/lib/python3.8/site-packages/airflow/example_dags/example_skip_dag.py
[2022-03-21 05:14:26,901] {logging_mixin.py:104} INFO - [2022-03-21 05:14:26,901] {dag.py:1832} INFO - Sync 1 DAGs
[2022-03-21 05:14:26,929] {logging_mixin.py:104} INFO - [2022-03-21 05:14:26,929] {dag.py:2305} INFO - Setting next_dagrun for example_skip_dag to 2022-03-19 00:00:00+00:00
[2022-03-21 05:14:26,970] {scheduler_job.py:190} INFO - Processing /home/airflow/sandbox/lib/python3.8/site-packages/airflow/example_dags/example_skip_dag.py took 0.864 seconds
[2022-03-21 05:15:56,384] {scheduler_job.py:182} INFO - Started process (PID=8664) to work on /home/airflow/sandbox/lib/python3.8/site-packages/airflow/example_dags/example_skip_dag.py
[2022-03-21 05:15:56,386] {scheduler_job.py:633} INFO - Processing file /home/airflow/sandbox/lib/python3.8/site-packages/airflow/example_dags/example_skip_dag.py for tasks to queue
[2022-03-21 05:15:56,387] {logging_mixin.py:104} INFO - [2022-03-21 05:15:56,387] {dagbag.py:487} INFO - Filling up the DagBag from /home/airflow/sandbox/lib/python3.8/site-packages/airflow/example_dags/example_skip_dag.py
[2022-03-21 05:15:56,399] {scheduler_job.py:643} INFO - DAG(s) dict_keys(['example_skip_dag']) retrieved from /home/airflow/sandbox/lib/python3.8/site-packages/airflow/example_dags/example_skip_dag.py
[2022-03-21 05:15:56,431] {logging_mixin.py:104} INFO - [2022-03-21 05:15:56,431] {dag.py:1832} INFO - Sync 1 DAGs
[2022-03-21 05:15:56,457] {logging_mixin.py:104} INFO - [2022-03-21 05:15:56,457] {dag.py:2305} INFO - Setting next_dagrun for example_skip_dag to 2022-03-19 00:00:00+00:00
[2022-03-21 05:15:56,492] {scheduler_job.py:190} INFO - Processing /home/airflow/sandbox/lib/python3.8/site-packages/airflow/example_dags/example_skip_dag.py took 0.117 seconds
[2022-03-21 05:16:43,974] {scheduler_job.py:182} INFO - Started process (PID=8877) to work on /home/airflow/sandbox/lib/python3.8/site-packages/airflow/example_dags/example_skip_dag.py
[2022-03-21 05:16:43,976] {scheduler_job.py:633} INFO - Processing file /home/airflow/sandbox/lib/python3.8/site-packages/airflow/example_dags/example_skip_dag.py for tasks to queue
[2022-03-21 05:16:43,978] {logging_mixin.py:104} INFO - [2022-03-21 05:16:43,978] {dagbag.py:487} INFO - Filling up the DagBag from /home/airflow/sandbox/lib/python3.8/site-packages/airflow/example_dags/example_skip_dag.py
[2022-03-21 05:16:43,992] {scheduler_job.py:643} INFO - DAG(s) dict_keys(['example_skip_dag']) retrieved from /home/airflow/sandbox/lib/python3.8/site-packages/airflow/example_dags/example_skip_dag.py
[2022-03-21 05:16:44,025] {logging_mixin.py:104} INFO - [2022-03-21 05:16:44,025] {dag.py:1832} INFO - Sync 1 DAGs
[2022-03-21 05:16:44,048] {logging_mixin.py:104} INFO - [2022-03-21 05:16:44,047] {dag.py:2305} INFO - Setting next_dagrun for example_skip_dag to 2022-03-19 00:00:00+00:00
[2022-03-21 05:16:44,082] {scheduler_job.py:190} INFO - Processing /home/airflow/sandbox/lib/python3.8/site-packages/airflow/example_dags/example_skip_dag.py took 0.117 seconds
[2022-03-21 05:17:31,726] {scheduler_job.py:182} INFO - Started process (PID=9111) to work on /home/airflow/sandbox/lib/python3.8/site-packages/airflow/example_dags/example_skip_dag.py
[2022-03-21 05:17:31,728] {scheduler_job.py:633} INFO - Processing file /home/airflow/sandbox/lib/python3.8/site-packages/airflow/example_dags/example_skip_dag.py for tasks to queue
[2022-03-21 05:17:31,730] {logging_mixin.py:104} INFO - [2022-03-21 05:17:31,729] {dagbag.py:487} INFO - Filling up the DagBag from /home/airflow/sandbox/lib/python3.8/site-packages/airflow/example_dags/example_skip_dag.py
[2022-03-21 05:17:31,742] {scheduler_job.py:643} INFO - DAG(s) dict_keys(['example_skip_dag']) retrieved from /home/airflow/sandbox/lib/python3.8/site-packages/airflow/example_dags/example_skip_dag.py
[2022-03-21 05:17:31,774] {logging_mixin.py:104} INFO - [2022-03-21 05:17:31,774] {dag.py:1832} INFO - Sync 1 DAGs
[2022-03-21 05:17:31,795] {logging_mixin.py:104} INFO - [2022-03-21 05:17:31,795] {dag.py:2305} INFO - Setting next_dagrun for example_skip_dag to 2022-03-19 00:00:00+00:00
[2022-03-21 05:17:31,832] {scheduler_job.py:190} INFO - Processing /home/airflow/sandbox/lib/python3.8/site-packages/airflow/example_dags/example_skip_dag.py took 0.114 seconds
[2022-03-21 05:18:17,856] {scheduler_job.py:182} INFO - Started process (PID=9233) to work on /home/airflow/sandbox/lib/python3.8/site-packages/airflow/example_dags/example_skip_dag.py
[2022-03-21 05:18:17,859] {scheduler_job.py:633} INFO - Processing file /home/airflow/sandbox/lib/python3.8/site-packages/airflow/example_dags/example_skip_dag.py for tasks to queue
[2022-03-21 05:18:17,861] {logging_mixin.py:104} INFO - [2022-03-21 05:18:17,861] {dagbag.py:487} INFO - Filling up the DagBag from /home/airflow/sandbox/lib/python3.8/site-packages/airflow/example_dags/example_skip_dag.py
[2022-03-21 05:18:17,874] {scheduler_job.py:643} INFO - DAG(s) dict_keys(['example_skip_dag']) retrieved from /home/airflow/sandbox/lib/python3.8/site-packages/airflow/example_dags/example_skip_dag.py
[2022-03-21 05:18:17,915] {logging_mixin.py:104} INFO - [2022-03-21 05:18:17,915] {dag.py:1832} INFO - Sync 1 DAGs
[2022-03-21 05:18:17,941] {logging_mixin.py:104} INFO - [2022-03-21 05:18:17,940] {dag.py:2305} INFO - Setting next_dagrun for example_skip_dag to 2022-03-19 00:00:00+00:00
[2022-03-21 05:18:17,980] {scheduler_job.py:190} INFO - Processing /home/airflow/sandbox/lib/python3.8/site-packages/airflow/example_dags/example_skip_dag.py took 0.132 seconds
[2022-03-21 05:19:07,272] {scheduler_job.py:182} INFO - Started process (PID=9270) to work on /home/airflow/sandbox/lib/python3.8/site-packages/airflow/example_dags/example_skip_dag.py
[2022-03-21 05:19:07,275] {scheduler_job.py:633} INFO - Processing file /home/airflow/sandbox/lib/python3.8/site-packages/airflow/example_dags/example_skip_dag.py for tasks to queue
[2022-03-21 05:19:07,276] {logging_mixin.py:104} INFO - [2022-03-21 05:19:07,276] {dagbag.py:487} INFO - Filling up the DagBag from /home/airflow/sandbox/lib/python3.8/site-packages/airflow/example_dags/example_skip_dag.py
[2022-03-21 05:19:07,289] {scheduler_job.py:643} INFO - DAG(s) dict_keys(['example_skip_dag']) retrieved from /home/airflow/sandbox/lib/python3.8/site-packages/airflow/example_dags/example_skip_dag.py
[2022-03-21 05:19:07,327] {logging_mixin.py:104} INFO - [2022-03-21 05:19:07,326] {dag.py:1832} INFO - Sync 1 DAGs
[2022-03-21 05:19:07,352] {logging_mixin.py:104} INFO - [2022-03-21 05:19:07,352] {dag.py:2305} INFO - Setting next_dagrun for example_skip_dag to 2022-03-19 00:00:00+00:00
[2022-03-21 05:19:07,387] {scheduler_job.py:190} INFO - Processing /home/airflow/sandbox/lib/python3.8/site-packages/airflow/example_dags/example_skip_dag.py took 0.127 seconds
[2022-03-21 05:19:50,998] {scheduler_job.py:182} INFO - Started process (PID=9304) to work on /home/airflow/sandbox/lib/python3.8/site-packages/airflow/example_dags/example_skip_dag.py
[2022-03-21 05:19:51,001] {scheduler_job.py:633} INFO - Processing file /home/airflow/sandbox/lib/python3.8/site-packages/airflow/example_dags/example_skip_dag.py for tasks to queue
[2022-03-21 05:19:51,002] {logging_mixin.py:104} INFO - [2022-03-21 05:19:51,002] {dagbag.py:487} INFO - Filling up the DagBag from /home/airflow/sandbox/lib/python3.8/site-packages/airflow/example_dags/example_skip_dag.py
[2022-03-21 05:19:51,017] {scheduler_job.py:643} INFO - DAG(s) dict_keys(['example_skip_dag']) retrieved from /home/airflow/sandbox/lib/python3.8/site-packages/airflow/example_dags/example_skip_dag.py
[2022-03-21 05:19:51,046] {logging_mixin.py:104} INFO - [2022-03-21 05:19:51,046] {dag.py:1832} INFO - Sync 1 DAGs
[2022-03-21 05:19:51,070] {logging_mixin.py:104} INFO - [2022-03-21 05:19:51,070] {dag.py:2305} INFO - Setting next_dagrun for example_skip_dag to 2022-03-19 00:00:00+00:00
[2022-03-21 05:19:51,105] {scheduler_job.py:190} INFO - Processing /home/airflow/sandbox/lib/python3.8/site-packages/airflow/example_dags/example_skip_dag.py took 0.117 seconds
[2022-03-21 05:20:34,464] {scheduler_job.py:182} INFO - Started process (PID=9393) to work on /home/airflow/sandbox/lib/python3.8/site-packages/airflow/example_dags/example_skip_dag.py
[2022-03-21 05:20:34,467] {scheduler_job.py:633} INFO - Processing file /home/airflow/sandbox/lib/python3.8/site-packages/airflow/example_dags/example_skip_dag.py for tasks to queue
[2022-03-21 05:20:34,468] {logging_mixin.py:104} INFO - [2022-03-21 05:20:34,468] {dagbag.py:487} INFO - Filling up the DagBag from /home/airflow/sandbox/lib/python3.8/site-packages/airflow/example_dags/example_skip_dag.py
[2022-03-21 05:20:34,482] {scheduler_job.py:643} INFO - DAG(s) dict_keys(['example_skip_dag']) retrieved from /home/airflow/sandbox/lib/python3.8/site-packages/airflow/example_dags/example_skip_dag.py
[2022-03-21 05:20:34,516] {logging_mixin.py:104} INFO - [2022-03-21 05:20:34,516] {dag.py:1832} INFO - Sync 1 DAGs
[2022-03-21 05:20:34,536] {logging_mixin.py:104} INFO - [2022-03-21 05:20:34,536] {dag.py:2305} INFO - Setting next_dagrun for example_skip_dag to 2022-03-19 00:00:00+00:00
[2022-03-21 05:20:34,572] {scheduler_job.py:190} INFO - Processing /home/airflow/sandbox/lib/python3.8/site-packages/airflow/example_dags/example_skip_dag.py took 0.116 seconds
[2022-03-21 05:21:29,902] {scheduler_job.py:182} INFO - Started process (PID=9429) to work on /home/airflow/sandbox/lib/python3.8/site-packages/airflow/example_dags/example_skip_dag.py
[2022-03-21 05:21:29,904] {scheduler_job.py:633} INFO - Processing file /home/airflow/sandbox/lib/python3.8/site-packages/airflow/example_dags/example_skip_dag.py for tasks to queue
[2022-03-21 05:21:29,905] {logging_mixin.py:104} INFO - [2022-03-21 05:21:29,905] {dagbag.py:487} INFO - Filling up the DagBag from /home/airflow/sandbox/lib/python3.8/site-packages/airflow/example_dags/example_skip_dag.py
[2022-03-21 05:21:29,918] {scheduler_job.py:643} INFO - DAG(s) dict_keys(['example_skip_dag']) retrieved from /home/airflow/sandbox/lib/python3.8/site-packages/airflow/example_dags/example_skip_dag.py
[2022-03-21 05:21:29,952] {logging_mixin.py:104} INFO - [2022-03-21 05:21:29,951] {dag.py:1832} INFO - Sync 1 DAGs
[2022-03-21 05:21:29,974] {logging_mixin.py:104} INFO - [2022-03-21 05:21:29,974] {dag.py:2305} INFO - Setting next_dagrun for example_skip_dag to 2022-03-19 00:00:00+00:00
[2022-03-21 05:21:30,007] {scheduler_job.py:190} INFO - Processing /home/airflow/sandbox/lib/python3.8/site-packages/airflow/example_dags/example_skip_dag.py took 0.113 seconds
[2022-03-21 05:22:13,408] {scheduler_job.py:182} INFO - Started process (PID=9462) to work on /home/airflow/sandbox/lib/python3.8/site-packages/airflow/example_dags/example_skip_dag.py
[2022-03-21 05:22:13,410] {scheduler_job.py:633} INFO - Processing file /home/airflow/sandbox/lib/python3.8/site-packages/airflow/example_dags/example_skip_dag.py for tasks to queue
[2022-03-21 05:22:13,411] {logging_mixin.py:104} INFO - [2022-03-21 05:22:13,411] {dagbag.py:487} INFO - Filling up the DagBag from /home/airflow/sandbox/lib/python3.8/site-packages/airflow/example_dags/example_skip_dag.py
[2022-03-21 05:22:13,422] {scheduler_job.py:643} INFO - DAG(s) dict_keys(['example_skip_dag']) retrieved from /home/airflow/sandbox/lib/python3.8/site-packages/airflow/example_dags/example_skip_dag.py
[2022-03-21 05:22:13,453] {logging_mixin.py:104} INFO - [2022-03-21 05:22:13,453] {dag.py:1832} INFO - Sync 1 DAGs
[2022-03-21 05:22:13,475] {logging_mixin.py:104} INFO - [2022-03-21 05:22:13,475] {dag.py:2305} INFO - Setting next_dagrun for example_skip_dag to 2022-03-19 00:00:00+00:00
[2022-03-21 05:22:13,509] {scheduler_job.py:190} INFO - Processing /home/airflow/sandbox/lib/python3.8/site-packages/airflow/example_dags/example_skip_dag.py took 0.110 seconds
[2022-03-21 05:22:55,021] {scheduler_job.py:182} INFO - Started process (PID=9495) to work on /home/airflow/sandbox/lib/python3.8/site-packages/airflow/example_dags/example_skip_dag.py
[2022-03-21 05:22:55,023] {scheduler_job.py:633} INFO - Processing file /home/airflow/sandbox/lib/python3.8/site-packages/airflow/example_dags/example_skip_dag.py for tasks to queue
[2022-03-21 05:22:55,024] {logging_mixin.py:104} INFO - [2022-03-21 05:22:55,024] {dagbag.py:487} INFO - Filling up the DagBag from /home/airflow/sandbox/lib/python3.8/site-packages/airflow/example_dags/example_skip_dag.py
[2022-03-21 05:22:55,035] {scheduler_job.py:643} INFO - DAG(s) dict_keys(['example_skip_dag']) retrieved from /home/airflow/sandbox/lib/python3.8/site-packages/airflow/example_dags/example_skip_dag.py
[2022-03-21 05:22:55,065] {logging_mixin.py:104} INFO - [2022-03-21 05:22:55,065] {dag.py:1832} INFO - Sync 1 DAGs
[2022-03-21 05:22:55,089] {logging_mixin.py:104} INFO - [2022-03-21 05:22:55,088] {dag.py:2305} INFO - Setting next_dagrun for example_skip_dag to 2022-03-19 00:00:00+00:00
[2022-03-21 05:22:55,196] {scheduler_job.py:190} INFO - Processing /home/airflow/sandbox/lib/python3.8/site-packages/airflow/example_dags/example_skip_dag.py took 0.184 seconds
[2022-03-21 05:23:36,022] {scheduler_job.py:182} INFO - Started process (PID=9528) to work on /home/airflow/sandbox/lib/python3.8/site-packages/airflow/example_dags/example_skip_dag.py
[2022-03-21 05:23:36,025] {scheduler_job.py:633} INFO - Processing file /home/airflow/sandbox/lib/python3.8/site-packages/airflow/example_dags/example_skip_dag.py for tasks to queue
[2022-03-21 05:23:36,026] {logging_mixin.py:104} INFO - [2022-03-21 05:23:36,026] {dagbag.py:487} INFO - Filling up the DagBag from /home/airflow/sandbox/lib/python3.8/site-packages/airflow/example_dags/example_skip_dag.py
[2022-03-21 05:23:36,038] {scheduler_job.py:643} INFO - DAG(s) dict_keys(['example_skip_dag']) retrieved from /home/airflow/sandbox/lib/python3.8/site-packages/airflow/example_dags/example_skip_dag.py
[2022-03-21 05:23:36,065] {logging_mixin.py:104} INFO - [2022-03-21 05:23:36,065] {dag.py:1832} INFO - Sync 1 DAGs
[2022-03-21 05:23:36,091] {logging_mixin.py:104} INFO - [2022-03-21 05:23:36,091] {dag.py:2305} INFO - Setting next_dagrun for example_skip_dag to 2022-03-19 00:00:00+00:00
[2022-03-21 05:23:36,127] {scheduler_job.py:190} INFO - Processing /home/airflow/sandbox/lib/python3.8/site-packages/airflow/example_dags/example_skip_dag.py took 0.111 seconds
[2022-03-21 05:24:15,449] {scheduler_job.py:182} INFO - Started process (PID=9559) to work on /home/airflow/sandbox/lib/python3.8/site-packages/airflow/example_dags/example_skip_dag.py
[2022-03-21 05:24:15,452] {scheduler_job.py:633} INFO - Processing file /home/airflow/sandbox/lib/python3.8/site-packages/airflow/example_dags/example_skip_dag.py for tasks to queue
[2022-03-21 05:24:15,457] {logging_mixin.py:104} INFO - [2022-03-21 05:24:15,456] {dagbag.py:487} INFO - Filling up the DagBag from /home/airflow/sandbox/lib/python3.8/site-packages/airflow/example_dags/example_skip_dag.py
[2022-03-21 05:24:15,469] {scheduler_job.py:643} INFO - DAG(s) dict_keys(['example_skip_dag']) retrieved from /home/airflow/sandbox/lib/python3.8/site-packages/airflow/example_dags/example_skip_dag.py
[2022-03-21 05:24:15,501] {logging_mixin.py:104} INFO - [2022-03-21 05:24:15,501] {dag.py:1832} INFO - Sync 1 DAGs
[2022-03-21 05:24:15,527] {logging_mixin.py:104} INFO - [2022-03-21 05:24:15,526] {dag.py:2305} INFO - Setting next_dagrun for example_skip_dag to 2022-03-19 00:00:00+00:00
[2022-03-21 05:24:15,570] {scheduler_job.py:190} INFO - Processing /home/airflow/sandbox/lib/python3.8/site-packages/airflow/example_dags/example_skip_dag.py took 0.131 seconds
[2022-03-21 05:24:54,980] {scheduler_job.py:182} INFO - Started process (PID=9588) to work on /home/airflow/sandbox/lib/python3.8/site-packages/airflow/example_dags/example_skip_dag.py
[2022-03-21 05:24:54,983] {scheduler_job.py:633} INFO - Processing file /home/airflow/sandbox/lib/python3.8/site-packages/airflow/example_dags/example_skip_dag.py for tasks to queue
[2022-03-21 05:24:54,984] {logging_mixin.py:104} INFO - [2022-03-21 05:24:54,984] {dagbag.py:487} INFO - Filling up the DagBag from /home/airflow/sandbox/lib/python3.8/site-packages/airflow/example_dags/example_skip_dag.py
[2022-03-21 05:24:54,995] {scheduler_job.py:643} INFO - DAG(s) dict_keys(['example_skip_dag']) retrieved from /home/airflow/sandbox/lib/python3.8/site-packages/airflow/example_dags/example_skip_dag.py
[2022-03-21 05:24:55,027] {logging_mixin.py:104} INFO - [2022-03-21 05:24:55,027] {dag.py:1832} INFO - Sync 1 DAGs
[2022-03-21 05:24:55,052] {logging_mixin.py:104} INFO - [2022-03-21 05:24:55,052] {dag.py:2305} INFO - Setting next_dagrun for example_skip_dag to 2022-03-19 00:00:00+00:00
[2022-03-21 05:24:55,083] {scheduler_job.py:190} INFO - Processing /home/airflow/sandbox/lib/python3.8/site-packages/airflow/example_dags/example_skip_dag.py took 0.111 seconds
[2022-03-21 05:25:40,234] {scheduler_job.py:182} INFO - Started process (PID=9679) to work on /home/airflow/sandbox/lib/python3.8/site-packages/airflow/example_dags/example_skip_dag.py
[2022-03-21 05:25:40,239] {scheduler_job.py:633} INFO - Processing file /home/airflow/sandbox/lib/python3.8/site-packages/airflow/example_dags/example_skip_dag.py for tasks to queue
[2022-03-21 05:25:40,241] {logging_mixin.py:104} INFO - [2022-03-21 05:25:40,241] {dagbag.py:487} INFO - Filling up the DagBag from /home/airflow/sandbox/lib/python3.8/site-packages/airflow/example_dags/example_skip_dag.py
[2022-03-21 05:25:40,252] {scheduler_job.py:643} INFO - DAG(s) dict_keys(['example_skip_dag']) retrieved from /home/airflow/sandbox/lib/python3.8/site-packages/airflow/example_dags/example_skip_dag.py
[2022-03-21 05:25:40,287] {logging_mixin.py:104} INFO - [2022-03-21 05:25:40,287] {dag.py:1832} INFO - Sync 1 DAGs
[2022-03-21 05:25:40,422] {logging_mixin.py:104} INFO - [2022-03-21 05:25:40,422] {dag.py:2305} INFO - Setting next_dagrun for example_skip_dag to 2022-03-19 00:00:00+00:00
[2022-03-21 05:25:40,467] {scheduler_job.py:190} INFO - Processing /home/airflow/sandbox/lib/python3.8/site-packages/airflow/example_dags/example_skip_dag.py took 0.244 seconds
[2022-03-21 05:26:30,302] {scheduler_job.py:182} INFO - Started process (PID=9714) to work on /home/airflow/sandbox/lib/python3.8/site-packages/airflow/example_dags/example_skip_dag.py
[2022-03-21 05:26:30,304] {scheduler_job.py:633} INFO - Processing file /home/airflow/sandbox/lib/python3.8/site-packages/airflow/example_dags/example_skip_dag.py for tasks to queue
[2022-03-21 05:26:30,306] {logging_mixin.py:104} INFO - [2022-03-21 05:26:30,306] {dagbag.py:487} INFO - Filling up the DagBag from /home/airflow/sandbox/lib/python3.8/site-packages/airflow/example_dags/example_skip_dag.py
[2022-03-21 05:26:30,326] {scheduler_job.py:643} INFO - DAG(s) dict_keys(['example_skip_dag']) retrieved from /home/airflow/sandbox/lib/python3.8/site-packages/airflow/example_dags/example_skip_dag.py
[2022-03-21 05:26:30,369] {logging_mixin.py:104} INFO - [2022-03-21 05:26:30,369] {dag.py:1832} INFO - Sync 1 DAGs
[2022-03-21 05:26:30,592] {logging_mixin.py:104} INFO - [2022-03-21 05:26:30,591] {dag.py:2305} INFO - Setting next_dagrun for example_skip_dag to 2022-03-19 00:00:00+00:00
[2022-03-21 05:26:30,665] {scheduler_job.py:190} INFO - Processing /home/airflow/sandbox/lib/python3.8/site-packages/airflow/example_dags/example_skip_dag.py took 0.370 seconds
[2022-03-21 05:27:22,509] {scheduler_job.py:182} INFO - Started process (PID=9750) to work on /home/airflow/sandbox/lib/python3.8/site-packages/airflow/example_dags/example_skip_dag.py
[2022-03-21 05:27:22,513] {scheduler_job.py:633} INFO - Processing file /home/airflow/sandbox/lib/python3.8/site-packages/airflow/example_dags/example_skip_dag.py for tasks to queue
[2022-03-21 05:27:22,515] {logging_mixin.py:104} INFO - [2022-03-21 05:27:22,515] {dagbag.py:487} INFO - Filling up the DagBag from /home/airflow/sandbox/lib/python3.8/site-packages/airflow/example_dags/example_skip_dag.py
[2022-03-21 05:27:22,537] {scheduler_job.py:643} INFO - DAG(s) dict_keys(['example_skip_dag']) retrieved from /home/airflow/sandbox/lib/python3.8/site-packages/airflow/example_dags/example_skip_dag.py
[2022-03-21 05:27:22,574] {logging_mixin.py:104} INFO - [2022-03-21 05:27:22,574] {dag.py:1832} INFO - Sync 1 DAGs
[2022-03-21 05:27:22,745] {logging_mixin.py:104} INFO - [2022-03-21 05:27:22,745] {dag.py:2305} INFO - Setting next_dagrun for example_skip_dag to 2022-03-19 00:00:00+00:00
[2022-03-21 05:27:22,782] {scheduler_job.py:190} INFO - Processing /home/airflow/sandbox/lib/python3.8/site-packages/airflow/example_dags/example_skip_dag.py took 0.280 seconds
[2022-03-21 05:28:14,230] {scheduler_job.py:182} INFO - Started process (PID=9787) to work on /home/airflow/sandbox/lib/python3.8/site-packages/airflow/example_dags/example_skip_dag.py
[2022-03-21 05:28:14,236] {scheduler_job.py:633} INFO - Processing file /home/airflow/sandbox/lib/python3.8/site-packages/airflow/example_dags/example_skip_dag.py for tasks to queue
[2022-03-21 05:28:14,238] {logging_mixin.py:104} INFO - [2022-03-21 05:28:14,237] {dagbag.py:487} INFO - Filling up the DagBag from /home/airflow/sandbox/lib/python3.8/site-packages/airflow/example_dags/example_skip_dag.py
[2022-03-21 05:28:14,253] {scheduler_job.py:643} INFO - DAG(s) dict_keys(['example_skip_dag']) retrieved from /home/airflow/sandbox/lib/python3.8/site-packages/airflow/example_dags/example_skip_dag.py
[2022-03-21 05:28:14,416] {logging_mixin.py:104} INFO - [2022-03-21 05:28:14,415] {dag.py:1832} INFO - Sync 1 DAGs
[2022-03-21 05:28:14,442] {logging_mixin.py:104} INFO - [2022-03-21 05:28:14,442] {dag.py:2305} INFO - Setting next_dagrun for example_skip_dag to 2022-03-19 00:00:00+00:00
[2022-03-21 05:28:14,492] {scheduler_job.py:190} INFO - Processing /home/airflow/sandbox/lib/python3.8/site-packages/airflow/example_dags/example_skip_dag.py took 0.272 seconds
[2022-03-21 05:29:04,479] {scheduler_job.py:182} INFO - Started process (PID=9823) to work on /home/airflow/sandbox/lib/python3.8/site-packages/airflow/example_dags/example_skip_dag.py
[2022-03-21 05:29:04,483] {scheduler_job.py:633} INFO - Processing file /home/airflow/sandbox/lib/python3.8/site-packages/airflow/example_dags/example_skip_dag.py for tasks to queue
[2022-03-21 05:29:04,484] {logging_mixin.py:104} INFO - [2022-03-21 05:29:04,484] {dagbag.py:487} INFO - Filling up the DagBag from /home/airflow/sandbox/lib/python3.8/site-packages/airflow/example_dags/example_skip_dag.py
[2022-03-21 05:29:04,630] {scheduler_job.py:643} INFO - DAG(s) dict_keys(['example_skip_dag']) retrieved from /home/airflow/sandbox/lib/python3.8/site-packages/airflow/example_dags/example_skip_dag.py
[2022-03-21 05:29:04,657] {logging_mixin.py:104} INFO - [2022-03-21 05:29:04,656] {dag.py:1832} INFO - Sync 1 DAGs
[2022-03-21 05:29:04,678] {logging_mixin.py:104} INFO - [2022-03-21 05:29:04,678] {dag.py:2305} INFO - Setting next_dagrun for example_skip_dag to 2022-03-19 00:00:00+00:00
[2022-03-21 05:29:04,717] {scheduler_job.py:190} INFO - Processing /home/airflow/sandbox/lib/python3.8/site-packages/airflow/example_dags/example_skip_dag.py took 0.249 seconds
[2022-03-21 05:29:57,188] {scheduler_job.py:182} INFO - Started process (PID=9861) to work on /home/airflow/sandbox/lib/python3.8/site-packages/airflow/example_dags/example_skip_dag.py
[2022-03-21 05:29:57,196] {scheduler_job.py:633} INFO - Processing file /home/airflow/sandbox/lib/python3.8/site-packages/airflow/example_dags/example_skip_dag.py for tasks to queue
[2022-03-21 05:29:57,204] {logging_mixin.py:104} INFO - [2022-03-21 05:29:57,204] {dagbag.py:487} INFO - Filling up the DagBag from /home/airflow/sandbox/lib/python3.8/site-packages/airflow/example_dags/example_skip_dag.py
[2022-03-21 05:29:57,346] {scheduler_job.py:643} INFO - DAG(s) dict_keys(['example_skip_dag']) retrieved from /home/airflow/sandbox/lib/python3.8/site-packages/airflow/example_dags/example_skip_dag.py
[2022-03-21 05:29:57,375] {logging_mixin.py:104} INFO - [2022-03-21 05:29:57,375] {dag.py:1832} INFO - Sync 1 DAGs
[2022-03-21 05:29:57,396] {logging_mixin.py:104} INFO - [2022-03-21 05:29:57,395] {dag.py:2305} INFO - Setting next_dagrun for example_skip_dag to 2022-03-19 00:00:00+00:00
[2022-03-21 05:29:57,433] {scheduler_job.py:190} INFO - Processing /home/airflow/sandbox/lib/python3.8/site-packages/airflow/example_dags/example_skip_dag.py took 0.267 seconds
[2022-03-21 05:30:53,934] {scheduler_job.py:182} INFO - Started process (PID=9956) to work on /home/airflow/sandbox/lib/python3.8/site-packages/airflow/example_dags/example_skip_dag.py
[2022-03-21 05:30:53,936] {scheduler_job.py:633} INFO - Processing file /home/airflow/sandbox/lib/python3.8/site-packages/airflow/example_dags/example_skip_dag.py for tasks to queue
[2022-03-21 05:30:53,938] {logging_mixin.py:104} INFO - [2022-03-21 05:30:53,938] {dagbag.py:487} INFO - Filling up the DagBag from /home/airflow/sandbox/lib/python3.8/site-packages/airflow/example_dags/example_skip_dag.py
[2022-03-21 05:30:53,956] {scheduler_job.py:643} INFO - DAG(s) dict_keys(['example_skip_dag']) retrieved from /home/airflow/sandbox/lib/python3.8/site-packages/airflow/example_dags/example_skip_dag.py
[2022-03-21 05:30:53,991] {logging_mixin.py:104} INFO - [2022-03-21 05:30:53,991] {dag.py:1832} INFO - Sync 1 DAGs
[2022-03-21 05:30:54,015] {logging_mixin.py:104} INFO - [2022-03-21 05:30:54,014] {dag.py:2305} INFO - Setting next_dagrun for example_skip_dag to 2022-03-19 00:00:00+00:00
[2022-03-21 05:30:54,047] {scheduler_job.py:190} INFO - Processing /home/airflow/sandbox/lib/python3.8/site-packages/airflow/example_dags/example_skip_dag.py took 0.122 seconds
[2022-03-21 05:31:39,304] {scheduler_job.py:182} INFO - Started process (PID=9991) to work on /home/airflow/sandbox/lib/python3.8/site-packages/airflow/example_dags/example_skip_dag.py
[2022-03-21 05:31:39,308] {scheduler_job.py:633} INFO - Processing file /home/airflow/sandbox/lib/python3.8/site-packages/airflow/example_dags/example_skip_dag.py for tasks to queue
[2022-03-21 05:31:39,309] {logging_mixin.py:104} INFO - [2022-03-21 05:31:39,309] {dagbag.py:487} INFO - Filling up the DagBag from /home/airflow/sandbox/lib/python3.8/site-packages/airflow/example_dags/example_skip_dag.py
[2022-03-21 05:31:39,324] {scheduler_job.py:643} INFO - DAG(s) dict_keys(['example_skip_dag']) retrieved from /home/airflow/sandbox/lib/python3.8/site-packages/airflow/example_dags/example_skip_dag.py
[2022-03-21 05:31:39,358] {logging_mixin.py:104} INFO - [2022-03-21 05:31:39,358] {dag.py:1832} INFO - Sync 1 DAGs
[2022-03-21 05:31:39,379] {logging_mixin.py:104} INFO - [2022-03-21 05:31:39,379] {dag.py:2305} INFO - Setting next_dagrun for example_skip_dag to 2022-03-19 00:00:00+00:00
[2022-03-21 05:31:39,444] {scheduler_job.py:190} INFO - Processing /home/airflow/sandbox/lib/python3.8/site-packages/airflow/example_dags/example_skip_dag.py took 0.150 seconds
[2022-03-21 05:32:19,842] {scheduler_job.py:182} INFO - Started process (PID=10023) to work on /home/airflow/sandbox/lib/python3.8/site-packages/airflow/example_dags/example_skip_dag.py
[2022-03-21 05:32:19,844] {scheduler_job.py:633} INFO - Processing file /home/airflow/sandbox/lib/python3.8/site-packages/airflow/example_dags/example_skip_dag.py for tasks to queue
[2022-03-21 05:32:19,854] {logging_mixin.py:104} INFO - [2022-03-21 05:32:19,853] {dagbag.py:487} INFO - Filling up the DagBag from /home/airflow/sandbox/lib/python3.8/site-packages/airflow/example_dags/example_skip_dag.py
[2022-03-21 05:32:19,866] {scheduler_job.py:643} INFO - DAG(s) dict_keys(['example_skip_dag']) retrieved from /home/airflow/sandbox/lib/python3.8/site-packages/airflow/example_dags/example_skip_dag.py
[2022-03-21 05:32:19,898] {logging_mixin.py:104} INFO - [2022-03-21 05:32:19,897] {dag.py:1832} INFO - Sync 1 DAGs
[2022-03-21 05:32:19,920] {logging_mixin.py:104} INFO - [2022-03-21 05:32:19,920] {dag.py:2305} INFO - Setting next_dagrun for example_skip_dag to 2022-03-19 00:00:00+00:00
[2022-03-21 05:32:19,956] {scheduler_job.py:190} INFO - Processing /home/airflow/sandbox/lib/python3.8/site-packages/airflow/example_dags/example_skip_dag.py took 0.123 seconds
[2022-03-21 05:33:02,794] {scheduler_job.py:182} INFO - Started process (PID=10055) to work on /home/airflow/sandbox/lib/python3.8/site-packages/airflow/example_dags/example_skip_dag.py
[2022-03-21 05:33:02,797] {scheduler_job.py:633} INFO - Processing file /home/airflow/sandbox/lib/python3.8/site-packages/airflow/example_dags/example_skip_dag.py for tasks to queue
[2022-03-21 05:33:02,799] {logging_mixin.py:104} INFO - [2022-03-21 05:33:02,798] {dagbag.py:487} INFO - Filling up the DagBag from /home/airflow/sandbox/lib/python3.8/site-packages/airflow/example_dags/example_skip_dag.py
[2022-03-21 05:33:02,810] {scheduler_job.py:643} INFO - DAG(s) dict_keys(['example_skip_dag']) retrieved from /home/airflow/sandbox/lib/python3.8/site-packages/airflow/example_dags/example_skip_dag.py
[2022-03-21 05:33:02,845] {logging_mixin.py:104} INFO - [2022-03-21 05:33:02,845] {dag.py:1832} INFO - Sync 1 DAGs
[2022-03-21 05:33:02,868] {logging_mixin.py:104} INFO - [2022-03-21 05:33:02,868] {dag.py:2305} INFO - Setting next_dagrun for example_skip_dag to 2022-03-19 00:00:00+00:00
[2022-03-21 05:33:02,899] {scheduler_job.py:190} INFO - Processing /home/airflow/sandbox/lib/python3.8/site-packages/airflow/example_dags/example_skip_dag.py took 0.111 seconds
[2022-03-21 05:33:46,520] {scheduler_job.py:182} INFO - Started process (PID=10088) to work on /home/airflow/sandbox/lib/python3.8/site-packages/airflow/example_dags/example_skip_dag.py
[2022-03-21 05:33:46,525] {scheduler_job.py:633} INFO - Processing file /home/airflow/sandbox/lib/python3.8/site-packages/airflow/example_dags/example_skip_dag.py for tasks to queue
[2022-03-21 05:33:46,527] {logging_mixin.py:104} INFO - [2022-03-21 05:33:46,527] {dagbag.py:487} INFO - Filling up the DagBag from /home/airflow/sandbox/lib/python3.8/site-packages/airflow/example_dags/example_skip_dag.py
[2022-03-21 05:33:46,541] {scheduler_job.py:643} INFO - DAG(s) dict_keys(['example_skip_dag']) retrieved from /home/airflow/sandbox/lib/python3.8/site-packages/airflow/example_dags/example_skip_dag.py
[2022-03-21 05:33:46,572] {logging_mixin.py:104} INFO - [2022-03-21 05:33:46,572] {dag.py:1832} INFO - Sync 1 DAGs
[2022-03-21 05:33:46,594] {logging_mixin.py:104} INFO - [2022-03-21 05:33:46,593] {dag.py:2305} INFO - Setting next_dagrun for example_skip_dag to 2022-03-19 00:00:00+00:00
[2022-03-21 05:33:46,631] {scheduler_job.py:190} INFO - Processing /home/airflow/sandbox/lib/python3.8/site-packages/airflow/example_dags/example_skip_dag.py took 0.118 seconds
[2022-03-21 05:34:30,777] {scheduler_job.py:182} INFO - Started process (PID=10122) to work on /home/airflow/sandbox/lib/python3.8/site-packages/airflow/example_dags/example_skip_dag.py
[2022-03-21 05:34:30,780] {scheduler_job.py:633} INFO - Processing file /home/airflow/sandbox/lib/python3.8/site-packages/airflow/example_dags/example_skip_dag.py for tasks to queue
[2022-03-21 05:34:30,781] {logging_mixin.py:104} INFO - [2022-03-21 05:34:30,781] {dagbag.py:487} INFO - Filling up the DagBag from /home/airflow/sandbox/lib/python3.8/site-packages/airflow/example_dags/example_skip_dag.py
[2022-03-21 05:34:30,797] {scheduler_job.py:643} INFO - DAG(s) dict_keys(['example_skip_dag']) retrieved from /home/airflow/sandbox/lib/python3.8/site-packages/airflow/example_dags/example_skip_dag.py
[2022-03-21 05:34:30,831] {logging_mixin.py:104} INFO - [2022-03-21 05:34:30,831] {dag.py:1832} INFO - Sync 1 DAGs
[2022-03-21 05:34:30,886] {logging_mixin.py:104} INFO - [2022-03-21 05:34:30,886] {dag.py:2305} INFO - Setting next_dagrun for example_skip_dag to 2022-03-19 00:00:00+00:00
[2022-03-21 05:34:30,936] {scheduler_job.py:190} INFO - Processing /home/airflow/sandbox/lib/python3.8/site-packages/airflow/example_dags/example_skip_dag.py took 0.166 seconds
[2022-03-21 05:35:19,671] {scheduler_job.py:182} INFO - Started process (PID=10157) to work on /home/airflow/sandbox/lib/python3.8/site-packages/airflow/example_dags/example_skip_dag.py
[2022-03-21 05:35:19,673] {scheduler_job.py:633} INFO - Processing file /home/airflow/sandbox/lib/python3.8/site-packages/airflow/example_dags/example_skip_dag.py for tasks to queue
[2022-03-21 05:35:19,674] {logging_mixin.py:104} INFO - [2022-03-21 05:35:19,674] {dagbag.py:487} INFO - Filling up the DagBag from /home/airflow/sandbox/lib/python3.8/site-packages/airflow/example_dags/example_skip_dag.py
[2022-03-21 05:35:19,686] {scheduler_job.py:643} INFO - DAG(s) dict_keys(['example_skip_dag']) retrieved from /home/airflow/sandbox/lib/python3.8/site-packages/airflow/example_dags/example_skip_dag.py
[2022-03-21 05:35:19,718] {logging_mixin.py:104} INFO - [2022-03-21 05:35:19,718] {dag.py:1832} INFO - Sync 1 DAGs
[2022-03-21 05:35:19,743] {logging_mixin.py:104} INFO - [2022-03-21 05:35:19,743] {dag.py:2305} INFO - Setting next_dagrun for example_skip_dag to 2022-03-19 00:00:00+00:00
[2022-03-21 05:35:19,777] {scheduler_job.py:190} INFO - Processing /home/airflow/sandbox/lib/python3.8/site-packages/airflow/example_dags/example_skip_dag.py took 0.114 seconds
[2022-03-21 05:36:04,998] {scheduler_job.py:182} INFO - Started process (PID=10245) to work on /home/airflow/sandbox/lib/python3.8/site-packages/airflow/example_dags/example_skip_dag.py
[2022-03-21 05:36:05,000] {scheduler_job.py:633} INFO - Processing file /home/airflow/sandbox/lib/python3.8/site-packages/airflow/example_dags/example_skip_dag.py for tasks to queue
[2022-03-21 05:36:05,002] {logging_mixin.py:104} INFO - [2022-03-21 05:36:05,002] {dagbag.py:487} INFO - Filling up the DagBag from /home/airflow/sandbox/lib/python3.8/site-packages/airflow/example_dags/example_skip_dag.py
[2022-03-21 05:36:05,014] {scheduler_job.py:643} INFO - DAG(s) dict_keys(['example_skip_dag']) retrieved from /home/airflow/sandbox/lib/python3.8/site-packages/airflow/example_dags/example_skip_dag.py
[2022-03-21 05:36:05,046] {logging_mixin.py:104} INFO - [2022-03-21 05:36:05,046] {dag.py:1832} INFO - Sync 1 DAGs
[2022-03-21 05:36:05,069] {logging_mixin.py:104} INFO - [2022-03-21 05:36:05,069] {dag.py:2305} INFO - Setting next_dagrun for example_skip_dag to 2022-03-19 00:00:00+00:00
[2022-03-21 05:36:05,105] {scheduler_job.py:190} INFO - Processing /home/airflow/sandbox/lib/python3.8/site-packages/airflow/example_dags/example_skip_dag.py took 0.114 seconds
[2022-03-21 05:36:50,727] {scheduler_job.py:182} INFO - Started process (PID=10279) to work on /home/airflow/sandbox/lib/python3.8/site-packages/airflow/example_dags/example_skip_dag.py
[2022-03-21 05:36:50,729] {scheduler_job.py:633} INFO - Processing file /home/airflow/sandbox/lib/python3.8/site-packages/airflow/example_dags/example_skip_dag.py for tasks to queue
[2022-03-21 05:36:50,731] {logging_mixin.py:104} INFO - [2022-03-21 05:36:50,730] {dagbag.py:487} INFO - Filling up the DagBag from /home/airflow/sandbox/lib/python3.8/site-packages/airflow/example_dags/example_skip_dag.py
[2022-03-21 05:36:50,742] {scheduler_job.py:643} INFO - DAG(s) dict_keys(['example_skip_dag']) retrieved from /home/airflow/sandbox/lib/python3.8/site-packages/airflow/example_dags/example_skip_dag.py
[2022-03-21 05:36:50,779] {logging_mixin.py:104} INFO - [2022-03-21 05:36:50,779] {dag.py:1832} INFO - Sync 1 DAGs
[2022-03-21 05:36:50,824] {logging_mixin.py:104} INFO - [2022-03-21 05:36:50,824] {dag.py:2305} INFO - Setting next_dagrun for example_skip_dag to 2022-03-19 00:00:00+00:00
[2022-03-21 05:36:50,895] {scheduler_job.py:190} INFO - Processing /home/airflow/sandbox/lib/python3.8/site-packages/airflow/example_dags/example_skip_dag.py took 0.177 seconds
[2022-03-21 05:37:34,864] {scheduler_job.py:182} INFO - Started process (PID=10312) to work on /home/airflow/sandbox/lib/python3.8/site-packages/airflow/example_dags/example_skip_dag.py
[2022-03-21 05:37:34,866] {scheduler_job.py:633} INFO - Processing file /home/airflow/sandbox/lib/python3.8/site-packages/airflow/example_dags/example_skip_dag.py for tasks to queue
[2022-03-21 05:37:34,867] {logging_mixin.py:104} INFO - [2022-03-21 05:37:34,867] {dagbag.py:487} INFO - Filling up the DagBag from /home/airflow/sandbox/lib/python3.8/site-packages/airflow/example_dags/example_skip_dag.py
[2022-03-21 05:37:34,880] {scheduler_job.py:643} INFO - DAG(s) dict_keys(['example_skip_dag']) retrieved from /home/airflow/sandbox/lib/python3.8/site-packages/airflow/example_dags/example_skip_dag.py
[2022-03-21 05:37:34,913] {logging_mixin.py:104} INFO - [2022-03-21 05:37:34,913] {dag.py:1832} INFO - Sync 1 DAGs
[2022-03-21 05:37:34,937] {logging_mixin.py:104} INFO - [2022-03-21 05:37:34,937] {dag.py:2305} INFO - Setting next_dagrun for example_skip_dag to 2022-03-19 00:00:00+00:00
[2022-03-21 05:37:34,974] {scheduler_job.py:190} INFO - Processing /home/airflow/sandbox/lib/python3.8/site-packages/airflow/example_dags/example_skip_dag.py took 0.119 seconds
[2022-03-21 05:38:18,906] {scheduler_job.py:182} INFO - Started process (PID=10347) to work on /home/airflow/sandbox/lib/python3.8/site-packages/airflow/example_dags/example_skip_dag.py
[2022-03-21 05:38:18,908] {scheduler_job.py:633} INFO - Processing file /home/airflow/sandbox/lib/python3.8/site-packages/airflow/example_dags/example_skip_dag.py for tasks to queue
[2022-03-21 05:38:18,910] {logging_mixin.py:104} INFO - [2022-03-21 05:38:18,910] {dagbag.py:487} INFO - Filling up the DagBag from /home/airflow/sandbox/lib/python3.8/site-packages/airflow/example_dags/example_skip_dag.py
[2022-03-21 05:38:18,921] {scheduler_job.py:643} INFO - DAG(s) dict_keys(['example_skip_dag']) retrieved from /home/airflow/sandbox/lib/python3.8/site-packages/airflow/example_dags/example_skip_dag.py
[2022-03-21 05:38:18,955] {logging_mixin.py:104} INFO - [2022-03-21 05:38:18,955] {dag.py:1832} INFO - Sync 1 DAGs
[2022-03-21 05:38:18,978] {logging_mixin.py:104} INFO - [2022-03-21 05:38:18,978] {dag.py:2305} INFO - Setting next_dagrun for example_skip_dag to 2022-03-19 00:00:00+00:00
[2022-03-21 05:38:19,103] {scheduler_job.py:190} INFO - Processing /home/airflow/sandbox/lib/python3.8/site-packages/airflow/example_dags/example_skip_dag.py took 0.205 seconds
[2022-03-21 05:38:59,223] {scheduler_job.py:182} INFO - Started process (PID=10378) to work on /home/airflow/sandbox/lib/python3.8/site-packages/airflow/example_dags/example_skip_dag.py
[2022-03-21 05:38:59,225] {scheduler_job.py:633} INFO - Processing file /home/airflow/sandbox/lib/python3.8/site-packages/airflow/example_dags/example_skip_dag.py for tasks to queue
[2022-03-21 05:38:59,234] {logging_mixin.py:104} INFO - [2022-03-21 05:38:59,233] {dagbag.py:487} INFO - Filling up the DagBag from /home/airflow/sandbox/lib/python3.8/site-packages/airflow/example_dags/example_skip_dag.py
[2022-03-21 05:38:59,270] {scheduler_job.py:643} INFO - DAG(s) dict_keys(['example_skip_dag']) retrieved from /home/airflow/sandbox/lib/python3.8/site-packages/airflow/example_dags/example_skip_dag.py
[2022-03-21 05:38:59,366] {logging_mixin.py:104} INFO - [2022-03-21 05:38:59,365] {dag.py:1832} INFO - Sync 1 DAGs
[2022-03-21 05:38:59,459] {logging_mixin.py:104} INFO - [2022-03-21 05:38:59,458] {dag.py:2305} INFO - Setting next_dagrun for example_skip_dag to 2022-03-19 00:00:00+00:00
[2022-03-21 05:38:59,512] {scheduler_job.py:190} INFO - Processing /home/airflow/sandbox/lib/python3.8/site-packages/airflow/example_dags/example_skip_dag.py took 0.301 seconds
[2022-03-21 05:39:43,345] {scheduler_job.py:182} INFO - Started process (PID=10408) to work on /home/airflow/sandbox/lib/python3.8/site-packages/airflow/example_dags/example_skip_dag.py
[2022-03-21 05:39:43,347] {scheduler_job.py:633} INFO - Processing file /home/airflow/sandbox/lib/python3.8/site-packages/airflow/example_dags/example_skip_dag.py for tasks to queue
[2022-03-21 05:39:43,349] {logging_mixin.py:104} INFO - [2022-03-21 05:39:43,349] {dagbag.py:487} INFO - Filling up the DagBag from /home/airflow/sandbox/lib/python3.8/site-packages/airflow/example_dags/example_skip_dag.py
[2022-03-21 05:39:43,369] {scheduler_job.py:643} INFO - DAG(s) dict_keys(['example_skip_dag']) retrieved from /home/airflow/sandbox/lib/python3.8/site-packages/airflow/example_dags/example_skip_dag.py
[2022-03-21 05:39:43,407] {logging_mixin.py:104} INFO - [2022-03-21 05:39:43,407] {dag.py:1832} INFO - Sync 1 DAGs
[2022-03-21 05:39:43,433] {logging_mixin.py:104} INFO - [2022-03-21 05:39:43,433] {dag.py:2305} INFO - Setting next_dagrun for example_skip_dag to 2022-03-19 00:00:00+00:00
[2022-03-21 05:39:43,475] {scheduler_job.py:190} INFO - Processing /home/airflow/sandbox/lib/python3.8/site-packages/airflow/example_dags/example_skip_dag.py took 0.143 seconds
[2022-03-21 05:40:24,047] {scheduler_job.py:182} INFO - Started process (PID=10441) to work on /home/airflow/sandbox/lib/python3.8/site-packages/airflow/example_dags/example_skip_dag.py
[2022-03-21 05:40:24,057] {scheduler_job.py:633} INFO - Processing file /home/airflow/sandbox/lib/python3.8/site-packages/airflow/example_dags/example_skip_dag.py for tasks to queue
[2022-03-21 05:40:24,058] {logging_mixin.py:104} INFO - [2022-03-21 05:40:24,058] {dagbag.py:487} INFO - Filling up the DagBag from /home/airflow/sandbox/lib/python3.8/site-packages/airflow/example_dags/example_skip_dag.py
[2022-03-21 05:40:24,075] {scheduler_job.py:643} INFO - DAG(s) dict_keys(['example_skip_dag']) retrieved from /home/airflow/sandbox/lib/python3.8/site-packages/airflow/example_dags/example_skip_dag.py
[2022-03-21 05:40:24,110] {logging_mixin.py:104} INFO - [2022-03-21 05:40:24,110] {dag.py:1832} INFO - Sync 1 DAGs
[2022-03-21 05:40:24,133] {logging_mixin.py:104} INFO - [2022-03-21 05:40:24,133] {dag.py:2305} INFO - Setting next_dagrun for example_skip_dag to 2022-03-19 00:00:00+00:00
[2022-03-21 05:40:24,175] {scheduler_job.py:190} INFO - Processing /home/airflow/sandbox/lib/python3.8/site-packages/airflow/example_dags/example_skip_dag.py took 0.140 seconds
[2022-03-21 05:41:14,605] {scheduler_job.py:182} INFO - Started process (PID=10533) to work on /home/airflow/sandbox/lib/python3.8/site-packages/airflow/example_dags/example_skip_dag.py
[2022-03-21 05:41:14,607] {scheduler_job.py:633} INFO - Processing file /home/airflow/sandbox/lib/python3.8/site-packages/airflow/example_dags/example_skip_dag.py for tasks to queue
[2022-03-21 05:41:14,609] {logging_mixin.py:104} INFO - [2022-03-21 05:41:14,608] {dagbag.py:487} INFO - Filling up the DagBag from /home/airflow/sandbox/lib/python3.8/site-packages/airflow/example_dags/example_skip_dag.py
[2022-03-21 05:41:14,622] {scheduler_job.py:643} INFO - DAG(s) dict_keys(['example_skip_dag']) retrieved from /home/airflow/sandbox/lib/python3.8/site-packages/airflow/example_dags/example_skip_dag.py
[2022-03-21 05:41:14,663] {logging_mixin.py:104} INFO - [2022-03-21 05:41:14,663] {dag.py:1832} INFO - Sync 1 DAGs
[2022-03-21 05:41:14,707] {logging_mixin.py:104} INFO - [2022-03-21 05:41:14,707] {dag.py:2305} INFO - Setting next_dagrun for example_skip_dag to 2022-03-19 00:00:00+00:00
[2022-03-21 05:41:14,758] {scheduler_job.py:190} INFO - Processing /home/airflow/sandbox/lib/python3.8/site-packages/airflow/example_dags/example_skip_dag.py took 0.163 seconds
[2022-03-21 05:41:59,878] {scheduler_job.py:182} INFO - Started process (PID=10567) to work on /home/airflow/sandbox/lib/python3.8/site-packages/airflow/example_dags/example_skip_dag.py
[2022-03-21 05:41:59,884] {scheduler_job.py:633} INFO - Processing file /home/airflow/sandbox/lib/python3.8/site-packages/airflow/example_dags/example_skip_dag.py for tasks to queue
[2022-03-21 05:41:59,885] {logging_mixin.py:104} INFO - [2022-03-21 05:41:59,885] {dagbag.py:487} INFO - Filling up the DagBag from /home/airflow/sandbox/lib/python3.8/site-packages/airflow/example_dags/example_skip_dag.py
[2022-03-21 05:41:59,908] {scheduler_job.py:643} INFO - DAG(s) dict_keys(['example_skip_dag']) retrieved from /home/airflow/sandbox/lib/python3.8/site-packages/airflow/example_dags/example_skip_dag.py
[2022-03-21 05:41:59,951] {logging_mixin.py:104} INFO - [2022-03-21 05:41:59,951] {dag.py:1832} INFO - Sync 1 DAGs
[2022-03-21 05:42:00,018] {logging_mixin.py:104} INFO - [2022-03-21 05:42:00,018] {dag.py:2305} INFO - Setting next_dagrun for example_skip_dag to 2022-03-19 00:00:00+00:00
[2022-03-21 05:42:00,098] {scheduler_job.py:190} INFO - Processing /home/airflow/sandbox/lib/python3.8/site-packages/airflow/example_dags/example_skip_dag.py took 0.231 seconds
[2022-03-21 05:42:47,211] {scheduler_job.py:182} INFO - Started process (PID=10601) to work on /home/airflow/sandbox/lib/python3.8/site-packages/airflow/example_dags/example_skip_dag.py
[2022-03-21 05:42:47,213] {scheduler_job.py:633} INFO - Processing file /home/airflow/sandbox/lib/python3.8/site-packages/airflow/example_dags/example_skip_dag.py for tasks to queue
[2022-03-21 05:42:47,217] {logging_mixin.py:104} INFO - [2022-03-21 05:42:47,216] {dagbag.py:487} INFO - Filling up the DagBag from /home/airflow/sandbox/lib/python3.8/site-packages/airflow/example_dags/example_skip_dag.py
[2022-03-21 05:42:47,232] {scheduler_job.py:643} INFO - DAG(s) dict_keys(['example_skip_dag']) retrieved from /home/airflow/sandbox/lib/python3.8/site-packages/airflow/example_dags/example_skip_dag.py
[2022-03-21 05:42:47,277] {logging_mixin.py:104} INFO - [2022-03-21 05:42:47,276] {dag.py:1832} INFO - Sync 1 DAGs
[2022-03-21 05:42:47,307] {logging_mixin.py:104} INFO - [2022-03-21 05:42:47,306] {dag.py:2305} INFO - Setting next_dagrun for example_skip_dag to 2022-03-19 00:00:00+00:00
[2022-03-21 05:42:47,347] {scheduler_job.py:190} INFO - Processing /home/airflow/sandbox/lib/python3.8/site-packages/airflow/example_dags/example_skip_dag.py took 0.150 seconds
[2022-03-21 05:43:31,228] {scheduler_job.py:182} INFO - Started process (PID=10632) to work on /home/airflow/sandbox/lib/python3.8/site-packages/airflow/example_dags/example_skip_dag.py
[2022-03-21 05:43:31,232] {scheduler_job.py:633} INFO - Processing file /home/airflow/sandbox/lib/python3.8/site-packages/airflow/example_dags/example_skip_dag.py for tasks to queue
[2022-03-21 05:43:31,235] {logging_mixin.py:104} INFO - [2022-03-21 05:43:31,234] {dagbag.py:487} INFO - Filling up the DagBag from /home/airflow/sandbox/lib/python3.8/site-packages/airflow/example_dags/example_skip_dag.py
[2022-03-21 05:43:31,264] {scheduler_job.py:643} INFO - DAG(s) dict_keys(['example_skip_dag']) retrieved from /home/airflow/sandbox/lib/python3.8/site-packages/airflow/example_dags/example_skip_dag.py
[2022-03-21 05:43:31,388] {logging_mixin.py:104} INFO - [2022-03-21 05:43:31,387] {dag.py:1832} INFO - Sync 1 DAGs
[2022-03-21 05:43:31,537] {logging_mixin.py:104} INFO - [2022-03-21 05:43:31,537] {dag.py:2305} INFO - Setting next_dagrun for example_skip_dag to 2022-03-19 00:00:00+00:00
[2022-03-21 05:43:31,737] {scheduler_job.py:190} INFO - Processing /home/airflow/sandbox/lib/python3.8/site-packages/airflow/example_dags/example_skip_dag.py took 0.532 seconds
[2022-03-21 05:44:24,702] {scheduler_job.py:182} INFO - Started process (PID=10668) to work on /home/airflow/sandbox/lib/python3.8/site-packages/airflow/example_dags/example_skip_dag.py
[2022-03-21 05:44:24,706] {scheduler_job.py:633} INFO - Processing file /home/airflow/sandbox/lib/python3.8/site-packages/airflow/example_dags/example_skip_dag.py for tasks to queue
[2022-03-21 05:44:24,707] {logging_mixin.py:104} INFO - [2022-03-21 05:44:24,707] {dagbag.py:487} INFO - Filling up the DagBag from /home/airflow/sandbox/lib/python3.8/site-packages/airflow/example_dags/example_skip_dag.py
[2022-03-21 05:44:24,720] {scheduler_job.py:643} INFO - DAG(s) dict_keys(['example_skip_dag']) retrieved from /home/airflow/sandbox/lib/python3.8/site-packages/airflow/example_dags/example_skip_dag.py
[2022-03-21 05:44:24,753] {logging_mixin.py:104} INFO - [2022-03-21 05:44:24,753] {dag.py:1832} INFO - Sync 1 DAGs
[2022-03-21 05:44:24,778] {logging_mixin.py:104} INFO - [2022-03-21 05:44:24,778] {dag.py:2305} INFO - Setting next_dagrun for example_skip_dag to 2022-03-19 00:00:00+00:00
[2022-03-21 05:44:24,880] {scheduler_job.py:190} INFO - Processing /home/airflow/sandbox/lib/python3.8/site-packages/airflow/example_dags/example_skip_dag.py took 0.190 seconds
[2022-03-21 05:45:15,212] {scheduler_job.py:182} INFO - Started process (PID=10704) to work on /home/airflow/sandbox/lib/python3.8/site-packages/airflow/example_dags/example_skip_dag.py
[2022-03-21 05:45:15,218] {scheduler_job.py:633} INFO - Processing file /home/airflow/sandbox/lib/python3.8/site-packages/airflow/example_dags/example_skip_dag.py for tasks to queue
[2022-03-21 05:45:15,219] {logging_mixin.py:104} INFO - [2022-03-21 05:45:15,219] {dagbag.py:487} INFO - Filling up the DagBag from /home/airflow/sandbox/lib/python3.8/site-packages/airflow/example_dags/example_skip_dag.py
[2022-03-21 05:45:15,235] {scheduler_job.py:643} INFO - DAG(s) dict_keys(['example_skip_dag']) retrieved from /home/airflow/sandbox/lib/python3.8/site-packages/airflow/example_dags/example_skip_dag.py
[2022-03-21 05:45:15,270] {logging_mixin.py:104} INFO - [2022-03-21 05:45:15,270] {dag.py:1832} INFO - Sync 1 DAGs
[2022-03-21 05:45:15,296] {logging_mixin.py:104} INFO - [2022-03-21 05:45:15,296] {dag.py:2305} INFO - Setting next_dagrun for example_skip_dag to 2022-03-19 00:00:00+00:00
[2022-03-21 05:45:15,334] {scheduler_job.py:190} INFO - Processing /home/airflow/sandbox/lib/python3.8/site-packages/airflow/example_dags/example_skip_dag.py took 0.131 seconds
[2022-03-21 05:45:58,253] {scheduler_job.py:182} INFO - Started process (PID=10793) to work on /home/airflow/sandbox/lib/python3.8/site-packages/airflow/example_dags/example_skip_dag.py
[2022-03-21 05:45:58,256] {scheduler_job.py:633} INFO - Processing file /home/airflow/sandbox/lib/python3.8/site-packages/airflow/example_dags/example_skip_dag.py for tasks to queue
[2022-03-21 05:45:58,259] {logging_mixin.py:104} INFO - [2022-03-21 05:45:58,258] {dagbag.py:487} INFO - Filling up the DagBag from /home/airflow/sandbox/lib/python3.8/site-packages/airflow/example_dags/example_skip_dag.py
[2022-03-21 05:45:58,281] {scheduler_job.py:643} INFO - DAG(s) dict_keys(['example_skip_dag']) retrieved from /home/airflow/sandbox/lib/python3.8/site-packages/airflow/example_dags/example_skip_dag.py
[2022-03-21 05:45:58,335] {logging_mixin.py:104} INFO - [2022-03-21 05:45:58,334] {dag.py:1832} INFO - Sync 1 DAGs
[2022-03-21 05:45:58,504] {logging_mixin.py:104} INFO - [2022-03-21 05:45:58,504] {dag.py:2305} INFO - Setting next_dagrun for example_skip_dag to 2022-03-19 00:00:00+00:00
[2022-03-21 05:45:58,551] {scheduler_job.py:190} INFO - Processing /home/airflow/sandbox/lib/python3.8/site-packages/airflow/example_dags/example_skip_dag.py took 0.304 seconds
[2022-03-21 05:47:29,491] {scheduler_job.py:182} INFO - Started process (PID=11553) to work on /home/airflow/sandbox/lib/python3.8/site-packages/airflow/example_dags/example_skip_dag.py
[2022-03-21 05:47:29,504] {scheduler_job.py:633} INFO - Processing file /home/airflow/sandbox/lib/python3.8/site-packages/airflow/example_dags/example_skip_dag.py for tasks to queue
[2022-03-21 05:47:29,506] {logging_mixin.py:104} INFO - [2022-03-21 05:47:29,506] {dagbag.py:487} INFO - Filling up the DagBag from /home/airflow/sandbox/lib/python3.8/site-packages/airflow/example_dags/example_skip_dag.py
[2022-03-21 05:47:29,531] {scheduler_job.py:643} INFO - DAG(s) dict_keys(['example_skip_dag']) retrieved from /home/airflow/sandbox/lib/python3.8/site-packages/airflow/example_dags/example_skip_dag.py
[2022-03-21 05:47:29,612] {logging_mixin.py:104} INFO - [2022-03-21 05:47:29,600] {dag.py:1832} INFO - Sync 1 DAGs
[2022-03-21 05:47:29,756] {logging_mixin.py:104} INFO - [2022-03-21 05:47:29,755] {dag.py:2305} INFO - Setting next_dagrun for example_skip_dag to 2022-03-19 00:00:00+00:00
[2022-03-21 05:47:30,092] {scheduler_job.py:190} INFO - Processing /home/airflow/sandbox/lib/python3.8/site-packages/airflow/example_dags/example_skip_dag.py took 0.633 seconds
[2022-03-21 05:48:15,454] {scheduler_job.py:182} INFO - Started process (PID=11826) to work on /home/airflow/sandbox/lib/python3.8/site-packages/airflow/example_dags/example_skip_dag.py
[2022-03-21 05:48:15,460] {scheduler_job.py:633} INFO - Processing file /home/airflow/sandbox/lib/python3.8/site-packages/airflow/example_dags/example_skip_dag.py for tasks to queue
[2022-03-21 05:48:15,461] {logging_mixin.py:104} INFO - [2022-03-21 05:48:15,461] {dagbag.py:487} INFO - Filling up the DagBag from /home/airflow/sandbox/lib/python3.8/site-packages/airflow/example_dags/example_skip_dag.py
[2022-03-21 05:48:15,472] {scheduler_job.py:643} INFO - DAG(s) dict_keys(['example_skip_dag']) retrieved from /home/airflow/sandbox/lib/python3.8/site-packages/airflow/example_dags/example_skip_dag.py
[2022-03-21 05:48:15,508] {logging_mixin.py:104} INFO - [2022-03-21 05:48:15,508] {dag.py:1832} INFO - Sync 1 DAGs
[2022-03-21 05:48:15,534] {logging_mixin.py:104} INFO - [2022-03-21 05:48:15,534] {dag.py:2305} INFO - Setting next_dagrun for example_skip_dag to 2022-03-19 00:00:00+00:00
[2022-03-21 05:48:15,595] {scheduler_job.py:190} INFO - Processing /home/airflow/sandbox/lib/python3.8/site-packages/airflow/example_dags/example_skip_dag.py took 0.150 seconds
[2022-03-21 05:49:06,763] {scheduler_job.py:182} INFO - Started process (PID=12041) to work on /home/airflow/sandbox/lib/python3.8/site-packages/airflow/example_dags/example_skip_dag.py
[2022-03-21 05:49:06,766] {scheduler_job.py:633} INFO - Processing file /home/airflow/sandbox/lib/python3.8/site-packages/airflow/example_dags/example_skip_dag.py for tasks to queue
[2022-03-21 05:49:06,769] {logging_mixin.py:104} INFO - [2022-03-21 05:49:06,768] {dagbag.py:487} INFO - Filling up the DagBag from /home/airflow/sandbox/lib/python3.8/site-packages/airflow/example_dags/example_skip_dag.py
[2022-03-21 05:49:06,788] {scheduler_job.py:643} INFO - DAG(s) dict_keys(['example_skip_dag']) retrieved from /home/airflow/sandbox/lib/python3.8/site-packages/airflow/example_dags/example_skip_dag.py
[2022-03-21 05:49:06,830] {logging_mixin.py:104} INFO - [2022-03-21 05:49:06,829] {dag.py:1832} INFO - Sync 1 DAGs
[2022-03-21 05:49:06,859] {logging_mixin.py:104} INFO - [2022-03-21 05:49:06,859] {dag.py:2305} INFO - Setting next_dagrun for example_skip_dag to 2022-03-19 00:00:00+00:00
[2022-03-21 05:49:06,911] {scheduler_job.py:190} INFO - Processing /home/airflow/sandbox/lib/python3.8/site-packages/airflow/example_dags/example_skip_dag.py took 0.154 seconds
[2022-03-21 05:49:55,637] {scheduler_job.py:182} INFO - Started process (PID=12147) to work on /home/airflow/sandbox/lib/python3.8/site-packages/airflow/example_dags/example_skip_dag.py
[2022-03-21 05:49:55,639] {scheduler_job.py:633} INFO - Processing file /home/airflow/sandbox/lib/python3.8/site-packages/airflow/example_dags/example_skip_dag.py for tasks to queue
[2022-03-21 05:49:55,641] {logging_mixin.py:104} INFO - [2022-03-21 05:49:55,640] {dagbag.py:487} INFO - Filling up the DagBag from /home/airflow/sandbox/lib/python3.8/site-packages/airflow/example_dags/example_skip_dag.py
[2022-03-21 05:49:55,653] {scheduler_job.py:643} INFO - DAG(s) dict_keys(['example_skip_dag']) retrieved from /home/airflow/sandbox/lib/python3.8/site-packages/airflow/example_dags/example_skip_dag.py
[2022-03-21 05:49:55,707] {logging_mixin.py:104} INFO - [2022-03-21 05:49:55,707] {dag.py:1832} INFO - Sync 1 DAGs
[2022-03-21 05:49:55,745] {logging_mixin.py:104} INFO - [2022-03-21 05:49:55,745] {dag.py:2305} INFO - Setting next_dagrun for example_skip_dag to 2022-03-19 00:00:00+00:00
[2022-03-21 05:49:55,778] {scheduler_job.py:190} INFO - Processing /home/airflow/sandbox/lib/python3.8/site-packages/airflow/example_dags/example_skip_dag.py took 0.152 seconds
