[2022-03-21 05:15:08,692] {scheduler_job.py:182} INFO - Started process (PID=8205) to work on /home/airflow/sandbox/lib/python3.8/site-packages/airflow/example_dags/example_branch_python_dop_operator_3.py
[2022-03-21 05:15:08,697] {scheduler_job.py:633} INFO - Processing file /home/airflow/sandbox/lib/python3.8/site-packages/airflow/example_dags/example_branch_python_dop_operator_3.py for tasks to queue
[2022-03-21 05:15:08,701] {logging_mixin.py:104} INFO - [2022-03-21 05:15:08,700] {dagbag.py:487} INFO - Filling up the DagBag from /home/airflow/sandbox/lib/python3.8/site-packages/airflow/example_dags/example_branch_python_dop_operator_3.py
[2022-03-21 05:15:08,733] {scheduler_job.py:643} INFO - DAG(s) dict_keys(['example_branch_dop_operator_v3']) retrieved from /home/airflow/sandbox/lib/python3.8/site-packages/airflow/example_dags/example_branch_python_dop_operator_3.py
[2022-03-21 05:15:10,527] {logging_mixin.py:104} INFO - [2022-03-21 05:15:10,527] {dag.py:1832} INFO - Sync 1 DAGs
[2022-03-21 05:15:10,726] {logging_mixin.py:104} INFO - [2022-03-21 05:15:10,726] {dag.py:2305} INFO - Setting next_dagrun for example_branch_dop_operator_v3 to 2022-03-19 00:00:00+00:00
[2022-03-21 05:15:10,851] {scheduler_job.py:190} INFO - Processing /home/airflow/sandbox/lib/python3.8/site-packages/airflow/example_dags/example_branch_python_dop_operator_3.py took 2.170 seconds
[2022-03-21 05:16:34,408] {scheduler_job.py:182} INFO - Started process (PID=8826) to work on /home/airflow/sandbox/lib/python3.8/site-packages/airflow/example_dags/example_branch_python_dop_operator_3.py
[2022-03-21 05:16:34,414] {scheduler_job.py:633} INFO - Processing file /home/airflow/sandbox/lib/python3.8/site-packages/airflow/example_dags/example_branch_python_dop_operator_3.py for tasks to queue
[2022-03-21 05:16:34,416] {logging_mixin.py:104} INFO - [2022-03-21 05:16:34,416] {dagbag.py:487} INFO - Filling up the DagBag from /home/airflow/sandbox/lib/python3.8/site-packages/airflow/example_dags/example_branch_python_dop_operator_3.py
[2022-03-21 05:16:34,435] {scheduler_job.py:643} INFO - DAG(s) dict_keys(['example_branch_dop_operator_v3']) retrieved from /home/airflow/sandbox/lib/python3.8/site-packages/airflow/example_dags/example_branch_python_dop_operator_3.py
[2022-03-21 05:16:34,471] {logging_mixin.py:104} INFO - [2022-03-21 05:16:34,471] {dag.py:1832} INFO - Sync 1 DAGs
[2022-03-21 05:16:34,518] {logging_mixin.py:104} INFO - [2022-03-21 05:16:34,518] {dag.py:2305} INFO - Setting next_dagrun for example_branch_dop_operator_v3 to 2022-03-19 00:00:00+00:00
[2022-03-21 05:16:34,555] {scheduler_job.py:190} INFO - Processing /home/airflow/sandbox/lib/python3.8/site-packages/airflow/example_dags/example_branch_python_dop_operator_3.py took 0.155 seconds
[2022-03-21 05:17:25,108] {scheduler_job.py:182} INFO - Started process (PID=9061) to work on /home/airflow/sandbox/lib/python3.8/site-packages/airflow/example_dags/example_branch_python_dop_operator_3.py
[2022-03-21 05:17:25,112] {scheduler_job.py:633} INFO - Processing file /home/airflow/sandbox/lib/python3.8/site-packages/airflow/example_dags/example_branch_python_dop_operator_3.py for tasks to queue
[2022-03-21 05:17:25,114] {logging_mixin.py:104} INFO - [2022-03-21 05:17:25,113] {dagbag.py:487} INFO - Filling up the DagBag from /home/airflow/sandbox/lib/python3.8/site-packages/airflow/example_dags/example_branch_python_dop_operator_3.py
[2022-03-21 05:17:25,150] {scheduler_job.py:643} INFO - DAG(s) dict_keys(['example_branch_dop_operator_v3']) retrieved from /home/airflow/sandbox/lib/python3.8/site-packages/airflow/example_dags/example_branch_python_dop_operator_3.py
[2022-03-21 05:17:25,196] {logging_mixin.py:104} INFO - [2022-03-21 05:17:25,196] {dag.py:1832} INFO - Sync 1 DAGs
[2022-03-21 05:17:25,237] {logging_mixin.py:104} INFO - [2022-03-21 05:17:25,237] {dag.py:2305} INFO - Setting next_dagrun for example_branch_dop_operator_v3 to 2022-03-19 00:00:00+00:00
[2022-03-21 05:17:25,273] {scheduler_job.py:190} INFO - Processing /home/airflow/sandbox/lib/python3.8/site-packages/airflow/example_dags/example_branch_python_dop_operator_3.py took 0.172 seconds
[2022-03-21 05:18:27,588] {scheduler_job.py:182} INFO - Started process (PID=9240) to work on /home/airflow/sandbox/lib/python3.8/site-packages/airflow/example_dags/example_branch_python_dop_operator_3.py
[2022-03-21 05:18:27,595] {scheduler_job.py:633} INFO - Processing file /home/airflow/sandbox/lib/python3.8/site-packages/airflow/example_dags/example_branch_python_dop_operator_3.py for tasks to queue
[2022-03-21 05:18:27,597] {logging_mixin.py:104} INFO - [2022-03-21 05:18:27,596] {dagbag.py:487} INFO - Filling up the DagBag from /home/airflow/sandbox/lib/python3.8/site-packages/airflow/example_dags/example_branch_python_dop_operator_3.py
[2022-03-21 05:18:27,621] {scheduler_job.py:643} INFO - DAG(s) dict_keys(['example_branch_dop_operator_v3']) retrieved from /home/airflow/sandbox/lib/python3.8/site-packages/airflow/example_dags/example_branch_python_dop_operator_3.py
[2022-03-21 05:18:27,657] {logging_mixin.py:104} INFO - [2022-03-21 05:18:27,657] {dag.py:1832} INFO - Sync 1 DAGs
[2022-03-21 05:18:27,712] {logging_mixin.py:104} INFO - [2022-03-21 05:18:27,712] {dag.py:2305} INFO - Setting next_dagrun for example_branch_dop_operator_v3 to 2022-03-19 00:00:00+00:00
[2022-03-21 05:18:27,765] {scheduler_job.py:190} INFO - Processing /home/airflow/sandbox/lib/python3.8/site-packages/airflow/example_dags/example_branch_python_dop_operator_3.py took 0.187 seconds
[2022-03-21 05:19:16,791] {scheduler_job.py:182} INFO - Started process (PID=9277) to work on /home/airflow/sandbox/lib/python3.8/site-packages/airflow/example_dags/example_branch_python_dop_operator_3.py
[2022-03-21 05:19:16,793] {scheduler_job.py:633} INFO - Processing file /home/airflow/sandbox/lib/python3.8/site-packages/airflow/example_dags/example_branch_python_dop_operator_3.py for tasks to queue
[2022-03-21 05:19:16,796] {logging_mixin.py:104} INFO - [2022-03-21 05:19:16,796] {dagbag.py:487} INFO - Filling up the DagBag from /home/airflow/sandbox/lib/python3.8/site-packages/airflow/example_dags/example_branch_python_dop_operator_3.py
[2022-03-21 05:19:16,817] {scheduler_job.py:643} INFO - DAG(s) dict_keys(['example_branch_dop_operator_v3']) retrieved from /home/airflow/sandbox/lib/python3.8/site-packages/airflow/example_dags/example_branch_python_dop_operator_3.py
[2022-03-21 05:19:16,848] {logging_mixin.py:104} INFO - [2022-03-21 05:19:16,848] {dag.py:1832} INFO - Sync 1 DAGs
[2022-03-21 05:19:16,892] {logging_mixin.py:104} INFO - [2022-03-21 05:19:16,890] {dag.py:2305} INFO - Setting next_dagrun for example_branch_dop_operator_v3 to 2022-03-19 00:00:00+00:00
[2022-03-21 05:19:16,938] {scheduler_job.py:190} INFO - Processing /home/airflow/sandbox/lib/python3.8/site-packages/airflow/example_dags/example_branch_python_dop_operator_3.py took 0.153 seconds
[2022-03-21 05:20:13,957] {scheduler_job.py:182} INFO - Started process (PID=9321) to work on /home/airflow/sandbox/lib/python3.8/site-packages/airflow/example_dags/example_branch_python_dop_operator_3.py
[2022-03-21 05:20:13,961] {scheduler_job.py:633} INFO - Processing file /home/airflow/sandbox/lib/python3.8/site-packages/airflow/example_dags/example_branch_python_dop_operator_3.py for tasks to queue
[2022-03-21 05:20:13,962] {logging_mixin.py:104} INFO - [2022-03-21 05:20:13,962] {dagbag.py:487} INFO - Filling up the DagBag from /home/airflow/sandbox/lib/python3.8/site-packages/airflow/example_dags/example_branch_python_dop_operator_3.py
[2022-03-21 05:20:13,986] {scheduler_job.py:643} INFO - DAG(s) dict_keys(['example_branch_dop_operator_v3']) retrieved from /home/airflow/sandbox/lib/python3.8/site-packages/airflow/example_dags/example_branch_python_dop_operator_3.py
[2022-03-21 05:20:14,033] {logging_mixin.py:104} INFO - [2022-03-21 05:20:14,033] {dag.py:1832} INFO - Sync 1 DAGs
[2022-03-21 05:20:14,125] {logging_mixin.py:104} INFO - [2022-03-21 05:20:14,125] {dag.py:2305} INFO - Setting next_dagrun for example_branch_dop_operator_v3 to 2022-03-19 00:00:00+00:00
[2022-03-21 05:20:14,166] {scheduler_job.py:190} INFO - Processing /home/airflow/sandbox/lib/python3.8/site-packages/airflow/example_dags/example_branch_python_dop_operator_3.py took 0.215 seconds
[2022-03-21 05:21:00,024] {scheduler_job.py:182} INFO - Started process (PID=9411) to work on /home/airflow/sandbox/lib/python3.8/site-packages/airflow/example_dags/example_branch_python_dop_operator_3.py
[2022-03-21 05:21:00,028] {scheduler_job.py:633} INFO - Processing file /home/airflow/sandbox/lib/python3.8/site-packages/airflow/example_dags/example_branch_python_dop_operator_3.py for tasks to queue
[2022-03-21 05:21:00,032] {logging_mixin.py:104} INFO - [2022-03-21 05:21:00,032] {dagbag.py:487} INFO - Filling up the DagBag from /home/airflow/sandbox/lib/python3.8/site-packages/airflow/example_dags/example_branch_python_dop_operator_3.py
[2022-03-21 05:21:00,066] {scheduler_job.py:643} INFO - DAG(s) dict_keys(['example_branch_dop_operator_v3']) retrieved from /home/airflow/sandbox/lib/python3.8/site-packages/airflow/example_dags/example_branch_python_dop_operator_3.py
[2022-03-21 05:21:00,145] {logging_mixin.py:104} INFO - [2022-03-21 05:21:00,144] {dag.py:1832} INFO - Sync 1 DAGs
[2022-03-21 05:21:00,262] {logging_mixin.py:104} INFO - [2022-03-21 05:21:00,261] {dag.py:2305} INFO - Setting next_dagrun for example_branch_dop_operator_v3 to 2022-03-19 00:00:00+00:00
[2022-03-21 05:21:00,322] {scheduler_job.py:190} INFO - Processing /home/airflow/sandbox/lib/python3.8/site-packages/airflow/example_dags/example_branch_python_dop_operator_3.py took 0.313 seconds
[2022-03-21 05:21:52,222] {scheduler_job.py:182} INFO - Started process (PID=9446) to work on /home/airflow/sandbox/lib/python3.8/site-packages/airflow/example_dags/example_branch_python_dop_operator_3.py
[2022-03-21 05:21:52,224] {scheduler_job.py:633} INFO - Processing file /home/airflow/sandbox/lib/python3.8/site-packages/airflow/example_dags/example_branch_python_dop_operator_3.py for tasks to queue
[2022-03-21 05:21:52,228] {logging_mixin.py:104} INFO - [2022-03-21 05:21:52,228] {dagbag.py:487} INFO - Filling up the DagBag from /home/airflow/sandbox/lib/python3.8/site-packages/airflow/example_dags/example_branch_python_dop_operator_3.py
[2022-03-21 05:21:52,246] {scheduler_job.py:643} INFO - DAG(s) dict_keys(['example_branch_dop_operator_v3']) retrieved from /home/airflow/sandbox/lib/python3.8/site-packages/airflow/example_dags/example_branch_python_dop_operator_3.py
[2022-03-21 05:21:52,278] {logging_mixin.py:104} INFO - [2022-03-21 05:21:52,278] {dag.py:1832} INFO - Sync 1 DAGs
[2022-03-21 05:21:52,328] {logging_mixin.py:104} INFO - [2022-03-21 05:21:52,328] {dag.py:2305} INFO - Setting next_dagrun for example_branch_dop_operator_v3 to 2022-03-19 00:00:00+00:00
[2022-03-21 05:21:52,395] {scheduler_job.py:190} INFO - Processing /home/airflow/sandbox/lib/python3.8/site-packages/airflow/example_dags/example_branch_python_dop_operator_3.py took 0.181 seconds
[2022-03-21 05:22:48,267] {scheduler_job.py:182} INFO - Started process (PID=9490) to work on /home/airflow/sandbox/lib/python3.8/site-packages/airflow/example_dags/example_branch_python_dop_operator_3.py
[2022-03-21 05:22:48,271] {scheduler_job.py:633} INFO - Processing file /home/airflow/sandbox/lib/python3.8/site-packages/airflow/example_dags/example_branch_python_dop_operator_3.py for tasks to queue
[2022-03-21 05:22:48,277] {logging_mixin.py:104} INFO - [2022-03-21 05:22:48,277] {dagbag.py:487} INFO - Filling up the DagBag from /home/airflow/sandbox/lib/python3.8/site-packages/airflow/example_dags/example_branch_python_dop_operator_3.py
[2022-03-21 05:22:48,354] {scheduler_job.py:643} INFO - DAG(s) dict_keys(['example_branch_dop_operator_v3']) retrieved from /home/airflow/sandbox/lib/python3.8/site-packages/airflow/example_dags/example_branch_python_dop_operator_3.py
[2022-03-21 05:22:48,452] {logging_mixin.py:104} INFO - [2022-03-21 05:22:48,452] {dag.py:1832} INFO - Sync 1 DAGs
[2022-03-21 05:22:48,494] {logging_mixin.py:104} INFO - [2022-03-21 05:22:48,494] {dag.py:2305} INFO - Setting next_dagrun for example_branch_dop_operator_v3 to 2022-03-19 00:00:00+00:00
[2022-03-21 05:22:48,532] {scheduler_job.py:190} INFO - Processing /home/airflow/sandbox/lib/python3.8/site-packages/airflow/example_dags/example_branch_python_dop_operator_3.py took 0.283 seconds
[2022-03-21 05:23:43,550] {scheduler_job.py:182} INFO - Started process (PID=9534) to work on /home/airflow/sandbox/lib/python3.8/site-packages/airflow/example_dags/example_branch_python_dop_operator_3.py
[2022-03-21 05:23:43,553] {scheduler_job.py:633} INFO - Processing file /home/airflow/sandbox/lib/python3.8/site-packages/airflow/example_dags/example_branch_python_dop_operator_3.py for tasks to queue
[2022-03-21 05:23:43,554] {logging_mixin.py:104} INFO - [2022-03-21 05:23:43,554] {dagbag.py:487} INFO - Filling up the DagBag from /home/airflow/sandbox/lib/python3.8/site-packages/airflow/example_dags/example_branch_python_dop_operator_3.py
[2022-03-21 05:23:43,572] {scheduler_job.py:643} INFO - DAG(s) dict_keys(['example_branch_dop_operator_v3']) retrieved from /home/airflow/sandbox/lib/python3.8/site-packages/airflow/example_dags/example_branch_python_dop_operator_3.py
[2022-03-21 05:23:43,603] {logging_mixin.py:104} INFO - [2022-03-21 05:23:43,602] {dag.py:1832} INFO - Sync 1 DAGs
[2022-03-21 05:23:43,647] {logging_mixin.py:104} INFO - [2022-03-21 05:23:43,646] {dag.py:2305} INFO - Setting next_dagrun for example_branch_dop_operator_v3 to 2022-03-19 00:00:00+00:00
[2022-03-21 05:23:43,680] {scheduler_job.py:190} INFO - Processing /home/airflow/sandbox/lib/python3.8/site-packages/airflow/example_dags/example_branch_python_dop_operator_3.py took 0.135 seconds
[2022-03-21 05:24:32,019] {scheduler_job.py:182} INFO - Started process (PID=9571) to work on /home/airflow/sandbox/lib/python3.8/site-packages/airflow/example_dags/example_branch_python_dop_operator_3.py
[2022-03-21 05:24:32,021] {scheduler_job.py:633} INFO - Processing file /home/airflow/sandbox/lib/python3.8/site-packages/airflow/example_dags/example_branch_python_dop_operator_3.py for tasks to queue
[2022-03-21 05:24:32,022] {logging_mixin.py:104} INFO - [2022-03-21 05:24:32,022] {dagbag.py:487} INFO - Filling up the DagBag from /home/airflow/sandbox/lib/python3.8/site-packages/airflow/example_dags/example_branch_python_dop_operator_3.py
[2022-03-21 05:24:32,054] {scheduler_job.py:643} INFO - DAG(s) dict_keys(['example_branch_dop_operator_v3']) retrieved from /home/airflow/sandbox/lib/python3.8/site-packages/airflow/example_dags/example_branch_python_dop_operator_3.py
[2022-03-21 05:24:32,081] {logging_mixin.py:104} INFO - [2022-03-21 05:24:32,081] {dag.py:1832} INFO - Sync 1 DAGs
[2022-03-21 05:24:32,121] {logging_mixin.py:104} INFO - [2022-03-21 05:24:32,121] {dag.py:2305} INFO - Setting next_dagrun for example_branch_dop_operator_v3 to 2022-03-19 00:00:00+00:00
[2022-03-21 05:24:32,261] {scheduler_job.py:190} INFO - Processing /home/airflow/sandbox/lib/python3.8/site-packages/airflow/example_dags/example_branch_python_dop_operator_3.py took 0.251 seconds
[2022-03-21 05:25:18,950] {scheduler_job.py:182} INFO - Started process (PID=9605) to work on /home/airflow/sandbox/lib/python3.8/site-packages/airflow/example_dags/example_branch_python_dop_operator_3.py
[2022-03-21 05:25:18,952] {scheduler_job.py:633} INFO - Processing file /home/airflow/sandbox/lib/python3.8/site-packages/airflow/example_dags/example_branch_python_dop_operator_3.py for tasks to queue
[2022-03-21 05:25:18,953] {logging_mixin.py:104} INFO - [2022-03-21 05:25:18,953] {dagbag.py:487} INFO - Filling up the DagBag from /home/airflow/sandbox/lib/python3.8/site-packages/airflow/example_dags/example_branch_python_dop_operator_3.py
[2022-03-21 05:25:18,971] {scheduler_job.py:643} INFO - DAG(s) dict_keys(['example_branch_dop_operator_v3']) retrieved from /home/airflow/sandbox/lib/python3.8/site-packages/airflow/example_dags/example_branch_python_dop_operator_3.py
[2022-03-21 05:25:19,003] {logging_mixin.py:104} INFO - [2022-03-21 05:25:19,003] {dag.py:1832} INFO - Sync 1 DAGs
[2022-03-21 05:25:19,047] {logging_mixin.py:104} INFO - [2022-03-21 05:25:19,046] {dag.py:2305} INFO - Setting next_dagrun for example_branch_dop_operator_v3 to 2022-03-19 00:00:00+00:00
[2022-03-21 05:25:19,186] {scheduler_job.py:190} INFO - Processing /home/airflow/sandbox/lib/python3.8/site-packages/airflow/example_dags/example_branch_python_dop_operator_3.py took 0.249 seconds
[2022-03-21 05:26:04,018] {scheduler_job.py:182} INFO - Started process (PID=9695) to work on /home/airflow/sandbox/lib/python3.8/site-packages/airflow/example_dags/example_branch_python_dop_operator_3.py
[2022-03-21 05:26:04,020] {scheduler_job.py:633} INFO - Processing file /home/airflow/sandbox/lib/python3.8/site-packages/airflow/example_dags/example_branch_python_dop_operator_3.py for tasks to queue
[2022-03-21 05:26:04,021] {logging_mixin.py:104} INFO - [2022-03-21 05:26:04,021] {dagbag.py:487} INFO - Filling up the DagBag from /home/airflow/sandbox/lib/python3.8/site-packages/airflow/example_dags/example_branch_python_dop_operator_3.py
[2022-03-21 05:26:04,040] {scheduler_job.py:643} INFO - DAG(s) dict_keys(['example_branch_dop_operator_v3']) retrieved from /home/airflow/sandbox/lib/python3.8/site-packages/airflow/example_dags/example_branch_python_dop_operator_3.py
[2022-03-21 05:26:04,073] {logging_mixin.py:104} INFO - [2022-03-21 05:26:04,073] {dag.py:1832} INFO - Sync 1 DAGs
[2022-03-21 05:26:04,221] {logging_mixin.py:104} INFO - [2022-03-21 05:26:04,221] {dag.py:2305} INFO - Setting next_dagrun for example_branch_dop_operator_v3 to 2022-03-19 00:00:00+00:00
[2022-03-21 05:26:04,272] {scheduler_job.py:190} INFO - Processing /home/airflow/sandbox/lib/python3.8/site-packages/airflow/example_dags/example_branch_python_dop_operator_3.py took 0.261 seconds
[2022-03-21 05:26:56,310] {scheduler_job.py:182} INFO - Started process (PID=9732) to work on /home/airflow/sandbox/lib/python3.8/site-packages/airflow/example_dags/example_branch_python_dop_operator_3.py
[2022-03-21 05:26:56,314] {scheduler_job.py:633} INFO - Processing file /home/airflow/sandbox/lib/python3.8/site-packages/airflow/example_dags/example_branch_python_dop_operator_3.py for tasks to queue
[2022-03-21 05:26:56,316] {logging_mixin.py:104} INFO - [2022-03-21 05:26:56,316] {dagbag.py:487} INFO - Filling up the DagBag from /home/airflow/sandbox/lib/python3.8/site-packages/airflow/example_dags/example_branch_python_dop_operator_3.py
[2022-03-21 05:26:56,341] {scheduler_job.py:643} INFO - DAG(s) dict_keys(['example_branch_dop_operator_v3']) retrieved from /home/airflow/sandbox/lib/python3.8/site-packages/airflow/example_dags/example_branch_python_dop_operator_3.py
[2022-03-21 05:26:56,377] {logging_mixin.py:104} INFO - [2022-03-21 05:26:56,376] {dag.py:1832} INFO - Sync 1 DAGs
[2022-03-21 05:26:56,550] {logging_mixin.py:104} INFO - [2022-03-21 05:26:56,550] {dag.py:2305} INFO - Setting next_dagrun for example_branch_dop_operator_v3 to 2022-03-19 00:00:00+00:00
[2022-03-21 05:26:56,586] {scheduler_job.py:190} INFO - Processing /home/airflow/sandbox/lib/python3.8/site-packages/airflow/example_dags/example_branch_python_dop_operator_3.py took 0.282 seconds
[2022-03-21 05:27:48,938] {scheduler_job.py:182} INFO - Started process (PID=9768) to work on /home/airflow/sandbox/lib/python3.8/site-packages/airflow/example_dags/example_branch_python_dop_operator_3.py
[2022-03-21 05:27:48,942] {scheduler_job.py:633} INFO - Processing file /home/airflow/sandbox/lib/python3.8/site-packages/airflow/example_dags/example_branch_python_dop_operator_3.py for tasks to queue
[2022-03-21 05:27:48,943] {logging_mixin.py:104} INFO - [2022-03-21 05:27:48,943] {dagbag.py:487} INFO - Filling up the DagBag from /home/airflow/sandbox/lib/python3.8/site-packages/airflow/example_dags/example_branch_python_dop_operator_3.py
[2022-03-21 05:27:48,971] {scheduler_job.py:643} INFO - DAG(s) dict_keys(['example_branch_dop_operator_v3']) retrieved from /home/airflow/sandbox/lib/python3.8/site-packages/airflow/example_dags/example_branch_python_dop_operator_3.py
[2022-03-21 05:27:49,127] {logging_mixin.py:104} INFO - [2022-03-21 05:27:49,127] {dag.py:1832} INFO - Sync 1 DAGs
[2022-03-21 05:27:49,174] {logging_mixin.py:104} INFO - [2022-03-21 05:27:49,174] {dag.py:2305} INFO - Setting next_dagrun for example_branch_dop_operator_v3 to 2022-03-19 00:00:00+00:00
[2022-03-21 05:27:49,207] {scheduler_job.py:190} INFO - Processing /home/airflow/sandbox/lib/python3.8/site-packages/airflow/example_dags/example_branch_python_dop_operator_3.py took 0.280 seconds
[2022-03-21 05:28:39,128] {scheduler_job.py:182} INFO - Started process (PID=9805) to work on /home/airflow/sandbox/lib/python3.8/site-packages/airflow/example_dags/example_branch_python_dop_operator_3.py
[2022-03-21 05:28:39,130] {scheduler_job.py:633} INFO - Processing file /home/airflow/sandbox/lib/python3.8/site-packages/airflow/example_dags/example_branch_python_dop_operator_3.py for tasks to queue
[2022-03-21 05:28:39,132] {logging_mixin.py:104} INFO - [2022-03-21 05:28:39,131] {dagbag.py:487} INFO - Filling up the DagBag from /home/airflow/sandbox/lib/python3.8/site-packages/airflow/example_dags/example_branch_python_dop_operator_3.py
[2022-03-21 05:28:39,284] {scheduler_job.py:643} INFO - DAG(s) dict_keys(['example_branch_dop_operator_v3']) retrieved from /home/airflow/sandbox/lib/python3.8/site-packages/airflow/example_dags/example_branch_python_dop_operator_3.py
[2022-03-21 05:28:39,342] {logging_mixin.py:104} INFO - [2022-03-21 05:28:39,342] {dag.py:1832} INFO - Sync 1 DAGs
[2022-03-21 05:28:39,420] {logging_mixin.py:104} INFO - [2022-03-21 05:28:39,420] {dag.py:2305} INFO - Setting next_dagrun for example_branch_dop_operator_v3 to 2022-03-19 00:00:00+00:00
[2022-03-21 05:28:39,459] {scheduler_job.py:190} INFO - Processing /home/airflow/sandbox/lib/python3.8/site-packages/airflow/example_dags/example_branch_python_dop_operator_3.py took 0.339 seconds
[2022-03-21 05:29:29,752] {scheduler_job.py:182} INFO - Started process (PID=9841) to work on /home/airflow/sandbox/lib/python3.8/site-packages/airflow/example_dags/example_branch_python_dop_operator_3.py
[2022-03-21 05:29:29,757] {scheduler_job.py:633} INFO - Processing file /home/airflow/sandbox/lib/python3.8/site-packages/airflow/example_dags/example_branch_python_dop_operator_3.py for tasks to queue
[2022-03-21 05:29:29,762] {logging_mixin.py:104} INFO - [2022-03-21 05:29:29,761] {dagbag.py:487} INFO - Filling up the DagBag from /home/airflow/sandbox/lib/python3.8/site-packages/airflow/example_dags/example_branch_python_dop_operator_3.py
[2022-03-21 05:29:29,921] {scheduler_job.py:643} INFO - DAG(s) dict_keys(['example_branch_dop_operator_v3']) retrieved from /home/airflow/sandbox/lib/python3.8/site-packages/airflow/example_dags/example_branch_python_dop_operator_3.py
[2022-03-21 05:29:29,948] {logging_mixin.py:104} INFO - [2022-03-21 05:29:29,948] {dag.py:1832} INFO - Sync 1 DAGs
[2022-03-21 05:29:29,993] {logging_mixin.py:104} INFO - [2022-03-21 05:29:29,992] {dag.py:2305} INFO - Setting next_dagrun for example_branch_dop_operator_v3 to 2022-03-19 00:00:00+00:00
[2022-03-21 05:29:30,030] {scheduler_job.py:190} INFO - Processing /home/airflow/sandbox/lib/python3.8/site-packages/airflow/example_dags/example_branch_python_dop_operator_3.py took 0.286 seconds
[2022-03-21 05:30:21,296] {scheduler_job.py:182} INFO - Started process (PID=9877) to work on /home/airflow/sandbox/lib/python3.8/site-packages/airflow/example_dags/example_branch_python_dop_operator_3.py
[2022-03-21 05:30:21,298] {scheduler_job.py:633} INFO - Processing file /home/airflow/sandbox/lib/python3.8/site-packages/airflow/example_dags/example_branch_python_dop_operator_3.py for tasks to queue
[2022-03-21 05:30:21,300] {logging_mixin.py:104} INFO - [2022-03-21 05:30:21,300] {dagbag.py:487} INFO - Filling up the DagBag from /home/airflow/sandbox/lib/python3.8/site-packages/airflow/example_dags/example_branch_python_dop_operator_3.py
[2022-03-21 05:30:21,456] {scheduler_job.py:643} INFO - DAG(s) dict_keys(['example_branch_dop_operator_v3']) retrieved from /home/airflow/sandbox/lib/python3.8/site-packages/airflow/example_dags/example_branch_python_dop_operator_3.py
[2022-03-21 05:30:21,487] {logging_mixin.py:104} INFO - [2022-03-21 05:30:21,487] {dag.py:1832} INFO - Sync 1 DAGs
[2022-03-21 05:30:21,533] {logging_mixin.py:104} INFO - [2022-03-21 05:30:21,532] {dag.py:2305} INFO - Setting next_dagrun for example_branch_dop_operator_v3 to 2022-03-19 00:00:00+00:00
[2022-03-21 05:30:21,568] {scheduler_job.py:190} INFO - Processing /home/airflow/sandbox/lib/python3.8/site-packages/airflow/example_dags/example_branch_python_dop_operator_3.py took 0.280 seconds
[2022-03-21 05:31:20,435] {scheduler_job.py:182} INFO - Started process (PID=9976) to work on /home/airflow/sandbox/lib/python3.8/site-packages/airflow/example_dags/example_branch_python_dop_operator_3.py
[2022-03-21 05:31:20,437] {scheduler_job.py:633} INFO - Processing file /home/airflow/sandbox/lib/python3.8/site-packages/airflow/example_dags/example_branch_python_dop_operator_3.py for tasks to queue
[2022-03-21 05:31:20,438] {logging_mixin.py:104} INFO - [2022-03-21 05:31:20,438] {dagbag.py:487} INFO - Filling up the DagBag from /home/airflow/sandbox/lib/python3.8/site-packages/airflow/example_dags/example_branch_python_dop_operator_3.py
[2022-03-21 05:31:20,460] {scheduler_job.py:643} INFO - DAG(s) dict_keys(['example_branch_dop_operator_v3']) retrieved from /home/airflow/sandbox/lib/python3.8/site-packages/airflow/example_dags/example_branch_python_dop_operator_3.py
[2022-03-21 05:31:20,498] {logging_mixin.py:104} INFO - [2022-03-21 05:31:20,497] {dag.py:1832} INFO - Sync 1 DAGs
[2022-03-21 05:31:20,542] {logging_mixin.py:104} INFO - [2022-03-21 05:31:20,542] {dag.py:2305} INFO - Setting next_dagrun for example_branch_dop_operator_v3 to 2022-03-19 00:00:00+00:00
[2022-03-21 05:31:20,605] {scheduler_job.py:190} INFO - Processing /home/airflow/sandbox/lib/python3.8/site-packages/airflow/example_dags/example_branch_python_dop_operator_3.py took 0.180 seconds
[2022-03-21 05:32:15,880] {scheduler_job.py:182} INFO - Started process (PID=10019) to work on /home/airflow/sandbox/lib/python3.8/site-packages/airflow/example_dags/example_branch_python_dop_operator_3.py
[2022-03-21 05:32:15,883] {scheduler_job.py:633} INFO - Processing file /home/airflow/sandbox/lib/python3.8/site-packages/airflow/example_dags/example_branch_python_dop_operator_3.py for tasks to queue
[2022-03-21 05:32:15,884] {logging_mixin.py:104} INFO - [2022-03-21 05:32:15,884] {dagbag.py:487} INFO - Filling up the DagBag from /home/airflow/sandbox/lib/python3.8/site-packages/airflow/example_dags/example_branch_python_dop_operator_3.py
[2022-03-21 05:32:15,903] {scheduler_job.py:643} INFO - DAG(s) dict_keys(['example_branch_dop_operator_v3']) retrieved from /home/airflow/sandbox/lib/python3.8/site-packages/airflow/example_dags/example_branch_python_dop_operator_3.py
[2022-03-21 05:32:15,935] {logging_mixin.py:104} INFO - [2022-03-21 05:32:15,934] {dag.py:1832} INFO - Sync 1 DAGs
[2022-03-21 05:32:15,979] {logging_mixin.py:104} INFO - [2022-03-21 05:32:15,979] {dag.py:2305} INFO - Setting next_dagrun for example_branch_dop_operator_v3 to 2022-03-19 00:00:00+00:00
[2022-03-21 05:32:16,012] {scheduler_job.py:190} INFO - Processing /home/airflow/sandbox/lib/python3.8/site-packages/airflow/example_dags/example_branch_python_dop_operator_3.py took 0.138 seconds
[2022-03-21 05:33:14,421] {scheduler_job.py:182} INFO - Started process (PID=10064) to work on /home/airflow/sandbox/lib/python3.8/site-packages/airflow/example_dags/example_branch_python_dop_operator_3.py
[2022-03-21 05:33:14,423] {scheduler_job.py:633} INFO - Processing file /home/airflow/sandbox/lib/python3.8/site-packages/airflow/example_dags/example_branch_python_dop_operator_3.py for tasks to queue
[2022-03-21 05:33:14,424] {logging_mixin.py:104} INFO - [2022-03-21 05:33:14,424] {dagbag.py:487} INFO - Filling up the DagBag from /home/airflow/sandbox/lib/python3.8/site-packages/airflow/example_dags/example_branch_python_dop_operator_3.py
[2022-03-21 05:33:14,452] {scheduler_job.py:643} INFO - DAG(s) dict_keys(['example_branch_dop_operator_v3']) retrieved from /home/airflow/sandbox/lib/python3.8/site-packages/airflow/example_dags/example_branch_python_dop_operator_3.py
[2022-03-21 05:33:14,480] {logging_mixin.py:104} INFO - [2022-03-21 05:33:14,480] {dag.py:1832} INFO - Sync 1 DAGs
[2022-03-21 05:33:14,525] {logging_mixin.py:104} INFO - [2022-03-21 05:33:14,525] {dag.py:2305} INFO - Setting next_dagrun for example_branch_dop_operator_v3 to 2022-03-19 00:00:00+00:00
[2022-03-21 05:33:14,589] {scheduler_job.py:190} INFO - Processing /home/airflow/sandbox/lib/python3.8/site-packages/airflow/example_dags/example_branch_python_dop_operator_3.py took 0.174 seconds
[2022-03-21 05:34:11,805] {scheduler_job.py:182} INFO - Started process (PID=10106) to work on /home/airflow/sandbox/lib/python3.8/site-packages/airflow/example_dags/example_branch_python_dop_operator_3.py
[2022-03-21 05:34:11,807] {scheduler_job.py:633} INFO - Processing file /home/airflow/sandbox/lib/python3.8/site-packages/airflow/example_dags/example_branch_python_dop_operator_3.py for tasks to queue
[2022-03-21 05:34:11,808] {logging_mixin.py:104} INFO - [2022-03-21 05:34:11,808] {dagbag.py:487} INFO - Filling up the DagBag from /home/airflow/sandbox/lib/python3.8/site-packages/airflow/example_dags/example_branch_python_dop_operator_3.py
[2022-03-21 05:34:11,826] {scheduler_job.py:643} INFO - DAG(s) dict_keys(['example_branch_dop_operator_v3']) retrieved from /home/airflow/sandbox/lib/python3.8/site-packages/airflow/example_dags/example_branch_python_dop_operator_3.py
[2022-03-21 05:34:11,859] {logging_mixin.py:104} INFO - [2022-03-21 05:34:11,858] {dag.py:1832} INFO - Sync 1 DAGs
[2022-03-21 05:34:11,902] {logging_mixin.py:104} INFO - [2022-03-21 05:34:11,901] {dag.py:2305} INFO - Setting next_dagrun for example_branch_dop_operator_v3 to 2022-03-19 00:00:00+00:00
[2022-03-21 05:34:11,937] {scheduler_job.py:190} INFO - Processing /home/airflow/sandbox/lib/python3.8/site-packages/airflow/example_dags/example_branch_python_dop_operator_3.py took 0.139 seconds
[2022-03-21 05:34:57,889] {scheduler_job.py:182} INFO - Started process (PID=10140) to work on /home/airflow/sandbox/lib/python3.8/site-packages/airflow/example_dags/example_branch_python_dop_operator_3.py
[2022-03-21 05:34:57,893] {scheduler_job.py:633} INFO - Processing file /home/airflow/sandbox/lib/python3.8/site-packages/airflow/example_dags/example_branch_python_dop_operator_3.py for tasks to queue
[2022-03-21 05:34:57,895] {logging_mixin.py:104} INFO - [2022-03-21 05:34:57,894] {dagbag.py:487} INFO - Filling up the DagBag from /home/airflow/sandbox/lib/python3.8/site-packages/airflow/example_dags/example_branch_python_dop_operator_3.py
[2022-03-21 05:34:57,920] {scheduler_job.py:643} INFO - DAG(s) dict_keys(['example_branch_dop_operator_v3']) retrieved from /home/airflow/sandbox/lib/python3.8/site-packages/airflow/example_dags/example_branch_python_dop_operator_3.py
[2022-03-21 05:34:57,953] {logging_mixin.py:104} INFO - [2022-03-21 05:34:57,952] {dag.py:1832} INFO - Sync 1 DAGs
[2022-03-21 05:34:57,995] {logging_mixin.py:104} INFO - [2022-03-21 05:34:57,994] {dag.py:2305} INFO - Setting next_dagrun for example_branch_dop_operator_v3 to 2022-03-19 00:00:00+00:00
[2022-03-21 05:34:58,030] {scheduler_job.py:190} INFO - Processing /home/airflow/sandbox/lib/python3.8/site-packages/airflow/example_dags/example_branch_python_dop_operator_3.py took 0.147 seconds
[2022-03-21 05:35:44,666] {scheduler_job.py:182} INFO - Started process (PID=10231) to work on /home/airflow/sandbox/lib/python3.8/site-packages/airflow/example_dags/example_branch_python_dop_operator_3.py
[2022-03-21 05:35:44,669] {scheduler_job.py:633} INFO - Processing file /home/airflow/sandbox/lib/python3.8/site-packages/airflow/example_dags/example_branch_python_dop_operator_3.py for tasks to queue
[2022-03-21 05:35:44,671] {logging_mixin.py:104} INFO - [2022-03-21 05:35:44,670] {dagbag.py:487} INFO - Filling up the DagBag from /home/airflow/sandbox/lib/python3.8/site-packages/airflow/example_dags/example_branch_python_dop_operator_3.py
[2022-03-21 05:35:44,720] {scheduler_job.py:643} INFO - DAG(s) dict_keys(['example_branch_dop_operator_v3']) retrieved from /home/airflow/sandbox/lib/python3.8/site-packages/airflow/example_dags/example_branch_python_dop_operator_3.py
[2022-03-21 05:35:44,785] {logging_mixin.py:104} INFO - [2022-03-21 05:35:44,785] {dag.py:1832} INFO - Sync 1 DAGs
[2022-03-21 05:35:44,901] {logging_mixin.py:104} INFO - [2022-03-21 05:35:44,901] {dag.py:2305} INFO - Setting next_dagrun for example_branch_dop_operator_v3 to 2022-03-19 00:00:00+00:00
[2022-03-21 05:35:44,952] {scheduler_job.py:190} INFO - Processing /home/airflow/sandbox/lib/python3.8/site-packages/airflow/example_dags/example_branch_python_dop_operator_3.py took 0.293 seconds
[2022-03-21 05:36:32,818] {scheduler_job.py:182} INFO - Started process (PID=10265) to work on /home/airflow/sandbox/lib/python3.8/site-packages/airflow/example_dags/example_branch_python_dop_operator_3.py
[2022-03-21 05:36:32,821] {scheduler_job.py:633} INFO - Processing file /home/airflow/sandbox/lib/python3.8/site-packages/airflow/example_dags/example_branch_python_dop_operator_3.py for tasks to queue
[2022-03-21 05:36:32,823] {logging_mixin.py:104} INFO - [2022-03-21 05:36:32,822] {dagbag.py:487} INFO - Filling up the DagBag from /home/airflow/sandbox/lib/python3.8/site-packages/airflow/example_dags/example_branch_python_dop_operator_3.py
[2022-03-21 05:36:32,845] {scheduler_job.py:643} INFO - DAG(s) dict_keys(['example_branch_dop_operator_v3']) retrieved from /home/airflow/sandbox/lib/python3.8/site-packages/airflow/example_dags/example_branch_python_dop_operator_3.py
[2022-03-21 05:36:32,876] {logging_mixin.py:104} INFO - [2022-03-21 05:36:32,876] {dag.py:1832} INFO - Sync 1 DAGs
[2022-03-21 05:36:32,924] {logging_mixin.py:104} INFO - [2022-03-21 05:36:32,924] {dag.py:2305} INFO - Setting next_dagrun for example_branch_dop_operator_v3 to 2022-03-19 00:00:00+00:00
[2022-03-21 05:36:32,964] {scheduler_job.py:190} INFO - Processing /home/airflow/sandbox/lib/python3.8/site-packages/airflow/example_dags/example_branch_python_dop_operator_3.py took 0.153 seconds
[2022-03-21 05:37:17,484] {scheduler_job.py:182} INFO - Started process (PID=10298) to work on /home/airflow/sandbox/lib/python3.8/site-packages/airflow/example_dags/example_branch_python_dop_operator_3.py
[2022-03-21 05:37:17,486] {scheduler_job.py:633} INFO - Processing file /home/airflow/sandbox/lib/python3.8/site-packages/airflow/example_dags/example_branch_python_dop_operator_3.py for tasks to queue
[2022-03-21 05:37:17,488] {logging_mixin.py:104} INFO - [2022-03-21 05:37:17,487] {dagbag.py:487} INFO - Filling up the DagBag from /home/airflow/sandbox/lib/python3.8/site-packages/airflow/example_dags/example_branch_python_dop_operator_3.py
[2022-03-21 05:37:17,510] {scheduler_job.py:643} INFO - DAG(s) dict_keys(['example_branch_dop_operator_v3']) retrieved from /home/airflow/sandbox/lib/python3.8/site-packages/airflow/example_dags/example_branch_python_dop_operator_3.py
[2022-03-21 05:37:17,545] {logging_mixin.py:104} INFO - [2022-03-21 05:37:17,545] {dag.py:1832} INFO - Sync 1 DAGs
[2022-03-21 05:37:17,621] {logging_mixin.py:104} INFO - [2022-03-21 05:37:17,620] {dag.py:2305} INFO - Setting next_dagrun for example_branch_dop_operator_v3 to 2022-03-19 00:00:00+00:00
[2022-03-21 05:37:17,660] {scheduler_job.py:190} INFO - Processing /home/airflow/sandbox/lib/python3.8/site-packages/airflow/example_dags/example_branch_python_dop_operator_3.py took 0.183 seconds
[2022-03-21 05:38:01,712] {scheduler_job.py:182} INFO - Started process (PID=10332) to work on /home/airflow/sandbox/lib/python3.8/site-packages/airflow/example_dags/example_branch_python_dop_operator_3.py
[2022-03-21 05:38:01,715] {scheduler_job.py:633} INFO - Processing file /home/airflow/sandbox/lib/python3.8/site-packages/airflow/example_dags/example_branch_python_dop_operator_3.py for tasks to queue
[2022-03-21 05:38:01,718] {logging_mixin.py:104} INFO - [2022-03-21 05:38:01,718] {dagbag.py:487} INFO - Filling up the DagBag from /home/airflow/sandbox/lib/python3.8/site-packages/airflow/example_dags/example_branch_python_dop_operator_3.py
[2022-03-21 05:38:01,745] {scheduler_job.py:643} INFO - DAG(s) dict_keys(['example_branch_dop_operator_v3']) retrieved from /home/airflow/sandbox/lib/python3.8/site-packages/airflow/example_dags/example_branch_python_dop_operator_3.py
[2022-03-21 05:38:01,793] {logging_mixin.py:104} INFO - [2022-03-21 05:38:01,793] {dag.py:1832} INFO - Sync 1 DAGs
[2022-03-21 05:38:01,877] {logging_mixin.py:104} INFO - [2022-03-21 05:38:01,876] {dag.py:2305} INFO - Setting next_dagrun for example_branch_dop_operator_v3 to 2022-03-19 00:00:00+00:00
[2022-03-21 05:38:01,924] {scheduler_job.py:190} INFO - Processing /home/airflow/sandbox/lib/python3.8/site-packages/airflow/example_dags/example_branch_python_dop_operator_3.py took 0.223 seconds
[2022-03-21 05:38:57,082] {scheduler_job.py:182} INFO - Started process (PID=10376) to work on /home/airflow/sandbox/lib/python3.8/site-packages/airflow/example_dags/example_branch_python_dop_operator_3.py
[2022-03-21 05:38:57,091] {scheduler_job.py:633} INFO - Processing file /home/airflow/sandbox/lib/python3.8/site-packages/airflow/example_dags/example_branch_python_dop_operator_3.py for tasks to queue
[2022-03-21 05:38:57,092] {logging_mixin.py:104} INFO - [2022-03-21 05:38:57,092] {dagbag.py:487} INFO - Filling up the DagBag from /home/airflow/sandbox/lib/python3.8/site-packages/airflow/example_dags/example_branch_python_dop_operator_3.py
[2022-03-21 05:38:57,115] {scheduler_job.py:643} INFO - DAG(s) dict_keys(['example_branch_dop_operator_v3']) retrieved from /home/airflow/sandbox/lib/python3.8/site-packages/airflow/example_dags/example_branch_python_dop_operator_3.py
[2022-03-21 05:38:57,155] {logging_mixin.py:104} INFO - [2022-03-21 05:38:57,155] {dag.py:1832} INFO - Sync 1 DAGs
[2022-03-21 05:38:57,214] {logging_mixin.py:104} INFO - [2022-03-21 05:38:57,214] {dag.py:2305} INFO - Setting next_dagrun for example_branch_dop_operator_v3 to 2022-03-19 00:00:00+00:00
[2022-03-21 05:38:57,293] {scheduler_job.py:190} INFO - Processing /home/airflow/sandbox/lib/python3.8/site-packages/airflow/example_dags/example_branch_python_dop_operator_3.py took 0.217 seconds
[2022-03-21 05:39:47,889] {scheduler_job.py:182} INFO - Started process (PID=10412) to work on /home/airflow/sandbox/lib/python3.8/site-packages/airflow/example_dags/example_branch_python_dop_operator_3.py
[2022-03-21 05:39:47,891] {scheduler_job.py:633} INFO - Processing file /home/airflow/sandbox/lib/python3.8/site-packages/airflow/example_dags/example_branch_python_dop_operator_3.py for tasks to queue
[2022-03-21 05:39:47,892] {logging_mixin.py:104} INFO - [2022-03-21 05:39:47,892] {dagbag.py:487} INFO - Filling up the DagBag from /home/airflow/sandbox/lib/python3.8/site-packages/airflow/example_dags/example_branch_python_dop_operator_3.py
[2022-03-21 05:39:47,916] {scheduler_job.py:643} INFO - DAG(s) dict_keys(['example_branch_dop_operator_v3']) retrieved from /home/airflow/sandbox/lib/python3.8/site-packages/airflow/example_dags/example_branch_python_dop_operator_3.py
[2022-03-21 05:39:47,954] {logging_mixin.py:104} INFO - [2022-03-21 05:39:47,954] {dag.py:1832} INFO - Sync 1 DAGs
[2022-03-21 05:39:48,008] {logging_mixin.py:104} INFO - [2022-03-21 05:39:48,008] {dag.py:2305} INFO - Setting next_dagrun for example_branch_dop_operator_v3 to 2022-03-19 00:00:00+00:00
[2022-03-21 05:39:48,068] {scheduler_job.py:190} INFO - Processing /home/airflow/sandbox/lib/python3.8/site-packages/airflow/example_dags/example_branch_python_dop_operator_3.py took 0.187 seconds
[2022-03-21 05:40:37,065] {scheduler_job.py:182} INFO - Started process (PID=10506) to work on /home/airflow/sandbox/lib/python3.8/site-packages/airflow/example_dags/example_branch_python_dop_operator_3.py
[2022-03-21 05:40:37,070] {scheduler_job.py:633} INFO - Processing file /home/airflow/sandbox/lib/python3.8/site-packages/airflow/example_dags/example_branch_python_dop_operator_3.py for tasks to queue
[2022-03-21 05:40:37,073] {logging_mixin.py:104} INFO - [2022-03-21 05:40:37,073] {dagbag.py:487} INFO - Filling up the DagBag from /home/airflow/sandbox/lib/python3.8/site-packages/airflow/example_dags/example_branch_python_dop_operator_3.py
[2022-03-21 05:40:37,099] {scheduler_job.py:643} INFO - DAG(s) dict_keys(['example_branch_dop_operator_v3']) retrieved from /home/airflow/sandbox/lib/python3.8/site-packages/airflow/example_dags/example_branch_python_dop_operator_3.py
[2022-03-21 05:40:37,141] {logging_mixin.py:104} INFO - [2022-03-21 05:40:37,141] {dag.py:1832} INFO - Sync 1 DAGs
[2022-03-21 05:40:37,215] {logging_mixin.py:104} INFO - [2022-03-21 05:40:37,215] {dag.py:2305} INFO - Setting next_dagrun for example_branch_dop_operator_v3 to 2022-03-19 00:00:00+00:00
[2022-03-21 05:40:37,266] {scheduler_job.py:190} INFO - Processing /home/airflow/sandbox/lib/python3.8/site-packages/airflow/example_dags/example_branch_python_dop_operator_3.py took 0.208 seconds
[2022-03-21 05:41:22,901] {scheduler_job.py:182} INFO - Started process (PID=10541) to work on /home/airflow/sandbox/lib/python3.8/site-packages/airflow/example_dags/example_branch_python_dop_operator_3.py
[2022-03-21 05:41:22,904] {scheduler_job.py:633} INFO - Processing file /home/airflow/sandbox/lib/python3.8/site-packages/airflow/example_dags/example_branch_python_dop_operator_3.py for tasks to queue
[2022-03-21 05:41:22,906] {logging_mixin.py:104} INFO - [2022-03-21 05:41:22,906] {dagbag.py:487} INFO - Filling up the DagBag from /home/airflow/sandbox/lib/python3.8/site-packages/airflow/example_dags/example_branch_python_dop_operator_3.py
[2022-03-21 05:41:22,931] {scheduler_job.py:643} INFO - DAG(s) dict_keys(['example_branch_dop_operator_v3']) retrieved from /home/airflow/sandbox/lib/python3.8/site-packages/airflow/example_dags/example_branch_python_dop_operator_3.py
[2022-03-21 05:41:22,964] {logging_mixin.py:104} INFO - [2022-03-21 05:41:22,964] {dag.py:1832} INFO - Sync 1 DAGs
[2022-03-21 05:41:23,040] {logging_mixin.py:104} INFO - [2022-03-21 05:41:23,040] {dag.py:2305} INFO - Setting next_dagrun for example_branch_dop_operator_v3 to 2022-03-19 00:00:00+00:00
[2022-03-21 05:41:23,088] {scheduler_job.py:190} INFO - Processing /home/airflow/sandbox/lib/python3.8/site-packages/airflow/example_dags/example_branch_python_dop_operator_3.py took 0.198 seconds
[2022-03-21 05:42:10,550] {scheduler_job.py:182} INFO - Started process (PID=10575) to work on /home/airflow/sandbox/lib/python3.8/site-packages/airflow/example_dags/example_branch_python_dop_operator_3.py
[2022-03-21 05:42:10,554] {scheduler_job.py:633} INFO - Processing file /home/airflow/sandbox/lib/python3.8/site-packages/airflow/example_dags/example_branch_python_dop_operator_3.py for tasks to queue
[2022-03-21 05:42:10,556] {logging_mixin.py:104} INFO - [2022-03-21 05:42:10,555] {dagbag.py:487} INFO - Filling up the DagBag from /home/airflow/sandbox/lib/python3.8/site-packages/airflow/example_dags/example_branch_python_dop_operator_3.py
[2022-03-21 05:42:10,581] {scheduler_job.py:643} INFO - DAG(s) dict_keys(['example_branch_dop_operator_v3']) retrieved from /home/airflow/sandbox/lib/python3.8/site-packages/airflow/example_dags/example_branch_python_dop_operator_3.py
[2022-03-21 05:42:10,654] {logging_mixin.py:104} INFO - [2022-03-21 05:42:10,647] {dag.py:1832} INFO - Sync 1 DAGs
[2022-03-21 05:42:10,719] {logging_mixin.py:104} INFO - [2022-03-21 05:42:10,719] {dag.py:2305} INFO - Setting next_dagrun for example_branch_dop_operator_v3 to 2022-03-19 00:00:00+00:00
[2022-03-21 05:42:10,852] {scheduler_job.py:190} INFO - Processing /home/airflow/sandbox/lib/python3.8/site-packages/airflow/example_dags/example_branch_python_dop_operator_3.py took 0.308 seconds
[2022-03-21 05:42:57,908] {scheduler_job.py:182} INFO - Started process (PID=10609) to work on /home/airflow/sandbox/lib/python3.8/site-packages/airflow/example_dags/example_branch_python_dop_operator_3.py
[2022-03-21 05:42:57,911] {scheduler_job.py:633} INFO - Processing file /home/airflow/sandbox/lib/python3.8/site-packages/airflow/example_dags/example_branch_python_dop_operator_3.py for tasks to queue
[2022-03-21 05:42:57,912] {logging_mixin.py:104} INFO - [2022-03-21 05:42:57,912] {dagbag.py:487} INFO - Filling up the DagBag from /home/airflow/sandbox/lib/python3.8/site-packages/airflow/example_dags/example_branch_python_dop_operator_3.py
[2022-03-21 05:42:57,936] {scheduler_job.py:643} INFO - DAG(s) dict_keys(['example_branch_dop_operator_v3']) retrieved from /home/airflow/sandbox/lib/python3.8/site-packages/airflow/example_dags/example_branch_python_dop_operator_3.py
[2022-03-21 05:42:57,976] {logging_mixin.py:104} INFO - [2022-03-21 05:42:57,976] {dag.py:1832} INFO - Sync 1 DAGs
[2022-03-21 05:42:58,028] {logging_mixin.py:104} INFO - [2022-03-21 05:42:58,028] {dag.py:2305} INFO - Setting next_dagrun for example_branch_dop_operator_v3 to 2022-03-19 00:00:00+00:00
[2022-03-21 05:42:58,094] {scheduler_job.py:190} INFO - Processing /home/airflow/sandbox/lib/python3.8/site-packages/airflow/example_dags/example_branch_python_dop_operator_3.py took 0.194 seconds
[2022-03-21 05:43:55,636] {scheduler_job.py:182} INFO - Started process (PID=10649) to work on /home/airflow/sandbox/lib/python3.8/site-packages/airflow/example_dags/example_branch_python_dop_operator_3.py
[2022-03-21 05:43:55,640] {scheduler_job.py:633} INFO - Processing file /home/airflow/sandbox/lib/python3.8/site-packages/airflow/example_dags/example_branch_python_dop_operator_3.py for tasks to queue
[2022-03-21 05:43:55,645] {logging_mixin.py:104} INFO - [2022-03-21 05:43:55,644] {dagbag.py:487} INFO - Filling up the DagBag from /home/airflow/sandbox/lib/python3.8/site-packages/airflow/example_dags/example_branch_python_dop_operator_3.py
[2022-03-21 05:43:55,676] {scheduler_job.py:643} INFO - DAG(s) dict_keys(['example_branch_dop_operator_v3']) retrieved from /home/airflow/sandbox/lib/python3.8/site-packages/airflow/example_dags/example_branch_python_dop_operator_3.py
[2022-03-21 05:43:55,724] {logging_mixin.py:104} INFO - [2022-03-21 05:43:55,724] {dag.py:1832} INFO - Sync 1 DAGs
[2022-03-21 05:43:55,800] {logging_mixin.py:104} INFO - [2022-03-21 05:43:55,799] {dag.py:2305} INFO - Setting next_dagrun for example_branch_dop_operator_v3 to 2022-03-19 00:00:00+00:00
[2022-03-21 05:43:55,874] {scheduler_job.py:190} INFO - Processing /home/airflow/sandbox/lib/python3.8/site-packages/airflow/example_dags/example_branch_python_dop_operator_3.py took 0.247 seconds
[2022-03-21 05:44:50,355] {scheduler_job.py:182} INFO - Started process (PID=10687) to work on /home/airflow/sandbox/lib/python3.8/site-packages/airflow/example_dags/example_branch_python_dop_operator_3.py
[2022-03-21 05:44:50,363] {scheduler_job.py:633} INFO - Processing file /home/airflow/sandbox/lib/python3.8/site-packages/airflow/example_dags/example_branch_python_dop_operator_3.py for tasks to queue
[2022-03-21 05:44:50,366] {logging_mixin.py:104} INFO - [2022-03-21 05:44:50,365] {dagbag.py:487} INFO - Filling up the DagBag from /home/airflow/sandbox/lib/python3.8/site-packages/airflow/example_dags/example_branch_python_dop_operator_3.py
[2022-03-21 05:44:50,392] {scheduler_job.py:643} INFO - DAG(s) dict_keys(['example_branch_dop_operator_v3']) retrieved from /home/airflow/sandbox/lib/python3.8/site-packages/airflow/example_dags/example_branch_python_dop_operator_3.py
[2022-03-21 05:44:50,425] {logging_mixin.py:104} INFO - [2022-03-21 05:44:50,425] {dag.py:1832} INFO - Sync 1 DAGs
[2022-03-21 05:44:50,470] {logging_mixin.py:104} INFO - [2022-03-21 05:44:50,469] {dag.py:2305} INFO - Setting next_dagrun for example_branch_dop_operator_v3 to 2022-03-19 00:00:00+00:00
[2022-03-21 05:44:50,509] {scheduler_job.py:190} INFO - Processing /home/airflow/sandbox/lib/python3.8/site-packages/airflow/example_dags/example_branch_python_dop_operator_3.py took 0.161 seconds
[2022-03-21 05:45:39,119] {scheduler_job.py:182} INFO - Started process (PID=10778) to work on /home/airflow/sandbox/lib/python3.8/site-packages/airflow/example_dags/example_branch_python_dop_operator_3.py
[2022-03-21 05:45:39,124] {scheduler_job.py:633} INFO - Processing file /home/airflow/sandbox/lib/python3.8/site-packages/airflow/example_dags/example_branch_python_dop_operator_3.py for tasks to queue
[2022-03-21 05:45:39,125] {logging_mixin.py:104} INFO - [2022-03-21 05:45:39,125] {dagbag.py:487} INFO - Filling up the DagBag from /home/airflow/sandbox/lib/python3.8/site-packages/airflow/example_dags/example_branch_python_dop_operator_3.py
[2022-03-21 05:45:39,143] {scheduler_job.py:643} INFO - DAG(s) dict_keys(['example_branch_dop_operator_v3']) retrieved from /home/airflow/sandbox/lib/python3.8/site-packages/airflow/example_dags/example_branch_python_dop_operator_3.py
[2022-03-21 05:45:39,180] {logging_mixin.py:104} INFO - [2022-03-21 05:45:39,180] {dag.py:1832} INFO - Sync 1 DAGs
[2022-03-21 05:45:39,236] {logging_mixin.py:104} INFO - [2022-03-21 05:45:39,236] {dag.py:2305} INFO - Setting next_dagrun for example_branch_dop_operator_v3 to 2022-03-19 00:00:00+00:00
[2022-03-21 05:45:39,317] {scheduler_job.py:190} INFO - Processing /home/airflow/sandbox/lib/python3.8/site-packages/airflow/example_dags/example_branch_python_dop_operator_3.py took 0.220 seconds
[2022-03-21 05:47:12,822] {scheduler_job.py:182} INFO - Started process (PID=11468) to work on /home/airflow/sandbox/lib/python3.8/site-packages/airflow/example_dags/example_branch_python_dop_operator_3.py
[2022-03-21 05:47:12,825] {scheduler_job.py:633} INFO - Processing file /home/airflow/sandbox/lib/python3.8/site-packages/airflow/example_dags/example_branch_python_dop_operator_3.py for tasks to queue
[2022-03-21 05:47:12,826] {logging_mixin.py:104} INFO - [2022-03-21 05:47:12,826] {dagbag.py:487} INFO - Filling up the DagBag from /home/airflow/sandbox/lib/python3.8/site-packages/airflow/example_dags/example_branch_python_dop_operator_3.py
[2022-03-21 05:47:12,845] {scheduler_job.py:643} INFO - DAG(s) dict_keys(['example_branch_dop_operator_v3']) retrieved from /home/airflow/sandbox/lib/python3.8/site-packages/airflow/example_dags/example_branch_python_dop_operator_3.py
[2022-03-21 05:47:12,878] {logging_mixin.py:104} INFO - [2022-03-21 05:47:12,878] {dag.py:1832} INFO - Sync 1 DAGs
[2022-03-21 05:47:12,921] {logging_mixin.py:104} INFO - [2022-03-21 05:47:12,920] {dag.py:2305} INFO - Setting next_dagrun for example_branch_dop_operator_v3 to 2022-03-19 00:00:00+00:00
[2022-03-21 05:47:12,955] {scheduler_job.py:190} INFO - Processing /home/airflow/sandbox/lib/python3.8/site-packages/airflow/example_dags/example_branch_python_dop_operator_3.py took 0.143 seconds
[2022-03-21 05:48:10,022] {scheduler_job.py:182} INFO - Started process (PID=11806) to work on /home/airflow/sandbox/lib/python3.8/site-packages/airflow/example_dags/example_branch_python_dop_operator_3.py
[2022-03-21 05:48:10,028] {scheduler_job.py:633} INFO - Processing file /home/airflow/sandbox/lib/python3.8/site-packages/airflow/example_dags/example_branch_python_dop_operator_3.py for tasks to queue
[2022-03-21 05:48:10,029] {logging_mixin.py:104} INFO - [2022-03-21 05:48:10,029] {dagbag.py:487} INFO - Filling up the DagBag from /home/airflow/sandbox/lib/python3.8/site-packages/airflow/example_dags/example_branch_python_dop_operator_3.py
[2022-03-21 05:48:10,048] {scheduler_job.py:643} INFO - DAG(s) dict_keys(['example_branch_dop_operator_v3']) retrieved from /home/airflow/sandbox/lib/python3.8/site-packages/airflow/example_dags/example_branch_python_dop_operator_3.py
[2022-03-21 05:48:10,077] {logging_mixin.py:104} INFO - [2022-03-21 05:48:10,076] {dag.py:1832} INFO - Sync 1 DAGs
[2022-03-21 05:48:10,120] {logging_mixin.py:104} INFO - [2022-03-21 05:48:10,120] {dag.py:2305} INFO - Setting next_dagrun for example_branch_dop_operator_v3 to 2022-03-19 00:00:00+00:00
[2022-03-21 05:48:10,159] {scheduler_job.py:190} INFO - Processing /home/airflow/sandbox/lib/python3.8/site-packages/airflow/example_dags/example_branch_python_dop_operator_3.py took 0.143 seconds
[2022-03-21 05:48:58,512] {scheduler_job.py:182} INFO - Started process (PID=12036) to work on /home/airflow/sandbox/lib/python3.8/site-packages/airflow/example_dags/example_branch_python_dop_operator_3.py
[2022-03-21 05:48:58,515] {scheduler_job.py:633} INFO - Processing file /home/airflow/sandbox/lib/python3.8/site-packages/airflow/example_dags/example_branch_python_dop_operator_3.py for tasks to queue
[2022-03-21 05:48:58,516] {logging_mixin.py:104} INFO - [2022-03-21 05:48:58,516] {dagbag.py:487} INFO - Filling up the DagBag from /home/airflow/sandbox/lib/python3.8/site-packages/airflow/example_dags/example_branch_python_dop_operator_3.py
[2022-03-21 05:48:58,545] {scheduler_job.py:643} INFO - DAG(s) dict_keys(['example_branch_dop_operator_v3']) retrieved from /home/airflow/sandbox/lib/python3.8/site-packages/airflow/example_dags/example_branch_python_dop_operator_3.py
[2022-03-21 05:48:58,586] {logging_mixin.py:104} INFO - [2022-03-21 05:48:58,586] {dag.py:1832} INFO - Sync 1 DAGs
[2022-03-21 05:48:58,659] {logging_mixin.py:104} INFO - [2022-03-21 05:48:58,658] {dag.py:2305} INFO - Setting next_dagrun for example_branch_dop_operator_v3 to 2022-03-19 00:00:00+00:00
[2022-03-21 05:48:58,703] {scheduler_job.py:190} INFO - Processing /home/airflow/sandbox/lib/python3.8/site-packages/airflow/example_dags/example_branch_python_dop_operator_3.py took 0.202 seconds
[2022-03-21 05:49:47,349] {scheduler_job.py:182} INFO - Started process (PID=12111) to work on /home/airflow/sandbox/lib/python3.8/site-packages/airflow/example_dags/example_branch_python_dop_operator_3.py
[2022-03-21 05:49:47,352] {scheduler_job.py:633} INFO - Processing file /home/airflow/sandbox/lib/python3.8/site-packages/airflow/example_dags/example_branch_python_dop_operator_3.py for tasks to queue
[2022-03-21 05:49:47,353] {logging_mixin.py:104} INFO - [2022-03-21 05:49:47,353] {dagbag.py:487} INFO - Filling up the DagBag from /home/airflow/sandbox/lib/python3.8/site-packages/airflow/example_dags/example_branch_python_dop_operator_3.py
[2022-03-21 05:49:47,373] {scheduler_job.py:643} INFO - DAG(s) dict_keys(['example_branch_dop_operator_v3']) retrieved from /home/airflow/sandbox/lib/python3.8/site-packages/airflow/example_dags/example_branch_python_dop_operator_3.py
[2022-03-21 05:49:47,404] {logging_mixin.py:104} INFO - [2022-03-21 05:49:47,404] {dag.py:1832} INFO - Sync 1 DAGs
[2022-03-21 05:49:47,448] {logging_mixin.py:104} INFO - [2022-03-21 05:49:47,447] {dag.py:2305} INFO - Setting next_dagrun for example_branch_dop_operator_v3 to 2022-03-19 00:00:00+00:00
[2022-03-21 05:49:47,485] {scheduler_job.py:190} INFO - Processing /home/airflow/sandbox/lib/python3.8/site-packages/airflow/example_dags/example_branch_python_dop_operator_3.py took 0.157 seconds
