[2022-03-21 05:15:01,791] {scheduler_job.py:182} INFO - Started process (PID=8201) to work on /home/airflow/sandbox/lib/python3.8/site-packages/airflow/example_dags/example_branch_operator.py
[2022-03-21 05:15:01,800] {scheduler_job.py:633} INFO - Processing file /home/airflow/sandbox/lib/python3.8/site-packages/airflow/example_dags/example_branch_operator.py for tasks to queue
[2022-03-21 05:15:01,802] {logging_mixin.py:104} INFO - [2022-03-21 05:15:01,802] {dagbag.py:487} INFO - Filling up the DagBag from /home/airflow/sandbox/lib/python3.8/site-packages/airflow/example_dags/example_branch_operator.py
[2022-03-21 05:15:01,829] {scheduler_job.py:643} INFO - DAG(s) dict_keys(['example_branch_operator']) retrieved from /home/airflow/sandbox/lib/python3.8/site-packages/airflow/example_dags/example_branch_operator.py
[2022-03-21 05:15:02,621] {logging_mixin.py:104} INFO - [2022-03-21 05:15:02,621] {dag.py:1832} INFO - Sync 1 DAGs
[2022-03-21 05:15:02,649] {logging_mixin.py:104} INFO - [2022-03-21 05:15:02,649] {dag.py:2305} INFO - Setting next_dagrun for example_branch_operator to 2022-03-19 00:00:00+00:00
[2022-03-21 05:15:02,697] {scheduler_job.py:190} INFO - Processing /home/airflow/sandbox/lib/python3.8/site-packages/airflow/example_dags/example_branch_operator.py took 0.913 seconds
[2022-03-21 05:16:29,066] {scheduler_job.py:182} INFO - Started process (PID=8822) to work on /home/airflow/sandbox/lib/python3.8/site-packages/airflow/example_dags/example_branch_operator.py
[2022-03-21 05:16:29,068] {scheduler_job.py:633} INFO - Processing file /home/airflow/sandbox/lib/python3.8/site-packages/airflow/example_dags/example_branch_operator.py for tasks to queue
[2022-03-21 05:16:29,069] {logging_mixin.py:104} INFO - [2022-03-21 05:16:29,069] {dagbag.py:487} INFO - Filling up the DagBag from /home/airflow/sandbox/lib/python3.8/site-packages/airflow/example_dags/example_branch_operator.py
[2022-03-21 05:16:29,089] {scheduler_job.py:643} INFO - DAG(s) dict_keys(['example_branch_operator']) retrieved from /home/airflow/sandbox/lib/python3.8/site-packages/airflow/example_dags/example_branch_operator.py
[2022-03-21 05:16:29,128] {logging_mixin.py:104} INFO - [2022-03-21 05:16:29,128] {dag.py:1832} INFO - Sync 1 DAGs
[2022-03-21 05:16:29,172] {logging_mixin.py:104} INFO - [2022-03-21 05:16:29,171] {dag.py:2305} INFO - Setting next_dagrun for example_branch_operator to 2022-03-19 00:00:00+00:00
[2022-03-21 05:16:29,213] {scheduler_job.py:190} INFO - Processing /home/airflow/sandbox/lib/python3.8/site-packages/airflow/example_dags/example_branch_operator.py took 0.154 seconds
[2022-03-21 05:17:20,505] {scheduler_job.py:182} INFO - Started process (PID=9042) to work on /home/airflow/sandbox/lib/python3.8/site-packages/airflow/example_dags/example_branch_operator.py
[2022-03-21 05:17:20,507] {scheduler_job.py:633} INFO - Processing file /home/airflow/sandbox/lib/python3.8/site-packages/airflow/example_dags/example_branch_operator.py for tasks to queue
[2022-03-21 05:17:20,508] {logging_mixin.py:104} INFO - [2022-03-21 05:17:20,508] {dagbag.py:487} INFO - Filling up the DagBag from /home/airflow/sandbox/lib/python3.8/site-packages/airflow/example_dags/example_branch_operator.py
[2022-03-21 05:17:20,533] {scheduler_job.py:643} INFO - DAG(s) dict_keys(['example_branch_operator']) retrieved from /home/airflow/sandbox/lib/python3.8/site-packages/airflow/example_dags/example_branch_operator.py
[2022-03-21 05:17:20,580] {logging_mixin.py:104} INFO - [2022-03-21 05:17:20,580] {dag.py:1832} INFO - Sync 1 DAGs
[2022-03-21 05:17:20,609] {logging_mixin.py:104} INFO - [2022-03-21 05:17:20,608] {dag.py:2305} INFO - Setting next_dagrun for example_branch_operator to 2022-03-19 00:00:00+00:00
[2022-03-21 05:17:20,644] {scheduler_job.py:190} INFO - Processing /home/airflow/sandbox/lib/python3.8/site-packages/airflow/example_dags/example_branch_operator.py took 0.147 seconds
[2022-03-21 05:18:03,769] {scheduler_job.py:182} INFO - Started process (PID=9165) to work on /home/airflow/sandbox/lib/python3.8/site-packages/airflow/example_dags/example_branch_operator.py
[2022-03-21 05:18:03,774] {scheduler_job.py:633} INFO - Processing file /home/airflow/sandbox/lib/python3.8/site-packages/airflow/example_dags/example_branch_operator.py for tasks to queue
[2022-03-21 05:18:03,785] {logging_mixin.py:104} INFO - [2022-03-21 05:18:03,785] {dagbag.py:487} INFO - Filling up the DagBag from /home/airflow/sandbox/lib/python3.8/site-packages/airflow/example_dags/example_branch_operator.py
[2022-03-21 05:18:03,863] {scheduler_job.py:643} INFO - DAG(s) dict_keys(['example_branch_operator']) retrieved from /home/airflow/sandbox/lib/python3.8/site-packages/airflow/example_dags/example_branch_operator.py
[2022-03-21 05:18:03,956] {logging_mixin.py:104} INFO - [2022-03-21 05:18:03,956] {dag.py:1832} INFO - Sync 1 DAGs
[2022-03-21 05:18:04,026] {logging_mixin.py:104} INFO - [2022-03-21 05:18:04,026] {dag.py:2305} INFO - Setting next_dagrun for example_branch_operator to 2022-03-19 00:00:00+00:00
[2022-03-21 05:18:04,092] {scheduler_job.py:190} INFO - Processing /home/airflow/sandbox/lib/python3.8/site-packages/airflow/example_dags/example_branch_operator.py took 0.352 seconds
[2022-03-21 05:18:56,786] {scheduler_job.py:182} INFO - Started process (PID=9263) to work on /home/airflow/sandbox/lib/python3.8/site-packages/airflow/example_dags/example_branch_operator.py
[2022-03-21 05:18:56,790] {scheduler_job.py:633} INFO - Processing file /home/airflow/sandbox/lib/python3.8/site-packages/airflow/example_dags/example_branch_operator.py for tasks to queue
[2022-03-21 05:18:56,792] {logging_mixin.py:104} INFO - [2022-03-21 05:18:56,792] {dagbag.py:487} INFO - Filling up the DagBag from /home/airflow/sandbox/lib/python3.8/site-packages/airflow/example_dags/example_branch_operator.py
[2022-03-21 05:18:56,816] {scheduler_job.py:643} INFO - DAG(s) dict_keys(['example_branch_operator']) retrieved from /home/airflow/sandbox/lib/python3.8/site-packages/airflow/example_dags/example_branch_operator.py
[2022-03-21 05:18:56,851] {logging_mixin.py:104} INFO - [2022-03-21 05:18:56,851] {dag.py:1832} INFO - Sync 1 DAGs
[2022-03-21 05:18:56,884] {logging_mixin.py:104} INFO - [2022-03-21 05:18:56,883] {dag.py:2305} INFO - Setting next_dagrun for example_branch_operator to 2022-03-19 00:00:00+00:00
[2022-03-21 05:18:56,921] {scheduler_job.py:190} INFO - Processing /home/airflow/sandbox/lib/python3.8/site-packages/airflow/example_dags/example_branch_operator.py took 0.141 seconds
[2022-03-21 05:19:41,039] {scheduler_job.py:182} INFO - Started process (PID=9297) to work on /home/airflow/sandbox/lib/python3.8/site-packages/airflow/example_dags/example_branch_operator.py
[2022-03-21 05:19:41,046] {scheduler_job.py:633} INFO - Processing file /home/airflow/sandbox/lib/python3.8/site-packages/airflow/example_dags/example_branch_operator.py for tasks to queue
[2022-03-21 05:19:41,048] {logging_mixin.py:104} INFO - [2022-03-21 05:19:41,047] {dagbag.py:487} INFO - Filling up the DagBag from /home/airflow/sandbox/lib/python3.8/site-packages/airflow/example_dags/example_branch_operator.py
[2022-03-21 05:19:41,067] {scheduler_job.py:643} INFO - DAG(s) dict_keys(['example_branch_operator']) retrieved from /home/airflow/sandbox/lib/python3.8/site-packages/airflow/example_dags/example_branch_operator.py
[2022-03-21 05:19:41,100] {logging_mixin.py:104} INFO - [2022-03-21 05:19:41,100] {dag.py:1832} INFO - Sync 1 DAGs
[2022-03-21 05:19:41,133] {logging_mixin.py:104} INFO - [2022-03-21 05:19:41,133] {dag.py:2305} INFO - Setting next_dagrun for example_branch_operator to 2022-03-19 00:00:00+00:00
[2022-03-21 05:19:41,189] {scheduler_job.py:190} INFO - Processing /home/airflow/sandbox/lib/python3.8/site-packages/airflow/example_dags/example_branch_operator.py took 0.160 seconds
[2022-03-21 05:20:25,975] {scheduler_job.py:182} INFO - Started process (PID=9360) to work on /home/airflow/sandbox/lib/python3.8/site-packages/airflow/example_dags/example_branch_operator.py
[2022-03-21 05:20:25,979] {scheduler_job.py:633} INFO - Processing file /home/airflow/sandbox/lib/python3.8/site-packages/airflow/example_dags/example_branch_operator.py for tasks to queue
[2022-03-21 05:20:25,981] {logging_mixin.py:104} INFO - [2022-03-21 05:20:25,981] {dagbag.py:487} INFO - Filling up the DagBag from /home/airflow/sandbox/lib/python3.8/site-packages/airflow/example_dags/example_branch_operator.py
[2022-03-21 05:20:26,009] {scheduler_job.py:643} INFO - DAG(s) dict_keys(['example_branch_operator']) retrieved from /home/airflow/sandbox/lib/python3.8/site-packages/airflow/example_dags/example_branch_operator.py
[2022-03-21 05:20:26,069] {logging_mixin.py:104} INFO - [2022-03-21 05:20:26,069] {dag.py:1832} INFO - Sync 1 DAGs
[2022-03-21 05:20:26,123] {logging_mixin.py:104} INFO - [2022-03-21 05:20:26,123] {dag.py:2305} INFO - Setting next_dagrun for example_branch_operator to 2022-03-19 00:00:00+00:00
[2022-03-21 05:20:26,177] {scheduler_job.py:190} INFO - Processing /home/airflow/sandbox/lib/python3.8/site-packages/airflow/example_dags/example_branch_operator.py took 0.208 seconds
[2022-03-21 05:21:18,070] {scheduler_job.py:182} INFO - Started process (PID=9421) to work on /home/airflow/sandbox/lib/python3.8/site-packages/airflow/example_dags/example_branch_operator.py
[2022-03-21 05:21:18,072] {scheduler_job.py:633} INFO - Processing file /home/airflow/sandbox/lib/python3.8/site-packages/airflow/example_dags/example_branch_operator.py for tasks to queue
[2022-03-21 05:21:18,074] {logging_mixin.py:104} INFO - [2022-03-21 05:21:18,073] {dagbag.py:487} INFO - Filling up the DagBag from /home/airflow/sandbox/lib/python3.8/site-packages/airflow/example_dags/example_branch_operator.py
[2022-03-21 05:21:18,093] {scheduler_job.py:643} INFO - DAG(s) dict_keys(['example_branch_operator']) retrieved from /home/airflow/sandbox/lib/python3.8/site-packages/airflow/example_dags/example_branch_operator.py
[2022-03-21 05:21:18,175] {logging_mixin.py:104} INFO - [2022-03-21 05:21:18,175] {dag.py:1832} INFO - Sync 1 DAGs
[2022-03-21 05:21:18,204] {logging_mixin.py:104} INFO - [2022-03-21 05:21:18,204] {dag.py:2305} INFO - Setting next_dagrun for example_branch_operator to 2022-03-19 00:00:00+00:00
[2022-03-21 05:21:18,243] {scheduler_job.py:190} INFO - Processing /home/airflow/sandbox/lib/python3.8/site-packages/airflow/example_dags/example_branch_operator.py took 0.183 seconds
[2022-03-21 05:22:03,074] {scheduler_job.py:182} INFO - Started process (PID=9455) to work on /home/airflow/sandbox/lib/python3.8/site-packages/airflow/example_dags/example_branch_operator.py
[2022-03-21 05:22:03,082] {scheduler_job.py:633} INFO - Processing file /home/airflow/sandbox/lib/python3.8/site-packages/airflow/example_dags/example_branch_operator.py for tasks to queue
[2022-03-21 05:22:03,083] {logging_mixin.py:104} INFO - [2022-03-21 05:22:03,083] {dagbag.py:487} INFO - Filling up the DagBag from /home/airflow/sandbox/lib/python3.8/site-packages/airflow/example_dags/example_branch_operator.py
[2022-03-21 05:22:03,101] {scheduler_job.py:643} INFO - DAG(s) dict_keys(['example_branch_operator']) retrieved from /home/airflow/sandbox/lib/python3.8/site-packages/airflow/example_dags/example_branch_operator.py
[2022-03-21 05:22:03,134] {logging_mixin.py:104} INFO - [2022-03-21 05:22:03,134] {dag.py:1832} INFO - Sync 1 DAGs
[2022-03-21 05:22:03,160] {logging_mixin.py:104} INFO - [2022-03-21 05:22:03,160] {dag.py:2305} INFO - Setting next_dagrun for example_branch_operator to 2022-03-19 00:00:00+00:00
[2022-03-21 05:22:03,219] {scheduler_job.py:190} INFO - Processing /home/airflow/sandbox/lib/python3.8/site-packages/airflow/example_dags/example_branch_operator.py took 0.158 seconds
[2022-03-21 05:22:46,130] {scheduler_job.py:182} INFO - Started process (PID=9488) to work on /home/airflow/sandbox/lib/python3.8/site-packages/airflow/example_dags/example_branch_operator.py
[2022-03-21 05:22:46,132] {scheduler_job.py:633} INFO - Processing file /home/airflow/sandbox/lib/python3.8/site-packages/airflow/example_dags/example_branch_operator.py for tasks to queue
[2022-03-21 05:22:46,133] {logging_mixin.py:104} INFO - [2022-03-21 05:22:46,133] {dagbag.py:487} INFO - Filling up the DagBag from /home/airflow/sandbox/lib/python3.8/site-packages/airflow/example_dags/example_branch_operator.py
[2022-03-21 05:22:46,150] {scheduler_job.py:643} INFO - DAG(s) dict_keys(['example_branch_operator']) retrieved from /home/airflow/sandbox/lib/python3.8/site-packages/airflow/example_dags/example_branch_operator.py
[2022-03-21 05:22:46,187] {logging_mixin.py:104} INFO - [2022-03-21 05:22:46,187] {dag.py:1832} INFO - Sync 1 DAGs
[2022-03-21 05:22:46,219] {logging_mixin.py:104} INFO - [2022-03-21 05:22:46,219] {dag.py:2305} INFO - Setting next_dagrun for example_branch_operator to 2022-03-19 00:00:00+00:00
[2022-03-21 05:22:46,256] {scheduler_job.py:190} INFO - Processing /home/airflow/sandbox/lib/python3.8/site-packages/airflow/example_dags/example_branch_operator.py took 0.136 seconds
[2022-03-21 05:23:28,351] {scheduler_job.py:182} INFO - Started process (PID=9522) to work on /home/airflow/sandbox/lib/python3.8/site-packages/airflow/example_dags/example_branch_operator.py
[2022-03-21 05:23:28,359] {scheduler_job.py:633} INFO - Processing file /home/airflow/sandbox/lib/python3.8/site-packages/airflow/example_dags/example_branch_operator.py for tasks to queue
[2022-03-21 05:23:28,367] {logging_mixin.py:104} INFO - [2022-03-21 05:23:28,366] {dagbag.py:487} INFO - Filling up the DagBag from /home/airflow/sandbox/lib/python3.8/site-packages/airflow/example_dags/example_branch_operator.py
[2022-03-21 05:23:28,405] {scheduler_job.py:643} INFO - DAG(s) dict_keys(['example_branch_operator']) retrieved from /home/airflow/sandbox/lib/python3.8/site-packages/airflow/example_dags/example_branch_operator.py
[2022-03-21 05:23:28,457] {logging_mixin.py:104} INFO - [2022-03-21 05:23:28,457] {dag.py:1832} INFO - Sync 1 DAGs
[2022-03-21 05:23:28,504] {logging_mixin.py:104} INFO - [2022-03-21 05:23:28,503] {dag.py:2305} INFO - Setting next_dagrun for example_branch_operator to 2022-03-19 00:00:00+00:00
[2022-03-21 05:23:28,653] {scheduler_job.py:190} INFO - Processing /home/airflow/sandbox/lib/python3.8/site-packages/airflow/example_dags/example_branch_operator.py took 0.309 seconds
[2022-03-21 05:24:18,405] {scheduler_job.py:182} INFO - Started process (PID=9562) to work on /home/airflow/sandbox/lib/python3.8/site-packages/airflow/example_dags/example_branch_operator.py
[2022-03-21 05:24:18,408] {scheduler_job.py:633} INFO - Processing file /home/airflow/sandbox/lib/python3.8/site-packages/airflow/example_dags/example_branch_operator.py for tasks to queue
[2022-03-21 05:24:18,409] {logging_mixin.py:104} INFO - [2022-03-21 05:24:18,409] {dagbag.py:487} INFO - Filling up the DagBag from /home/airflow/sandbox/lib/python3.8/site-packages/airflow/example_dags/example_branch_operator.py
[2022-03-21 05:24:18,436] {scheduler_job.py:643} INFO - DAG(s) dict_keys(['example_branch_operator']) retrieved from /home/airflow/sandbox/lib/python3.8/site-packages/airflow/example_dags/example_branch_operator.py
[2022-03-21 05:24:18,477] {logging_mixin.py:104} INFO - [2022-03-21 05:24:18,477] {dag.py:1832} INFO - Sync 1 DAGs
[2022-03-21 05:24:18,507] {logging_mixin.py:104} INFO - [2022-03-21 05:24:18,506] {dag.py:2305} INFO - Setting next_dagrun for example_branch_operator to 2022-03-19 00:00:00+00:00
[2022-03-21 05:24:18,657] {scheduler_job.py:190} INFO - Processing /home/airflow/sandbox/lib/python3.8/site-packages/airflow/example_dags/example_branch_operator.py took 0.258 seconds
[2022-03-21 05:25:14,951] {scheduler_job.py:182} INFO - Started process (PID=9602) to work on /home/airflow/sandbox/lib/python3.8/site-packages/airflow/example_dags/example_branch_operator.py
[2022-03-21 05:25:14,953] {scheduler_job.py:633} INFO - Processing file /home/airflow/sandbox/lib/python3.8/site-packages/airflow/example_dags/example_branch_operator.py for tasks to queue
[2022-03-21 05:25:14,954] {logging_mixin.py:104} INFO - [2022-03-21 05:25:14,954] {dagbag.py:487} INFO - Filling up the DagBag from /home/airflow/sandbox/lib/python3.8/site-packages/airflow/example_dags/example_branch_operator.py
[2022-03-21 05:25:14,974] {scheduler_job.py:643} INFO - DAG(s) dict_keys(['example_branch_operator']) retrieved from /home/airflow/sandbox/lib/python3.8/site-packages/airflow/example_dags/example_branch_operator.py
[2022-03-21 05:25:15,007] {logging_mixin.py:104} INFO - [2022-03-21 05:25:15,007] {dag.py:1832} INFO - Sync 1 DAGs
[2022-03-21 05:25:15,142] {logging_mixin.py:104} INFO - [2022-03-21 05:25:15,142] {dag.py:2305} INFO - Setting next_dagrun for example_branch_operator to 2022-03-19 00:00:00+00:00
[2022-03-21 05:25:15,175] {scheduler_job.py:190} INFO - Processing /home/airflow/sandbox/lib/python3.8/site-packages/airflow/example_dags/example_branch_operator.py took 0.232 seconds
[2022-03-21 05:25:59,514] {scheduler_job.py:182} INFO - Started process (PID=9692) to work on /home/airflow/sandbox/lib/python3.8/site-packages/airflow/example_dags/example_branch_operator.py
[2022-03-21 05:25:59,517] {scheduler_job.py:633} INFO - Processing file /home/airflow/sandbox/lib/python3.8/site-packages/airflow/example_dags/example_branch_operator.py for tasks to queue
[2022-03-21 05:25:59,518] {logging_mixin.py:104} INFO - [2022-03-21 05:25:59,518] {dagbag.py:487} INFO - Filling up the DagBag from /home/airflow/sandbox/lib/python3.8/site-packages/airflow/example_dags/example_branch_operator.py
[2022-03-21 05:25:59,542] {scheduler_job.py:643} INFO - DAG(s) dict_keys(['example_branch_operator']) retrieved from /home/airflow/sandbox/lib/python3.8/site-packages/airflow/example_dags/example_branch_operator.py
[2022-03-21 05:25:59,573] {logging_mixin.py:104} INFO - [2022-03-21 05:25:59,573] {dag.py:1832} INFO - Sync 1 DAGs
[2022-03-21 05:25:59,716] {logging_mixin.py:104} INFO - [2022-03-21 05:25:59,716] {dag.py:2305} INFO - Setting next_dagrun for example_branch_operator to 2022-03-19 00:00:00+00:00
[2022-03-21 05:25:59,748] {scheduler_job.py:190} INFO - Processing /home/airflow/sandbox/lib/python3.8/site-packages/airflow/example_dags/example_branch_operator.py took 0.240 seconds
[2022-03-21 05:26:51,426] {scheduler_job.py:182} INFO - Started process (PID=9729) to work on /home/airflow/sandbox/lib/python3.8/site-packages/airflow/example_dags/example_branch_operator.py
[2022-03-21 05:26:51,428] {scheduler_job.py:633} INFO - Processing file /home/airflow/sandbox/lib/python3.8/site-packages/airflow/example_dags/example_branch_operator.py for tasks to queue
[2022-03-21 05:26:51,430] {logging_mixin.py:104} INFO - [2022-03-21 05:26:51,429] {dagbag.py:487} INFO - Filling up the DagBag from /home/airflow/sandbox/lib/python3.8/site-packages/airflow/example_dags/example_branch_operator.py
[2022-03-21 05:26:51,464] {scheduler_job.py:643} INFO - DAG(s) dict_keys(['example_branch_operator']) retrieved from /home/airflow/sandbox/lib/python3.8/site-packages/airflow/example_dags/example_branch_operator.py
[2022-03-21 05:26:51,644] {logging_mixin.py:104} INFO - [2022-03-21 05:26:51,644] {dag.py:1832} INFO - Sync 1 DAGs
[2022-03-21 05:26:51,669] {logging_mixin.py:104} INFO - [2022-03-21 05:26:51,669] {dag.py:2305} INFO - Setting next_dagrun for example_branch_operator to 2022-03-19 00:00:00+00:00
[2022-03-21 05:26:51,749] {scheduler_job.py:190} INFO - Processing /home/airflow/sandbox/lib/python3.8/site-packages/airflow/example_dags/example_branch_operator.py took 0.330 seconds
[2022-03-21 05:27:44,080] {scheduler_job.py:182} INFO - Started process (PID=9765) to work on /home/airflow/sandbox/lib/python3.8/site-packages/airflow/example_dags/example_branch_operator.py
[2022-03-21 05:27:44,084] {scheduler_job.py:633} INFO - Processing file /home/airflow/sandbox/lib/python3.8/site-packages/airflow/example_dags/example_branch_operator.py for tasks to queue
[2022-03-21 05:27:44,085] {logging_mixin.py:104} INFO - [2022-03-21 05:27:44,085] {dagbag.py:487} INFO - Filling up the DagBag from /home/airflow/sandbox/lib/python3.8/site-packages/airflow/example_dags/example_branch_operator.py
[2022-03-21 05:27:44,117] {scheduler_job.py:643} INFO - DAG(s) dict_keys(['example_branch_operator']) retrieved from /home/airflow/sandbox/lib/python3.8/site-packages/airflow/example_dags/example_branch_operator.py
[2022-03-21 05:27:44,281] {logging_mixin.py:104} INFO - [2022-03-21 05:27:44,281] {dag.py:1832} INFO - Sync 1 DAGs
[2022-03-21 05:27:44,311] {logging_mixin.py:104} INFO - [2022-03-21 05:27:44,310] {dag.py:2305} INFO - Setting next_dagrun for example_branch_operator to 2022-03-19 00:00:00+00:00
[2022-03-21 05:27:44,372] {scheduler_job.py:190} INFO - Processing /home/airflow/sandbox/lib/python3.8/site-packages/airflow/example_dags/example_branch_operator.py took 0.307 seconds
[2022-03-21 05:28:34,419] {scheduler_job.py:182} INFO - Started process (PID=9802) to work on /home/airflow/sandbox/lib/python3.8/site-packages/airflow/example_dags/example_branch_operator.py
[2022-03-21 05:28:34,424] {scheduler_job.py:633} INFO - Processing file /home/airflow/sandbox/lib/python3.8/site-packages/airflow/example_dags/example_branch_operator.py for tasks to queue
[2022-03-21 05:28:34,426] {logging_mixin.py:104} INFO - [2022-03-21 05:28:34,426] {dagbag.py:487} INFO - Filling up the DagBag from /home/airflow/sandbox/lib/python3.8/site-packages/airflow/example_dags/example_branch_operator.py
[2022-03-21 05:28:34,576] {scheduler_job.py:643} INFO - DAG(s) dict_keys(['example_branch_operator']) retrieved from /home/airflow/sandbox/lib/python3.8/site-packages/airflow/example_dags/example_branch_operator.py
[2022-03-21 05:28:34,606] {logging_mixin.py:104} INFO - [2022-03-21 05:28:34,606] {dag.py:1832} INFO - Sync 1 DAGs
[2022-03-21 05:28:34,637] {logging_mixin.py:104} INFO - [2022-03-21 05:28:34,637] {dag.py:2305} INFO - Setting next_dagrun for example_branch_operator to 2022-03-19 00:00:00+00:00
[2022-03-21 05:28:34,672] {scheduler_job.py:190} INFO - Processing /home/airflow/sandbox/lib/python3.8/site-packages/airflow/example_dags/example_branch_operator.py took 0.260 seconds
[2022-03-21 05:29:24,938] {scheduler_job.py:182} INFO - Started process (PID=9838) to work on /home/airflow/sandbox/lib/python3.8/site-packages/airflow/example_dags/example_branch_operator.py
[2022-03-21 05:29:24,941] {scheduler_job.py:633} INFO - Processing file /home/airflow/sandbox/lib/python3.8/site-packages/airflow/example_dags/example_branch_operator.py for tasks to queue
[2022-03-21 05:29:24,943] {logging_mixin.py:104} INFO - [2022-03-21 05:29:24,943] {dagbag.py:487} INFO - Filling up the DagBag from /home/airflow/sandbox/lib/python3.8/site-packages/airflow/example_dags/example_branch_operator.py
[2022-03-21 05:29:25,127] {scheduler_job.py:643} INFO - DAG(s) dict_keys(['example_branch_operator']) retrieved from /home/airflow/sandbox/lib/python3.8/site-packages/airflow/example_dags/example_branch_operator.py
[2022-03-21 05:29:25,153] {logging_mixin.py:104} INFO - [2022-03-21 05:29:25,153] {dag.py:1832} INFO - Sync 1 DAGs
[2022-03-21 05:29:25,185] {logging_mixin.py:104} INFO - [2022-03-21 05:29:25,185] {dag.py:2305} INFO - Setting next_dagrun for example_branch_operator to 2022-03-19 00:00:00+00:00
[2022-03-21 05:29:25,223] {scheduler_job.py:190} INFO - Processing /home/airflow/sandbox/lib/python3.8/site-packages/airflow/example_dags/example_branch_operator.py took 0.291 seconds
[2022-03-21 05:30:17,282] {scheduler_job.py:182} INFO - Started process (PID=9874) to work on /home/airflow/sandbox/lib/python3.8/site-packages/airflow/example_dags/example_branch_operator.py
[2022-03-21 05:30:17,286] {scheduler_job.py:633} INFO - Processing file /home/airflow/sandbox/lib/python3.8/site-packages/airflow/example_dags/example_branch_operator.py for tasks to queue
[2022-03-21 05:30:17,289] {logging_mixin.py:104} INFO - [2022-03-21 05:30:17,289] {dagbag.py:487} INFO - Filling up the DagBag from /home/airflow/sandbox/lib/python3.8/site-packages/airflow/example_dags/example_branch_operator.py
[2022-03-21 05:30:17,484] {scheduler_job.py:643} INFO - DAG(s) dict_keys(['example_branch_operator']) retrieved from /home/airflow/sandbox/lib/python3.8/site-packages/airflow/example_dags/example_branch_operator.py
[2022-03-21 05:30:17,521] {logging_mixin.py:104} INFO - [2022-03-21 05:30:17,521] {dag.py:1832} INFO - Sync 1 DAGs
[2022-03-21 05:30:17,560] {logging_mixin.py:104} INFO - [2022-03-21 05:30:17,560] {dag.py:2305} INFO - Setting next_dagrun for example_branch_operator to 2022-03-19 00:00:00+00:00
[2022-03-21 05:30:17,605] {scheduler_job.py:190} INFO - Processing /home/airflow/sandbox/lib/python3.8/site-packages/airflow/example_dags/example_branch_operator.py took 0.333 seconds
[2022-03-21 05:31:16,122] {scheduler_job.py:182} INFO - Started process (PID=9973) to work on /home/airflow/sandbox/lib/python3.8/site-packages/airflow/example_dags/example_branch_operator.py
[2022-03-21 05:31:16,124] {scheduler_job.py:633} INFO - Processing file /home/airflow/sandbox/lib/python3.8/site-packages/airflow/example_dags/example_branch_operator.py for tasks to queue
[2022-03-21 05:31:16,129] {logging_mixin.py:104} INFO - [2022-03-21 05:31:16,128] {dagbag.py:487} INFO - Filling up the DagBag from /home/airflow/sandbox/lib/python3.8/site-packages/airflow/example_dags/example_branch_operator.py
[2022-03-21 05:31:16,146] {scheduler_job.py:643} INFO - DAG(s) dict_keys(['example_branch_operator']) retrieved from /home/airflow/sandbox/lib/python3.8/site-packages/airflow/example_dags/example_branch_operator.py
[2022-03-21 05:31:16,180] {logging_mixin.py:104} INFO - [2022-03-21 05:31:16,180] {dag.py:1832} INFO - Sync 1 DAGs
[2022-03-21 05:31:16,208] {logging_mixin.py:104} INFO - [2022-03-21 05:31:16,207] {dag.py:2305} INFO - Setting next_dagrun for example_branch_operator to 2022-03-19 00:00:00+00:00
[2022-03-21 05:31:16,262] {scheduler_job.py:190} INFO - Processing /home/airflow/sandbox/lib/python3.8/site-packages/airflow/example_dags/example_branch_operator.py took 0.149 seconds
[2022-03-21 05:31:59,345] {scheduler_job.py:182} INFO - Started process (PID=10007) to work on /home/airflow/sandbox/lib/python3.8/site-packages/airflow/example_dags/example_branch_operator.py
[2022-03-21 05:31:59,348] {scheduler_job.py:633} INFO - Processing file /home/airflow/sandbox/lib/python3.8/site-packages/airflow/example_dags/example_branch_operator.py for tasks to queue
[2022-03-21 05:31:59,349] {logging_mixin.py:104} INFO - [2022-03-21 05:31:59,349] {dagbag.py:487} INFO - Filling up the DagBag from /home/airflow/sandbox/lib/python3.8/site-packages/airflow/example_dags/example_branch_operator.py
[2022-03-21 05:31:59,368] {scheduler_job.py:643} INFO - DAG(s) dict_keys(['example_branch_operator']) retrieved from /home/airflow/sandbox/lib/python3.8/site-packages/airflow/example_dags/example_branch_operator.py
[2022-03-21 05:31:59,402] {logging_mixin.py:104} INFO - [2022-03-21 05:31:59,402] {dag.py:1832} INFO - Sync 1 DAGs
[2022-03-21 05:31:59,436] {logging_mixin.py:104} INFO - [2022-03-21 05:31:59,436] {dag.py:2305} INFO - Setting next_dagrun for example_branch_operator to 2022-03-19 00:00:00+00:00
[2022-03-21 05:31:59,485] {scheduler_job.py:190} INFO - Processing /home/airflow/sandbox/lib/python3.8/site-packages/airflow/example_dags/example_branch_operator.py took 0.148 seconds
[2022-03-21 05:32:43,747] {scheduler_job.py:182} INFO - Started process (PID=10041) to work on /home/airflow/sandbox/lib/python3.8/site-packages/airflow/example_dags/example_branch_operator.py
[2022-03-21 05:32:43,749] {scheduler_job.py:633} INFO - Processing file /home/airflow/sandbox/lib/python3.8/site-packages/airflow/example_dags/example_branch_operator.py for tasks to queue
[2022-03-21 05:32:43,751] {logging_mixin.py:104} INFO - [2022-03-21 05:32:43,750] {dagbag.py:487} INFO - Filling up the DagBag from /home/airflow/sandbox/lib/python3.8/site-packages/airflow/example_dags/example_branch_operator.py
[2022-03-21 05:32:43,773] {scheduler_job.py:643} INFO - DAG(s) dict_keys(['example_branch_operator']) retrieved from /home/airflow/sandbox/lib/python3.8/site-packages/airflow/example_dags/example_branch_operator.py
[2022-03-21 05:32:43,806] {logging_mixin.py:104} INFO - [2022-03-21 05:32:43,806] {dag.py:1832} INFO - Sync 1 DAGs
[2022-03-21 05:32:43,836] {logging_mixin.py:104} INFO - [2022-03-21 05:32:43,836] {dag.py:2305} INFO - Setting next_dagrun for example_branch_operator to 2022-03-19 00:00:00+00:00
[2022-03-21 05:32:43,874] {scheduler_job.py:190} INFO - Processing /home/airflow/sandbox/lib/python3.8/site-packages/airflow/example_dags/example_branch_operator.py took 0.135 seconds
[2022-03-21 05:33:28,145] {scheduler_job.py:182} INFO - Started process (PID=10074) to work on /home/airflow/sandbox/lib/python3.8/site-packages/airflow/example_dags/example_branch_operator.py
[2022-03-21 05:33:28,148] {scheduler_job.py:633} INFO - Processing file /home/airflow/sandbox/lib/python3.8/site-packages/airflow/example_dags/example_branch_operator.py for tasks to queue
[2022-03-21 05:33:28,150] {logging_mixin.py:104} INFO - [2022-03-21 05:33:28,150] {dagbag.py:487} INFO - Filling up the DagBag from /home/airflow/sandbox/lib/python3.8/site-packages/airflow/example_dags/example_branch_operator.py
[2022-03-21 05:33:28,172] {scheduler_job.py:643} INFO - DAG(s) dict_keys(['example_branch_operator']) retrieved from /home/airflow/sandbox/lib/python3.8/site-packages/airflow/example_dags/example_branch_operator.py
[2022-03-21 05:33:28,208] {logging_mixin.py:104} INFO - [2022-03-21 05:33:28,208] {dag.py:1832} INFO - Sync 1 DAGs
[2022-03-21 05:33:28,236] {logging_mixin.py:104} INFO - [2022-03-21 05:33:28,236] {dag.py:2305} INFO - Setting next_dagrun for example_branch_operator to 2022-03-19 00:00:00+00:00
[2022-03-21 05:33:28,275] {scheduler_job.py:190} INFO - Processing /home/airflow/sandbox/lib/python3.8/site-packages/airflow/example_dags/example_branch_operator.py took 0.150 seconds
[2022-03-21 05:34:23,802] {scheduler_job.py:182} INFO - Started process (PID=10116) to work on /home/airflow/sandbox/lib/python3.8/site-packages/airflow/example_dags/example_branch_operator.py
[2022-03-21 05:34:23,804] {scheduler_job.py:633} INFO - Processing file /home/airflow/sandbox/lib/python3.8/site-packages/airflow/example_dags/example_branch_operator.py for tasks to queue
[2022-03-21 05:34:23,808] {logging_mixin.py:104} INFO - [2022-03-21 05:34:23,806] {dagbag.py:487} INFO - Filling up the DagBag from /home/airflow/sandbox/lib/python3.8/site-packages/airflow/example_dags/example_branch_operator.py
[2022-03-21 05:34:23,831] {scheduler_job.py:643} INFO - DAG(s) dict_keys(['example_branch_operator']) retrieved from /home/airflow/sandbox/lib/python3.8/site-packages/airflow/example_dags/example_branch_operator.py
[2022-03-21 05:34:23,867] {logging_mixin.py:104} INFO - [2022-03-21 05:34:23,866] {dag.py:1832} INFO - Sync 1 DAGs
[2022-03-21 05:34:23,907] {logging_mixin.py:104} INFO - [2022-03-21 05:34:23,907] {dag.py:2305} INFO - Setting next_dagrun for example_branch_operator to 2022-03-19 00:00:00+00:00
[2022-03-21 05:34:23,945] {scheduler_job.py:190} INFO - Processing /home/airflow/sandbox/lib/python3.8/site-packages/airflow/example_dags/example_branch_operator.py took 0.150 seconds
[2022-03-21 05:35:12,535] {scheduler_job.py:182} INFO - Started process (PID=10151) to work on /home/airflow/sandbox/lib/python3.8/site-packages/airflow/example_dags/example_branch_operator.py
[2022-03-21 05:35:12,537] {scheduler_job.py:633} INFO - Processing file /home/airflow/sandbox/lib/python3.8/site-packages/airflow/example_dags/example_branch_operator.py for tasks to queue
[2022-03-21 05:35:12,539] {logging_mixin.py:104} INFO - [2022-03-21 05:35:12,539] {dagbag.py:487} INFO - Filling up the DagBag from /home/airflow/sandbox/lib/python3.8/site-packages/airflow/example_dags/example_branch_operator.py
[2022-03-21 05:35:12,561] {scheduler_job.py:643} INFO - DAG(s) dict_keys(['example_branch_operator']) retrieved from /home/airflow/sandbox/lib/python3.8/site-packages/airflow/example_dags/example_branch_operator.py
[2022-03-21 05:35:12,594] {logging_mixin.py:104} INFO - [2022-03-21 05:35:12,594] {dag.py:1832} INFO - Sync 1 DAGs
[2022-03-21 05:35:12,623] {logging_mixin.py:104} INFO - [2022-03-21 05:35:12,623] {dag.py:2305} INFO - Setting next_dagrun for example_branch_operator to 2022-03-19 00:00:00+00:00
[2022-03-21 05:35:12,671] {scheduler_job.py:190} INFO - Processing /home/airflow/sandbox/lib/python3.8/site-packages/airflow/example_dags/example_branch_operator.py took 0.146 seconds
[2022-03-21 05:35:58,202] {scheduler_job.py:182} INFO - Started process (PID=10241) to work on /home/airflow/sandbox/lib/python3.8/site-packages/airflow/example_dags/example_branch_operator.py
[2022-03-21 05:35:58,209] {scheduler_job.py:633} INFO - Processing file /home/airflow/sandbox/lib/python3.8/site-packages/airflow/example_dags/example_branch_operator.py for tasks to queue
[2022-03-21 05:35:58,210] {logging_mixin.py:104} INFO - [2022-03-21 05:35:58,210] {dagbag.py:487} INFO - Filling up the DagBag from /home/airflow/sandbox/lib/python3.8/site-packages/airflow/example_dags/example_branch_operator.py
[2022-03-21 05:35:58,231] {scheduler_job.py:643} INFO - DAG(s) dict_keys(['example_branch_operator']) retrieved from /home/airflow/sandbox/lib/python3.8/site-packages/airflow/example_dags/example_branch_operator.py
[2022-03-21 05:35:58,265] {logging_mixin.py:104} INFO - [2022-03-21 05:35:58,265] {dag.py:1832} INFO - Sync 1 DAGs
[2022-03-21 05:35:58,294] {logging_mixin.py:104} INFO - [2022-03-21 05:35:58,294] {dag.py:2305} INFO - Setting next_dagrun for example_branch_operator to 2022-03-19 00:00:00+00:00
[2022-03-21 05:35:58,330] {scheduler_job.py:190} INFO - Processing /home/airflow/sandbox/lib/python3.8/site-packages/airflow/example_dags/example_branch_operator.py took 0.146 seconds
[2022-03-21 05:36:47,021] {scheduler_job.py:182} INFO - Started process (PID=10276) to work on /home/airflow/sandbox/lib/python3.8/site-packages/airflow/example_dags/example_branch_operator.py
[2022-03-21 05:36:47,023] {scheduler_job.py:633} INFO - Processing file /home/airflow/sandbox/lib/python3.8/site-packages/airflow/example_dags/example_branch_operator.py for tasks to queue
[2022-03-21 05:36:47,024] {logging_mixin.py:104} INFO - [2022-03-21 05:36:47,024] {dagbag.py:487} INFO - Filling up the DagBag from /home/airflow/sandbox/lib/python3.8/site-packages/airflow/example_dags/example_branch_operator.py
[2022-03-21 05:36:47,047] {scheduler_job.py:643} INFO - DAG(s) dict_keys(['example_branch_operator']) retrieved from /home/airflow/sandbox/lib/python3.8/site-packages/airflow/example_dags/example_branch_operator.py
[2022-03-21 05:36:47,085] {logging_mixin.py:104} INFO - [2022-03-21 05:36:47,085] {dag.py:1832} INFO - Sync 1 DAGs
[2022-03-21 05:36:47,121] {logging_mixin.py:104} INFO - [2022-03-21 05:36:47,120] {dag.py:2305} INFO - Setting next_dagrun for example_branch_operator to 2022-03-19 00:00:00+00:00
[2022-03-21 05:36:47,157] {scheduler_job.py:190} INFO - Processing /home/airflow/sandbox/lib/python3.8/site-packages/airflow/example_dags/example_branch_operator.py took 0.146 seconds
[2022-03-21 05:37:32,202] {scheduler_job.py:182} INFO - Started process (PID=10310) to work on /home/airflow/sandbox/lib/python3.8/site-packages/airflow/example_dags/example_branch_operator.py
[2022-03-21 05:37:32,204] {scheduler_job.py:633} INFO - Processing file /home/airflow/sandbox/lib/python3.8/site-packages/airflow/example_dags/example_branch_operator.py for tasks to queue
[2022-03-21 05:37:32,206] {logging_mixin.py:104} INFO - [2022-03-21 05:37:32,206] {dagbag.py:487} INFO - Filling up the DagBag from /home/airflow/sandbox/lib/python3.8/site-packages/airflow/example_dags/example_branch_operator.py
[2022-03-21 05:37:32,226] {scheduler_job.py:643} INFO - DAG(s) dict_keys(['example_branch_operator']) retrieved from /home/airflow/sandbox/lib/python3.8/site-packages/airflow/example_dags/example_branch_operator.py
[2022-03-21 05:37:32,281] {logging_mixin.py:104} INFO - [2022-03-21 05:37:32,281] {dag.py:1832} INFO - Sync 1 DAGs
[2022-03-21 05:37:32,326] {logging_mixin.py:104} INFO - [2022-03-21 05:37:32,325] {dag.py:2305} INFO - Setting next_dagrun for example_branch_operator to 2022-03-19 00:00:00+00:00
[2022-03-21 05:37:32,360] {scheduler_job.py:190} INFO - Processing /home/airflow/sandbox/lib/python3.8/site-packages/airflow/example_dags/example_branch_operator.py took 0.184 seconds
[2022-03-21 05:38:16,314] {scheduler_job.py:182} INFO - Started process (PID=10344) to work on /home/airflow/sandbox/lib/python3.8/site-packages/airflow/example_dags/example_branch_operator.py
[2022-03-21 05:38:16,317] {scheduler_job.py:633} INFO - Processing file /home/airflow/sandbox/lib/python3.8/site-packages/airflow/example_dags/example_branch_operator.py for tasks to queue
[2022-03-21 05:38:16,318] {logging_mixin.py:104} INFO - [2022-03-21 05:38:16,318] {dagbag.py:487} INFO - Filling up the DagBag from /home/airflow/sandbox/lib/python3.8/site-packages/airflow/example_dags/example_branch_operator.py
[2022-03-21 05:38:16,336] {scheduler_job.py:643} INFO - DAG(s) dict_keys(['example_branch_operator']) retrieved from /home/airflow/sandbox/lib/python3.8/site-packages/airflow/example_dags/example_branch_operator.py
[2022-03-21 05:38:16,369] {logging_mixin.py:104} INFO - [2022-03-21 05:38:16,369] {dag.py:1832} INFO - Sync 1 DAGs
[2022-03-21 05:38:16,397] {logging_mixin.py:104} INFO - [2022-03-21 05:38:16,397] {dag.py:2305} INFO - Setting next_dagrun for example_branch_operator to 2022-03-19 00:00:00+00:00
[2022-03-21 05:38:16,432] {scheduler_job.py:190} INFO - Processing /home/airflow/sandbox/lib/python3.8/site-packages/airflow/example_dags/example_branch_operator.py took 0.125 seconds
[2022-03-21 05:39:11,855] {scheduler_job.py:182} INFO - Started process (PID=10387) to work on /home/airflow/sandbox/lib/python3.8/site-packages/airflow/example_dags/example_branch_operator.py
[2022-03-21 05:39:11,858] {scheduler_job.py:633} INFO - Processing file /home/airflow/sandbox/lib/python3.8/site-packages/airflow/example_dags/example_branch_operator.py for tasks to queue
[2022-03-21 05:39:11,861] {logging_mixin.py:104} INFO - [2022-03-21 05:39:11,861] {dagbag.py:487} INFO - Filling up the DagBag from /home/airflow/sandbox/lib/python3.8/site-packages/airflow/example_dags/example_branch_operator.py
[2022-03-21 05:39:11,894] {scheduler_job.py:643} INFO - DAG(s) dict_keys(['example_branch_operator']) retrieved from /home/airflow/sandbox/lib/python3.8/site-packages/airflow/example_dags/example_branch_operator.py
[2022-03-21 05:39:11,955] {logging_mixin.py:104} INFO - [2022-03-21 05:39:11,954] {dag.py:1832} INFO - Sync 1 DAGs
[2022-03-21 05:39:12,091] {logging_mixin.py:104} INFO - [2022-03-21 05:39:12,091] {dag.py:2305} INFO - Setting next_dagrun for example_branch_operator to 2022-03-19 00:00:00+00:00
[2022-03-21 05:39:12,211] {scheduler_job.py:190} INFO - Processing /home/airflow/sandbox/lib/python3.8/site-packages/airflow/example_dags/example_branch_operator.py took 0.371 seconds
[2022-03-21 05:40:00,721] {scheduler_job.py:182} INFO - Started process (PID=10422) to work on /home/airflow/sandbox/lib/python3.8/site-packages/airflow/example_dags/example_branch_operator.py
[2022-03-21 05:40:00,724] {scheduler_job.py:633} INFO - Processing file /home/airflow/sandbox/lib/python3.8/site-packages/airflow/example_dags/example_branch_operator.py for tasks to queue
[2022-03-21 05:40:00,725] {logging_mixin.py:104} INFO - [2022-03-21 05:40:00,725] {dagbag.py:487} INFO - Filling up the DagBag from /home/airflow/sandbox/lib/python3.8/site-packages/airflow/example_dags/example_branch_operator.py
[2022-03-21 05:40:00,762] {scheduler_job.py:643} INFO - DAG(s) dict_keys(['example_branch_operator']) retrieved from /home/airflow/sandbox/lib/python3.8/site-packages/airflow/example_dags/example_branch_operator.py
[2022-03-21 05:40:00,818] {logging_mixin.py:104} INFO - [2022-03-21 05:40:00,818] {dag.py:1832} INFO - Sync 1 DAGs
[2022-03-21 05:40:00,914] {logging_mixin.py:104} INFO - [2022-03-21 05:40:00,914] {dag.py:2305} INFO - Setting next_dagrun for example_branch_operator to 2022-03-19 00:00:00+00:00
[2022-03-21 05:40:00,961] {scheduler_job.py:190} INFO - Processing /home/airflow/sandbox/lib/python3.8/site-packages/airflow/example_dags/example_branch_operator.py took 0.265 seconds
[2022-03-21 05:40:52,877] {scheduler_job.py:182} INFO - Started process (PID=10518) to work on /home/airflow/sandbox/lib/python3.8/site-packages/airflow/example_dags/example_branch_operator.py
[2022-03-21 05:40:52,881] {scheduler_job.py:633} INFO - Processing file /home/airflow/sandbox/lib/python3.8/site-packages/airflow/example_dags/example_branch_operator.py for tasks to queue
[2022-03-21 05:40:52,882] {logging_mixin.py:104} INFO - [2022-03-21 05:40:52,882] {dagbag.py:487} INFO - Filling up the DagBag from /home/airflow/sandbox/lib/python3.8/site-packages/airflow/example_dags/example_branch_operator.py
[2022-03-21 05:40:52,913] {scheduler_job.py:643} INFO - DAG(s) dict_keys(['example_branch_operator']) retrieved from /home/airflow/sandbox/lib/python3.8/site-packages/airflow/example_dags/example_branch_operator.py
[2022-03-21 05:40:52,957] {logging_mixin.py:104} INFO - [2022-03-21 05:40:52,953] {dag.py:1832} INFO - Sync 1 DAGs
[2022-03-21 05:40:52,994] {logging_mixin.py:104} INFO - [2022-03-21 05:40:52,994] {dag.py:2305} INFO - Setting next_dagrun for example_branch_operator to 2022-03-19 00:00:00+00:00
[2022-03-21 05:40:53,038] {scheduler_job.py:190} INFO - Processing /home/airflow/sandbox/lib/python3.8/site-packages/airflow/example_dags/example_branch_operator.py took 0.170 seconds
[2022-03-21 05:41:38,402] {scheduler_job.py:182} INFO - Started process (PID=10552) to work on /home/airflow/sandbox/lib/python3.8/site-packages/airflow/example_dags/example_branch_operator.py
[2022-03-21 05:41:38,405] {scheduler_job.py:633} INFO - Processing file /home/airflow/sandbox/lib/python3.8/site-packages/airflow/example_dags/example_branch_operator.py for tasks to queue
[2022-03-21 05:41:38,407] {logging_mixin.py:104} INFO - [2022-03-21 05:41:38,407] {dagbag.py:487} INFO - Filling up the DagBag from /home/airflow/sandbox/lib/python3.8/site-packages/airflow/example_dags/example_branch_operator.py
[2022-03-21 05:41:38,434] {scheduler_job.py:643} INFO - DAG(s) dict_keys(['example_branch_operator']) retrieved from /home/airflow/sandbox/lib/python3.8/site-packages/airflow/example_dags/example_branch_operator.py
[2022-03-21 05:41:38,480] {logging_mixin.py:104} INFO - [2022-03-21 05:41:38,480] {dag.py:1832} INFO - Sync 1 DAGs
[2022-03-21 05:41:38,516] {logging_mixin.py:104} INFO - [2022-03-21 05:41:38,515] {dag.py:2305} INFO - Setting next_dagrun for example_branch_operator to 2022-03-19 00:00:00+00:00
[2022-03-21 05:41:38,562] {scheduler_job.py:190} INFO - Processing /home/airflow/sandbox/lib/python3.8/site-packages/airflow/example_dags/example_branch_operator.py took 0.170 seconds
[2022-03-21 05:42:24,431] {scheduler_job.py:182} INFO - Started process (PID=10586) to work on /home/airflow/sandbox/lib/python3.8/site-packages/airflow/example_dags/example_branch_operator.py
[2022-03-21 05:42:24,434] {scheduler_job.py:633} INFO - Processing file /home/airflow/sandbox/lib/python3.8/site-packages/airflow/example_dags/example_branch_operator.py for tasks to queue
[2022-03-21 05:42:24,437] {logging_mixin.py:104} INFO - [2022-03-21 05:42:24,437] {dagbag.py:487} INFO - Filling up the DagBag from /home/airflow/sandbox/lib/python3.8/site-packages/airflow/example_dags/example_branch_operator.py
[2022-03-21 05:42:24,466] {scheduler_job.py:643} INFO - DAG(s) dict_keys(['example_branch_operator']) retrieved from /home/airflow/sandbox/lib/python3.8/site-packages/airflow/example_dags/example_branch_operator.py
[2022-03-21 05:42:24,555] {logging_mixin.py:104} INFO - [2022-03-21 05:42:24,555] {dag.py:1832} INFO - Sync 1 DAGs
[2022-03-21 05:42:24,605] {logging_mixin.py:104} INFO - [2022-03-21 05:42:24,602] {dag.py:2305} INFO - Setting next_dagrun for example_branch_operator to 2022-03-19 00:00:00+00:00
[2022-03-21 05:42:24,657] {scheduler_job.py:190} INFO - Processing /home/airflow/sandbox/lib/python3.8/site-packages/airflow/example_dags/example_branch_operator.py took 0.240 seconds
[2022-03-21 05:43:16,516] {scheduler_job.py:182} INFO - Started process (PID=10621) to work on /home/airflow/sandbox/lib/python3.8/site-packages/airflow/example_dags/example_branch_operator.py
[2022-03-21 05:43:16,518] {scheduler_job.py:633} INFO - Processing file /home/airflow/sandbox/lib/python3.8/site-packages/airflow/example_dags/example_branch_operator.py for tasks to queue
[2022-03-21 05:43:16,520] {logging_mixin.py:104} INFO - [2022-03-21 05:43:16,519] {dagbag.py:487} INFO - Filling up the DagBag from /home/airflow/sandbox/lib/python3.8/site-packages/airflow/example_dags/example_branch_operator.py
[2022-03-21 05:43:16,542] {scheduler_job.py:643} INFO - DAG(s) dict_keys(['example_branch_operator']) retrieved from /home/airflow/sandbox/lib/python3.8/site-packages/airflow/example_dags/example_branch_operator.py
[2022-03-21 05:43:16,579] {logging_mixin.py:104} INFO - [2022-03-21 05:43:16,579] {dag.py:1832} INFO - Sync 1 DAGs
[2022-03-21 05:43:16,616] {logging_mixin.py:104} INFO - [2022-03-21 05:43:16,615] {dag.py:2305} INFO - Setting next_dagrun for example_branch_operator to 2022-03-19 00:00:00+00:00
[2022-03-21 05:43:16,663] {scheduler_job.py:190} INFO - Processing /home/airflow/sandbox/lib/python3.8/site-packages/airflow/example_dags/example_branch_operator.py took 0.155 seconds
[2022-03-21 05:44:14,527] {scheduler_job.py:182} INFO - Started process (PID=10661) to work on /home/airflow/sandbox/lib/python3.8/site-packages/airflow/example_dags/example_branch_operator.py
[2022-03-21 05:44:14,531] {scheduler_job.py:633} INFO - Processing file /home/airflow/sandbox/lib/python3.8/site-packages/airflow/example_dags/example_branch_operator.py for tasks to queue
[2022-03-21 05:44:14,533] {logging_mixin.py:104} INFO - [2022-03-21 05:44:14,533] {dagbag.py:487} INFO - Filling up the DagBag from /home/airflow/sandbox/lib/python3.8/site-packages/airflow/example_dags/example_branch_operator.py
[2022-03-21 05:44:14,569] {scheduler_job.py:643} INFO - DAG(s) dict_keys(['example_branch_operator']) retrieved from /home/airflow/sandbox/lib/python3.8/site-packages/airflow/example_dags/example_branch_operator.py
[2022-03-21 05:44:14,645] {logging_mixin.py:104} INFO - [2022-03-21 05:44:14,644] {dag.py:1832} INFO - Sync 1 DAGs
[2022-03-21 05:44:14,727] {logging_mixin.py:104} INFO - [2022-03-21 05:44:14,727] {dag.py:2305} INFO - Setting next_dagrun for example_branch_operator to 2022-03-19 00:00:00+00:00
[2022-03-21 05:44:14,811] {scheduler_job.py:190} INFO - Processing /home/airflow/sandbox/lib/python3.8/site-packages/airflow/example_dags/example_branch_operator.py took 0.301 seconds
[2022-03-21 05:45:07,221] {scheduler_job.py:182} INFO - Started process (PID=10698) to work on /home/airflow/sandbox/lib/python3.8/site-packages/airflow/example_dags/example_branch_operator.py
[2022-03-21 05:45:07,223] {scheduler_job.py:633} INFO - Processing file /home/airflow/sandbox/lib/python3.8/site-packages/airflow/example_dags/example_branch_operator.py for tasks to queue
[2022-03-21 05:45:07,225] {logging_mixin.py:104} INFO - [2022-03-21 05:45:07,224] {dagbag.py:487} INFO - Filling up the DagBag from /home/airflow/sandbox/lib/python3.8/site-packages/airflow/example_dags/example_branch_operator.py
[2022-03-21 05:45:07,249] {scheduler_job.py:643} INFO - DAG(s) dict_keys(['example_branch_operator']) retrieved from /home/airflow/sandbox/lib/python3.8/site-packages/airflow/example_dags/example_branch_operator.py
[2022-03-21 05:45:07,285] {logging_mixin.py:104} INFO - [2022-03-21 05:45:07,285] {dag.py:1832} INFO - Sync 1 DAGs
[2022-03-21 05:45:07,318] {logging_mixin.py:104} INFO - [2022-03-21 05:45:07,318] {dag.py:2305} INFO - Setting next_dagrun for example_branch_operator to 2022-03-19 00:00:00+00:00
[2022-03-21 05:45:07,356] {scheduler_job.py:190} INFO - Processing /home/airflow/sandbox/lib/python3.8/site-packages/airflow/example_dags/example_branch_operator.py took 0.143 seconds
[2022-03-21 05:45:51,468] {scheduler_job.py:182} INFO - Started process (PID=10788) to work on /home/airflow/sandbox/lib/python3.8/site-packages/airflow/example_dags/example_branch_operator.py
[2022-03-21 05:45:51,473] {scheduler_job.py:633} INFO - Processing file /home/airflow/sandbox/lib/python3.8/site-packages/airflow/example_dags/example_branch_operator.py for tasks to queue
[2022-03-21 05:45:51,474] {logging_mixin.py:104} INFO - [2022-03-21 05:45:51,474] {dagbag.py:487} INFO - Filling up the DagBag from /home/airflow/sandbox/lib/python3.8/site-packages/airflow/example_dags/example_branch_operator.py
[2022-03-21 05:45:51,497] {scheduler_job.py:643} INFO - DAG(s) dict_keys(['example_branch_operator']) retrieved from /home/airflow/sandbox/lib/python3.8/site-packages/airflow/example_dags/example_branch_operator.py
[2022-03-21 05:45:51,531] {logging_mixin.py:104} INFO - [2022-03-21 05:45:51,531] {dag.py:1832} INFO - Sync 1 DAGs
[2022-03-21 05:45:51,565] {logging_mixin.py:104} INFO - [2022-03-21 05:45:51,565] {dag.py:2305} INFO - Setting next_dagrun for example_branch_operator to 2022-03-19 00:00:00+00:00
[2022-03-21 05:45:51,611] {scheduler_job.py:190} INFO - Processing /home/airflow/sandbox/lib/python3.8/site-packages/airflow/example_dags/example_branch_operator.py took 0.159 seconds
[2022-03-21 05:47:11,533] {scheduler_job.py:182} INFO - Started process (PID=11453) to work on /home/airflow/sandbox/lib/python3.8/site-packages/airflow/example_dags/example_branch_operator.py
[2022-03-21 05:47:11,539] {scheduler_job.py:633} INFO - Processing file /home/airflow/sandbox/lib/python3.8/site-packages/airflow/example_dags/example_branch_operator.py for tasks to queue
[2022-03-21 05:47:11,540] {logging_mixin.py:104} INFO - [2022-03-21 05:47:11,540] {dagbag.py:487} INFO - Filling up the DagBag from /home/airflow/sandbox/lib/python3.8/site-packages/airflow/example_dags/example_branch_operator.py
[2022-03-21 05:47:11,562] {scheduler_job.py:643} INFO - DAG(s) dict_keys(['example_branch_operator']) retrieved from /home/airflow/sandbox/lib/python3.8/site-packages/airflow/example_dags/example_branch_operator.py
[2022-03-21 05:47:11,601] {logging_mixin.py:104} INFO - [2022-03-21 05:47:11,601] {dag.py:1832} INFO - Sync 1 DAGs
[2022-03-21 05:47:11,628] {logging_mixin.py:104} INFO - [2022-03-21 05:47:11,628] {dag.py:2305} INFO - Setting next_dagrun for example_branch_operator to 2022-03-19 00:00:00+00:00
[2022-03-21 05:47:11,667] {scheduler_job.py:190} INFO - Processing /home/airflow/sandbox/lib/python3.8/site-packages/airflow/example_dags/example_branch_operator.py took 0.142 seconds
[2022-03-21 05:48:08,705] {scheduler_job.py:182} INFO - Started process (PID=11790) to work on /home/airflow/sandbox/lib/python3.8/site-packages/airflow/example_dags/example_branch_operator.py
[2022-03-21 05:48:08,708] {scheduler_job.py:633} INFO - Processing file /home/airflow/sandbox/lib/python3.8/site-packages/airflow/example_dags/example_branch_operator.py for tasks to queue
[2022-03-21 05:48:08,711] {logging_mixin.py:104} INFO - [2022-03-21 05:48:08,710] {dagbag.py:487} INFO - Filling up the DagBag from /home/airflow/sandbox/lib/python3.8/site-packages/airflow/example_dags/example_branch_operator.py
[2022-03-21 05:48:08,741] {scheduler_job.py:643} INFO - DAG(s) dict_keys(['example_branch_operator']) retrieved from /home/airflow/sandbox/lib/python3.8/site-packages/airflow/example_dags/example_branch_operator.py
[2022-03-21 05:48:08,783] {logging_mixin.py:104} INFO - [2022-03-21 05:48:08,783] {dag.py:1832} INFO - Sync 1 DAGs
[2022-03-21 05:48:08,818] {logging_mixin.py:104} INFO - [2022-03-21 05:48:08,818] {dag.py:2305} INFO - Setting next_dagrun for example_branch_operator to 2022-03-19 00:00:00+00:00
[2022-03-21 05:48:08,863] {scheduler_job.py:190} INFO - Processing /home/airflow/sandbox/lib/python3.8/site-packages/airflow/example_dags/example_branch_operator.py took 0.167 seconds
[2022-03-21 05:48:57,171] {scheduler_job.py:182} INFO - Started process (PID=12035) to work on /home/airflow/sandbox/lib/python3.8/site-packages/airflow/example_dags/example_branch_operator.py
[2022-03-21 05:48:57,180] {scheduler_job.py:633} INFO - Processing file /home/airflow/sandbox/lib/python3.8/site-packages/airflow/example_dags/example_branch_operator.py for tasks to queue
[2022-03-21 05:48:57,184] {logging_mixin.py:104} INFO - [2022-03-21 05:48:57,184] {dagbag.py:487} INFO - Filling up the DagBag from /home/airflow/sandbox/lib/python3.8/site-packages/airflow/example_dags/example_branch_operator.py
[2022-03-21 05:48:57,217] {scheduler_job.py:643} INFO - DAG(s) dict_keys(['example_branch_operator']) retrieved from /home/airflow/sandbox/lib/python3.8/site-packages/airflow/example_dags/example_branch_operator.py
[2022-03-21 05:48:57,268] {logging_mixin.py:104} INFO - [2022-03-21 05:48:57,268] {dag.py:1832} INFO - Sync 1 DAGs
[2022-03-21 05:48:57,429] {logging_mixin.py:104} INFO - [2022-03-21 05:48:57,407] {dag.py:2305} INFO - Setting next_dagrun for example_branch_operator to 2022-03-19 00:00:00+00:00
[2022-03-21 05:48:57,491] {scheduler_job.py:190} INFO - Processing /home/airflow/sandbox/lib/python3.8/site-packages/airflow/example_dags/example_branch_operator.py took 0.330 seconds
[2022-03-21 05:49:45,846] {scheduler_job.py:182} INFO - Started process (PID=12098) to work on /home/airflow/sandbox/lib/python3.8/site-packages/airflow/example_dags/example_branch_operator.py
[2022-03-21 05:49:45,849] {scheduler_job.py:633} INFO - Processing file /home/airflow/sandbox/lib/python3.8/site-packages/airflow/example_dags/example_branch_operator.py for tasks to queue
[2022-03-21 05:49:45,852] {logging_mixin.py:104} INFO - [2022-03-21 05:49:45,852] {dagbag.py:487} INFO - Filling up the DagBag from /home/airflow/sandbox/lib/python3.8/site-packages/airflow/example_dags/example_branch_operator.py
[2022-03-21 05:49:45,871] {scheduler_job.py:643} INFO - DAG(s) dict_keys(['example_branch_operator']) retrieved from /home/airflow/sandbox/lib/python3.8/site-packages/airflow/example_dags/example_branch_operator.py
[2022-03-21 05:49:45,908] {logging_mixin.py:104} INFO - [2022-03-21 05:49:45,908] {dag.py:1832} INFO - Sync 1 DAGs
[2022-03-21 05:49:45,943] {logging_mixin.py:104} INFO - [2022-03-21 05:49:45,942] {dag.py:2305} INFO - Setting next_dagrun for example_branch_operator to 2022-03-19 00:00:00+00:00
[2022-03-21 05:49:46,025] {scheduler_job.py:190} INFO - Processing /home/airflow/sandbox/lib/python3.8/site-packages/airflow/example_dags/example_branch_operator.py took 0.185 seconds
