[2022-03-21 05:14:48,106] {scheduler_job.py:182} INFO - Started process (PID=8194) to work on /home/airflow/sandbox/lib/python3.8/site-packages/airflow/example_dags/example_latest_only.py
[2022-03-21 05:14:48,109] {scheduler_job.py:633} INFO - Processing file /home/airflow/sandbox/lib/python3.8/site-packages/airflow/example_dags/example_latest_only.py for tasks to queue
[2022-03-21 05:14:48,110] {logging_mixin.py:104} INFO - [2022-03-21 05:14:48,110] {dagbag.py:487} INFO - Filling up the DagBag from /home/airflow/sandbox/lib/python3.8/site-packages/airflow/example_dags/example_latest_only.py
[2022-03-21 05:14:48,124] {scheduler_job.py:643} INFO - DAG(s) dict_keys(['latest_only']) retrieved from /home/airflow/sandbox/lib/python3.8/site-packages/airflow/example_dags/example_latest_only.py
[2022-03-21 05:14:48,725] {logging_mixin.py:104} INFO - [2022-03-21 05:14:48,725] {dag.py:1832} INFO - Sync 1 DAGs
[2022-03-21 05:14:48,742] {logging_mixin.py:104} INFO - [2022-03-21 05:14:48,742] {dag.py:2305} INFO - Setting next_dagrun for latest_only to 2022-03-19 00:00:00+00:00
[2022-03-21 05:14:48,802] {scheduler_job.py:190} INFO - Processing /home/airflow/sandbox/lib/python3.8/site-packages/airflow/example_dags/example_latest_only.py took 0.702 seconds
[2022-03-21 05:16:19,803] {scheduler_job.py:182} INFO - Started process (PID=8754) to work on /home/airflow/sandbox/lib/python3.8/site-packages/airflow/example_dags/example_latest_only.py
[2022-03-21 05:16:19,806] {scheduler_job.py:633} INFO - Processing file /home/airflow/sandbox/lib/python3.8/site-packages/airflow/example_dags/example_latest_only.py for tasks to queue
[2022-03-21 05:16:19,807] {logging_mixin.py:104} INFO - [2022-03-21 05:16:19,807] {dagbag.py:487} INFO - Filling up the DagBag from /home/airflow/sandbox/lib/python3.8/site-packages/airflow/example_dags/example_latest_only.py
[2022-03-21 05:16:19,848] {scheduler_job.py:643} INFO - DAG(s) dict_keys(['latest_only']) retrieved from /home/airflow/sandbox/lib/python3.8/site-packages/airflow/example_dags/example_latest_only.py
[2022-03-21 05:16:19,938] {logging_mixin.py:104} INFO - [2022-03-21 05:16:19,937] {dag.py:1832} INFO - Sync 1 DAGs
[2022-03-21 05:16:20,003] {logging_mixin.py:104} INFO - [2022-03-21 05:16:20,003] {dag.py:2305} INFO - Setting next_dagrun for latest_only to 2022-03-19 00:00:00+00:00
[2022-03-21 05:16:20,078] {scheduler_job.py:190} INFO - Processing /home/airflow/sandbox/lib/python3.8/site-packages/airflow/example_dags/example_latest_only.py took 0.292 seconds
[2022-03-21 05:17:06,207] {scheduler_job.py:182} INFO - Started process (PID=8971) to work on /home/airflow/sandbox/lib/python3.8/site-packages/airflow/example_dags/example_latest_only.py
[2022-03-21 05:17:06,210] {scheduler_job.py:633} INFO - Processing file /home/airflow/sandbox/lib/python3.8/site-packages/airflow/example_dags/example_latest_only.py for tasks to queue
[2022-03-21 05:17:06,216] {logging_mixin.py:104} INFO - [2022-03-21 05:17:06,216] {dagbag.py:487} INFO - Filling up the DagBag from /home/airflow/sandbox/lib/python3.8/site-packages/airflow/example_dags/example_latest_only.py
[2022-03-21 05:17:06,230] {scheduler_job.py:643} INFO - DAG(s) dict_keys(['latest_only']) retrieved from /home/airflow/sandbox/lib/python3.8/site-packages/airflow/example_dags/example_latest_only.py
[2022-03-21 05:17:06,272] {logging_mixin.py:104} INFO - [2022-03-21 05:17:06,272] {dag.py:1832} INFO - Sync 1 DAGs
[2022-03-21 05:17:06,324] {logging_mixin.py:104} INFO - [2022-03-21 05:17:06,324] {dag.py:2305} INFO - Setting next_dagrun for latest_only to 2022-03-19 00:00:00+00:00
[2022-03-21 05:17:06,408] {scheduler_job.py:190} INFO - Processing /home/airflow/sandbox/lib/python3.8/site-packages/airflow/example_dags/example_latest_only.py took 0.206 seconds
[2022-03-21 05:17:49,952] {scheduler_job.py:182} INFO - Started process (PID=9155) to work on /home/airflow/sandbox/lib/python3.8/site-packages/airflow/example_dags/example_latest_only.py
[2022-03-21 05:17:49,958] {scheduler_job.py:633} INFO - Processing file /home/airflow/sandbox/lib/python3.8/site-packages/airflow/example_dags/example_latest_only.py for tasks to queue
[2022-03-21 05:17:49,959] {logging_mixin.py:104} INFO - [2022-03-21 05:17:49,959] {dagbag.py:487} INFO - Filling up the DagBag from /home/airflow/sandbox/lib/python3.8/site-packages/airflow/example_dags/example_latest_only.py
[2022-03-21 05:17:49,974] {scheduler_job.py:643} INFO - DAG(s) dict_keys(['latest_only']) retrieved from /home/airflow/sandbox/lib/python3.8/site-packages/airflow/example_dags/example_latest_only.py
[2022-03-21 05:17:50,005] {logging_mixin.py:104} INFO - [2022-03-21 05:17:50,005] {dag.py:1832} INFO - Sync 1 DAGs
[2022-03-21 05:17:50,026] {logging_mixin.py:104} INFO - [2022-03-21 05:17:50,026] {dag.py:2305} INFO - Setting next_dagrun for latest_only to 2022-03-19 00:00:00+00:00
[2022-03-21 05:17:50,062] {scheduler_job.py:190} INFO - Processing /home/airflow/sandbox/lib/python3.8/site-packages/airflow/example_dags/example_latest_only.py took 0.118 seconds
[2022-03-21 05:18:42,246] {scheduler_job.py:182} INFO - Started process (PID=9251) to work on /home/airflow/sandbox/lib/python3.8/site-packages/airflow/example_dags/example_latest_only.py
[2022-03-21 05:18:42,249] {scheduler_job.py:633} INFO - Processing file /home/airflow/sandbox/lib/python3.8/site-packages/airflow/example_dags/example_latest_only.py for tasks to queue
[2022-03-21 05:18:42,250] {logging_mixin.py:104} INFO - [2022-03-21 05:18:42,250] {dagbag.py:487} INFO - Filling up the DagBag from /home/airflow/sandbox/lib/python3.8/site-packages/airflow/example_dags/example_latest_only.py
[2022-03-21 05:18:42,266] {scheduler_job.py:643} INFO - DAG(s) dict_keys(['latest_only']) retrieved from /home/airflow/sandbox/lib/python3.8/site-packages/airflow/example_dags/example_latest_only.py
[2022-03-21 05:18:42,300] {logging_mixin.py:104} INFO - [2022-03-21 05:18:42,300] {dag.py:1832} INFO - Sync 1 DAGs
[2022-03-21 05:18:42,326] {logging_mixin.py:104} INFO - [2022-03-21 05:18:42,326] {dag.py:2305} INFO - Setting next_dagrun for latest_only to 2022-03-19 00:00:00+00:00
[2022-03-21 05:18:42,372] {scheduler_job.py:190} INFO - Processing /home/airflow/sandbox/lib/python3.8/site-packages/airflow/example_dags/example_latest_only.py took 0.133 seconds
[2022-03-21 05:19:28,588] {scheduler_job.py:182} INFO - Started process (PID=9287) to work on /home/airflow/sandbox/lib/python3.8/site-packages/airflow/example_dags/example_latest_only.py
[2022-03-21 05:19:28,591] {scheduler_job.py:633} INFO - Processing file /home/airflow/sandbox/lib/python3.8/site-packages/airflow/example_dags/example_latest_only.py for tasks to queue
[2022-03-21 05:19:28,592] {logging_mixin.py:104} INFO - [2022-03-21 05:19:28,592] {dagbag.py:487} INFO - Filling up the DagBag from /home/airflow/sandbox/lib/python3.8/site-packages/airflow/example_dags/example_latest_only.py
[2022-03-21 05:19:28,605] {scheduler_job.py:643} INFO - DAG(s) dict_keys(['latest_only']) retrieved from /home/airflow/sandbox/lib/python3.8/site-packages/airflow/example_dags/example_latest_only.py
[2022-03-21 05:19:28,637] {logging_mixin.py:104} INFO - [2022-03-21 05:19:28,637] {dag.py:1832} INFO - Sync 1 DAGs
[2022-03-21 05:19:28,662] {logging_mixin.py:104} INFO - [2022-03-21 05:19:28,662] {dag.py:2305} INFO - Setting next_dagrun for latest_only to 2022-03-19 00:00:00+00:00
[2022-03-21 05:19:28,697] {scheduler_job.py:190} INFO - Processing /home/airflow/sandbox/lib/python3.8/site-packages/airflow/example_dags/example_latest_only.py took 0.118 seconds
[2022-03-21 05:20:11,418] {scheduler_job.py:182} INFO - Started process (PID=9319) to work on /home/airflow/sandbox/lib/python3.8/site-packages/airflow/example_dags/example_latest_only.py
[2022-03-21 05:20:11,420] {scheduler_job.py:633} INFO - Processing file /home/airflow/sandbox/lib/python3.8/site-packages/airflow/example_dags/example_latest_only.py for tasks to queue
[2022-03-21 05:20:11,421] {logging_mixin.py:104} INFO - [2022-03-21 05:20:11,421] {dagbag.py:487} INFO - Filling up the DagBag from /home/airflow/sandbox/lib/python3.8/site-packages/airflow/example_dags/example_latest_only.py
[2022-03-21 05:20:11,437] {scheduler_job.py:643} INFO - DAG(s) dict_keys(['latest_only']) retrieved from /home/airflow/sandbox/lib/python3.8/site-packages/airflow/example_dags/example_latest_only.py
[2022-03-21 05:20:11,466] {logging_mixin.py:104} INFO - [2022-03-21 05:20:11,466] {dag.py:1832} INFO - Sync 1 DAGs
[2022-03-21 05:20:11,487] {logging_mixin.py:104} INFO - [2022-03-21 05:20:11,487] {dag.py:2305} INFO - Setting next_dagrun for latest_only to 2022-03-19 00:00:00+00:00
[2022-03-21 05:20:11,524] {scheduler_job.py:190} INFO - Processing /home/airflow/sandbox/lib/python3.8/site-packages/airflow/example_dags/example_latest_only.py took 0.117 seconds
[2022-03-21 05:20:57,961] {scheduler_job.py:182} INFO - Started process (PID=9409) to work on /home/airflow/sandbox/lib/python3.8/site-packages/airflow/example_dags/example_latest_only.py
[2022-03-21 05:20:57,963] {scheduler_job.py:633} INFO - Processing file /home/airflow/sandbox/lib/python3.8/site-packages/airflow/example_dags/example_latest_only.py for tasks to queue
[2022-03-21 05:20:57,965] {logging_mixin.py:104} INFO - [2022-03-21 05:20:57,965] {dagbag.py:487} INFO - Filling up the DagBag from /home/airflow/sandbox/lib/python3.8/site-packages/airflow/example_dags/example_latest_only.py
[2022-03-21 05:20:57,981] {scheduler_job.py:643} INFO - DAG(s) dict_keys(['latest_only']) retrieved from /home/airflow/sandbox/lib/python3.8/site-packages/airflow/example_dags/example_latest_only.py
[2022-03-21 05:20:58,019] {logging_mixin.py:104} INFO - [2022-03-21 05:20:58,019] {dag.py:1832} INFO - Sync 1 DAGs
[2022-03-21 05:20:58,060] {logging_mixin.py:104} INFO - [2022-03-21 05:20:58,059] {dag.py:2305} INFO - Setting next_dagrun for latest_only to 2022-03-19 00:00:00+00:00
[2022-03-21 05:20:58,123] {scheduler_job.py:190} INFO - Processing /home/airflow/sandbox/lib/python3.8/site-packages/airflow/example_dags/example_latest_only.py took 0.169 seconds
[2022-03-21 05:21:49,664] {scheduler_job.py:182} INFO - Started process (PID=9444) to work on /home/airflow/sandbox/lib/python3.8/site-packages/airflow/example_dags/example_latest_only.py
[2022-03-21 05:21:49,666] {scheduler_job.py:633} INFO - Processing file /home/airflow/sandbox/lib/python3.8/site-packages/airflow/example_dags/example_latest_only.py for tasks to queue
[2022-03-21 05:21:49,672] {logging_mixin.py:104} INFO - [2022-03-21 05:21:49,672] {dagbag.py:487} INFO - Filling up the DagBag from /home/airflow/sandbox/lib/python3.8/site-packages/airflow/example_dags/example_latest_only.py
[2022-03-21 05:21:49,690] {scheduler_job.py:643} INFO - DAG(s) dict_keys(['latest_only']) retrieved from /home/airflow/sandbox/lib/python3.8/site-packages/airflow/example_dags/example_latest_only.py
[2022-03-21 05:21:49,715] {logging_mixin.py:104} INFO - [2022-03-21 05:21:49,715] {dag.py:1832} INFO - Sync 1 DAGs
[2022-03-21 05:21:49,737] {logging_mixin.py:104} INFO - [2022-03-21 05:21:49,737] {dag.py:2305} INFO - Setting next_dagrun for latest_only to 2022-03-19 00:00:00+00:00
[2022-03-21 05:21:49,774] {scheduler_job.py:190} INFO - Processing /home/airflow/sandbox/lib/python3.8/site-packages/airflow/example_dags/example_latest_only.py took 0.120 seconds
[2022-03-21 05:22:32,299] {scheduler_job.py:182} INFO - Started process (PID=9477) to work on /home/airflow/sandbox/lib/python3.8/site-packages/airflow/example_dags/example_latest_only.py
[2022-03-21 05:22:32,302] {scheduler_job.py:633} INFO - Processing file /home/airflow/sandbox/lib/python3.8/site-packages/airflow/example_dags/example_latest_only.py for tasks to queue
[2022-03-21 05:22:32,307] {logging_mixin.py:104} INFO - [2022-03-21 05:22:32,306] {dagbag.py:487} INFO - Filling up the DagBag from /home/airflow/sandbox/lib/python3.8/site-packages/airflow/example_dags/example_latest_only.py
[2022-03-21 05:22:32,333] {scheduler_job.py:643} INFO - DAG(s) dict_keys(['latest_only']) retrieved from /home/airflow/sandbox/lib/python3.8/site-packages/airflow/example_dags/example_latest_only.py
[2022-03-21 05:22:32,369] {logging_mixin.py:104} INFO - [2022-03-21 05:22:32,369] {dag.py:1832} INFO - Sync 1 DAGs
[2022-03-21 05:22:32,395] {logging_mixin.py:104} INFO - [2022-03-21 05:22:32,395] {dag.py:2305} INFO - Setting next_dagrun for latest_only to 2022-03-19 00:00:00+00:00
[2022-03-21 05:22:32,434] {scheduler_job.py:190} INFO - Processing /home/airflow/sandbox/lib/python3.8/site-packages/airflow/example_dags/example_latest_only.py took 0.146 seconds
[2022-03-21 05:23:15,291] {scheduler_job.py:182} INFO - Started process (PID=9510) to work on /home/airflow/sandbox/lib/python3.8/site-packages/airflow/example_dags/example_latest_only.py
[2022-03-21 05:23:15,293] {scheduler_job.py:633} INFO - Processing file /home/airflow/sandbox/lib/python3.8/site-packages/airflow/example_dags/example_latest_only.py for tasks to queue
[2022-03-21 05:23:15,294] {logging_mixin.py:104} INFO - [2022-03-21 05:23:15,294] {dagbag.py:487} INFO - Filling up the DagBag from /home/airflow/sandbox/lib/python3.8/site-packages/airflow/example_dags/example_latest_only.py
[2022-03-21 05:23:15,307] {scheduler_job.py:643} INFO - DAG(s) dict_keys(['latest_only']) retrieved from /home/airflow/sandbox/lib/python3.8/site-packages/airflow/example_dags/example_latest_only.py
[2022-03-21 05:23:15,338] {logging_mixin.py:104} INFO - [2022-03-21 05:23:15,338] {dag.py:1832} INFO - Sync 1 DAGs
[2022-03-21 05:23:15,364] {logging_mixin.py:104} INFO - [2022-03-21 05:23:15,364] {dag.py:2305} INFO - Setting next_dagrun for latest_only to 2022-03-19 00:00:00+00:00
[2022-03-21 05:23:15,424] {scheduler_job.py:190} INFO - Processing /home/airflow/sandbox/lib/python3.8/site-packages/airflow/example_dags/example_latest_only.py took 0.140 seconds
[2022-03-21 05:24:00,891] {scheduler_job.py:182} INFO - Started process (PID=9548) to work on /home/airflow/sandbox/lib/python3.8/site-packages/airflow/example_dags/example_latest_only.py
[2022-03-21 05:24:00,894] {scheduler_job.py:633} INFO - Processing file /home/airflow/sandbox/lib/python3.8/site-packages/airflow/example_dags/example_latest_only.py for tasks to queue
[2022-03-21 05:24:00,896] {logging_mixin.py:104} INFO - [2022-03-21 05:24:00,895] {dagbag.py:487} INFO - Filling up the DagBag from /home/airflow/sandbox/lib/python3.8/site-packages/airflow/example_dags/example_latest_only.py
[2022-03-21 05:24:00,917] {scheduler_job.py:643} INFO - DAG(s) dict_keys(['latest_only']) retrieved from /home/airflow/sandbox/lib/python3.8/site-packages/airflow/example_dags/example_latest_only.py
[2022-03-21 05:24:00,978] {logging_mixin.py:104} INFO - [2022-03-21 05:24:00,978] {dag.py:1832} INFO - Sync 1 DAGs
[2022-03-21 05:24:01,024] {logging_mixin.py:104} INFO - [2022-03-21 05:24:01,024] {dag.py:2305} INFO - Setting next_dagrun for latest_only to 2022-03-19 00:00:00+00:00
[2022-03-21 05:24:01,074] {scheduler_job.py:190} INFO - Processing /home/airflow/sandbox/lib/python3.8/site-packages/airflow/example_dags/example_latest_only.py took 0.191 seconds
[2022-03-21 05:24:44,031] {scheduler_job.py:182} INFO - Started process (PID=9580) to work on /home/airflow/sandbox/lib/python3.8/site-packages/airflow/example_dags/example_latest_only.py
[2022-03-21 05:24:44,036] {scheduler_job.py:633} INFO - Processing file /home/airflow/sandbox/lib/python3.8/site-packages/airflow/example_dags/example_latest_only.py for tasks to queue
[2022-03-21 05:24:44,038] {logging_mixin.py:104} INFO - [2022-03-21 05:24:44,037] {dagbag.py:487} INFO - Filling up the DagBag from /home/airflow/sandbox/lib/python3.8/site-packages/airflow/example_dags/example_latest_only.py
[2022-03-21 05:24:44,049] {scheduler_job.py:643} INFO - DAG(s) dict_keys(['latest_only']) retrieved from /home/airflow/sandbox/lib/python3.8/site-packages/airflow/example_dags/example_latest_only.py
[2022-03-21 05:24:44,082] {logging_mixin.py:104} INFO - [2022-03-21 05:24:44,082] {dag.py:1832} INFO - Sync 1 DAGs
[2022-03-21 05:24:44,115] {logging_mixin.py:104} INFO - [2022-03-21 05:24:44,114] {dag.py:2305} INFO - Setting next_dagrun for latest_only to 2022-03-19 00:00:00+00:00
[2022-03-21 05:24:44,160] {scheduler_job.py:190} INFO - Processing /home/airflow/sandbox/lib/python3.8/site-packages/airflow/example_dags/example_latest_only.py took 0.139 seconds
[2022-03-21 05:25:31,281] {scheduler_job.py:182} INFO - Started process (PID=9672) to work on /home/airflow/sandbox/lib/python3.8/site-packages/airflow/example_dags/example_latest_only.py
[2022-03-21 05:25:31,287] {scheduler_job.py:633} INFO - Processing file /home/airflow/sandbox/lib/python3.8/site-packages/airflow/example_dags/example_latest_only.py for tasks to queue
[2022-03-21 05:25:31,289] {logging_mixin.py:104} INFO - [2022-03-21 05:25:31,288] {dagbag.py:487} INFO - Filling up the DagBag from /home/airflow/sandbox/lib/python3.8/site-packages/airflow/example_dags/example_latest_only.py
[2022-03-21 05:25:31,302] {scheduler_job.py:643} INFO - DAG(s) dict_keys(['latest_only']) retrieved from /home/airflow/sandbox/lib/python3.8/site-packages/airflow/example_dags/example_latest_only.py
[2022-03-21 05:25:31,336] {logging_mixin.py:104} INFO - [2022-03-21 05:25:31,336] {dag.py:1832} INFO - Sync 1 DAGs
[2022-03-21 05:25:31,354] {logging_mixin.py:104} INFO - [2022-03-21 05:25:31,354] {dag.py:2305} INFO - Setting next_dagrun for latest_only to 2022-03-19 00:00:00+00:00
[2022-03-21 05:25:31,490] {scheduler_job.py:190} INFO - Processing /home/airflow/sandbox/lib/python3.8/site-packages/airflow/example_dags/example_latest_only.py took 0.215 seconds
[2022-03-21 05:26:17,633] {scheduler_job.py:182} INFO - Started process (PID=9705) to work on /home/airflow/sandbox/lib/python3.8/site-packages/airflow/example_dags/example_latest_only.py
[2022-03-21 05:26:17,635] {scheduler_job.py:633} INFO - Processing file /home/airflow/sandbox/lib/python3.8/site-packages/airflow/example_dags/example_latest_only.py for tasks to queue
[2022-03-21 05:26:17,636] {logging_mixin.py:104} INFO - [2022-03-21 05:26:17,636] {dagbag.py:487} INFO - Filling up the DagBag from /home/airflow/sandbox/lib/python3.8/site-packages/airflow/example_dags/example_latest_only.py
[2022-03-21 05:26:17,650] {scheduler_job.py:643} INFO - DAG(s) dict_keys(['latest_only']) retrieved from /home/airflow/sandbox/lib/python3.8/site-packages/airflow/example_dags/example_latest_only.py
[2022-03-21 05:26:17,684] {logging_mixin.py:104} INFO - [2022-03-21 05:26:17,684] {dag.py:1832} INFO - Sync 1 DAGs
[2022-03-21 05:26:17,812] {logging_mixin.py:104} INFO - [2022-03-21 05:26:17,808] {dag.py:2305} INFO - Setting next_dagrun for latest_only to 2022-03-19 00:00:00+00:00
[2022-03-21 05:26:17,842] {scheduler_job.py:190} INFO - Processing /home/airflow/sandbox/lib/python3.8/site-packages/airflow/example_dags/example_latest_only.py took 0.217 seconds
[2022-03-21 05:27:09,309] {scheduler_job.py:182} INFO - Started process (PID=9741) to work on /home/airflow/sandbox/lib/python3.8/site-packages/airflow/example_dags/example_latest_only.py
[2022-03-21 05:27:09,312] {scheduler_job.py:633} INFO - Processing file /home/airflow/sandbox/lib/python3.8/site-packages/airflow/example_dags/example_latest_only.py for tasks to queue
[2022-03-21 05:27:09,314] {logging_mixin.py:104} INFO - [2022-03-21 05:27:09,313] {dagbag.py:487} INFO - Filling up the DagBag from /home/airflow/sandbox/lib/python3.8/site-packages/airflow/example_dags/example_latest_only.py
[2022-03-21 05:27:09,333] {scheduler_job.py:643} INFO - DAG(s) dict_keys(['latest_only']) retrieved from /home/airflow/sandbox/lib/python3.8/site-packages/airflow/example_dags/example_latest_only.py
[2022-03-21 05:27:09,366] {logging_mixin.py:104} INFO - [2022-03-21 05:27:09,366] {dag.py:1832} INFO - Sync 1 DAGs
[2022-03-21 05:27:09,527] {logging_mixin.py:104} INFO - [2022-03-21 05:27:09,526] {dag.py:2305} INFO - Setting next_dagrun for latest_only to 2022-03-19 00:00:00+00:00
[2022-03-21 05:27:09,561] {scheduler_job.py:190} INFO - Processing /home/airflow/sandbox/lib/python3.8/site-packages/airflow/example_dags/example_latest_only.py took 0.268 seconds
[2022-03-21 05:28:02,444] {scheduler_job.py:182} INFO - Started process (PID=9778) to work on /home/airflow/sandbox/lib/python3.8/site-packages/airflow/example_dags/example_latest_only.py
[2022-03-21 05:28:02,448] {scheduler_job.py:633} INFO - Processing file /home/airflow/sandbox/lib/python3.8/site-packages/airflow/example_dags/example_latest_only.py for tasks to queue
[2022-03-21 05:28:02,454] {logging_mixin.py:104} INFO - [2022-03-21 05:28:02,454] {dagbag.py:487} INFO - Filling up the DagBag from /home/airflow/sandbox/lib/python3.8/site-packages/airflow/example_dags/example_latest_only.py
[2022-03-21 05:28:02,480] {scheduler_job.py:643} INFO - DAG(s) dict_keys(['latest_only']) retrieved from /home/airflow/sandbox/lib/python3.8/site-packages/airflow/example_dags/example_latest_only.py
[2022-03-21 05:28:02,526] {logging_mixin.py:104} INFO - [2022-03-21 05:28:02,525] {dag.py:1832} INFO - Sync 1 DAGs
[2022-03-21 05:28:02,713] {logging_mixin.py:104} INFO - [2022-03-21 05:28:02,712] {dag.py:2305} INFO - Setting next_dagrun for latest_only to 2022-03-19 00:00:00+00:00
[2022-03-21 05:28:02,763] {scheduler_job.py:190} INFO - Processing /home/airflow/sandbox/lib/python3.8/site-packages/airflow/example_dags/example_latest_only.py took 0.330 seconds
[2022-03-21 05:28:52,334] {scheduler_job.py:182} INFO - Started process (PID=9814) to work on /home/airflow/sandbox/lib/python3.8/site-packages/airflow/example_dags/example_latest_only.py
[2022-03-21 05:28:52,337] {scheduler_job.py:633} INFO - Processing file /home/airflow/sandbox/lib/python3.8/site-packages/airflow/example_dags/example_latest_only.py for tasks to queue
[2022-03-21 05:28:52,339] {logging_mixin.py:104} INFO - [2022-03-21 05:28:52,339] {dagbag.py:487} INFO - Filling up the DagBag from /home/airflow/sandbox/lib/python3.8/site-packages/airflow/example_dags/example_latest_only.py
[2022-03-21 05:28:52,499] {scheduler_job.py:643} INFO - DAG(s) dict_keys(['latest_only']) retrieved from /home/airflow/sandbox/lib/python3.8/site-packages/airflow/example_dags/example_latest_only.py
[2022-03-21 05:28:52,524] {logging_mixin.py:104} INFO - [2022-03-21 05:28:52,524] {dag.py:1832} INFO - Sync 1 DAGs
[2022-03-21 05:28:52,546] {logging_mixin.py:104} INFO - [2022-03-21 05:28:52,545] {dag.py:2305} INFO - Setting next_dagrun for latest_only to 2022-03-19 00:00:00+00:00
[2022-03-21 05:28:52,587] {scheduler_job.py:190} INFO - Processing /home/airflow/sandbox/lib/python3.8/site-packages/airflow/example_dags/example_latest_only.py took 0.260 seconds
[2022-03-21 05:29:44,394] {scheduler_job.py:182} INFO - Started process (PID=9851) to work on /home/airflow/sandbox/lib/python3.8/site-packages/airflow/example_dags/example_latest_only.py
[2022-03-21 05:29:44,397] {scheduler_job.py:633} INFO - Processing file /home/airflow/sandbox/lib/python3.8/site-packages/airflow/example_dags/example_latest_only.py for tasks to queue
[2022-03-21 05:29:44,398] {logging_mixin.py:104} INFO - [2022-03-21 05:29:44,398] {dagbag.py:487} INFO - Filling up the DagBag from /home/airflow/sandbox/lib/python3.8/site-packages/airflow/example_dags/example_latest_only.py
[2022-03-21 05:29:44,548] {scheduler_job.py:643} INFO - DAG(s) dict_keys(['latest_only']) retrieved from /home/airflow/sandbox/lib/python3.8/site-packages/airflow/example_dags/example_latest_only.py
[2022-03-21 05:29:44,572] {logging_mixin.py:104} INFO - [2022-03-21 05:29:44,572] {dag.py:1832} INFO - Sync 1 DAGs
[2022-03-21 05:29:44,597] {logging_mixin.py:104} INFO - [2022-03-21 05:29:44,597] {dag.py:2305} INFO - Setting next_dagrun for latest_only to 2022-03-19 00:00:00+00:00
[2022-03-21 05:29:44,633] {scheduler_job.py:190} INFO - Processing /home/airflow/sandbox/lib/python3.8/site-packages/airflow/example_dags/example_latest_only.py took 0.249 seconds
[2022-03-21 05:30:38,288] {scheduler_job.py:182} INFO - Started process (PID=9945) to work on /home/airflow/sandbox/lib/python3.8/site-packages/airflow/example_dags/example_latest_only.py
[2022-03-21 05:30:38,468] {scheduler_job.py:633} INFO - Processing file /home/airflow/sandbox/lib/python3.8/site-packages/airflow/example_dags/example_latest_only.py for tasks to queue
[2022-03-21 05:30:38,471] {logging_mixin.py:104} INFO - [2022-03-21 05:30:38,470] {dagbag.py:487} INFO - Filling up the DagBag from /home/airflow/sandbox/lib/python3.8/site-packages/airflow/example_dags/example_latest_only.py
[2022-03-21 05:30:38,502] {scheduler_job.py:643} INFO - DAG(s) dict_keys(['latest_only']) retrieved from /home/airflow/sandbox/lib/python3.8/site-packages/airflow/example_dags/example_latest_only.py
[2022-03-21 05:30:38,547] {logging_mixin.py:104} INFO - [2022-03-21 05:30:38,547] {dag.py:1832} INFO - Sync 1 DAGs
[2022-03-21 05:30:38,584] {logging_mixin.py:104} INFO - [2022-03-21 05:30:38,583] {dag.py:2305} INFO - Setting next_dagrun for latest_only to 2022-03-19 00:00:00+00:00
[2022-03-21 05:30:38,671] {scheduler_job.py:190} INFO - Processing /home/airflow/sandbox/lib/python3.8/site-packages/airflow/example_dags/example_latest_only.py took 0.391 seconds
[2022-03-21 05:31:31,449] {scheduler_job.py:182} INFO - Started process (PID=9985) to work on /home/airflow/sandbox/lib/python3.8/site-packages/airflow/example_dags/example_latest_only.py
[2022-03-21 05:31:31,452] {scheduler_job.py:633} INFO - Processing file /home/airflow/sandbox/lib/python3.8/site-packages/airflow/example_dags/example_latest_only.py for tasks to queue
[2022-03-21 05:31:31,456] {logging_mixin.py:104} INFO - [2022-03-21 05:31:31,456] {dagbag.py:487} INFO - Filling up the DagBag from /home/airflow/sandbox/lib/python3.8/site-packages/airflow/example_dags/example_latest_only.py
[2022-03-21 05:31:31,469] {scheduler_job.py:643} INFO - DAG(s) dict_keys(['latest_only']) retrieved from /home/airflow/sandbox/lib/python3.8/site-packages/airflow/example_dags/example_latest_only.py
[2022-03-21 05:31:31,502] {logging_mixin.py:104} INFO - [2022-03-21 05:31:31,502] {dag.py:1832} INFO - Sync 1 DAGs
[2022-03-21 05:31:31,523] {logging_mixin.py:104} INFO - [2022-03-21 05:31:31,523] {dag.py:2305} INFO - Setting next_dagrun for latest_only to 2022-03-19 00:00:00+00:00
[2022-03-21 05:31:31,940] {scheduler_job.py:190} INFO - Processing /home/airflow/sandbox/lib/python3.8/site-packages/airflow/example_dags/example_latest_only.py took 0.499 seconds
[2022-03-21 05:32:13,296] {scheduler_job.py:182} INFO - Started process (PID=10017) to work on /home/airflow/sandbox/lib/python3.8/site-packages/airflow/example_dags/example_latest_only.py
[2022-03-21 05:32:13,299] {scheduler_job.py:633} INFO - Processing file /home/airflow/sandbox/lib/python3.8/site-packages/airflow/example_dags/example_latest_only.py for tasks to queue
[2022-03-21 05:32:13,300] {logging_mixin.py:104} INFO - [2022-03-21 05:32:13,300] {dagbag.py:487} INFO - Filling up the DagBag from /home/airflow/sandbox/lib/python3.8/site-packages/airflow/example_dags/example_latest_only.py
[2022-03-21 05:32:13,310] {scheduler_job.py:643} INFO - DAG(s) dict_keys(['latest_only']) retrieved from /home/airflow/sandbox/lib/python3.8/site-packages/airflow/example_dags/example_latest_only.py
[2022-03-21 05:32:13,344] {logging_mixin.py:104} INFO - [2022-03-21 05:32:13,344] {dag.py:1832} INFO - Sync 1 DAGs
[2022-03-21 05:32:13,365] {logging_mixin.py:104} INFO - [2022-03-21 05:32:13,364] {dag.py:2305} INFO - Setting next_dagrun for latest_only to 2022-03-19 00:00:00+00:00
[2022-03-21 05:32:13,403] {scheduler_job.py:190} INFO - Processing /home/airflow/sandbox/lib/python3.8/site-packages/airflow/example_dags/example_latest_only.py took 0.120 seconds
[2022-03-21 05:32:54,769] {scheduler_job.py:182} INFO - Started process (PID=10049) to work on /home/airflow/sandbox/lib/python3.8/site-packages/airflow/example_dags/example_latest_only.py
[2022-03-21 05:32:54,772] {scheduler_job.py:633} INFO - Processing file /home/airflow/sandbox/lib/python3.8/site-packages/airflow/example_dags/example_latest_only.py for tasks to queue
[2022-03-21 05:32:54,773] {logging_mixin.py:104} INFO - [2022-03-21 05:32:54,773] {dagbag.py:487} INFO - Filling up the DagBag from /home/airflow/sandbox/lib/python3.8/site-packages/airflow/example_dags/example_latest_only.py
[2022-03-21 05:32:54,795] {scheduler_job.py:643} INFO - DAG(s) dict_keys(['latest_only']) retrieved from /home/airflow/sandbox/lib/python3.8/site-packages/airflow/example_dags/example_latest_only.py
[2022-03-21 05:32:54,833] {logging_mixin.py:104} INFO - [2022-03-21 05:32:54,832] {dag.py:1832} INFO - Sync 1 DAGs
[2022-03-21 05:32:54,853] {logging_mixin.py:104} INFO - [2022-03-21 05:32:54,853] {dag.py:2305} INFO - Setting next_dagrun for latest_only to 2022-03-19 00:00:00+00:00
[2022-03-21 05:32:54,888] {scheduler_job.py:190} INFO - Processing /home/airflow/sandbox/lib/python3.8/site-packages/airflow/example_dags/example_latest_only.py took 0.142 seconds
[2022-03-21 05:33:38,799] {scheduler_job.py:182} INFO - Started process (PID=10082) to work on /home/airflow/sandbox/lib/python3.8/site-packages/airflow/example_dags/example_latest_only.py
[2022-03-21 05:33:38,801] {scheduler_job.py:633} INFO - Processing file /home/airflow/sandbox/lib/python3.8/site-packages/airflow/example_dags/example_latest_only.py for tasks to queue
[2022-03-21 05:33:38,803] {logging_mixin.py:104} INFO - [2022-03-21 05:33:38,802] {dagbag.py:487} INFO - Filling up the DagBag from /home/airflow/sandbox/lib/python3.8/site-packages/airflow/example_dags/example_latest_only.py
[2022-03-21 05:33:38,815] {scheduler_job.py:643} INFO - DAG(s) dict_keys(['latest_only']) retrieved from /home/airflow/sandbox/lib/python3.8/site-packages/airflow/example_dags/example_latest_only.py
[2022-03-21 05:33:38,852] {logging_mixin.py:104} INFO - [2022-03-21 05:33:38,852] {dag.py:1832} INFO - Sync 1 DAGs
[2022-03-21 05:33:38,876] {logging_mixin.py:104} INFO - [2022-03-21 05:33:38,876] {dag.py:2305} INFO - Setting next_dagrun for latest_only to 2022-03-19 00:00:00+00:00
[2022-03-21 05:33:38,910] {scheduler_job.py:190} INFO - Processing /home/airflow/sandbox/lib/python3.8/site-packages/airflow/example_dags/example_latest_only.py took 0.120 seconds
[2022-03-21 05:34:21,230] {scheduler_job.py:182} INFO - Started process (PID=10114) to work on /home/airflow/sandbox/lib/python3.8/site-packages/airflow/example_dags/example_latest_only.py
[2022-03-21 05:34:21,232] {scheduler_job.py:633} INFO - Processing file /home/airflow/sandbox/lib/python3.8/site-packages/airflow/example_dags/example_latest_only.py for tasks to queue
[2022-03-21 05:34:21,234] {logging_mixin.py:104} INFO - [2022-03-21 05:34:21,233] {dagbag.py:487} INFO - Filling up the DagBag from /home/airflow/sandbox/lib/python3.8/site-packages/airflow/example_dags/example_latest_only.py
[2022-03-21 05:34:21,249] {scheduler_job.py:643} INFO - DAG(s) dict_keys(['latest_only']) retrieved from /home/airflow/sandbox/lib/python3.8/site-packages/airflow/example_dags/example_latest_only.py
[2022-03-21 05:34:21,282] {logging_mixin.py:104} INFO - [2022-03-21 05:34:21,282] {dag.py:1832} INFO - Sync 1 DAGs
[2022-03-21 05:34:21,301] {logging_mixin.py:104} INFO - [2022-03-21 05:34:21,301] {dag.py:2305} INFO - Setting next_dagrun for latest_only to 2022-03-19 00:00:00+00:00
[2022-03-21 05:34:21,337] {scheduler_job.py:190} INFO - Processing /home/airflow/sandbox/lib/python3.8/site-packages/airflow/example_dags/example_latest_only.py took 0.115 seconds
[2022-03-21 05:35:09,981] {scheduler_job.py:182} INFO - Started process (PID=10149) to work on /home/airflow/sandbox/lib/python3.8/site-packages/airflow/example_dags/example_latest_only.py
[2022-03-21 05:35:09,985] {scheduler_job.py:633} INFO - Processing file /home/airflow/sandbox/lib/python3.8/site-packages/airflow/example_dags/example_latest_only.py for tasks to queue
[2022-03-21 05:35:09,986] {logging_mixin.py:104} INFO - [2022-03-21 05:35:09,986] {dagbag.py:487} INFO - Filling up the DagBag from /home/airflow/sandbox/lib/python3.8/site-packages/airflow/example_dags/example_latest_only.py
[2022-03-21 05:35:10,000] {scheduler_job.py:643} INFO - DAG(s) dict_keys(['latest_only']) retrieved from /home/airflow/sandbox/lib/python3.8/site-packages/airflow/example_dags/example_latest_only.py
[2022-03-21 05:35:10,030] {logging_mixin.py:104} INFO - [2022-03-21 05:35:10,030] {dag.py:1832} INFO - Sync 1 DAGs
[2022-03-21 05:35:10,052] {logging_mixin.py:104} INFO - [2022-03-21 05:35:10,052] {dag.py:2305} INFO - Setting next_dagrun for latest_only to 2022-03-19 00:00:00+00:00
[2022-03-21 05:35:10,091] {scheduler_job.py:190} INFO - Processing /home/airflow/sandbox/lib/python3.8/site-packages/airflow/example_dags/example_latest_only.py took 0.115 seconds
[2022-03-21 05:35:55,607] {scheduler_job.py:182} INFO - Started process (PID=10239) to work on /home/airflow/sandbox/lib/python3.8/site-packages/airflow/example_dags/example_latest_only.py
[2022-03-21 05:35:55,609] {scheduler_job.py:633} INFO - Processing file /home/airflow/sandbox/lib/python3.8/site-packages/airflow/example_dags/example_latest_only.py for tasks to queue
[2022-03-21 05:35:55,610] {logging_mixin.py:104} INFO - [2022-03-21 05:35:55,610] {dagbag.py:487} INFO - Filling up the DagBag from /home/airflow/sandbox/lib/python3.8/site-packages/airflow/example_dags/example_latest_only.py
[2022-03-21 05:35:55,622] {scheduler_job.py:643} INFO - DAG(s) dict_keys(['latest_only']) retrieved from /home/airflow/sandbox/lib/python3.8/site-packages/airflow/example_dags/example_latest_only.py
[2022-03-21 05:35:55,655] {logging_mixin.py:104} INFO - [2022-03-21 05:35:55,655] {dag.py:1832} INFO - Sync 1 DAGs
[2022-03-21 05:35:55,681] {logging_mixin.py:104} INFO - [2022-03-21 05:35:55,681] {dag.py:2305} INFO - Setting next_dagrun for latest_only to 2022-03-19 00:00:00+00:00
[2022-03-21 05:35:55,729] {scheduler_job.py:190} INFO - Processing /home/airflow/sandbox/lib/python3.8/site-packages/airflow/example_dags/example_latest_only.py took 0.129 seconds
[2022-03-21 05:36:44,311] {scheduler_job.py:182} INFO - Started process (PID=10274) to work on /home/airflow/sandbox/lib/python3.8/site-packages/airflow/example_dags/example_latest_only.py
[2022-03-21 05:36:44,315] {scheduler_job.py:633} INFO - Processing file /home/airflow/sandbox/lib/python3.8/site-packages/airflow/example_dags/example_latest_only.py for tasks to queue
[2022-03-21 05:36:44,317] {logging_mixin.py:104} INFO - [2022-03-21 05:36:44,317] {dagbag.py:487} INFO - Filling up the DagBag from /home/airflow/sandbox/lib/python3.8/site-packages/airflow/example_dags/example_latest_only.py
[2022-03-21 05:36:44,332] {scheduler_job.py:643} INFO - DAG(s) dict_keys(['latest_only']) retrieved from /home/airflow/sandbox/lib/python3.8/site-packages/airflow/example_dags/example_latest_only.py
[2022-03-21 05:36:44,375] {logging_mixin.py:104} INFO - [2022-03-21 05:36:44,375] {dag.py:1832} INFO - Sync 1 DAGs
[2022-03-21 05:36:44,404] {logging_mixin.py:104} INFO - [2022-03-21 05:36:44,404] {dag.py:2305} INFO - Setting next_dagrun for latest_only to 2022-03-19 00:00:00+00:00
[2022-03-21 05:36:44,443] {scheduler_job.py:190} INFO - Processing /home/airflow/sandbox/lib/python3.8/site-packages/airflow/example_dags/example_latest_only.py took 0.146 seconds
[2022-03-21 05:37:29,607] {scheduler_job.py:182} INFO - Started process (PID=10308) to work on /home/airflow/sandbox/lib/python3.8/site-packages/airflow/example_dags/example_latest_only.py
[2022-03-21 05:37:29,609] {scheduler_job.py:633} INFO - Processing file /home/airflow/sandbox/lib/python3.8/site-packages/airflow/example_dags/example_latest_only.py for tasks to queue
[2022-03-21 05:37:29,610] {logging_mixin.py:104} INFO - [2022-03-21 05:37:29,610] {dagbag.py:487} INFO - Filling up the DagBag from /home/airflow/sandbox/lib/python3.8/site-packages/airflow/example_dags/example_latest_only.py
[2022-03-21 05:37:29,622] {scheduler_job.py:643} INFO - DAG(s) dict_keys(['latest_only']) retrieved from /home/airflow/sandbox/lib/python3.8/site-packages/airflow/example_dags/example_latest_only.py
[2022-03-21 05:37:29,655] {logging_mixin.py:104} INFO - [2022-03-21 05:37:29,654] {dag.py:1832} INFO - Sync 1 DAGs
[2022-03-21 05:37:29,679] {logging_mixin.py:104} INFO - [2022-03-21 05:37:29,678] {dag.py:2305} INFO - Setting next_dagrun for latest_only to 2022-03-19 00:00:00+00:00
[2022-03-21 05:37:29,726] {scheduler_job.py:190} INFO - Processing /home/airflow/sandbox/lib/python3.8/site-packages/airflow/example_dags/example_latest_only.py took 0.126 seconds
[2022-03-21 05:38:13,669] {scheduler_job.py:182} INFO - Started process (PID=10341) to work on /home/airflow/sandbox/lib/python3.8/site-packages/airflow/example_dags/example_latest_only.py
[2022-03-21 05:38:13,672] {scheduler_job.py:633} INFO - Processing file /home/airflow/sandbox/lib/python3.8/site-packages/airflow/example_dags/example_latest_only.py for tasks to queue
[2022-03-21 05:38:13,673] {logging_mixin.py:104} INFO - [2022-03-21 05:38:13,673] {dagbag.py:487} INFO - Filling up the DagBag from /home/airflow/sandbox/lib/python3.8/site-packages/airflow/example_dags/example_latest_only.py
[2022-03-21 05:38:13,687] {scheduler_job.py:643} INFO - DAG(s) dict_keys(['latest_only']) retrieved from /home/airflow/sandbox/lib/python3.8/site-packages/airflow/example_dags/example_latest_only.py
[2022-03-21 05:38:13,719] {logging_mixin.py:104} INFO - [2022-03-21 05:38:13,719] {dag.py:1832} INFO - Sync 1 DAGs
[2022-03-21 05:38:13,740] {logging_mixin.py:104} INFO - [2022-03-21 05:38:13,737] {dag.py:2305} INFO - Setting next_dagrun for latest_only to 2022-03-19 00:00:00+00:00
[2022-03-21 05:38:13,774] {scheduler_job.py:190} INFO - Processing /home/airflow/sandbox/lib/python3.8/site-packages/airflow/example_dags/example_latest_only.py took 0.115 seconds
[2022-03-21 05:38:55,654] {scheduler_job.py:182} INFO - Started process (PID=10375) to work on /home/airflow/sandbox/lib/python3.8/site-packages/airflow/example_dags/example_latest_only.py
[2022-03-21 05:38:55,660] {scheduler_job.py:633} INFO - Processing file /home/airflow/sandbox/lib/python3.8/site-packages/airflow/example_dags/example_latest_only.py for tasks to queue
[2022-03-21 05:38:55,663] {logging_mixin.py:104} INFO - [2022-03-21 05:38:55,662] {dagbag.py:487} INFO - Filling up the DagBag from /home/airflow/sandbox/lib/python3.8/site-packages/airflow/example_dags/example_latest_only.py
[2022-03-21 05:38:55,687] {scheduler_job.py:643} INFO - DAG(s) dict_keys(['latest_only']) retrieved from /home/airflow/sandbox/lib/python3.8/site-packages/airflow/example_dags/example_latest_only.py
[2022-03-21 05:38:55,748] {logging_mixin.py:104} INFO - [2022-03-21 05:38:55,747] {dag.py:1832} INFO - Sync 1 DAGs
[2022-03-21 05:38:55,792] {logging_mixin.py:104} INFO - [2022-03-21 05:38:55,791] {dag.py:2305} INFO - Setting next_dagrun for latest_only to 2022-03-19 00:00:00+00:00
[2022-03-21 05:38:55,871] {scheduler_job.py:190} INFO - Processing /home/airflow/sandbox/lib/python3.8/site-packages/airflow/example_dags/example_latest_only.py took 0.231 seconds
[2022-03-21 05:39:46,606] {scheduler_job.py:182} INFO - Started process (PID=10411) to work on /home/airflow/sandbox/lib/python3.8/site-packages/airflow/example_dags/example_latest_only.py
[2022-03-21 05:39:46,609] {scheduler_job.py:633} INFO - Processing file /home/airflow/sandbox/lib/python3.8/site-packages/airflow/example_dags/example_latest_only.py for tasks to queue
[2022-03-21 05:39:46,610] {logging_mixin.py:104} INFO - [2022-03-21 05:39:46,610] {dagbag.py:487} INFO - Filling up the DagBag from /home/airflow/sandbox/lib/python3.8/site-packages/airflow/example_dags/example_latest_only.py
[2022-03-21 05:39:46,626] {scheduler_job.py:643} INFO - DAG(s) dict_keys(['latest_only']) retrieved from /home/airflow/sandbox/lib/python3.8/site-packages/airflow/example_dags/example_latest_only.py
[2022-03-21 05:39:46,659] {logging_mixin.py:104} INFO - [2022-03-21 05:39:46,658] {dag.py:1832} INFO - Sync 1 DAGs
[2022-03-21 05:39:46,682] {logging_mixin.py:104} INFO - [2022-03-21 05:39:46,682] {dag.py:2305} INFO - Setting next_dagrun for latest_only to 2022-03-19 00:00:00+00:00
[2022-03-21 05:39:46,722] {scheduler_job.py:190} INFO - Processing /home/airflow/sandbox/lib/python3.8/site-packages/airflow/example_dags/example_latest_only.py took 0.125 seconds
[2022-03-21 05:40:35,607] {scheduler_job.py:182} INFO - Started process (PID=10505) to work on /home/airflow/sandbox/lib/python3.8/site-packages/airflow/example_dags/example_latest_only.py
[2022-03-21 05:40:35,613] {scheduler_job.py:633} INFO - Processing file /home/airflow/sandbox/lib/python3.8/site-packages/airflow/example_dags/example_latest_only.py for tasks to queue
[2022-03-21 05:40:35,617] {logging_mixin.py:104} INFO - [2022-03-21 05:40:35,617] {dagbag.py:487} INFO - Filling up the DagBag from /home/airflow/sandbox/lib/python3.8/site-packages/airflow/example_dags/example_latest_only.py
[2022-03-21 05:40:35,639] {scheduler_job.py:643} INFO - DAG(s) dict_keys(['latest_only']) retrieved from /home/airflow/sandbox/lib/python3.8/site-packages/airflow/example_dags/example_latest_only.py
[2022-03-21 05:40:35,699] {logging_mixin.py:104} INFO - [2022-03-21 05:40:35,699] {dag.py:1832} INFO - Sync 1 DAGs
[2022-03-21 05:40:35,759] {logging_mixin.py:104} INFO - [2022-03-21 05:40:35,759] {dag.py:2305} INFO - Setting next_dagrun for latest_only to 2022-03-19 00:00:00+00:00
[2022-03-21 05:40:35,848] {scheduler_job.py:190} INFO - Processing /home/airflow/sandbox/lib/python3.8/site-packages/airflow/example_dags/example_latest_only.py took 0.250 seconds
[2022-03-21 05:41:21,499] {scheduler_job.py:182} INFO - Started process (PID=10540) to work on /home/airflow/sandbox/lib/python3.8/site-packages/airflow/example_dags/example_latest_only.py
[2022-03-21 05:41:21,501] {scheduler_job.py:633} INFO - Processing file /home/airflow/sandbox/lib/python3.8/site-packages/airflow/example_dags/example_latest_only.py for tasks to queue
[2022-03-21 05:41:21,503] {logging_mixin.py:104} INFO - [2022-03-21 05:41:21,503] {dagbag.py:487} INFO - Filling up the DagBag from /home/airflow/sandbox/lib/python3.8/site-packages/airflow/example_dags/example_latest_only.py
[2022-03-21 05:41:21,540] {scheduler_job.py:643} INFO - DAG(s) dict_keys(['latest_only']) retrieved from /home/airflow/sandbox/lib/python3.8/site-packages/airflow/example_dags/example_latest_only.py
[2022-03-21 05:41:21,592] {logging_mixin.py:104} INFO - [2022-03-21 05:41:21,592] {dag.py:1832} INFO - Sync 1 DAGs
[2022-03-21 05:41:21,653] {logging_mixin.py:104} INFO - [2022-03-21 05:41:21,653] {dag.py:2305} INFO - Setting next_dagrun for latest_only to 2022-03-19 00:00:00+00:00
[2022-03-21 05:41:21,708] {scheduler_job.py:190} INFO - Processing /home/airflow/sandbox/lib/python3.8/site-packages/airflow/example_dags/example_latest_only.py took 0.215 seconds
[2022-03-21 05:42:09,199] {scheduler_job.py:182} INFO - Started process (PID=10574) to work on /home/airflow/sandbox/lib/python3.8/site-packages/airflow/example_dags/example_latest_only.py
[2022-03-21 05:42:09,202] {scheduler_job.py:633} INFO - Processing file /home/airflow/sandbox/lib/python3.8/site-packages/airflow/example_dags/example_latest_only.py for tasks to queue
[2022-03-21 05:42:09,204] {logging_mixin.py:104} INFO - [2022-03-21 05:42:09,204] {dagbag.py:487} INFO - Filling up the DagBag from /home/airflow/sandbox/lib/python3.8/site-packages/airflow/example_dags/example_latest_only.py
[2022-03-21 05:42:09,222] {scheduler_job.py:643} INFO - DAG(s) dict_keys(['latest_only']) retrieved from /home/airflow/sandbox/lib/python3.8/site-packages/airflow/example_dags/example_latest_only.py
[2022-03-21 05:42:09,263] {logging_mixin.py:104} INFO - [2022-03-21 05:42:09,263] {dag.py:1832} INFO - Sync 1 DAGs
[2022-03-21 05:42:09,295] {logging_mixin.py:104} INFO - [2022-03-21 05:42:09,294] {dag.py:2305} INFO - Setting next_dagrun for latest_only to 2022-03-19 00:00:00+00:00
[2022-03-21 05:42:09,337] {scheduler_job.py:190} INFO - Processing /home/airflow/sandbox/lib/python3.8/site-packages/airflow/example_dags/example_latest_only.py took 0.145 seconds
[2022-03-21 05:42:56,634] {scheduler_job.py:182} INFO - Started process (PID=10608) to work on /home/airflow/sandbox/lib/python3.8/site-packages/airflow/example_dags/example_latest_only.py
[2022-03-21 05:42:56,637] {scheduler_job.py:633} INFO - Processing file /home/airflow/sandbox/lib/python3.8/site-packages/airflow/example_dags/example_latest_only.py for tasks to queue
[2022-03-21 05:42:56,642] {logging_mixin.py:104} INFO - [2022-03-21 05:42:56,641] {dagbag.py:487} INFO - Filling up the DagBag from /home/airflow/sandbox/lib/python3.8/site-packages/airflow/example_dags/example_latest_only.py
[2022-03-21 05:42:56,662] {scheduler_job.py:643} INFO - DAG(s) dict_keys(['latest_only']) retrieved from /home/airflow/sandbox/lib/python3.8/site-packages/airflow/example_dags/example_latest_only.py
[2022-03-21 05:42:56,707] {logging_mixin.py:104} INFO - [2022-03-21 05:42:56,707] {dag.py:1832} INFO - Sync 1 DAGs
[2022-03-21 05:42:56,739] {logging_mixin.py:104} INFO - [2022-03-21 05:42:56,738] {dag.py:2305} INFO - Setting next_dagrun for latest_only to 2022-03-19 00:00:00+00:00
[2022-03-21 05:42:56,794] {scheduler_job.py:190} INFO - Processing /home/airflow/sandbox/lib/python3.8/site-packages/airflow/example_dags/example_latest_only.py took 0.169 seconds
[2022-03-21 05:43:54,346] {scheduler_job.py:182} INFO - Started process (PID=10648) to work on /home/airflow/sandbox/lib/python3.8/site-packages/airflow/example_dags/example_latest_only.py
[2022-03-21 05:43:54,349] {scheduler_job.py:633} INFO - Processing file /home/airflow/sandbox/lib/python3.8/site-packages/airflow/example_dags/example_latest_only.py for tasks to queue
[2022-03-21 05:43:54,350] {logging_mixin.py:104} INFO - [2022-03-21 05:43:54,350] {dagbag.py:487} INFO - Filling up the DagBag from /home/airflow/sandbox/lib/python3.8/site-packages/airflow/example_dags/example_latest_only.py
[2022-03-21 05:43:54,364] {scheduler_job.py:643} INFO - DAG(s) dict_keys(['latest_only']) retrieved from /home/airflow/sandbox/lib/python3.8/site-packages/airflow/example_dags/example_latest_only.py
[2022-03-21 05:43:54,397] {logging_mixin.py:104} INFO - [2022-03-21 05:43:54,397] {dag.py:1832} INFO - Sync 1 DAGs
[2022-03-21 05:43:54,422] {logging_mixin.py:104} INFO - [2022-03-21 05:43:54,422] {dag.py:2305} INFO - Setting next_dagrun for latest_only to 2022-03-19 00:00:00+00:00
[2022-03-21 05:43:54,469] {scheduler_job.py:190} INFO - Processing /home/airflow/sandbox/lib/python3.8/site-packages/airflow/example_dags/example_latest_only.py took 0.133 seconds
[2022-03-21 05:44:49,067] {scheduler_job.py:182} INFO - Started process (PID=10686) to work on /home/airflow/sandbox/lib/python3.8/site-packages/airflow/example_dags/example_latest_only.py
[2022-03-21 05:44:49,069] {scheduler_job.py:633} INFO - Processing file /home/airflow/sandbox/lib/python3.8/site-packages/airflow/example_dags/example_latest_only.py for tasks to queue
[2022-03-21 05:44:49,070] {logging_mixin.py:104} INFO - [2022-03-21 05:44:49,070] {dagbag.py:487} INFO - Filling up the DagBag from /home/airflow/sandbox/lib/python3.8/site-packages/airflow/example_dags/example_latest_only.py
[2022-03-21 05:44:49,084] {scheduler_job.py:643} INFO - DAG(s) dict_keys(['latest_only']) retrieved from /home/airflow/sandbox/lib/python3.8/site-packages/airflow/example_dags/example_latest_only.py
[2022-03-21 05:44:49,120] {logging_mixin.py:104} INFO - [2022-03-21 05:44:49,120] {dag.py:1832} INFO - Sync 1 DAGs
[2022-03-21 05:44:49,165] {logging_mixin.py:104} INFO - [2022-03-21 05:44:49,164] {dag.py:2305} INFO - Setting next_dagrun for latest_only to 2022-03-19 00:00:00+00:00
[2022-03-21 05:44:49,252] {scheduler_job.py:190} INFO - Processing /home/airflow/sandbox/lib/python3.8/site-packages/airflow/example_dags/example_latest_only.py took 0.204 seconds
[2022-03-21 05:45:38,433] {scheduler_job.py:182} INFO - Started process (PID=10777) to work on /home/airflow/sandbox/lib/python3.8/site-packages/airflow/example_dags/example_latest_only.py
[2022-03-21 05:45:38,437] {scheduler_job.py:633} INFO - Processing file /home/airflow/sandbox/lib/python3.8/site-packages/airflow/example_dags/example_latest_only.py for tasks to queue
[2022-03-21 05:45:38,440] {logging_mixin.py:104} INFO - [2022-03-21 05:45:38,440] {dagbag.py:487} INFO - Filling up the DagBag from /home/airflow/sandbox/lib/python3.8/site-packages/airflow/example_dags/example_latest_only.py
[2022-03-21 05:45:38,456] {scheduler_job.py:643} INFO - DAG(s) dict_keys(['latest_only']) retrieved from /home/airflow/sandbox/lib/python3.8/site-packages/airflow/example_dags/example_latest_only.py
[2022-03-21 05:45:38,488] {logging_mixin.py:104} INFO - [2022-03-21 05:45:38,488] {dag.py:1832} INFO - Sync 1 DAGs
[2022-03-21 05:45:38,521] {logging_mixin.py:104} INFO - [2022-03-21 05:45:38,520] {dag.py:2305} INFO - Setting next_dagrun for latest_only to 2022-03-19 00:00:00+00:00
[2022-03-21 05:45:38,561] {scheduler_job.py:190} INFO - Processing /home/airflow/sandbox/lib/python3.8/site-packages/airflow/example_dags/example_latest_only.py took 0.140 seconds
[2022-03-21 05:46:33,806] {scheduler_job.py:182} INFO - Started process (PID=10967) to work on /home/airflow/sandbox/lib/python3.8/site-packages/airflow/example_dags/example_latest_only.py
[2022-03-21 05:46:33,810] {scheduler_job.py:633} INFO - Processing file /home/airflow/sandbox/lib/python3.8/site-packages/airflow/example_dags/example_latest_only.py for tasks to queue
[2022-03-21 05:46:33,812] {logging_mixin.py:104} INFO - [2022-03-21 05:46:33,811] {dagbag.py:487} INFO - Filling up the DagBag from /home/airflow/sandbox/lib/python3.8/site-packages/airflow/example_dags/example_latest_only.py
[2022-03-21 05:46:33,828] {scheduler_job.py:643} INFO - DAG(s) dict_keys(['latest_only']) retrieved from /home/airflow/sandbox/lib/python3.8/site-packages/airflow/example_dags/example_latest_only.py
[2022-03-21 05:46:33,884] {logging_mixin.py:104} INFO - [2022-03-21 05:46:33,883] {dag.py:1832} INFO - Sync 1 DAGs
[2022-03-21 05:46:33,960] {logging_mixin.py:104} INFO - [2022-03-21 05:46:33,960] {dag.py:2305} INFO - Setting next_dagrun for latest_only to 2022-03-19 00:00:00+00:00
[2022-03-21 05:46:34,125] {scheduler_job.py:190} INFO - Processing /home/airflow/sandbox/lib/python3.8/site-packages/airflow/example_dags/example_latest_only.py took 0.338 seconds
[2022-03-21 05:47:46,088] {scheduler_job.py:182} INFO - Started process (PID=11654) to work on /home/airflow/sandbox/lib/python3.8/site-packages/airflow/example_dags/example_latest_only.py
[2022-03-21 05:47:46,106] {scheduler_job.py:633} INFO - Processing file /home/airflow/sandbox/lib/python3.8/site-packages/airflow/example_dags/example_latest_only.py for tasks to queue
[2022-03-21 05:47:46,108] {logging_mixin.py:104} INFO - [2022-03-21 05:47:46,107] {dagbag.py:487} INFO - Filling up the DagBag from /home/airflow/sandbox/lib/python3.8/site-packages/airflow/example_dags/example_latest_only.py
[2022-03-21 05:47:46,161] {scheduler_job.py:643} INFO - DAG(s) dict_keys(['latest_only']) retrieved from /home/airflow/sandbox/lib/python3.8/site-packages/airflow/example_dags/example_latest_only.py
[2022-03-21 05:47:46,253] {logging_mixin.py:104} INFO - [2022-03-21 05:47:46,253] {dag.py:1832} INFO - Sync 1 DAGs
[2022-03-21 05:47:46,311] {logging_mixin.py:104} INFO - [2022-03-21 05:47:46,311] {dag.py:2305} INFO - Setting next_dagrun for latest_only to 2022-03-19 00:00:00+00:00
[2022-03-21 05:47:46,409] {scheduler_job.py:190} INFO - Processing /home/airflow/sandbox/lib/python3.8/site-packages/airflow/example_dags/example_latest_only.py took 0.328 seconds
[2022-03-21 05:48:33,572] {scheduler_job.py:182} INFO - Started process (PID=11929) to work on /home/airflow/sandbox/lib/python3.8/site-packages/airflow/example_dags/example_latest_only.py
[2022-03-21 05:48:33,587] {scheduler_job.py:633} INFO - Processing file /home/airflow/sandbox/lib/python3.8/site-packages/airflow/example_dags/example_latest_only.py for tasks to queue
[2022-03-21 05:48:33,589] {logging_mixin.py:104} INFO - [2022-03-21 05:48:33,589] {dagbag.py:487} INFO - Filling up the DagBag from /home/airflow/sandbox/lib/python3.8/site-packages/airflow/example_dags/example_latest_only.py
[2022-03-21 05:48:33,616] {scheduler_job.py:643} INFO - DAG(s) dict_keys(['latest_only']) retrieved from /home/airflow/sandbox/lib/python3.8/site-packages/airflow/example_dags/example_latest_only.py
[2022-03-21 05:48:33,713] {logging_mixin.py:104} INFO - [2022-03-21 05:48:33,713] {dag.py:1832} INFO - Sync 1 DAGs
[2022-03-21 05:48:33,794] {logging_mixin.py:104} INFO - [2022-03-21 05:48:33,793] {dag.py:2305} INFO - Setting next_dagrun for latest_only to 2022-03-19 00:00:00+00:00
[2022-03-21 05:48:33,920] {scheduler_job.py:190} INFO - Processing /home/airflow/sandbox/lib/python3.8/site-packages/airflow/example_dags/example_latest_only.py took 0.355 seconds
[2022-03-21 05:49:24,883] {scheduler_job.py:182} INFO - Started process (PID=12055) to work on /home/airflow/sandbox/lib/python3.8/site-packages/airflow/example_dags/example_latest_only.py
[2022-03-21 05:49:24,889] {scheduler_job.py:633} INFO - Processing file /home/airflow/sandbox/lib/python3.8/site-packages/airflow/example_dags/example_latest_only.py for tasks to queue
[2022-03-21 05:49:24,891] {logging_mixin.py:104} INFO - [2022-03-21 05:49:24,890] {dagbag.py:487} INFO - Filling up the DagBag from /home/airflow/sandbox/lib/python3.8/site-packages/airflow/example_dags/example_latest_only.py
[2022-03-21 05:49:24,914] {scheduler_job.py:643} INFO - DAG(s) dict_keys(['latest_only']) retrieved from /home/airflow/sandbox/lib/python3.8/site-packages/airflow/example_dags/example_latest_only.py
[2022-03-21 05:49:24,958] {logging_mixin.py:104} INFO - [2022-03-21 05:49:24,958] {dag.py:1832} INFO - Sync 1 DAGs
[2022-03-21 05:49:24,981] {logging_mixin.py:104} INFO - [2022-03-21 05:49:24,981] {dag.py:2305} INFO - Setting next_dagrun for latest_only to 2022-03-19 00:00:00+00:00
[2022-03-21 05:49:25,029] {scheduler_job.py:190} INFO - Processing /home/airflow/sandbox/lib/python3.8/site-packages/airflow/example_dags/example_latest_only.py took 0.152 seconds
[2022-03-21 05:50:15,822] {scheduler_job.py:182} INFO - Started process (PID=12219) to work on /home/airflow/sandbox/lib/python3.8/site-packages/airflow/example_dags/example_latest_only.py
[2022-03-21 05:50:15,837] {scheduler_job.py:633} INFO - Processing file /home/airflow/sandbox/lib/python3.8/site-packages/airflow/example_dags/example_latest_only.py for tasks to queue
[2022-03-21 05:50:15,839] {logging_mixin.py:104} INFO - [2022-03-21 05:50:15,839] {dagbag.py:487} INFO - Filling up the DagBag from /home/airflow/sandbox/lib/python3.8/site-packages/airflow/example_dags/example_latest_only.py
[2022-03-21 05:50:15,882] {scheduler_job.py:643} INFO - DAG(s) dict_keys(['latest_only']) retrieved from /home/airflow/sandbox/lib/python3.8/site-packages/airflow/example_dags/example_latest_only.py
[2022-03-21 05:50:15,940] {logging_mixin.py:104} INFO - [2022-03-21 05:50:15,940] {dag.py:1832} INFO - Sync 1 DAGs
[2022-03-21 05:50:16,001] {logging_mixin.py:104} INFO - [2022-03-21 05:50:16,000] {dag.py:2305} INFO - Setting next_dagrun for latest_only to 2022-03-19 00:00:00+00:00
[2022-03-21 05:50:16,059] {scheduler_job.py:190} INFO - Processing /home/airflow/sandbox/lib/python3.8/site-packages/airflow/example_dags/example_latest_only.py took 0.290 seconds
