[2022-03-21 05:14:34,038] {scheduler_job.py:182} INFO - Started process (PID=8156) to work on /home/airflow/sandbox/lib/python3.8/site-packages/airflow/example_dags/example_python_operator.py
[2022-03-21 05:14:34,062] {scheduler_job.py:633} INFO - Processing file /home/airflow/sandbox/lib/python3.8/site-packages/airflow/example_dags/example_python_operator.py for tasks to queue
[2022-03-21 05:14:34,071] {logging_mixin.py:104} INFO - [2022-03-21 05:14:34,071] {dagbag.py:487} INFO - Filling up the DagBag from /home/airflow/sandbox/lib/python3.8/site-packages/airflow/example_dags/example_python_operator.py
[2022-03-21 05:14:34,107] {scheduler_job.py:643} INFO - DAG(s) dict_keys(['example_python_operator']) retrieved from /home/airflow/sandbox/lib/python3.8/site-packages/airflow/example_dags/example_python_operator.py
[2022-03-21 05:14:35,061] {logging_mixin.py:104} INFO - [2022-03-21 05:14:35,061] {dag.py:1832} INFO - Sync 1 DAGs
[2022-03-21 05:14:35,080] {logging_mixin.py:104} INFO - [2022-03-21 05:14:35,080] {dag.py:2305} INFO - Setting next_dagrun for example_python_operator to None
[2022-03-21 05:14:35,117] {scheduler_job.py:190} INFO - Processing /home/airflow/sandbox/lib/python3.8/site-packages/airflow/example_dags/example_python_operator.py took 1.125 seconds
[2022-03-21 05:16:00,257] {scheduler_job.py:182} INFO - Started process (PID=8681) to work on /home/airflow/sandbox/lib/python3.8/site-packages/airflow/example_dags/example_python_operator.py
[2022-03-21 05:16:00,260] {scheduler_job.py:633} INFO - Processing file /home/airflow/sandbox/lib/python3.8/site-packages/airflow/example_dags/example_python_operator.py for tasks to queue
[2022-03-21 05:16:00,262] {logging_mixin.py:104} INFO - [2022-03-21 05:16:00,262] {dagbag.py:487} INFO - Filling up the DagBag from /home/airflow/sandbox/lib/python3.8/site-packages/airflow/example_dags/example_python_operator.py
[2022-03-21 05:16:00,280] {scheduler_job.py:643} INFO - DAG(s) dict_keys(['example_python_operator']) retrieved from /home/airflow/sandbox/lib/python3.8/site-packages/airflow/example_dags/example_python_operator.py
[2022-03-21 05:16:00,325] {logging_mixin.py:104} INFO - [2022-03-21 05:16:00,325] {dag.py:1832} INFO - Sync 1 DAGs
[2022-03-21 05:16:00,355] {logging_mixin.py:104} INFO - [2022-03-21 05:16:00,355] {dag.py:2305} INFO - Setting next_dagrun for example_python_operator to None
[2022-03-21 05:16:00,429] {scheduler_job.py:190} INFO - Processing /home/airflow/sandbox/lib/python3.8/site-packages/airflow/example_dags/example_python_operator.py took 0.177 seconds
[2022-03-21 05:16:47,899] {scheduler_job.py:182} INFO - Started process (PID=8895) to work on /home/airflow/sandbox/lib/python3.8/site-packages/airflow/example_dags/example_python_operator.py
[2022-03-21 05:16:47,907] {scheduler_job.py:633} INFO - Processing file /home/airflow/sandbox/lib/python3.8/site-packages/airflow/example_dags/example_python_operator.py for tasks to queue
[2022-03-21 05:16:47,909] {logging_mixin.py:104} INFO - [2022-03-21 05:16:47,908] {dagbag.py:487} INFO - Filling up the DagBag from /home/airflow/sandbox/lib/python3.8/site-packages/airflow/example_dags/example_python_operator.py
[2022-03-21 05:16:47,932] {scheduler_job.py:643} INFO - DAG(s) dict_keys(['example_python_operator']) retrieved from /home/airflow/sandbox/lib/python3.8/site-packages/airflow/example_dags/example_python_operator.py
[2022-03-21 05:16:47,959] {logging_mixin.py:104} INFO - [2022-03-21 05:16:47,959] {dag.py:1832} INFO - Sync 1 DAGs
[2022-03-21 05:16:47,981] {logging_mixin.py:104} INFO - [2022-03-21 05:16:47,981] {dag.py:2305} INFO - Setting next_dagrun for example_python_operator to None
[2022-03-21 05:16:48,015] {scheduler_job.py:190} INFO - Processing /home/airflow/sandbox/lib/python3.8/site-packages/airflow/example_dags/example_python_operator.py took 0.125 seconds
[2022-03-21 05:17:35,632] {scheduler_job.py:182} INFO - Started process (PID=9144) to work on /home/airflow/sandbox/lib/python3.8/site-packages/airflow/example_dags/example_python_operator.py
[2022-03-21 05:17:35,635] {scheduler_job.py:633} INFO - Processing file /home/airflow/sandbox/lib/python3.8/site-packages/airflow/example_dags/example_python_operator.py for tasks to queue
[2022-03-21 05:17:35,636] {logging_mixin.py:104} INFO - [2022-03-21 05:17:35,636] {dagbag.py:487} INFO - Filling up the DagBag from /home/airflow/sandbox/lib/python3.8/site-packages/airflow/example_dags/example_python_operator.py
[2022-03-21 05:17:35,656] {scheduler_job.py:643} INFO - DAG(s) dict_keys(['example_python_operator']) retrieved from /home/airflow/sandbox/lib/python3.8/site-packages/airflow/example_dags/example_python_operator.py
[2022-03-21 05:17:35,687] {logging_mixin.py:104} INFO - [2022-03-21 05:17:35,687] {dag.py:1832} INFO - Sync 1 DAGs
[2022-03-21 05:17:35,710] {logging_mixin.py:104} INFO - [2022-03-21 05:17:35,709] {dag.py:2305} INFO - Setting next_dagrun for example_python_operator to None
[2022-03-21 05:17:35,746] {scheduler_job.py:190} INFO - Processing /home/airflow/sandbox/lib/python3.8/site-packages/airflow/example_dags/example_python_operator.py took 0.135 seconds
[2022-03-21 05:18:21,689] {scheduler_job.py:182} INFO - Started process (PID=9236) to work on /home/airflow/sandbox/lib/python3.8/site-packages/airflow/example_dags/example_python_operator.py
[2022-03-21 05:18:21,694] {scheduler_job.py:633} INFO - Processing file /home/airflow/sandbox/lib/python3.8/site-packages/airflow/example_dags/example_python_operator.py for tasks to queue
[2022-03-21 05:18:21,696] {logging_mixin.py:104} INFO - [2022-03-21 05:18:21,696] {dagbag.py:487} INFO - Filling up the DagBag from /home/airflow/sandbox/lib/python3.8/site-packages/airflow/example_dags/example_python_operator.py
[2022-03-21 05:18:21,718] {scheduler_job.py:643} INFO - DAG(s) dict_keys(['example_python_operator']) retrieved from /home/airflow/sandbox/lib/python3.8/site-packages/airflow/example_dags/example_python_operator.py
[2022-03-21 05:18:21,755] {logging_mixin.py:104} INFO - [2022-03-21 05:18:21,755] {dag.py:1832} INFO - Sync 1 DAGs
[2022-03-21 05:18:21,807] {logging_mixin.py:104} INFO - [2022-03-21 05:18:21,807] {dag.py:2305} INFO - Setting next_dagrun for example_python_operator to None
[2022-03-21 05:18:21,862] {scheduler_job.py:190} INFO - Processing /home/airflow/sandbox/lib/python3.8/site-packages/airflow/example_dags/example_python_operator.py took 0.185 seconds
[2022-03-21 05:19:10,785] {scheduler_job.py:182} INFO - Started process (PID=9273) to work on /home/airflow/sandbox/lib/python3.8/site-packages/airflow/example_dags/example_python_operator.py
[2022-03-21 05:19:10,788] {scheduler_job.py:633} INFO - Processing file /home/airflow/sandbox/lib/python3.8/site-packages/airflow/example_dags/example_python_operator.py for tasks to queue
[2022-03-21 05:19:10,789] {logging_mixin.py:104} INFO - [2022-03-21 05:19:10,789] {dagbag.py:487} INFO - Filling up the DagBag from /home/airflow/sandbox/lib/python3.8/site-packages/airflow/example_dags/example_python_operator.py
[2022-03-21 05:19:10,806] {scheduler_job.py:643} INFO - DAG(s) dict_keys(['example_python_operator']) retrieved from /home/airflow/sandbox/lib/python3.8/site-packages/airflow/example_dags/example_python_operator.py
[2022-03-21 05:19:10,839] {logging_mixin.py:104} INFO - [2022-03-21 05:19:10,838] {dag.py:1832} INFO - Sync 1 DAGs
[2022-03-21 05:19:10,860] {logging_mixin.py:104} INFO - [2022-03-21 05:19:10,860] {dag.py:2305} INFO - Setting next_dagrun for example_python_operator to None
[2022-03-21 05:19:10,934] {scheduler_job.py:190} INFO - Processing /home/airflow/sandbox/lib/python3.8/site-packages/airflow/example_dags/example_python_operator.py took 0.158 seconds
[2022-03-21 05:19:54,866] {scheduler_job.py:182} INFO - Started process (PID=9307) to work on /home/airflow/sandbox/lib/python3.8/site-packages/airflow/example_dags/example_python_operator.py
[2022-03-21 05:19:54,868] {scheduler_job.py:633} INFO - Processing file /home/airflow/sandbox/lib/python3.8/site-packages/airflow/example_dags/example_python_operator.py for tasks to queue
[2022-03-21 05:19:54,870] {logging_mixin.py:104} INFO - [2022-03-21 05:19:54,869] {dagbag.py:487} INFO - Filling up the DagBag from /home/airflow/sandbox/lib/python3.8/site-packages/airflow/example_dags/example_python_operator.py
[2022-03-21 05:19:54,887] {scheduler_job.py:643} INFO - DAG(s) dict_keys(['example_python_operator']) retrieved from /home/airflow/sandbox/lib/python3.8/site-packages/airflow/example_dags/example_python_operator.py
[2022-03-21 05:19:54,917] {logging_mixin.py:104} INFO - [2022-03-21 05:19:54,917] {dag.py:1832} INFO - Sync 1 DAGs
[2022-03-21 05:19:54,941] {logging_mixin.py:104} INFO - [2022-03-21 05:19:54,940] {dag.py:2305} INFO - Setting next_dagrun for example_python_operator to None
[2022-03-21 05:19:54,972] {scheduler_job.py:190} INFO - Processing /home/airflow/sandbox/lib/python3.8/site-packages/airflow/example_dags/example_python_operator.py took 0.115 seconds
[2022-03-21 05:20:38,369] {scheduler_job.py:182} INFO - Started process (PID=9396) to work on /home/airflow/sandbox/lib/python3.8/site-packages/airflow/example_dags/example_python_operator.py
[2022-03-21 05:20:38,379] {scheduler_job.py:633} INFO - Processing file /home/airflow/sandbox/lib/python3.8/site-packages/airflow/example_dags/example_python_operator.py for tasks to queue
[2022-03-21 05:20:38,381] {logging_mixin.py:104} INFO - [2022-03-21 05:20:38,380] {dagbag.py:487} INFO - Filling up the DagBag from /home/airflow/sandbox/lib/python3.8/site-packages/airflow/example_dags/example_python_operator.py
[2022-03-21 05:20:38,396] {scheduler_job.py:643} INFO - DAG(s) dict_keys(['example_python_operator']) retrieved from /home/airflow/sandbox/lib/python3.8/site-packages/airflow/example_dags/example_python_operator.py
[2022-03-21 05:20:38,434] {logging_mixin.py:104} INFO - [2022-03-21 05:20:38,434] {dag.py:1832} INFO - Sync 1 DAGs
[2022-03-21 05:20:38,464] {logging_mixin.py:104} INFO - [2022-03-21 05:20:38,464] {dag.py:2305} INFO - Setting next_dagrun for example_python_operator to None
[2022-03-21 05:20:38,508] {scheduler_job.py:190} INFO - Processing /home/airflow/sandbox/lib/python3.8/site-packages/airflow/example_dags/example_python_operator.py took 0.149 seconds
[2022-03-21 05:21:33,412] {scheduler_job.py:182} INFO - Started process (PID=9432) to work on /home/airflow/sandbox/lib/python3.8/site-packages/airflow/example_dags/example_python_operator.py
[2022-03-21 05:21:33,417] {scheduler_job.py:633} INFO - Processing file /home/airflow/sandbox/lib/python3.8/site-packages/airflow/example_dags/example_python_operator.py for tasks to queue
[2022-03-21 05:21:33,418] {logging_mixin.py:104} INFO - [2022-03-21 05:21:33,418] {dagbag.py:487} INFO - Filling up the DagBag from /home/airflow/sandbox/lib/python3.8/site-packages/airflow/example_dags/example_python_operator.py
[2022-03-21 05:21:33,436] {scheduler_job.py:643} INFO - DAG(s) dict_keys(['example_python_operator']) retrieved from /home/airflow/sandbox/lib/python3.8/site-packages/airflow/example_dags/example_python_operator.py
[2022-03-21 05:21:33,467] {logging_mixin.py:104} INFO - [2022-03-21 05:21:33,467] {dag.py:1832} INFO - Sync 1 DAGs
[2022-03-21 05:21:33,487] {logging_mixin.py:104} INFO - [2022-03-21 05:21:33,486] {dag.py:2305} INFO - Setting next_dagrun for example_python_operator to None
[2022-03-21 05:21:33,525] {scheduler_job.py:190} INFO - Processing /home/airflow/sandbox/lib/python3.8/site-packages/airflow/example_dags/example_python_operator.py took 0.119 seconds
[2022-03-21 05:22:16,910] {scheduler_job.py:182} INFO - Started process (PID=9465) to work on /home/airflow/sandbox/lib/python3.8/site-packages/airflow/example_dags/example_python_operator.py
[2022-03-21 05:22:16,912] {scheduler_job.py:633} INFO - Processing file /home/airflow/sandbox/lib/python3.8/site-packages/airflow/example_dags/example_python_operator.py for tasks to queue
[2022-03-21 05:22:16,916] {logging_mixin.py:104} INFO - [2022-03-21 05:22:16,916] {dagbag.py:487} INFO - Filling up the DagBag from /home/airflow/sandbox/lib/python3.8/site-packages/airflow/example_dags/example_python_operator.py
[2022-03-21 05:22:16,931] {scheduler_job.py:643} INFO - DAG(s) dict_keys(['example_python_operator']) retrieved from /home/airflow/sandbox/lib/python3.8/site-packages/airflow/example_dags/example_python_operator.py
[2022-03-21 05:22:16,962] {logging_mixin.py:104} INFO - [2022-03-21 05:22:16,962] {dag.py:1832} INFO - Sync 1 DAGs
[2022-03-21 05:22:16,984] {logging_mixin.py:104} INFO - [2022-03-21 05:22:16,984] {dag.py:2305} INFO - Setting next_dagrun for example_python_operator to None
[2022-03-21 05:22:17,051] {scheduler_job.py:190} INFO - Processing /home/airflow/sandbox/lib/python3.8/site-packages/airflow/example_dags/example_python_operator.py took 0.147 seconds
[2022-03-21 05:22:58,924] {scheduler_job.py:182} INFO - Started process (PID=9498) to work on /home/airflow/sandbox/lib/python3.8/site-packages/airflow/example_dags/example_python_operator.py
[2022-03-21 05:22:58,927] {scheduler_job.py:633} INFO - Processing file /home/airflow/sandbox/lib/python3.8/site-packages/airflow/example_dags/example_python_operator.py for tasks to queue
[2022-03-21 05:22:58,928] {logging_mixin.py:104} INFO - [2022-03-21 05:22:58,928] {dagbag.py:487} INFO - Filling up the DagBag from /home/airflow/sandbox/lib/python3.8/site-packages/airflow/example_dags/example_python_operator.py
[2022-03-21 05:22:58,949] {scheduler_job.py:643} INFO - DAG(s) dict_keys(['example_python_operator']) retrieved from /home/airflow/sandbox/lib/python3.8/site-packages/airflow/example_dags/example_python_operator.py
[2022-03-21 05:22:58,981] {logging_mixin.py:104} INFO - [2022-03-21 05:22:58,981] {dag.py:1832} INFO - Sync 1 DAGs
[2022-03-21 05:22:59,002] {logging_mixin.py:104} INFO - [2022-03-21 05:22:59,002] {dag.py:2305} INFO - Setting next_dagrun for example_python_operator to None
[2022-03-21 05:22:59,040] {scheduler_job.py:190} INFO - Processing /home/airflow/sandbox/lib/python3.8/site-packages/airflow/example_dags/example_python_operator.py took 0.125 seconds
[2022-03-21 05:23:39,090] {scheduler_job.py:182} INFO - Started process (PID=9531) to work on /home/airflow/sandbox/lib/python3.8/site-packages/airflow/example_dags/example_python_operator.py
[2022-03-21 05:23:39,093] {scheduler_job.py:633} INFO - Processing file /home/airflow/sandbox/lib/python3.8/site-packages/airflow/example_dags/example_python_operator.py for tasks to queue
[2022-03-21 05:23:39,095] {logging_mixin.py:104} INFO - [2022-03-21 05:23:39,094] {dagbag.py:487} INFO - Filling up the DagBag from /home/airflow/sandbox/lib/python3.8/site-packages/airflow/example_dags/example_python_operator.py
[2022-03-21 05:23:39,113] {scheduler_job.py:643} INFO - DAG(s) dict_keys(['example_python_operator']) retrieved from /home/airflow/sandbox/lib/python3.8/site-packages/airflow/example_dags/example_python_operator.py
[2022-03-21 05:23:39,147] {logging_mixin.py:104} INFO - [2022-03-21 05:23:39,147] {dag.py:1832} INFO - Sync 1 DAGs
[2022-03-21 05:23:39,176] {logging_mixin.py:104} INFO - [2022-03-21 05:23:39,175] {dag.py:2305} INFO - Setting next_dagrun for example_python_operator to None
[2022-03-21 05:23:39,313] {scheduler_job.py:190} INFO - Processing /home/airflow/sandbox/lib/python3.8/site-packages/airflow/example_dags/example_python_operator.py took 0.232 seconds
[2022-03-21 05:24:26,160] {scheduler_job.py:182} INFO - Started process (PID=9567) to work on /home/airflow/sandbox/lib/python3.8/site-packages/airflow/example_dags/example_python_operator.py
[2022-03-21 05:24:26,165] {scheduler_job.py:633} INFO - Processing file /home/airflow/sandbox/lib/python3.8/site-packages/airflow/example_dags/example_python_operator.py for tasks to queue
[2022-03-21 05:24:26,167] {logging_mixin.py:104} INFO - [2022-03-21 05:24:26,167] {dagbag.py:487} INFO - Filling up the DagBag from /home/airflow/sandbox/lib/python3.8/site-packages/airflow/example_dags/example_python_operator.py
[2022-03-21 05:24:26,187] {scheduler_job.py:643} INFO - DAG(s) dict_keys(['example_python_operator']) retrieved from /home/airflow/sandbox/lib/python3.8/site-packages/airflow/example_dags/example_python_operator.py
[2022-03-21 05:24:26,219] {logging_mixin.py:104} INFO - [2022-03-21 05:24:26,219] {dag.py:1832} INFO - Sync 1 DAGs
[2022-03-21 05:24:26,241] {logging_mixin.py:104} INFO - [2022-03-21 05:24:26,241] {dag.py:2305} INFO - Setting next_dagrun for example_python_operator to None
[2022-03-21 05:24:26,382] {scheduler_job.py:190} INFO - Processing /home/airflow/sandbox/lib/python3.8/site-packages/airflow/example_dags/example_python_operator.py took 0.229 seconds
[2022-03-21 05:25:10,466] {scheduler_job.py:182} INFO - Started process (PID=9599) to work on /home/airflow/sandbox/lib/python3.8/site-packages/airflow/example_dags/example_python_operator.py
[2022-03-21 05:25:10,469] {scheduler_job.py:633} INFO - Processing file /home/airflow/sandbox/lib/python3.8/site-packages/airflow/example_dags/example_python_operator.py for tasks to queue
[2022-03-21 05:25:10,472] {logging_mixin.py:104} INFO - [2022-03-21 05:25:10,472] {dagbag.py:487} INFO - Filling up the DagBag from /home/airflow/sandbox/lib/python3.8/site-packages/airflow/example_dags/example_python_operator.py
[2022-03-21 05:25:10,492] {scheduler_job.py:643} INFO - DAG(s) dict_keys(['example_python_operator']) retrieved from /home/airflow/sandbox/lib/python3.8/site-packages/airflow/example_dags/example_python_operator.py
[2022-03-21 05:25:10,527] {logging_mixin.py:104} INFO - [2022-03-21 05:25:10,526] {dag.py:1832} INFO - Sync 1 DAGs
[2022-03-21 05:25:10,549] {logging_mixin.py:104} INFO - [2022-03-21 05:25:10,549] {dag.py:2305} INFO - Setting next_dagrun for example_python_operator to None
[2022-03-21 05:25:10,723] {scheduler_job.py:190} INFO - Processing /home/airflow/sandbox/lib/python3.8/site-packages/airflow/example_dags/example_python_operator.py took 0.263 seconds
[2022-03-21 05:25:55,439] {scheduler_job.py:182} INFO - Started process (PID=9689) to work on /home/airflow/sandbox/lib/python3.8/site-packages/airflow/example_dags/example_python_operator.py
[2022-03-21 05:25:55,442] {scheduler_job.py:633} INFO - Processing file /home/airflow/sandbox/lib/python3.8/site-packages/airflow/example_dags/example_python_operator.py for tasks to queue
[2022-03-21 05:25:55,443] {logging_mixin.py:104} INFO - [2022-03-21 05:25:55,443] {dagbag.py:487} INFO - Filling up the DagBag from /home/airflow/sandbox/lib/python3.8/site-packages/airflow/example_dags/example_python_operator.py
[2022-03-21 05:25:55,463] {scheduler_job.py:643} INFO - DAG(s) dict_keys(['example_python_operator']) retrieved from /home/airflow/sandbox/lib/python3.8/site-packages/airflow/example_dags/example_python_operator.py
[2022-03-21 05:25:55,495] {logging_mixin.py:104} INFO - [2022-03-21 05:25:55,495] {dag.py:1832} INFO - Sync 1 DAGs
[2022-03-21 05:25:55,620] {logging_mixin.py:104} INFO - [2022-03-21 05:25:55,620] {dag.py:2305} INFO - Setting next_dagrun for example_python_operator to None
[2022-03-21 05:25:55,697] {scheduler_job.py:190} INFO - Processing /home/airflow/sandbox/lib/python3.8/site-packages/airflow/example_dags/example_python_operator.py took 0.266 seconds
[2022-03-21 05:26:47,483] {scheduler_job.py:182} INFO - Started process (PID=9726) to work on /home/airflow/sandbox/lib/python3.8/site-packages/airflow/example_dags/example_python_operator.py
[2022-03-21 05:26:47,487] {scheduler_job.py:633} INFO - Processing file /home/airflow/sandbox/lib/python3.8/site-packages/airflow/example_dags/example_python_operator.py for tasks to queue
[2022-03-21 05:26:47,489] {logging_mixin.py:104} INFO - [2022-03-21 05:26:47,489] {dagbag.py:487} INFO - Filling up the DagBag from /home/airflow/sandbox/lib/python3.8/site-packages/airflow/example_dags/example_python_operator.py
[2022-03-21 05:26:47,662] {scheduler_job.py:643} INFO - DAG(s) dict_keys(['example_python_operator']) retrieved from /home/airflow/sandbox/lib/python3.8/site-packages/airflow/example_dags/example_python_operator.py
[2022-03-21 05:26:47,781] {logging_mixin.py:104} INFO - [2022-03-21 05:26:47,780] {dag.py:1832} INFO - Sync 1 DAGs
[2022-03-21 05:26:47,929] {logging_mixin.py:104} INFO - [2022-03-21 05:26:47,928] {dag.py:2305} INFO - Setting next_dagrun for example_python_operator to None
[2022-03-21 05:26:47,969] {scheduler_job.py:190} INFO - Processing /home/airflow/sandbox/lib/python3.8/site-packages/airflow/example_dags/example_python_operator.py took 0.545 seconds
[2022-03-21 05:27:39,253] {scheduler_job.py:182} INFO - Started process (PID=9762) to work on /home/airflow/sandbox/lib/python3.8/site-packages/airflow/example_dags/example_python_operator.py
[2022-03-21 05:27:39,256] {scheduler_job.py:633} INFO - Processing file /home/airflow/sandbox/lib/python3.8/site-packages/airflow/example_dags/example_python_operator.py for tasks to queue
[2022-03-21 05:27:39,257] {logging_mixin.py:104} INFO - [2022-03-21 05:27:39,257] {dagbag.py:487} INFO - Filling up the DagBag from /home/airflow/sandbox/lib/python3.8/site-packages/airflow/example_dags/example_python_operator.py
[2022-03-21 05:27:39,288] {scheduler_job.py:643} INFO - DAG(s) dict_keys(['example_python_operator']) retrieved from /home/airflow/sandbox/lib/python3.8/site-packages/airflow/example_dags/example_python_operator.py
[2022-03-21 05:27:39,451] {logging_mixin.py:104} INFO - [2022-03-21 05:27:39,451] {dag.py:1832} INFO - Sync 1 DAGs
[2022-03-21 05:27:39,471] {logging_mixin.py:104} INFO - [2022-03-21 05:27:39,471] {dag.py:2305} INFO - Setting next_dagrun for example_python_operator to None
[2022-03-21 05:27:39,509] {scheduler_job.py:190} INFO - Processing /home/airflow/sandbox/lib/python3.8/site-packages/airflow/example_dags/example_python_operator.py took 0.263 seconds
[2022-03-21 05:28:29,359] {scheduler_job.py:182} INFO - Started process (PID=9799) to work on /home/airflow/sandbox/lib/python3.8/site-packages/airflow/example_dags/example_python_operator.py
[2022-03-21 05:28:29,362] {scheduler_job.py:633} INFO - Processing file /home/airflow/sandbox/lib/python3.8/site-packages/airflow/example_dags/example_python_operator.py for tasks to queue
[2022-03-21 05:28:29,363] {logging_mixin.py:104} INFO - [2022-03-21 05:28:29,363] {dagbag.py:487} INFO - Filling up the DagBag from /home/airflow/sandbox/lib/python3.8/site-packages/airflow/example_dags/example_python_operator.py
[2022-03-21 05:28:29,513] {scheduler_job.py:643} INFO - DAG(s) dict_keys(['example_python_operator']) retrieved from /home/airflow/sandbox/lib/python3.8/site-packages/airflow/example_dags/example_python_operator.py
[2022-03-21 05:28:29,543] {logging_mixin.py:104} INFO - [2022-03-21 05:28:29,543] {dag.py:1832} INFO - Sync 1 DAGs
[2022-03-21 05:28:29,564] {logging_mixin.py:104} INFO - [2022-03-21 05:28:29,564] {dag.py:2305} INFO - Setting next_dagrun for example_python_operator to None
[2022-03-21 05:28:29,601] {scheduler_job.py:190} INFO - Processing /home/airflow/sandbox/lib/python3.8/site-packages/airflow/example_dags/example_python_operator.py took 0.251 seconds
[2022-03-21 05:29:20,338] {scheduler_job.py:182} INFO - Started process (PID=9835) to work on /home/airflow/sandbox/lib/python3.8/site-packages/airflow/example_dags/example_python_operator.py
[2022-03-21 05:29:20,340] {scheduler_job.py:633} INFO - Processing file /home/airflow/sandbox/lib/python3.8/site-packages/airflow/example_dags/example_python_operator.py for tasks to queue
[2022-03-21 05:29:20,345] {logging_mixin.py:104} INFO - [2022-03-21 05:29:20,344] {dagbag.py:487} INFO - Filling up the DagBag from /home/airflow/sandbox/lib/python3.8/site-packages/airflow/example_dags/example_python_operator.py
[2022-03-21 05:29:20,497] {scheduler_job.py:643} INFO - DAG(s) dict_keys(['example_python_operator']) retrieved from /home/airflow/sandbox/lib/python3.8/site-packages/airflow/example_dags/example_python_operator.py
[2022-03-21 05:29:20,525] {logging_mixin.py:104} INFO - [2022-03-21 05:29:20,524] {dag.py:1832} INFO - Sync 1 DAGs
[2022-03-21 05:29:20,551] {logging_mixin.py:104} INFO - [2022-03-21 05:29:20,550] {dag.py:2305} INFO - Setting next_dagrun for example_python_operator to None
[2022-03-21 05:29:20,588] {scheduler_job.py:190} INFO - Processing /home/airflow/sandbox/lib/python3.8/site-packages/airflow/example_dags/example_python_operator.py took 0.261 seconds
[2022-03-21 05:30:11,995] {scheduler_job.py:182} INFO - Started process (PID=9871) to work on /home/airflow/sandbox/lib/python3.8/site-packages/airflow/example_dags/example_python_operator.py
[2022-03-21 05:30:12,001] {scheduler_job.py:633} INFO - Processing file /home/airflow/sandbox/lib/python3.8/site-packages/airflow/example_dags/example_python_operator.py for tasks to queue
[2022-03-21 05:30:12,003] {logging_mixin.py:104} INFO - [2022-03-21 05:30:12,003] {dagbag.py:487} INFO - Filling up the DagBag from /home/airflow/sandbox/lib/python3.8/site-packages/airflow/example_dags/example_python_operator.py
[2022-03-21 05:30:12,163] {scheduler_job.py:643} INFO - DAG(s) dict_keys(['example_python_operator']) retrieved from /home/airflow/sandbox/lib/python3.8/site-packages/airflow/example_dags/example_python_operator.py
[2022-03-21 05:30:12,187] {logging_mixin.py:104} INFO - [2022-03-21 05:30:12,187] {dag.py:1832} INFO - Sync 1 DAGs
[2022-03-21 05:30:12,212] {logging_mixin.py:104} INFO - [2022-03-21 05:30:12,212] {dag.py:2305} INFO - Setting next_dagrun for example_python_operator to None
[2022-03-21 05:30:12,252] {scheduler_job.py:190} INFO - Processing /home/airflow/sandbox/lib/python3.8/site-packages/airflow/example_dags/example_python_operator.py took 0.262 seconds
[2022-03-21 05:30:57,153] {scheduler_job.py:182} INFO - Started process (PID=9959) to work on /home/airflow/sandbox/lib/python3.8/site-packages/airflow/example_dags/example_python_operator.py
[2022-03-21 05:30:57,155] {scheduler_job.py:633} INFO - Processing file /home/airflow/sandbox/lib/python3.8/site-packages/airflow/example_dags/example_python_operator.py for tasks to queue
[2022-03-21 05:30:57,157] {logging_mixin.py:104} INFO - [2022-03-21 05:30:57,157] {dagbag.py:487} INFO - Filling up the DagBag from /home/airflow/sandbox/lib/python3.8/site-packages/airflow/example_dags/example_python_operator.py
[2022-03-21 05:30:57,174] {scheduler_job.py:643} INFO - DAG(s) dict_keys(['example_python_operator']) retrieved from /home/airflow/sandbox/lib/python3.8/site-packages/airflow/example_dags/example_python_operator.py
[2022-03-21 05:30:57,208] {logging_mixin.py:104} INFO - [2022-03-21 05:30:57,207] {dag.py:1832} INFO - Sync 1 DAGs
[2022-03-21 05:30:57,230] {logging_mixin.py:104} INFO - [2022-03-21 05:30:57,230] {dag.py:2305} INFO - Setting next_dagrun for example_python_operator to None
[2022-03-21 05:30:57,306] {scheduler_job.py:190} INFO - Processing /home/airflow/sandbox/lib/python3.8/site-packages/airflow/example_dags/example_python_operator.py took 0.166 seconds
[2022-03-21 05:31:42,864] {scheduler_job.py:182} INFO - Started process (PID=9994) to work on /home/airflow/sandbox/lib/python3.8/site-packages/airflow/example_dags/example_python_operator.py
[2022-03-21 05:31:42,869] {scheduler_job.py:633} INFO - Processing file /home/airflow/sandbox/lib/python3.8/site-packages/airflow/example_dags/example_python_operator.py for tasks to queue
[2022-03-21 05:31:42,870] {logging_mixin.py:104} INFO - [2022-03-21 05:31:42,870] {dagbag.py:487} INFO - Filling up the DagBag from /home/airflow/sandbox/lib/python3.8/site-packages/airflow/example_dags/example_python_operator.py
[2022-03-21 05:31:42,885] {scheduler_job.py:643} INFO - DAG(s) dict_keys(['example_python_operator']) retrieved from /home/airflow/sandbox/lib/python3.8/site-packages/airflow/example_dags/example_python_operator.py
[2022-03-21 05:31:42,918] {logging_mixin.py:104} INFO - [2022-03-21 05:31:42,918] {dag.py:1832} INFO - Sync 1 DAGs
[2022-03-21 05:31:42,939] {logging_mixin.py:104} INFO - [2022-03-21 05:31:42,939] {dag.py:2305} INFO - Setting next_dagrun for example_python_operator to None
[2022-03-21 05:31:42,974] {scheduler_job.py:190} INFO - Processing /home/airflow/sandbox/lib/python3.8/site-packages/airflow/example_dags/example_python_operator.py took 0.120 seconds
[2022-03-21 05:32:23,718] {scheduler_job.py:182} INFO - Started process (PID=10026) to work on /home/airflow/sandbox/lib/python3.8/site-packages/airflow/example_dags/example_python_operator.py
[2022-03-21 05:32:23,724] {scheduler_job.py:633} INFO - Processing file /home/airflow/sandbox/lib/python3.8/site-packages/airflow/example_dags/example_python_operator.py for tasks to queue
[2022-03-21 05:32:23,726] {logging_mixin.py:104} INFO - [2022-03-21 05:32:23,726] {dagbag.py:487} INFO - Filling up the DagBag from /home/airflow/sandbox/lib/python3.8/site-packages/airflow/example_dags/example_python_operator.py
[2022-03-21 05:32:23,745] {scheduler_job.py:643} INFO - DAG(s) dict_keys(['example_python_operator']) retrieved from /home/airflow/sandbox/lib/python3.8/site-packages/airflow/example_dags/example_python_operator.py
[2022-03-21 05:32:23,776] {logging_mixin.py:104} INFO - [2022-03-21 05:32:23,776] {dag.py:1832} INFO - Sync 1 DAGs
[2022-03-21 05:32:23,796] {logging_mixin.py:104} INFO - [2022-03-21 05:32:23,794] {dag.py:2305} INFO - Setting next_dagrun for example_python_operator to None
[2022-03-21 05:32:23,831] {scheduler_job.py:190} INFO - Processing /home/airflow/sandbox/lib/python3.8/site-packages/airflow/example_dags/example_python_operator.py took 0.119 seconds
[2022-03-21 05:33:06,735] {scheduler_job.py:182} INFO - Started process (PID=10058) to work on /home/airflow/sandbox/lib/python3.8/site-packages/airflow/example_dags/example_python_operator.py
[2022-03-21 05:33:06,737] {scheduler_job.py:633} INFO - Processing file /home/airflow/sandbox/lib/python3.8/site-packages/airflow/example_dags/example_python_operator.py for tasks to queue
[2022-03-21 05:33:06,738] {logging_mixin.py:104} INFO - [2022-03-21 05:33:06,738] {dagbag.py:487} INFO - Filling up the DagBag from /home/airflow/sandbox/lib/python3.8/site-packages/airflow/example_dags/example_python_operator.py
[2022-03-21 05:33:06,755] {scheduler_job.py:643} INFO - DAG(s) dict_keys(['example_python_operator']) retrieved from /home/airflow/sandbox/lib/python3.8/site-packages/airflow/example_dags/example_python_operator.py
[2022-03-21 05:33:06,788] {logging_mixin.py:104} INFO - [2022-03-21 05:33:06,788] {dag.py:1832} INFO - Sync 1 DAGs
[2022-03-21 05:33:06,810] {logging_mixin.py:104} INFO - [2022-03-21 05:33:06,810] {dag.py:2305} INFO - Setting next_dagrun for example_python_operator to None
[2022-03-21 05:33:06,844] {scheduler_job.py:190} INFO - Processing /home/airflow/sandbox/lib/python3.8/site-packages/airflow/example_dags/example_python_operator.py took 0.118 seconds
[2022-03-21 05:33:50,416] {scheduler_job.py:182} INFO - Started process (PID=10091) to work on /home/airflow/sandbox/lib/python3.8/site-packages/airflow/example_dags/example_python_operator.py
[2022-03-21 05:33:50,419] {scheduler_job.py:633} INFO - Processing file /home/airflow/sandbox/lib/python3.8/site-packages/airflow/example_dags/example_python_operator.py for tasks to queue
[2022-03-21 05:33:50,420] {logging_mixin.py:104} INFO - [2022-03-21 05:33:50,420] {dagbag.py:487} INFO - Filling up the DagBag from /home/airflow/sandbox/lib/python3.8/site-packages/airflow/example_dags/example_python_operator.py
[2022-03-21 05:33:50,437] {scheduler_job.py:643} INFO - DAG(s) dict_keys(['example_python_operator']) retrieved from /home/airflow/sandbox/lib/python3.8/site-packages/airflow/example_dags/example_python_operator.py
[2022-03-21 05:33:50,468] {logging_mixin.py:104} INFO - [2022-03-21 05:33:50,468] {dag.py:1832} INFO - Sync 1 DAGs
[2022-03-21 05:33:50,492] {logging_mixin.py:104} INFO - [2022-03-21 05:33:50,491] {dag.py:2305} INFO - Setting next_dagrun for example_python_operator to None
[2022-03-21 05:33:50,544] {scheduler_job.py:190} INFO - Processing /home/airflow/sandbox/lib/python3.8/site-packages/airflow/example_dags/example_python_operator.py took 0.137 seconds
[2022-03-21 05:34:34,694] {scheduler_job.py:182} INFO - Started process (PID=10125) to work on /home/airflow/sandbox/lib/python3.8/site-packages/airflow/example_dags/example_python_operator.py
[2022-03-21 05:34:34,698] {scheduler_job.py:633} INFO - Processing file /home/airflow/sandbox/lib/python3.8/site-packages/airflow/example_dags/example_python_operator.py for tasks to queue
[2022-03-21 05:34:34,699] {logging_mixin.py:104} INFO - [2022-03-21 05:34:34,699] {dagbag.py:487} INFO - Filling up the DagBag from /home/airflow/sandbox/lib/python3.8/site-packages/airflow/example_dags/example_python_operator.py
[2022-03-21 05:34:34,716] {scheduler_job.py:643} INFO - DAG(s) dict_keys(['example_python_operator']) retrieved from /home/airflow/sandbox/lib/python3.8/site-packages/airflow/example_dags/example_python_operator.py
[2022-03-21 05:34:34,755] {logging_mixin.py:104} INFO - [2022-03-21 05:34:34,755] {dag.py:1832} INFO - Sync 1 DAGs
[2022-03-21 05:34:34,780] {logging_mixin.py:104} INFO - [2022-03-21 05:34:34,780] {dag.py:2305} INFO - Setting next_dagrun for example_python_operator to None
[2022-03-21 05:34:34,819] {scheduler_job.py:190} INFO - Processing /home/airflow/sandbox/lib/python3.8/site-packages/airflow/example_dags/example_python_operator.py took 0.131 seconds
[2022-03-21 05:35:23,212] {scheduler_job.py:182} INFO - Started process (PID=10160) to work on /home/airflow/sandbox/lib/python3.8/site-packages/airflow/example_dags/example_python_operator.py
[2022-03-21 05:35:23,216] {scheduler_job.py:633} INFO - Processing file /home/airflow/sandbox/lib/python3.8/site-packages/airflow/example_dags/example_python_operator.py for tasks to queue
[2022-03-21 05:35:23,222] {logging_mixin.py:104} INFO - [2022-03-21 05:35:23,220] {dagbag.py:487} INFO - Filling up the DagBag from /home/airflow/sandbox/lib/python3.8/site-packages/airflow/example_dags/example_python_operator.py
[2022-03-21 05:35:23,242] {scheduler_job.py:643} INFO - DAG(s) dict_keys(['example_python_operator']) retrieved from /home/airflow/sandbox/lib/python3.8/site-packages/airflow/example_dags/example_python_operator.py
[2022-03-21 05:35:23,279] {logging_mixin.py:104} INFO - [2022-03-21 05:35:23,278] {dag.py:1832} INFO - Sync 1 DAGs
[2022-03-21 05:35:23,304] {logging_mixin.py:104} INFO - [2022-03-21 05:35:23,304] {dag.py:2305} INFO - Setting next_dagrun for example_python_operator to None
[2022-03-21 05:35:23,360] {scheduler_job.py:190} INFO - Processing /home/airflow/sandbox/lib/python3.8/site-packages/airflow/example_dags/example_python_operator.py took 0.156 seconds
[2022-03-21 05:36:08,894] {scheduler_job.py:182} INFO - Started process (PID=10248) to work on /home/airflow/sandbox/lib/python3.8/site-packages/airflow/example_dags/example_python_operator.py
[2022-03-21 05:36:08,897] {scheduler_job.py:633} INFO - Processing file /home/airflow/sandbox/lib/python3.8/site-packages/airflow/example_dags/example_python_operator.py for tasks to queue
[2022-03-21 05:36:08,898] {logging_mixin.py:104} INFO - [2022-03-21 05:36:08,898] {dagbag.py:487} INFO - Filling up the DagBag from /home/airflow/sandbox/lib/python3.8/site-packages/airflow/example_dags/example_python_operator.py
[2022-03-21 05:36:08,916] {scheduler_job.py:643} INFO - DAG(s) dict_keys(['example_python_operator']) retrieved from /home/airflow/sandbox/lib/python3.8/site-packages/airflow/example_dags/example_python_operator.py
[2022-03-21 05:36:08,949] {logging_mixin.py:104} INFO - [2022-03-21 05:36:08,949] {dag.py:1832} INFO - Sync 1 DAGs
[2022-03-21 05:36:08,971] {logging_mixin.py:104} INFO - [2022-03-21 05:36:08,971] {dag.py:2305} INFO - Setting next_dagrun for example_python_operator to None
[2022-03-21 05:36:09,006] {scheduler_job.py:190} INFO - Processing /home/airflow/sandbox/lib/python3.8/site-packages/airflow/example_dags/example_python_operator.py took 0.118 seconds
[2022-03-21 05:36:54,736] {scheduler_job.py:182} INFO - Started process (PID=10282) to work on /home/airflow/sandbox/lib/python3.8/site-packages/airflow/example_dags/example_python_operator.py
[2022-03-21 05:36:54,740] {scheduler_job.py:633} INFO - Processing file /home/airflow/sandbox/lib/python3.8/site-packages/airflow/example_dags/example_python_operator.py for tasks to queue
[2022-03-21 05:36:54,741] {logging_mixin.py:104} INFO - [2022-03-21 05:36:54,741] {dagbag.py:487} INFO - Filling up the DagBag from /home/airflow/sandbox/lib/python3.8/site-packages/airflow/example_dags/example_python_operator.py
[2022-03-21 05:36:54,758] {scheduler_job.py:643} INFO - DAG(s) dict_keys(['example_python_operator']) retrieved from /home/airflow/sandbox/lib/python3.8/site-packages/airflow/example_dags/example_python_operator.py
[2022-03-21 05:36:54,794] {logging_mixin.py:104} INFO - [2022-03-21 05:36:54,794] {dag.py:1832} INFO - Sync 1 DAGs
[2022-03-21 05:36:54,819] {logging_mixin.py:104} INFO - [2022-03-21 05:36:54,819] {dag.py:2305} INFO - Setting next_dagrun for example_python_operator to None
[2022-03-21 05:36:54,863] {scheduler_job.py:190} INFO - Processing /home/airflow/sandbox/lib/python3.8/site-packages/airflow/example_dags/example_python_operator.py took 0.137 seconds
[2022-03-21 05:37:38,804] {scheduler_job.py:182} INFO - Started process (PID=10315) to work on /home/airflow/sandbox/lib/python3.8/site-packages/airflow/example_dags/example_python_operator.py
[2022-03-21 05:37:38,806] {scheduler_job.py:633} INFO - Processing file /home/airflow/sandbox/lib/python3.8/site-packages/airflow/example_dags/example_python_operator.py for tasks to queue
[2022-03-21 05:37:38,809] {logging_mixin.py:104} INFO - [2022-03-21 05:37:38,808] {dagbag.py:487} INFO - Filling up the DagBag from /home/airflow/sandbox/lib/python3.8/site-packages/airflow/example_dags/example_python_operator.py
[2022-03-21 05:37:38,825] {scheduler_job.py:643} INFO - DAG(s) dict_keys(['example_python_operator']) retrieved from /home/airflow/sandbox/lib/python3.8/site-packages/airflow/example_dags/example_python_operator.py
[2022-03-21 05:37:38,865] {logging_mixin.py:104} INFO - [2022-03-21 05:37:38,864] {dag.py:1832} INFO - Sync 1 DAGs
[2022-03-21 05:37:38,885] {logging_mixin.py:104} INFO - [2022-03-21 05:37:38,885] {dag.py:2305} INFO - Setting next_dagrun for example_python_operator to None
[2022-03-21 05:37:38,921] {scheduler_job.py:190} INFO - Processing /home/airflow/sandbox/lib/python3.8/site-packages/airflow/example_dags/example_python_operator.py took 0.128 seconds
[2022-03-21 05:38:22,928] {scheduler_job.py:182} INFO - Started process (PID=10350) to work on /home/airflow/sandbox/lib/python3.8/site-packages/airflow/example_dags/example_python_operator.py
[2022-03-21 05:38:22,931] {scheduler_job.py:633} INFO - Processing file /home/airflow/sandbox/lib/python3.8/site-packages/airflow/example_dags/example_python_operator.py for tasks to queue
[2022-03-21 05:38:22,932] {logging_mixin.py:104} INFO - [2022-03-21 05:38:22,932] {dagbag.py:487} INFO - Filling up the DagBag from /home/airflow/sandbox/lib/python3.8/site-packages/airflow/example_dags/example_python_operator.py
[2022-03-21 05:38:22,950] {scheduler_job.py:643} INFO - DAG(s) dict_keys(['example_python_operator']) retrieved from /home/airflow/sandbox/lib/python3.8/site-packages/airflow/example_dags/example_python_operator.py
[2022-03-21 05:38:22,985] {logging_mixin.py:104} INFO - [2022-03-21 05:38:22,985] {dag.py:1832} INFO - Sync 1 DAGs
[2022-03-21 05:38:23,004] {logging_mixin.py:104} INFO - [2022-03-21 05:38:23,004] {dag.py:2305} INFO - Setting next_dagrun for example_python_operator to None
[2022-03-21 05:38:23,041] {scheduler_job.py:190} INFO - Processing /home/airflow/sandbox/lib/python3.8/site-packages/airflow/example_dags/example_python_operator.py took 0.119 seconds
[2022-03-21 05:39:04,130] {scheduler_job.py:182} INFO - Started process (PID=10381) to work on /home/airflow/sandbox/lib/python3.8/site-packages/airflow/example_dags/example_python_operator.py
[2022-03-21 05:39:04,134] {scheduler_job.py:633} INFO - Processing file /home/airflow/sandbox/lib/python3.8/site-packages/airflow/example_dags/example_python_operator.py for tasks to queue
[2022-03-21 05:39:04,141] {logging_mixin.py:104} INFO - [2022-03-21 05:39:04,140] {dagbag.py:487} INFO - Filling up the DagBag from /home/airflow/sandbox/lib/python3.8/site-packages/airflow/example_dags/example_python_operator.py
[2022-03-21 05:39:04,177] {scheduler_job.py:643} INFO - DAG(s) dict_keys(['example_python_operator']) retrieved from /home/airflow/sandbox/lib/python3.8/site-packages/airflow/example_dags/example_python_operator.py
[2022-03-21 05:39:04,293] {logging_mixin.py:104} INFO - [2022-03-21 05:39:04,293] {dag.py:1832} INFO - Sync 1 DAGs
[2022-03-21 05:39:04,373] {logging_mixin.py:104} INFO - [2022-03-21 05:39:04,349] {dag.py:2305} INFO - Setting next_dagrun for example_python_operator to None
[2022-03-21 05:39:04,454] {scheduler_job.py:190} INFO - Processing /home/airflow/sandbox/lib/python3.8/site-packages/airflow/example_dags/example_python_operator.py took 0.337 seconds
[2022-03-21 05:39:53,836] {scheduler_job.py:182} INFO - Started process (PID=10416) to work on /home/airflow/sandbox/lib/python3.8/site-packages/airflow/example_dags/example_python_operator.py
[2022-03-21 05:39:53,842] {scheduler_job.py:633} INFO - Processing file /home/airflow/sandbox/lib/python3.8/site-packages/airflow/example_dags/example_python_operator.py for tasks to queue
[2022-03-21 05:39:53,843] {logging_mixin.py:104} INFO - [2022-03-21 05:39:53,843] {dagbag.py:487} INFO - Filling up the DagBag from /home/airflow/sandbox/lib/python3.8/site-packages/airflow/example_dags/example_python_operator.py
[2022-03-21 05:39:53,868] {scheduler_job.py:643} INFO - DAG(s) dict_keys(['example_python_operator']) retrieved from /home/airflow/sandbox/lib/python3.8/site-packages/airflow/example_dags/example_python_operator.py
[2022-03-21 05:39:53,903] {logging_mixin.py:104} INFO - [2022-03-21 05:39:53,903] {dag.py:1832} INFO - Sync 1 DAGs
[2022-03-21 05:39:53,940] {logging_mixin.py:104} INFO - [2022-03-21 05:39:53,940] {dag.py:2305} INFO - Setting next_dagrun for example_python_operator to None
[2022-03-21 05:39:54,036] {scheduler_job.py:190} INFO - Processing /home/airflow/sandbox/lib/python3.8/site-packages/airflow/example_dags/example_python_operator.py took 0.211 seconds
[2022-03-21 05:40:32,978] {scheduler_job.py:182} INFO - Started process (PID=10503) to work on /home/airflow/sandbox/lib/python3.8/site-packages/airflow/example_dags/example_python_operator.py
[2022-03-21 05:40:32,983] {scheduler_job.py:633} INFO - Processing file /home/airflow/sandbox/lib/python3.8/site-packages/airflow/example_dags/example_python_operator.py for tasks to queue
[2022-03-21 05:40:32,986] {logging_mixin.py:104} INFO - [2022-03-21 05:40:32,985] {dagbag.py:487} INFO - Filling up the DagBag from /home/airflow/sandbox/lib/python3.8/site-packages/airflow/example_dags/example_python_operator.py
[2022-03-21 05:40:33,020] {scheduler_job.py:643} INFO - DAG(s) dict_keys(['example_python_operator']) retrieved from /home/airflow/sandbox/lib/python3.8/site-packages/airflow/example_dags/example_python_operator.py
[2022-03-21 05:40:33,066] {logging_mixin.py:104} INFO - [2022-03-21 05:40:33,064] {dag.py:1832} INFO - Sync 1 DAGs
[2022-03-21 05:40:33,109] {logging_mixin.py:104} INFO - [2022-03-21 05:40:33,109] {dag.py:2305} INFO - Setting next_dagrun for example_python_operator to None
[2022-03-21 05:40:33,168] {scheduler_job.py:190} INFO - Processing /home/airflow/sandbox/lib/python3.8/site-packages/airflow/example_dags/example_python_operator.py took 0.206 seconds
[2022-03-21 05:41:17,680] {scheduler_job.py:182} INFO - Started process (PID=10536) to work on /home/airflow/sandbox/lib/python3.8/site-packages/airflow/example_dags/example_python_operator.py
[2022-03-21 05:41:17,688] {scheduler_job.py:633} INFO - Processing file /home/airflow/sandbox/lib/python3.8/site-packages/airflow/example_dags/example_python_operator.py for tasks to queue
[2022-03-21 05:41:17,689] {logging_mixin.py:104} INFO - [2022-03-21 05:41:17,689] {dagbag.py:487} INFO - Filling up the DagBag from /home/airflow/sandbox/lib/python3.8/site-packages/airflow/example_dags/example_python_operator.py
[2022-03-21 05:41:17,711] {scheduler_job.py:643} INFO - DAG(s) dict_keys(['example_python_operator']) retrieved from /home/airflow/sandbox/lib/python3.8/site-packages/airflow/example_dags/example_python_operator.py
[2022-03-21 05:41:17,759] {logging_mixin.py:104} INFO - [2022-03-21 05:41:17,758] {dag.py:1832} INFO - Sync 1 DAGs
[2022-03-21 05:41:17,786] {logging_mixin.py:104} INFO - [2022-03-21 05:41:17,786] {dag.py:2305} INFO - Setting next_dagrun for example_python_operator to None
[2022-03-21 05:41:17,824] {scheduler_job.py:190} INFO - Processing /home/airflow/sandbox/lib/python3.8/site-packages/airflow/example_dags/example_python_operator.py took 0.151 seconds
[2022-03-21 05:42:03,851] {scheduler_job.py:182} INFO - Started process (PID=10570) to work on /home/airflow/sandbox/lib/python3.8/site-packages/airflow/example_dags/example_python_operator.py
[2022-03-21 05:42:03,856] {scheduler_job.py:633} INFO - Processing file /home/airflow/sandbox/lib/python3.8/site-packages/airflow/example_dags/example_python_operator.py for tasks to queue
[2022-03-21 05:42:03,858] {logging_mixin.py:104} INFO - [2022-03-21 05:42:03,857] {dagbag.py:487} INFO - Filling up the DagBag from /home/airflow/sandbox/lib/python3.8/site-packages/airflow/example_dags/example_python_operator.py
[2022-03-21 05:42:03,879] {scheduler_job.py:643} INFO - DAG(s) dict_keys(['example_python_operator']) retrieved from /home/airflow/sandbox/lib/python3.8/site-packages/airflow/example_dags/example_python_operator.py
[2022-03-21 05:42:03,921] {logging_mixin.py:104} INFO - [2022-03-21 05:42:03,921] {dag.py:1832} INFO - Sync 1 DAGs
[2022-03-21 05:42:03,956] {logging_mixin.py:104} INFO - [2022-03-21 05:42:03,956] {dag.py:2305} INFO - Setting next_dagrun for example_python_operator to None
[2022-03-21 05:42:04,001] {scheduler_job.py:190} INFO - Processing /home/airflow/sandbox/lib/python3.8/site-packages/airflow/example_dags/example_python_operator.py took 0.161 seconds
[2022-03-21 05:42:51,255] {scheduler_job.py:182} INFO - Started process (PID=10604) to work on /home/airflow/sandbox/lib/python3.8/site-packages/airflow/example_dags/example_python_operator.py
[2022-03-21 05:42:51,261] {scheduler_job.py:633} INFO - Processing file /home/airflow/sandbox/lib/python3.8/site-packages/airflow/example_dags/example_python_operator.py for tasks to queue
[2022-03-21 05:42:51,262] {logging_mixin.py:104} INFO - [2022-03-21 05:42:51,262] {dagbag.py:487} INFO - Filling up the DagBag from /home/airflow/sandbox/lib/python3.8/site-packages/airflow/example_dags/example_python_operator.py
[2022-03-21 05:42:51,282] {scheduler_job.py:643} INFO - DAG(s) dict_keys(['example_python_operator']) retrieved from /home/airflow/sandbox/lib/python3.8/site-packages/airflow/example_dags/example_python_operator.py
[2022-03-21 05:42:51,317] {logging_mixin.py:104} INFO - [2022-03-21 05:42:51,317] {dag.py:1832} INFO - Sync 1 DAGs
[2022-03-21 05:42:51,342] {logging_mixin.py:104} INFO - [2022-03-21 05:42:51,342] {dag.py:2305} INFO - Setting next_dagrun for example_python_operator to None
[2022-03-21 05:42:51,399] {scheduler_job.py:190} INFO - Processing /home/airflow/sandbox/lib/python3.8/site-packages/airflow/example_dags/example_python_operator.py took 0.149 seconds
[2022-03-21 05:43:45,120] {scheduler_job.py:182} INFO - Started process (PID=10641) to work on /home/airflow/sandbox/lib/python3.8/site-packages/airflow/example_dags/example_python_operator.py
[2022-03-21 05:43:45,122] {scheduler_job.py:633} INFO - Processing file /home/airflow/sandbox/lib/python3.8/site-packages/airflow/example_dags/example_python_operator.py for tasks to queue
[2022-03-21 05:43:45,124] {logging_mixin.py:104} INFO - [2022-03-21 05:43:45,124] {dagbag.py:487} INFO - Filling up the DagBag from /home/airflow/sandbox/lib/python3.8/site-packages/airflow/example_dags/example_python_operator.py
[2022-03-21 05:43:45,144] {scheduler_job.py:643} INFO - DAG(s) dict_keys(['example_python_operator']) retrieved from /home/airflow/sandbox/lib/python3.8/site-packages/airflow/example_dags/example_python_operator.py
[2022-03-21 05:43:45,178] {logging_mixin.py:104} INFO - [2022-03-21 05:43:45,178] {dag.py:1832} INFO - Sync 1 DAGs
[2022-03-21 05:43:45,198] {logging_mixin.py:104} INFO - [2022-03-21 05:43:45,198] {dag.py:2305} INFO - Setting next_dagrun for example_python_operator to None
[2022-03-21 05:43:45,233] {scheduler_job.py:190} INFO - Processing /home/airflow/sandbox/lib/python3.8/site-packages/airflow/example_dags/example_python_operator.py took 0.119 seconds
[2022-03-21 05:44:28,540] {scheduler_job.py:182} INFO - Started process (PID=10671) to work on /home/airflow/sandbox/lib/python3.8/site-packages/airflow/example_dags/example_python_operator.py
[2022-03-21 05:44:28,543] {scheduler_job.py:633} INFO - Processing file /home/airflow/sandbox/lib/python3.8/site-packages/airflow/example_dags/example_python_operator.py for tasks to queue
[2022-03-21 05:44:28,545] {logging_mixin.py:104} INFO - [2022-03-21 05:44:28,545] {dagbag.py:487} INFO - Filling up the DagBag from /home/airflow/sandbox/lib/python3.8/site-packages/airflow/example_dags/example_python_operator.py
[2022-03-21 05:44:28,565] {scheduler_job.py:643} INFO - DAG(s) dict_keys(['example_python_operator']) retrieved from /home/airflow/sandbox/lib/python3.8/site-packages/airflow/example_dags/example_python_operator.py
[2022-03-21 05:44:28,597] {logging_mixin.py:104} INFO - [2022-03-21 05:44:28,597] {dag.py:1832} INFO - Sync 1 DAGs
[2022-03-21 05:44:28,620] {logging_mixin.py:104} INFO - [2022-03-21 05:44:28,620] {dag.py:2305} INFO - Setting next_dagrun for example_python_operator to None
[2022-03-21 05:44:28,668] {scheduler_job.py:190} INFO - Processing /home/airflow/sandbox/lib/python3.8/site-packages/airflow/example_dags/example_python_operator.py took 0.137 seconds
[2022-03-21 05:45:19,088] {scheduler_job.py:182} INFO - Started process (PID=10707) to work on /home/airflow/sandbox/lib/python3.8/site-packages/airflow/example_dags/example_python_operator.py
[2022-03-21 05:45:19,090] {scheduler_job.py:633} INFO - Processing file /home/airflow/sandbox/lib/python3.8/site-packages/airflow/example_dags/example_python_operator.py for tasks to queue
[2022-03-21 05:45:19,091] {logging_mixin.py:104} INFO - [2022-03-21 05:45:19,091] {dagbag.py:487} INFO - Filling up the DagBag from /home/airflow/sandbox/lib/python3.8/site-packages/airflow/example_dags/example_python_operator.py
[2022-03-21 05:45:19,112] {scheduler_job.py:643} INFO - DAG(s) dict_keys(['example_python_operator']) retrieved from /home/airflow/sandbox/lib/python3.8/site-packages/airflow/example_dags/example_python_operator.py
[2022-03-21 05:45:19,151] {logging_mixin.py:104} INFO - [2022-03-21 05:45:19,151] {dag.py:1832} INFO - Sync 1 DAGs
[2022-03-21 05:45:19,176] {logging_mixin.py:104} INFO - [2022-03-21 05:45:19,176] {dag.py:2305} INFO - Setting next_dagrun for example_python_operator to None
[2022-03-21 05:45:19,219] {scheduler_job.py:190} INFO - Processing /home/airflow/sandbox/lib/python3.8/site-packages/airflow/example_dags/example_python_operator.py took 0.140 seconds
[2022-03-21 05:46:02,465] {scheduler_job.py:182} INFO - Started process (PID=10796) to work on /home/airflow/sandbox/lib/python3.8/site-packages/airflow/example_dags/example_python_operator.py
[2022-03-21 05:46:02,473] {scheduler_job.py:633} INFO - Processing file /home/airflow/sandbox/lib/python3.8/site-packages/airflow/example_dags/example_python_operator.py for tasks to queue
[2022-03-21 05:46:02,475] {logging_mixin.py:104} INFO - [2022-03-21 05:46:02,475] {dagbag.py:487} INFO - Filling up the DagBag from /home/airflow/sandbox/lib/python3.8/site-packages/airflow/example_dags/example_python_operator.py
[2022-03-21 05:46:02,502] {scheduler_job.py:643} INFO - DAG(s) dict_keys(['example_python_operator']) retrieved from /home/airflow/sandbox/lib/python3.8/site-packages/airflow/example_dags/example_python_operator.py
[2022-03-21 05:46:02,546] {logging_mixin.py:104} INFO - [2022-03-21 05:46:02,545] {dag.py:1832} INFO - Sync 1 DAGs
[2022-03-21 05:46:02,578] {logging_mixin.py:104} INFO - [2022-03-21 05:46:02,577] {dag.py:2305} INFO - Setting next_dagrun for example_python_operator to None
[2022-03-21 05:46:02,624] {scheduler_job.py:190} INFO - Processing /home/airflow/sandbox/lib/python3.8/site-packages/airflow/example_dags/example_python_operator.py took 0.167 seconds
[2022-03-21 05:47:34,267] {scheduler_job.py:182} INFO - Started process (PID=11586) to work on /home/airflow/sandbox/lib/python3.8/site-packages/airflow/example_dags/example_python_operator.py
[2022-03-21 05:47:34,271] {scheduler_job.py:633} INFO - Processing file /home/airflow/sandbox/lib/python3.8/site-packages/airflow/example_dags/example_python_operator.py for tasks to queue
[2022-03-21 05:47:34,272] {logging_mixin.py:104} INFO - [2022-03-21 05:47:34,272] {dagbag.py:487} INFO - Filling up the DagBag from /home/airflow/sandbox/lib/python3.8/site-packages/airflow/example_dags/example_python_operator.py
[2022-03-21 05:47:34,300] {scheduler_job.py:643} INFO - DAG(s) dict_keys(['example_python_operator']) retrieved from /home/airflow/sandbox/lib/python3.8/site-packages/airflow/example_dags/example_python_operator.py
[2022-03-21 05:47:34,337] {logging_mixin.py:104} INFO - [2022-03-21 05:47:34,337] {dag.py:1832} INFO - Sync 1 DAGs
[2022-03-21 05:47:34,363] {logging_mixin.py:104} INFO - [2022-03-21 05:47:34,363] {dag.py:2305} INFO - Setting next_dagrun for example_python_operator to None
[2022-03-21 05:47:34,417] {scheduler_job.py:190} INFO - Processing /home/airflow/sandbox/lib/python3.8/site-packages/airflow/example_dags/example_python_operator.py took 0.212 seconds
[2022-03-21 05:48:19,393] {scheduler_job.py:182} INFO - Started process (PID=11859) to work on /home/airflow/sandbox/lib/python3.8/site-packages/airflow/example_dags/example_python_operator.py
[2022-03-21 05:48:19,396] {scheduler_job.py:633} INFO - Processing file /home/airflow/sandbox/lib/python3.8/site-packages/airflow/example_dags/example_python_operator.py for tasks to queue
[2022-03-21 05:48:19,397] {logging_mixin.py:104} INFO - [2022-03-21 05:48:19,397] {dagbag.py:487} INFO - Filling up the DagBag from /home/airflow/sandbox/lib/python3.8/site-packages/airflow/example_dags/example_python_operator.py
[2022-03-21 05:48:19,509] {scheduler_job.py:643} INFO - DAG(s) dict_keys(['example_python_operator']) retrieved from /home/airflow/sandbox/lib/python3.8/site-packages/airflow/example_dags/example_python_operator.py
[2022-03-21 05:48:19,715] {logging_mixin.py:104} INFO - [2022-03-21 05:48:19,715] {dag.py:1832} INFO - Sync 1 DAGs
[2022-03-21 05:48:19,873] {logging_mixin.py:104} INFO - [2022-03-21 05:48:19,873] {dag.py:2305} INFO - Setting next_dagrun for example_python_operator to None
[2022-03-21 05:48:20,037] {scheduler_job.py:190} INFO - Processing /home/airflow/sandbox/lib/python3.8/site-packages/airflow/example_dags/example_python_operator.py took 0.716 seconds
[2022-03-21 05:49:10,768] {scheduler_job.py:182} INFO - Started process (PID=12044) to work on /home/airflow/sandbox/lib/python3.8/site-packages/airflow/example_dags/example_python_operator.py
[2022-03-21 05:49:10,770] {scheduler_job.py:633} INFO - Processing file /home/airflow/sandbox/lib/python3.8/site-packages/airflow/example_dags/example_python_operator.py for tasks to queue
[2022-03-21 05:49:10,771] {logging_mixin.py:104} INFO - [2022-03-21 05:49:10,771] {dagbag.py:487} INFO - Filling up the DagBag from /home/airflow/sandbox/lib/python3.8/site-packages/airflow/example_dags/example_python_operator.py
[2022-03-21 05:49:10,792] {scheduler_job.py:643} INFO - DAG(s) dict_keys(['example_python_operator']) retrieved from /home/airflow/sandbox/lib/python3.8/site-packages/airflow/example_dags/example_python_operator.py
[2022-03-21 05:49:10,825] {logging_mixin.py:104} INFO - [2022-03-21 05:49:10,823] {dag.py:1832} INFO - Sync 1 DAGs
[2022-03-21 05:49:10,854] {logging_mixin.py:104} INFO - [2022-03-21 05:49:10,854] {dag.py:2305} INFO - Setting next_dagrun for example_python_operator to None
[2022-03-21 05:49:10,907] {scheduler_job.py:190} INFO - Processing /home/airflow/sandbox/lib/python3.8/site-packages/airflow/example_dags/example_python_operator.py took 0.147 seconds
[2022-03-21 05:49:59,548] {scheduler_job.py:182} INFO - Started process (PID=12150) to work on /home/airflow/sandbox/lib/python3.8/site-packages/airflow/example_dags/example_python_operator.py
[2022-03-21 05:49:59,551] {scheduler_job.py:633} INFO - Processing file /home/airflow/sandbox/lib/python3.8/site-packages/airflow/example_dags/example_python_operator.py for tasks to queue
[2022-03-21 05:49:59,553] {logging_mixin.py:104} INFO - [2022-03-21 05:49:59,553] {dagbag.py:487} INFO - Filling up the DagBag from /home/airflow/sandbox/lib/python3.8/site-packages/airflow/example_dags/example_python_operator.py
[2022-03-21 05:49:59,569] {scheduler_job.py:643} INFO - DAG(s) dict_keys(['example_python_operator']) retrieved from /home/airflow/sandbox/lib/python3.8/site-packages/airflow/example_dags/example_python_operator.py
[2022-03-21 05:49:59,600] {logging_mixin.py:104} INFO - [2022-03-21 05:49:59,600] {dag.py:1832} INFO - Sync 1 DAGs
[2022-03-21 05:49:59,622] {logging_mixin.py:104} INFO - [2022-03-21 05:49:59,622] {dag.py:2305} INFO - Setting next_dagrun for example_python_operator to None
[2022-03-21 05:49:59,659] {scheduler_job.py:190} INFO - Processing /home/airflow/sandbox/lib/python3.8/site-packages/airflow/example_dags/example_python_operator.py took 0.131 seconds
