[2022-03-21 05:14:10,136] {scheduler_job.py:182} INFO - Started process (PID=8028) to work on /home/airflow/sandbox/lib/python3.8/site-packages/airflow/example_dags/example_short_circuit_operator.py
[2022-03-21 05:14:10,138] {scheduler_job.py:633} INFO - Processing file /home/airflow/sandbox/lib/python3.8/site-packages/airflow/example_dags/example_short_circuit_operator.py for tasks to queue
[2022-03-21 05:14:10,141] {logging_mixin.py:104} INFO - [2022-03-21 05:14:10,140] {dagbag.py:487} INFO - Filling up the DagBag from /home/airflow/sandbox/lib/python3.8/site-packages/airflow/example_dags/example_short_circuit_operator.py
[2022-03-21 05:14:10,158] {scheduler_job.py:643} INFO - DAG(s) dict_keys(['example_short_circuit_operator']) retrieved from /home/airflow/sandbox/lib/python3.8/site-packages/airflow/example_dags/example_short_circuit_operator.py
[2022-03-21 05:14:10,811] {logging_mixin.py:104} INFO - [2022-03-21 05:14:10,811] {dag.py:1832} INFO - Sync 1 DAGs
[2022-03-21 05:14:10,844] {logging_mixin.py:104} INFO - [2022-03-21 05:14:10,844] {dag.py:2305} INFO - Setting next_dagrun for example_short_circuit_operator to 2022-03-19 00:00:00+00:00
[2022-03-21 05:14:10,938] {scheduler_job.py:190} INFO - Processing /home/airflow/sandbox/lib/python3.8/site-packages/airflow/example_dags/example_short_circuit_operator.py took 0.813 seconds
[2022-03-21 05:15:28,478] {scheduler_job.py:182} INFO - Started process (PID=8394) to work on /home/airflow/sandbox/lib/python3.8/site-packages/airflow/example_dags/example_short_circuit_operator.py
[2022-03-21 05:15:28,481] {scheduler_job.py:633} INFO - Processing file /home/airflow/sandbox/lib/python3.8/site-packages/airflow/example_dags/example_short_circuit_operator.py for tasks to queue
[2022-03-21 05:15:28,485] {logging_mixin.py:104} INFO - [2022-03-21 05:15:28,484] {dagbag.py:487} INFO - Filling up the DagBag from /home/airflow/sandbox/lib/python3.8/site-packages/airflow/example_dags/example_short_circuit_operator.py
[2022-03-21 05:15:28,501] {scheduler_job.py:643} INFO - DAG(s) dict_keys(['example_short_circuit_operator']) retrieved from /home/airflow/sandbox/lib/python3.8/site-packages/airflow/example_dags/example_short_circuit_operator.py
[2022-03-21 05:15:28,532] {logging_mixin.py:104} INFO - [2022-03-21 05:15:28,532] {dag.py:1832} INFO - Sync 1 DAGs
[2022-03-21 05:15:28,552] {logging_mixin.py:104} INFO - [2022-03-21 05:15:28,552] {dag.py:2305} INFO - Setting next_dagrun for example_short_circuit_operator to 2022-03-19 00:00:00+00:00
[2022-03-21 05:15:28,650] {scheduler_job.py:190} INFO - Processing /home/airflow/sandbox/lib/python3.8/site-packages/airflow/example_dags/example_short_circuit_operator.py took 0.178 seconds
[2022-03-21 05:16:12,607] {scheduler_job.py:182} INFO - Started process (PID=8718) to work on /home/airflow/sandbox/lib/python3.8/site-packages/airflow/example_dags/example_short_circuit_operator.py
[2022-03-21 05:16:12,609] {scheduler_job.py:633} INFO - Processing file /home/airflow/sandbox/lib/python3.8/site-packages/airflow/example_dags/example_short_circuit_operator.py for tasks to queue
[2022-03-21 05:16:12,610] {logging_mixin.py:104} INFO - [2022-03-21 05:16:12,610] {dagbag.py:487} INFO - Filling up the DagBag from /home/airflow/sandbox/lib/python3.8/site-packages/airflow/example_dags/example_short_circuit_operator.py
[2022-03-21 05:16:12,627] {scheduler_job.py:643} INFO - DAG(s) dict_keys(['example_short_circuit_operator']) retrieved from /home/airflow/sandbox/lib/python3.8/site-packages/airflow/example_dags/example_short_circuit_operator.py
[2022-03-21 05:16:12,659] {logging_mixin.py:104} INFO - [2022-03-21 05:16:12,659] {dag.py:1832} INFO - Sync 1 DAGs
[2022-03-21 05:16:12,686] {logging_mixin.py:104} INFO - [2022-03-21 05:16:12,686] {dag.py:2305} INFO - Setting next_dagrun for example_short_circuit_operator to 2022-03-19 00:00:00+00:00
[2022-03-21 05:16:12,725] {scheduler_job.py:190} INFO - Processing /home/airflow/sandbox/lib/python3.8/site-packages/airflow/example_dags/example_short_circuit_operator.py took 0.126 seconds
[2022-03-21 05:16:58,368] {scheduler_job.py:182} INFO - Started process (PID=8932) to work on /home/airflow/sandbox/lib/python3.8/site-packages/airflow/example_dags/example_short_circuit_operator.py
[2022-03-21 05:16:58,371] {scheduler_job.py:633} INFO - Processing file /home/airflow/sandbox/lib/python3.8/site-packages/airflow/example_dags/example_short_circuit_operator.py for tasks to queue
[2022-03-21 05:16:58,372] {logging_mixin.py:104} INFO - [2022-03-21 05:16:58,372] {dagbag.py:487} INFO - Filling up the DagBag from /home/airflow/sandbox/lib/python3.8/site-packages/airflow/example_dags/example_short_circuit_operator.py
[2022-03-21 05:16:58,402] {scheduler_job.py:643} INFO - DAG(s) dict_keys(['example_short_circuit_operator']) retrieved from /home/airflow/sandbox/lib/python3.8/site-packages/airflow/example_dags/example_short_circuit_operator.py
[2022-03-21 05:16:58,430] {logging_mixin.py:104} INFO - [2022-03-21 05:16:58,430] {dag.py:1832} INFO - Sync 1 DAGs
[2022-03-21 05:16:58,453] {logging_mixin.py:104} INFO - [2022-03-21 05:16:58,453] {dag.py:2305} INFO - Setting next_dagrun for example_short_circuit_operator to 2022-03-19 00:00:00+00:00
[2022-03-21 05:16:58,485] {scheduler_job.py:190} INFO - Processing /home/airflow/sandbox/lib/python3.8/site-packages/airflow/example_dags/example_short_circuit_operator.py took 0.127 seconds
[2022-03-21 05:17:42,738] {scheduler_job.py:182} INFO - Started process (PID=9149) to work on /home/airflow/sandbox/lib/python3.8/site-packages/airflow/example_dags/example_short_circuit_operator.py
[2022-03-21 05:17:42,740] {scheduler_job.py:633} INFO - Processing file /home/airflow/sandbox/lib/python3.8/site-packages/airflow/example_dags/example_short_circuit_operator.py for tasks to queue
[2022-03-21 05:17:42,741] {logging_mixin.py:104} INFO - [2022-03-21 05:17:42,741] {dagbag.py:487} INFO - Filling up the DagBag from /home/airflow/sandbox/lib/python3.8/site-packages/airflow/example_dags/example_short_circuit_operator.py
[2022-03-21 05:17:42,757] {scheduler_job.py:643} INFO - DAG(s) dict_keys(['example_short_circuit_operator']) retrieved from /home/airflow/sandbox/lib/python3.8/site-packages/airflow/example_dags/example_short_circuit_operator.py
[2022-03-21 05:17:42,789] {logging_mixin.py:104} INFO - [2022-03-21 05:17:42,789] {dag.py:1832} INFO - Sync 1 DAGs
[2022-03-21 05:17:42,813] {logging_mixin.py:104} INFO - [2022-03-21 05:17:42,813] {dag.py:2305} INFO - Setting next_dagrun for example_short_circuit_operator to 2022-03-19 00:00:00+00:00
[2022-03-21 05:17:42,847] {scheduler_job.py:190} INFO - Processing /home/airflow/sandbox/lib/python3.8/site-packages/airflow/example_dags/example_short_circuit_operator.py took 0.118 seconds
[2022-03-21 05:18:30,278] {scheduler_job.py:182} INFO - Started process (PID=9242) to work on /home/airflow/sandbox/lib/python3.8/site-packages/airflow/example_dags/example_short_circuit_operator.py
[2022-03-21 05:18:30,281] {scheduler_job.py:633} INFO - Processing file /home/airflow/sandbox/lib/python3.8/site-packages/airflow/example_dags/example_short_circuit_operator.py for tasks to queue
[2022-03-21 05:18:30,286] {logging_mixin.py:104} INFO - [2022-03-21 05:18:30,285] {dagbag.py:487} INFO - Filling up the DagBag from /home/airflow/sandbox/lib/python3.8/site-packages/airflow/example_dags/example_short_circuit_operator.py
[2022-03-21 05:18:30,342] {scheduler_job.py:643} INFO - DAG(s) dict_keys(['example_short_circuit_operator']) retrieved from /home/airflow/sandbox/lib/python3.8/site-packages/airflow/example_dags/example_short_circuit_operator.py
[2022-03-21 05:18:30,453] {logging_mixin.py:104} INFO - [2022-03-21 05:18:30,453] {dag.py:1832} INFO - Sync 1 DAGs
[2022-03-21 05:18:30,515] {logging_mixin.py:104} INFO - [2022-03-21 05:18:30,515] {dag.py:2305} INFO - Setting next_dagrun for example_short_circuit_operator to 2022-03-19 00:00:00+00:00
[2022-03-21 05:18:30,576] {scheduler_job.py:190} INFO - Processing /home/airflow/sandbox/lib/python3.8/site-packages/airflow/example_dags/example_short_circuit_operator.py took 0.305 seconds
[2022-03-21 05:19:04,544] {scheduler_job.py:182} INFO - Started process (PID=9268) to work on /home/airflow/sandbox/lib/python3.8/site-packages/airflow/example_dags/example_short_circuit_operator.py
[2022-03-21 05:19:04,551] {scheduler_job.py:633} INFO - Processing file /home/airflow/sandbox/lib/python3.8/site-packages/airflow/example_dags/example_short_circuit_operator.py for tasks to queue
[2022-03-21 05:19:04,552] {logging_mixin.py:104} INFO - [2022-03-21 05:19:04,552] {dagbag.py:487} INFO - Filling up the DagBag from /home/airflow/sandbox/lib/python3.8/site-packages/airflow/example_dags/example_short_circuit_operator.py
[2022-03-21 05:19:04,572] {scheduler_job.py:643} INFO - DAG(s) dict_keys(['example_short_circuit_operator']) retrieved from /home/airflow/sandbox/lib/python3.8/site-packages/airflow/example_dags/example_short_circuit_operator.py
[2022-03-21 05:19:04,603] {logging_mixin.py:104} INFO - [2022-03-21 05:19:04,603] {dag.py:1832} INFO - Sync 1 DAGs
[2022-03-21 05:19:04,635] {logging_mixin.py:104} INFO - [2022-03-21 05:19:04,634] {dag.py:2305} INFO - Setting next_dagrun for example_short_circuit_operator to 2022-03-19 00:00:00+00:00
[2022-03-21 05:19:04,837] {scheduler_job.py:190} INFO - Processing /home/airflow/sandbox/lib/python3.8/site-packages/airflow/example_dags/example_short_circuit_operator.py took 0.298 seconds
[2022-03-21 05:19:48,424] {scheduler_job.py:182} INFO - Started process (PID=9302) to work on /home/airflow/sandbox/lib/python3.8/site-packages/airflow/example_dags/example_short_circuit_operator.py
[2022-03-21 05:19:48,432] {scheduler_job.py:633} INFO - Processing file /home/airflow/sandbox/lib/python3.8/site-packages/airflow/example_dags/example_short_circuit_operator.py for tasks to queue
[2022-03-21 05:19:48,437] {logging_mixin.py:104} INFO - [2022-03-21 05:19:48,437] {dagbag.py:487} INFO - Filling up the DagBag from /home/airflow/sandbox/lib/python3.8/site-packages/airflow/example_dags/example_short_circuit_operator.py
[2022-03-21 05:19:48,457] {scheduler_job.py:643} INFO - DAG(s) dict_keys(['example_short_circuit_operator']) retrieved from /home/airflow/sandbox/lib/python3.8/site-packages/airflow/example_dags/example_short_circuit_operator.py
[2022-03-21 05:19:48,484] {logging_mixin.py:104} INFO - [2022-03-21 05:19:48,483] {dag.py:1832} INFO - Sync 1 DAGs
[2022-03-21 05:19:48,506] {logging_mixin.py:104} INFO - [2022-03-21 05:19:48,506] {dag.py:2305} INFO - Setting next_dagrun for example_short_circuit_operator to 2022-03-19 00:00:00+00:00
[2022-03-21 05:19:48,543] {scheduler_job.py:190} INFO - Processing /home/airflow/sandbox/lib/python3.8/site-packages/airflow/example_dags/example_short_circuit_operator.py took 0.125 seconds
[2022-03-21 05:20:31,781] {scheduler_job.py:182} INFO - Started process (PID=9391) to work on /home/airflow/sandbox/lib/python3.8/site-packages/airflow/example_dags/example_short_circuit_operator.py
[2022-03-21 05:20:31,783] {scheduler_job.py:633} INFO - Processing file /home/airflow/sandbox/lib/python3.8/site-packages/airflow/example_dags/example_short_circuit_operator.py for tasks to queue
[2022-03-21 05:20:31,784] {logging_mixin.py:104} INFO - [2022-03-21 05:20:31,784] {dagbag.py:487} INFO - Filling up the DagBag from /home/airflow/sandbox/lib/python3.8/site-packages/airflow/example_dags/example_short_circuit_operator.py
[2022-03-21 05:20:31,832] {scheduler_job.py:643} INFO - DAG(s) dict_keys(['example_short_circuit_operator']) retrieved from /home/airflow/sandbox/lib/python3.8/site-packages/airflow/example_dags/example_short_circuit_operator.py
[2022-03-21 05:20:31,863] {logging_mixin.py:104} INFO - [2022-03-21 05:20:31,863] {dag.py:1832} INFO - Sync 1 DAGs
[2022-03-21 05:20:31,883] {logging_mixin.py:104} INFO - [2022-03-21 05:20:31,883] {dag.py:2305} INFO - Setting next_dagrun for example_short_circuit_operator to 2022-03-19 00:00:00+00:00
[2022-03-21 05:20:31,998] {scheduler_job.py:190} INFO - Processing /home/airflow/sandbox/lib/python3.8/site-packages/airflow/example_dags/example_short_circuit_operator.py took 0.226 seconds
[2022-03-21 05:21:23,529] {scheduler_job.py:182} INFO - Started process (PID=9425) to work on /home/airflow/sandbox/lib/python3.8/site-packages/airflow/example_dags/example_short_circuit_operator.py
[2022-03-21 05:21:23,532] {scheduler_job.py:633} INFO - Processing file /home/airflow/sandbox/lib/python3.8/site-packages/airflow/example_dags/example_short_circuit_operator.py for tasks to queue
[2022-03-21 05:21:23,534] {logging_mixin.py:104} INFO - [2022-03-21 05:21:23,533] {dagbag.py:487} INFO - Filling up the DagBag from /home/airflow/sandbox/lib/python3.8/site-packages/airflow/example_dags/example_short_circuit_operator.py
[2022-03-21 05:21:23,551] {scheduler_job.py:643} INFO - DAG(s) dict_keys(['example_short_circuit_operator']) retrieved from /home/airflow/sandbox/lib/python3.8/site-packages/airflow/example_dags/example_short_circuit_operator.py
[2022-03-21 05:21:23,583] {logging_mixin.py:104} INFO - [2022-03-21 05:21:23,583] {dag.py:1832} INFO - Sync 1 DAGs
[2022-03-21 05:21:23,613] {logging_mixin.py:104} INFO - [2022-03-21 05:21:23,613] {dag.py:2305} INFO - Setting next_dagrun for example_short_circuit_operator to 2022-03-19 00:00:00+00:00
[2022-03-21 05:21:23,655] {scheduler_job.py:190} INFO - Processing /home/airflow/sandbox/lib/python3.8/site-packages/airflow/example_dags/example_short_circuit_operator.py took 0.132 seconds
[2022-03-21 05:22:07,160] {scheduler_job.py:182} INFO - Started process (PID=9458) to work on /home/airflow/sandbox/lib/python3.8/site-packages/airflow/example_dags/example_short_circuit_operator.py
[2022-03-21 05:22:07,162] {scheduler_job.py:633} INFO - Processing file /home/airflow/sandbox/lib/python3.8/site-packages/airflow/example_dags/example_short_circuit_operator.py for tasks to queue
[2022-03-21 05:22:07,164] {logging_mixin.py:104} INFO - [2022-03-21 05:22:07,163] {dagbag.py:487} INFO - Filling up the DagBag from /home/airflow/sandbox/lib/python3.8/site-packages/airflow/example_dags/example_short_circuit_operator.py
[2022-03-21 05:22:07,181] {scheduler_job.py:643} INFO - DAG(s) dict_keys(['example_short_circuit_operator']) retrieved from /home/airflow/sandbox/lib/python3.8/site-packages/airflow/example_dags/example_short_circuit_operator.py
[2022-03-21 05:22:07,216] {logging_mixin.py:104} INFO - [2022-03-21 05:22:07,216] {dag.py:1832} INFO - Sync 1 DAGs
[2022-03-21 05:22:07,242] {logging_mixin.py:104} INFO - [2022-03-21 05:22:07,241] {dag.py:2305} INFO - Setting next_dagrun for example_short_circuit_operator to 2022-03-19 00:00:00+00:00
[2022-03-21 05:22:07,278] {scheduler_job.py:190} INFO - Processing /home/airflow/sandbox/lib/python3.8/site-packages/airflow/example_dags/example_short_circuit_operator.py took 0.126 seconds
[2022-03-21 05:22:49,675] {scheduler_job.py:182} INFO - Started process (PID=9491) to work on /home/airflow/sandbox/lib/python3.8/site-packages/airflow/example_dags/example_short_circuit_operator.py
[2022-03-21 05:22:49,678] {scheduler_job.py:633} INFO - Processing file /home/airflow/sandbox/lib/python3.8/site-packages/airflow/example_dags/example_short_circuit_operator.py for tasks to queue
[2022-03-21 05:22:49,679] {logging_mixin.py:104} INFO - [2022-03-21 05:22:49,679] {dagbag.py:487} INFO - Filling up the DagBag from /home/airflow/sandbox/lib/python3.8/site-packages/airflow/example_dags/example_short_circuit_operator.py
[2022-03-21 05:22:49,695] {scheduler_job.py:643} INFO - DAG(s) dict_keys(['example_short_circuit_operator']) retrieved from /home/airflow/sandbox/lib/python3.8/site-packages/airflow/example_dags/example_short_circuit_operator.py
[2022-03-21 05:22:49,726] {logging_mixin.py:104} INFO - [2022-03-21 05:22:49,726] {dag.py:1832} INFO - Sync 1 DAGs
[2022-03-21 05:22:49,772] {logging_mixin.py:104} INFO - [2022-03-21 05:22:49,771] {dag.py:2305} INFO - Setting next_dagrun for example_short_circuit_operator to 2022-03-19 00:00:00+00:00
[2022-03-21 05:22:49,812] {scheduler_job.py:190} INFO - Processing /home/airflow/sandbox/lib/python3.8/site-packages/airflow/example_dags/example_short_circuit_operator.py took 0.145 seconds
[2022-03-21 05:23:30,650] {scheduler_job.py:182} INFO - Started process (PID=9524) to work on /home/airflow/sandbox/lib/python3.8/site-packages/airflow/example_dags/example_short_circuit_operator.py
[2022-03-21 05:23:30,652] {scheduler_job.py:633} INFO - Processing file /home/airflow/sandbox/lib/python3.8/site-packages/airflow/example_dags/example_short_circuit_operator.py for tasks to queue
[2022-03-21 05:23:30,653] {logging_mixin.py:104} INFO - [2022-03-21 05:23:30,653] {dagbag.py:487} INFO - Filling up the DagBag from /home/airflow/sandbox/lib/python3.8/site-packages/airflow/example_dags/example_short_circuit_operator.py
[2022-03-21 05:23:30,672] {scheduler_job.py:643} INFO - DAG(s) dict_keys(['example_short_circuit_operator']) retrieved from /home/airflow/sandbox/lib/python3.8/site-packages/airflow/example_dags/example_short_circuit_operator.py
[2022-03-21 05:23:30,705] {logging_mixin.py:104} INFO - [2022-03-21 05:23:30,705] {dag.py:1832} INFO - Sync 1 DAGs
[2022-03-21 05:23:30,726] {logging_mixin.py:104} INFO - [2022-03-21 05:23:30,726] {dag.py:2305} INFO - Setting next_dagrun for example_short_circuit_operator to 2022-03-19 00:00:00+00:00
[2022-03-21 05:23:30,758] {scheduler_job.py:190} INFO - Processing /home/airflow/sandbox/lib/python3.8/site-packages/airflow/example_dags/example_short_circuit_operator.py took 0.115 seconds
[2022-03-21 05:24:08,929] {scheduler_job.py:182} INFO - Started process (PID=9555) to work on /home/airflow/sandbox/lib/python3.8/site-packages/airflow/example_dags/example_short_circuit_operator.py
[2022-03-21 05:24:08,932] {scheduler_job.py:633} INFO - Processing file /home/airflow/sandbox/lib/python3.8/site-packages/airflow/example_dags/example_short_circuit_operator.py for tasks to queue
[2022-03-21 05:24:08,934] {logging_mixin.py:104} INFO - [2022-03-21 05:24:08,933] {dagbag.py:487} INFO - Filling up the DagBag from /home/airflow/sandbox/lib/python3.8/site-packages/airflow/example_dags/example_short_circuit_operator.py
[2022-03-21 05:24:08,948] {scheduler_job.py:643} INFO - DAG(s) dict_keys(['example_short_circuit_operator']) retrieved from /home/airflow/sandbox/lib/python3.8/site-packages/airflow/example_dags/example_short_circuit_operator.py
[2022-03-21 05:24:08,984] {logging_mixin.py:104} INFO - [2022-03-21 05:24:08,984] {dag.py:1832} INFO - Sync 1 DAGs
[2022-03-21 05:24:09,007] {logging_mixin.py:104} INFO - [2022-03-21 05:24:09,006] {dag.py:2305} INFO - Setting next_dagrun for example_short_circuit_operator to 2022-03-19 00:00:00+00:00
[2022-03-21 05:24:09,154] {scheduler_job.py:190} INFO - Processing /home/airflow/sandbox/lib/python3.8/site-packages/airflow/example_dags/example_short_circuit_operator.py took 0.231 seconds
[2022-03-21 05:24:48,630] {scheduler_job.py:182} INFO - Started process (PID=9584) to work on /home/airflow/sandbox/lib/python3.8/site-packages/airflow/example_dags/example_short_circuit_operator.py
[2022-03-21 05:24:48,635] {scheduler_job.py:633} INFO - Processing file /home/airflow/sandbox/lib/python3.8/site-packages/airflow/example_dags/example_short_circuit_operator.py for tasks to queue
[2022-03-21 05:24:48,637] {logging_mixin.py:104} INFO - [2022-03-21 05:24:48,636] {dagbag.py:487} INFO - Filling up the DagBag from /home/airflow/sandbox/lib/python3.8/site-packages/airflow/example_dags/example_short_circuit_operator.py
[2022-03-21 05:24:48,658] {scheduler_job.py:643} INFO - DAG(s) dict_keys(['example_short_circuit_operator']) retrieved from /home/airflow/sandbox/lib/python3.8/site-packages/airflow/example_dags/example_short_circuit_operator.py
[2022-03-21 05:24:48,691] {logging_mixin.py:104} INFO - [2022-03-21 05:24:48,691] {dag.py:1832} INFO - Sync 1 DAGs
[2022-03-21 05:24:48,712] {logging_mixin.py:104} INFO - [2022-03-21 05:24:48,712] {dag.py:2305} INFO - Setting next_dagrun for example_short_circuit_operator to 2022-03-19 00:00:00+00:00
[2022-03-21 05:24:48,850] {scheduler_job.py:190} INFO - Processing /home/airflow/sandbox/lib/python3.8/site-packages/airflow/example_dags/example_short_circuit_operator.py took 0.227 seconds
[2022-03-21 05:25:20,368] {scheduler_job.py:182} INFO - Started process (PID=9606) to work on /home/airflow/sandbox/lib/python3.8/site-packages/airflow/example_dags/example_short_circuit_operator.py
[2022-03-21 05:25:20,371] {scheduler_job.py:633} INFO - Processing file /home/airflow/sandbox/lib/python3.8/site-packages/airflow/example_dags/example_short_circuit_operator.py for tasks to queue
[2022-03-21 05:25:20,376] {logging_mixin.py:104} INFO - [2022-03-21 05:25:20,373] {dagbag.py:487} INFO - Filling up the DagBag from /home/airflow/sandbox/lib/python3.8/site-packages/airflow/example_dags/example_short_circuit_operator.py
[2022-03-21 05:25:20,395] {scheduler_job.py:643} INFO - DAG(s) dict_keys(['example_short_circuit_operator']) retrieved from /home/airflow/sandbox/lib/python3.8/site-packages/airflow/example_dags/example_short_circuit_operator.py
[2022-03-21 05:25:20,430] {logging_mixin.py:104} INFO - [2022-03-21 05:25:20,430] {dag.py:1832} INFO - Sync 1 DAGs
[2022-03-21 05:25:20,454] {logging_mixin.py:104} INFO - [2022-03-21 05:25:20,453] {dag.py:2305} INFO - Setting next_dagrun for example_short_circuit_operator to 2022-03-19 00:00:00+00:00
[2022-03-21 05:25:20,593] {scheduler_job.py:190} INFO - Processing /home/airflow/sandbox/lib/python3.8/site-packages/airflow/example_dags/example_short_circuit_operator.py took 0.234 seconds
[2022-03-21 05:26:05,432] {scheduler_job.py:182} INFO - Started process (PID=9696) to work on /home/airflow/sandbox/lib/python3.8/site-packages/airflow/example_dags/example_short_circuit_operator.py
[2022-03-21 05:26:05,435] {scheduler_job.py:633} INFO - Processing file /home/airflow/sandbox/lib/python3.8/site-packages/airflow/example_dags/example_short_circuit_operator.py for tasks to queue
[2022-03-21 05:26:05,436] {logging_mixin.py:104} INFO - [2022-03-21 05:26:05,436] {dagbag.py:487} INFO - Filling up the DagBag from /home/airflow/sandbox/lib/python3.8/site-packages/airflow/example_dags/example_short_circuit_operator.py
[2022-03-21 05:26:05,466] {scheduler_job.py:643} INFO - DAG(s) dict_keys(['example_short_circuit_operator']) retrieved from /home/airflow/sandbox/lib/python3.8/site-packages/airflow/example_dags/example_short_circuit_operator.py
[2022-03-21 05:26:05,497] {logging_mixin.py:104} INFO - [2022-03-21 05:26:05,496] {dag.py:1832} INFO - Sync 1 DAGs
[2022-03-21 05:26:05,624] {logging_mixin.py:104} INFO - [2022-03-21 05:26:05,623] {dag.py:2305} INFO - Setting next_dagrun for example_short_circuit_operator to 2022-03-19 00:00:00+00:00
[2022-03-21 05:26:05,655] {scheduler_job.py:190} INFO - Processing /home/airflow/sandbox/lib/python3.8/site-packages/airflow/example_dags/example_short_circuit_operator.py took 0.242 seconds
[2022-03-21 05:26:41,704] {scheduler_job.py:182} INFO - Started process (PID=9722) to work on /home/airflow/sandbox/lib/python3.8/site-packages/airflow/example_dags/example_short_circuit_operator.py
[2022-03-21 05:26:41,706] {scheduler_job.py:633} INFO - Processing file /home/airflow/sandbox/lib/python3.8/site-packages/airflow/example_dags/example_short_circuit_operator.py for tasks to queue
[2022-03-21 05:26:41,707] {logging_mixin.py:104} INFO - [2022-03-21 05:26:41,707] {dagbag.py:487} INFO - Filling up the DagBag from /home/airflow/sandbox/lib/python3.8/site-packages/airflow/example_dags/example_short_circuit_operator.py
[2022-03-21 05:26:41,734] {scheduler_job.py:643} INFO - DAG(s) dict_keys(['example_short_circuit_operator']) retrieved from /home/airflow/sandbox/lib/python3.8/site-packages/airflow/example_dags/example_short_circuit_operator.py
[2022-03-21 05:26:41,779] {logging_mixin.py:104} INFO - [2022-03-21 05:26:41,779] {dag.py:1832} INFO - Sync 1 DAGs
[2022-03-21 05:26:41,971] {logging_mixin.py:104} INFO - [2022-03-21 05:26:41,971] {dag.py:2305} INFO - Setting next_dagrun for example_short_circuit_operator to 2022-03-19 00:00:00+00:00
[2022-03-21 05:26:42,036] {scheduler_job.py:190} INFO - Processing /home/airflow/sandbox/lib/python3.8/site-packages/airflow/example_dags/example_short_circuit_operator.py took 0.341 seconds
[2022-03-21 05:27:16,522] {scheduler_job.py:182} INFO - Started process (PID=9746) to work on /home/airflow/sandbox/lib/python3.8/site-packages/airflow/example_dags/example_short_circuit_operator.py
[2022-03-21 05:27:16,524] {scheduler_job.py:633} INFO - Processing file /home/airflow/sandbox/lib/python3.8/site-packages/airflow/example_dags/example_short_circuit_operator.py for tasks to queue
[2022-03-21 05:27:16,526] {logging_mixin.py:104} INFO - [2022-03-21 05:27:16,525] {dagbag.py:487} INFO - Filling up the DagBag from /home/airflow/sandbox/lib/python3.8/site-packages/airflow/example_dags/example_short_circuit_operator.py
[2022-03-21 05:27:16,550] {scheduler_job.py:643} INFO - DAG(s) dict_keys(['example_short_circuit_operator']) retrieved from /home/airflow/sandbox/lib/python3.8/site-packages/airflow/example_dags/example_short_circuit_operator.py
[2022-03-21 05:27:16,707] {logging_mixin.py:104} INFO - [2022-03-21 05:27:16,707] {dag.py:1832} INFO - Sync 1 DAGs
[2022-03-21 05:27:16,728] {logging_mixin.py:104} INFO - [2022-03-21 05:27:16,727] {dag.py:2305} INFO - Setting next_dagrun for example_short_circuit_operator to 2022-03-19 00:00:00+00:00
[2022-03-21 05:27:16,770] {scheduler_job.py:190} INFO - Processing /home/airflow/sandbox/lib/python3.8/site-packages/airflow/example_dags/example_short_circuit_operator.py took 0.255 seconds
[2022-03-21 05:27:51,424] {scheduler_job.py:182} INFO - Started process (PID=9770) to work on /home/airflow/sandbox/lib/python3.8/site-packages/airflow/example_dags/example_short_circuit_operator.py
[2022-03-21 05:27:51,426] {scheduler_job.py:633} INFO - Processing file /home/airflow/sandbox/lib/python3.8/site-packages/airflow/example_dags/example_short_circuit_operator.py for tasks to queue
[2022-03-21 05:27:51,427] {logging_mixin.py:104} INFO - [2022-03-21 05:27:51,427] {dagbag.py:487} INFO - Filling up the DagBag from /home/airflow/sandbox/lib/python3.8/site-packages/airflow/example_dags/example_short_circuit_operator.py
[2022-03-21 05:27:51,448] {scheduler_job.py:643} INFO - DAG(s) dict_keys(['example_short_circuit_operator']) retrieved from /home/airflow/sandbox/lib/python3.8/site-packages/airflow/example_dags/example_short_circuit_operator.py
[2022-03-21 05:27:51,613] {logging_mixin.py:104} INFO - [2022-03-21 05:27:51,613] {dag.py:1832} INFO - Sync 1 DAGs
[2022-03-21 05:27:51,656] {logging_mixin.py:104} INFO - [2022-03-21 05:27:51,656] {dag.py:2305} INFO - Setting next_dagrun for example_short_circuit_operator to 2022-03-19 00:00:00+00:00
[2022-03-21 05:27:51,723] {scheduler_job.py:190} INFO - Processing /home/airflow/sandbox/lib/python3.8/site-packages/airflow/example_dags/example_short_circuit_operator.py took 0.312 seconds
[2022-03-21 05:28:25,064] {scheduler_job.py:182} INFO - Started process (PID=9795) to work on /home/airflow/sandbox/lib/python3.8/site-packages/airflow/example_dags/example_short_circuit_operator.py
[2022-03-21 05:28:25,067] {scheduler_job.py:633} INFO - Processing file /home/airflow/sandbox/lib/python3.8/site-packages/airflow/example_dags/example_short_circuit_operator.py for tasks to queue
[2022-03-21 05:28:25,068] {logging_mixin.py:104} INFO - [2022-03-21 05:28:25,068] {dagbag.py:487} INFO - Filling up the DagBag from /home/airflow/sandbox/lib/python3.8/site-packages/airflow/example_dags/example_short_circuit_operator.py
[2022-03-21 05:28:25,268] {scheduler_job.py:643} INFO - DAG(s) dict_keys(['example_short_circuit_operator']) retrieved from /home/airflow/sandbox/lib/python3.8/site-packages/airflow/example_dags/example_short_circuit_operator.py
[2022-03-21 05:28:25,325] {logging_mixin.py:104} INFO - [2022-03-21 05:28:25,325] {dag.py:1832} INFO - Sync 1 DAGs
[2022-03-21 05:28:25,376] {logging_mixin.py:104} INFO - [2022-03-21 05:28:25,376] {dag.py:2305} INFO - Setting next_dagrun for example_short_circuit_operator to 2022-03-19 00:00:00+00:00
[2022-03-21 05:28:25,436] {scheduler_job.py:190} INFO - Processing /home/airflow/sandbox/lib/python3.8/site-packages/airflow/example_dags/example_short_circuit_operator.py took 0.381 seconds
[2022-03-21 05:28:58,421] {scheduler_job.py:182} INFO - Started process (PID=9819) to work on /home/airflow/sandbox/lib/python3.8/site-packages/airflow/example_dags/example_short_circuit_operator.py
[2022-03-21 05:28:58,426] {scheduler_job.py:633} INFO - Processing file /home/airflow/sandbox/lib/python3.8/site-packages/airflow/example_dags/example_short_circuit_operator.py for tasks to queue
[2022-03-21 05:28:58,427] {logging_mixin.py:104} INFO - [2022-03-21 05:28:58,427] {dagbag.py:487} INFO - Filling up the DagBag from /home/airflow/sandbox/lib/python3.8/site-packages/airflow/example_dags/example_short_circuit_operator.py
[2022-03-21 05:28:58,586] {scheduler_job.py:643} INFO - DAG(s) dict_keys(['example_short_circuit_operator']) retrieved from /home/airflow/sandbox/lib/python3.8/site-packages/airflow/example_dags/example_short_circuit_operator.py
[2022-03-21 05:28:58,613] {logging_mixin.py:104} INFO - [2022-03-21 05:28:58,613] {dag.py:1832} INFO - Sync 1 DAGs
[2022-03-21 05:28:58,634] {logging_mixin.py:104} INFO - [2022-03-21 05:28:58,634] {dag.py:2305} INFO - Setting next_dagrun for example_short_circuit_operator to 2022-03-19 00:00:00+00:00
[2022-03-21 05:28:58,672] {scheduler_job.py:190} INFO - Processing /home/airflow/sandbox/lib/python3.8/site-packages/airflow/example_dags/example_short_circuit_operator.py took 0.257 seconds
[2022-03-21 05:29:32,361] {scheduler_job.py:182} INFO - Started process (PID=9843) to work on /home/airflow/sandbox/lib/python3.8/site-packages/airflow/example_dags/example_short_circuit_operator.py
[2022-03-21 05:29:32,364] {scheduler_job.py:633} INFO - Processing file /home/airflow/sandbox/lib/python3.8/site-packages/airflow/example_dags/example_short_circuit_operator.py for tasks to queue
[2022-03-21 05:29:32,365] {logging_mixin.py:104} INFO - [2022-03-21 05:29:32,365] {dagbag.py:487} INFO - Filling up the DagBag from /home/airflow/sandbox/lib/python3.8/site-packages/airflow/example_dags/example_short_circuit_operator.py
[2022-03-21 05:29:32,516] {scheduler_job.py:643} INFO - DAG(s) dict_keys(['example_short_circuit_operator']) retrieved from /home/airflow/sandbox/lib/python3.8/site-packages/airflow/example_dags/example_short_circuit_operator.py
[2022-03-21 05:29:32,541] {logging_mixin.py:104} INFO - [2022-03-21 05:29:32,541] {dag.py:1832} INFO - Sync 1 DAGs
[2022-03-21 05:29:32,562] {logging_mixin.py:104} INFO - [2022-03-21 05:29:32,561] {dag.py:2305} INFO - Setting next_dagrun for example_short_circuit_operator to 2022-03-19 00:00:00+00:00
[2022-03-21 05:29:32,653] {scheduler_job.py:190} INFO - Processing /home/airflow/sandbox/lib/python3.8/site-packages/airflow/example_dags/example_short_circuit_operator.py took 0.299 seconds
[2022-03-21 05:30:08,452] {scheduler_job.py:182} INFO - Started process (PID=9869) to work on /home/airflow/sandbox/lib/python3.8/site-packages/airflow/example_dags/example_short_circuit_operator.py
[2022-03-21 05:30:08,455] {scheduler_job.py:633} INFO - Processing file /home/airflow/sandbox/lib/python3.8/site-packages/airflow/example_dags/example_short_circuit_operator.py for tasks to queue
[2022-03-21 05:30:08,457] {logging_mixin.py:104} INFO - [2022-03-21 05:30:08,456] {dagbag.py:487} INFO - Filling up the DagBag from /home/airflow/sandbox/lib/python3.8/site-packages/airflow/example_dags/example_short_circuit_operator.py
[2022-03-21 05:30:08,648] {scheduler_job.py:643} INFO - DAG(s) dict_keys(['example_short_circuit_operator']) retrieved from /home/airflow/sandbox/lib/python3.8/site-packages/airflow/example_dags/example_short_circuit_operator.py
[2022-03-21 05:30:08,702] {logging_mixin.py:104} INFO - [2022-03-21 05:30:08,702] {dag.py:1832} INFO - Sync 1 DAGs
[2022-03-21 05:30:08,736] {logging_mixin.py:104} INFO - [2022-03-21 05:30:08,736] {dag.py:2305} INFO - Setting next_dagrun for example_short_circuit_operator to 2022-03-19 00:00:00+00:00
[2022-03-21 05:30:08,887] {scheduler_job.py:190} INFO - Processing /home/airflow/sandbox/lib/python3.8/site-packages/airflow/example_dags/example_short_circuit_operator.py took 0.450 seconds
[2022-03-21 05:30:46,061] {scheduler_job.py:182} INFO - Started process (PID=9950) to work on /home/airflow/sandbox/lib/python3.8/site-packages/airflow/example_dags/example_short_circuit_operator.py
[2022-03-21 05:30:46,063] {scheduler_job.py:633} INFO - Processing file /home/airflow/sandbox/lib/python3.8/site-packages/airflow/example_dags/example_short_circuit_operator.py for tasks to queue
[2022-03-21 05:30:46,064] {logging_mixin.py:104} INFO - [2022-03-21 05:30:46,064] {dagbag.py:487} INFO - Filling up the DagBag from /home/airflow/sandbox/lib/python3.8/site-packages/airflow/example_dags/example_short_circuit_operator.py
[2022-03-21 05:30:46,084] {scheduler_job.py:643} INFO - DAG(s) dict_keys(['example_short_circuit_operator']) retrieved from /home/airflow/sandbox/lib/python3.8/site-packages/airflow/example_dags/example_short_circuit_operator.py
[2022-03-21 05:30:46,115] {logging_mixin.py:104} INFO - [2022-03-21 05:30:46,114] {dag.py:1832} INFO - Sync 1 DAGs
[2022-03-21 05:30:46,139] {logging_mixin.py:104} INFO - [2022-03-21 05:30:46,139] {dag.py:2305} INFO - Setting next_dagrun for example_short_circuit_operator to 2022-03-19 00:00:00+00:00
[2022-03-21 05:30:46,183] {scheduler_job.py:190} INFO - Processing /home/airflow/sandbox/lib/python3.8/site-packages/airflow/example_dags/example_short_circuit_operator.py took 0.132 seconds
[2022-03-21 05:31:23,142] {scheduler_job.py:182} INFO - Started process (PID=9978) to work on /home/airflow/sandbox/lib/python3.8/site-packages/airflow/example_dags/example_short_circuit_operator.py
[2022-03-21 05:31:23,144] {scheduler_job.py:633} INFO - Processing file /home/airflow/sandbox/lib/python3.8/site-packages/airflow/example_dags/example_short_circuit_operator.py for tasks to queue
[2022-03-21 05:31:23,149] {logging_mixin.py:104} INFO - [2022-03-21 05:31:23,149] {dagbag.py:487} INFO - Filling up the DagBag from /home/airflow/sandbox/lib/python3.8/site-packages/airflow/example_dags/example_short_circuit_operator.py
[2022-03-21 05:31:23,209] {scheduler_job.py:643} INFO - DAG(s) dict_keys(['example_short_circuit_operator']) retrieved from /home/airflow/sandbox/lib/python3.8/site-packages/airflow/example_dags/example_short_circuit_operator.py
[2022-03-21 05:31:23,438] {logging_mixin.py:104} INFO - [2022-03-21 05:31:23,438] {dag.py:1832} INFO - Sync 1 DAGs
[2022-03-21 05:31:23,564] {logging_mixin.py:104} INFO - [2022-03-21 05:31:23,564] {dag.py:2305} INFO - Setting next_dagrun for example_short_circuit_operator to 2022-03-19 00:00:00+00:00
[2022-03-21 05:31:23,612] {scheduler_job.py:190} INFO - Processing /home/airflow/sandbox/lib/python3.8/site-packages/airflow/example_dags/example_short_circuit_operator.py took 0.477 seconds
[2022-03-21 05:32:05,795] {scheduler_job.py:182} INFO - Started process (PID=10011) to work on /home/airflow/sandbox/lib/python3.8/site-packages/airflow/example_dags/example_short_circuit_operator.py
[2022-03-21 05:32:05,797] {scheduler_job.py:633} INFO - Processing file /home/airflow/sandbox/lib/python3.8/site-packages/airflow/example_dags/example_short_circuit_operator.py for tasks to queue
[2022-03-21 05:32:05,798] {logging_mixin.py:104} INFO - [2022-03-21 05:32:05,798] {dagbag.py:487} INFO - Filling up the DagBag from /home/airflow/sandbox/lib/python3.8/site-packages/airflow/example_dags/example_short_circuit_operator.py
[2022-03-21 05:32:05,815] {scheduler_job.py:643} INFO - DAG(s) dict_keys(['example_short_circuit_operator']) retrieved from /home/airflow/sandbox/lib/python3.8/site-packages/airflow/example_dags/example_short_circuit_operator.py
[2022-03-21 05:32:05,847] {logging_mixin.py:104} INFO - [2022-03-21 05:32:05,847] {dag.py:1832} INFO - Sync 1 DAGs
[2022-03-21 05:32:05,871] {logging_mixin.py:104} INFO - [2022-03-21 05:32:05,871] {dag.py:2305} INFO - Setting next_dagrun for example_short_circuit_operator to 2022-03-19 00:00:00+00:00
[2022-03-21 05:32:05,912] {scheduler_job.py:190} INFO - Processing /home/airflow/sandbox/lib/python3.8/site-packages/airflow/example_dags/example_short_circuit_operator.py took 0.137 seconds
[2022-03-21 05:32:46,905] {scheduler_job.py:182} INFO - Started process (PID=10043) to work on /home/airflow/sandbox/lib/python3.8/site-packages/airflow/example_dags/example_short_circuit_operator.py
[2022-03-21 05:32:46,907] {scheduler_job.py:633} INFO - Processing file /home/airflow/sandbox/lib/python3.8/site-packages/airflow/example_dags/example_short_circuit_operator.py for tasks to queue
[2022-03-21 05:32:46,909] {logging_mixin.py:104} INFO - [2022-03-21 05:32:46,908] {dagbag.py:487} INFO - Filling up the DagBag from /home/airflow/sandbox/lib/python3.8/site-packages/airflow/example_dags/example_short_circuit_operator.py
[2022-03-21 05:32:46,928] {scheduler_job.py:643} INFO - DAG(s) dict_keys(['example_short_circuit_operator']) retrieved from /home/airflow/sandbox/lib/python3.8/site-packages/airflow/example_dags/example_short_circuit_operator.py
[2022-03-21 05:32:46,960] {logging_mixin.py:104} INFO - [2022-03-21 05:32:46,959] {dag.py:1832} INFO - Sync 1 DAGs
[2022-03-21 05:32:46,980] {logging_mixin.py:104} INFO - [2022-03-21 05:32:46,980] {dag.py:2305} INFO - Setting next_dagrun for example_short_circuit_operator to 2022-03-19 00:00:00+00:00
[2022-03-21 05:32:47,022] {scheduler_job.py:190} INFO - Processing /home/airflow/sandbox/lib/python3.8/site-packages/airflow/example_dags/example_short_circuit_operator.py took 0.125 seconds
[2022-03-21 05:33:31,228] {scheduler_job.py:182} INFO - Started process (PID=10076) to work on /home/airflow/sandbox/lib/python3.8/site-packages/airflow/example_dags/example_short_circuit_operator.py
[2022-03-21 05:33:31,233] {scheduler_job.py:633} INFO - Processing file /home/airflow/sandbox/lib/python3.8/site-packages/airflow/example_dags/example_short_circuit_operator.py for tasks to queue
[2022-03-21 05:33:31,235] {logging_mixin.py:104} INFO - [2022-03-21 05:33:31,234] {dagbag.py:487} INFO - Filling up the DagBag from /home/airflow/sandbox/lib/python3.8/site-packages/airflow/example_dags/example_short_circuit_operator.py
[2022-03-21 05:33:31,250] {scheduler_job.py:643} INFO - DAG(s) dict_keys(['example_short_circuit_operator']) retrieved from /home/airflow/sandbox/lib/python3.8/site-packages/airflow/example_dags/example_short_circuit_operator.py
[2022-03-21 05:33:31,307] {logging_mixin.py:104} INFO - [2022-03-21 05:33:31,307] {dag.py:1832} INFO - Sync 1 DAGs
[2022-03-21 05:33:31,325] {logging_mixin.py:104} INFO - [2022-03-21 05:33:31,325] {dag.py:2305} INFO - Setting next_dagrun for example_short_circuit_operator to 2022-03-19 00:00:00+00:00
[2022-03-21 05:33:31,379] {scheduler_job.py:190} INFO - Processing /home/airflow/sandbox/lib/python3.8/site-packages/airflow/example_dags/example_short_circuit_operator.py took 0.159 seconds
[2022-03-21 05:34:14,510] {scheduler_job.py:182} INFO - Started process (PID=10108) to work on /home/airflow/sandbox/lib/python3.8/site-packages/airflow/example_dags/example_short_circuit_operator.py
[2022-03-21 05:34:14,512] {scheduler_job.py:633} INFO - Processing file /home/airflow/sandbox/lib/python3.8/site-packages/airflow/example_dags/example_short_circuit_operator.py for tasks to queue
[2022-03-21 05:34:14,514] {logging_mixin.py:104} INFO - [2022-03-21 05:34:14,513] {dagbag.py:487} INFO - Filling up the DagBag from /home/airflow/sandbox/lib/python3.8/site-packages/airflow/example_dags/example_short_circuit_operator.py
[2022-03-21 05:34:14,532] {scheduler_job.py:643} INFO - DAG(s) dict_keys(['example_short_circuit_operator']) retrieved from /home/airflow/sandbox/lib/python3.8/site-packages/airflow/example_dags/example_short_circuit_operator.py
[2022-03-21 05:34:14,564] {logging_mixin.py:104} INFO - [2022-03-21 05:34:14,563] {dag.py:1832} INFO - Sync 1 DAGs
[2022-03-21 05:34:14,587] {logging_mixin.py:104} INFO - [2022-03-21 05:34:14,587] {dag.py:2305} INFO - Setting next_dagrun for example_short_circuit_operator to 2022-03-19 00:00:00+00:00
[2022-03-21 05:34:14,623] {scheduler_job.py:190} INFO - Processing /home/airflow/sandbox/lib/python3.8/site-packages/airflow/example_dags/example_short_circuit_operator.py took 0.121 seconds
[2022-03-21 05:35:02,479] {scheduler_job.py:182} INFO - Started process (PID=10143) to work on /home/airflow/sandbox/lib/python3.8/site-packages/airflow/example_dags/example_short_circuit_operator.py
[2022-03-21 05:35:02,482] {scheduler_job.py:633} INFO - Processing file /home/airflow/sandbox/lib/python3.8/site-packages/airflow/example_dags/example_short_circuit_operator.py for tasks to queue
[2022-03-21 05:35:02,483] {logging_mixin.py:104} INFO - [2022-03-21 05:35:02,483] {dagbag.py:487} INFO - Filling up the DagBag from /home/airflow/sandbox/lib/python3.8/site-packages/airflow/example_dags/example_short_circuit_operator.py
[2022-03-21 05:35:02,504] {scheduler_job.py:643} INFO - DAG(s) dict_keys(['example_short_circuit_operator']) retrieved from /home/airflow/sandbox/lib/python3.8/site-packages/airflow/example_dags/example_short_circuit_operator.py
[2022-03-21 05:35:02,547] {logging_mixin.py:104} INFO - [2022-03-21 05:35:02,547] {dag.py:1832} INFO - Sync 1 DAGs
[2022-03-21 05:35:02,582] {logging_mixin.py:104} INFO - [2022-03-21 05:35:02,581] {dag.py:2305} INFO - Setting next_dagrun for example_short_circuit_operator to 2022-03-19 00:00:00+00:00
[2022-03-21 05:35:02,630] {scheduler_job.py:190} INFO - Processing /home/airflow/sandbox/lib/python3.8/site-packages/airflow/example_dags/example_short_circuit_operator.py took 0.160 seconds
[2022-03-21 05:35:47,701] {scheduler_job.py:182} INFO - Started process (PID=10233) to work on /home/airflow/sandbox/lib/python3.8/site-packages/airflow/example_dags/example_short_circuit_operator.py
[2022-03-21 05:35:47,704] {scheduler_job.py:633} INFO - Processing file /home/airflow/sandbox/lib/python3.8/site-packages/airflow/example_dags/example_short_circuit_operator.py for tasks to queue
[2022-03-21 05:35:47,706] {logging_mixin.py:104} INFO - [2022-03-21 05:35:47,705] {dagbag.py:487} INFO - Filling up the DagBag from /home/airflow/sandbox/lib/python3.8/site-packages/airflow/example_dags/example_short_circuit_operator.py
[2022-03-21 05:35:47,724] {scheduler_job.py:643} INFO - DAG(s) dict_keys(['example_short_circuit_operator']) retrieved from /home/airflow/sandbox/lib/python3.8/site-packages/airflow/example_dags/example_short_circuit_operator.py
[2022-03-21 05:35:47,756] {logging_mixin.py:104} INFO - [2022-03-21 05:35:47,756] {dag.py:1832} INFO - Sync 1 DAGs
[2022-03-21 05:35:47,782] {logging_mixin.py:104} INFO - [2022-03-21 05:35:47,782] {dag.py:2305} INFO - Setting next_dagrun for example_short_circuit_operator to 2022-03-19 00:00:00+00:00
[2022-03-21 05:35:47,820] {scheduler_job.py:190} INFO - Processing /home/airflow/sandbox/lib/python3.8/site-packages/airflow/example_dags/example_short_circuit_operator.py took 0.126 seconds
[2022-03-21 05:36:35,457] {scheduler_job.py:182} INFO - Started process (PID=10267) to work on /home/airflow/sandbox/lib/python3.8/site-packages/airflow/example_dags/example_short_circuit_operator.py
[2022-03-21 05:36:35,461] {scheduler_job.py:633} INFO - Processing file /home/airflow/sandbox/lib/python3.8/site-packages/airflow/example_dags/example_short_circuit_operator.py for tasks to queue
[2022-03-21 05:36:35,462] {logging_mixin.py:104} INFO - [2022-03-21 05:36:35,462] {dagbag.py:487} INFO - Filling up the DagBag from /home/airflow/sandbox/lib/python3.8/site-packages/airflow/example_dags/example_short_circuit_operator.py
[2022-03-21 05:36:35,480] {scheduler_job.py:643} INFO - DAG(s) dict_keys(['example_short_circuit_operator']) retrieved from /home/airflow/sandbox/lib/python3.8/site-packages/airflow/example_dags/example_short_circuit_operator.py
[2022-03-21 05:36:35,509] {logging_mixin.py:104} INFO - [2022-03-21 05:36:35,509] {dag.py:1832} INFO - Sync 1 DAGs
[2022-03-21 05:36:35,531] {logging_mixin.py:104} INFO - [2022-03-21 05:36:35,530] {dag.py:2305} INFO - Setting next_dagrun for example_short_circuit_operator to 2022-03-19 00:00:00+00:00
[2022-03-21 05:36:35,570] {scheduler_job.py:190} INFO - Processing /home/airflow/sandbox/lib/python3.8/site-packages/airflow/example_dags/example_short_circuit_operator.py took 0.119 seconds
[2022-03-21 05:37:20,918] {scheduler_job.py:182} INFO - Started process (PID=10300) to work on /home/airflow/sandbox/lib/python3.8/site-packages/airflow/example_dags/example_short_circuit_operator.py
[2022-03-21 05:37:20,920] {scheduler_job.py:633} INFO - Processing file /home/airflow/sandbox/lib/python3.8/site-packages/airflow/example_dags/example_short_circuit_operator.py for tasks to queue
[2022-03-21 05:37:20,921] {logging_mixin.py:104} INFO - [2022-03-21 05:37:20,921] {dagbag.py:487} INFO - Filling up the DagBag from /home/airflow/sandbox/lib/python3.8/site-packages/airflow/example_dags/example_short_circuit_operator.py
[2022-03-21 05:37:20,940] {scheduler_job.py:643} INFO - DAG(s) dict_keys(['example_short_circuit_operator']) retrieved from /home/airflow/sandbox/lib/python3.8/site-packages/airflow/example_dags/example_short_circuit_operator.py
[2022-03-21 05:37:20,973] {logging_mixin.py:104} INFO - [2022-03-21 05:37:20,973] {dag.py:1832} INFO - Sync 1 DAGs
[2022-03-21 05:37:20,993] {logging_mixin.py:104} INFO - [2022-03-21 05:37:20,993] {dag.py:2305} INFO - Setting next_dagrun for example_short_circuit_operator to 2022-03-19 00:00:00+00:00
[2022-03-21 05:37:21,029] {scheduler_job.py:190} INFO - Processing /home/airflow/sandbox/lib/python3.8/site-packages/airflow/example_dags/example_short_circuit_operator.py took 0.118 seconds
[2022-03-21 05:38:05,122] {scheduler_job.py:182} INFO - Started process (PID=10334) to work on /home/airflow/sandbox/lib/python3.8/site-packages/airflow/example_dags/example_short_circuit_operator.py
[2022-03-21 05:38:05,124] {scheduler_job.py:633} INFO - Processing file /home/airflow/sandbox/lib/python3.8/site-packages/airflow/example_dags/example_short_circuit_operator.py for tasks to queue
[2022-03-21 05:38:05,126] {logging_mixin.py:104} INFO - [2022-03-21 05:38:05,125] {dagbag.py:487} INFO - Filling up the DagBag from /home/airflow/sandbox/lib/python3.8/site-packages/airflow/example_dags/example_short_circuit_operator.py
[2022-03-21 05:38:05,144] {scheduler_job.py:643} INFO - DAG(s) dict_keys(['example_short_circuit_operator']) retrieved from /home/airflow/sandbox/lib/python3.8/site-packages/airflow/example_dags/example_short_circuit_operator.py
[2022-03-21 05:38:05,177] {logging_mixin.py:104} INFO - [2022-03-21 05:38:05,176] {dag.py:1832} INFO - Sync 1 DAGs
[2022-03-21 05:38:05,202] {logging_mixin.py:104} INFO - [2022-03-21 05:38:05,202] {dag.py:2305} INFO - Setting next_dagrun for example_short_circuit_operator to 2022-03-19 00:00:00+00:00
[2022-03-21 05:38:05,234] {scheduler_job.py:190} INFO - Processing /home/airflow/sandbox/lib/python3.8/site-packages/airflow/example_dags/example_short_circuit_operator.py took 0.119 seconds
[2022-03-21 05:38:47,361] {scheduler_job.py:182} INFO - Started process (PID=10368) to work on /home/airflow/sandbox/lib/python3.8/site-packages/airflow/example_dags/example_short_circuit_operator.py
[2022-03-21 05:38:47,365] {scheduler_job.py:633} INFO - Processing file /home/airflow/sandbox/lib/python3.8/site-packages/airflow/example_dags/example_short_circuit_operator.py for tasks to queue
[2022-03-21 05:38:47,368] {logging_mixin.py:104} INFO - [2022-03-21 05:38:47,368] {dagbag.py:487} INFO - Filling up the DagBag from /home/airflow/sandbox/lib/python3.8/site-packages/airflow/example_dags/example_short_circuit_operator.py
[2022-03-21 05:38:47,388] {scheduler_job.py:643} INFO - DAG(s) dict_keys(['example_short_circuit_operator']) retrieved from /home/airflow/sandbox/lib/python3.8/site-packages/airflow/example_dags/example_short_circuit_operator.py
[2022-03-21 05:38:47,420] {logging_mixin.py:104} INFO - [2022-03-21 05:38:47,420] {dag.py:1832} INFO - Sync 1 DAGs
[2022-03-21 05:38:47,442] {logging_mixin.py:104} INFO - [2022-03-21 05:38:47,442] {dag.py:2305} INFO - Setting next_dagrun for example_short_circuit_operator to 2022-03-19 00:00:00+00:00
[2022-03-21 05:38:47,514] {scheduler_job.py:190} INFO - Processing /home/airflow/sandbox/lib/python3.8/site-packages/airflow/example_dags/example_short_circuit_operator.py took 0.160 seconds
[2022-03-21 05:39:35,573] {scheduler_job.py:182} INFO - Started process (PID=10402) to work on /home/airflow/sandbox/lib/python3.8/site-packages/airflow/example_dags/example_short_circuit_operator.py
[2022-03-21 05:39:35,578] {scheduler_job.py:633} INFO - Processing file /home/airflow/sandbox/lib/python3.8/site-packages/airflow/example_dags/example_short_circuit_operator.py for tasks to queue
[2022-03-21 05:39:35,580] {logging_mixin.py:104} INFO - [2022-03-21 05:39:35,579] {dagbag.py:487} INFO - Filling up the DagBag from /home/airflow/sandbox/lib/python3.8/site-packages/airflow/example_dags/example_short_circuit_operator.py
[2022-03-21 05:39:35,610] {scheduler_job.py:643} INFO - DAG(s) dict_keys(['example_short_circuit_operator']) retrieved from /home/airflow/sandbox/lib/python3.8/site-packages/airflow/example_dags/example_short_circuit_operator.py
[2022-03-21 05:39:35,635] {logging_mixin.py:104} INFO - [2022-03-21 05:39:35,635] {dag.py:1832} INFO - Sync 1 DAGs
[2022-03-21 05:39:35,658] {logging_mixin.py:104} INFO - [2022-03-21 05:39:35,658] {dag.py:2305} INFO - Setting next_dagrun for example_short_circuit_operator to 2022-03-19 00:00:00+00:00
[2022-03-21 05:39:35,694] {scheduler_job.py:190} INFO - Processing /home/airflow/sandbox/lib/python3.8/site-packages/airflow/example_dags/example_short_circuit_operator.py took 0.127 seconds
[2022-03-21 05:40:18,336] {scheduler_job.py:182} INFO - Started process (PID=10435) to work on /home/airflow/sandbox/lib/python3.8/site-packages/airflow/example_dags/example_short_circuit_operator.py
[2022-03-21 05:40:18,341] {scheduler_job.py:633} INFO - Processing file /home/airflow/sandbox/lib/python3.8/site-packages/airflow/example_dags/example_short_circuit_operator.py for tasks to queue
[2022-03-21 05:40:18,342] {logging_mixin.py:104} INFO - [2022-03-21 05:40:18,342] {dagbag.py:487} INFO - Filling up the DagBag from /home/airflow/sandbox/lib/python3.8/site-packages/airflow/example_dags/example_short_circuit_operator.py
[2022-03-21 05:40:18,371] {scheduler_job.py:643} INFO - DAG(s) dict_keys(['example_short_circuit_operator']) retrieved from /home/airflow/sandbox/lib/python3.8/site-packages/airflow/example_dags/example_short_circuit_operator.py
[2022-03-21 05:40:18,418] {logging_mixin.py:104} INFO - [2022-03-21 05:40:18,418] {dag.py:1832} INFO - Sync 1 DAGs
[2022-03-21 05:40:18,442] {logging_mixin.py:104} INFO - [2022-03-21 05:40:18,442] {dag.py:2305} INFO - Setting next_dagrun for example_short_circuit_operator to 2022-03-19 00:00:00+00:00
[2022-03-21 05:40:18,478] {scheduler_job.py:190} INFO - Processing /home/airflow/sandbox/lib/python3.8/site-packages/airflow/example_dags/example_short_circuit_operator.py took 0.147 seconds
[2022-03-21 05:40:56,873] {scheduler_job.py:182} INFO - Started process (PID=10521) to work on /home/airflow/sandbox/lib/python3.8/site-packages/airflow/example_dags/example_short_circuit_operator.py
[2022-03-21 05:40:56,875] {scheduler_job.py:633} INFO - Processing file /home/airflow/sandbox/lib/python3.8/site-packages/airflow/example_dags/example_short_circuit_operator.py for tasks to queue
[2022-03-21 05:40:56,877] {logging_mixin.py:104} INFO - [2022-03-21 05:40:56,877] {dagbag.py:487} INFO - Filling up the DagBag from /home/airflow/sandbox/lib/python3.8/site-packages/airflow/example_dags/example_short_circuit_operator.py
[2022-03-21 05:40:56,896] {scheduler_job.py:643} INFO - DAG(s) dict_keys(['example_short_circuit_operator']) retrieved from /home/airflow/sandbox/lib/python3.8/site-packages/airflow/example_dags/example_short_circuit_operator.py
[2022-03-21 05:40:56,940] {logging_mixin.py:104} INFO - [2022-03-21 05:40:56,940] {dag.py:1832} INFO - Sync 1 DAGs
[2022-03-21 05:40:56,971] {logging_mixin.py:104} INFO - [2022-03-21 05:40:56,971] {dag.py:2305} INFO - Setting next_dagrun for example_short_circuit_operator to 2022-03-19 00:00:00+00:00
[2022-03-21 05:40:57,018] {scheduler_job.py:190} INFO - Processing /home/airflow/sandbox/lib/python3.8/site-packages/airflow/example_dags/example_short_circuit_operator.py took 0.155 seconds
[2022-03-21 05:41:44,028] {scheduler_job.py:182} INFO - Started process (PID=10555) to work on /home/airflow/sandbox/lib/python3.8/site-packages/airflow/example_dags/example_short_circuit_operator.py
[2022-03-21 05:41:44,030] {scheduler_job.py:633} INFO - Processing file /home/airflow/sandbox/lib/python3.8/site-packages/airflow/example_dags/example_short_circuit_operator.py for tasks to queue
[2022-03-21 05:41:44,031] {logging_mixin.py:104} INFO - [2022-03-21 05:41:44,031] {dagbag.py:487} INFO - Filling up the DagBag from /home/airflow/sandbox/lib/python3.8/site-packages/airflow/example_dags/example_short_circuit_operator.py
[2022-03-21 05:41:44,051] {scheduler_job.py:643} INFO - DAG(s) dict_keys(['example_short_circuit_operator']) retrieved from /home/airflow/sandbox/lib/python3.8/site-packages/airflow/example_dags/example_short_circuit_operator.py
[2022-03-21 05:41:44,086] {logging_mixin.py:104} INFO - [2022-03-21 05:41:44,086] {dag.py:1832} INFO - Sync 1 DAGs
[2022-03-21 05:41:44,113] {logging_mixin.py:104} INFO - [2022-03-21 05:41:44,113] {dag.py:2305} INFO - Setting next_dagrun for example_short_circuit_operator to 2022-03-19 00:00:00+00:00
[2022-03-21 05:41:44,157] {scheduler_job.py:190} INFO - Processing /home/airflow/sandbox/lib/python3.8/site-packages/airflow/example_dags/example_short_circuit_operator.py took 0.145 seconds
[2022-03-21 05:42:28,590] {scheduler_job.py:182} INFO - Started process (PID=10588) to work on /home/airflow/sandbox/lib/python3.8/site-packages/airflow/example_dags/example_short_circuit_operator.py
[2022-03-21 05:42:28,592] {scheduler_job.py:633} INFO - Processing file /home/airflow/sandbox/lib/python3.8/site-packages/airflow/example_dags/example_short_circuit_operator.py for tasks to queue
[2022-03-21 05:42:28,623] {logging_mixin.py:104} INFO - [2022-03-21 05:42:28,623] {dagbag.py:487} INFO - Filling up the DagBag from /home/airflow/sandbox/lib/python3.8/site-packages/airflow/example_dags/example_short_circuit_operator.py
[2022-03-21 05:42:28,672] {scheduler_job.py:643} INFO - DAG(s) dict_keys(['example_short_circuit_operator']) retrieved from /home/airflow/sandbox/lib/python3.8/site-packages/airflow/example_dags/example_short_circuit_operator.py
[2022-03-21 05:42:28,755] {logging_mixin.py:104} INFO - [2022-03-21 05:42:28,754] {dag.py:1832} INFO - Sync 1 DAGs
[2022-03-21 05:42:28,800] {logging_mixin.py:104} INFO - [2022-03-21 05:42:28,800] {dag.py:2305} INFO - Setting next_dagrun for example_short_circuit_operator to 2022-03-19 00:00:00+00:00
[2022-03-21 05:42:28,852] {scheduler_job.py:190} INFO - Processing /home/airflow/sandbox/lib/python3.8/site-packages/airflow/example_dags/example_short_circuit_operator.py took 0.314 seconds
[2022-03-21 05:43:02,120] {scheduler_job.py:182} INFO - Started process (PID=10611) to work on /home/airflow/sandbox/lib/python3.8/site-packages/airflow/example_dags/example_short_circuit_operator.py
[2022-03-21 05:43:02,128] {scheduler_job.py:633} INFO - Processing file /home/airflow/sandbox/lib/python3.8/site-packages/airflow/example_dags/example_short_circuit_operator.py for tasks to queue
[2022-03-21 05:43:02,146] {logging_mixin.py:104} INFO - [2022-03-21 05:43:02,135] {dagbag.py:487} INFO - Filling up the DagBag from /home/airflow/sandbox/lib/python3.8/site-packages/airflow/example_dags/example_short_circuit_operator.py
[2022-03-21 05:43:02,264] {scheduler_job.py:643} INFO - DAG(s) dict_keys(['example_short_circuit_operator']) retrieved from /home/airflow/sandbox/lib/python3.8/site-packages/airflow/example_dags/example_short_circuit_operator.py
[2022-03-21 05:43:02,533] {logging_mixin.py:104} INFO - [2022-03-21 05:43:02,533] {dag.py:1832} INFO - Sync 1 DAGs
[2022-03-21 05:43:02,760] {logging_mixin.py:104} INFO - [2022-03-21 05:43:02,760] {dag.py:2305} INFO - Setting next_dagrun for example_short_circuit_operator to 2022-03-19 00:00:00+00:00
[2022-03-21 05:43:02,891] {scheduler_job.py:190} INFO - Processing /home/airflow/sandbox/lib/python3.8/site-packages/airflow/example_dags/example_short_circuit_operator.py took 0.831 seconds
[2022-03-21 05:43:41,265] {scheduler_job.py:182} INFO - Started process (PID=10638) to work on /home/airflow/sandbox/lib/python3.8/site-packages/airflow/example_dags/example_short_circuit_operator.py
[2022-03-21 05:43:41,267] {scheduler_job.py:633} INFO - Processing file /home/airflow/sandbox/lib/python3.8/site-packages/airflow/example_dags/example_short_circuit_operator.py for tasks to queue
[2022-03-21 05:43:41,269] {logging_mixin.py:104} INFO - [2022-03-21 05:43:41,268] {dagbag.py:487} INFO - Filling up the DagBag from /home/airflow/sandbox/lib/python3.8/site-packages/airflow/example_dags/example_short_circuit_operator.py
[2022-03-21 05:43:41,292] {scheduler_job.py:643} INFO - DAG(s) dict_keys(['example_short_circuit_operator']) retrieved from /home/airflow/sandbox/lib/python3.8/site-packages/airflow/example_dags/example_short_circuit_operator.py
[2022-03-21 05:43:41,340] {logging_mixin.py:104} INFO - [2022-03-21 05:43:41,338] {dag.py:1832} INFO - Sync 1 DAGs
[2022-03-21 05:43:41,367] {logging_mixin.py:104} INFO - [2022-03-21 05:43:41,367] {dag.py:2305} INFO - Setting next_dagrun for example_short_circuit_operator to 2022-03-19 00:00:00+00:00
[2022-03-21 05:43:41,405] {scheduler_job.py:190} INFO - Processing /home/airflow/sandbox/lib/python3.8/site-packages/airflow/example_dags/example_short_circuit_operator.py took 0.153 seconds
[2022-03-21 05:44:19,505] {scheduler_job.py:182} INFO - Started process (PID=10664) to work on /home/airflow/sandbox/lib/python3.8/site-packages/airflow/example_dags/example_short_circuit_operator.py
[2022-03-21 05:44:19,507] {scheduler_job.py:633} INFO - Processing file /home/airflow/sandbox/lib/python3.8/site-packages/airflow/example_dags/example_short_circuit_operator.py for tasks to queue
[2022-03-21 05:44:19,514] {logging_mixin.py:104} INFO - [2022-03-21 05:44:19,513] {dagbag.py:487} INFO - Filling up the DagBag from /home/airflow/sandbox/lib/python3.8/site-packages/airflow/example_dags/example_short_circuit_operator.py
[2022-03-21 05:44:19,532] {scheduler_job.py:643} INFO - DAG(s) dict_keys(['example_short_circuit_operator']) retrieved from /home/airflow/sandbox/lib/python3.8/site-packages/airflow/example_dags/example_short_circuit_operator.py
[2022-03-21 05:44:19,581] {logging_mixin.py:104} INFO - [2022-03-21 05:44:19,581] {dag.py:1832} INFO - Sync 1 DAGs
[2022-03-21 05:44:19,624] {logging_mixin.py:104} INFO - [2022-03-21 05:44:19,623] {dag.py:2305} INFO - Setting next_dagrun for example_short_circuit_operator to 2022-03-19 00:00:00+00:00
[2022-03-21 05:44:19,772] {scheduler_job.py:190} INFO - Processing /home/airflow/sandbox/lib/python3.8/site-packages/airflow/example_dags/example_short_circuit_operator.py took 0.280 seconds
[2022-03-21 05:44:54,787] {scheduler_job.py:182} INFO - Started process (PID=10689) to work on /home/airflow/sandbox/lib/python3.8/site-packages/airflow/example_dags/example_short_circuit_operator.py
[2022-03-21 05:44:54,793] {scheduler_job.py:633} INFO - Processing file /home/airflow/sandbox/lib/python3.8/site-packages/airflow/example_dags/example_short_circuit_operator.py for tasks to queue
[2022-03-21 05:44:54,795] {logging_mixin.py:104} INFO - [2022-03-21 05:44:54,795] {dagbag.py:487} INFO - Filling up the DagBag from /home/airflow/sandbox/lib/python3.8/site-packages/airflow/example_dags/example_short_circuit_operator.py
[2022-03-21 05:44:54,817] {scheduler_job.py:643} INFO - DAG(s) dict_keys(['example_short_circuit_operator']) retrieved from /home/airflow/sandbox/lib/python3.8/site-packages/airflow/example_dags/example_short_circuit_operator.py
[2022-03-21 05:44:54,859] {logging_mixin.py:104} INFO - [2022-03-21 05:44:54,858] {dag.py:1832} INFO - Sync 1 DAGs
[2022-03-21 05:44:54,896] {logging_mixin.py:104} INFO - [2022-03-21 05:44:54,895] {dag.py:2305} INFO - Setting next_dagrun for example_short_circuit_operator to 2022-03-19 00:00:00+00:00
[2022-03-21 05:44:54,986] {scheduler_job.py:190} INFO - Processing /home/airflow/sandbox/lib/python3.8/site-packages/airflow/example_dags/example_short_circuit_operator.py took 0.206 seconds
[2022-03-21 05:45:27,393] {scheduler_job.py:182} INFO - Started process (PID=10742) to work on /home/airflow/sandbox/lib/python3.8/site-packages/airflow/example_dags/example_short_circuit_operator.py
[2022-03-21 05:45:27,397] {scheduler_job.py:633} INFO - Processing file /home/airflow/sandbox/lib/python3.8/site-packages/airflow/example_dags/example_short_circuit_operator.py for tasks to queue
[2022-03-21 05:45:27,399] {logging_mixin.py:104} INFO - [2022-03-21 05:45:27,399] {dagbag.py:487} INFO - Filling up the DagBag from /home/airflow/sandbox/lib/python3.8/site-packages/airflow/example_dags/example_short_circuit_operator.py
[2022-03-21 05:45:27,416] {scheduler_job.py:643} INFO - DAG(s) dict_keys(['example_short_circuit_operator']) retrieved from /home/airflow/sandbox/lib/python3.8/site-packages/airflow/example_dags/example_short_circuit_operator.py
[2022-03-21 05:45:27,459] {logging_mixin.py:104} INFO - [2022-03-21 05:45:27,459] {dag.py:1832} INFO - Sync 1 DAGs
[2022-03-21 05:45:27,487] {logging_mixin.py:104} INFO - [2022-03-21 05:45:27,487] {dag.py:2305} INFO - Setting next_dagrun for example_short_circuit_operator to 2022-03-19 00:00:00+00:00
[2022-03-21 05:45:27,539] {scheduler_job.py:190} INFO - Processing /home/airflow/sandbox/lib/python3.8/site-packages/airflow/example_dags/example_short_circuit_operator.py took 0.152 seconds
[2022-03-21 05:46:09,800] {scheduler_job.py:182} INFO - Started process (PID=10830) to work on /home/airflow/sandbox/lib/python3.8/site-packages/airflow/example_dags/example_short_circuit_operator.py
[2022-03-21 05:46:09,802] {scheduler_job.py:633} INFO - Processing file /home/airflow/sandbox/lib/python3.8/site-packages/airflow/example_dags/example_short_circuit_operator.py for tasks to queue
[2022-03-21 05:46:09,804] {logging_mixin.py:104} INFO - [2022-03-21 05:46:09,804] {dagbag.py:487} INFO - Filling up the DagBag from /home/airflow/sandbox/lib/python3.8/site-packages/airflow/example_dags/example_short_circuit_operator.py
[2022-03-21 05:46:09,826] {scheduler_job.py:643} INFO - DAG(s) dict_keys(['example_short_circuit_operator']) retrieved from /home/airflow/sandbox/lib/python3.8/site-packages/airflow/example_dags/example_short_circuit_operator.py
[2022-03-21 05:46:09,857] {logging_mixin.py:104} INFO - [2022-03-21 05:46:09,857] {dag.py:1832} INFO - Sync 1 DAGs
[2022-03-21 05:46:09,878] {logging_mixin.py:104} INFO - [2022-03-21 05:46:09,877] {dag.py:2305} INFO - Setting next_dagrun for example_short_circuit_operator to 2022-03-19 00:00:00+00:00
[2022-03-21 05:46:09,934] {scheduler_job.py:190} INFO - Processing /home/airflow/sandbox/lib/python3.8/site-packages/airflow/example_dags/example_short_circuit_operator.py took 0.141 seconds
[2022-03-21 05:47:20,366] {scheduler_job.py:182} INFO - Started process (PID=11546) to work on /home/airflow/sandbox/lib/python3.8/site-packages/airflow/example_dags/example_short_circuit_operator.py
[2022-03-21 05:47:20,374] {scheduler_job.py:633} INFO - Processing file /home/airflow/sandbox/lib/python3.8/site-packages/airflow/example_dags/example_short_circuit_operator.py for tasks to queue
[2022-03-21 05:47:20,378] {logging_mixin.py:104} INFO - [2022-03-21 05:47:20,378] {dagbag.py:487} INFO - Filling up the DagBag from /home/airflow/sandbox/lib/python3.8/site-packages/airflow/example_dags/example_short_circuit_operator.py
[2022-03-21 05:47:20,400] {scheduler_job.py:643} INFO - DAG(s) dict_keys(['example_short_circuit_operator']) retrieved from /home/airflow/sandbox/lib/python3.8/site-packages/airflow/example_dags/example_short_circuit_operator.py
[2022-03-21 05:47:20,430] {logging_mixin.py:104} INFO - [2022-03-21 05:47:20,430] {dag.py:1832} INFO - Sync 1 DAGs
[2022-03-21 05:47:20,452] {logging_mixin.py:104} INFO - [2022-03-21 05:47:20,451] {dag.py:2305} INFO - Setting next_dagrun for example_short_circuit_operator to 2022-03-19 00:00:00+00:00
[2022-03-21 05:47:20,537] {scheduler_job.py:190} INFO - Processing /home/airflow/sandbox/lib/python3.8/site-packages/airflow/example_dags/example_short_circuit_operator.py took 0.182 seconds
[2022-03-21 05:47:59,062] {scheduler_job.py:182} INFO - Started process (PID=11723) to work on /home/airflow/sandbox/lib/python3.8/site-packages/airflow/example_dags/example_short_circuit_operator.py
[2022-03-21 05:47:59,082] {scheduler_job.py:633} INFO - Processing file /home/airflow/sandbox/lib/python3.8/site-packages/airflow/example_dags/example_short_circuit_operator.py for tasks to queue
[2022-03-21 05:47:59,084] {logging_mixin.py:104} INFO - [2022-03-21 05:47:59,083] {dagbag.py:487} INFO - Filling up the DagBag from /home/airflow/sandbox/lib/python3.8/site-packages/airflow/example_dags/example_short_circuit_operator.py
[2022-03-21 05:47:59,172] {scheduler_job.py:643} INFO - DAG(s) dict_keys(['example_short_circuit_operator']) retrieved from /home/airflow/sandbox/lib/python3.8/site-packages/airflow/example_dags/example_short_circuit_operator.py
[2022-03-21 05:47:59,329] {logging_mixin.py:104} INFO - [2022-03-21 05:47:59,329] {dag.py:1832} INFO - Sync 1 DAGs
[2022-03-21 05:47:59,514] {logging_mixin.py:104} INFO - [2022-03-21 05:47:59,513] {dag.py:2305} INFO - Setting next_dagrun for example_short_circuit_operator to 2022-03-19 00:00:00+00:00
[2022-03-21 05:47:59,673] {scheduler_job.py:190} INFO - Processing /home/airflow/sandbox/lib/python3.8/site-packages/airflow/example_dags/example_short_circuit_operator.py took 0.637 seconds
[2022-03-21 05:48:45,008] {scheduler_job.py:182} INFO - Started process (PID=11996) to work on /home/airflow/sandbox/lib/python3.8/site-packages/airflow/example_dags/example_short_circuit_operator.py
[2022-03-21 05:48:45,010] {scheduler_job.py:633} INFO - Processing file /home/airflow/sandbox/lib/python3.8/site-packages/airflow/example_dags/example_short_circuit_operator.py for tasks to queue
[2022-03-21 05:48:45,012] {logging_mixin.py:104} INFO - [2022-03-21 05:48:45,012] {dagbag.py:487} INFO - Filling up the DagBag from /home/airflow/sandbox/lib/python3.8/site-packages/airflow/example_dags/example_short_circuit_operator.py
[2022-03-21 05:48:45,031] {scheduler_job.py:643} INFO - DAG(s) dict_keys(['example_short_circuit_operator']) retrieved from /home/airflow/sandbox/lib/python3.8/site-packages/airflow/example_dags/example_short_circuit_operator.py
[2022-03-21 05:48:45,096] {logging_mixin.py:104} INFO - [2022-03-21 05:48:45,096] {dag.py:1832} INFO - Sync 1 DAGs
[2022-03-21 05:48:45,231] {logging_mixin.py:104} INFO - [2022-03-21 05:48:45,230] {dag.py:2305} INFO - Setting next_dagrun for example_short_circuit_operator to 2022-03-19 00:00:00+00:00
[2022-03-21 05:48:45,297] {scheduler_job.py:190} INFO - Processing /home/airflow/sandbox/lib/python3.8/site-packages/airflow/example_dags/example_short_circuit_operator.py took 0.298 seconds
[2022-03-21 05:49:19,018] {scheduler_job.py:182} INFO - Started process (PID=12050) to work on /home/airflow/sandbox/lib/python3.8/site-packages/airflow/example_dags/example_short_circuit_operator.py
[2022-03-21 05:49:19,020] {scheduler_job.py:633} INFO - Processing file /home/airflow/sandbox/lib/python3.8/site-packages/airflow/example_dags/example_short_circuit_operator.py for tasks to queue
[2022-03-21 05:49:19,022] {logging_mixin.py:104} INFO - [2022-03-21 05:49:19,021] {dagbag.py:487} INFO - Filling up the DagBag from /home/airflow/sandbox/lib/python3.8/site-packages/airflow/example_dags/example_short_circuit_operator.py
[2022-03-21 05:49:19,046] {scheduler_job.py:643} INFO - DAG(s) dict_keys(['example_short_circuit_operator']) retrieved from /home/airflow/sandbox/lib/python3.8/site-packages/airflow/example_dags/example_short_circuit_operator.py
[2022-03-21 05:49:19,078] {logging_mixin.py:104} INFO - [2022-03-21 05:49:19,078] {dag.py:1832} INFO - Sync 1 DAGs
[2022-03-21 05:49:19,108] {logging_mixin.py:104} INFO - [2022-03-21 05:49:19,108] {dag.py:2305} INFO - Setting next_dagrun for example_short_circuit_operator to 2022-03-19 00:00:00+00:00
[2022-03-21 05:49:19,184] {scheduler_job.py:190} INFO - Processing /home/airflow/sandbox/lib/python3.8/site-packages/airflow/example_dags/example_short_circuit_operator.py took 0.179 seconds
[2022-03-21 05:50:07,881] {scheduler_job.py:182} INFO - Started process (PID=12172) to work on /home/airflow/sandbox/lib/python3.8/site-packages/airflow/example_dags/example_short_circuit_operator.py
[2022-03-21 05:50:07,883] {scheduler_job.py:633} INFO - Processing file /home/airflow/sandbox/lib/python3.8/site-packages/airflow/example_dags/example_short_circuit_operator.py for tasks to queue
[2022-03-21 05:50:07,884] {logging_mixin.py:104} INFO - [2022-03-21 05:50:07,884] {dagbag.py:487} INFO - Filling up the DagBag from /home/airflow/sandbox/lib/python3.8/site-packages/airflow/example_dags/example_short_circuit_operator.py
[2022-03-21 05:50:07,904] {scheduler_job.py:643} INFO - DAG(s) dict_keys(['example_short_circuit_operator']) retrieved from /home/airflow/sandbox/lib/python3.8/site-packages/airflow/example_dags/example_short_circuit_operator.py
[2022-03-21 05:50:07,936] {logging_mixin.py:104} INFO - [2022-03-21 05:50:07,936] {dag.py:1832} INFO - Sync 1 DAGs
[2022-03-21 05:50:07,958] {logging_mixin.py:104} INFO - [2022-03-21 05:50:07,958] {dag.py:2305} INFO - Setting next_dagrun for example_short_circuit_operator to 2022-03-19 00:00:00+00:00
[2022-03-21 05:50:07,997] {scheduler_job.py:190} INFO - Processing /home/airflow/sandbox/lib/python3.8/site-packages/airflow/example_dags/example_short_circuit_operator.py took 0.123 seconds
