[2022-03-21 05:14:38,348] {scheduler_job.py:182} INFO - Started process (PID=8188) to work on /home/airflow/sandbox/lib/python3.8/site-packages/airflow/example_dags/tutorial_taskflow_api_etl.py
[2022-03-21 05:14:38,350] {scheduler_job.py:633} INFO - Processing file /home/airflow/sandbox/lib/python3.8/site-packages/airflow/example_dags/tutorial_taskflow_api_etl.py for tasks to queue
[2022-03-21 05:14:38,352] {logging_mixin.py:104} INFO - [2022-03-21 05:14:38,352] {dagbag.py:487} INFO - Filling up the DagBag from /home/airflow/sandbox/lib/python3.8/site-packages/airflow/example_dags/tutorial_taskflow_api_etl.py
[2022-03-21 05:14:38,376] {scheduler_job.py:643} INFO - DAG(s) dict_keys(['tutorial_taskflow_api_etl']) retrieved from /home/airflow/sandbox/lib/python3.8/site-packages/airflow/example_dags/tutorial_taskflow_api_etl.py
[2022-03-21 05:14:38,999] {logging_mixin.py:104} INFO - [2022-03-21 05:14:38,999] {dag.py:1832} INFO - Sync 1 DAGs
[2022-03-21 05:14:39,014] {logging_mixin.py:104} INFO - [2022-03-21 05:14:39,014] {dag.py:2305} INFO - Setting next_dagrun for tutorial_taskflow_api_etl to None
[2022-03-21 05:14:39,073] {scheduler_job.py:190} INFO - Processing /home/airflow/sandbox/lib/python3.8/site-packages/airflow/example_dags/tutorial_taskflow_api_etl.py took 0.735 seconds
[2022-03-21 05:16:02,987] {scheduler_job.py:182} INFO - Started process (PID=8683) to work on /home/airflow/sandbox/lib/python3.8/site-packages/airflow/example_dags/tutorial_taskflow_api_etl.py
[2022-03-21 05:16:02,989] {scheduler_job.py:633} INFO - Processing file /home/airflow/sandbox/lib/python3.8/site-packages/airflow/example_dags/tutorial_taskflow_api_etl.py for tasks to queue
[2022-03-21 05:16:02,990] {logging_mixin.py:104} INFO - [2022-03-21 05:16:02,990] {dagbag.py:487} INFO - Filling up the DagBag from /home/airflow/sandbox/lib/python3.8/site-packages/airflow/example_dags/tutorial_taskflow_api_etl.py
[2022-03-21 05:16:03,012] {scheduler_job.py:643} INFO - DAG(s) dict_keys(['tutorial_taskflow_api_etl']) retrieved from /home/airflow/sandbox/lib/python3.8/site-packages/airflow/example_dags/tutorial_taskflow_api_etl.py
[2022-03-21 05:16:03,635] {logging_mixin.py:104} INFO - [2022-03-21 05:16:03,635] {dag.py:1832} INFO - Sync 1 DAGs
[2022-03-21 05:16:03,657] {logging_mixin.py:104} INFO - [2022-03-21 05:16:03,657] {dag.py:2305} INFO - Setting next_dagrun for tutorial_taskflow_api_etl to None
[2022-03-21 05:16:03,692] {scheduler_job.py:190} INFO - Processing /home/airflow/sandbox/lib/python3.8/site-packages/airflow/example_dags/tutorial_taskflow_api_etl.py took 0.712 seconds
[2022-03-21 05:16:50,530] {scheduler_job.py:182} INFO - Started process (PID=8897) to work on /home/airflow/sandbox/lib/python3.8/site-packages/airflow/example_dags/tutorial_taskflow_api_etl.py
[2022-03-21 05:16:50,532] {scheduler_job.py:633} INFO - Processing file /home/airflow/sandbox/lib/python3.8/site-packages/airflow/example_dags/tutorial_taskflow_api_etl.py for tasks to queue
[2022-03-21 05:16:50,537] {logging_mixin.py:104} INFO - [2022-03-21 05:16:50,537] {dagbag.py:487} INFO - Filling up the DagBag from /home/airflow/sandbox/lib/python3.8/site-packages/airflow/example_dags/tutorial_taskflow_api_etl.py
[2022-03-21 05:16:50,558] {scheduler_job.py:643} INFO - DAG(s) dict_keys(['tutorial_taskflow_api_etl']) retrieved from /home/airflow/sandbox/lib/python3.8/site-packages/airflow/example_dags/tutorial_taskflow_api_etl.py
[2022-03-21 05:16:51,144] {logging_mixin.py:104} INFO - [2022-03-21 05:16:51,144] {dag.py:1832} INFO - Sync 1 DAGs
[2022-03-21 05:16:51,164] {logging_mixin.py:104} INFO - [2022-03-21 05:16:51,164] {dag.py:2305} INFO - Setting next_dagrun for tutorial_taskflow_api_etl to None
[2022-03-21 05:16:51,217] {scheduler_job.py:190} INFO - Processing /home/airflow/sandbox/lib/python3.8/site-packages/airflow/example_dags/tutorial_taskflow_api_etl.py took 0.692 seconds
[2022-03-21 05:17:38,177] {scheduler_job.py:182} INFO - Started process (PID=9146) to work on /home/airflow/sandbox/lib/python3.8/site-packages/airflow/example_dags/tutorial_taskflow_api_etl.py
[2022-03-21 05:17:38,181] {scheduler_job.py:633} INFO - Processing file /home/airflow/sandbox/lib/python3.8/site-packages/airflow/example_dags/tutorial_taskflow_api_etl.py for tasks to queue
[2022-03-21 05:17:38,182] {logging_mixin.py:104} INFO - [2022-03-21 05:17:38,182] {dagbag.py:487} INFO - Filling up the DagBag from /home/airflow/sandbox/lib/python3.8/site-packages/airflow/example_dags/tutorial_taskflow_api_etl.py
[2022-03-21 05:17:38,209] {scheduler_job.py:643} INFO - DAG(s) dict_keys(['tutorial_taskflow_api_etl']) retrieved from /home/airflow/sandbox/lib/python3.8/site-packages/airflow/example_dags/tutorial_taskflow_api_etl.py
[2022-03-21 05:17:38,820] {logging_mixin.py:104} INFO - [2022-03-21 05:17:38,820] {dag.py:1832} INFO - Sync 1 DAGs
[2022-03-21 05:17:38,836] {logging_mixin.py:104} INFO - [2022-03-21 05:17:38,836] {dag.py:2305} INFO - Setting next_dagrun for tutorial_taskflow_api_etl to None
[2022-03-21 05:17:38,870] {scheduler_job.py:190} INFO - Processing /home/airflow/sandbox/lib/python3.8/site-packages/airflow/example_dags/tutorial_taskflow_api_etl.py took 0.698 seconds
[2022-03-21 05:18:24,233] {scheduler_job.py:182} INFO - Started process (PID=9238) to work on /home/airflow/sandbox/lib/python3.8/site-packages/airflow/example_dags/tutorial_taskflow_api_etl.py
[2022-03-21 05:18:24,236] {scheduler_job.py:633} INFO - Processing file /home/airflow/sandbox/lib/python3.8/site-packages/airflow/example_dags/tutorial_taskflow_api_etl.py for tasks to queue
[2022-03-21 05:18:24,241] {logging_mixin.py:104} INFO - [2022-03-21 05:18:24,240] {dagbag.py:487} INFO - Filling up the DagBag from /home/airflow/sandbox/lib/python3.8/site-packages/airflow/example_dags/tutorial_taskflow_api_etl.py
[2022-03-21 05:18:24,268] {scheduler_job.py:643} INFO - DAG(s) dict_keys(['tutorial_taskflow_api_etl']) retrieved from /home/airflow/sandbox/lib/python3.8/site-packages/airflow/example_dags/tutorial_taskflow_api_etl.py
[2022-03-21 05:18:25,030] {logging_mixin.py:104} INFO - [2022-03-21 05:18:25,030] {dag.py:1832} INFO - Sync 1 DAGs
[2022-03-21 05:18:25,049] {logging_mixin.py:104} INFO - [2022-03-21 05:18:25,049] {dag.py:2305} INFO - Setting next_dagrun for tutorial_taskflow_api_etl to None
[2022-03-21 05:18:25,092] {scheduler_job.py:190} INFO - Processing /home/airflow/sandbox/lib/python3.8/site-packages/airflow/example_dags/tutorial_taskflow_api_etl.py took 0.867 seconds
[2022-03-21 05:19:13,400] {scheduler_job.py:182} INFO - Started process (PID=9275) to work on /home/airflow/sandbox/lib/python3.8/site-packages/airflow/example_dags/tutorial_taskflow_api_etl.py
[2022-03-21 05:19:13,406] {scheduler_job.py:633} INFO - Processing file /home/airflow/sandbox/lib/python3.8/site-packages/airflow/example_dags/tutorial_taskflow_api_etl.py for tasks to queue
[2022-03-21 05:19:13,408] {logging_mixin.py:104} INFO - [2022-03-21 05:19:13,408] {dagbag.py:487} INFO - Filling up the DagBag from /home/airflow/sandbox/lib/python3.8/site-packages/airflow/example_dags/tutorial_taskflow_api_etl.py
[2022-03-21 05:19:13,454] {scheduler_job.py:643} INFO - DAG(s) dict_keys(['tutorial_taskflow_api_etl']) retrieved from /home/airflow/sandbox/lib/python3.8/site-packages/airflow/example_dags/tutorial_taskflow_api_etl.py
[2022-03-21 05:19:14,248] {logging_mixin.py:104} INFO - [2022-03-21 05:19:14,247] {dag.py:1832} INFO - Sync 1 DAGs
[2022-03-21 05:19:14,269] {logging_mixin.py:104} INFO - [2022-03-21 05:19:14,269] {dag.py:2305} INFO - Setting next_dagrun for tutorial_taskflow_api_etl to None
[2022-03-21 05:19:14,311] {scheduler_job.py:190} INFO - Processing /home/airflow/sandbox/lib/python3.8/site-packages/airflow/example_dags/tutorial_taskflow_api_etl.py took 0.921 seconds
[2022-03-21 05:19:57,411] {scheduler_job.py:182} INFO - Started process (PID=9309) to work on /home/airflow/sandbox/lib/python3.8/site-packages/airflow/example_dags/tutorial_taskflow_api_etl.py
[2022-03-21 05:19:57,413] {scheduler_job.py:633} INFO - Processing file /home/airflow/sandbox/lib/python3.8/site-packages/airflow/example_dags/tutorial_taskflow_api_etl.py for tasks to queue
[2022-03-21 05:19:57,415] {logging_mixin.py:104} INFO - [2022-03-21 05:19:57,414] {dagbag.py:487} INFO - Filling up the DagBag from /home/airflow/sandbox/lib/python3.8/site-packages/airflow/example_dags/tutorial_taskflow_api_etl.py
[2022-03-21 05:19:57,440] {scheduler_job.py:643} INFO - DAG(s) dict_keys(['tutorial_taskflow_api_etl']) retrieved from /home/airflow/sandbox/lib/python3.8/site-packages/airflow/example_dags/tutorial_taskflow_api_etl.py
[2022-03-21 05:19:58,038] {logging_mixin.py:104} INFO - [2022-03-21 05:19:58,038] {dag.py:1832} INFO - Sync 1 DAGs
[2022-03-21 05:19:58,058] {logging_mixin.py:104} INFO - [2022-03-21 05:19:58,058] {dag.py:2305} INFO - Setting next_dagrun for tutorial_taskflow_api_etl to None
[2022-03-21 05:19:58,092] {scheduler_job.py:190} INFO - Processing /home/airflow/sandbox/lib/python3.8/site-packages/airflow/example_dags/tutorial_taskflow_api_etl.py took 0.689 seconds
[2022-03-21 05:20:40,976] {scheduler_job.py:182} INFO - Started process (PID=9398) to work on /home/airflow/sandbox/lib/python3.8/site-packages/airflow/example_dags/tutorial_taskflow_api_etl.py
[2022-03-21 05:20:40,981] {scheduler_job.py:633} INFO - Processing file /home/airflow/sandbox/lib/python3.8/site-packages/airflow/example_dags/tutorial_taskflow_api_etl.py for tasks to queue
[2022-03-21 05:20:40,982] {logging_mixin.py:104} INFO - [2022-03-21 05:20:40,982] {dagbag.py:487} INFO - Filling up the DagBag from /home/airflow/sandbox/lib/python3.8/site-packages/airflow/example_dags/tutorial_taskflow_api_etl.py
[2022-03-21 05:20:41,006] {scheduler_job.py:643} INFO - DAG(s) dict_keys(['tutorial_taskflow_api_etl']) retrieved from /home/airflow/sandbox/lib/python3.8/site-packages/airflow/example_dags/tutorial_taskflow_api_etl.py
[2022-03-21 05:20:41,927] {logging_mixin.py:104} INFO - [2022-03-21 05:20:41,926] {dag.py:1832} INFO - Sync 1 DAGs
[2022-03-21 05:20:41,974] {logging_mixin.py:104} INFO - [2022-03-21 05:20:41,974] {dag.py:2305} INFO - Setting next_dagrun for tutorial_taskflow_api_etl to None
[2022-03-21 05:20:42,042] {scheduler_job.py:190} INFO - Processing /home/airflow/sandbox/lib/python3.8/site-packages/airflow/example_dags/tutorial_taskflow_api_etl.py took 1.074 seconds
[2022-03-21 05:21:36,083] {scheduler_job.py:182} INFO - Started process (PID=9434) to work on /home/airflow/sandbox/lib/python3.8/site-packages/airflow/example_dags/tutorial_taskflow_api_etl.py
[2022-03-21 05:21:36,085] {scheduler_job.py:633} INFO - Processing file /home/airflow/sandbox/lib/python3.8/site-packages/airflow/example_dags/tutorial_taskflow_api_etl.py for tasks to queue
[2022-03-21 05:21:36,087] {logging_mixin.py:104} INFO - [2022-03-21 05:21:36,086] {dagbag.py:487} INFO - Filling up the DagBag from /home/airflow/sandbox/lib/python3.8/site-packages/airflow/example_dags/tutorial_taskflow_api_etl.py
[2022-03-21 05:21:36,108] {scheduler_job.py:643} INFO - DAG(s) dict_keys(['tutorial_taskflow_api_etl']) retrieved from /home/airflow/sandbox/lib/python3.8/site-packages/airflow/example_dags/tutorial_taskflow_api_etl.py
[2022-03-21 05:21:36,684] {logging_mixin.py:104} INFO - [2022-03-21 05:21:36,684] {dag.py:1832} INFO - Sync 1 DAGs
[2022-03-21 05:21:36,704] {logging_mixin.py:104} INFO - [2022-03-21 05:21:36,700] {dag.py:2305} INFO - Setting next_dagrun for tutorial_taskflow_api_etl to None
[2022-03-21 05:21:36,736] {scheduler_job.py:190} INFO - Processing /home/airflow/sandbox/lib/python3.8/site-packages/airflow/example_dags/tutorial_taskflow_api_etl.py took 0.664 seconds
[2022-03-21 05:22:19,640] {scheduler_job.py:182} INFO - Started process (PID=9467) to work on /home/airflow/sandbox/lib/python3.8/site-packages/airflow/example_dags/tutorial_taskflow_api_etl.py
[2022-03-21 05:22:19,642] {scheduler_job.py:633} INFO - Processing file /home/airflow/sandbox/lib/python3.8/site-packages/airflow/example_dags/tutorial_taskflow_api_etl.py for tasks to queue
[2022-03-21 05:22:19,643] {logging_mixin.py:104} INFO - [2022-03-21 05:22:19,643] {dagbag.py:487} INFO - Filling up the DagBag from /home/airflow/sandbox/lib/python3.8/site-packages/airflow/example_dags/tutorial_taskflow_api_etl.py
[2022-03-21 05:22:19,666] {scheduler_job.py:643} INFO - DAG(s) dict_keys(['tutorial_taskflow_api_etl']) retrieved from /home/airflow/sandbox/lib/python3.8/site-packages/airflow/example_dags/tutorial_taskflow_api_etl.py
[2022-03-21 05:22:20,239] {logging_mixin.py:104} INFO - [2022-03-21 05:22:20,239] {dag.py:1832} INFO - Sync 1 DAGs
[2022-03-21 05:22:20,254] {logging_mixin.py:104} INFO - [2022-03-21 05:22:20,254] {dag.py:2305} INFO - Setting next_dagrun for tutorial_taskflow_api_etl to None
[2022-03-21 05:22:20,293] {scheduler_job.py:190} INFO - Processing /home/airflow/sandbox/lib/python3.8/site-packages/airflow/example_dags/tutorial_taskflow_api_etl.py took 0.660 seconds
[2022-03-21 05:23:07,413] {scheduler_job.py:182} INFO - Started process (PID=9504) to work on /home/airflow/sandbox/lib/python3.8/site-packages/airflow/example_dags/tutorial_taskflow_api_etl.py
[2022-03-21 05:23:07,416] {scheduler_job.py:633} INFO - Processing file /home/airflow/sandbox/lib/python3.8/site-packages/airflow/example_dags/tutorial_taskflow_api_etl.py for tasks to queue
[2022-03-21 05:23:07,418] {logging_mixin.py:104} INFO - [2022-03-21 05:23:07,418] {dagbag.py:487} INFO - Filling up the DagBag from /home/airflow/sandbox/lib/python3.8/site-packages/airflow/example_dags/tutorial_taskflow_api_etl.py
[2022-03-21 05:23:07,444] {scheduler_job.py:643} INFO - DAG(s) dict_keys(['tutorial_taskflow_api_etl']) retrieved from /home/airflow/sandbox/lib/python3.8/site-packages/airflow/example_dags/tutorial_taskflow_api_etl.py
[2022-03-21 05:23:08,039] {logging_mixin.py:104} INFO - [2022-03-21 05:23:08,039] {dag.py:1832} INFO - Sync 1 DAGs
[2022-03-21 05:23:08,052] {logging_mixin.py:104} INFO - [2022-03-21 05:23:08,051] {dag.py:2305} INFO - Setting next_dagrun for tutorial_taskflow_api_etl to None
[2022-03-21 05:23:08,086] {scheduler_job.py:190} INFO - Processing /home/airflow/sandbox/lib/python3.8/site-packages/airflow/example_dags/tutorial_taskflow_api_etl.py took 0.681 seconds
[2022-03-21 05:23:48,877] {scheduler_job.py:182} INFO - Started process (PID=9538) to work on /home/airflow/sandbox/lib/python3.8/site-packages/airflow/example_dags/tutorial_taskflow_api_etl.py
[2022-03-21 05:23:48,883] {scheduler_job.py:633} INFO - Processing file /home/airflow/sandbox/lib/python3.8/site-packages/airflow/example_dags/tutorial_taskflow_api_etl.py for tasks to queue
[2022-03-21 05:23:48,884] {logging_mixin.py:104} INFO - [2022-03-21 05:23:48,884] {dagbag.py:487} INFO - Filling up the DagBag from /home/airflow/sandbox/lib/python3.8/site-packages/airflow/example_dags/tutorial_taskflow_api_etl.py
[2022-03-21 05:23:48,922] {scheduler_job.py:643} INFO - DAG(s) dict_keys(['tutorial_taskflow_api_etl']) retrieved from /home/airflow/sandbox/lib/python3.8/site-packages/airflow/example_dags/tutorial_taskflow_api_etl.py
[2022-03-21 05:23:49,521] {logging_mixin.py:104} INFO - [2022-03-21 05:23:49,520] {dag.py:1832} INFO - Sync 1 DAGs
[2022-03-21 05:23:49,541] {logging_mixin.py:104} INFO - [2022-03-21 05:23:49,541] {dag.py:2305} INFO - Setting next_dagrun for tutorial_taskflow_api_etl to None
[2022-03-21 05:23:49,575] {scheduler_job.py:190} INFO - Processing /home/airflow/sandbox/lib/python3.8/site-packages/airflow/example_dags/tutorial_taskflow_api_etl.py took 0.704 seconds
[2022-03-21 05:24:28,919] {scheduler_job.py:182} INFO - Started process (PID=9569) to work on /home/airflow/sandbox/lib/python3.8/site-packages/airflow/example_dags/tutorial_taskflow_api_etl.py
[2022-03-21 05:24:28,922] {scheduler_job.py:633} INFO - Processing file /home/airflow/sandbox/lib/python3.8/site-packages/airflow/example_dags/tutorial_taskflow_api_etl.py for tasks to queue
[2022-03-21 05:24:28,926] {logging_mixin.py:104} INFO - [2022-03-21 05:24:28,926] {dagbag.py:487} INFO - Filling up the DagBag from /home/airflow/sandbox/lib/python3.8/site-packages/airflow/example_dags/tutorial_taskflow_api_etl.py
[2022-03-21 05:24:28,950] {scheduler_job.py:643} INFO - DAG(s) dict_keys(['tutorial_taskflow_api_etl']) retrieved from /home/airflow/sandbox/lib/python3.8/site-packages/airflow/example_dags/tutorial_taskflow_api_etl.py
[2022-03-21 05:24:29,570] {logging_mixin.py:104} INFO - [2022-03-21 05:24:29,570] {dag.py:1832} INFO - Sync 1 DAGs
[2022-03-21 05:24:29,592] {logging_mixin.py:104} INFO - [2022-03-21 05:24:29,592] {dag.py:2305} INFO - Setting next_dagrun for tutorial_taskflow_api_etl to None
[2022-03-21 05:24:29,628] {scheduler_job.py:190} INFO - Processing /home/airflow/sandbox/lib/python3.8/site-packages/airflow/example_dags/tutorial_taskflow_api_etl.py took 0.716 seconds
[2022-03-21 05:25:13,099] {scheduler_job.py:182} INFO - Started process (PID=9601) to work on /home/airflow/sandbox/lib/python3.8/site-packages/airflow/example_dags/tutorial_taskflow_api_etl.py
[2022-03-21 05:25:13,101] {scheduler_job.py:633} INFO - Processing file /home/airflow/sandbox/lib/python3.8/site-packages/airflow/example_dags/tutorial_taskflow_api_etl.py for tasks to queue
[2022-03-21 05:25:13,102] {logging_mixin.py:104} INFO - [2022-03-21 05:25:13,102] {dagbag.py:487} INFO - Filling up the DagBag from /home/airflow/sandbox/lib/python3.8/site-packages/airflow/example_dags/tutorial_taskflow_api_etl.py
[2022-03-21 05:25:13,124] {scheduler_job.py:643} INFO - DAG(s) dict_keys(['tutorial_taskflow_api_etl']) retrieved from /home/airflow/sandbox/lib/python3.8/site-packages/airflow/example_dags/tutorial_taskflow_api_etl.py
[2022-03-21 05:25:13,722] {logging_mixin.py:104} INFO - [2022-03-21 05:25:13,722] {dag.py:1832} INFO - Sync 1 DAGs
[2022-03-21 05:25:13,739] {logging_mixin.py:104} INFO - [2022-03-21 05:25:13,739] {dag.py:2305} INFO - Setting next_dagrun for tutorial_taskflow_api_etl to None
[2022-03-21 05:25:13,774] {scheduler_job.py:190} INFO - Processing /home/airflow/sandbox/lib/python3.8/site-packages/airflow/example_dags/tutorial_taskflow_api_etl.py took 0.687 seconds
[2022-03-21 05:25:57,618] {scheduler_job.py:182} INFO - Started process (PID=9691) to work on /home/airflow/sandbox/lib/python3.8/site-packages/airflow/example_dags/tutorial_taskflow_api_etl.py
[2022-03-21 05:25:57,623] {scheduler_job.py:633} INFO - Processing file /home/airflow/sandbox/lib/python3.8/site-packages/airflow/example_dags/tutorial_taskflow_api_etl.py for tasks to queue
[2022-03-21 05:25:57,625] {logging_mixin.py:104} INFO - [2022-03-21 05:25:57,625] {dagbag.py:487} INFO - Filling up the DagBag from /home/airflow/sandbox/lib/python3.8/site-packages/airflow/example_dags/tutorial_taskflow_api_etl.py
[2022-03-21 05:25:57,653] {scheduler_job.py:643} INFO - DAG(s) dict_keys(['tutorial_taskflow_api_etl']) retrieved from /home/airflow/sandbox/lib/python3.8/site-packages/airflow/example_dags/tutorial_taskflow_api_etl.py
[2022-03-21 05:25:58,248] {logging_mixin.py:104} INFO - [2022-03-21 05:25:58,248] {dag.py:1832} INFO - Sync 1 DAGs
[2022-03-21 05:25:58,263] {logging_mixin.py:104} INFO - [2022-03-21 05:25:58,263] {dag.py:2305} INFO - Setting next_dagrun for tutorial_taskflow_api_etl to None
[2022-03-21 05:25:58,333] {scheduler_job.py:190} INFO - Processing /home/airflow/sandbox/lib/python3.8/site-packages/airflow/example_dags/tutorial_taskflow_api_etl.py took 0.729 seconds
[2022-03-21 05:26:49,731] {scheduler_job.py:182} INFO - Started process (PID=9728) to work on /home/airflow/sandbox/lib/python3.8/site-packages/airflow/example_dags/tutorial_taskflow_api_etl.py
[2022-03-21 05:26:49,734] {scheduler_job.py:633} INFO - Processing file /home/airflow/sandbox/lib/python3.8/site-packages/airflow/example_dags/tutorial_taskflow_api_etl.py for tasks to queue
[2022-03-21 05:26:49,736] {logging_mixin.py:104} INFO - [2022-03-21 05:26:49,736] {dagbag.py:487} INFO - Filling up the DagBag from /home/airflow/sandbox/lib/python3.8/site-packages/airflow/example_dags/tutorial_taskflow_api_etl.py
[2022-03-21 05:26:49,768] {scheduler_job.py:643} INFO - DAG(s) dict_keys(['tutorial_taskflow_api_etl']) retrieved from /home/airflow/sandbox/lib/python3.8/site-packages/airflow/example_dags/tutorial_taskflow_api_etl.py
[2022-03-21 05:26:50,499] {logging_mixin.py:104} INFO - [2022-03-21 05:26:50,499] {dag.py:1832} INFO - Sync 1 DAGs
[2022-03-21 05:26:50,518] {logging_mixin.py:104} INFO - [2022-03-21 05:26:50,518] {dag.py:2305} INFO - Setting next_dagrun for tutorial_taskflow_api_etl to None
[2022-03-21 05:26:50,554] {scheduler_job.py:190} INFO - Processing /home/airflow/sandbox/lib/python3.8/site-packages/airflow/example_dags/tutorial_taskflow_api_etl.py took 0.829 seconds
[2022-03-21 05:27:42,087] {scheduler_job.py:182} INFO - Started process (PID=9764) to work on /home/airflow/sandbox/lib/python3.8/site-packages/airflow/example_dags/tutorial_taskflow_api_etl.py
[2022-03-21 05:27:42,090] {scheduler_job.py:633} INFO - Processing file /home/airflow/sandbox/lib/python3.8/site-packages/airflow/example_dags/tutorial_taskflow_api_etl.py for tasks to queue
[2022-03-21 05:27:42,092] {logging_mixin.py:104} INFO - [2022-03-21 05:27:42,092] {dagbag.py:487} INFO - Filling up the DagBag from /home/airflow/sandbox/lib/python3.8/site-packages/airflow/example_dags/tutorial_taskflow_api_etl.py
[2022-03-21 05:27:42,125] {scheduler_job.py:643} INFO - DAG(s) dict_keys(['tutorial_taskflow_api_etl']) retrieved from /home/airflow/sandbox/lib/python3.8/site-packages/airflow/example_dags/tutorial_taskflow_api_etl.py
[2022-03-21 05:27:42,850] {logging_mixin.py:104} INFO - [2022-03-21 05:27:42,849] {dag.py:1832} INFO - Sync 1 DAGs
[2022-03-21 05:27:42,870] {logging_mixin.py:104} INFO - [2022-03-21 05:27:42,870] {dag.py:2305} INFO - Setting next_dagrun for tutorial_taskflow_api_etl to None
[2022-03-21 05:27:42,912] {scheduler_job.py:190} INFO - Processing /home/airflow/sandbox/lib/python3.8/site-packages/airflow/example_dags/tutorial_taskflow_api_etl.py took 0.832 seconds
[2022-03-21 05:28:32,305] {scheduler_job.py:182} INFO - Started process (PID=9801) to work on /home/airflow/sandbox/lib/python3.8/site-packages/airflow/example_dags/tutorial_taskflow_api_etl.py
[2022-03-21 05:28:32,311] {scheduler_job.py:633} INFO - Processing file /home/airflow/sandbox/lib/python3.8/site-packages/airflow/example_dags/tutorial_taskflow_api_etl.py for tasks to queue
[2022-03-21 05:28:32,313] {logging_mixin.py:104} INFO - [2022-03-21 05:28:32,313] {dagbag.py:487} INFO - Filling up the DagBag from /home/airflow/sandbox/lib/python3.8/site-packages/airflow/example_dags/tutorial_taskflow_api_etl.py
[2022-03-21 05:28:32,502] {scheduler_job.py:643} INFO - DAG(s) dict_keys(['tutorial_taskflow_api_etl']) retrieved from /home/airflow/sandbox/lib/python3.8/site-packages/airflow/example_dags/tutorial_taskflow_api_etl.py
[2022-03-21 05:28:33,183] {logging_mixin.py:104} INFO - [2022-03-21 05:28:33,183] {dag.py:1832} INFO - Sync 1 DAGs
[2022-03-21 05:28:33,204] {logging_mixin.py:104} INFO - [2022-03-21 05:28:33,204] {dag.py:2305} INFO - Setting next_dagrun for tutorial_taskflow_api_etl to None
[2022-03-21 05:28:33,307] {scheduler_job.py:190} INFO - Processing /home/airflow/sandbox/lib/python3.8/site-packages/airflow/example_dags/tutorial_taskflow_api_etl.py took 1.008 seconds
[2022-03-21 05:29:22,944] {scheduler_job.py:182} INFO - Started process (PID=9837) to work on /home/airflow/sandbox/lib/python3.8/site-packages/airflow/example_dags/tutorial_taskflow_api_etl.py
[2022-03-21 05:29:22,949] {scheduler_job.py:633} INFO - Processing file /home/airflow/sandbox/lib/python3.8/site-packages/airflow/example_dags/tutorial_taskflow_api_etl.py for tasks to queue
[2022-03-21 05:29:22,954] {logging_mixin.py:104} INFO - [2022-03-21 05:29:22,953] {dagbag.py:487} INFO - Filling up the DagBag from /home/airflow/sandbox/lib/python3.8/site-packages/airflow/example_dags/tutorial_taskflow_api_etl.py
[2022-03-21 05:29:23,115] {scheduler_job.py:643} INFO - DAG(s) dict_keys(['tutorial_taskflow_api_etl']) retrieved from /home/airflow/sandbox/lib/python3.8/site-packages/airflow/example_dags/tutorial_taskflow_api_etl.py
[2022-03-21 05:29:23,698] {logging_mixin.py:104} INFO - [2022-03-21 05:29:23,698] {dag.py:1832} INFO - Sync 1 DAGs
[2022-03-21 05:29:23,716] {logging_mixin.py:104} INFO - [2022-03-21 05:29:23,716] {dag.py:2305} INFO - Setting next_dagrun for tutorial_taskflow_api_etl to None
[2022-03-21 05:29:23,759] {scheduler_job.py:190} INFO - Processing /home/airflow/sandbox/lib/python3.8/site-packages/airflow/example_dags/tutorial_taskflow_api_etl.py took 0.821 seconds
[2022-03-21 05:30:15,097] {scheduler_job.py:182} INFO - Started process (PID=9873) to work on /home/airflow/sandbox/lib/python3.8/site-packages/airflow/example_dags/tutorial_taskflow_api_etl.py
[2022-03-21 05:30:15,100] {scheduler_job.py:633} INFO - Processing file /home/airflow/sandbox/lib/python3.8/site-packages/airflow/example_dags/tutorial_taskflow_api_etl.py for tasks to queue
[2022-03-21 05:30:15,101] {logging_mixin.py:104} INFO - [2022-03-21 05:30:15,101] {dagbag.py:487} INFO - Filling up the DagBag from /home/airflow/sandbox/lib/python3.8/site-packages/airflow/example_dags/tutorial_taskflow_api_etl.py
[2022-03-21 05:30:15,257] {scheduler_job.py:643} INFO - DAG(s) dict_keys(['tutorial_taskflow_api_etl']) retrieved from /home/airflow/sandbox/lib/python3.8/site-packages/airflow/example_dags/tutorial_taskflow_api_etl.py
[2022-03-21 05:30:16,017] {logging_mixin.py:104} INFO - [2022-03-21 05:30:16,017] {dag.py:1832} INFO - Sync 1 DAGs
[2022-03-21 05:30:16,053] {logging_mixin.py:104} INFO - [2022-03-21 05:30:16,052] {dag.py:2305} INFO - Setting next_dagrun for tutorial_taskflow_api_etl to None
[2022-03-21 05:30:16,101] {scheduler_job.py:190} INFO - Processing /home/airflow/sandbox/lib/python3.8/site-packages/airflow/example_dags/tutorial_taskflow_api_etl.py took 1.011 seconds
[2022-03-21 05:31:10,119] {scheduler_job.py:182} INFO - Started process (PID=9968) to work on /home/airflow/sandbox/lib/python3.8/site-packages/airflow/example_dags/tutorial_taskflow_api_etl.py
[2022-03-21 05:31:10,121] {scheduler_job.py:633} INFO - Processing file /home/airflow/sandbox/lib/python3.8/site-packages/airflow/example_dags/tutorial_taskflow_api_etl.py for tasks to queue
[2022-03-21 05:31:10,125] {logging_mixin.py:104} INFO - [2022-03-21 05:31:10,125] {dagbag.py:487} INFO - Filling up the DagBag from /home/airflow/sandbox/lib/python3.8/site-packages/airflow/example_dags/tutorial_taskflow_api_etl.py
[2022-03-21 05:31:10,150] {scheduler_job.py:643} INFO - DAG(s) dict_keys(['tutorial_taskflow_api_etl']) retrieved from /home/airflow/sandbox/lib/python3.8/site-packages/airflow/example_dags/tutorial_taskflow_api_etl.py
[2022-03-21 05:31:10,665] {logging_mixin.py:104} INFO - [2022-03-21 05:31:10,665] {dag.py:1832} INFO - Sync 1 DAGs
[2022-03-21 05:31:10,692] {logging_mixin.py:104} INFO - [2022-03-21 05:31:10,692] {dag.py:2305} INFO - Setting next_dagrun for tutorial_taskflow_api_etl to None
[2022-03-21 05:31:10,730] {scheduler_job.py:190} INFO - Processing /home/airflow/sandbox/lib/python3.8/site-packages/airflow/example_dags/tutorial_taskflow_api_etl.py took 0.618 seconds
[2022-03-21 05:31:53,590] {scheduler_job.py:182} INFO - Started process (PID=10002) to work on /home/airflow/sandbox/lib/python3.8/site-packages/airflow/example_dags/tutorial_taskflow_api_etl.py
[2022-03-21 05:31:53,592] {scheduler_job.py:633} INFO - Processing file /home/airflow/sandbox/lib/python3.8/site-packages/airflow/example_dags/tutorial_taskflow_api_etl.py for tasks to queue
[2022-03-21 05:31:53,593] {logging_mixin.py:104} INFO - [2022-03-21 05:31:53,593] {dagbag.py:487} INFO - Filling up the DagBag from /home/airflow/sandbox/lib/python3.8/site-packages/airflow/example_dags/tutorial_taskflow_api_etl.py
[2022-03-21 05:31:53,616] {scheduler_job.py:643} INFO - DAG(s) dict_keys(['tutorial_taskflow_api_etl']) retrieved from /home/airflow/sandbox/lib/python3.8/site-packages/airflow/example_dags/tutorial_taskflow_api_etl.py
[2022-03-21 05:31:54,121] {logging_mixin.py:104} INFO - [2022-03-21 05:31:54,120] {dag.py:1832} INFO - Sync 1 DAGs
[2022-03-21 05:31:54,137] {logging_mixin.py:104} INFO - [2022-03-21 05:31:54,137] {dag.py:2305} INFO - Setting next_dagrun for tutorial_taskflow_api_etl to None
[2022-03-21 05:31:54,173] {scheduler_job.py:190} INFO - Processing /home/airflow/sandbox/lib/python3.8/site-packages/airflow/example_dags/tutorial_taskflow_api_etl.py took 0.591 seconds
[2022-03-21 05:32:34,631] {scheduler_job.py:182} INFO - Started process (PID=10034) to work on /home/airflow/sandbox/lib/python3.8/site-packages/airflow/example_dags/tutorial_taskflow_api_etl.py
[2022-03-21 05:32:34,634] {scheduler_job.py:633} INFO - Processing file /home/airflow/sandbox/lib/python3.8/site-packages/airflow/example_dags/tutorial_taskflow_api_etl.py for tasks to queue
[2022-03-21 05:32:34,635] {logging_mixin.py:104} INFO - [2022-03-21 05:32:34,635] {dagbag.py:487} INFO - Filling up the DagBag from /home/airflow/sandbox/lib/python3.8/site-packages/airflow/example_dags/tutorial_taskflow_api_etl.py
[2022-03-21 05:32:34,659] {scheduler_job.py:643} INFO - DAG(s) dict_keys(['tutorial_taskflow_api_etl']) retrieved from /home/airflow/sandbox/lib/python3.8/site-packages/airflow/example_dags/tutorial_taskflow_api_etl.py
[2022-03-21 05:32:35,182] {logging_mixin.py:104} INFO - [2022-03-21 05:32:35,182] {dag.py:1832} INFO - Sync 1 DAGs
[2022-03-21 05:32:35,199] {logging_mixin.py:104} INFO - [2022-03-21 05:32:35,199] {dag.py:2305} INFO - Setting next_dagrun for tutorial_taskflow_api_etl to None
[2022-03-21 05:32:35,237] {scheduler_job.py:190} INFO - Processing /home/airflow/sandbox/lib/python3.8/site-packages/airflow/example_dags/tutorial_taskflow_api_etl.py took 0.614 seconds
[2022-03-21 05:33:19,484] {scheduler_job.py:182} INFO - Started process (PID=10067) to work on /home/airflow/sandbox/lib/python3.8/site-packages/airflow/example_dags/tutorial_taskflow_api_etl.py
[2022-03-21 05:33:19,486] {scheduler_job.py:633} INFO - Processing file /home/airflow/sandbox/lib/python3.8/site-packages/airflow/example_dags/tutorial_taskflow_api_etl.py for tasks to queue
[2022-03-21 05:33:19,487] {logging_mixin.py:104} INFO - [2022-03-21 05:33:19,487] {dagbag.py:487} INFO - Filling up the DagBag from /home/airflow/sandbox/lib/python3.8/site-packages/airflow/example_dags/tutorial_taskflow_api_etl.py
[2022-03-21 05:33:19,511] {scheduler_job.py:643} INFO - DAG(s) dict_keys(['tutorial_taskflow_api_etl']) retrieved from /home/airflow/sandbox/lib/python3.8/site-packages/airflow/example_dags/tutorial_taskflow_api_etl.py
[2022-03-21 05:33:20,044] {logging_mixin.py:104} INFO - [2022-03-21 05:33:20,044] {dag.py:1832} INFO - Sync 1 DAGs
[2022-03-21 05:33:20,059] {logging_mixin.py:104} INFO - [2022-03-21 05:33:20,059] {dag.py:2305} INFO - Setting next_dagrun for tutorial_taskflow_api_etl to None
[2022-03-21 05:33:20,115] {scheduler_job.py:190} INFO - Processing /home/airflow/sandbox/lib/python3.8/site-packages/airflow/example_dags/tutorial_taskflow_api_etl.py took 0.639 seconds
[2022-03-21 05:34:02,297] {scheduler_job.py:182} INFO - Started process (PID=10099) to work on /home/airflow/sandbox/lib/python3.8/site-packages/airflow/example_dags/tutorial_taskflow_api_etl.py
[2022-03-21 05:34:02,299] {scheduler_job.py:633} INFO - Processing file /home/airflow/sandbox/lib/python3.8/site-packages/airflow/example_dags/tutorial_taskflow_api_etl.py for tasks to queue
[2022-03-21 05:34:02,300] {logging_mixin.py:104} INFO - [2022-03-21 05:34:02,300] {dagbag.py:487} INFO - Filling up the DagBag from /home/airflow/sandbox/lib/python3.8/site-packages/airflow/example_dags/tutorial_taskflow_api_etl.py
[2022-03-21 05:34:02,321] {scheduler_job.py:643} INFO - DAG(s) dict_keys(['tutorial_taskflow_api_etl']) retrieved from /home/airflow/sandbox/lib/python3.8/site-packages/airflow/example_dags/tutorial_taskflow_api_etl.py
[2022-03-21 05:34:02,927] {logging_mixin.py:104} INFO - [2022-03-21 05:34:02,927] {dag.py:1832} INFO - Sync 1 DAGs
[2022-03-21 05:34:02,945] {logging_mixin.py:104} INFO - [2022-03-21 05:34:02,944] {dag.py:2305} INFO - Setting next_dagrun for tutorial_taskflow_api_etl to None
[2022-03-21 05:34:02,981] {scheduler_job.py:190} INFO - Processing /home/airflow/sandbox/lib/python3.8/site-packages/airflow/example_dags/tutorial_taskflow_api_etl.py took 0.691 seconds
[2022-03-21 05:34:48,508] {scheduler_job.py:182} INFO - Started process (PID=10133) to work on /home/airflow/sandbox/lib/python3.8/site-packages/airflow/example_dags/tutorial_taskflow_api_etl.py
[2022-03-21 05:34:48,512] {scheduler_job.py:633} INFO - Processing file /home/airflow/sandbox/lib/python3.8/site-packages/airflow/example_dags/tutorial_taskflow_api_etl.py for tasks to queue
[2022-03-21 05:34:48,514] {logging_mixin.py:104} INFO - [2022-03-21 05:34:48,513] {dagbag.py:487} INFO - Filling up the DagBag from /home/airflow/sandbox/lib/python3.8/site-packages/airflow/example_dags/tutorial_taskflow_api_etl.py
[2022-03-21 05:34:48,555] {scheduler_job.py:643} INFO - DAG(s) dict_keys(['tutorial_taskflow_api_etl']) retrieved from /home/airflow/sandbox/lib/python3.8/site-packages/airflow/example_dags/tutorial_taskflow_api_etl.py
[2022-03-21 05:34:49,436] {logging_mixin.py:104} INFO - [2022-03-21 05:34:49,436] {dag.py:1832} INFO - Sync 1 DAGs
[2022-03-21 05:34:49,457] {logging_mixin.py:104} INFO - [2022-03-21 05:34:49,456] {dag.py:2305} INFO - Setting next_dagrun for tutorial_taskflow_api_etl to None
[2022-03-21 05:34:49,515] {scheduler_job.py:190} INFO - Processing /home/airflow/sandbox/lib/python3.8/site-packages/airflow/example_dags/tutorial_taskflow_api_etl.py took 1.017 seconds
[2022-03-21 05:35:34,376] {scheduler_job.py:182} INFO - Started process (PID=10224) to work on /home/airflow/sandbox/lib/python3.8/site-packages/airflow/example_dags/tutorial_taskflow_api_etl.py
[2022-03-21 05:35:34,381] {scheduler_job.py:633} INFO - Processing file /home/airflow/sandbox/lib/python3.8/site-packages/airflow/example_dags/tutorial_taskflow_api_etl.py for tasks to queue
[2022-03-21 05:35:34,383] {logging_mixin.py:104} INFO - [2022-03-21 05:35:34,382] {dagbag.py:487} INFO - Filling up the DagBag from /home/airflow/sandbox/lib/python3.8/site-packages/airflow/example_dags/tutorial_taskflow_api_etl.py
[2022-03-21 05:35:34,404] {scheduler_job.py:643} INFO - DAG(s) dict_keys(['tutorial_taskflow_api_etl']) retrieved from /home/airflow/sandbox/lib/python3.8/site-packages/airflow/example_dags/tutorial_taskflow_api_etl.py
[2022-03-21 05:35:35,379] {logging_mixin.py:104} INFO - [2022-03-21 05:35:35,379] {dag.py:1832} INFO - Sync 1 DAGs
[2022-03-21 05:35:35,419] {logging_mixin.py:104} INFO - [2022-03-21 05:35:35,418] {dag.py:2305} INFO - Setting next_dagrun for tutorial_taskflow_api_etl to None
[2022-03-21 05:35:35,476] {scheduler_job.py:190} INFO - Processing /home/airflow/sandbox/lib/python3.8/site-packages/airflow/example_dags/tutorial_taskflow_api_etl.py took 1.109 seconds
[2022-03-21 05:36:23,155] {scheduler_job.py:182} INFO - Started process (PID=10258) to work on /home/airflow/sandbox/lib/python3.8/site-packages/airflow/example_dags/tutorial_taskflow_api_etl.py
[2022-03-21 05:36:23,158] {scheduler_job.py:633} INFO - Processing file /home/airflow/sandbox/lib/python3.8/site-packages/airflow/example_dags/tutorial_taskflow_api_etl.py for tasks to queue
[2022-03-21 05:36:23,160] {logging_mixin.py:104} INFO - [2022-03-21 05:36:23,159] {dagbag.py:487} INFO - Filling up the DagBag from /home/airflow/sandbox/lib/python3.8/site-packages/airflow/example_dags/tutorial_taskflow_api_etl.py
[2022-03-21 05:36:23,184] {scheduler_job.py:643} INFO - DAG(s) dict_keys(['tutorial_taskflow_api_etl']) retrieved from /home/airflow/sandbox/lib/python3.8/site-packages/airflow/example_dags/tutorial_taskflow_api_etl.py
[2022-03-21 05:36:23,733] {logging_mixin.py:104} INFO - [2022-03-21 05:36:23,733] {dag.py:1832} INFO - Sync 1 DAGs
[2022-03-21 05:36:23,749] {logging_mixin.py:104} INFO - [2022-03-21 05:36:23,749] {dag.py:2305} INFO - Setting next_dagrun for tutorial_taskflow_api_etl to None
[2022-03-21 05:36:23,791] {scheduler_job.py:190} INFO - Processing /home/airflow/sandbox/lib/python3.8/site-packages/airflow/example_dags/tutorial_taskflow_api_etl.py took 0.643 seconds
[2022-03-21 05:37:08,113] {scheduler_job.py:182} INFO - Started process (PID=10291) to work on /home/airflow/sandbox/lib/python3.8/site-packages/airflow/example_dags/tutorial_taskflow_api_etl.py
[2022-03-21 05:37:08,116] {scheduler_job.py:633} INFO - Processing file /home/airflow/sandbox/lib/python3.8/site-packages/airflow/example_dags/tutorial_taskflow_api_etl.py for tasks to queue
[2022-03-21 05:37:08,120] {logging_mixin.py:104} INFO - [2022-03-21 05:37:08,120] {dagbag.py:487} INFO - Filling up the DagBag from /home/airflow/sandbox/lib/python3.8/site-packages/airflow/example_dags/tutorial_taskflow_api_etl.py
[2022-03-21 05:37:08,143] {scheduler_job.py:643} INFO - DAG(s) dict_keys(['tutorial_taskflow_api_etl']) retrieved from /home/airflow/sandbox/lib/python3.8/site-packages/airflow/example_dags/tutorial_taskflow_api_etl.py
[2022-03-21 05:37:08,817] {logging_mixin.py:104} INFO - [2022-03-21 05:37:08,816] {dag.py:1832} INFO - Sync 1 DAGs
[2022-03-21 05:37:08,846] {logging_mixin.py:104} INFO - [2022-03-21 05:37:08,846] {dag.py:2305} INFO - Setting next_dagrun for tutorial_taskflow_api_etl to None
[2022-03-21 05:37:08,893] {scheduler_job.py:190} INFO - Processing /home/airflow/sandbox/lib/python3.8/site-packages/airflow/example_dags/tutorial_taskflow_api_etl.py took 0.788 seconds
[2022-03-21 05:37:52,782] {scheduler_job.py:182} INFO - Started process (PID=10325) to work on /home/airflow/sandbox/lib/python3.8/site-packages/airflow/example_dags/tutorial_taskflow_api_etl.py
[2022-03-21 05:37:52,784] {scheduler_job.py:633} INFO - Processing file /home/airflow/sandbox/lib/python3.8/site-packages/airflow/example_dags/tutorial_taskflow_api_etl.py for tasks to queue
[2022-03-21 05:37:52,785] {logging_mixin.py:104} INFO - [2022-03-21 05:37:52,785] {dagbag.py:487} INFO - Filling up the DagBag from /home/airflow/sandbox/lib/python3.8/site-packages/airflow/example_dags/tutorial_taskflow_api_etl.py
[2022-03-21 05:37:52,808] {scheduler_job.py:643} INFO - DAG(s) dict_keys(['tutorial_taskflow_api_etl']) retrieved from /home/airflow/sandbox/lib/python3.8/site-packages/airflow/example_dags/tutorial_taskflow_api_etl.py
[2022-03-21 05:37:53,326] {logging_mixin.py:104} INFO - [2022-03-21 05:37:53,326] {dag.py:1832} INFO - Sync 1 DAGs
[2022-03-21 05:37:53,347] {logging_mixin.py:104} INFO - [2022-03-21 05:37:53,347] {dag.py:2305} INFO - Setting next_dagrun for tutorial_taskflow_api_etl to None
[2022-03-21 05:37:53,384] {scheduler_job.py:190} INFO - Processing /home/airflow/sandbox/lib/python3.8/site-packages/airflow/example_dags/tutorial_taskflow_api_etl.py took 0.610 seconds
[2022-03-21 05:38:34,099] {scheduler_job.py:182} INFO - Started process (PID=10359) to work on /home/airflow/sandbox/lib/python3.8/site-packages/airflow/example_dags/tutorial_taskflow_api_etl.py
[2022-03-21 05:38:34,101] {scheduler_job.py:633} INFO - Processing file /home/airflow/sandbox/lib/python3.8/site-packages/airflow/example_dags/tutorial_taskflow_api_etl.py for tasks to queue
[2022-03-21 05:38:34,102] {logging_mixin.py:104} INFO - [2022-03-21 05:38:34,102] {dagbag.py:487} INFO - Filling up the DagBag from /home/airflow/sandbox/lib/python3.8/site-packages/airflow/example_dags/tutorial_taskflow_api_etl.py
[2022-03-21 05:38:34,129] {scheduler_job.py:643} INFO - DAG(s) dict_keys(['tutorial_taskflow_api_etl']) retrieved from /home/airflow/sandbox/lib/python3.8/site-packages/airflow/example_dags/tutorial_taskflow_api_etl.py
[2022-03-21 05:38:34,633] {logging_mixin.py:104} INFO - [2022-03-21 05:38:34,633] {dag.py:1832} INFO - Sync 1 DAGs
[2022-03-21 05:38:34,649] {logging_mixin.py:104} INFO - [2022-03-21 05:38:34,649] {dag.py:2305} INFO - Setting next_dagrun for tutorial_taskflow_api_etl to None
[2022-03-21 05:38:34,688] {scheduler_job.py:190} INFO - Processing /home/airflow/sandbox/lib/python3.8/site-packages/airflow/example_dags/tutorial_taskflow_api_etl.py took 0.595 seconds
[2022-03-21 05:39:17,781] {scheduler_job.py:182} INFO - Started process (PID=10390) to work on /home/airflow/sandbox/lib/python3.8/site-packages/airflow/example_dags/tutorial_taskflow_api_etl.py
[2022-03-21 05:39:17,784] {scheduler_job.py:633} INFO - Processing file /home/airflow/sandbox/lib/python3.8/site-packages/airflow/example_dags/tutorial_taskflow_api_etl.py for tasks to queue
[2022-03-21 05:39:17,786] {logging_mixin.py:104} INFO - [2022-03-21 05:39:17,786] {dagbag.py:487} INFO - Filling up the DagBag from /home/airflow/sandbox/lib/python3.8/site-packages/airflow/example_dags/tutorial_taskflow_api_etl.py
[2022-03-21 05:39:17,828] {scheduler_job.py:643} INFO - DAG(s) dict_keys(['tutorial_taskflow_api_etl']) retrieved from /home/airflow/sandbox/lib/python3.8/site-packages/airflow/example_dags/tutorial_taskflow_api_etl.py
[2022-03-21 05:39:19,134] {logging_mixin.py:104} INFO - [2022-03-21 05:39:19,133] {dag.py:1832} INFO - Sync 1 DAGs
[2022-03-21 05:39:19,157] {logging_mixin.py:104} INFO - [2022-03-21 05:39:19,157] {dag.py:2305} INFO - Setting next_dagrun for tutorial_taskflow_api_etl to None
[2022-03-21 05:39:19,213] {scheduler_job.py:190} INFO - Processing /home/airflow/sandbox/lib/python3.8/site-packages/airflow/example_dags/tutorial_taskflow_api_etl.py took 1.441 seconds
[2022-03-21 05:40:01,840] {scheduler_job.py:182} INFO - Started process (PID=10423) to work on /home/airflow/sandbox/lib/python3.8/site-packages/airflow/example_dags/tutorial_taskflow_api_etl.py
[2022-03-21 05:40:01,843] {scheduler_job.py:633} INFO - Processing file /home/airflow/sandbox/lib/python3.8/site-packages/airflow/example_dags/tutorial_taskflow_api_etl.py for tasks to queue
[2022-03-21 05:40:01,849] {logging_mixin.py:104} INFO - [2022-03-21 05:40:01,849] {dagbag.py:487} INFO - Filling up the DagBag from /home/airflow/sandbox/lib/python3.8/site-packages/airflow/example_dags/tutorial_taskflow_api_etl.py
[2022-03-21 05:40:01,885] {scheduler_job.py:643} INFO - DAG(s) dict_keys(['tutorial_taskflow_api_etl']) retrieved from /home/airflow/sandbox/lib/python3.8/site-packages/airflow/example_dags/tutorial_taskflow_api_etl.py
[2022-03-21 05:40:02,734] {logging_mixin.py:104} INFO - [2022-03-21 05:40:02,733] {dag.py:1832} INFO - Sync 1 DAGs
[2022-03-21 05:40:02,761] {logging_mixin.py:104} INFO - [2022-03-21 05:40:02,760] {dag.py:2305} INFO - Setting next_dagrun for tutorial_taskflow_api_etl to None
[2022-03-21 05:40:02,821] {scheduler_job.py:190} INFO - Processing /home/airflow/sandbox/lib/python3.8/site-packages/airflow/example_dags/tutorial_taskflow_api_etl.py took 0.992 seconds
[2022-03-21 05:40:39,956] {scheduler_job.py:182} INFO - Started process (PID=10508) to work on /home/airflow/sandbox/lib/python3.8/site-packages/airflow/example_dags/tutorial_taskflow_api_etl.py
[2022-03-21 05:40:39,959] {scheduler_job.py:633} INFO - Processing file /home/airflow/sandbox/lib/python3.8/site-packages/airflow/example_dags/tutorial_taskflow_api_etl.py for tasks to queue
[2022-03-21 05:40:39,960] {logging_mixin.py:104} INFO - [2022-03-21 05:40:39,960] {dagbag.py:487} INFO - Filling up the DagBag from /home/airflow/sandbox/lib/python3.8/site-packages/airflow/example_dags/tutorial_taskflow_api_etl.py
[2022-03-21 05:40:39,993] {scheduler_job.py:643} INFO - DAG(s) dict_keys(['tutorial_taskflow_api_etl']) retrieved from /home/airflow/sandbox/lib/python3.8/site-packages/airflow/example_dags/tutorial_taskflow_api_etl.py
[2022-03-21 05:40:40,712] {logging_mixin.py:104} INFO - [2022-03-21 05:40:40,712] {dag.py:1832} INFO - Sync 1 DAGs
[2022-03-21 05:40:40,739] {logging_mixin.py:104} INFO - [2022-03-21 05:40:40,739] {dag.py:2305} INFO - Setting next_dagrun for tutorial_taskflow_api_etl to None
[2022-03-21 05:40:40,792] {scheduler_job.py:190} INFO - Processing /home/airflow/sandbox/lib/python3.8/site-packages/airflow/example_dags/tutorial_taskflow_api_etl.py took 0.842 seconds
[2022-03-21 05:41:24,211] {scheduler_job.py:182} INFO - Started process (PID=10542) to work on /home/airflow/sandbox/lib/python3.8/site-packages/airflow/example_dags/tutorial_taskflow_api_etl.py
[2022-03-21 05:41:24,215] {scheduler_job.py:633} INFO - Processing file /home/airflow/sandbox/lib/python3.8/site-packages/airflow/example_dags/tutorial_taskflow_api_etl.py for tasks to queue
[2022-03-21 05:41:24,217] {logging_mixin.py:104} INFO - [2022-03-21 05:41:24,216] {dagbag.py:487} INFO - Filling up the DagBag from /home/airflow/sandbox/lib/python3.8/site-packages/airflow/example_dags/tutorial_taskflow_api_etl.py
[2022-03-21 05:41:24,245] {scheduler_job.py:643} INFO - DAG(s) dict_keys(['tutorial_taskflow_api_etl']) retrieved from /home/airflow/sandbox/lib/python3.8/site-packages/airflow/example_dags/tutorial_taskflow_api_etl.py
[2022-03-21 05:41:25,105] {logging_mixin.py:104} INFO - [2022-03-21 05:41:25,104] {dag.py:1832} INFO - Sync 1 DAGs
[2022-03-21 05:41:25,135] {logging_mixin.py:104} INFO - [2022-03-21 05:41:25,135] {dag.py:2305} INFO - Setting next_dagrun for tutorial_taskflow_api_etl to None
[2022-03-21 05:41:25,202] {scheduler_job.py:190} INFO - Processing /home/airflow/sandbox/lib/python3.8/site-packages/airflow/example_dags/tutorial_taskflow_api_etl.py took 0.998 seconds
[2022-03-21 05:42:06,747] {scheduler_job.py:182} INFO - Started process (PID=10572) to work on /home/airflow/sandbox/lib/python3.8/site-packages/airflow/example_dags/tutorial_taskflow_api_etl.py
[2022-03-21 05:42:06,753] {scheduler_job.py:633} INFO - Processing file /home/airflow/sandbox/lib/python3.8/site-packages/airflow/example_dags/tutorial_taskflow_api_etl.py for tasks to queue
[2022-03-21 05:42:06,756] {logging_mixin.py:104} INFO - [2022-03-21 05:42:06,756] {dagbag.py:487} INFO - Filling up the DagBag from /home/airflow/sandbox/lib/python3.8/site-packages/airflow/example_dags/tutorial_taskflow_api_etl.py
[2022-03-21 05:42:06,797] {scheduler_job.py:643} INFO - DAG(s) dict_keys(['tutorial_taskflow_api_etl']) retrieved from /home/airflow/sandbox/lib/python3.8/site-packages/airflow/example_dags/tutorial_taskflow_api_etl.py
[2022-03-21 05:42:07,681] {logging_mixin.py:104} INFO - [2022-03-21 05:42:07,681] {dag.py:1832} INFO - Sync 1 DAGs
[2022-03-21 05:42:07,703] {logging_mixin.py:104} INFO - [2022-03-21 05:42:07,703] {dag.py:2305} INFO - Setting next_dagrun for tutorial_taskflow_api_etl to None
[2022-03-21 05:42:07,751] {scheduler_job.py:190} INFO - Processing /home/airflow/sandbox/lib/python3.8/site-packages/airflow/example_dags/tutorial_taskflow_api_etl.py took 1.013 seconds
[2022-03-21 05:42:53,966] {scheduler_job.py:182} INFO - Started process (PID=10606) to work on /home/airflow/sandbox/lib/python3.8/site-packages/airflow/example_dags/tutorial_taskflow_api_etl.py
[2022-03-21 05:42:53,968] {scheduler_job.py:633} INFO - Processing file /home/airflow/sandbox/lib/python3.8/site-packages/airflow/example_dags/tutorial_taskflow_api_etl.py for tasks to queue
[2022-03-21 05:42:53,970] {logging_mixin.py:104} INFO - [2022-03-21 05:42:53,969] {dagbag.py:487} INFO - Filling up the DagBag from /home/airflow/sandbox/lib/python3.8/site-packages/airflow/example_dags/tutorial_taskflow_api_etl.py
[2022-03-21 05:42:54,004] {scheduler_job.py:643} INFO - DAG(s) dict_keys(['tutorial_taskflow_api_etl']) retrieved from /home/airflow/sandbox/lib/python3.8/site-packages/airflow/example_dags/tutorial_taskflow_api_etl.py
[2022-03-21 05:42:54,633] {logging_mixin.py:104} INFO - [2022-03-21 05:42:54,633] {dag.py:1832} INFO - Sync 1 DAGs
[2022-03-21 05:42:54,653] {logging_mixin.py:104} INFO - [2022-03-21 05:42:54,653] {dag.py:2305} INFO - Setting next_dagrun for tutorial_taskflow_api_etl to None
[2022-03-21 05:42:54,698] {scheduler_job.py:190} INFO - Processing /home/airflow/sandbox/lib/python3.8/site-packages/airflow/example_dags/tutorial_taskflow_api_etl.py took 0.740 seconds
[2022-03-21 05:43:48,076] {scheduler_job.py:182} INFO - Started process (PID=10643) to work on /home/airflow/sandbox/lib/python3.8/site-packages/airflow/example_dags/tutorial_taskflow_api_etl.py
[2022-03-21 05:43:48,079] {scheduler_job.py:633} INFO - Processing file /home/airflow/sandbox/lib/python3.8/site-packages/airflow/example_dags/tutorial_taskflow_api_etl.py for tasks to queue
[2022-03-21 05:43:48,082] {logging_mixin.py:104} INFO - [2022-03-21 05:43:48,082] {dagbag.py:487} INFO - Filling up the DagBag from /home/airflow/sandbox/lib/python3.8/site-packages/airflow/example_dags/tutorial_taskflow_api_etl.py
[2022-03-21 05:43:48,119] {scheduler_job.py:643} INFO - DAG(s) dict_keys(['tutorial_taskflow_api_etl']) retrieved from /home/airflow/sandbox/lib/python3.8/site-packages/airflow/example_dags/tutorial_taskflow_api_etl.py
[2022-03-21 05:43:48,882] {logging_mixin.py:104} INFO - [2022-03-21 05:43:48,882] {dag.py:1832} INFO - Sync 1 DAGs
[2022-03-21 05:43:48,904] {logging_mixin.py:104} INFO - [2022-03-21 05:43:48,904] {dag.py:2305} INFO - Setting next_dagrun for tutorial_taskflow_api_etl to None
[2022-03-21 05:43:48,954] {scheduler_job.py:190} INFO - Processing /home/airflow/sandbox/lib/python3.8/site-packages/airflow/example_dags/tutorial_taskflow_api_etl.py took 0.886 seconds
[2022-03-21 05:44:42,302] {scheduler_job.py:182} INFO - Started process (PID=10681) to work on /home/airflow/sandbox/lib/python3.8/site-packages/airflow/example_dags/tutorial_taskflow_api_etl.py
[2022-03-21 05:44:42,308] {scheduler_job.py:633} INFO - Processing file /home/airflow/sandbox/lib/python3.8/site-packages/airflow/example_dags/tutorial_taskflow_api_etl.py for tasks to queue
[2022-03-21 05:44:42,309] {logging_mixin.py:104} INFO - [2022-03-21 05:44:42,309] {dagbag.py:487} INFO - Filling up the DagBag from /home/airflow/sandbox/lib/python3.8/site-packages/airflow/example_dags/tutorial_taskflow_api_etl.py
[2022-03-21 05:44:42,330] {scheduler_job.py:643} INFO - DAG(s) dict_keys(['tutorial_taskflow_api_etl']) retrieved from /home/airflow/sandbox/lib/python3.8/site-packages/airflow/example_dags/tutorial_taskflow_api_etl.py
[2022-03-21 05:44:42,909] {logging_mixin.py:104} INFO - [2022-03-21 05:44:42,908] {dag.py:1832} INFO - Sync 1 DAGs
[2022-03-21 05:44:42,926] {logging_mixin.py:104} INFO - [2022-03-21 05:44:42,926] {dag.py:2305} INFO - Setting next_dagrun for tutorial_taskflow_api_etl to None
[2022-03-21 05:44:42,963] {scheduler_job.py:190} INFO - Processing /home/airflow/sandbox/lib/python3.8/site-packages/airflow/example_dags/tutorial_taskflow_api_etl.py took 0.667 seconds
[2022-03-21 05:45:31,530] {scheduler_job.py:182} INFO - Started process (PID=10772) to work on /home/airflow/sandbox/lib/python3.8/site-packages/airflow/example_dags/tutorial_taskflow_api_etl.py
[2022-03-21 05:45:31,532] {scheduler_job.py:633} INFO - Processing file /home/airflow/sandbox/lib/python3.8/site-packages/airflow/example_dags/tutorial_taskflow_api_etl.py for tasks to queue
[2022-03-21 05:45:31,533] {logging_mixin.py:104} INFO - [2022-03-21 05:45:31,533] {dagbag.py:487} INFO - Filling up the DagBag from /home/airflow/sandbox/lib/python3.8/site-packages/airflow/example_dags/tutorial_taskflow_api_etl.py
[2022-03-21 05:45:31,562] {scheduler_job.py:643} INFO - DAG(s) dict_keys(['tutorial_taskflow_api_etl']) retrieved from /home/airflow/sandbox/lib/python3.8/site-packages/airflow/example_dags/tutorial_taskflow_api_etl.py
[2022-03-21 05:45:32,180] {logging_mixin.py:104} INFO - [2022-03-21 05:45:32,180] {dag.py:1832} INFO - Sync 1 DAGs
[2022-03-21 05:45:32,202] {logging_mixin.py:104} INFO - [2022-03-21 05:45:32,202] {dag.py:2305} INFO - Setting next_dagrun for tutorial_taskflow_api_etl to None
[2022-03-21 05:45:32,298] {scheduler_job.py:190} INFO - Processing /home/airflow/sandbox/lib/python3.8/site-packages/airflow/example_dags/tutorial_taskflow_api_etl.py took 0.776 seconds
[2022-03-21 05:46:15,688] {scheduler_job.py:182} INFO - Started process (PID=10863) to work on /home/airflow/sandbox/lib/python3.8/site-packages/airflow/example_dags/tutorial_taskflow_api_etl.py
[2022-03-21 05:46:15,692] {scheduler_job.py:633} INFO - Processing file /home/airflow/sandbox/lib/python3.8/site-packages/airflow/example_dags/tutorial_taskflow_api_etl.py for tasks to queue
[2022-03-21 05:46:15,695] {logging_mixin.py:104} INFO - [2022-03-21 05:46:15,694] {dagbag.py:487} INFO - Filling up the DagBag from /home/airflow/sandbox/lib/python3.8/site-packages/airflow/example_dags/tutorial_taskflow_api_etl.py
[2022-03-21 05:46:15,727] {scheduler_job.py:643} INFO - DAG(s) dict_keys(['tutorial_taskflow_api_etl']) retrieved from /home/airflow/sandbox/lib/python3.8/site-packages/airflow/example_dags/tutorial_taskflow_api_etl.py
[2022-03-21 05:46:16,309] {logging_mixin.py:104} INFO - [2022-03-21 05:46:16,309] {dag.py:1832} INFO - Sync 1 DAGs
[2022-03-21 05:46:16,327] {logging_mixin.py:104} INFO - [2022-03-21 05:46:16,325] {dag.py:2305} INFO - Setting next_dagrun for tutorial_taskflow_api_etl to None
[2022-03-21 05:46:16,364] {scheduler_job.py:190} INFO - Processing /home/airflow/sandbox/lib/python3.8/site-packages/airflow/example_dags/tutorial_taskflow_api_etl.py took 0.682 seconds
[2022-03-21 05:47:36,877] {scheduler_job.py:182} INFO - Started process (PID=11603) to work on /home/airflow/sandbox/lib/python3.8/site-packages/airflow/example_dags/tutorial_taskflow_api_etl.py
[2022-03-21 05:47:36,895] {scheduler_job.py:633} INFO - Processing file /home/airflow/sandbox/lib/python3.8/site-packages/airflow/example_dags/tutorial_taskflow_api_etl.py for tasks to queue
[2022-03-21 05:47:36,898] {logging_mixin.py:104} INFO - [2022-03-21 05:47:36,898] {dagbag.py:487} INFO - Filling up the DagBag from /home/airflow/sandbox/lib/python3.8/site-packages/airflow/example_dags/tutorial_taskflow_api_etl.py
[2022-03-21 05:47:36,946] {scheduler_job.py:643} INFO - DAG(s) dict_keys(['tutorial_taskflow_api_etl']) retrieved from /home/airflow/sandbox/lib/python3.8/site-packages/airflow/example_dags/tutorial_taskflow_api_etl.py
[2022-03-21 05:47:38,362] {logging_mixin.py:104} INFO - [2022-03-21 05:47:38,362] {dag.py:1832} INFO - Sync 1 DAGs
[2022-03-21 05:47:38,403] {logging_mixin.py:104} INFO - [2022-03-21 05:47:38,402] {dag.py:2305} INFO - Setting next_dagrun for tutorial_taskflow_api_etl to None
[2022-03-21 05:47:38,508] {scheduler_job.py:190} INFO - Processing /home/airflow/sandbox/lib/python3.8/site-packages/airflow/example_dags/tutorial_taskflow_api_etl.py took 1.663 seconds
[2022-03-21 05:48:22,473] {scheduler_job.py:182} INFO - Started process (PID=11861) to work on /home/airflow/sandbox/lib/python3.8/site-packages/airflow/example_dags/tutorial_taskflow_api_etl.py
[2022-03-21 05:48:22,475] {scheduler_job.py:633} INFO - Processing file /home/airflow/sandbox/lib/python3.8/site-packages/airflow/example_dags/tutorial_taskflow_api_etl.py for tasks to queue
[2022-03-21 05:48:22,477] {logging_mixin.py:104} INFO - [2022-03-21 05:48:22,477] {dagbag.py:487} INFO - Filling up the DagBag from /home/airflow/sandbox/lib/python3.8/site-packages/airflow/example_dags/tutorial_taskflow_api_etl.py
[2022-03-21 05:48:22,500] {scheduler_job.py:643} INFO - DAG(s) dict_keys(['tutorial_taskflow_api_etl']) retrieved from /home/airflow/sandbox/lib/python3.8/site-packages/airflow/example_dags/tutorial_taskflow_api_etl.py
[2022-03-21 05:48:23,177] {logging_mixin.py:104} INFO - [2022-03-21 05:48:23,177] {dag.py:1832} INFO - Sync 1 DAGs
[2022-03-21 05:48:23,196] {logging_mixin.py:104} INFO - [2022-03-21 05:48:23,196] {dag.py:2305} INFO - Setting next_dagrun for tutorial_taskflow_api_etl to None
[2022-03-21 05:48:23,251] {scheduler_job.py:190} INFO - Processing /home/airflow/sandbox/lib/python3.8/site-packages/airflow/example_dags/tutorial_taskflow_api_etl.py took 0.788 seconds
[2022-03-21 05:49:12,678] {scheduler_job.py:182} INFO - Started process (PID=12046) to work on /home/airflow/sandbox/lib/python3.8/site-packages/airflow/example_dags/tutorial_taskflow_api_etl.py
[2022-03-21 05:49:12,688] {scheduler_job.py:633} INFO - Processing file /home/airflow/sandbox/lib/python3.8/site-packages/airflow/example_dags/tutorial_taskflow_api_etl.py for tasks to queue
[2022-03-21 05:49:12,690] {logging_mixin.py:104} INFO - [2022-03-21 05:49:12,690] {dagbag.py:487} INFO - Filling up the DagBag from /home/airflow/sandbox/lib/python3.8/site-packages/airflow/example_dags/tutorial_taskflow_api_etl.py
[2022-03-21 05:49:12,714] {scheduler_job.py:643} INFO - DAG(s) dict_keys(['tutorial_taskflow_api_etl']) retrieved from /home/airflow/sandbox/lib/python3.8/site-packages/airflow/example_dags/tutorial_taskflow_api_etl.py
[2022-03-21 05:49:13,323] {logging_mixin.py:104} INFO - [2022-03-21 05:49:13,323] {dag.py:1832} INFO - Sync 1 DAGs
[2022-03-21 05:49:13,341] {logging_mixin.py:104} INFO - [2022-03-21 05:49:13,341] {dag.py:2305} INFO - Setting next_dagrun for tutorial_taskflow_api_etl to None
[2022-03-21 05:49:13,384] {scheduler_job.py:190} INFO - Processing /home/airflow/sandbox/lib/python3.8/site-packages/airflow/example_dags/tutorial_taskflow_api_etl.py took 0.716 seconds
[2022-03-21 05:50:01,806] {scheduler_job.py:182} INFO - Started process (PID=12160) to work on /home/airflow/sandbox/lib/python3.8/site-packages/airflow/example_dags/tutorial_taskflow_api_etl.py
[2022-03-21 05:50:01,810] {scheduler_job.py:633} INFO - Processing file /home/airflow/sandbox/lib/python3.8/site-packages/airflow/example_dags/tutorial_taskflow_api_etl.py for tasks to queue
[2022-03-21 05:50:01,811] {logging_mixin.py:104} INFO - [2022-03-21 05:50:01,811] {dagbag.py:487} INFO - Filling up the DagBag from /home/airflow/sandbox/lib/python3.8/site-packages/airflow/example_dags/tutorial_taskflow_api_etl.py
[2022-03-21 05:50:01,846] {scheduler_job.py:643} INFO - DAG(s) dict_keys(['tutorial_taskflow_api_etl']) retrieved from /home/airflow/sandbox/lib/python3.8/site-packages/airflow/example_dags/tutorial_taskflow_api_etl.py
[2022-03-21 05:50:02,576] {logging_mixin.py:104} INFO - [2022-03-21 05:50:02,576] {dag.py:1832} INFO - Sync 1 DAGs
[2022-03-21 05:50:02,606] {logging_mixin.py:104} INFO - [2022-03-21 05:50:02,605] {dag.py:2305} INFO - Setting next_dagrun for tutorial_taskflow_api_etl to None
[2022-03-21 05:50:02,705] {scheduler_job.py:190} INFO - Processing /home/airflow/sandbox/lib/python3.8/site-packages/airflow/example_dags/tutorial_taskflow_api_etl.py took 0.905 seconds
