[2022-03-21 05:14:17,883] {scheduler_job.py:182} INFO - Started process (PID=8059) to work on /home/airflow/sandbox/lib/python3.8/site-packages/airflow/example_dags/tutorial.py
[2022-03-21 05:14:17,886] {scheduler_job.py:633} INFO - Processing file /home/airflow/sandbox/lib/python3.8/site-packages/airflow/example_dags/tutorial.py for tasks to queue
[2022-03-21 05:14:17,888] {logging_mixin.py:104} INFO - [2022-03-21 05:14:17,888] {dagbag.py:487} INFO - Filling up the DagBag from /home/airflow/sandbox/lib/python3.8/site-packages/airflow/example_dags/tutorial.py
[2022-03-21 05:14:17,903] {scheduler_job.py:643} INFO - DAG(s) dict_keys(['tutorial']) retrieved from /home/airflow/sandbox/lib/python3.8/site-packages/airflow/example_dags/tutorial.py
[2022-03-21 05:14:18,538] {logging_mixin.py:104} INFO - [2022-03-21 05:14:18,538] {dag.py:1832} INFO - Sync 1 DAGs
[2022-03-21 05:14:18,561] {logging_mixin.py:104} INFO - [2022-03-21 05:14:18,561] {dag.py:2305} INFO - Setting next_dagrun for tutorial to 2022-03-19 00:00:00+00:00
[2022-03-21 05:14:18,638] {scheduler_job.py:190} INFO - Processing /home/airflow/sandbox/lib/python3.8/site-packages/airflow/example_dags/tutorial.py took 0.760 seconds
[2022-03-21 05:15:53,236] {scheduler_job.py:182} INFO - Started process (PID=8646) to work on /home/airflow/sandbox/lib/python3.8/site-packages/airflow/example_dags/tutorial.py
[2022-03-21 05:15:53,242] {scheduler_job.py:633} INFO - Processing file /home/airflow/sandbox/lib/python3.8/site-packages/airflow/example_dags/tutorial.py for tasks to queue
[2022-03-21 05:15:53,243] {logging_mixin.py:104} INFO - [2022-03-21 05:15:53,243] {dagbag.py:487} INFO - Filling up the DagBag from /home/airflow/sandbox/lib/python3.8/site-packages/airflow/example_dags/tutorial.py
[2022-03-21 05:15:53,256] {scheduler_job.py:643} INFO - DAG(s) dict_keys(['tutorial']) retrieved from /home/airflow/sandbox/lib/python3.8/site-packages/airflow/example_dags/tutorial.py
[2022-03-21 05:15:53,286] {logging_mixin.py:104} INFO - [2022-03-21 05:15:53,286] {dag.py:1832} INFO - Sync 1 DAGs
[2022-03-21 05:15:53,309] {logging_mixin.py:104} INFO - [2022-03-21 05:15:53,309] {dag.py:2305} INFO - Setting next_dagrun for tutorial to 2022-03-19 00:00:00+00:00
[2022-03-21 05:15:53,344] {scheduler_job.py:190} INFO - Processing /home/airflow/sandbox/lib/python3.8/site-packages/airflow/example_dags/tutorial.py took 0.114 seconds
[2022-03-21 05:16:39,713] {scheduler_job.py:182} INFO - Started process (PID=8844) to work on /home/airflow/sandbox/lib/python3.8/site-packages/airflow/example_dags/tutorial.py
[2022-03-21 05:16:39,715] {scheduler_job.py:633} INFO - Processing file /home/airflow/sandbox/lib/python3.8/site-packages/airflow/example_dags/tutorial.py for tasks to queue
[2022-03-21 05:16:39,717] {logging_mixin.py:104} INFO - [2022-03-21 05:16:39,716] {dagbag.py:487} INFO - Filling up the DagBag from /home/airflow/sandbox/lib/python3.8/site-packages/airflow/example_dags/tutorial.py
[2022-03-21 05:16:39,734] {scheduler_job.py:643} INFO - DAG(s) dict_keys(['tutorial']) retrieved from /home/airflow/sandbox/lib/python3.8/site-packages/airflow/example_dags/tutorial.py
[2022-03-21 05:16:39,767] {logging_mixin.py:104} INFO - [2022-03-21 05:16:39,767] {dag.py:1832} INFO - Sync 1 DAGs
[2022-03-21 05:16:39,792] {logging_mixin.py:104} INFO - [2022-03-21 05:16:39,791] {dag.py:2305} INFO - Setting next_dagrun for tutorial to 2022-03-19 00:00:00+00:00
[2022-03-21 05:16:40,069] {scheduler_job.py:190} INFO - Processing /home/airflow/sandbox/lib/python3.8/site-packages/airflow/example_dags/tutorial.py took 0.363 seconds
[2022-03-21 05:17:13,894] {scheduler_job.py:182} INFO - Started process (PID=9036) to work on /home/airflow/sandbox/lib/python3.8/site-packages/airflow/example_dags/tutorial.py
[2022-03-21 05:17:13,898] {scheduler_job.py:633} INFO - Processing file /home/airflow/sandbox/lib/python3.8/site-packages/airflow/example_dags/tutorial.py for tasks to queue
[2022-03-21 05:17:13,899] {logging_mixin.py:104} INFO - [2022-03-21 05:17:13,899] {dagbag.py:487} INFO - Filling up the DagBag from /home/airflow/sandbox/lib/python3.8/site-packages/airflow/example_dags/tutorial.py
[2022-03-21 05:17:13,914] {scheduler_job.py:643} INFO - DAG(s) dict_keys(['tutorial']) retrieved from /home/airflow/sandbox/lib/python3.8/site-packages/airflow/example_dags/tutorial.py
[2022-03-21 05:17:13,948] {logging_mixin.py:104} INFO - [2022-03-21 05:17:13,948] {dag.py:1832} INFO - Sync 1 DAGs
[2022-03-21 05:17:13,975] {logging_mixin.py:104} INFO - [2022-03-21 05:17:13,974] {dag.py:2305} INFO - Setting next_dagrun for tutorial to 2022-03-19 00:00:00+00:00
[2022-03-21 05:17:14,009] {scheduler_job.py:190} INFO - Processing /home/airflow/sandbox/lib/python3.8/site-packages/airflow/example_dags/tutorial.py took 0.131 seconds
[2022-03-21 05:17:57,141] {scheduler_job.py:182} INFO - Started process (PID=9160) to work on /home/airflow/sandbox/lib/python3.8/site-packages/airflow/example_dags/tutorial.py
[2022-03-21 05:17:57,143] {scheduler_job.py:633} INFO - Processing file /home/airflow/sandbox/lib/python3.8/site-packages/airflow/example_dags/tutorial.py for tasks to queue
[2022-03-21 05:17:57,144] {logging_mixin.py:104} INFO - [2022-03-21 05:17:57,144] {dagbag.py:487} INFO - Filling up the DagBag from /home/airflow/sandbox/lib/python3.8/site-packages/airflow/example_dags/tutorial.py
[2022-03-21 05:17:57,161] {scheduler_job.py:643} INFO - DAG(s) dict_keys(['tutorial']) retrieved from /home/airflow/sandbox/lib/python3.8/site-packages/airflow/example_dags/tutorial.py
[2022-03-21 05:17:57,192] {logging_mixin.py:104} INFO - [2022-03-21 05:17:57,192] {dag.py:1832} INFO - Sync 1 DAGs
[2022-03-21 05:17:57,215] {logging_mixin.py:104} INFO - [2022-03-21 05:17:57,214] {dag.py:2305} INFO - Setting next_dagrun for tutorial to 2022-03-19 00:00:00+00:00
[2022-03-21 05:17:57,264] {scheduler_job.py:190} INFO - Processing /home/airflow/sandbox/lib/python3.8/site-packages/airflow/example_dags/tutorial.py took 0.130 seconds
[2022-03-21 05:18:36,931] {scheduler_job.py:182} INFO - Started process (PID=9246) to work on /home/airflow/sandbox/lib/python3.8/site-packages/airflow/example_dags/tutorial.py
[2022-03-21 05:18:36,933] {scheduler_job.py:633} INFO - Processing file /home/airflow/sandbox/lib/python3.8/site-packages/airflow/example_dags/tutorial.py for tasks to queue
[2022-03-21 05:18:36,935] {logging_mixin.py:104} INFO - [2022-03-21 05:18:36,934] {dagbag.py:487} INFO - Filling up the DagBag from /home/airflow/sandbox/lib/python3.8/site-packages/airflow/example_dags/tutorial.py
[2022-03-21 05:18:36,952] {scheduler_job.py:643} INFO - DAG(s) dict_keys(['tutorial']) retrieved from /home/airflow/sandbox/lib/python3.8/site-packages/airflow/example_dags/tutorial.py
[2022-03-21 05:18:36,992] {logging_mixin.py:104} INFO - [2022-03-21 05:18:36,992] {dag.py:1832} INFO - Sync 1 DAGs
[2022-03-21 05:18:37,018] {logging_mixin.py:104} INFO - [2022-03-21 05:18:37,018] {dag.py:2305} INFO - Setting next_dagrun for tutorial to 2022-03-19 00:00:00+00:00
[2022-03-21 05:18:37,063] {scheduler_job.py:190} INFO - Processing /home/airflow/sandbox/lib/python3.8/site-packages/airflow/example_dags/tutorial.py took 0.138 seconds
[2022-03-21 05:19:22,999] {scheduler_job.py:182} INFO - Started process (PID=9281) to work on /home/airflow/sandbox/lib/python3.8/site-packages/airflow/example_dags/tutorial.py
[2022-03-21 05:19:23,002] {scheduler_job.py:633} INFO - Processing file /home/airflow/sandbox/lib/python3.8/site-packages/airflow/example_dags/tutorial.py for tasks to queue
[2022-03-21 05:19:23,003] {logging_mixin.py:104} INFO - [2022-03-21 05:19:23,003] {dagbag.py:487} INFO - Filling up the DagBag from /home/airflow/sandbox/lib/python3.8/site-packages/airflow/example_dags/tutorial.py
[2022-03-21 05:19:23,018] {scheduler_job.py:643} INFO - DAG(s) dict_keys(['tutorial']) retrieved from /home/airflow/sandbox/lib/python3.8/site-packages/airflow/example_dags/tutorial.py
[2022-03-21 05:19:23,049] {logging_mixin.py:104} INFO - [2022-03-21 05:19:23,048] {dag.py:1832} INFO - Sync 1 DAGs
[2022-03-21 05:19:23,071] {logging_mixin.py:104} INFO - [2022-03-21 05:19:23,070] {dag.py:2305} INFO - Setting next_dagrun for tutorial to 2022-03-19 00:00:00+00:00
[2022-03-21 05:19:23,105] {scheduler_job.py:190} INFO - Processing /home/airflow/sandbox/lib/python3.8/site-packages/airflow/example_dags/tutorial.py took 0.111 seconds
[2022-03-21 05:20:05,144] {scheduler_job.py:182} INFO - Started process (PID=9314) to work on /home/airflow/sandbox/lib/python3.8/site-packages/airflow/example_dags/tutorial.py
[2022-03-21 05:20:05,146] {scheduler_job.py:633} INFO - Processing file /home/airflow/sandbox/lib/python3.8/site-packages/airflow/example_dags/tutorial.py for tasks to queue
[2022-03-21 05:20:05,149] {logging_mixin.py:104} INFO - [2022-03-21 05:20:05,149] {dagbag.py:487} INFO - Filling up the DagBag from /home/airflow/sandbox/lib/python3.8/site-packages/airflow/example_dags/tutorial.py
[2022-03-21 05:20:05,165] {scheduler_job.py:643} INFO - DAG(s) dict_keys(['tutorial']) retrieved from /home/airflow/sandbox/lib/python3.8/site-packages/airflow/example_dags/tutorial.py
[2022-03-21 05:20:05,196] {logging_mixin.py:104} INFO - [2022-03-21 05:20:05,196] {dag.py:1832} INFO - Sync 1 DAGs
[2022-03-21 05:20:05,217] {logging_mixin.py:104} INFO - [2022-03-21 05:20:05,217] {dag.py:2305} INFO - Setting next_dagrun for tutorial to 2022-03-19 00:00:00+00:00
[2022-03-21 05:20:05,256] {scheduler_job.py:190} INFO - Processing /home/airflow/sandbox/lib/python3.8/site-packages/airflow/example_dags/tutorial.py took 0.122 seconds
[2022-03-21 05:20:51,981] {scheduler_job.py:182} INFO - Started process (PID=9404) to work on /home/airflow/sandbox/lib/python3.8/site-packages/airflow/example_dags/tutorial.py
[2022-03-21 05:20:51,984] {scheduler_job.py:633} INFO - Processing file /home/airflow/sandbox/lib/python3.8/site-packages/airflow/example_dags/tutorial.py for tasks to queue
[2022-03-21 05:20:51,986] {logging_mixin.py:104} INFO - [2022-03-21 05:20:51,986] {dagbag.py:487} INFO - Filling up the DagBag from /home/airflow/sandbox/lib/python3.8/site-packages/airflow/example_dags/tutorial.py
[2022-03-21 05:20:52,009] {scheduler_job.py:643} INFO - DAG(s) dict_keys(['tutorial']) retrieved from /home/airflow/sandbox/lib/python3.8/site-packages/airflow/example_dags/tutorial.py
[2022-03-21 05:20:52,055] {logging_mixin.py:104} INFO - [2022-03-21 05:20:52,055] {dag.py:1832} INFO - Sync 1 DAGs
[2022-03-21 05:20:52,099] {logging_mixin.py:104} INFO - [2022-03-21 05:20:52,099] {dag.py:2305} INFO - Setting next_dagrun for tutorial to 2022-03-19 00:00:00+00:00
[2022-03-21 05:20:52,221] {scheduler_job.py:190} INFO - Processing /home/airflow/sandbox/lib/python3.8/site-packages/airflow/example_dags/tutorial.py took 0.252 seconds
[2022-03-21 05:21:43,910] {scheduler_job.py:182} INFO - Started process (PID=9439) to work on /home/airflow/sandbox/lib/python3.8/site-packages/airflow/example_dags/tutorial.py
[2022-03-21 05:21:43,912] {scheduler_job.py:633} INFO - Processing file /home/airflow/sandbox/lib/python3.8/site-packages/airflow/example_dags/tutorial.py for tasks to queue
[2022-03-21 05:21:43,916] {logging_mixin.py:104} INFO - [2022-03-21 05:21:43,913] {dagbag.py:487} INFO - Filling up the DagBag from /home/airflow/sandbox/lib/python3.8/site-packages/airflow/example_dags/tutorial.py
[2022-03-21 05:21:43,929] {scheduler_job.py:643} INFO - DAG(s) dict_keys(['tutorial']) retrieved from /home/airflow/sandbox/lib/python3.8/site-packages/airflow/example_dags/tutorial.py
[2022-03-21 05:21:43,962] {logging_mixin.py:104} INFO - [2022-03-21 05:21:43,962] {dag.py:1832} INFO - Sync 1 DAGs
[2022-03-21 05:21:43,983] {logging_mixin.py:104} INFO - [2022-03-21 05:21:43,982] {dag.py:2305} INFO - Setting next_dagrun for tutorial to 2022-03-19 00:00:00+00:00
[2022-03-21 05:21:44,015] {scheduler_job.py:190} INFO - Processing /home/airflow/sandbox/lib/python3.8/site-packages/airflow/example_dags/tutorial.py took 0.112 seconds
[2022-03-21 05:22:24,915] {scheduler_job.py:182} INFO - Started process (PID=9470) to work on /home/airflow/sandbox/lib/python3.8/site-packages/airflow/example_dags/tutorial.py
[2022-03-21 05:22:24,917] {scheduler_job.py:633} INFO - Processing file /home/airflow/sandbox/lib/python3.8/site-packages/airflow/example_dags/tutorial.py for tasks to queue
[2022-03-21 05:22:24,919] {logging_mixin.py:104} INFO - [2022-03-21 05:22:24,919] {dagbag.py:487} INFO - Filling up the DagBag from /home/airflow/sandbox/lib/python3.8/site-packages/airflow/example_dags/tutorial.py
[2022-03-21 05:22:24,935] {scheduler_job.py:643} INFO - DAG(s) dict_keys(['tutorial']) retrieved from /home/airflow/sandbox/lib/python3.8/site-packages/airflow/example_dags/tutorial.py
[2022-03-21 05:22:24,969] {logging_mixin.py:104} INFO - [2022-03-21 05:22:24,969] {dag.py:1832} INFO - Sync 1 DAGs
[2022-03-21 05:22:24,989] {logging_mixin.py:104} INFO - [2022-03-21 05:22:24,988] {dag.py:2305} INFO - Setting next_dagrun for tutorial to 2022-03-19 00:00:00+00:00
[2022-03-21 05:22:25,054] {scheduler_job.py:190} INFO - Processing /home/airflow/sandbox/lib/python3.8/site-packages/airflow/example_dags/tutorial.py took 0.150 seconds
[2022-03-21 05:23:06,128] {scheduler_job.py:182} INFO - Started process (PID=9503) to work on /home/airflow/sandbox/lib/python3.8/site-packages/airflow/example_dags/tutorial.py
[2022-03-21 05:23:06,132] {scheduler_job.py:633} INFO - Processing file /home/airflow/sandbox/lib/python3.8/site-packages/airflow/example_dags/tutorial.py for tasks to queue
[2022-03-21 05:23:06,133] {logging_mixin.py:104} INFO - [2022-03-21 05:23:06,133] {dagbag.py:487} INFO - Filling up the DagBag from /home/airflow/sandbox/lib/python3.8/site-packages/airflow/example_dags/tutorial.py
[2022-03-21 05:23:06,168] {scheduler_job.py:643} INFO - DAG(s) dict_keys(['tutorial']) retrieved from /home/airflow/sandbox/lib/python3.8/site-packages/airflow/example_dags/tutorial.py
[2022-03-21 05:23:06,196] {logging_mixin.py:104} INFO - [2022-03-21 05:23:06,195] {dag.py:1832} INFO - Sync 1 DAGs
[2022-03-21 05:23:06,217] {logging_mixin.py:104} INFO - [2022-03-21 05:23:06,217] {dag.py:2305} INFO - Setting next_dagrun for tutorial to 2022-03-19 00:00:00+00:00
[2022-03-21 05:23:06,250] {scheduler_job.py:190} INFO - Processing /home/airflow/sandbox/lib/python3.8/site-packages/airflow/example_dags/tutorial.py took 0.128 seconds
[2022-03-21 05:23:47,543] {scheduler_job.py:182} INFO - Started process (PID=9537) to work on /home/airflow/sandbox/lib/python3.8/site-packages/airflow/example_dags/tutorial.py
[2022-03-21 05:23:47,546] {scheduler_job.py:633} INFO - Processing file /home/airflow/sandbox/lib/python3.8/site-packages/airflow/example_dags/tutorial.py for tasks to queue
[2022-03-21 05:23:47,547] {logging_mixin.py:104} INFO - [2022-03-21 05:23:47,547] {dagbag.py:487} INFO - Filling up the DagBag from /home/airflow/sandbox/lib/python3.8/site-packages/airflow/example_dags/tutorial.py
[2022-03-21 05:23:47,562] {scheduler_job.py:643} INFO - DAG(s) dict_keys(['tutorial']) retrieved from /home/airflow/sandbox/lib/python3.8/site-packages/airflow/example_dags/tutorial.py
[2022-03-21 05:23:47,594] {logging_mixin.py:104} INFO - [2022-03-21 05:23:47,594] {dag.py:1832} INFO - Sync 1 DAGs
[2022-03-21 05:23:47,621] {logging_mixin.py:104} INFO - [2022-03-21 05:23:47,620] {dag.py:2305} INFO - Setting next_dagrun for tutorial to 2022-03-19 00:00:00+00:00
[2022-03-21 05:23:47,656] {scheduler_job.py:190} INFO - Processing /home/airflow/sandbox/lib/python3.8/site-packages/airflow/example_dags/tutorial.py took 0.119 seconds
[2022-03-21 05:24:24,864] {scheduler_job.py:182} INFO - Started process (PID=9566) to work on /home/airflow/sandbox/lib/python3.8/site-packages/airflow/example_dags/tutorial.py
[2022-03-21 05:24:24,866] {scheduler_job.py:633} INFO - Processing file /home/airflow/sandbox/lib/python3.8/site-packages/airflow/example_dags/tutorial.py for tasks to queue
[2022-03-21 05:24:24,867] {logging_mixin.py:104} INFO - [2022-03-21 05:24:24,867] {dagbag.py:487} INFO - Filling up the DagBag from /home/airflow/sandbox/lib/python3.8/site-packages/airflow/example_dags/tutorial.py
[2022-03-21 05:24:24,885] {scheduler_job.py:643} INFO - DAG(s) dict_keys(['tutorial']) retrieved from /home/airflow/sandbox/lib/python3.8/site-packages/airflow/example_dags/tutorial.py
[2022-03-21 05:24:24,912] {logging_mixin.py:104} INFO - [2022-03-21 05:24:24,912] {dag.py:1832} INFO - Sync 1 DAGs
[2022-03-21 05:24:24,937] {logging_mixin.py:104} INFO - [2022-03-21 05:24:24,937] {dag.py:2305} INFO - Setting next_dagrun for tutorial to 2022-03-19 00:00:00+00:00
[2022-03-21 05:24:24,972] {scheduler_job.py:190} INFO - Processing /home/airflow/sandbox/lib/python3.8/site-packages/airflow/example_dags/tutorial.py took 0.114 seconds
[2022-03-21 05:25:09,090] {scheduler_job.py:182} INFO - Started process (PID=9598) to work on /home/airflow/sandbox/lib/python3.8/site-packages/airflow/example_dags/tutorial.py
[2022-03-21 05:25:09,093] {scheduler_job.py:633} INFO - Processing file /home/airflow/sandbox/lib/python3.8/site-packages/airflow/example_dags/tutorial.py for tasks to queue
[2022-03-21 05:25:09,094] {logging_mixin.py:104} INFO - [2022-03-21 05:25:09,094] {dagbag.py:487} INFO - Filling up the DagBag from /home/airflow/sandbox/lib/python3.8/site-packages/airflow/example_dags/tutorial.py
[2022-03-21 05:25:09,113] {scheduler_job.py:643} INFO - DAG(s) dict_keys(['tutorial']) retrieved from /home/airflow/sandbox/lib/python3.8/site-packages/airflow/example_dags/tutorial.py
[2022-03-21 05:25:09,157] {logging_mixin.py:104} INFO - [2022-03-21 05:25:09,157] {dag.py:1832} INFO - Sync 1 DAGs
[2022-03-21 05:25:09,190] {logging_mixin.py:104} INFO - [2022-03-21 05:25:09,189] {dag.py:2305} INFO - Setting next_dagrun for tutorial to 2022-03-19 00:00:00+00:00
[2022-03-21 05:25:09,344] {scheduler_job.py:190} INFO - Processing /home/airflow/sandbox/lib/python3.8/site-packages/airflow/example_dags/tutorial.py took 0.263 seconds
[2022-03-21 05:25:54,067] {scheduler_job.py:182} INFO - Started process (PID=9688) to work on /home/airflow/sandbox/lib/python3.8/site-packages/airflow/example_dags/tutorial.py
[2022-03-21 05:25:54,071] {scheduler_job.py:633} INFO - Processing file /home/airflow/sandbox/lib/python3.8/site-packages/airflow/example_dags/tutorial.py for tasks to queue
[2022-03-21 05:25:54,072] {logging_mixin.py:104} INFO - [2022-03-21 05:25:54,072] {dagbag.py:487} INFO - Filling up the DagBag from /home/airflow/sandbox/lib/python3.8/site-packages/airflow/example_dags/tutorial.py
[2022-03-21 05:25:54,085] {scheduler_job.py:643} INFO - DAG(s) dict_keys(['tutorial']) retrieved from /home/airflow/sandbox/lib/python3.8/site-packages/airflow/example_dags/tutorial.py
[2022-03-21 05:25:54,119] {logging_mixin.py:104} INFO - [2022-03-21 05:25:54,119] {dag.py:1832} INFO - Sync 1 DAGs
[2022-03-21 05:25:54,249] {logging_mixin.py:104} INFO - [2022-03-21 05:25:54,248] {dag.py:2305} INFO - Setting next_dagrun for tutorial to 2022-03-19 00:00:00+00:00
[2022-03-21 05:25:54,281] {scheduler_job.py:190} INFO - Processing /home/airflow/sandbox/lib/python3.8/site-packages/airflow/example_dags/tutorial.py took 0.219 seconds
[2022-03-21 05:26:44,949] {scheduler_job.py:182} INFO - Started process (PID=9724) to work on /home/airflow/sandbox/lib/python3.8/site-packages/airflow/example_dags/tutorial.py
[2022-03-21 05:26:44,960] {scheduler_job.py:633} INFO - Processing file /home/airflow/sandbox/lib/python3.8/site-packages/airflow/example_dags/tutorial.py for tasks to queue
[2022-03-21 05:26:44,969] {logging_mixin.py:104} INFO - [2022-03-21 05:26:44,969] {dagbag.py:487} INFO - Filling up the DagBag from /home/airflow/sandbox/lib/python3.8/site-packages/airflow/example_dags/tutorial.py
[2022-03-21 05:26:45,010] {scheduler_job.py:643} INFO - DAG(s) dict_keys(['tutorial']) retrieved from /home/airflow/sandbox/lib/python3.8/site-packages/airflow/example_dags/tutorial.py
[2022-03-21 05:26:45,089] {logging_mixin.py:104} INFO - [2022-03-21 05:26:45,088] {dag.py:1832} INFO - Sync 1 DAGs
[2022-03-21 05:26:45,373] {logging_mixin.py:104} INFO - [2022-03-21 05:26:45,373] {dag.py:2305} INFO - Setting next_dagrun for tutorial to 2022-03-19 00:00:00+00:00
[2022-03-21 05:26:45,453] {scheduler_job.py:190} INFO - Processing /home/airflow/sandbox/lib/python3.8/site-packages/airflow/example_dags/tutorial.py took 0.586 seconds
[2022-03-21 05:27:35,113] {scheduler_job.py:182} INFO - Started process (PID=9759) to work on /home/airflow/sandbox/lib/python3.8/site-packages/airflow/example_dags/tutorial.py
[2022-03-21 05:27:35,115] {scheduler_job.py:633} INFO - Processing file /home/airflow/sandbox/lib/python3.8/site-packages/airflow/example_dags/tutorial.py for tasks to queue
[2022-03-21 05:27:35,116] {logging_mixin.py:104} INFO - [2022-03-21 05:27:35,116] {dagbag.py:487} INFO - Filling up the DagBag from /home/airflow/sandbox/lib/python3.8/site-packages/airflow/example_dags/tutorial.py
[2022-03-21 05:27:35,139] {scheduler_job.py:643} INFO - DAG(s) dict_keys(['tutorial']) retrieved from /home/airflow/sandbox/lib/python3.8/site-packages/airflow/example_dags/tutorial.py
[2022-03-21 05:27:35,177] {logging_mixin.py:104} INFO - [2022-03-21 05:27:35,177] {dag.py:1832} INFO - Sync 1 DAGs
[2022-03-21 05:27:35,331] {logging_mixin.py:104} INFO - [2022-03-21 05:27:35,331] {dag.py:2305} INFO - Setting next_dagrun for tutorial to 2022-03-19 00:00:00+00:00
[2022-03-21 05:27:35,369] {scheduler_job.py:190} INFO - Processing /home/airflow/sandbox/lib/python3.8/site-packages/airflow/example_dags/tutorial.py took 0.264 seconds
[2022-03-21 05:28:12,162] {scheduler_job.py:182} INFO - Started process (PID=9785) to work on /home/airflow/sandbox/lib/python3.8/site-packages/airflow/example_dags/tutorial.py
[2022-03-21 05:28:12,168] {scheduler_job.py:633} INFO - Processing file /home/airflow/sandbox/lib/python3.8/site-packages/airflow/example_dags/tutorial.py for tasks to queue
[2022-03-21 05:28:12,169] {logging_mixin.py:104} INFO - [2022-03-21 05:28:12,169] {dagbag.py:487} INFO - Filling up the DagBag from /home/airflow/sandbox/lib/python3.8/site-packages/airflow/example_dags/tutorial.py
[2022-03-21 05:28:12,192] {scheduler_job.py:643} INFO - DAG(s) dict_keys(['tutorial']) retrieved from /home/airflow/sandbox/lib/python3.8/site-packages/airflow/example_dags/tutorial.py
[2022-03-21 05:28:12,233] {logging_mixin.py:104} INFO - [2022-03-21 05:28:12,233] {dag.py:1832} INFO - Sync 1 DAGs
[2022-03-21 05:28:12,380] {logging_mixin.py:104} INFO - [2022-03-21 05:28:12,380] {dag.py:2305} INFO - Setting next_dagrun for tutorial to 2022-03-19 00:00:00+00:00
[2022-03-21 05:28:12,453] {scheduler_job.py:190} INFO - Processing /home/airflow/sandbox/lib/python3.8/site-packages/airflow/example_dags/tutorial.py took 0.296 seconds
[2022-03-21 05:29:01,486] {scheduler_job.py:182} INFO - Started process (PID=9821) to work on /home/airflow/sandbox/lib/python3.8/site-packages/airflow/example_dags/tutorial.py
[2022-03-21 05:29:01,489] {scheduler_job.py:633} INFO - Processing file /home/airflow/sandbox/lib/python3.8/site-packages/airflow/example_dags/tutorial.py for tasks to queue
[2022-03-21 05:29:01,494] {logging_mixin.py:104} INFO - [2022-03-21 05:29:01,494] {dagbag.py:487} INFO - Filling up the DagBag from /home/airflow/sandbox/lib/python3.8/site-packages/airflow/example_dags/tutorial.py
[2022-03-21 05:29:01,716] {scheduler_job.py:643} INFO - DAG(s) dict_keys(['tutorial']) retrieved from /home/airflow/sandbox/lib/python3.8/site-packages/airflow/example_dags/tutorial.py
[2022-03-21 05:29:01,757] {logging_mixin.py:104} INFO - [2022-03-21 05:29:01,757] {dag.py:1832} INFO - Sync 1 DAGs
[2022-03-21 05:29:01,790] {logging_mixin.py:104} INFO - [2022-03-21 05:29:01,789] {dag.py:2305} INFO - Setting next_dagrun for tutorial to 2022-03-19 00:00:00+00:00
[2022-03-21 05:29:01,849] {scheduler_job.py:190} INFO - Processing /home/airflow/sandbox/lib/python3.8/site-packages/airflow/example_dags/tutorial.py took 0.372 seconds
[2022-03-21 05:29:53,722] {scheduler_job.py:182} INFO - Started process (PID=9858) to work on /home/airflow/sandbox/lib/python3.8/site-packages/airflow/example_dags/tutorial.py
[2022-03-21 05:29:53,726] {scheduler_job.py:633} INFO - Processing file /home/airflow/sandbox/lib/python3.8/site-packages/airflow/example_dags/tutorial.py for tasks to queue
[2022-03-21 05:29:53,729] {logging_mixin.py:104} INFO - [2022-03-21 05:29:53,729] {dagbag.py:487} INFO - Filling up the DagBag from /home/airflow/sandbox/lib/python3.8/site-packages/airflow/example_dags/tutorial.py
[2022-03-21 05:29:53,876] {scheduler_job.py:643} INFO - DAG(s) dict_keys(['tutorial']) retrieved from /home/airflow/sandbox/lib/python3.8/site-packages/airflow/example_dags/tutorial.py
[2022-03-21 05:29:53,900] {logging_mixin.py:104} INFO - [2022-03-21 05:29:53,900] {dag.py:1832} INFO - Sync 1 DAGs
[2022-03-21 05:29:53,925] {logging_mixin.py:104} INFO - [2022-03-21 05:29:53,924] {dag.py:2305} INFO - Setting next_dagrun for tutorial to 2022-03-19 00:00:00+00:00
[2022-03-21 05:29:53,966] {scheduler_job.py:190} INFO - Processing /home/airflow/sandbox/lib/python3.8/site-packages/airflow/example_dags/tutorial.py took 0.255 seconds
[2022-03-21 05:30:50,072] {scheduler_job.py:182} INFO - Started process (PID=9953) to work on /home/airflow/sandbox/lib/python3.8/site-packages/airflow/example_dags/tutorial.py
[2022-03-21 05:30:50,075] {scheduler_job.py:633} INFO - Processing file /home/airflow/sandbox/lib/python3.8/site-packages/airflow/example_dags/tutorial.py for tasks to queue
[2022-03-21 05:30:50,076] {logging_mixin.py:104} INFO - [2022-03-21 05:30:50,076] {dagbag.py:487} INFO - Filling up the DagBag from /home/airflow/sandbox/lib/python3.8/site-packages/airflow/example_dags/tutorial.py
[2022-03-21 05:30:50,093] {scheduler_job.py:643} INFO - DAG(s) dict_keys(['tutorial']) retrieved from /home/airflow/sandbox/lib/python3.8/site-packages/airflow/example_dags/tutorial.py
[2022-03-21 05:30:50,127] {logging_mixin.py:104} INFO - [2022-03-21 05:30:50,127] {dag.py:1832} INFO - Sync 1 DAGs
[2022-03-21 05:30:50,148] {logging_mixin.py:104} INFO - [2022-03-21 05:30:50,148] {dag.py:2305} INFO - Setting next_dagrun for tutorial to 2022-03-19 00:00:00+00:00
[2022-03-21 05:30:50,234] {scheduler_job.py:190} INFO - Processing /home/airflow/sandbox/lib/python3.8/site-packages/airflow/example_dags/tutorial.py took 0.170 seconds
[2022-03-21 05:31:27,579] {scheduler_job.py:182} INFO - Started process (PID=9982) to work on /home/airflow/sandbox/lib/python3.8/site-packages/airflow/example_dags/tutorial.py
[2022-03-21 05:31:27,583] {scheduler_job.py:633} INFO - Processing file /home/airflow/sandbox/lib/python3.8/site-packages/airflow/example_dags/tutorial.py for tasks to queue
[2022-03-21 05:31:27,584] {logging_mixin.py:104} INFO - [2022-03-21 05:31:27,584] {dagbag.py:487} INFO - Filling up the DagBag from /home/airflow/sandbox/lib/python3.8/site-packages/airflow/example_dags/tutorial.py
[2022-03-21 05:31:27,599] {scheduler_job.py:643} INFO - DAG(s) dict_keys(['tutorial']) retrieved from /home/airflow/sandbox/lib/python3.8/site-packages/airflow/example_dags/tutorial.py
[2022-03-21 05:31:27,633] {logging_mixin.py:104} INFO - [2022-03-21 05:31:27,633] {dag.py:1832} INFO - Sync 1 DAGs
[2022-03-21 05:31:27,659] {logging_mixin.py:104} INFO - [2022-03-21 05:31:27,659] {dag.py:2305} INFO - Setting next_dagrun for tutorial to 2022-03-19 00:00:00+00:00
[2022-03-21 05:31:27,696] {scheduler_job.py:190} INFO - Processing /home/airflow/sandbox/lib/python3.8/site-packages/airflow/example_dags/tutorial.py took 0.124 seconds
[2022-03-21 05:32:09,701] {scheduler_job.py:182} INFO - Started process (PID=10014) to work on /home/airflow/sandbox/lib/python3.8/site-packages/airflow/example_dags/tutorial.py
[2022-03-21 05:32:09,703] {scheduler_job.py:633} INFO - Processing file /home/airflow/sandbox/lib/python3.8/site-packages/airflow/example_dags/tutorial.py for tasks to queue
[2022-03-21 05:32:09,704] {logging_mixin.py:104} INFO - [2022-03-21 05:32:09,704] {dagbag.py:487} INFO - Filling up the DagBag from /home/airflow/sandbox/lib/python3.8/site-packages/airflow/example_dags/tutorial.py
[2022-03-21 05:32:09,717] {scheduler_job.py:643} INFO - DAG(s) dict_keys(['tutorial']) retrieved from /home/airflow/sandbox/lib/python3.8/site-packages/airflow/example_dags/tutorial.py
[2022-03-21 05:32:09,749] {logging_mixin.py:104} INFO - [2022-03-21 05:32:09,748] {dag.py:1832} INFO - Sync 1 DAGs
[2022-03-21 05:32:09,790] {logging_mixin.py:104} INFO - [2022-03-21 05:32:09,789] {dag.py:2305} INFO - Setting next_dagrun for tutorial to 2022-03-19 00:00:00+00:00
[2022-03-21 05:32:09,874] {scheduler_job.py:190} INFO - Processing /home/airflow/sandbox/lib/python3.8/site-packages/airflow/example_dags/tutorial.py took 0.179 seconds
[2022-03-21 05:32:50,935] {scheduler_job.py:182} INFO - Started process (PID=10046) to work on /home/airflow/sandbox/lib/python3.8/site-packages/airflow/example_dags/tutorial.py
[2022-03-21 05:32:50,940] {scheduler_job.py:633} INFO - Processing file /home/airflow/sandbox/lib/python3.8/site-packages/airflow/example_dags/tutorial.py for tasks to queue
[2022-03-21 05:32:50,941] {logging_mixin.py:104} INFO - [2022-03-21 05:32:50,941] {dagbag.py:487} INFO - Filling up the DagBag from /home/airflow/sandbox/lib/python3.8/site-packages/airflow/example_dags/tutorial.py
[2022-03-21 05:32:50,955] {scheduler_job.py:643} INFO - DAG(s) dict_keys(['tutorial']) retrieved from /home/airflow/sandbox/lib/python3.8/site-packages/airflow/example_dags/tutorial.py
[2022-03-21 05:32:50,984] {logging_mixin.py:104} INFO - [2022-03-21 05:32:50,984] {dag.py:1832} INFO - Sync 1 DAGs
[2022-03-21 05:32:51,007] {logging_mixin.py:104} INFO - [2022-03-21 05:32:51,006] {dag.py:2305} INFO - Setting next_dagrun for tutorial to 2022-03-19 00:00:00+00:00
[2022-03-21 05:32:51,107] {scheduler_job.py:190} INFO - Processing /home/airflow/sandbox/lib/python3.8/site-packages/airflow/example_dags/tutorial.py took 0.178 seconds
[2022-03-21 05:33:35,174] {scheduler_job.py:182} INFO - Started process (PID=10079) to work on /home/airflow/sandbox/lib/python3.8/site-packages/airflow/example_dags/tutorial.py
[2022-03-21 05:33:35,177] {scheduler_job.py:633} INFO - Processing file /home/airflow/sandbox/lib/python3.8/site-packages/airflow/example_dags/tutorial.py for tasks to queue
[2022-03-21 05:33:35,178] {logging_mixin.py:104} INFO - [2022-03-21 05:33:35,178] {dagbag.py:487} INFO - Filling up the DagBag from /home/airflow/sandbox/lib/python3.8/site-packages/airflow/example_dags/tutorial.py
[2022-03-21 05:33:35,193] {scheduler_job.py:643} INFO - DAG(s) dict_keys(['tutorial']) retrieved from /home/airflow/sandbox/lib/python3.8/site-packages/airflow/example_dags/tutorial.py
[2022-03-21 05:33:35,224] {logging_mixin.py:104} INFO - [2022-03-21 05:33:35,224] {dag.py:1832} INFO - Sync 1 DAGs
[2022-03-21 05:33:35,244] {logging_mixin.py:104} INFO - [2022-03-21 05:33:35,244] {dag.py:2305} INFO - Setting next_dagrun for tutorial to 2022-03-19 00:00:00+00:00
[2022-03-21 05:33:35,285] {scheduler_job.py:190} INFO - Processing /home/airflow/sandbox/lib/python3.8/site-packages/airflow/example_dags/tutorial.py took 0.120 seconds
[2022-03-21 05:34:18,110] {scheduler_job.py:182} INFO - Started process (PID=10111) to work on /home/airflow/sandbox/lib/python3.8/site-packages/airflow/example_dags/tutorial.py
[2022-03-21 05:34:18,116] {scheduler_job.py:633} INFO - Processing file /home/airflow/sandbox/lib/python3.8/site-packages/airflow/example_dags/tutorial.py for tasks to queue
[2022-03-21 05:34:18,117] {logging_mixin.py:104} INFO - [2022-03-21 05:34:18,117] {dagbag.py:487} INFO - Filling up the DagBag from /home/airflow/sandbox/lib/python3.8/site-packages/airflow/example_dags/tutorial.py
[2022-03-21 05:34:18,133] {scheduler_job.py:643} INFO - DAG(s) dict_keys(['tutorial']) retrieved from /home/airflow/sandbox/lib/python3.8/site-packages/airflow/example_dags/tutorial.py
[2022-03-21 05:34:18,164] {logging_mixin.py:104} INFO - [2022-03-21 05:34:18,164] {dag.py:1832} INFO - Sync 1 DAGs
[2022-03-21 05:34:18,188] {logging_mixin.py:104} INFO - [2022-03-21 05:34:18,187] {dag.py:2305} INFO - Setting next_dagrun for tutorial to 2022-03-19 00:00:00+00:00
[2022-03-21 05:34:18,224] {scheduler_job.py:190} INFO - Processing /home/airflow/sandbox/lib/python3.8/site-packages/airflow/example_dags/tutorial.py took 0.122 seconds
[2022-03-21 05:35:06,408] {scheduler_job.py:182} INFO - Started process (PID=10146) to work on /home/airflow/sandbox/lib/python3.8/site-packages/airflow/example_dags/tutorial.py
[2022-03-21 05:35:06,410] {scheduler_job.py:633} INFO - Processing file /home/airflow/sandbox/lib/python3.8/site-packages/airflow/example_dags/tutorial.py for tasks to queue
[2022-03-21 05:35:06,411] {logging_mixin.py:104} INFO - [2022-03-21 05:35:06,411] {dagbag.py:487} INFO - Filling up the DagBag from /home/airflow/sandbox/lib/python3.8/site-packages/airflow/example_dags/tutorial.py
[2022-03-21 05:35:06,427] {scheduler_job.py:643} INFO - DAG(s) dict_keys(['tutorial']) retrieved from /home/airflow/sandbox/lib/python3.8/site-packages/airflow/example_dags/tutorial.py
[2022-03-21 05:35:06,459] {logging_mixin.py:104} INFO - [2022-03-21 05:35:06,459] {dag.py:1832} INFO - Sync 1 DAGs
[2022-03-21 05:35:06,483] {logging_mixin.py:104} INFO - [2022-03-21 05:35:06,483] {dag.py:2305} INFO - Setting next_dagrun for tutorial to 2022-03-19 00:00:00+00:00
[2022-03-21 05:35:06,518] {scheduler_job.py:190} INFO - Processing /home/airflow/sandbox/lib/python3.8/site-packages/airflow/example_dags/tutorial.py took 0.121 seconds
[2022-03-21 05:35:51,587] {scheduler_job.py:182} INFO - Started process (PID=10236) to work on /home/airflow/sandbox/lib/python3.8/site-packages/airflow/example_dags/tutorial.py
[2022-03-21 05:35:51,591] {scheduler_job.py:633} INFO - Processing file /home/airflow/sandbox/lib/python3.8/site-packages/airflow/example_dags/tutorial.py for tasks to queue
[2022-03-21 05:35:51,592] {logging_mixin.py:104} INFO - [2022-03-21 05:35:51,592] {dagbag.py:487} INFO - Filling up the DagBag from /home/airflow/sandbox/lib/python3.8/site-packages/airflow/example_dags/tutorial.py
[2022-03-21 05:35:51,606] {scheduler_job.py:643} INFO - DAG(s) dict_keys(['tutorial']) retrieved from /home/airflow/sandbox/lib/python3.8/site-packages/airflow/example_dags/tutorial.py
[2022-03-21 05:35:51,640] {logging_mixin.py:104} INFO - [2022-03-21 05:35:51,640] {dag.py:1832} INFO - Sync 1 DAGs
[2022-03-21 05:35:51,666] {logging_mixin.py:104} INFO - [2022-03-21 05:35:51,666] {dag.py:2305} INFO - Setting next_dagrun for tutorial to 2022-03-19 00:00:00+00:00
[2022-03-21 05:35:51,701] {scheduler_job.py:190} INFO - Processing /home/airflow/sandbox/lib/python3.8/site-packages/airflow/example_dags/tutorial.py took 0.120 seconds
[2022-03-21 05:36:39,308] {scheduler_job.py:182} INFO - Started process (PID=10270) to work on /home/airflow/sandbox/lib/python3.8/site-packages/airflow/example_dags/tutorial.py
[2022-03-21 05:36:39,311] {scheduler_job.py:633} INFO - Processing file /home/airflow/sandbox/lib/python3.8/site-packages/airflow/example_dags/tutorial.py for tasks to queue
[2022-03-21 05:36:39,312] {logging_mixin.py:104} INFO - [2022-03-21 05:36:39,312] {dagbag.py:487} INFO - Filling up the DagBag from /home/airflow/sandbox/lib/python3.8/site-packages/airflow/example_dags/tutorial.py
[2022-03-21 05:36:39,325] {scheduler_job.py:643} INFO - DAG(s) dict_keys(['tutorial']) retrieved from /home/airflow/sandbox/lib/python3.8/site-packages/airflow/example_dags/tutorial.py
[2022-03-21 05:36:39,359] {logging_mixin.py:104} INFO - [2022-03-21 05:36:39,359] {dag.py:1832} INFO - Sync 1 DAGs
[2022-03-21 05:36:39,379] {logging_mixin.py:104} INFO - [2022-03-21 05:36:39,379] {dag.py:2305} INFO - Setting next_dagrun for tutorial to 2022-03-19 00:00:00+00:00
[2022-03-21 05:36:39,625] {scheduler_job.py:190} INFO - Processing /home/airflow/sandbox/lib/python3.8/site-packages/airflow/example_dags/tutorial.py took 0.323 seconds
[2022-03-21 05:37:24,224] {scheduler_job.py:182} INFO - Started process (PID=10303) to work on /home/airflow/sandbox/lib/python3.8/site-packages/airflow/example_dags/tutorial.py
[2022-03-21 05:37:24,226] {scheduler_job.py:633} INFO - Processing file /home/airflow/sandbox/lib/python3.8/site-packages/airflow/example_dags/tutorial.py for tasks to queue
[2022-03-21 05:37:24,227] {logging_mixin.py:104} INFO - [2022-03-21 05:37:24,227] {dagbag.py:487} INFO - Filling up the DagBag from /home/airflow/sandbox/lib/python3.8/site-packages/airflow/example_dags/tutorial.py
[2022-03-21 05:37:24,247] {scheduler_job.py:643} INFO - DAG(s) dict_keys(['tutorial']) retrieved from /home/airflow/sandbox/lib/python3.8/site-packages/airflow/example_dags/tutorial.py
[2022-03-21 05:37:24,277] {logging_mixin.py:104} INFO - [2022-03-21 05:37:24,276] {dag.py:1832} INFO - Sync 1 DAGs
[2022-03-21 05:37:24,297] {logging_mixin.py:104} INFO - [2022-03-21 05:37:24,297] {dag.py:2305} INFO - Setting next_dagrun for tutorial to 2022-03-19 00:00:00+00:00
[2022-03-21 05:37:24,596] {scheduler_job.py:190} INFO - Processing /home/airflow/sandbox/lib/python3.8/site-packages/airflow/example_dags/tutorial.py took 0.382 seconds
[2022-03-21 05:38:08,505] {scheduler_job.py:182} INFO - Started process (PID=10337) to work on /home/airflow/sandbox/lib/python3.8/site-packages/airflow/example_dags/tutorial.py
[2022-03-21 05:38:08,508] {scheduler_job.py:633} INFO - Processing file /home/airflow/sandbox/lib/python3.8/site-packages/airflow/example_dags/tutorial.py for tasks to queue
[2022-03-21 05:38:08,509] {logging_mixin.py:104} INFO - [2022-03-21 05:38:08,509] {dagbag.py:487} INFO - Filling up the DagBag from /home/airflow/sandbox/lib/python3.8/site-packages/airflow/example_dags/tutorial.py
[2022-03-21 05:38:08,526] {scheduler_job.py:643} INFO - DAG(s) dict_keys(['tutorial']) retrieved from /home/airflow/sandbox/lib/python3.8/site-packages/airflow/example_dags/tutorial.py
[2022-03-21 05:38:08,557] {logging_mixin.py:104} INFO - [2022-03-21 05:38:08,557] {dag.py:1832} INFO - Sync 1 DAGs
[2022-03-21 05:38:08,582] {logging_mixin.py:104} INFO - [2022-03-21 05:38:08,581] {dag.py:2305} INFO - Setting next_dagrun for tutorial to 2022-03-19 00:00:00+00:00
[2022-03-21 05:38:08,632] {scheduler_job.py:190} INFO - Processing /home/airflow/sandbox/lib/python3.8/site-packages/airflow/example_dags/tutorial.py took 0.137 seconds
[2022-03-21 05:38:51,860] {scheduler_job.py:182} INFO - Started process (PID=10371) to work on /home/airflow/sandbox/lib/python3.8/site-packages/airflow/example_dags/tutorial.py
[2022-03-21 05:38:51,863] {scheduler_job.py:633} INFO - Processing file /home/airflow/sandbox/lib/python3.8/site-packages/airflow/example_dags/tutorial.py for tasks to queue
[2022-03-21 05:38:51,864] {logging_mixin.py:104} INFO - [2022-03-21 05:38:51,864] {dagbag.py:487} INFO - Filling up the DagBag from /home/airflow/sandbox/lib/python3.8/site-packages/airflow/example_dags/tutorial.py
[2022-03-21 05:38:51,901] {scheduler_job.py:643} INFO - DAG(s) dict_keys(['tutorial']) retrieved from /home/airflow/sandbox/lib/python3.8/site-packages/airflow/example_dags/tutorial.py
[2022-03-21 05:38:51,938] {logging_mixin.py:104} INFO - [2022-03-21 05:38:51,938] {dag.py:1832} INFO - Sync 1 DAGs
[2022-03-21 05:38:51,980] {logging_mixin.py:104} INFO - [2022-03-21 05:38:51,979] {dag.py:2305} INFO - Setting next_dagrun for tutorial to 2022-03-19 00:00:00+00:00
[2022-03-21 05:38:52,035] {scheduler_job.py:190} INFO - Processing /home/airflow/sandbox/lib/python3.8/site-packages/airflow/example_dags/tutorial.py took 0.186 seconds
[2022-03-21 05:39:39,602] {scheduler_job.py:182} INFO - Started process (PID=10405) to work on /home/airflow/sandbox/lib/python3.8/site-packages/airflow/example_dags/tutorial.py
[2022-03-21 05:39:39,622] {scheduler_job.py:633} INFO - Processing file /home/airflow/sandbox/lib/python3.8/site-packages/airflow/example_dags/tutorial.py for tasks to queue
[2022-03-21 05:39:39,625] {logging_mixin.py:104} INFO - [2022-03-21 05:39:39,624] {dagbag.py:487} INFO - Filling up the DagBag from /home/airflow/sandbox/lib/python3.8/site-packages/airflow/example_dags/tutorial.py
[2022-03-21 05:39:39,710] {scheduler_job.py:643} INFO - DAG(s) dict_keys(['tutorial']) retrieved from /home/airflow/sandbox/lib/python3.8/site-packages/airflow/example_dags/tutorial.py
[2022-03-21 05:39:39,905] {logging_mixin.py:104} INFO - [2022-03-21 05:39:39,904] {dag.py:1832} INFO - Sync 1 DAGs
[2022-03-21 05:39:39,957] {logging_mixin.py:104} INFO - [2022-03-21 05:39:39,956] {dag.py:2305} INFO - Setting next_dagrun for tutorial to 2022-03-19 00:00:00+00:00
[2022-03-21 05:39:40,027] {scheduler_job.py:190} INFO - Processing /home/airflow/sandbox/lib/python3.8/site-packages/airflow/example_dags/tutorial.py took 0.461 seconds
[2022-03-21 05:40:21,951] {scheduler_job.py:182} INFO - Started process (PID=10438) to work on /home/airflow/sandbox/lib/python3.8/site-packages/airflow/example_dags/tutorial.py
[2022-03-21 05:40:21,953] {scheduler_job.py:633} INFO - Processing file /home/airflow/sandbox/lib/python3.8/site-packages/airflow/example_dags/tutorial.py for tasks to queue
[2022-03-21 05:40:21,956] {logging_mixin.py:104} INFO - [2022-03-21 05:40:21,954] {dagbag.py:487} INFO - Filling up the DagBag from /home/airflow/sandbox/lib/python3.8/site-packages/airflow/example_dags/tutorial.py
[2022-03-21 05:40:21,978] {scheduler_job.py:643} INFO - DAG(s) dict_keys(['tutorial']) retrieved from /home/airflow/sandbox/lib/python3.8/site-packages/airflow/example_dags/tutorial.py
[2022-03-21 05:40:22,013] {logging_mixin.py:104} INFO - [2022-03-21 05:40:22,013] {dag.py:1832} INFO - Sync 1 DAGs
[2022-03-21 05:40:22,035] {logging_mixin.py:104} INFO - [2022-03-21 05:40:22,035] {dag.py:2305} INFO - Setting next_dagrun for tutorial to 2022-03-19 00:00:00+00:00
[2022-03-21 05:40:22,082] {scheduler_job.py:190} INFO - Processing /home/airflow/sandbox/lib/python3.8/site-packages/airflow/example_dags/tutorial.py took 0.137 seconds
[2022-03-21 05:41:01,108] {scheduler_job.py:182} INFO - Started process (PID=10524) to work on /home/airflow/sandbox/lib/python3.8/site-packages/airflow/example_dags/tutorial.py
[2022-03-21 05:41:01,143] {scheduler_job.py:633} INFO - Processing file /home/airflow/sandbox/lib/python3.8/site-packages/airflow/example_dags/tutorial.py for tasks to queue
[2022-03-21 05:41:01,148] {logging_mixin.py:104} INFO - [2022-03-21 05:41:01,147] {dagbag.py:487} INFO - Filling up the DagBag from /home/airflow/sandbox/lib/python3.8/site-packages/airflow/example_dags/tutorial.py
[2022-03-21 05:41:01,193] {scheduler_job.py:643} INFO - DAG(s) dict_keys(['tutorial']) retrieved from /home/airflow/sandbox/lib/python3.8/site-packages/airflow/example_dags/tutorial.py
[2022-03-21 05:41:01,466] {logging_mixin.py:104} INFO - [2022-03-21 05:41:01,466] {dag.py:1832} INFO - Sync 1 DAGs
[2022-03-21 05:41:01,651] {logging_mixin.py:104} INFO - [2022-03-21 05:41:01,651] {dag.py:2305} INFO - Setting next_dagrun for tutorial to 2022-03-19 00:00:00+00:00
[2022-03-21 05:41:01,739] {scheduler_job.py:190} INFO - Processing /home/airflow/sandbox/lib/python3.8/site-packages/airflow/example_dags/tutorial.py took 0.668 seconds
[2022-03-21 05:41:47,009] {scheduler_job.py:182} INFO - Started process (PID=10558) to work on /home/airflow/sandbox/lib/python3.8/site-packages/airflow/example_dags/tutorial.py
[2022-03-21 05:41:47,016] {scheduler_job.py:633} INFO - Processing file /home/airflow/sandbox/lib/python3.8/site-packages/airflow/example_dags/tutorial.py for tasks to queue
[2022-03-21 05:41:47,019] {logging_mixin.py:104} INFO - [2022-03-21 05:41:47,018] {dagbag.py:487} INFO - Filling up the DagBag from /home/airflow/sandbox/lib/python3.8/site-packages/airflow/example_dags/tutorial.py
[2022-03-21 05:41:47,042] {scheduler_job.py:643} INFO - DAG(s) dict_keys(['tutorial']) retrieved from /home/airflow/sandbox/lib/python3.8/site-packages/airflow/example_dags/tutorial.py
[2022-03-21 05:41:47,076] {logging_mixin.py:104} INFO - [2022-03-21 05:41:47,075] {dag.py:1832} INFO - Sync 1 DAGs
[2022-03-21 05:41:47,115] {logging_mixin.py:104} INFO - [2022-03-21 05:41:47,115] {dag.py:2305} INFO - Setting next_dagrun for tutorial to 2022-03-19 00:00:00+00:00
[2022-03-21 05:41:47,216] {scheduler_job.py:190} INFO - Processing /home/airflow/sandbox/lib/python3.8/site-packages/airflow/example_dags/tutorial.py took 0.215 seconds
[2022-03-21 05:42:32,510] {scheduler_job.py:182} INFO - Started process (PID=10591) to work on /home/airflow/sandbox/lib/python3.8/site-packages/airflow/example_dags/tutorial.py
[2022-03-21 05:42:32,513] {scheduler_job.py:633} INFO - Processing file /home/airflow/sandbox/lib/python3.8/site-packages/airflow/example_dags/tutorial.py for tasks to queue
[2022-03-21 05:42:32,514] {logging_mixin.py:104} INFO - [2022-03-21 05:42:32,514] {dagbag.py:487} INFO - Filling up the DagBag from /home/airflow/sandbox/lib/python3.8/site-packages/airflow/example_dags/tutorial.py
[2022-03-21 05:42:32,542] {scheduler_job.py:643} INFO - DAG(s) dict_keys(['tutorial']) retrieved from /home/airflow/sandbox/lib/python3.8/site-packages/airflow/example_dags/tutorial.py
[2022-03-21 05:42:32,598] {logging_mixin.py:104} INFO - [2022-03-21 05:42:32,598] {dag.py:1832} INFO - Sync 1 DAGs
[2022-03-21 05:42:32,685] {logging_mixin.py:104} INFO - [2022-03-21 05:42:32,685] {dag.py:2305} INFO - Setting next_dagrun for tutorial to 2022-03-19 00:00:00+00:00
[2022-03-21 05:42:32,740] {scheduler_job.py:190} INFO - Processing /home/airflow/sandbox/lib/python3.8/site-packages/airflow/example_dags/tutorial.py took 0.238 seconds
[2022-03-21 05:43:27,051] {scheduler_job.py:182} INFO - Started process (PID=10628) to work on /home/airflow/sandbox/lib/python3.8/site-packages/airflow/example_dags/tutorial.py
[2022-03-21 05:43:27,055] {scheduler_job.py:633} INFO - Processing file /home/airflow/sandbox/lib/python3.8/site-packages/airflow/example_dags/tutorial.py for tasks to queue
[2022-03-21 05:43:27,058] {logging_mixin.py:104} INFO - [2022-03-21 05:43:27,058] {dagbag.py:487} INFO - Filling up the DagBag from /home/airflow/sandbox/lib/python3.8/site-packages/airflow/example_dags/tutorial.py
[2022-03-21 05:43:27,082] {scheduler_job.py:643} INFO - DAG(s) dict_keys(['tutorial']) retrieved from /home/airflow/sandbox/lib/python3.8/site-packages/airflow/example_dags/tutorial.py
[2022-03-21 05:43:27,126] {logging_mixin.py:104} INFO - [2022-03-21 05:43:27,126] {dag.py:1832} INFO - Sync 1 DAGs
[2022-03-21 05:43:27,157] {logging_mixin.py:104} INFO - [2022-03-21 05:43:27,157] {dag.py:2305} INFO - Setting next_dagrun for tutorial to 2022-03-19 00:00:00+00:00
[2022-03-21 05:43:27,198] {scheduler_job.py:190} INFO - Processing /home/airflow/sandbox/lib/python3.8/site-packages/airflow/example_dags/tutorial.py took 0.157 seconds
[2022-03-21 05:44:20,825] {scheduler_job.py:182} INFO - Started process (PID=10665) to work on /home/airflow/sandbox/lib/python3.8/site-packages/airflow/example_dags/tutorial.py
[2022-03-21 05:44:20,842] {scheduler_job.py:633} INFO - Processing file /home/airflow/sandbox/lib/python3.8/site-packages/airflow/example_dags/tutorial.py for tasks to queue
[2022-03-21 05:44:20,845] {logging_mixin.py:104} INFO - [2022-03-21 05:44:20,844] {dagbag.py:487} INFO - Filling up the DagBag from /home/airflow/sandbox/lib/python3.8/site-packages/airflow/example_dags/tutorial.py
[2022-03-21 05:44:20,866] {scheduler_job.py:643} INFO - DAG(s) dict_keys(['tutorial']) retrieved from /home/airflow/sandbox/lib/python3.8/site-packages/airflow/example_dags/tutorial.py
[2022-03-21 05:44:20,910] {logging_mixin.py:104} INFO - [2022-03-21 05:44:20,910] {dag.py:1832} INFO - Sync 1 DAGs
[2022-03-21 05:44:20,951] {logging_mixin.py:104} INFO - [2022-03-21 05:44:20,951] {dag.py:2305} INFO - Setting next_dagrun for tutorial to 2022-03-19 00:00:00+00:00
[2022-03-21 05:44:20,990] {scheduler_job.py:190} INFO - Processing /home/airflow/sandbox/lib/python3.8/site-packages/airflow/example_dags/tutorial.py took 0.172 seconds
[2022-03-21 05:44:57,681] {scheduler_job.py:182} INFO - Started process (PID=10691) to work on /home/airflow/sandbox/lib/python3.8/site-packages/airflow/example_dags/tutorial.py
[2022-03-21 05:44:57,685] {scheduler_job.py:633} INFO - Processing file /home/airflow/sandbox/lib/python3.8/site-packages/airflow/example_dags/tutorial.py for tasks to queue
[2022-03-21 05:44:57,686] {logging_mixin.py:104} INFO - [2022-03-21 05:44:57,686] {dagbag.py:487} INFO - Filling up the DagBag from /home/airflow/sandbox/lib/python3.8/site-packages/airflow/example_dags/tutorial.py
[2022-03-21 05:44:57,703] {scheduler_job.py:643} INFO - DAG(s) dict_keys(['tutorial']) retrieved from /home/airflow/sandbox/lib/python3.8/site-packages/airflow/example_dags/tutorial.py
[2022-03-21 05:44:57,746] {logging_mixin.py:104} INFO - [2022-03-21 05:44:57,746] {dag.py:1832} INFO - Sync 1 DAGs
[2022-03-21 05:44:57,768] {logging_mixin.py:104} INFO - [2022-03-21 05:44:57,768] {dag.py:2305} INFO - Setting next_dagrun for tutorial to 2022-03-19 00:00:00+00:00
[2022-03-21 05:44:57,809] {scheduler_job.py:190} INFO - Processing /home/airflow/sandbox/lib/python3.8/site-packages/airflow/example_dags/tutorial.py took 0.135 seconds
[2022-03-21 05:45:42,833] {scheduler_job.py:182} INFO - Started process (PID=10781) to work on /home/airflow/sandbox/lib/python3.8/site-packages/airflow/example_dags/tutorial.py
[2022-03-21 05:45:42,839] {scheduler_job.py:633} INFO - Processing file /home/airflow/sandbox/lib/python3.8/site-packages/airflow/example_dags/tutorial.py for tasks to queue
[2022-03-21 05:45:42,844] {logging_mixin.py:104} INFO - [2022-03-21 05:45:42,844] {dagbag.py:487} INFO - Filling up the DagBag from /home/airflow/sandbox/lib/python3.8/site-packages/airflow/example_dags/tutorial.py
[2022-03-21 05:45:42,859] {scheduler_job.py:643} INFO - DAG(s) dict_keys(['tutorial']) retrieved from /home/airflow/sandbox/lib/python3.8/site-packages/airflow/example_dags/tutorial.py
[2022-03-21 05:45:42,894] {logging_mixin.py:104} INFO - [2022-03-21 05:45:42,893] {dag.py:1832} INFO - Sync 1 DAGs
[2022-03-21 05:45:42,921] {logging_mixin.py:104} INFO - [2022-03-21 05:45:42,921] {dag.py:2305} INFO - Setting next_dagrun for tutorial to 2022-03-19 00:00:00+00:00
[2022-03-21 05:45:42,993] {scheduler_job.py:190} INFO - Processing /home/airflow/sandbox/lib/python3.8/site-packages/airflow/example_dags/tutorial.py took 0.168 seconds
[2022-03-21 05:46:31,172] {scheduler_job.py:182} INFO - Started process (PID=10965) to work on /home/airflow/sandbox/lib/python3.8/site-packages/airflow/example_dags/tutorial.py
[2022-03-21 05:46:31,175] {scheduler_job.py:633} INFO - Processing file /home/airflow/sandbox/lib/python3.8/site-packages/airflow/example_dags/tutorial.py for tasks to queue
[2022-03-21 05:46:31,176] {logging_mixin.py:104} INFO - [2022-03-21 05:46:31,176] {dagbag.py:487} INFO - Filling up the DagBag from /home/airflow/sandbox/lib/python3.8/site-packages/airflow/example_dags/tutorial.py
[2022-03-21 05:46:31,191] {scheduler_job.py:643} INFO - DAG(s) dict_keys(['tutorial']) retrieved from /home/airflow/sandbox/lib/python3.8/site-packages/airflow/example_dags/tutorial.py
[2022-03-21 05:46:31,227] {logging_mixin.py:104} INFO - [2022-03-21 05:46:31,226] {dag.py:1832} INFO - Sync 1 DAGs
[2022-03-21 05:46:31,249] {logging_mixin.py:104} INFO - [2022-03-21 05:46:31,249] {dag.py:2305} INFO - Setting next_dagrun for tutorial to 2022-03-19 00:00:00+00:00
[2022-03-21 05:46:31,353] {scheduler_job.py:190} INFO - Processing /home/airflow/sandbox/lib/python3.8/site-packages/airflow/example_dags/tutorial.py took 0.189 seconds
[2022-03-21 05:47:25,656] {scheduler_job.py:182} INFO - Started process (PID=11550) to work on /home/airflow/sandbox/lib/python3.8/site-packages/airflow/example_dags/tutorial.py
[2022-03-21 05:47:25,658] {scheduler_job.py:633} INFO - Processing file /home/airflow/sandbox/lib/python3.8/site-packages/airflow/example_dags/tutorial.py for tasks to queue
[2022-03-21 05:47:25,659] {logging_mixin.py:104} INFO - [2022-03-21 05:47:25,659] {dagbag.py:487} INFO - Filling up the DagBag from /home/airflow/sandbox/lib/python3.8/site-packages/airflow/example_dags/tutorial.py
[2022-03-21 05:47:25,676] {scheduler_job.py:643} INFO - DAG(s) dict_keys(['tutorial']) retrieved from /home/airflow/sandbox/lib/python3.8/site-packages/airflow/example_dags/tutorial.py
[2022-03-21 05:47:25,710] {logging_mixin.py:104} INFO - [2022-03-21 05:47:25,710] {dag.py:1832} INFO - Sync 1 DAGs
[2022-03-21 05:47:25,732] {logging_mixin.py:104} INFO - [2022-03-21 05:47:25,732] {dag.py:2305} INFO - Setting next_dagrun for tutorial to 2022-03-19 00:00:00+00:00
[2022-03-21 05:47:25,767] {scheduler_job.py:190} INFO - Processing /home/airflow/sandbox/lib/python3.8/site-packages/airflow/example_dags/tutorial.py took 0.118 seconds
[2022-03-21 05:48:12,461] {scheduler_job.py:182} INFO - Started process (PID=11823) to work on /home/airflow/sandbox/lib/python3.8/site-packages/airflow/example_dags/tutorial.py
[2022-03-21 05:48:12,465] {scheduler_job.py:633} INFO - Processing file /home/airflow/sandbox/lib/python3.8/site-packages/airflow/example_dags/tutorial.py for tasks to queue
[2022-03-21 05:48:12,466] {logging_mixin.py:104} INFO - [2022-03-21 05:48:12,466] {dagbag.py:487} INFO - Filling up the DagBag from /home/airflow/sandbox/lib/python3.8/site-packages/airflow/example_dags/tutorial.py
[2022-03-21 05:48:12,484] {scheduler_job.py:643} INFO - DAG(s) dict_keys(['tutorial']) retrieved from /home/airflow/sandbox/lib/python3.8/site-packages/airflow/example_dags/tutorial.py
[2022-03-21 05:48:12,519] {logging_mixin.py:104} INFO - [2022-03-21 05:48:12,519] {dag.py:1832} INFO - Sync 1 DAGs
[2022-03-21 05:48:12,544] {logging_mixin.py:104} INFO - [2022-03-21 05:48:12,544] {dag.py:2305} INFO - Setting next_dagrun for tutorial to 2022-03-19 00:00:00+00:00
[2022-03-21 05:48:12,583] {scheduler_job.py:190} INFO - Processing /home/airflow/sandbox/lib/python3.8/site-packages/airflow/example_dags/tutorial.py took 0.129 seconds
[2022-03-21 05:48:51,041] {scheduler_job.py:182} INFO - Started process (PID=12030) to work on /home/airflow/sandbox/lib/python3.8/site-packages/airflow/example_dags/tutorial.py
[2022-03-21 05:48:51,043] {scheduler_job.py:633} INFO - Processing file /home/airflow/sandbox/lib/python3.8/site-packages/airflow/example_dags/tutorial.py for tasks to queue
[2022-03-21 05:48:51,045] {logging_mixin.py:104} INFO - [2022-03-21 05:48:51,044] {dagbag.py:487} INFO - Filling up the DagBag from /home/airflow/sandbox/lib/python3.8/site-packages/airflow/example_dags/tutorial.py
[2022-03-21 05:48:51,061] {scheduler_job.py:643} INFO - DAG(s) dict_keys(['tutorial']) retrieved from /home/airflow/sandbox/lib/python3.8/site-packages/airflow/example_dags/tutorial.py
[2022-03-21 05:48:51,092] {logging_mixin.py:104} INFO - [2022-03-21 05:48:51,092] {dag.py:1832} INFO - Sync 1 DAGs
[2022-03-21 05:48:51,115] {logging_mixin.py:104} INFO - [2022-03-21 05:48:51,115] {dag.py:2305} INFO - Setting next_dagrun for tutorial to 2022-03-19 00:00:00+00:00
[2022-03-21 05:48:51,166] {scheduler_job.py:190} INFO - Processing /home/airflow/sandbox/lib/python3.8/site-packages/airflow/example_dags/tutorial.py took 0.134 seconds
[2022-03-21 05:49:39,035] {scheduler_job.py:182} INFO - Started process (PID=12073) to work on /home/airflow/sandbox/lib/python3.8/site-packages/airflow/example_dags/tutorial.py
[2022-03-21 05:49:39,038] {scheduler_job.py:633} INFO - Processing file /home/airflow/sandbox/lib/python3.8/site-packages/airflow/example_dags/tutorial.py for tasks to queue
[2022-03-21 05:49:39,042] {logging_mixin.py:104} INFO - [2022-03-21 05:49:39,042] {dagbag.py:487} INFO - Filling up the DagBag from /home/airflow/sandbox/lib/python3.8/site-packages/airflow/example_dags/tutorial.py
[2022-03-21 05:49:39,067] {scheduler_job.py:643} INFO - DAG(s) dict_keys(['tutorial']) retrieved from /home/airflow/sandbox/lib/python3.8/site-packages/airflow/example_dags/tutorial.py
[2022-03-21 05:49:39,113] {logging_mixin.py:104} INFO - [2022-03-21 05:49:39,113] {dag.py:1832} INFO - Sync 1 DAGs
[2022-03-21 05:49:39,153] {logging_mixin.py:104} INFO - [2022-03-21 05:49:39,153] {dag.py:2305} INFO - Setting next_dagrun for tutorial to 2022-03-19 00:00:00+00:00
[2022-03-21 05:49:39,417] {scheduler_job.py:190} INFO - Processing /home/airflow/sandbox/lib/python3.8/site-packages/airflow/example_dags/tutorial.py took 0.390 seconds
[2022-03-21 05:50:29,919] {scheduler_job.py:182} INFO - Started process (PID=12322) to work on /home/airflow/sandbox/lib/python3.8/site-packages/airflow/example_dags/tutorial.py
[2022-03-21 05:50:29,925] {scheduler_job.py:633} INFO - Processing file /home/airflow/sandbox/lib/python3.8/site-packages/airflow/example_dags/tutorial.py for tasks to queue
[2022-03-21 05:50:29,927] {logging_mixin.py:104} INFO - [2022-03-21 05:50:29,926] {dagbag.py:487} INFO - Filling up the DagBag from /home/airflow/sandbox/lib/python3.8/site-packages/airflow/example_dags/tutorial.py
[2022-03-21 05:50:29,940] {scheduler_job.py:643} INFO - DAG(s) dict_keys(['tutorial']) retrieved from /home/airflow/sandbox/lib/python3.8/site-packages/airflow/example_dags/tutorial.py
[2022-03-21 05:50:29,972] {logging_mixin.py:104} INFO - [2022-03-21 05:50:29,972] {dag.py:1832} INFO - Sync 1 DAGs
[2022-03-21 05:50:29,993] {logging_mixin.py:104} INFO - [2022-03-21 05:50:29,993] {dag.py:2305} INFO - Setting next_dagrun for tutorial to 2022-03-19 00:00:00+00:00
[2022-03-21 05:50:30,028] {scheduler_job.py:190} INFO - Processing /home/airflow/sandbox/lib/python3.8/site-packages/airflow/example_dags/tutorial.py took 0.114 seconds
