[2022-03-20 13:57:14,866] {taskinstance.py:876} INFO - Dependencies all met for <TaskInstance: user_processing.extracting_user 2020-01-21T00:00:00+00:00 [queued]>
[2022-03-20 13:57:14,891] {taskinstance.py:876} INFO - Dependencies all met for <TaskInstance: user_processing.extracting_user 2020-01-21T00:00:00+00:00 [queued]>
[2022-03-20 13:57:14,900] {taskinstance.py:1067} INFO - 
--------------------------------------------------------------------------------
[2022-03-20 13:57:14,900] {taskinstance.py:1068} INFO - Starting attempt 2 of 2
[2022-03-20 13:57:14,900] {taskinstance.py:1069} INFO - 
--------------------------------------------------------------------------------
[2022-03-20 13:57:14,968] {taskinstance.py:1087} INFO - Executing <Task(SimpleHttpOperator): extracting_user> on 2020-01-21T00:00:00+00:00
[2022-03-20 13:57:14,977] {standard_task_runner.py:52} INFO - Started process 95122 to run task
[2022-03-20 13:57:14,993] {standard_task_runner.py:76} INFO - Running: ['airflow', 'tasks', 'run', 'user_processing', 'extracting_user', '2020-01-21T00:00:00+00:00', '--job-id', '874', '--pool', 'default_pool', '--raw', '--subdir', 'DAGS_FOLDER/user_processing.py', '--cfg-path', '/tmp/tmp_xd2fh1u', '--error-file', '/tmp/tmpfe7306_g']
[2022-03-20 13:57:15,034] {standard_task_runner.py:77} INFO - Job 874: Subtask extracting_user
[2022-03-20 13:57:15,256] {logging_mixin.py:104} INFO - Running <TaskInstance: user_processing.extracting_user 2020-01-21T00:00:00+00:00 [running]> on host airflowvm
[2022-03-20 13:57:15,532] {taskinstance.py:1280} INFO - Exporting the following env vars:
AIRFLOW_CTX_DAG_OWNER=airflow
AIRFLOW_CTX_DAG_ID=user_processing
AIRFLOW_CTX_TASK_ID=extracting_user
AIRFLOW_CTX_EXECUTION_DATE=2020-01-21T00:00:00+00:00
AIRFLOW_CTX_DAG_RUN_ID=scheduled__2020-01-21T00:00:00+00:00
[2022-03-20 13:57:15,533] {http.py:111} INFO - Calling HTTP method
[2022-03-20 13:57:15,565] {base.py:69} INFO - Using connection to: id: user_api. Host: https://randomuser.me/, Port: None, Schema: , Login: , Password: ***, extra: {}
[2022-03-20 13:57:15,570] {http.py:140} INFO - Sending 'GET' to url: https://randomuser.me/api/
[2022-03-20 13:57:16,142] {http.py:115} INFO - {"results":[{"gender":"male","name":{"title":"Mr","first":"David","last":"Gagnon"},"location":{"street":{"number":8993,"name":"Peel St"},"city":"Glenwood","state":"Northwest Territories","country":"Canada","postcode":"L4J 3B9","coordinates":{"latitude":"-63.1320","longitude":"-87.6376"},"timezone":{"offset":"+5:45","description":"Kathmandu"}},"email":"david.gagnon@example.com","login":{"uuid":"35ceb67b-def3-4698-9a9a-9ed77809db5a","username":"purpleostrich615","password":"musicman","salt":"Y48pAMFv","md5":"e4db78692eb7f115d818e9003a035d69","sha1":"bd09d74bf83259c1526697135eb629e254f18e89","sha256":"ce32fbcee232d49482a6c979472e1244b1409fbc9150265276aebb59e5d33e72"},"dob":{"date":"1993-03-18T14:23:30.653Z","age":29},"registered":{"date":"2016-08-31T17:29:22.659Z","age":6},"phone":"450-587-3683","cell":"755-743-5840","id":{"name":"","value":null},"picture":{"large":"https://randomuser.me/api/portraits/men/46.jpg","medium":"https://randomuser.me/api/portraits/med/men/46.jpg","thumbnail":"https://randomuser.me/api/portraits/thumb/men/46.jpg"},"nat":"CA"}],"info":{"seed":"612da66f84ed28c9","results":1,"page":1,"version":"1.3"}}
[2022-03-20 13:57:16,241] {taskinstance.py:1184} INFO - Marking task as SUCCESS. dag_id=user_processing, task_id=extracting_user, execution_date=20200121T000000, start_date=20220320T135714, end_date=20220320T135716
[2022-03-20 13:57:16,406] {taskinstance.py:1245} INFO - 1 downstream tasks scheduled from follow-on schedule check
[2022-03-20 13:57:16,467] {local_task_job.py:151} INFO - Task exited with return code 0
