[2022-03-20 13:55:22,567] {taskinstance.py:876} INFO - Dependencies all met for <TaskInstance: user_processing.is_api_available 2020-01-25T00:00:00+00:00 [queued]>
[2022-03-20 13:55:22,599] {taskinstance.py:876} INFO - Dependencies all met for <TaskInstance: user_processing.is_api_available 2020-01-25T00:00:00+00:00 [queued]>
[2022-03-20 13:55:22,603] {taskinstance.py:1067} INFO - 
--------------------------------------------------------------------------------
[2022-03-20 13:55:22,604] {taskinstance.py:1068} INFO - Starting attempt 2 of 2
[2022-03-20 13:55:22,604] {taskinstance.py:1069} INFO - 
--------------------------------------------------------------------------------
[2022-03-20 13:55:22,646] {taskinstance.py:1087} INFO - Executing <Task(HttpSensor): is_api_available> on 2020-01-25T00:00:00+00:00
[2022-03-20 13:55:22,652] {standard_task_runner.py:52} INFO - Started process 93973 to run task
[2022-03-20 13:55:22,677] {standard_task_runner.py:76} INFO - Running: ['airflow', 'tasks', 'run', 'user_processing', 'is_api_available', '2020-01-25T00:00:00+00:00', '--job-id', '859', '--pool', 'default_pool', '--raw', '--subdir', 'DAGS_FOLDER/user_processing.py', '--cfg-path', '/tmp/tmp7q932dsm', '--error-file', '/tmp/tmpe4c8okh_']
[2022-03-20 13:55:22,688] {standard_task_runner.py:77} INFO - Job 859: Subtask is_api_available
[2022-03-20 13:55:22,829] {logging_mixin.py:104} INFO - Running <TaskInstance: user_processing.is_api_available 2020-01-25T00:00:00+00:00 [running]> on host airflowvm
[2022-03-20 13:55:22,992] {taskinstance.py:1280} INFO - Exporting the following env vars:
AIRFLOW_CTX_DAG_OWNER=airflow
AIRFLOW_CTX_DAG_ID=user_processing
AIRFLOW_CTX_TASK_ID=is_api_available
AIRFLOW_CTX_EXECUTION_DATE=2020-01-25T00:00:00+00:00
AIRFLOW_CTX_DAG_RUN_ID=scheduled__2020-01-25T00:00:00+00:00
[2022-03-20 13:55:22,993] {http.py:101} INFO - Poking: api/
[2022-03-20 13:55:23,005] {base.py:69} INFO - Using connection to: id: user_api. Host: https://randomuser.me/, Port: None, Schema: , Login: , Password: ***, extra: {}
[2022-03-20 13:55:23,008] {http.py:140} INFO - Sending 'GET' to url: https://randomuser.me/api/
[2022-03-20 13:55:23,406] {base.py:243} INFO - Success criteria met. Exiting.
[2022-03-20 13:55:23,419] {taskinstance.py:1184} INFO - Marking task as SUCCESS. dag_id=user_processing, task_id=is_api_available, execution_date=20200125T000000, start_date=20220320T135522, end_date=20220320T135523
[2022-03-20 13:55:23,499] {taskinstance.py:1245} INFO - 1 downstream tasks scheduled from follow-on schedule check
[2022-03-20 13:55:23,543] {local_task_job.py:151} INFO - Task exited with return code 0
