[2022-03-20 12:52:18,231] {taskinstance.py:876} INFO - Dependencies all met for <TaskInstance: user_processing.extracting_user 2022-01-16T00:00:00+00:00 [queued]>
[2022-03-20 12:52:18,250] {taskinstance.py:876} INFO - Dependencies all met for <TaskInstance: user_processing.extracting_user 2022-01-16T00:00:00+00:00 [queued]>
[2022-03-20 12:52:18,250] {taskinstance.py:1067} INFO - 
--------------------------------------------------------------------------------
[2022-03-20 12:52:18,251] {taskinstance.py:1068} INFO - Starting attempt 1 of 1
[2022-03-20 12:52:18,251] {taskinstance.py:1069} INFO - 
--------------------------------------------------------------------------------
[2022-03-20 12:52:18,338] {taskinstance.py:1087} INFO - Executing <Task(SimpleHttpOperator): extracting_user> on 2022-01-16T00:00:00+00:00
[2022-03-20 12:52:18,347] {standard_task_runner.py:52} INFO - Started process 65581 to run task
[2022-03-20 12:52:18,369] {standard_task_runner.py:76} INFO - Running: ['airflow', 'tasks', 'run', 'user_processing', 'extracting_user', '2022-01-16T00:00:00+00:00', '--job-id', '474', '--pool', 'default_pool', '--raw', '--subdir', 'DAGS_FOLDER/user_processing.py', '--cfg-path', '/tmp/tmpjdbivlld', '--error-file', '/tmp/tmp7zucjypt']
[2022-03-20 12:52:18,371] {standard_task_runner.py:77} INFO - Job 474: Subtask extracting_user
[2022-03-20 12:52:18,531] {logging_mixin.py:104} INFO - Running <TaskInstance: user_processing.extracting_user 2022-01-16T00:00:00+00:00 [running]> on host airflowvm
[2022-03-20 12:52:18,938] {taskinstance.py:1280} INFO - Exporting the following env vars:
AIRFLOW_CTX_DAG_OWNER=airflow
AIRFLOW_CTX_DAG_ID=user_processing
AIRFLOW_CTX_TASK_ID=extracting_user
AIRFLOW_CTX_EXECUTION_DATE=2022-01-16T00:00:00+00:00
AIRFLOW_CTX_DAG_RUN_ID=scheduled__2022-01-16T00:00:00+00:00
[2022-03-20 12:52:18,938] {http.py:111} INFO - Calling HTTP method
[2022-03-20 12:52:18,949] {base.py:69} INFO - Using connection to: id: user_api. Host: https://randomuser.me/, Port: None, Schema: , Login: , Password: ***, extra: {}
[2022-03-20 12:52:18,953] {http.py:140} INFO - Sending 'GET' to url: https://randomuser.me/api/
[2022-03-20 12:52:19,385] {http.py:115} INFO - {"results":[{"gender":"female","name":{"title":"Miss","first":"Elisa","last":"Gallardo"},"location":{"street":{"number":997,"name":"Calle de Atocha"},"city":"Arrecife","state":"Navarra","country":"Spain","postcode":93865,"coordinates":{"latitude":"-20.4875","longitude":"7.0928"},"timezone":{"offset":"-9:00","description":"Alaska"}},"email":"elisa.gallardo@example.com","login":{"uuid":"4401161e-e676-430e-a8c5-8425b432646f","username":"greenleopard349","password":"screwy","salt":"yDAoc3jG","md5":"964352a4cbdc31e0661860c5e2f50ead","sha1":"fecbbfb80e6dc88d03d284d71ae2b32be248a975","sha256":"dafff46ec744a3c20aec8c62868d7d38729a138384b48c1b18257c5a0bfbab5d"},"dob":{"date":"1954-03-28T13:51:04.112Z","age":68},"registered":{"date":"2007-11-14T01:59:09.282Z","age":15},"phone":"932-142-393","cell":"625-046-187","id":{"name":"DNI","value":"23280461-I"},"picture":{"large":"https://randomuser.me/api/portraits/women/69.jpg","medium":"https://randomuser.me/api/portraits/med/women/69.jpg","thumbnail":"https://randomuser.me/api/portraits/thumb/women/69.jpg"},"nat":"ES"}],"info":{"seed":"e7e25cac0ed8d428","results":1,"page":1,"version":"1.3"}}
[2022-03-20 12:52:19,487] {taskinstance.py:1184} INFO - Marking task as SUCCESS. dag_id=user_processing, task_id=extracting_user, execution_date=20220116T000000, start_date=20220320T125218, end_date=20220320T125219
[2022-03-20 12:52:19,661] {taskinstance.py:1245} INFO - 1 downstream tasks scheduled from follow-on schedule check
[2022-03-20 12:52:19,668] {local_task_job.py:151} INFO - Task exited with return code 0
