[2022-03-20 14:17:02,923] {taskinstance.py:876} INFO - Dependencies all met for <TaskInstance: user_processing.processing_user 2020-01-21T00:00:00+00:00 [queued]>
[2022-03-20 14:17:02,934] {taskinstance.py:876} INFO - Dependencies all met for <TaskInstance: user_processing.processing_user 2020-01-21T00:00:00+00:00 [queued]>
[2022-03-20 14:17:02,934] {taskinstance.py:1067} INFO - 
--------------------------------------------------------------------------------
[2022-03-20 14:17:02,935] {taskinstance.py:1068} INFO - Starting attempt 2 of 2
[2022-03-20 14:17:02,935] {taskinstance.py:1069} INFO - 
--------------------------------------------------------------------------------
[2022-03-20 14:17:02,981] {taskinstance.py:1087} INFO - Executing <Task(PythonOperator): processing_user> on 2020-01-21T00:00:00+00:00
[2022-03-20 14:17:02,986] {standard_task_runner.py:52} INFO - Started process 106270 to run task
[2022-03-20 14:17:03,021] {standard_task_runner.py:76} INFO - Running: ['airflow', 'tasks', 'run', 'user_processing', 'processing_user', '2020-01-21T00:00:00+00:00', '--job-id', '1024', '--pool', 'default_pool', '--raw', '--subdir', 'DAGS_FOLDER/user_processing.py', '--cfg-path', '/tmp/tmp6lyunfpl', '--error-file', '/tmp/tmptwul_at3']
[2022-03-20 14:17:03,025] {standard_task_runner.py:77} INFO - Job 1024: Subtask processing_user
[2022-03-20 14:17:03,171] {logging_mixin.py:104} INFO - Running <TaskInstance: user_processing.processing_user 2020-01-21T00:00:00+00:00 [running]> on host airflowvm
[2022-03-20 14:17:03,309] {taskinstance.py:1280} INFO - Exporting the following env vars:
AIRFLOW_CTX_DAG_OWNER=airflow
AIRFLOW_CTX_DAG_ID=user_processing
AIRFLOW_CTX_TASK_ID=processing_user
AIRFLOW_CTX_EXECUTION_DATE=2020-01-21T00:00:00+00:00
AIRFLOW_CTX_DAG_RUN_ID=scheduled__2020-01-21T00:00:00+00:00
[2022-03-20 14:17:03,335] {python.py:151} INFO - Done. Returned value was: None
[2022-03-20 14:17:03,342] {taskinstance.py:1184} INFO - Marking task as SUCCESS. dag_id=user_processing, task_id=processing_user, execution_date=20200121T000000, start_date=20220320T141702, end_date=20220320T141703
[2022-03-20 14:17:03,424] {taskinstance.py:1245} INFO - 1 downstream tasks scheduled from follow-on schedule check
[2022-03-20 14:17:03,441] {local_task_job.py:151} INFO - Task exited with return code 0
