[2022-03-20 13:07:05,828] {taskinstance.py:876} INFO - Dependencies all met for <TaskInstance: user_processing.processing_user 2022-02-13T00:00:00+00:00 [queued]>
[2022-03-20 13:07:05,843] {taskinstance.py:876} INFO - Dependencies all met for <TaskInstance: user_processing.processing_user 2022-02-13T00:00:00+00:00 [queued]>
[2022-03-20 13:07:05,843] {taskinstance.py:1067} INFO - 
--------------------------------------------------------------------------------
[2022-03-20 13:07:05,843] {taskinstance.py:1068} INFO - Starting attempt 1 of 1
[2022-03-20 13:07:05,844] {taskinstance.py:1069} INFO - 
--------------------------------------------------------------------------------
[2022-03-20 13:07:05,883] {taskinstance.py:1087} INFO - Executing <Task(PythonOperator): processing_user> on 2022-02-13T00:00:00+00:00
[2022-03-20 13:07:05,887] {standard_task_runner.py:52} INFO - Started process 72687 to run task
[2022-03-20 13:07:05,905] {standard_task_runner.py:76} INFO - Running: ['airflow', 'tasks', 'run', 'user_processing', 'processing_user', '2022-02-13T00:00:00+00:00', '--job-id', '620', '--pool', 'default_pool', '--raw', '--subdir', 'DAGS_FOLDER/user_processing.py', '--cfg-path', '/tmp/tmp4vfl9l0b', '--error-file', '/tmp/tmp8etqfkfq']
[2022-03-20 13:07:05,907] {standard_task_runner.py:77} INFO - Job 620: Subtask processing_user
[2022-03-20 13:07:06,024] {logging_mixin.py:104} INFO - Running <TaskInstance: user_processing.processing_user 2022-02-13T00:00:00+00:00 [running]> on host airflowvm
[2022-03-20 13:07:06,184] {taskinstance.py:1280} INFO - Exporting the following env vars:
AIRFLOW_CTX_DAG_OWNER=airflow
AIRFLOW_CTX_DAG_ID=user_processing
AIRFLOW_CTX_TASK_ID=processing_user
AIRFLOW_CTX_EXECUTION_DATE=2022-02-13T00:00:00+00:00
AIRFLOW_CTX_DAG_RUN_ID=scheduled__2022-02-13T00:00:00+00:00
[2022-03-20 13:07:06,211] {python.py:151} INFO - Done. Returned value was: None
[2022-03-20 13:07:06,217] {taskinstance.py:1184} INFO - Marking task as SUCCESS. dag_id=user_processing, task_id=processing_user, execution_date=20220213T000000, start_date=20220320T130705, end_date=20220320T130706
[2022-03-20 13:07:06,294] {taskinstance.py:1245} INFO - 1 downstream tasks scheduled from follow-on schedule check
[2022-03-20 13:07:06,315] {local_task_job.py:151} INFO - Task exited with return code 0
