[2022-03-20 14:16:21,392] {taskinstance.py:876} INFO - Dependencies all met for <TaskInstance: user_processing.processing_user 2020-01-16T00:00:00+00:00 [queued]>
[2022-03-20 14:16:21,410] {taskinstance.py:876} INFO - Dependencies all met for <TaskInstance: user_processing.processing_user 2020-01-16T00:00:00+00:00 [queued]>
[2022-03-20 14:16:21,410] {taskinstance.py:1067} INFO - 
--------------------------------------------------------------------------------
[2022-03-20 14:16:21,411] {taskinstance.py:1068} INFO - Starting attempt 2 of 2
[2022-03-20 14:16:21,411] {taskinstance.py:1069} INFO - 
--------------------------------------------------------------------------------
[2022-03-20 14:16:21,454] {taskinstance.py:1087} INFO - Executing <Task(PythonOperator): processing_user> on 2020-01-16T00:00:00+00:00
[2022-03-20 14:16:21,460] {standard_task_runner.py:52} INFO - Started process 105955 to run task
[2022-03-20 14:16:21,483] {standard_task_runner.py:76} INFO - Running: ['airflow', 'tasks', 'run', 'user_processing', 'processing_user', '2020-01-16T00:00:00+00:00', '--job-id', '1019', '--pool', 'default_pool', '--raw', '--subdir', 'DAGS_FOLDER/user_processing.py', '--cfg-path', '/tmp/tmp7l0mjtkr', '--error-file', '/tmp/tmpxuiikekh']
[2022-03-20 14:16:21,485] {standard_task_runner.py:77} INFO - Job 1019: Subtask processing_user
[2022-03-20 14:16:21,764] {logging_mixin.py:104} INFO - Running <TaskInstance: user_processing.processing_user 2020-01-16T00:00:00+00:00 [running]> on host airflowvm
[2022-03-20 14:16:22,077] {taskinstance.py:1280} INFO - Exporting the following env vars:
AIRFLOW_CTX_DAG_OWNER=airflow
AIRFLOW_CTX_DAG_ID=user_processing
AIRFLOW_CTX_TASK_ID=processing_user
AIRFLOW_CTX_EXECUTION_DATE=2020-01-16T00:00:00+00:00
AIRFLOW_CTX_DAG_RUN_ID=scheduled__2020-01-16T00:00:00+00:00
[2022-03-20 14:16:22,228] {python.py:151} INFO - Done. Returned value was: None
[2022-03-20 14:16:22,293] {taskinstance.py:1184} INFO - Marking task as SUCCESS. dag_id=user_processing, task_id=processing_user, execution_date=20200116T000000, start_date=20220320T141621, end_date=20220320T141622
[2022-03-20 14:16:22,628] {taskinstance.py:1245} INFO - 1 downstream tasks scheduled from follow-on schedule check
[2022-03-20 14:16:22,668] {local_task_job.py:151} INFO - Task exited with return code 0
