[2022-03-20 11:51:17,024] {taskinstance.py:876} INFO - Dependencies all met for <TaskInstance: user_processing.extracting_user 2020-01-03T00:00:00+00:00 [queued]>
[2022-03-20 11:51:17,047] {taskinstance.py:876} INFO - Dependencies all met for <TaskInstance: user_processing.extracting_user 2020-01-03T00:00:00+00:00 [queued]>
[2022-03-20 11:51:17,047] {taskinstance.py:1067} INFO - 
--------------------------------------------------------------------------------
[2022-03-20 11:51:17,048] {taskinstance.py:1068} INFO - Starting attempt 1 of 1
[2022-03-20 11:51:17,048] {taskinstance.py:1069} INFO - 
--------------------------------------------------------------------------------
[2022-03-20 11:51:17,151] {taskinstance.py:1087} INFO - Executing <Task(SimpleHttpOperator): extracting_user> on 2020-01-03T00:00:00+00:00
[2022-03-20 11:51:17,156] {standard_task_runner.py:52} INFO - Started process 27494 to run task
[2022-03-20 11:51:17,174] {standard_task_runner.py:76} INFO - Running: ['airflow', 'tasks', 'run', 'user_processing', 'extracting_user', '2020-01-03T00:00:00+00:00', '--job-id', '54', '--pool', 'default_pool', '--raw', '--subdir', 'DAGS_FOLDER/user_processing.py', '--cfg-path', '/tmp/tmp7vfwfa7j', '--error-file', '/tmp/tmpgmn2fppn']
[2022-03-20 11:51:17,177] {standard_task_runner.py:77} INFO - Job 54: Subtask extracting_user
[2022-03-20 11:51:17,304] {logging_mixin.py:104} INFO - Running <TaskInstance: user_processing.extracting_user 2020-01-03T00:00:00+00:00 [running]> on host airflowvm
[2022-03-20 11:51:17,437] {taskinstance.py:1280} INFO - Exporting the following env vars:
AIRFLOW_CTX_DAG_OWNER=airflow
AIRFLOW_CTX_DAG_ID=user_processing
AIRFLOW_CTX_TASK_ID=extracting_user
AIRFLOW_CTX_EXECUTION_DATE=2020-01-03T00:00:00+00:00
AIRFLOW_CTX_DAG_RUN_ID=scheduled__2020-01-03T00:00:00+00:00
[2022-03-20 11:51:17,438] {http.py:111} INFO - Calling HTTP method
[2022-03-20 11:51:17,461] {base.py:69} INFO - Using connection to: id: user_api. Host: https://randomuser.me/, Port: None, Schema: , Login: , Password: ***, extra: {}
[2022-03-20 11:51:17,477] {http.py:140} INFO - Sending 'GET' to url: https://randomuser.me/api/
[2022-03-20 11:51:17,937] {http.py:115} INFO - {"results":[{"gender":"male","name":{"title":"Mr","first":"Kirk","last":"Horton"},"location":{"street":{"number":863,"name":"Avondale Ave"},"city":"Roanoke","state":"Michigan","country":"United States","postcode":49306,"coordinates":{"latitude":"79.8081","longitude":"-22.7344"},"timezone":{"offset":"+5:30","description":"Bombay, Calcutta, Madras, New Delhi"}},"email":"kirk.horton@example.com","login":{"uuid":"96b10b66-80d4-4f32-99e5-898eaf0941e6","username":"whitefrog553","password":"marino13","salt":"HbYq7mif","md5":"cd9ce5e565010b0a69e399c7b8c47a9e","sha1":"0e72a97ce977a589ceb035bd763572f91f60f6ee","sha256":"54fa197209b5cb7e3ebd59420754e44d9c22487a8f6b08967eb19d013383fc51"},"dob":{"date":"1977-03-30T22:37:18.795Z","age":45},"registered":{"date":"2011-12-14T13:57:12.326Z","age":11},"phone":"(690)-521-8445","cell":"(869)-495-0269","id":{"name":"SSN","value":"428-64-8655"},"picture":{"large":"https://randomuser.me/api/portraits/men/87.jpg","medium":"https://randomuser.me/api/portraits/med/men/87.jpg","thumbnail":"https://randomuser.me/api/portraits/thumb/men/87.jpg"},"nat":"US"}],"info":{"seed":"6614a06d373a7db3","results":1,"page":1,"version":"1.3"}}
[2022-03-20 11:51:17,989] {taskinstance.py:1184} INFO - Marking task as SUCCESS. dag_id=user_processing, task_id=extracting_user, execution_date=20200103T000000, start_date=20220320T115117, end_date=20220320T115117
[2022-03-20 11:51:18,069] {taskinstance.py:1245} INFO - 1 downstream tasks scheduled from follow-on schedule check
[2022-03-20 11:51:18,089] {local_task_job.py:151} INFO - Task exited with return code 0
