[2022-03-20 14:01:38,630] {taskinstance.py:876} INFO - Dependencies all met for <TaskInstance: user_processing.extracting_user 2020-01-03T00:00:00+00:00 [queued]>
[2022-03-20 14:01:38,648] {taskinstance.py:876} INFO - Dependencies all met for <TaskInstance: user_processing.extracting_user 2020-01-03T00:00:00+00:00 [queued]>
[2022-03-20 14:01:38,649] {taskinstance.py:1067} INFO - 
--------------------------------------------------------------------------------
[2022-03-20 14:01:38,649] {taskinstance.py:1068} INFO - Starting attempt 2 of 2
[2022-03-20 14:01:38,649] {taskinstance.py:1069} INFO - 
--------------------------------------------------------------------------------
[2022-03-20 14:01:38,686] {taskinstance.py:1087} INFO - Executing <Task(SimpleHttpOperator): extracting_user> on 2020-01-03T00:00:00+00:00
[2022-03-20 14:01:38,691] {standard_task_runner.py:52} INFO - Started process 97529 to run task
[2022-03-20 14:01:38,707] {standard_task_runner.py:76} INFO - Running: ['airflow', 'tasks', 'run', 'user_processing', 'extracting_user', '2020-01-03T00:00:00+00:00', '--job-id', '906', '--pool', 'default_pool', '--raw', '--subdir', 'DAGS_FOLDER/user_processing.py', '--cfg-path', '/tmp/tmp27cr2wns', '--error-file', '/tmp/tmp7atgodpv']
[2022-03-20 14:01:38,708] {standard_task_runner.py:77} INFO - Job 906: Subtask extracting_user
[2022-03-20 14:01:38,837] {logging_mixin.py:104} INFO - Running <TaskInstance: user_processing.extracting_user 2020-01-03T00:00:00+00:00 [running]> on host airflowvm
[2022-03-20 14:01:39,037] {taskinstance.py:1280} INFO - Exporting the following env vars:
AIRFLOW_CTX_DAG_OWNER=airflow
AIRFLOW_CTX_DAG_ID=user_processing
AIRFLOW_CTX_TASK_ID=extracting_user
AIRFLOW_CTX_EXECUTION_DATE=2020-01-03T00:00:00+00:00
AIRFLOW_CTX_DAG_RUN_ID=scheduled__2020-01-03T00:00:00+00:00
[2022-03-20 14:01:39,038] {http.py:111} INFO - Calling HTTP method
[2022-03-20 14:01:39,049] {base.py:69} INFO - Using connection to: id: user_api. Host: https://randomuser.me/, Port: None, Schema: , Login: , Password: ***, extra: {}
[2022-03-20 14:01:39,055] {http.py:140} INFO - Sending 'GET' to url: https://randomuser.me/api/
[2022-03-20 14:01:39,622] {http.py:115} INFO - {"results":[{"gender":"male","name":{"title":"Mr","first":"Wladimir","last":"Brix"},"location":{"street":{"number":9923,"name":"Königsberger Straße"},"city":"Neu-Anspach","state":"Bremen","country":"Germany","postcode":54615,"coordinates":{"latitude":"-46.7967","longitude":"-34.1297"},"timezone":{"offset":"-4:00","description":"Atlantic Time (Canada), Caracas, La Paz"}},"email":"wladimir.brix@example.com","login":{"uuid":"f14f9947-c7d6-47d5-921c-8209ffbed41e","username":"bigrabbit556","password":"boytoy","salt":"XC1AD2wu","md5":"aa8f838c985be6b49a64f3df3792dcc6","sha1":"42ff0671187ce64cf117c96d134a57efc940f2d6","sha256":"53a97f34d70236bd6e8cdcea0ddf15f205c2d9cdfcd170298bc297eefc8f68e8"},"dob":{"date":"1951-09-08T18:32:56.468Z","age":71},"registered":{"date":"2002-09-21T01:32:34.164Z","age":20},"phone":"0997-9820910","cell":"0178-8915621","id":{"name":"","value":null},"picture":{"large":"https://randomuser.me/api/portraits/men/57.jpg","medium":"https://randomuser.me/api/portraits/med/men/57.jpg","thumbnail":"https://randomuser.me/api/portraits/thumb/men/57.jpg"},"nat":"DE"}],"info":{"seed":"affa74b6d2881c24","results":1,"page":1,"version":"1.3"}}
[2022-03-20 14:01:39,677] {taskinstance.py:1184} INFO - Marking task as SUCCESS. dag_id=user_processing, task_id=extracting_user, execution_date=20200103T000000, start_date=20220320T140138, end_date=20220320T140139
[2022-03-20 14:01:39,773] {taskinstance.py:1245} INFO - 1 downstream tasks scheduled from follow-on schedule check
[2022-03-20 14:01:39,785] {local_task_job.py:151} INFO - Task exited with return code 0
