[2022-03-20 13:15:13,818] {taskinstance.py:876} INFO - Dependencies all met for <TaskInstance: user_processing.processing_user 2022-03-02T00:00:00+00:00 [queued]>
[2022-03-20 13:15:13,832] {taskinstance.py:876} INFO - Dependencies all met for <TaskInstance: user_processing.processing_user 2022-03-02T00:00:00+00:00 [queued]>
[2022-03-20 13:15:13,835] {taskinstance.py:1067} INFO - 
--------------------------------------------------------------------------------
[2022-03-20 13:15:13,835] {taskinstance.py:1068} INFO - Starting attempt 1 of 1
[2022-03-20 13:15:13,835] {taskinstance.py:1069} INFO - 
--------------------------------------------------------------------------------
[2022-03-20 13:15:13,870] {taskinstance.py:1087} INFO - Executing <Task(PythonOperator): processing_user> on 2022-03-02T00:00:00+00:00
[2022-03-20 13:15:13,874] {standard_task_runner.py:52} INFO - Started process 79144 to run task
[2022-03-20 13:15:13,890] {standard_task_runner.py:76} INFO - Running: ['airflow', 'tasks', 'run', 'user_processing', 'processing_user', '2022-03-02T00:00:00+00:00', '--job-id', '705', '--pool', 'default_pool', '--raw', '--subdir', 'DAGS_FOLDER/user_processing.py', '--cfg-path', '/tmp/tmpdumiwjmh', '--error-file', '/tmp/tmpcad9va4f']
[2022-03-20 13:15:13,892] {standard_task_runner.py:77} INFO - Job 705: Subtask processing_user
[2022-03-20 13:15:14,018] {logging_mixin.py:104} INFO - Running <TaskInstance: user_processing.processing_user 2022-03-02T00:00:00+00:00 [running]> on host airflowvm
[2022-03-20 13:15:14,176] {taskinstance.py:1280} INFO - Exporting the following env vars:
AIRFLOW_CTX_DAG_OWNER=airflow
AIRFLOW_CTX_DAG_ID=user_processing
AIRFLOW_CTX_TASK_ID=processing_user
AIRFLOW_CTX_EXECUTION_DATE=2022-03-02T00:00:00+00:00
AIRFLOW_CTX_DAG_RUN_ID=scheduled__2022-03-02T00:00:00+00:00
[2022-03-20 13:15:14,204] {python.py:151} INFO - Done. Returned value was: None
[2022-03-20 13:15:14,212] {taskinstance.py:1184} INFO - Marking task as SUCCESS. dag_id=user_processing, task_id=processing_user, execution_date=20220302T000000, start_date=20220320T131513, end_date=20220320T131514
[2022-03-20 13:15:14,309] {taskinstance.py:1245} INFO - 1 downstream tasks scheduled from follow-on schedule check
[2022-03-20 13:15:14,357] {local_task_job.py:151} INFO - Task exited with return code 0
