[2022-03-20 14:18:22,259] {taskinstance.py:876} INFO - Dependencies all met for <TaskInstance: user_processing.processing_user 2022-02-07T00:00:00+00:00 [queued]>
[2022-03-20 14:18:22,275] {taskinstance.py:876} INFO - Dependencies all met for <TaskInstance: user_processing.processing_user 2022-02-07T00:00:00+00:00 [queued]>
[2022-03-20 14:18:22,276] {taskinstance.py:1067} INFO - 
--------------------------------------------------------------------------------
[2022-03-20 14:18:22,276] {taskinstance.py:1068} INFO - Starting attempt 2 of 2
[2022-03-20 14:18:22,276] {taskinstance.py:1069} INFO - 
--------------------------------------------------------------------------------
[2022-03-20 14:18:22,315] {taskinstance.py:1087} INFO - Executing <Task(PythonOperator): processing_user> on 2022-02-07T00:00:00+00:00
[2022-03-20 14:18:22,320] {standard_task_runner.py:52} INFO - Started process 107076 to run task
[2022-03-20 14:18:22,338] {standard_task_runner.py:76} INFO - Running: ['airflow', 'tasks', 'run', 'user_processing', 'processing_user', '2022-02-07T00:00:00+00:00', '--job-id', '1034', '--pool', 'default_pool', '--raw', '--subdir', 'DAGS_FOLDER/user_processing.py', '--cfg-path', '/tmp/tmpsdzqj1gc', '--error-file', '/tmp/tmp1mxrtiw2']
[2022-03-20 14:18:22,340] {standard_task_runner.py:77} INFO - Job 1034: Subtask processing_user
[2022-03-20 14:18:22,464] {logging_mixin.py:104} INFO - Running <TaskInstance: user_processing.processing_user 2022-02-07T00:00:00+00:00 [running]> on host airflowvm
[2022-03-20 14:18:22,657] {taskinstance.py:1280} INFO - Exporting the following env vars:
AIRFLOW_CTX_DAG_OWNER=airflow
AIRFLOW_CTX_DAG_ID=user_processing
AIRFLOW_CTX_TASK_ID=processing_user
AIRFLOW_CTX_EXECUTION_DATE=2022-02-07T00:00:00+00:00
AIRFLOW_CTX_DAG_RUN_ID=scheduled__2022-02-07T00:00:00+00:00
[2022-03-20 14:18:22,681] {python.py:151} INFO - Done. Returned value was: None
[2022-03-20 14:18:22,687] {taskinstance.py:1184} INFO - Marking task as SUCCESS. dag_id=user_processing, task_id=processing_user, execution_date=20220207T000000, start_date=20220320T141822, end_date=20220320T141822
[2022-03-20 14:18:22,764] {taskinstance.py:1245} INFO - 1 downstream tasks scheduled from follow-on schedule check
[2022-03-20 14:18:22,804] {local_task_job.py:151} INFO - Task exited with return code 0
