[2022-03-20 09:55:50,511] {taskinstance.py:876} INFO - Dependencies all met for <TaskInstance: user_processing.extracting_user 2022-03-19T00:00:00+00:00 [queued]>
[2022-03-20 09:55:50,537] {taskinstance.py:876} INFO - Dependencies all met for <TaskInstance: user_processing.extracting_user 2022-03-19T00:00:00+00:00 [queued]>
[2022-03-20 09:55:50,538] {taskinstance.py:1067} INFO - 
--------------------------------------------------------------------------------
[2022-03-20 09:55:50,538] {taskinstance.py:1068} INFO - Starting attempt 1 of 1
[2022-03-20 09:55:50,545] {taskinstance.py:1069} INFO - 
--------------------------------------------------------------------------------
[2022-03-20 09:55:50,595] {taskinstance.py:1087} INFO - Executing <Task(SimpleHttpOperator): extracting_user> on 2022-03-19T00:00:00+00:00
[2022-03-20 09:55:50,600] {standard_task_runner.py:52} INFO - Started process 12206 to run task
[2022-03-20 09:55:50,623] {standard_task_runner.py:76} INFO - Running: ['airflow', 'tasks', 'run', 'user_processing', 'extracting_user', '2022-03-19T00:00:00+00:00', '--job-id', '13', '--pool', 'default_pool', '--raw', '--subdir', 'DAGS_FOLDER/user_processing.py', '--cfg-path', '/tmp/tmpguvy4trs', '--error-file', '/tmp/tmp_o_26ytz']
[2022-03-20 09:55:50,630] {standard_task_runner.py:77} INFO - Job 13: Subtask extracting_user
[2022-03-20 09:55:50,784] {logging_mixin.py:104} INFO - Running <TaskInstance: user_processing.extracting_user 2022-03-19T00:00:00+00:00 [running]> on host airflowvm
[2022-03-20 09:55:50,945] {taskinstance.py:1280} INFO - Exporting the following env vars:
AIRFLOW_CTX_DAG_OWNER=airflow
AIRFLOW_CTX_DAG_ID=user_processing
AIRFLOW_CTX_TASK_ID=extracting_user
AIRFLOW_CTX_EXECUTION_DATE=2022-03-19T00:00:00+00:00
AIRFLOW_CTX_DAG_RUN_ID=scheduled__2022-03-19T00:00:00+00:00
[2022-03-20 09:55:50,947] {http.py:111} INFO - Calling HTTP method
[2022-03-20 09:55:50,960] {base.py:69} INFO - Using connection to: id: user_api. Host: https://randomuser.me/, Port: None, Schema: , Login: , Password: ***, extra: {}
[2022-03-20 09:55:50,965] {http.py:140} INFO - Sending 'GET' to url: https://randomuser.me/api/
[2022-03-20 09:55:51,346] {http.py:115} INFO - {"results":[{"gender":"male","name":{"title":"Mr","first":"Matéo","last":"Morel"},"location":{"street":{"number":8843,"name":"Rue Barrier"},"city":"Aulnay-sous-Bois","state":"Côtes-D'Armor","country":"France","postcode":52132,"coordinates":{"latitude":"-2.9511","longitude":"-68.0911"},"timezone":{"offset":"+7:00","description":"Bangkok, Hanoi, Jakarta"}},"email":"mateo.morel@example.com","login":{"uuid":"abde6137-e8fd-4537-9da6-c4327eca1fc7","username":"redgorilla822","password":"sullivan","salt":"6I0YwnDK","md5":"283f8e2531548bf26d47d6dd31e2962f","sha1":"5df355b03ba66d5d38cef247b80588d45ca0a298","sha256":"44f19f34d70b49c76698e28a6092838398d68fc2126652359f01162239eee49f"},"dob":{"date":"1961-06-20T03:18:34.662Z","age":61},"registered":{"date":"2005-09-27T05:29:37.235Z","age":17},"phone":"03-88-61-97-46","cell":"06-98-91-52-77","id":{"name":"INSEE","value":"1NNaN09304910 61"},"picture":{"large":"https://randomuser.me/api/portraits/men/17.jpg","medium":"https://randomuser.me/api/portraits/med/men/17.jpg","thumbnail":"https://randomuser.me/api/portraits/thumb/men/17.jpg"},"nat":"FR"}],"info":{"seed":"c162725d1e07215f","results":1,"page":1,"version":"1.3"}}
[2022-03-20 09:55:51,424] {taskinstance.py:1184} INFO - Marking task as SUCCESS. dag_id=user_processing, task_id=extracting_user, execution_date=20220319T000000, start_date=20220320T095550, end_date=20220320T095551
[2022-03-20 09:55:51,484] {taskinstance.py:1245} INFO - 0 downstream tasks scheduled from follow-on schedule check
[2022-03-20 09:55:51,507] {local_task_job.py:151} INFO - Task exited with return code 0
