[2022-03-20 12:08:17,293] {taskinstance.py:876} INFO - Dependencies all met for <TaskInstance: user_processing.extracting_user 2020-02-07T00:00:00+00:00 [queued]>
[2022-03-20 12:08:17,309] {taskinstance.py:876} INFO - Dependencies all met for <TaskInstance: user_processing.extracting_user 2020-02-07T00:00:00+00:00 [queued]>
[2022-03-20 12:08:17,310] {taskinstance.py:1067} INFO - 
--------------------------------------------------------------------------------
[2022-03-20 12:08:17,310] {taskinstance.py:1068} INFO - Starting attempt 1 of 1
[2022-03-20 12:08:17,310] {taskinstance.py:1069} INFO - 
--------------------------------------------------------------------------------
[2022-03-20 12:08:17,350] {taskinstance.py:1087} INFO - Executing <Task(SimpleHttpOperator): extracting_user> on 2020-02-07T00:00:00+00:00
[2022-03-20 12:08:17,355] {standard_task_runner.py:52} INFO - Started process 40350 to run task
[2022-03-20 12:08:17,371] {standard_task_runner.py:76} INFO - Running: ['airflow', 'tasks', 'run', 'user_processing', 'extracting_user', '2020-02-07T00:00:00+00:00', '--job-id', '229', '--pool', 'default_pool', '--raw', '--subdir', 'DAGS_FOLDER/user_processing.py', '--cfg-path', '/tmp/tmpwewcde3n', '--error-file', '/tmp/tmpl8k3ifyy']
[2022-03-20 12:08:17,372] {standard_task_runner.py:77} INFO - Job 229: Subtask extracting_user
[2022-03-20 12:08:17,473] {logging_mixin.py:104} INFO - Running <TaskInstance: user_processing.extracting_user 2020-02-07T00:00:00+00:00 [running]> on host airflowvm
[2022-03-20 12:08:17,604] {taskinstance.py:1280} INFO - Exporting the following env vars:
AIRFLOW_CTX_DAG_OWNER=airflow
AIRFLOW_CTX_DAG_ID=user_processing
AIRFLOW_CTX_TASK_ID=extracting_user
AIRFLOW_CTX_EXECUTION_DATE=2020-02-07T00:00:00+00:00
AIRFLOW_CTX_DAG_RUN_ID=scheduled__2020-02-07T00:00:00+00:00
[2022-03-20 12:08:17,606] {http.py:111} INFO - Calling HTTP method
[2022-03-20 12:08:17,616] {base.py:69} INFO - Using connection to: id: user_api. Host: https://randomuser.me/, Port: None, Schema: , Login: , Password: ***, extra: {}
[2022-03-20 12:08:17,619] {http.py:140} INFO - Sending 'GET' to url: https://randomuser.me/api/
[2022-03-20 12:08:18,138] {http.py:115} INFO - {"results":[{"gender":"male","name":{"title":"Mr","first":"Efe","last":"Günday"},"location":{"street":{"number":3278,"name":"Şehitler Cd"},"city":"Ankara","state":"Şanlıurfa","country":"Turkey","postcode":21820,"coordinates":{"latitude":"78.6457","longitude":"-148.0692"},"timezone":{"offset":"+6:00","description":"Almaty, Dhaka, Colombo"}},"email":"efe.gunday@example.com","login":{"uuid":"46c551c2-684c-4a88-8cf1-3a285251d279","username":"yellowcat322","password":"salem","salt":"zGrWQFGF","md5":"46164340ab37ef7a86fc0fc02a1a7033","sha1":"e310ad8cd4026dda96cd79f7b3e288c957dde9ce","sha256":"95998c1193258cbe4491d986c2187a535ebbfca05767c795cb9dde9daa5d10aa"},"dob":{"date":"1978-06-24T12:43:23.415Z","age":44},"registered":{"date":"2004-07-22T09:10:06.164Z","age":18},"phone":"(313)-081-4699","cell":"(987)-379-7374","id":{"name":"","value":null},"picture":{"large":"https://randomuser.me/api/portraits/men/54.jpg","medium":"https://randomuser.me/api/portraits/med/men/54.jpg","thumbnail":"https://randomuser.me/api/portraits/thumb/men/54.jpg"},"nat":"TR"}],"info":{"seed":"ca0d178675d8405c","results":1,"page":1,"version":"1.3"}}
[2022-03-20 12:08:18,233] {taskinstance.py:1184} INFO - Marking task as SUCCESS. dag_id=user_processing, task_id=extracting_user, execution_date=20200207T000000, start_date=20220320T120817, end_date=20220320T120818
[2022-03-20 12:08:18,406] {taskinstance.py:1245} INFO - 1 downstream tasks scheduled from follow-on schedule check
[2022-03-20 12:08:18,422] {local_task_job.py:151} INFO - Task exited with return code 0
