[2022-03-20 13:10:07,986] {taskinstance.py:876} INFO - Dependencies all met for <TaskInstance: user_processing.processing_user 2022-02-19T00:00:00+00:00 [queued]>
[2022-03-20 13:10:08,008] {taskinstance.py:876} INFO - Dependencies all met for <TaskInstance: user_processing.processing_user 2022-02-19T00:00:00+00:00 [queued]>
[2022-03-20 13:10:08,008] {taskinstance.py:1067} INFO - 
--------------------------------------------------------------------------------
[2022-03-20 13:10:08,008] {taskinstance.py:1068} INFO - Starting attempt 1 of 1
[2022-03-20 13:10:08,009] {taskinstance.py:1069} INFO - 
--------------------------------------------------------------------------------
[2022-03-20 13:10:08,051] {taskinstance.py:1087} INFO - Executing <Task(PythonOperator): processing_user> on 2022-02-19T00:00:00+00:00
[2022-03-20 13:10:08,057] {standard_task_runner.py:52} INFO - Started process 74919 to run task
[2022-03-20 13:10:08,074] {standard_task_runner.py:76} INFO - Running: ['airflow', 'tasks', 'run', 'user_processing', 'processing_user', '2022-02-19T00:00:00+00:00', '--job-id', '650', '--pool', 'default_pool', '--raw', '--subdir', 'DAGS_FOLDER/user_processing.py', '--cfg-path', '/tmp/tmprqnu6pw3', '--error-file', '/tmp/tmp6q13x0lk']
[2022-03-20 13:10:08,075] {standard_task_runner.py:77} INFO - Job 650: Subtask processing_user
[2022-03-20 13:10:08,206] {logging_mixin.py:104} INFO - Running <TaskInstance: user_processing.processing_user 2022-02-19T00:00:00+00:00 [running]> on host airflowvm
[2022-03-20 13:10:08,395] {taskinstance.py:1280} INFO - Exporting the following env vars:
AIRFLOW_CTX_DAG_OWNER=airflow
AIRFLOW_CTX_DAG_ID=user_processing
AIRFLOW_CTX_TASK_ID=processing_user
AIRFLOW_CTX_EXECUTION_DATE=2022-02-19T00:00:00+00:00
AIRFLOW_CTX_DAG_RUN_ID=scheduled__2022-02-19T00:00:00+00:00
[2022-03-20 13:10:08,435] {python.py:151} INFO - Done. Returned value was: None
[2022-03-20 13:10:08,447] {taskinstance.py:1184} INFO - Marking task as SUCCESS. dag_id=user_processing, task_id=processing_user, execution_date=20220219T000000, start_date=20220320T131007, end_date=20220320T131008
[2022-03-20 13:10:08,580] {taskinstance.py:1245} INFO - 1 downstream tasks scheduled from follow-on schedule check
[2022-03-20 13:10:08,591] {local_task_job.py:151} INFO - Task exited with return code 0
