[2022-03-20 12:04:54,068] {taskinstance.py:876} INFO - Dependencies all met for <TaskInstance: user_processing.extracting_user 2020-01-31T00:00:00+00:00 [queued]>
[2022-03-20 12:04:54,086] {taskinstance.py:876} INFO - Dependencies all met for <TaskInstance: user_processing.extracting_user 2020-01-31T00:00:00+00:00 [queued]>
[2022-03-20 12:04:54,086] {taskinstance.py:1067} INFO - 
--------------------------------------------------------------------------------
[2022-03-20 12:04:54,086] {taskinstance.py:1068} INFO - Starting attempt 1 of 1
[2022-03-20 12:04:54,086] {taskinstance.py:1069} INFO - 
--------------------------------------------------------------------------------
[2022-03-20 12:04:54,141] {taskinstance.py:1087} INFO - Executing <Task(SimpleHttpOperator): extracting_user> on 2020-01-31T00:00:00+00:00
[2022-03-20 12:04:54,145] {standard_task_runner.py:52} INFO - Started process 37806 to run task
[2022-03-20 12:04:54,163] {standard_task_runner.py:76} INFO - Running: ['airflow', 'tasks', 'run', 'user_processing', 'extracting_user', '2020-01-31T00:00:00+00:00', '--job-id', '194', '--pool', 'default_pool', '--raw', '--subdir', 'DAGS_FOLDER/user_processing.py', '--cfg-path', '/tmp/tmpf4evohnm', '--error-file', '/tmp/tmpl8txr3zb']
[2022-03-20 12:04:54,164] {standard_task_runner.py:77} INFO - Job 194: Subtask extracting_user
[2022-03-20 12:04:54,276] {logging_mixin.py:104} INFO - Running <TaskInstance: user_processing.extracting_user 2020-01-31T00:00:00+00:00 [running]> on host airflowvm
[2022-03-20 12:04:54,455] {taskinstance.py:1280} INFO - Exporting the following env vars:
AIRFLOW_CTX_DAG_OWNER=airflow
AIRFLOW_CTX_DAG_ID=user_processing
AIRFLOW_CTX_TASK_ID=extracting_user
AIRFLOW_CTX_EXECUTION_DATE=2020-01-31T00:00:00+00:00
AIRFLOW_CTX_DAG_RUN_ID=scheduled__2020-01-31T00:00:00+00:00
[2022-03-20 12:04:54,456] {http.py:111} INFO - Calling HTTP method
[2022-03-20 12:04:54,467] {base.py:69} INFO - Using connection to: id: user_api. Host: https://randomuser.me/, Port: None, Schema: , Login: , Password: ***, extra: {}
[2022-03-20 12:04:54,472] {http.py:140} INFO - Sending 'GET' to url: https://randomuser.me/api/
[2022-03-20 12:04:55,035] {http.py:115} INFO - {"results":[{"gender":"female","name":{"title":"Miss","first":"Paige","last":"Olson"},"location":{"street":{"number":421,"name":"Cork Street"},"city":"Bray","state":"Galway","country":"Ireland","postcode":48430,"coordinates":{"latitude":"26.0289","longitude":"157.4803"},"timezone":{"offset":"-3:30","description":"Newfoundland"}},"email":"paige.olson@example.com","login":{"uuid":"ca350125-68d9-48d9-895f-ca812036afdf","username":"whiterabbit683","password":"farmboy","salt":"I2LFZKXJ","md5":"414d4e900735c8e19c43fe4e7bd05197","sha1":"c1f06b735ebfcaa2192bf1382402e29b5287ace5","sha256":"5c2e361deb943a299dc394c9054d43bb7c4c55213fa948feee7c903c73455e18"},"dob":{"date":"1973-04-09T04:12:23.348Z","age":49},"registered":{"date":"2003-09-14T19:30:50.674Z","age":19},"phone":"011-246-9897","cell":"081-482-6693","id":{"name":"PPS","value":"7311087T"},"picture":{"large":"https://randomuser.me/api/portraits/women/16.jpg","medium":"https://randomuser.me/api/portraits/med/women/16.jpg","thumbnail":"https://randomuser.me/api/portraits/thumb/women/16.jpg"},"nat":"IE"}],"info":{"seed":"b46c8b7a241173fe","results":1,"page":1,"version":"1.3"}}
[2022-03-20 12:04:55,101] {taskinstance.py:1184} INFO - Marking task as SUCCESS. dag_id=user_processing, task_id=extracting_user, execution_date=20200131T000000, start_date=20220320T120454, end_date=20220320T120455
[2022-03-20 12:04:55,258] {taskinstance.py:1245} INFO - 1 downstream tasks scheduled from follow-on schedule check
[2022-03-20 12:04:55,299] {local_task_job.py:151} INFO - Task exited with return code 0
