[2022-03-20 14:19:00,694] {taskinstance.py:876} INFO - Dependencies all met for <TaskInstance: user_processing.processing_user 2022-02-14T00:00:00+00:00 [queued]>
[2022-03-20 14:19:00,745] {taskinstance.py:876} INFO - Dependencies all met for <TaskInstance: user_processing.processing_user 2022-02-14T00:00:00+00:00 [queued]>
[2022-03-20 14:19:00,748] {taskinstance.py:1067} INFO - 
--------------------------------------------------------------------------------
[2022-03-20 14:19:00,749] {taskinstance.py:1068} INFO - Starting attempt 2 of 2
[2022-03-20 14:19:00,749] {taskinstance.py:1069} INFO - 
--------------------------------------------------------------------------------
[2022-03-20 14:19:00,820] {taskinstance.py:1087} INFO - Executing <Task(PythonOperator): processing_user> on 2022-02-14T00:00:00+00:00
[2022-03-20 14:19:00,826] {standard_task_runner.py:52} INFO - Started process 107357 to run task
[2022-03-20 14:19:00,853] {standard_task_runner.py:76} INFO - Running: ['airflow', 'tasks', 'run', 'user_processing', 'processing_user', '2022-02-14T00:00:00+00:00', '--job-id', '1041', '--pool', 'default_pool', '--raw', '--subdir', 'DAGS_FOLDER/user_processing.py', '--cfg-path', '/tmp/tmp67qarb6x', '--error-file', '/tmp/tmpr405ymo0']
[2022-03-20 14:19:00,855] {standard_task_runner.py:77} INFO - Job 1041: Subtask processing_user
[2022-03-20 14:19:01,022] {logging_mixin.py:104} INFO - Running <TaskInstance: user_processing.processing_user 2022-02-14T00:00:00+00:00 [running]> on host airflowvm
[2022-03-20 14:19:01,257] {taskinstance.py:1280} INFO - Exporting the following env vars:
AIRFLOW_CTX_DAG_OWNER=airflow
AIRFLOW_CTX_DAG_ID=user_processing
AIRFLOW_CTX_TASK_ID=processing_user
AIRFLOW_CTX_EXECUTION_DATE=2022-02-14T00:00:00+00:00
AIRFLOW_CTX_DAG_RUN_ID=scheduled__2022-02-14T00:00:00+00:00
[2022-03-20 14:19:01,289] {python.py:151} INFO - Done. Returned value was: None
[2022-03-20 14:19:01,296] {taskinstance.py:1184} INFO - Marking task as SUCCESS. dag_id=user_processing, task_id=processing_user, execution_date=20220214T000000, start_date=20220320T141900, end_date=20220320T141901
[2022-03-20 14:19:01,386] {taskinstance.py:1245} INFO - 1 downstream tasks scheduled from follow-on schedule check
[2022-03-20 14:19:01,403] {local_task_job.py:151} INFO - Task exited with return code 0
