[2022-03-20 14:10:46,152] {taskinstance.py:876} INFO - Dependencies all met for <TaskInstance: user_processing.extracting_user 2022-02-13T00:00:00+00:00 [queued]>
[2022-03-20 14:10:46,170] {taskinstance.py:876} INFO - Dependencies all met for <TaskInstance: user_processing.extracting_user 2022-02-13T00:00:00+00:00 [queued]>
[2022-03-20 14:10:46,170] {taskinstance.py:1067} INFO - 
--------------------------------------------------------------------------------
[2022-03-20 14:10:46,170] {taskinstance.py:1068} INFO - Starting attempt 2 of 2
[2022-03-20 14:10:46,171] {taskinstance.py:1069} INFO - 
--------------------------------------------------------------------------------
[2022-03-20 14:10:46,209] {taskinstance.py:1087} INFO - Executing <Task(SimpleHttpOperator): extracting_user> on 2022-02-13T00:00:00+00:00
[2022-03-20 14:10:46,215] {standard_task_runner.py:52} INFO - Started process 102588 to run task
[2022-03-20 14:10:46,234] {standard_task_runner.py:76} INFO - Running: ['airflow', 'tasks', 'run', 'user_processing', 'extracting_user', '2022-02-13T00:00:00+00:00', '--job-id', '975', '--pool', 'default_pool', '--raw', '--subdir', 'DAGS_FOLDER/user_processing.py', '--cfg-path', '/tmp/tmpn452trfn', '--error-file', '/tmp/tmpwna3_jh3']
[2022-03-20 14:10:46,236] {standard_task_runner.py:77} INFO - Job 975: Subtask extracting_user
[2022-03-20 14:10:46,399] {logging_mixin.py:104} INFO - Running <TaskInstance: user_processing.extracting_user 2022-02-13T00:00:00+00:00 [running]> on host airflowvm
[2022-03-20 14:10:46,621] {taskinstance.py:1280} INFO - Exporting the following env vars:
AIRFLOW_CTX_DAG_OWNER=airflow
AIRFLOW_CTX_DAG_ID=user_processing
AIRFLOW_CTX_TASK_ID=extracting_user
AIRFLOW_CTX_EXECUTION_DATE=2022-02-13T00:00:00+00:00
AIRFLOW_CTX_DAG_RUN_ID=scheduled__2022-02-13T00:00:00+00:00
[2022-03-20 14:10:46,622] {http.py:111} INFO - Calling HTTP method
[2022-03-20 14:10:46,632] {base.py:69} INFO - Using connection to: id: user_api. Host: https://randomuser.me/, Port: None, Schema: , Login: , Password: ***, extra: {}
[2022-03-20 14:10:46,636] {http.py:140} INFO - Sending 'GET' to url: https://randomuser.me/api/
[2022-03-20 14:10:47,043] {http.py:115} INFO - {"results":[{"gender":"female","name":{"title":"Ms","first":"Soline","last":"Marie"},"location":{"street":{"number":7224,"name":"Rue Denfert-Rochereau"},"city":"Rueil-Malmaison","state":"Calvados","country":"France","postcode":39088,"coordinates":{"latitude":"-0.1334","longitude":"143.8786"},"timezone":{"offset":"+9:00","description":"Tokyo, Seoul, Osaka, Sapporo, Yakutsk"}},"email":"soline.marie@example.com","login":{"uuid":"e9cebac2-5e0c-4b3f-96e8-2390bb90c62c","username":"orangedog311","password":"turnip","salt":"5aXSm8uA","md5":"83fb07e53d73792f472c50d5422a4d61","sha1":"eaa97d8c64382432e0b6ed2d38b2e9e8d3fb74c1","sha256":"654907f86f4f76fd5450d2ca590330438f70df506b6300af8d93a64a54feb5a2"},"dob":{"date":"1977-03-11T07:17:02.655Z","age":45},"registered":{"date":"2003-03-17T03:00:21.494Z","age":19},"phone":"04-50-74-17-77","cell":"06-86-45-62-78","id":{"name":"INSEE","value":"2NNaN72412819 05"},"picture":{"large":"https://randomuser.me/api/portraits/women/72.jpg","medium":"https://randomuser.me/api/portraits/med/women/72.jpg","thumbnail":"https://randomuser.me/api/portraits/thumb/women/72.jpg"},"nat":"FR"}],"info":{"seed":"f05f757580609634","results":1,"page":1,"version":"1.3"}}
[2022-03-20 14:10:47,164] {taskinstance.py:1184} INFO - Marking task as SUCCESS. dag_id=user_processing, task_id=extracting_user, execution_date=20220213T000000, start_date=20220320T141046, end_date=20220320T141047
[2022-03-20 14:10:47,276] {taskinstance.py:1245} INFO - 1 downstream tasks scheduled from follow-on schedule check
[2022-03-20 14:10:47,313] {local_task_job.py:151} INFO - Task exited with return code 0
