[2022-03-20 13:16:34,703] {taskinstance.py:876} INFO - Dependencies all met for <TaskInstance: user_processing.extracting_user 2022-03-06T00:00:00+00:00 [queued]>
[2022-03-20 13:16:34,719] {taskinstance.py:876} INFO - Dependencies all met for <TaskInstance: user_processing.extracting_user 2022-03-06T00:00:00+00:00 [queued]>
[2022-03-20 13:16:34,720] {taskinstance.py:1067} INFO - 
--------------------------------------------------------------------------------
[2022-03-20 13:16:34,720] {taskinstance.py:1068} INFO - Starting attempt 1 of 1
[2022-03-20 13:16:34,720] {taskinstance.py:1069} INFO - 
--------------------------------------------------------------------------------
[2022-03-20 13:16:34,758] {taskinstance.py:1087} INFO - Executing <Task(SimpleHttpOperator): extracting_user> on 2022-03-06T00:00:00+00:00
[2022-03-20 13:16:34,763] {standard_task_runner.py:52} INFO - Started process 80250 to run task
[2022-03-20 13:16:34,776] {standard_task_runner.py:76} INFO - Running: ['airflow', 'tasks', 'run', 'user_processing', 'extracting_user', '2022-03-06T00:00:00+00:00', '--job-id', '719', '--pool', 'default_pool', '--raw', '--subdir', 'DAGS_FOLDER/user_processing.py', '--cfg-path', '/tmp/tmp8ifq13y7', '--error-file', '/tmp/tmp_yqdevgs']
[2022-03-20 13:16:34,784] {standard_task_runner.py:77} INFO - Job 719: Subtask extracting_user
[2022-03-20 13:16:34,907] {logging_mixin.py:104} INFO - Running <TaskInstance: user_processing.extracting_user 2022-03-06T00:00:00+00:00 [running]> on host airflowvm
[2022-03-20 13:16:35,056] {taskinstance.py:1280} INFO - Exporting the following env vars:
AIRFLOW_CTX_DAG_OWNER=airflow
AIRFLOW_CTX_DAG_ID=user_processing
AIRFLOW_CTX_TASK_ID=extracting_user
AIRFLOW_CTX_EXECUTION_DATE=2022-03-06T00:00:00+00:00
AIRFLOW_CTX_DAG_RUN_ID=scheduled__2022-03-06T00:00:00+00:00
[2022-03-20 13:16:35,057] {http.py:111} INFO - Calling HTTP method
[2022-03-20 13:16:35,068] {base.py:69} INFO - Using connection to: id: user_api. Host: https://randomuser.me/, Port: None, Schema: , Login: , Password: ***, extra: {}
[2022-03-20 13:16:35,071] {http.py:140} INFO - Sending 'GET' to url: https://randomuser.me/api/
[2022-03-20 13:16:35,641] {http.py:115} INFO - {"results":[{"gender":"male","name":{"title":"Mr","first":"James","last":"Roy"},"location":{"street":{"number":8800,"name":"College Ave"},"city":"Southampton","state":"New Brunswick","country":"Canada","postcode":"L7S 3W7","coordinates":{"latitude":"-60.2740","longitude":"-40.1560"},"timezone":{"offset":"-5:00","description":"Eastern Time (US & Canada), Bogota, Lima"}},"email":"james.roy@example.com","login":{"uuid":"7c4e4c4b-95ee-4b22-9524-e5000254b1aa","username":"blackfish904","password":"duffy","salt":"Lw65Tklt","md5":"5615610adfcf18bb16716decb2747aaa","sha1":"106d4b52a28c338bb85943d669cd5bc397b00950","sha256":"47c21dc2e551a18af46721ffee39fc91522d6ce6dd465b3a7fb5d5c1f1a96ea4"},"dob":{"date":"1963-04-09T20:47:23.821Z","age":59},"registered":{"date":"2003-03-31T02:26:08.407Z","age":19},"phone":"013-271-6675","cell":"846-747-1750","id":{"name":"","value":null},"picture":{"large":"https://randomuser.me/api/portraits/men/4.jpg","medium":"https://randomuser.me/api/portraits/med/men/4.jpg","thumbnail":"https://randomuser.me/api/portraits/thumb/men/4.jpg"},"nat":"CA"}],"info":{"seed":"f8c9c045faa39c02","results":1,"page":1,"version":"1.3"}}
[2022-03-20 13:16:35,690] {taskinstance.py:1184} INFO - Marking task as SUCCESS. dag_id=user_processing, task_id=extracting_user, execution_date=20220306T000000, start_date=20220320T131634, end_date=20220320T131635
[2022-03-20 13:16:35,769] {taskinstance.py:1245} INFO - 1 downstream tasks scheduled from follow-on schedule check
[2022-03-20 13:16:35,787] {local_task_job.py:151} INFO - Task exited with return code 0
