[2022-03-20 13:23:00,148] {taskinstance.py:876} INFO - Dependencies all met for <TaskInstance: user_processing.storing_user 2022-03-16T00:00:00+00:00 [queued]>
[2022-03-20 13:23:00,180] {taskinstance.py:876} INFO - Dependencies all met for <TaskInstance: user_processing.storing_user 2022-03-16T00:00:00+00:00 [queued]>
[2022-03-20 13:23:00,185] {taskinstance.py:1067} INFO - 
--------------------------------------------------------------------------------
[2022-03-20 13:23:00,185] {taskinstance.py:1068} INFO - Starting attempt 1 of 1
[2022-03-20 13:23:00,185] {taskinstance.py:1069} INFO - 
--------------------------------------------------------------------------------
[2022-03-20 13:23:00,226] {taskinstance.py:1087} INFO - Executing <Task(BashOperator): storing_user> on 2022-03-16T00:00:00+00:00
[2022-03-20 13:23:00,231] {standard_task_runner.py:52} INFO - Started process 85206 to run task
[2022-03-20 13:23:00,250] {standard_task_runner.py:76} INFO - Running: ['airflow', 'tasks', 'run', 'user_processing', 'storing_user', '2022-03-16T00:00:00+00:00', '--job-id', '778', '--pool', 'default_pool', '--raw', '--subdir', 'DAGS_FOLDER/user_processing.py', '--cfg-path', '/tmp/tmpbei3qk4u', '--error-file', '/tmp/tmp92wz_km6']
[2022-03-20 13:23:00,251] {standard_task_runner.py:77} INFO - Job 778: Subtask storing_user
[2022-03-20 13:23:00,420] {logging_mixin.py:104} INFO - Running <TaskInstance: user_processing.storing_user 2022-03-16T00:00:00+00:00 [running]> on host airflowvm
[2022-03-20 13:23:00,589] {taskinstance.py:1280} INFO - Exporting the following env vars:
AIRFLOW_CTX_DAG_OWNER=airflow
AIRFLOW_CTX_DAG_ID=user_processing
AIRFLOW_CTX_TASK_ID=storing_user
AIRFLOW_CTX_EXECUTION_DATE=2022-03-16T00:00:00+00:00
AIRFLOW_CTX_DAG_RUN_ID=scheduled__2022-03-16T00:00:00+00:00
[2022-03-20 13:23:00,591] {subprocess.py:52} INFO - Tmp dir root location: 
 /tmp
[2022-03-20 13:23:00,592] {subprocess.py:63} INFO - Running command: ['bash', '-c', 'echo -e ".separator ","\n. import /tmp/processed_user.csv users" | sqlite3 /home/airflow/airflow/airflow.db']
[2022-03-20 13:23:00,606] {subprocess.py:75} INFO - Output:
[2022-03-20 13:23:00,648] {subprocess.py:83} INFO - Command exited with return code 0
[2022-03-20 13:23:00,702] {taskinstance.py:1184} INFO - Marking task as SUCCESS. dag_id=user_processing, task_id=storing_user, execution_date=20220316T000000, start_date=20220320T132300, end_date=20220320T132300
[2022-03-20 13:23:00,765] {taskinstance.py:1245} INFO - 0 downstream tasks scheduled from follow-on schedule check
[2022-03-20 13:23:00,808] {local_task_job.py:151} INFO - Task exited with return code 0
