[2022-03-20 13:06:59,006] {taskinstance.py:876} INFO - Dependencies all met for <TaskInstance: user_processing.extracting_user 2022-02-14T00:00:00+00:00 [queued]>
[2022-03-20 13:06:59,024] {taskinstance.py:876} INFO - Dependencies all met for <TaskInstance: user_processing.extracting_user 2022-02-14T00:00:00+00:00 [queued]>
[2022-03-20 13:06:59,025] {taskinstance.py:1067} INFO - 
--------------------------------------------------------------------------------
[2022-03-20 13:06:59,025] {taskinstance.py:1068} INFO - Starting attempt 1 of 1
[2022-03-20 13:06:59,025] {taskinstance.py:1069} INFO - 
--------------------------------------------------------------------------------
[2022-03-20 13:06:59,063] {taskinstance.py:1087} INFO - Executing <Task(SimpleHttpOperator): extracting_user> on 2022-02-14T00:00:00+00:00
[2022-03-20 13:06:59,067] {standard_task_runner.py:52} INFO - Started process 72651 to run task
[2022-03-20 13:06:59,083] {standard_task_runner.py:76} INFO - Running: ['airflow', 'tasks', 'run', 'user_processing', 'extracting_user', '2022-02-14T00:00:00+00:00', '--job-id', '619', '--pool', 'default_pool', '--raw', '--subdir', 'DAGS_FOLDER/user_processing.py', '--cfg-path', '/tmp/tmphcm9ber6', '--error-file', '/tmp/tmp3vqe8_us']
[2022-03-20 13:06:59,085] {standard_task_runner.py:77} INFO - Job 619: Subtask extracting_user
[2022-03-20 13:06:59,201] {logging_mixin.py:104} INFO - Running <TaskInstance: user_processing.extracting_user 2022-02-14T00:00:00+00:00 [running]> on host airflowvm
[2022-03-20 13:06:59,412] {taskinstance.py:1280} INFO - Exporting the following env vars:
AIRFLOW_CTX_DAG_OWNER=airflow
AIRFLOW_CTX_DAG_ID=user_processing
AIRFLOW_CTX_TASK_ID=extracting_user
AIRFLOW_CTX_EXECUTION_DATE=2022-02-14T00:00:00+00:00
AIRFLOW_CTX_DAG_RUN_ID=scheduled__2022-02-14T00:00:00+00:00
[2022-03-20 13:06:59,413] {http.py:111} INFO - Calling HTTP method
[2022-03-20 13:06:59,423] {base.py:69} INFO - Using connection to: id: user_api. Host: https://randomuser.me/, Port: None, Schema: , Login: , Password: ***, extra: {}
[2022-03-20 13:06:59,428] {http.py:140} INFO - Sending 'GET' to url: https://randomuser.me/api/
[2022-03-20 13:06:59,833] {http.py:115} INFO - {"results":[{"gender":"male","name":{"title":"Mr","first":"Gottlieb","last":"Rosendahl"},"location":{"street":{"number":3967,"name":"Kapellenweg"},"city":"Prenzlau","state":"Sachsen-Anhalt","country":"Germany","postcode":96654,"coordinates":{"latitude":"-46.1035","longitude":"-29.5800"},"timezone":{"offset":"0:00","description":"Western Europe Time, London, Lisbon, Casablanca"}},"email":"gottlieb.rosendahl@example.com","login":{"uuid":"5b767bdf-4bd3-4820-874f-227fc83379fd","username":"crazyzebra249","password":"history","salt":"rRYnHkbs","md5":"3aff1a7e566480101cfeb4abc8a61673","sha1":"73b6f9938c89f4cbf65ad74f46da0c79ef6bc3b5","sha256":"f64e8f074ebf6d1f6569bbb16314dd215a0739ac0dd7194310eaa39473427d40"},"dob":{"date":"1952-11-18T19:38:20.489Z","age":70},"registered":{"date":"2010-12-10T16:05:06.458Z","age":12},"phone":"0752-1459835","cell":"0176-8127169","id":{"name":"","value":null},"picture":{"large":"https://randomuser.me/api/portraits/men/98.jpg","medium":"https://randomuser.me/api/portraits/med/men/98.jpg","thumbnail":"https://randomuser.me/api/portraits/thumb/men/98.jpg"},"nat":"DE"}],"info":{"seed":"3b0f8467c45acbad","results":1,"page":1,"version":"1.3"}}
[2022-03-20 13:06:59,892] {taskinstance.py:1184} INFO - Marking task as SUCCESS. dag_id=user_processing, task_id=extracting_user, execution_date=20220214T000000, start_date=20220320T130659, end_date=20220320T130659
[2022-03-20 13:06:59,973] {taskinstance.py:1245} INFO - 1 downstream tasks scheduled from follow-on schedule check
[2022-03-20 13:06:59,985] {local_task_job.py:151} INFO - Task exited with return code 0
