[2022-03-21 05:13:53,262] {taskinstance.py:876} INFO - Dependencies all met for <TaskInstance: user_processing.storing_user 2022-02-16T00:00:00+00:00 [queued]>
[2022-03-21 05:13:53,281] {taskinstance.py:876} INFO - Dependencies all met for <TaskInstance: user_processing.storing_user 2022-02-16T00:00:00+00:00 [queued]>
[2022-03-21 05:13:53,282] {taskinstance.py:1067} INFO - 
--------------------------------------------------------------------------------
[2022-03-21 05:13:53,282] {taskinstance.py:1068} INFO - Starting attempt 2 of 2
[2022-03-21 05:13:53,282] {taskinstance.py:1069} INFO - 
--------------------------------------------------------------------------------
[2022-03-21 05:13:53,319] {taskinstance.py:1087} INFO - Executing <Task(BashOperator): storing_user> on 2022-02-16T00:00:00+00:00
[2022-03-21 05:13:53,323] {standard_task_runner.py:52} INFO - Started process 7831 to run task
[2022-03-21 05:13:53,342] {standard_task_runner.py:76} INFO - Running: ['airflow', 'tasks', 'run', 'user_processing', 'storing_user', '2022-02-16T00:00:00+00:00', '--job-id', '1106', '--pool', 'default_pool', '--raw', '--subdir', 'DAGS_FOLDER/user_processing.py', '--cfg-path', '/tmp/tmp4z_33d9r', '--error-file', '/tmp/tmpspvjy2ob']
[2022-03-21 05:13:53,344] {standard_task_runner.py:77} INFO - Job 1106: Subtask storing_user
[2022-03-21 05:13:53,528] {logging_mixin.py:104} INFO - Running <TaskInstance: user_processing.storing_user 2022-02-16T00:00:00+00:00 [running]> on host airflowvm
[2022-03-21 05:13:53,710] {taskinstance.py:1280} INFO - Exporting the following env vars:
AIRFLOW_CTX_DAG_OWNER=airflow
AIRFLOW_CTX_DAG_ID=user_processing
AIRFLOW_CTX_TASK_ID=storing_user
AIRFLOW_CTX_EXECUTION_DATE=2022-02-16T00:00:00+00:00
AIRFLOW_CTX_DAG_RUN_ID=scheduled__2022-02-16T00:00:00+00:00
[2022-03-21 05:13:53,711] {subprocess.py:52} INFO - Tmp dir root location: 
 /tmp
[2022-03-21 05:13:53,712] {subprocess.py:63} INFO - Running command: ['bash', '-c', 'echo -e ".separator ","\n. import /tmp/processed_user.csv users" | sqlite3 /home/airflow/airflow/airflow.db']
[2022-03-21 05:13:53,724] {subprocess.py:75} INFO - Output:
[2022-03-21 05:13:53,741] {subprocess.py:79} INFO - /tmp/processed_user.csv:1: INSERT failed: UNIQUE constraint failed: users.email
[2022-03-21 05:13:53,749] {subprocess.py:83} INFO - Command exited with return code 1
[2022-03-21 05:13:53,773] {taskinstance.py:1481} ERROR - Task failed with exception
Traceback (most recent call last):
  File "/home/airflow/sandbox/lib/python3.8/site-packages/airflow/models/taskinstance.py", line 1137, in _run_raw_task
    self._prepare_and_execute_task_with_callbacks(context, task)
  File "/home/airflow/sandbox/lib/python3.8/site-packages/airflow/models/taskinstance.py", line 1311, in _prepare_and_execute_task_with_callbacks
    result = self._execute_task(context, task_copy)
  File "/home/airflow/sandbox/lib/python3.8/site-packages/airflow/models/taskinstance.py", line 1341, in _execute_task
    result = task_copy.execute(context=context)
  File "/home/airflow/sandbox/lib/python3.8/site-packages/airflow/operators/bash.py", line 180, in execute
    raise AirflowException('Bash command failed. The command returned a non-zero exit code.')
airflow.exceptions.AirflowException: Bash command failed. The command returned a non-zero exit code.
[2022-03-21 05:13:53,783] {taskinstance.py:1524} INFO - Marking task as FAILED. dag_id=user_processing, task_id=storing_user, execution_date=20220216T000000, start_date=20220321T051353, end_date=20220321T051353
[2022-03-21 05:13:53,840] {local_task_job.py:151} INFO - Task exited with return code 1
