[2022-03-20 13:15:08,015] {taskinstance.py:876} INFO - Dependencies all met for <TaskInstance: user_processing.extracting_user 2022-03-03T00:00:00+00:00 [queued]>
[2022-03-20 13:15:08,034] {taskinstance.py:876} INFO - Dependencies all met for <TaskInstance: user_processing.extracting_user 2022-03-03T00:00:00+00:00 [queued]>
[2022-03-20 13:15:08,034] {taskinstance.py:1067} INFO - 
--------------------------------------------------------------------------------
[2022-03-20 13:15:08,034] {taskinstance.py:1068} INFO - Starting attempt 1 of 1
[2022-03-20 13:15:08,034] {taskinstance.py:1069} INFO - 
--------------------------------------------------------------------------------
[2022-03-20 13:15:08,077] {taskinstance.py:1087} INFO - Executing <Task(SimpleHttpOperator): extracting_user> on 2022-03-03T00:00:00+00:00
[2022-03-20 13:15:08,083] {standard_task_runner.py:52} INFO - Started process 79056 to run task
[2022-03-20 13:15:08,101] {standard_task_runner.py:76} INFO - Running: ['airflow', 'tasks', 'run', 'user_processing', 'extracting_user', '2022-03-03T00:00:00+00:00', '--job-id', '704', '--pool', 'default_pool', '--raw', '--subdir', 'DAGS_FOLDER/user_processing.py', '--cfg-path', '/tmp/tmpzqy_57c1', '--error-file', '/tmp/tmpd160loe6']
[2022-03-20 13:15:08,103] {standard_task_runner.py:77} INFO - Job 704: Subtask extracting_user
[2022-03-20 13:15:08,309] {logging_mixin.py:104} INFO - Running <TaskInstance: user_processing.extracting_user 2022-03-03T00:00:00+00:00 [running]> on host airflowvm
[2022-03-20 13:15:08,470] {taskinstance.py:1280} INFO - Exporting the following env vars:
AIRFLOW_CTX_DAG_OWNER=airflow
AIRFLOW_CTX_DAG_ID=user_processing
AIRFLOW_CTX_TASK_ID=extracting_user
AIRFLOW_CTX_EXECUTION_DATE=2022-03-03T00:00:00+00:00
AIRFLOW_CTX_DAG_RUN_ID=scheduled__2022-03-03T00:00:00+00:00
[2022-03-20 13:15:08,471] {http.py:111} INFO - Calling HTTP method
[2022-03-20 13:15:08,483] {base.py:69} INFO - Using connection to: id: user_api. Host: https://randomuser.me/, Port: None, Schema: , Login: , Password: ***, extra: {}
[2022-03-20 13:15:08,486] {http.py:140} INFO - Sending 'GET' to url: https://randomuser.me/api/
[2022-03-20 13:15:09,023] {http.py:115} INFO - {"results":[{"gender":"male","name":{"title":"Mr","first":"Asher","last":"Singh"},"location":{"street":{"number":6541,"name":"Kahikatea Drive"},"city":"Lower Hutt","state":"Taranaki","country":"New Zealand","postcode":71448,"coordinates":{"latitude":"63.2092","longitude":"-121.0196"},"timezone":{"offset":"+10:00","description":"Eastern Australia, Guam, Vladivostok"}},"email":"asher.singh@example.com","login":{"uuid":"1afa66ba-c6a5-4b92-a6da-860c0f357e55","username":"smallostrich578","password":"googoo","salt":"WANvRMiM","md5":"586f140b9bb0b892108bce5217d2d04f","sha1":"de997beec4e3c579d685d89640f9645d3e8f78fd","sha256":"ba16ae8b126c1c39fddaae9fff15ac2418a33c14fbe9ee426aa95c6e68fc52ae"},"dob":{"date":"1966-07-05T06:44:27.368Z","age":56},"registered":{"date":"2002-10-23T12:03:11.864Z","age":20},"phone":"(092)-348-3357","cell":"(428)-694-6513","id":{"name":"","value":null},"picture":{"large":"https://randomuser.me/api/portraits/men/77.jpg","medium":"https://randomuser.me/api/portraits/med/men/77.jpg","thumbnail":"https://randomuser.me/api/portraits/thumb/men/77.jpg"},"nat":"NZ"}],"info":{"seed":"57463fb21e297d5a","results":1,"page":1,"version":"1.3"}}
[2022-03-20 13:15:09,071] {taskinstance.py:1184} INFO - Marking task as SUCCESS. dag_id=user_processing, task_id=extracting_user, execution_date=20220303T000000, start_date=20220320T131508, end_date=20220320T131509
[2022-03-20 13:15:09,164] {taskinstance.py:1245} INFO - 1 downstream tasks scheduled from follow-on schedule check
[2022-03-20 13:15:09,182] {local_task_job.py:151} INFO - Task exited with return code 0
