[2022-03-20 12:18:44,662] {taskinstance.py:876} INFO - Dependencies all met for <TaskInstance: user_processing.extracting_user 2020-02-29T00:00:00+00:00 [queued]>
[2022-03-20 12:18:44,715] {taskinstance.py:876} INFO - Dependencies all met for <TaskInstance: user_processing.extracting_user 2020-02-29T00:00:00+00:00 [queued]>
[2022-03-20 12:18:44,727] {taskinstance.py:1067} INFO - 
--------------------------------------------------------------------------------
[2022-03-20 12:18:44,727] {taskinstance.py:1068} INFO - Starting attempt 1 of 1
[2022-03-20 12:18:44,727] {taskinstance.py:1069} INFO - 
--------------------------------------------------------------------------------
[2022-03-20 12:18:44,789] {taskinstance.py:1087} INFO - Executing <Task(SimpleHttpOperator): extracting_user> on 2020-02-29T00:00:00+00:00
[2022-03-20 12:18:44,807] {standard_task_runner.py:52} INFO - Started process 48233 to run task
[2022-03-20 12:18:44,825] {standard_task_runner.py:76} INFO - Running: ['airflow', 'tasks', 'run', 'user_processing', 'extracting_user', '2020-02-29T00:00:00+00:00', '--job-id', '339', '--pool', 'default_pool', '--raw', '--subdir', 'DAGS_FOLDER/user_processing.py', '--cfg-path', '/tmp/tmp_gkjdngm', '--error-file', '/tmp/tmpd8g8yqar']
[2022-03-20 12:18:44,841] {standard_task_runner.py:77} INFO - Job 339: Subtask extracting_user
[2022-03-20 12:18:45,152] {logging_mixin.py:104} INFO - Running <TaskInstance: user_processing.extracting_user 2020-02-29T00:00:00+00:00 [running]> on host airflowvm
[2022-03-20 12:18:45,426] {taskinstance.py:1280} INFO - Exporting the following env vars:
AIRFLOW_CTX_DAG_OWNER=airflow
AIRFLOW_CTX_DAG_ID=user_processing
AIRFLOW_CTX_TASK_ID=extracting_user
AIRFLOW_CTX_EXECUTION_DATE=2020-02-29T00:00:00+00:00
AIRFLOW_CTX_DAG_RUN_ID=scheduled__2020-02-29T00:00:00+00:00
[2022-03-20 12:18:45,427] {http.py:111} INFO - Calling HTTP method
[2022-03-20 12:18:45,439] {base.py:69} INFO - Using connection to: id: user_api. Host: https://randomuser.me/, Port: None, Schema: , Login: , Password: ***, extra: {}
[2022-03-20 12:18:45,444] {http.py:140} INFO - Sending 'GET' to url: https://randomuser.me/api/
[2022-03-20 12:18:46,120] {http.py:115} INFO - {"results":[{"gender":"female","name":{"title":"Mrs","first":"Ege","last":"Kulaksızoğlu"},"location":{"street":{"number":7350,"name":"Bağdat Cd"},"city":"Diyarbakır","state":"Sinop","country":"Turkey","postcode":82557,"coordinates":{"latitude":"79.2894","longitude":"124.9921"},"timezone":{"offset":"-4:00","description":"Atlantic Time (Canada), Caracas, La Paz"}},"email":"ege.kulaksizoglu@example.com","login":{"uuid":"4894bd4b-c00d-4131-8415-a5d4e436b09e","username":"greenmouse395","password":"annabell","salt":"bcZfofFs","md5":"0d04bac0815929524223dcb96d95c814","sha1":"effe556ddf8bfbf71f29cf254df2582d01b28c74","sha256":"1228302598664177cdcd397416bfc01ca494e4c3438d1d07acd5dacaf2023608"},"dob":{"date":"1989-12-14T13:30:06.878Z","age":33},"registered":{"date":"2006-08-29T17:55:58.697Z","age":16},"phone":"(223)-706-9703","cell":"(885)-068-6348","id":{"name":"","value":null},"picture":{"large":"https://randomuser.me/api/portraits/women/90.jpg","medium":"https://randomuser.me/api/portraits/med/women/90.jpg","thumbnail":"https://randomuser.me/api/portraits/thumb/women/90.jpg"},"nat":"TR"}],"info":{"seed":"d4f4b8ac3fc40162","results":1,"page":1,"version":"1.3"}}
[2022-03-20 12:18:46,200] {taskinstance.py:1184} INFO - Marking task as SUCCESS. dag_id=user_processing, task_id=extracting_user, execution_date=20200229T000000, start_date=20220320T121844, end_date=20220320T121846
[2022-03-20 12:18:46,308] {taskinstance.py:1245} INFO - 1 downstream tasks scheduled from follow-on schedule check
[2022-03-20 12:18:46,320] {local_task_job.py:151} INFO - Task exited with return code 0
