[2022-03-20 14:10:12,053] {taskinstance.py:876} INFO - Dependencies all met for <TaskInstance: user_processing.extracting_user 2022-02-09T00:00:00+00:00 [queued]>
[2022-03-20 14:10:12,073] {taskinstance.py:876} INFO - Dependencies all met for <TaskInstance: user_processing.extracting_user 2022-02-09T00:00:00+00:00 [queued]>
[2022-03-20 14:10:12,073] {taskinstance.py:1067} INFO - 
--------------------------------------------------------------------------------
[2022-03-20 14:10:12,074] {taskinstance.py:1068} INFO - Starting attempt 2 of 2
[2022-03-20 14:10:12,074] {taskinstance.py:1069} INFO - 
--------------------------------------------------------------------------------
[2022-03-20 14:10:12,111] {taskinstance.py:1087} INFO - Executing <Task(SimpleHttpOperator): extracting_user> on 2022-02-09T00:00:00+00:00
[2022-03-20 14:10:12,116] {standard_task_runner.py:52} INFO - Started process 102308 to run task
[2022-03-20 14:10:12,136] {standard_task_runner.py:76} INFO - Running: ['airflow', 'tasks', 'run', 'user_processing', 'extracting_user', '2022-02-09T00:00:00+00:00', '--job-id', '971', '--pool', 'default_pool', '--raw', '--subdir', 'DAGS_FOLDER/user_processing.py', '--cfg-path', '/tmp/tmpb1t7h9sz', '--error-file', '/tmp/tmplzkqwp9f']
[2022-03-20 14:10:12,137] {standard_task_runner.py:77} INFO - Job 971: Subtask extracting_user
[2022-03-20 14:10:12,259] {logging_mixin.py:104} INFO - Running <TaskInstance: user_processing.extracting_user 2022-02-09T00:00:00+00:00 [running]> on host airflowvm
[2022-03-20 14:10:12,820] {taskinstance.py:1280} INFO - Exporting the following env vars:
AIRFLOW_CTX_DAG_OWNER=airflow
AIRFLOW_CTX_DAG_ID=user_processing
AIRFLOW_CTX_TASK_ID=extracting_user
AIRFLOW_CTX_EXECUTION_DATE=2022-02-09T00:00:00+00:00
AIRFLOW_CTX_DAG_RUN_ID=scheduled__2022-02-09T00:00:00+00:00
[2022-03-20 14:10:12,822] {http.py:111} INFO - Calling HTTP method
[2022-03-20 14:10:12,834] {base.py:69} INFO - Using connection to: id: user_api. Host: https://randomuser.me/, Port: None, Schema: , Login: , Password: ***, extra: {}
[2022-03-20 14:10:12,840] {http.py:140} INFO - Sending 'GET' to url: https://randomuser.me/api/
[2022-03-20 14:10:13,270] {http.py:115} INFO - {"results":[{"gender":"male","name":{"title":"Mr","first":"Denny","last":"Schauer"},"location":{"street":{"number":8851,"name":"Drosselweg"},"city":"Lage","state":"Rheinland-Pfalz","country":"Germany","postcode":35761,"coordinates":{"latitude":"-45.1799","longitude":"-97.0024"},"timezone":{"offset":"+3:30","description":"Tehran"}},"email":"denny.schauer@example.com","login":{"uuid":"2c9e37a4-e05a-42e9-9300-20ac82623ca7","username":"angrybear266","password":"chuck","salt":"3auNl4LZ","md5":"397c4ab9755a12d1e2a2427301116704","sha1":"6ab5700ffdffe96fb722d7186edbd093e1c2b9b6","sha256":"eda05a9405255e8cbb278be3c76a5ec662ef080f8a2dd8d700795ea78b85e706"},"dob":{"date":"1945-02-10T15:14:39.290Z","age":77},"registered":{"date":"2013-04-06T17:45:36.399Z","age":9},"phone":"0514-1276488","cell":"0173-0399316","id":{"name":"","value":null},"picture":{"large":"https://randomuser.me/api/portraits/men/76.jpg","medium":"https://randomuser.me/api/portraits/med/men/76.jpg","thumbnail":"https://randomuser.me/api/portraits/thumb/men/76.jpg"},"nat":"DE"}],"info":{"seed":"f5cb4d889978dbbc","results":1,"page":1,"version":"1.3"}}
[2022-03-20 14:10:13,390] {taskinstance.py:1184} INFO - Marking task as SUCCESS. dag_id=user_processing, task_id=extracting_user, execution_date=20220209T000000, start_date=20220320T141012, end_date=20220320T141013
[2022-03-20 14:10:13,804] {taskinstance.py:1245} INFO - 1 downstream tasks scheduled from follow-on schedule check
[2022-03-20 14:10:13,839] {local_task_job.py:151} INFO - Task exited with return code 0
