[2022-03-20 14:08:50,647] {taskinstance.py:876} INFO - Dependencies all met for <TaskInstance: user_processing.is_api_available 2022-02-16T00:00:00+00:00 [queued]>
[2022-03-20 14:08:50,719] {taskinstance.py:876} INFO - Dependencies all met for <TaskInstance: user_processing.is_api_available 2022-02-16T00:00:00+00:00 [queued]>
[2022-03-20 14:08:50,720] {taskinstance.py:1067} INFO - 
--------------------------------------------------------------------------------
[2022-03-20 14:08:50,721] {taskinstance.py:1068} INFO - Starting attempt 2 of 2
[2022-03-20 14:08:50,721] {taskinstance.py:1069} INFO - 
--------------------------------------------------------------------------------
[2022-03-20 14:08:51,172] {taskinstance.py:1087} INFO - Executing <Task(HttpSensor): is_api_available> on 2022-02-16T00:00:00+00:00
[2022-03-20 14:08:51,192] {standard_task_runner.py:52} INFO - Started process 101620 to run task
[2022-03-20 14:08:51,423] {standard_task_runner.py:76} INFO - Running: ['airflow', 'tasks', 'run', 'user_processing', 'is_api_available', '2022-02-16T00:00:00+00:00', '--job-id', '960', '--pool', 'default_pool', '--raw', '--subdir', 'DAGS_FOLDER/user_processing.py', '--cfg-path', '/tmp/tmpwdpdbi40', '--error-file', '/tmp/tmppjeiycs5']
[2022-03-20 14:08:51,427] {standard_task_runner.py:77} INFO - Job 960: Subtask is_api_available
[2022-03-20 14:08:52,159] {logging_mixin.py:104} INFO - Running <TaskInstance: user_processing.is_api_available 2022-02-16T00:00:00+00:00 [running]> on host airflowvm
[2022-03-20 14:08:52,562] {taskinstance.py:1280} INFO - Exporting the following env vars:
AIRFLOW_CTX_DAG_OWNER=airflow
AIRFLOW_CTX_DAG_ID=user_processing
AIRFLOW_CTX_TASK_ID=is_api_available
AIRFLOW_CTX_EXECUTION_DATE=2022-02-16T00:00:00+00:00
AIRFLOW_CTX_DAG_RUN_ID=scheduled__2022-02-16T00:00:00+00:00
[2022-03-20 14:08:52,563] {http.py:101} INFO - Poking: api/
[2022-03-20 14:08:52,588] {base.py:69} INFO - Using connection to: id: user_api. Host: https://randomuser.me/, Port: None, Schema: , Login: , Password: ***, extra: {}
[2022-03-20 14:08:52,597] {http.py:140} INFO - Sending 'GET' to url: https://randomuser.me/api/
[2022-03-20 14:08:53,117] {base.py:243} INFO - Success criteria met. Exiting.
[2022-03-20 14:08:53,136] {taskinstance.py:1184} INFO - Marking task as SUCCESS. dag_id=user_processing, task_id=is_api_available, execution_date=20220216T000000, start_date=20220320T140850, end_date=20220320T140853
[2022-03-20 14:08:53,321] {taskinstance.py:1245} INFO - 1 downstream tasks scheduled from follow-on schedule check
[2022-03-20 14:08:53,355] {local_task_job.py:151} INFO - Task exited with return code 0
