[2022-03-21 05:07:52,886] {scheduler_job.py:182} INFO - Started process (PID=3749) to work on /home/airflow/airflow/dags/parallel_dag.py
[2022-03-21 05:07:52,900] {scheduler_job.py:633} INFO - Processing file /home/airflow/airflow/dags/parallel_dag.py for tasks to queue
[2022-03-21 05:07:52,909] {logging_mixin.py:104} INFO - [2022-03-21 05:07:52,908] {dagbag.py:487} INFO - Filling up the DagBag from /home/airflow/airflow/dags/parallel_dag.py
[2022-03-21 05:07:53,026] {scheduler_job.py:643} INFO - DAG(s) dict_keys(['parallel_dag']) retrieved from /home/airflow/airflow/dags/parallel_dag.py
[2022-03-21 05:07:56,147] {logging_mixin.py:104} INFO - [2022-03-21 05:07:56,146] {dag.py:1832} INFO - Sync 1 DAGs
[2022-03-21 05:07:56,180] {logging_mixin.py:104} INFO - [2022-03-21 05:07:56,179] {dag.py:1851} INFO - Creating ORM DAG for parallel_dag
[2022-03-21 05:07:56,220] {logging_mixin.py:104} INFO - [2022-03-21 05:07:56,220] {dag.py:2305} INFO - Setting next_dagrun for parallel_dag to 2022-03-20 00:00:00+00:00
[2022-03-21 05:07:56,274] {scheduler_job.py:190} INFO - Processing /home/airflow/airflow/dags/parallel_dag.py took 3.429 seconds
[2022-03-21 05:09:57,986] {scheduler_job.py:182} INFO - Started process (PID=4931) to work on /home/airflow/airflow/dags/parallel_dag.py
[2022-03-21 05:09:57,988] {scheduler_job.py:633} INFO - Processing file /home/airflow/airflow/dags/parallel_dag.py for tasks to queue
[2022-03-21 05:09:57,989] {logging_mixin.py:104} INFO - [2022-03-21 05:09:57,989] {dagbag.py:487} INFO - Filling up the DagBag from /home/airflow/airflow/dags/parallel_dag.py
[2022-03-21 05:09:58,010] {scheduler_job.py:643} INFO - DAG(s) dict_keys(['parallel_dag']) retrieved from /home/airflow/airflow/dags/parallel_dag.py
[2022-03-21 05:09:58,613] {logging_mixin.py:104} INFO - [2022-03-21 05:09:58,612] {dag.py:1832} INFO - Sync 1 DAGs
[2022-03-21 05:09:58,646] {logging_mixin.py:104} INFO - [2022-03-21 05:09:58,646] {dag.py:2305} INFO - Setting next_dagrun for parallel_dag to 2022-03-20 00:00:00+00:00
[2022-03-21 05:09:58,681] {scheduler_job.py:190} INFO - Processing /home/airflow/airflow/dags/parallel_dag.py took 0.701 seconds
[2022-03-21 05:10:19,715] {scheduler_job.py:182} INFO - Started process (PID=5052) to work on /home/airflow/airflow/dags/parallel_dag.py
[2022-03-21 05:10:19,723] {scheduler_job.py:633} INFO - Processing file /home/airflow/airflow/dags/parallel_dag.py for tasks to queue
[2022-03-21 05:10:19,733] {logging_mixin.py:104} INFO - [2022-03-21 05:10:19,732] {dagbag.py:487} INFO - Filling up the DagBag from /home/airflow/airflow/dags/parallel_dag.py
[2022-03-21 05:10:19,772] {scheduler_job.py:643} INFO - DAG(s) dict_keys(['parallel_dag']) retrieved from /home/airflow/airflow/dags/parallel_dag.py
[2022-03-21 05:10:19,817] {logging_mixin.py:104} INFO - [2022-03-21 05:10:19,817] {dag.py:1832} INFO - Sync 1 DAGs
[2022-03-21 05:10:19,851] {logging_mixin.py:104} INFO - [2022-03-21 05:10:19,851] {dag.py:2305} INFO - Setting next_dagrun for parallel_dag to 2022-03-20 00:00:00+00:00
[2022-03-21 05:10:19,893] {scheduler_job.py:190} INFO - Processing /home/airflow/airflow/dags/parallel_dag.py took 0.190 seconds
[2022-03-21 05:12:12,221] {scheduler_job.py:182} INFO - Started process (PID=6747) to work on /home/airflow/airflow/dags/parallel_dag.py
[2022-03-21 05:12:12,223] {scheduler_job.py:633} INFO - Processing file /home/airflow/airflow/dags/parallel_dag.py for tasks to queue
[2022-03-21 05:12:12,224] {logging_mixin.py:104} INFO - [2022-03-21 05:12:12,224] {dagbag.py:487} INFO - Filling up the DagBag from /home/airflow/airflow/dags/parallel_dag.py
[2022-03-21 05:12:12,247] {scheduler_job.py:643} INFO - DAG(s) dict_keys(['parallel_dag']) retrieved from /home/airflow/airflow/dags/parallel_dag.py
[2022-03-21 05:12:12,275] {logging_mixin.py:104} INFO - [2022-03-21 05:12:12,275] {dag.py:1832} INFO - Sync 1 DAGs
[2022-03-21 05:12:12,306] {logging_mixin.py:104} INFO - [2022-03-21 05:12:12,306] {dag.py:2305} INFO - Setting next_dagrun for parallel_dag to 2022-03-21 00:00:00+00:00
[2022-03-21 05:12:12,343] {scheduler_job.py:190} INFO - Processing /home/airflow/airflow/dags/parallel_dag.py took 0.129 seconds
[2022-03-21 05:13:11,445] {scheduler_job.py:182} INFO - Started process (PID=7445) to work on /home/airflow/airflow/dags/parallel_dag.py
[2022-03-21 05:13:11,447] {scheduler_job.py:633} INFO - Processing file /home/airflow/airflow/dags/parallel_dag.py for tasks to queue
[2022-03-21 05:13:11,449] {logging_mixin.py:104} INFO - [2022-03-21 05:13:11,448] {dagbag.py:487} INFO - Filling up the DagBag from /home/airflow/airflow/dags/parallel_dag.py
[2022-03-21 05:13:11,468] {scheduler_job.py:643} INFO - DAG(s) dict_keys(['parallel_dag']) retrieved from /home/airflow/airflow/dags/parallel_dag.py
[2022-03-21 05:13:11,500] {logging_mixin.py:104} INFO - [2022-03-21 05:13:11,500] {dag.py:1832} INFO - Sync 1 DAGs
[2022-03-21 05:13:11,531] {logging_mixin.py:104} INFO - [2022-03-21 05:13:11,531] {dag.py:2305} INFO - Setting next_dagrun for parallel_dag to 2022-03-21 00:00:00+00:00
[2022-03-21 05:13:11,565] {scheduler_job.py:190} INFO - Processing /home/airflow/airflow/dags/parallel_dag.py took 0.129 seconds
[2022-03-21 05:15:11,649] {scheduler_job.py:182} INFO - Started process (PID=8221) to work on /home/airflow/airflow/dags/parallel_dag.py
[2022-03-21 05:15:11,652] {scheduler_job.py:633} INFO - Processing file /home/airflow/airflow/dags/parallel_dag.py for tasks to queue
[2022-03-21 05:15:11,653] {logging_mixin.py:104} INFO - [2022-03-21 05:15:11,653] {dagbag.py:487} INFO - Filling up the DagBag from /home/airflow/airflow/dags/parallel_dag.py
[2022-03-21 05:15:11,673] {scheduler_job.py:643} INFO - DAG(s) dict_keys(['parallel_dag']) retrieved from /home/airflow/airflow/dags/parallel_dag.py
[2022-03-21 05:15:11,709] {logging_mixin.py:104} INFO - [2022-03-21 05:15:11,709] {dag.py:1832} INFO - Sync 1 DAGs
[2022-03-21 05:15:11,741] {logging_mixin.py:104} INFO - [2022-03-21 05:15:11,741] {dag.py:2305} INFO - Setting next_dagrun for parallel_dag to 2022-03-21 00:00:00+00:00
[2022-03-21 05:15:11,780] {scheduler_job.py:190} INFO - Processing /home/airflow/airflow/dags/parallel_dag.py took 0.138 seconds
[2022-03-21 05:16:06,177] {scheduler_job.py:182} INFO - Started process (PID=8685) to work on /home/airflow/airflow/dags/parallel_dag.py
[2022-03-21 05:16:06,192] {scheduler_job.py:633} INFO - Processing file /home/airflow/airflow/dags/parallel_dag.py for tasks to queue
[2022-03-21 05:16:06,193] {logging_mixin.py:104} INFO - [2022-03-21 05:16:06,193] {dagbag.py:487} INFO - Filling up the DagBag from /home/airflow/airflow/dags/parallel_dag.py
[2022-03-21 05:16:06,226] {scheduler_job.py:643} INFO - DAG(s) dict_keys(['parallel_dag']) retrieved from /home/airflow/airflow/dags/parallel_dag.py
[2022-03-21 05:16:06,256] {logging_mixin.py:104} INFO - [2022-03-21 05:16:06,256] {dag.py:1832} INFO - Sync 1 DAGs
[2022-03-21 05:16:06,283] {logging_mixin.py:104} INFO - [2022-03-21 05:16:06,283] {dag.py:2305} INFO - Setting next_dagrun for parallel_dag to 2022-03-21 00:00:00+00:00
[2022-03-21 05:16:06,381] {scheduler_job.py:190} INFO - Processing /home/airflow/airflow/dags/parallel_dag.py took 0.211 seconds
[2022-03-21 05:16:52,991] {scheduler_job.py:182} INFO - Started process (PID=8899) to work on /home/airflow/airflow/dags/parallel_dag.py
[2022-03-21 05:16:53,009] {scheduler_job.py:633} INFO - Processing file /home/airflow/airflow/dags/parallel_dag.py for tasks to queue
[2022-03-21 05:16:53,011] {logging_mixin.py:104} INFO - [2022-03-21 05:16:53,011] {dagbag.py:487} INFO - Filling up the DagBag from /home/airflow/airflow/dags/parallel_dag.py
[2022-03-21 05:16:53,050] {scheduler_job.py:643} INFO - DAG(s) dict_keys(['parallel_dag']) retrieved from /home/airflow/airflow/dags/parallel_dag.py
[2022-03-21 05:16:53,145] {logging_mixin.py:104} INFO - [2022-03-21 05:16:53,145] {dag.py:1832} INFO - Sync 1 DAGs
[2022-03-21 05:16:53,197] {logging_mixin.py:104} INFO - [2022-03-21 05:16:53,197] {dag.py:2305} INFO - Setting next_dagrun for parallel_dag to 2022-03-21 00:00:00+00:00
[2022-03-21 05:16:53,280] {scheduler_job.py:190} INFO - Processing /home/airflow/airflow/dags/parallel_dag.py took 0.302 seconds
[2022-03-21 05:17:26,454] {scheduler_job.py:182} INFO - Started process (PID=9077) to work on /home/airflow/airflow/dags/parallel_dag.py
[2022-03-21 05:17:26,456] {scheduler_job.py:633} INFO - Processing file /home/airflow/airflow/dags/parallel_dag.py for tasks to queue
[2022-03-21 05:17:26,457] {logging_mixin.py:104} INFO - [2022-03-21 05:17:26,457] {dagbag.py:487} INFO - Filling up the DagBag from /home/airflow/airflow/dags/parallel_dag.py
[2022-03-21 05:17:26,472] {scheduler_job.py:643} INFO - DAG(s) dict_keys(['parallel_dag']) retrieved from /home/airflow/airflow/dags/parallel_dag.py
[2022-03-21 05:17:26,501] {logging_mixin.py:104} INFO - [2022-03-21 05:17:26,501] {dag.py:1832} INFO - Sync 1 DAGs
[2022-03-21 05:17:26,537] {logging_mixin.py:104} INFO - [2022-03-21 05:17:26,536] {dag.py:2305} INFO - Setting next_dagrun for parallel_dag to 2022-03-21 00:00:00+00:00
[2022-03-21 05:17:26,566] {scheduler_job.py:190} INFO - Processing /home/airflow/airflow/dags/parallel_dag.py took 0.120 seconds
[2022-03-21 05:18:11,115] {scheduler_job.py:182} INFO - Started process (PID=9214) to work on /home/airflow/airflow/dags/parallel_dag.py
[2022-03-21 05:18:11,117] {scheduler_job.py:633} INFO - Processing file /home/airflow/airflow/dags/parallel_dag.py for tasks to queue
[2022-03-21 05:18:11,120] {logging_mixin.py:104} INFO - [2022-03-21 05:18:11,120] {dagbag.py:487} INFO - Filling up the DagBag from /home/airflow/airflow/dags/parallel_dag.py
[2022-03-21 05:18:11,137] {scheduler_job.py:643} INFO - DAG(s) dict_keys(['parallel_dag']) retrieved from /home/airflow/airflow/dags/parallel_dag.py
[2022-03-21 05:18:11,166] {logging_mixin.py:104} INFO - [2022-03-21 05:18:11,166] {dag.py:1832} INFO - Sync 1 DAGs
[2022-03-21 05:18:11,193] {logging_mixin.py:104} INFO - [2022-03-21 05:18:11,192] {dag.py:2305} INFO - Setting next_dagrun for parallel_dag to 2022-03-21 00:00:00+00:00
[2022-03-21 05:18:11,228] {scheduler_job.py:190} INFO - Processing /home/airflow/airflow/dags/parallel_dag.py took 0.123 seconds
[2022-03-21 05:18:47,569] {scheduler_job.py:182} INFO - Started process (PID=9256) to work on /home/airflow/airflow/dags/parallel_dag.py
[2022-03-21 05:18:47,572] {scheduler_job.py:633} INFO - Processing file /home/airflow/airflow/dags/parallel_dag.py for tasks to queue
[2022-03-21 05:18:47,574] {logging_mixin.py:104} INFO - [2022-03-21 05:18:47,573] {dagbag.py:487} INFO - Filling up the DagBag from /home/airflow/airflow/dags/parallel_dag.py
[2022-03-21 05:18:47,595] {scheduler_job.py:643} INFO - DAG(s) dict_keys(['parallel_dag']) retrieved from /home/airflow/airflow/dags/parallel_dag.py
[2022-03-21 05:18:47,641] {logging_mixin.py:104} INFO - [2022-03-21 05:18:47,641] {dag.py:1832} INFO - Sync 1 DAGs
[2022-03-21 05:18:47,694] {logging_mixin.py:104} INFO - [2022-03-21 05:18:47,694] {dag.py:2305} INFO - Setting next_dagrun for parallel_dag to 2022-03-21 00:00:00+00:00
[2022-03-21 05:18:47,796] {scheduler_job.py:190} INFO - Processing /home/airflow/airflow/dags/parallel_dag.py took 0.235 seconds
[2022-03-21 05:19:18,051] {scheduler_job.py:182} INFO - Started process (PID=9278) to work on /home/airflow/airflow/dags/parallel_dag.py
[2022-03-21 05:19:18,054] {scheduler_job.py:633} INFO - Processing file /home/airflow/airflow/dags/parallel_dag.py for tasks to queue
[2022-03-21 05:19:18,055] {logging_mixin.py:104} INFO - [2022-03-21 05:19:18,055] {dagbag.py:487} INFO - Filling up the DagBag from /home/airflow/airflow/dags/parallel_dag.py
[2022-03-21 05:19:18,072] {scheduler_job.py:643} INFO - DAG(s) dict_keys(['parallel_dag']) retrieved from /home/airflow/airflow/dags/parallel_dag.py
[2022-03-21 05:19:18,102] {logging_mixin.py:104} INFO - [2022-03-21 05:19:18,102] {dag.py:1832} INFO - Sync 1 DAGs
[2022-03-21 05:19:18,133] {logging_mixin.py:104} INFO - [2022-03-21 05:19:18,133] {dag.py:2305} INFO - Setting next_dagrun for parallel_dag to 2022-03-21 00:00:00+00:00
[2022-03-21 05:19:18,164] {scheduler_job.py:190} INFO - Processing /home/airflow/airflow/dags/parallel_dag.py took 0.119 seconds
[2022-03-21 05:20:00,578] {scheduler_job.py:182} INFO - Started process (PID=9311) to work on /home/airflow/airflow/dags/parallel_dag.py
[2022-03-21 05:20:00,580] {scheduler_job.py:633} INFO - Processing file /home/airflow/airflow/dags/parallel_dag.py for tasks to queue
[2022-03-21 05:20:00,582] {logging_mixin.py:104} INFO - [2022-03-21 05:20:00,582] {dagbag.py:487} INFO - Filling up the DagBag from /home/airflow/airflow/dags/parallel_dag.py
[2022-03-21 05:20:00,607] {scheduler_job.py:643} INFO - DAG(s) dict_keys(['parallel_dag']) retrieved from /home/airflow/airflow/dags/parallel_dag.py
[2022-03-21 05:20:00,645] {logging_mixin.py:104} INFO - [2022-03-21 05:20:00,645] {dag.py:1832} INFO - Sync 1 DAGs
[2022-03-21 05:20:00,675] {logging_mixin.py:104} INFO - [2022-03-21 05:20:00,675] {dag.py:2305} INFO - Setting next_dagrun for parallel_dag to 2022-03-21 00:00:00+00:00
[2022-03-21 05:20:00,736] {scheduler_job.py:190} INFO - Processing /home/airflow/airflow/dags/parallel_dag.py took 0.170 seconds
[2022-03-21 05:20:45,660] {scheduler_job.py:182} INFO - Started process (PID=9401) to work on /home/airflow/airflow/dags/parallel_dag.py
[2022-03-21 05:20:45,664] {scheduler_job.py:633} INFO - Processing file /home/airflow/airflow/dags/parallel_dag.py for tasks to queue
[2022-03-21 05:20:45,666] {logging_mixin.py:104} INFO - [2022-03-21 05:20:45,665] {dagbag.py:487} INFO - Filling up the DagBag from /home/airflow/airflow/dags/parallel_dag.py
[2022-03-21 05:20:45,695] {scheduler_job.py:643} INFO - DAG(s) dict_keys(['parallel_dag']) retrieved from /home/airflow/airflow/dags/parallel_dag.py
[2022-03-21 05:20:45,749] {logging_mixin.py:104} INFO - [2022-03-21 05:20:45,748] {dag.py:1832} INFO - Sync 1 DAGs
[2022-03-21 05:20:45,820] {logging_mixin.py:104} INFO - [2022-03-21 05:20:45,820] {dag.py:2305} INFO - Setting next_dagrun for parallel_dag to 2022-03-21 00:00:00+00:00
[2022-03-21 05:20:45,938] {scheduler_job.py:190} INFO - Processing /home/airflow/airflow/dags/parallel_dag.py took 0.293 seconds
[2022-03-21 05:21:22,278] {scheduler_job.py:182} INFO - Started process (PID=9424) to work on /home/airflow/airflow/dags/parallel_dag.py
[2022-03-21 05:21:22,280] {scheduler_job.py:633} INFO - Processing file /home/airflow/airflow/dags/parallel_dag.py for tasks to queue
[2022-03-21 05:21:22,282] {logging_mixin.py:104} INFO - [2022-03-21 05:21:22,281] {dagbag.py:487} INFO - Filling up the DagBag from /home/airflow/airflow/dags/parallel_dag.py
[2022-03-21 05:21:22,295] {scheduler_job.py:643} INFO - DAG(s) dict_keys(['parallel_dag']) retrieved from /home/airflow/airflow/dags/parallel_dag.py
[2022-03-21 05:21:22,327] {logging_mixin.py:104} INFO - [2022-03-21 05:21:22,327] {dag.py:1832} INFO - Sync 1 DAGs
[2022-03-21 05:21:22,359] {logging_mixin.py:104} INFO - [2022-03-21 05:21:22,359] {dag.py:2305} INFO - Setting next_dagrun for parallel_dag to 2022-03-21 00:00:00+00:00
[2022-03-21 05:21:22,397] {scheduler_job.py:190} INFO - Processing /home/airflow/airflow/dags/parallel_dag.py took 0.133 seconds
[2022-03-21 05:21:53,490] {scheduler_job.py:182} INFO - Started process (PID=9447) to work on /home/airflow/airflow/dags/parallel_dag.py
[2022-03-21 05:21:53,494] {scheduler_job.py:633} INFO - Processing file /home/airflow/airflow/dags/parallel_dag.py for tasks to queue
[2022-03-21 05:21:53,495] {logging_mixin.py:104} INFO - [2022-03-21 05:21:53,495] {dagbag.py:487} INFO - Filling up the DagBag from /home/airflow/airflow/dags/parallel_dag.py
[2022-03-21 05:21:53,516] {scheduler_job.py:643} INFO - DAG(s) dict_keys(['parallel_dag']) retrieved from /home/airflow/airflow/dags/parallel_dag.py
[2022-03-21 05:21:53,546] {logging_mixin.py:104} INFO - [2022-03-21 05:21:53,546] {dag.py:1832} INFO - Sync 1 DAGs
[2022-03-21 05:21:53,572] {logging_mixin.py:104} INFO - [2022-03-21 05:21:53,572] {dag.py:2305} INFO - Setting next_dagrun for parallel_dag to 2022-03-21 00:00:00+00:00
[2022-03-21 05:21:53,606] {scheduler_job.py:190} INFO - Processing /home/airflow/airflow/dags/parallel_dag.py took 0.125 seconds
[2022-03-21 05:22:35,710] {scheduler_job.py:182} INFO - Started process (PID=9479) to work on /home/airflow/airflow/dags/parallel_dag.py
[2022-03-21 05:22:35,714] {scheduler_job.py:633} INFO - Processing file /home/airflow/airflow/dags/parallel_dag.py for tasks to queue
[2022-03-21 05:22:35,715] {logging_mixin.py:104} INFO - [2022-03-21 05:22:35,715] {dagbag.py:487} INFO - Filling up the DagBag from /home/airflow/airflow/dags/parallel_dag.py
[2022-03-21 05:22:35,732] {scheduler_job.py:643} INFO - DAG(s) dict_keys(['parallel_dag']) retrieved from /home/airflow/airflow/dags/parallel_dag.py
[2022-03-21 05:22:35,761] {logging_mixin.py:104} INFO - [2022-03-21 05:22:35,760] {dag.py:1832} INFO - Sync 1 DAGs
[2022-03-21 05:22:35,792] {logging_mixin.py:104} INFO - [2022-03-21 05:22:35,792] {dag.py:2305} INFO - Setting next_dagrun for parallel_dag to 2022-03-21 00:00:00+00:00
[2022-03-21 05:22:35,823] {scheduler_job.py:190} INFO - Processing /home/airflow/airflow/dags/parallel_dag.py took 0.119 seconds
[2022-03-21 05:23:16,665] {scheduler_job.py:182} INFO - Started process (PID=9511) to work on /home/airflow/airflow/dags/parallel_dag.py
[2022-03-21 05:23:16,667] {scheduler_job.py:633} INFO - Processing file /home/airflow/airflow/dags/parallel_dag.py for tasks to queue
[2022-03-21 05:23:16,668] {logging_mixin.py:104} INFO - [2022-03-21 05:23:16,668] {dagbag.py:487} INFO - Filling up the DagBag from /home/airflow/airflow/dags/parallel_dag.py
[2022-03-21 05:23:16,691] {scheduler_job.py:643} INFO - DAG(s) dict_keys(['parallel_dag']) retrieved from /home/airflow/airflow/dags/parallel_dag.py
[2022-03-21 05:23:16,725] {logging_mixin.py:104} INFO - [2022-03-21 05:23:16,725] {dag.py:1832} INFO - Sync 1 DAGs
[2022-03-21 05:23:16,756] {logging_mixin.py:104} INFO - [2022-03-21 05:23:16,756] {dag.py:2305} INFO - Setting next_dagrun for parallel_dag to 2022-03-21 00:00:00+00:00
[2022-03-21 05:23:16,788] {scheduler_job.py:190} INFO - Processing /home/airflow/airflow/dags/parallel_dag.py took 0.131 seconds
[2022-03-21 05:23:57,840] {scheduler_job.py:182} INFO - Started process (PID=9545) to work on /home/airflow/airflow/dags/parallel_dag.py
[2022-03-21 05:23:57,846] {scheduler_job.py:633} INFO - Processing file /home/airflow/airflow/dags/parallel_dag.py for tasks to queue
[2022-03-21 05:23:57,847] {logging_mixin.py:104} INFO - [2022-03-21 05:23:57,847] {dagbag.py:487} INFO - Filling up the DagBag from /home/airflow/airflow/dags/parallel_dag.py
[2022-03-21 05:23:57,867] {scheduler_job.py:643} INFO - DAG(s) dict_keys(['parallel_dag']) retrieved from /home/airflow/airflow/dags/parallel_dag.py
[2022-03-21 05:23:57,896] {logging_mixin.py:104} INFO - [2022-03-21 05:23:57,896] {dag.py:1832} INFO - Sync 1 DAGs
[2022-03-21 05:23:57,928] {logging_mixin.py:104} INFO - [2022-03-21 05:23:57,928] {dag.py:2305} INFO - Setting next_dagrun for parallel_dag to 2022-03-21 00:00:00+00:00
[2022-03-21 05:23:57,958] {scheduler_job.py:190} INFO - Processing /home/airflow/airflow/dags/parallel_dag.py took 0.125 seconds
[2022-03-21 05:24:33,446] {scheduler_job.py:182} INFO - Started process (PID=9572) to work on /home/airflow/airflow/dags/parallel_dag.py
[2022-03-21 05:24:33,448] {scheduler_job.py:633} INFO - Processing file /home/airflow/airflow/dags/parallel_dag.py for tasks to queue
[2022-03-21 05:24:33,450] {logging_mixin.py:104} INFO - [2022-03-21 05:24:33,449] {dagbag.py:487} INFO - Filling up the DagBag from /home/airflow/airflow/dags/parallel_dag.py
[2022-03-21 05:24:33,465] {scheduler_job.py:643} INFO - DAG(s) dict_keys(['parallel_dag']) retrieved from /home/airflow/airflow/dags/parallel_dag.py
[2022-03-21 05:24:33,496] {logging_mixin.py:104} INFO - [2022-03-21 05:24:33,496] {dag.py:1832} INFO - Sync 1 DAGs
[2022-03-21 05:24:33,533] {logging_mixin.py:104} INFO - [2022-03-21 05:24:33,533] {dag.py:2305} INFO - Setting next_dagrun for parallel_dag to 2022-03-21 00:00:00+00:00
[2022-03-21 05:24:33,578] {scheduler_job.py:190} INFO - Processing /home/airflow/airflow/dags/parallel_dag.py took 0.139 seconds
[2022-03-21 05:25:03,907] {scheduler_job.py:182} INFO - Started process (PID=9595) to work on /home/airflow/airflow/dags/parallel_dag.py
[2022-03-21 05:25:03,922] {scheduler_job.py:633} INFO - Processing file /home/airflow/airflow/dags/parallel_dag.py for tasks to queue
[2022-03-21 05:25:03,924] {logging_mixin.py:104} INFO - [2022-03-21 05:25:03,923] {dagbag.py:487} INFO - Filling up the DagBag from /home/airflow/airflow/dags/parallel_dag.py
[2022-03-21 05:25:03,968] {scheduler_job.py:643} INFO - DAG(s) dict_keys(['parallel_dag']) retrieved from /home/airflow/airflow/dags/parallel_dag.py
[2022-03-21 05:25:03,999] {logging_mixin.py:104} INFO - [2022-03-21 05:25:03,999] {dag.py:1832} INFO - Sync 1 DAGs
[2022-03-21 05:25:04,027] {logging_mixin.py:104} INFO - [2022-03-21 05:25:04,027] {dag.py:2305} INFO - Setting next_dagrun for parallel_dag to 2022-03-21 00:00:00+00:00
[2022-03-21 05:25:04,057] {scheduler_job.py:190} INFO - Processing /home/airflow/airflow/dags/parallel_dag.py took 0.159 seconds
[2022-03-21 05:25:35,308] {scheduler_job.py:182} INFO - Started process (PID=9676) to work on /home/airflow/airflow/dags/parallel_dag.py
[2022-03-21 05:25:35,317] {scheduler_job.py:633} INFO - Processing file /home/airflow/airflow/dags/parallel_dag.py for tasks to queue
[2022-03-21 05:25:35,319] {logging_mixin.py:104} INFO - [2022-03-21 05:25:35,318] {dagbag.py:487} INFO - Filling up the DagBag from /home/airflow/airflow/dags/parallel_dag.py
[2022-03-21 05:25:35,339] {scheduler_job.py:643} INFO - DAG(s) dict_keys(['parallel_dag']) retrieved from /home/airflow/airflow/dags/parallel_dag.py
[2022-03-21 05:25:35,374] {logging_mixin.py:104} INFO - [2022-03-21 05:25:35,374] {dag.py:1832} INFO - Sync 1 DAGs
[2022-03-21 05:25:35,402] {logging_mixin.py:104} INFO - [2022-03-21 05:25:35,402] {dag.py:2305} INFO - Setting next_dagrun for parallel_dag to 2022-03-21 00:00:00+00:00
[2022-03-21 05:25:35,435] {scheduler_job.py:190} INFO - Processing /home/airflow/airflow/dags/parallel_dag.py took 0.144 seconds
[2022-03-21 05:26:23,035] {scheduler_job.py:182} INFO - Started process (PID=9710) to work on /home/airflow/airflow/dags/parallel_dag.py
[2022-03-21 05:26:23,037] {scheduler_job.py:633} INFO - Processing file /home/airflow/airflow/dags/parallel_dag.py for tasks to queue
[2022-03-21 05:26:23,039] {logging_mixin.py:104} INFO - [2022-03-21 05:26:23,039] {dagbag.py:487} INFO - Filling up the DagBag from /home/airflow/airflow/dags/parallel_dag.py
[2022-03-21 05:26:23,056] {scheduler_job.py:643} INFO - DAG(s) dict_keys(['parallel_dag']) retrieved from /home/airflow/airflow/dags/parallel_dag.py
[2022-03-21 05:26:23,094] {logging_mixin.py:104} INFO - [2022-03-21 05:26:23,094] {dag.py:1832} INFO - Sync 1 DAGs
[2022-03-21 05:26:23,247] {logging_mixin.py:104} INFO - [2022-03-21 05:26:23,246] {dag.py:2305} INFO - Setting next_dagrun for parallel_dag to 2022-03-21 00:00:00+00:00
[2022-03-21 05:26:23,275] {scheduler_job.py:190} INFO - Processing /home/airflow/airflow/dags/parallel_dag.py took 0.246 seconds
[2022-03-21 05:26:56,950] {scheduler_job.py:182} INFO - Started process (PID=9733) to work on /home/airflow/airflow/dags/parallel_dag.py
[2022-03-21 05:26:56,957] {scheduler_job.py:633} INFO - Processing file /home/airflow/airflow/dags/parallel_dag.py for tasks to queue
[2022-03-21 05:26:56,959] {logging_mixin.py:104} INFO - [2022-03-21 05:26:56,958] {dagbag.py:487} INFO - Filling up the DagBag from /home/airflow/airflow/dags/parallel_dag.py
[2022-03-21 05:26:56,987] {scheduler_job.py:643} INFO - DAG(s) dict_keys(['parallel_dag']) retrieved from /home/airflow/airflow/dags/parallel_dag.py
[2022-03-21 05:26:57,022] {logging_mixin.py:104} INFO - [2022-03-21 05:26:57,022] {dag.py:1832} INFO - Sync 1 DAGs
[2022-03-21 05:26:57,177] {logging_mixin.py:104} INFO - [2022-03-21 05:26:57,176] {dag.py:2305} INFO - Setting next_dagrun for parallel_dag to 2022-03-21 00:00:00+00:00
[2022-03-21 05:26:57,214] {scheduler_job.py:190} INFO - Processing /home/airflow/airflow/dags/parallel_dag.py took 0.273 seconds
[2022-03-21 05:27:31,396] {scheduler_job.py:182} INFO - Started process (PID=9757) to work on /home/airflow/airflow/dags/parallel_dag.py
[2022-03-21 05:27:31,402] {scheduler_job.py:633} INFO - Processing file /home/airflow/airflow/dags/parallel_dag.py for tasks to queue
[2022-03-21 05:27:31,404] {logging_mixin.py:104} INFO - [2022-03-21 05:27:31,403] {dagbag.py:487} INFO - Filling up the DagBag from /home/airflow/airflow/dags/parallel_dag.py
[2022-03-21 05:27:31,433] {scheduler_job.py:643} INFO - DAG(s) dict_keys(['parallel_dag']) retrieved from /home/airflow/airflow/dags/parallel_dag.py
[2022-03-21 05:27:31,469] {logging_mixin.py:104} INFO - [2022-03-21 05:27:31,469] {dag.py:1832} INFO - Sync 1 DAGs
[2022-03-21 05:27:31,622] {logging_mixin.py:104} INFO - [2022-03-21 05:27:31,622] {dag.py:2305} INFO - Setting next_dagrun for parallel_dag to 2022-03-21 00:00:00+00:00
[2022-03-21 05:27:31,709] {scheduler_job.py:190} INFO - Processing /home/airflow/airflow/dags/parallel_dag.py took 0.320 seconds
[2022-03-21 05:28:06,932] {scheduler_job.py:182} INFO - Started process (PID=9782) to work on /home/airflow/airflow/dags/parallel_dag.py
[2022-03-21 05:28:06,934] {scheduler_job.py:633} INFO - Processing file /home/airflow/airflow/dags/parallel_dag.py for tasks to queue
[2022-03-21 05:28:06,936] {logging_mixin.py:104} INFO - [2022-03-21 05:28:06,936] {dagbag.py:487} INFO - Filling up the DagBag from /home/airflow/airflow/dags/parallel_dag.py
[2022-03-21 05:28:06,965] {scheduler_job.py:643} INFO - DAG(s) dict_keys(['parallel_dag']) retrieved from /home/airflow/airflow/dags/parallel_dag.py
[2022-03-21 05:28:06,998] {logging_mixin.py:104} INFO - [2022-03-21 05:28:06,998] {dag.py:1832} INFO - Sync 1 DAGs
[2022-03-21 05:28:07,146] {logging_mixin.py:104} INFO - [2022-03-21 05:28:07,146] {dag.py:2305} INFO - Setting next_dagrun for parallel_dag to 2022-03-21 00:00:00+00:00
[2022-03-21 05:28:07,194] {scheduler_job.py:190} INFO - Processing /home/airflow/airflow/dags/parallel_dag.py took 0.272 seconds
[2022-03-21 05:28:40,624] {scheduler_job.py:182} INFO - Started process (PID=9806) to work on /home/airflow/airflow/dags/parallel_dag.py
[2022-03-21 05:28:40,627] {scheduler_job.py:633} INFO - Processing file /home/airflow/airflow/dags/parallel_dag.py for tasks to queue
[2022-03-21 05:28:40,628] {logging_mixin.py:104} INFO - [2022-03-21 05:28:40,628] {dagbag.py:487} INFO - Filling up the DagBag from /home/airflow/airflow/dags/parallel_dag.py
[2022-03-21 05:28:40,776] {scheduler_job.py:643} INFO - DAG(s) dict_keys(['parallel_dag']) retrieved from /home/airflow/airflow/dags/parallel_dag.py
[2022-03-21 05:28:40,799] {logging_mixin.py:104} INFO - [2022-03-21 05:28:40,799] {dag.py:1832} INFO - Sync 1 DAGs
[2022-03-21 05:28:40,829] {logging_mixin.py:104} INFO - [2022-03-21 05:28:40,829] {dag.py:2305} INFO - Setting next_dagrun for parallel_dag to 2022-03-21 00:00:00+00:00
[2022-03-21 05:28:40,861] {scheduler_job.py:190} INFO - Processing /home/airflow/airflow/dags/parallel_dag.py took 0.251 seconds
[2022-03-21 05:29:13,770] {scheduler_job.py:182} INFO - Started process (PID=9830) to work on /home/airflow/airflow/dags/parallel_dag.py
[2022-03-21 05:29:13,772] {scheduler_job.py:633} INFO - Processing file /home/airflow/airflow/dags/parallel_dag.py for tasks to queue
[2022-03-21 05:29:13,774] {logging_mixin.py:104} INFO - [2022-03-21 05:29:13,773] {dagbag.py:487} INFO - Filling up the DagBag from /home/airflow/airflow/dags/parallel_dag.py
[2022-03-21 05:29:13,923] {scheduler_job.py:643} INFO - DAG(s) dict_keys(['parallel_dag']) retrieved from /home/airflow/airflow/dags/parallel_dag.py
[2022-03-21 05:29:13,946] {logging_mixin.py:104} INFO - [2022-03-21 05:29:13,945] {dag.py:1832} INFO - Sync 1 DAGs
[2022-03-21 05:29:13,975] {logging_mixin.py:104} INFO - [2022-03-21 05:29:13,975] {dag.py:2305} INFO - Setting next_dagrun for parallel_dag to 2022-03-21 00:00:00+00:00
[2022-03-21 05:29:14,009] {scheduler_job.py:190} INFO - Processing /home/airflow/airflow/dags/parallel_dag.py took 0.254 seconds
[2022-03-21 05:29:49,735] {scheduler_job.py:182} INFO - Started process (PID=9855) to work on /home/airflow/airflow/dags/parallel_dag.py
[2022-03-21 05:29:49,739] {scheduler_job.py:633} INFO - Processing file /home/airflow/airflow/dags/parallel_dag.py for tasks to queue
[2022-03-21 05:29:49,743] {logging_mixin.py:104} INFO - [2022-03-21 05:29:49,740] {dagbag.py:487} INFO - Filling up the DagBag from /home/airflow/airflow/dags/parallel_dag.py
[2022-03-21 05:29:49,917] {scheduler_job.py:643} INFO - DAG(s) dict_keys(['parallel_dag']) retrieved from /home/airflow/airflow/dags/parallel_dag.py
[2022-03-21 05:29:49,942] {logging_mixin.py:104} INFO - [2022-03-21 05:29:49,942] {dag.py:1832} INFO - Sync 1 DAGs
[2022-03-21 05:29:49,975] {logging_mixin.py:104} INFO - [2022-03-21 05:29:49,975] {dag.py:2305} INFO - Setting next_dagrun for parallel_dag to 2022-03-21 00:00:00+00:00
[2022-03-21 05:29:50,014] {scheduler_job.py:190} INFO - Processing /home/airflow/airflow/dags/parallel_dag.py took 0.287 seconds
[2022-03-21 05:30:22,702] {scheduler_job.py:182} INFO - Started process (PID=9878) to work on /home/airflow/airflow/dags/parallel_dag.py
[2022-03-21 05:30:22,705] {scheduler_job.py:633} INFO - Processing file /home/airflow/airflow/dags/parallel_dag.py for tasks to queue
[2022-03-21 05:30:22,707] {logging_mixin.py:104} INFO - [2022-03-21 05:30:22,707] {dagbag.py:487} INFO - Filling up the DagBag from /home/airflow/airflow/dags/parallel_dag.py
[2022-03-21 05:30:22,890] {scheduler_job.py:643} INFO - DAG(s) dict_keys(['parallel_dag']) retrieved from /home/airflow/airflow/dags/parallel_dag.py
[2022-03-21 05:30:22,926] {logging_mixin.py:104} INFO - [2022-03-21 05:30:22,925] {dag.py:1832} INFO - Sync 1 DAGs
[2022-03-21 05:30:22,968] {logging_mixin.py:104} INFO - [2022-03-21 05:30:22,968] {dag.py:2305} INFO - Setting next_dagrun for parallel_dag to 2022-03-21 00:00:00+00:00
[2022-03-21 05:30:23,024] {scheduler_job.py:190} INFO - Processing /home/airflow/airflow/dags/parallel_dag.py took 0.331 seconds
[2022-03-21 05:31:04,826] {scheduler_job.py:182} INFO - Started process (PID=9965) to work on /home/airflow/airflow/dags/parallel_dag.py
[2022-03-21 05:31:04,828] {scheduler_job.py:633} INFO - Processing file /home/airflow/airflow/dags/parallel_dag.py for tasks to queue
[2022-03-21 05:31:04,829] {logging_mixin.py:104} INFO - [2022-03-21 05:31:04,829] {dagbag.py:487} INFO - Filling up the DagBag from /home/airflow/airflow/dags/parallel_dag.py
[2022-03-21 05:31:04,847] {scheduler_job.py:643} INFO - DAG(s) dict_keys(['parallel_dag']) retrieved from /home/airflow/airflow/dags/parallel_dag.py
[2022-03-21 05:31:04,882] {logging_mixin.py:104} INFO - [2022-03-21 05:31:04,882] {dag.py:1832} INFO - Sync 1 DAGs
[2022-03-21 05:31:04,908] {logging_mixin.py:104} INFO - [2022-03-21 05:31:04,908] {dag.py:2305} INFO - Setting next_dagrun for parallel_dag to 2022-03-21 00:00:00+00:00
[2022-03-21 05:31:04,940] {scheduler_job.py:190} INFO - Processing /home/airflow/airflow/dags/parallel_dag.py took 0.122 seconds
[2022-03-21 05:31:36,711] {scheduler_job.py:182} INFO - Started process (PID=9989) to work on /home/airflow/airflow/dags/parallel_dag.py
[2022-03-21 05:31:36,722] {scheduler_job.py:633} INFO - Processing file /home/airflow/airflow/dags/parallel_dag.py for tasks to queue
[2022-03-21 05:31:36,727] {logging_mixin.py:104} INFO - [2022-03-21 05:31:36,726] {dagbag.py:487} INFO - Filling up the DagBag from /home/airflow/airflow/dags/parallel_dag.py
[2022-03-21 05:31:36,745] {scheduler_job.py:643} INFO - DAG(s) dict_keys(['parallel_dag']) retrieved from /home/airflow/airflow/dags/parallel_dag.py
[2022-03-21 05:31:36,775] {logging_mixin.py:104} INFO - [2022-03-21 05:31:36,775] {dag.py:1832} INFO - Sync 1 DAGs
[2022-03-21 05:31:36,804] {logging_mixin.py:104} INFO - [2022-03-21 05:31:36,804] {dag.py:2305} INFO - Setting next_dagrun for parallel_dag to 2022-03-21 00:00:00+00:00
[2022-03-21 05:31:36,845] {scheduler_job.py:190} INFO - Processing /home/airflow/airflow/dags/parallel_dag.py took 0.140 seconds
[2022-03-21 05:32:17,196] {scheduler_job.py:182} INFO - Started process (PID=10020) to work on /home/airflow/airflow/dags/parallel_dag.py
[2022-03-21 05:32:17,198] {scheduler_job.py:633} INFO - Processing file /home/airflow/airflow/dags/parallel_dag.py for tasks to queue
[2022-03-21 05:32:17,199] {logging_mixin.py:104} INFO - [2022-03-21 05:32:17,199] {dagbag.py:487} INFO - Filling up the DagBag from /home/airflow/airflow/dags/parallel_dag.py
[2022-03-21 05:32:17,214] {scheduler_job.py:643} INFO - DAG(s) dict_keys(['parallel_dag']) retrieved from /home/airflow/airflow/dags/parallel_dag.py
[2022-03-21 05:32:17,267] {logging_mixin.py:104} INFO - [2022-03-21 05:32:17,267] {dag.py:1832} INFO - Sync 1 DAGs
[2022-03-21 05:32:17,298] {logging_mixin.py:104} INFO - [2022-03-21 05:32:17,298] {dag.py:2305} INFO - Setting next_dagrun for parallel_dag to 2022-03-21 00:00:00+00:00
[2022-03-21 05:32:17,328] {scheduler_job.py:190} INFO - Processing /home/airflow/airflow/dags/parallel_dag.py took 0.147 seconds
[2022-03-21 05:33:00,074] {scheduler_job.py:182} INFO - Started process (PID=10053) to work on /home/airflow/airflow/dags/parallel_dag.py
[2022-03-21 05:33:00,077] {scheduler_job.py:633} INFO - Processing file /home/airflow/airflow/dags/parallel_dag.py for tasks to queue
[2022-03-21 05:33:00,081] {logging_mixin.py:104} INFO - [2022-03-21 05:33:00,080] {dagbag.py:487} INFO - Filling up the DagBag from /home/airflow/airflow/dags/parallel_dag.py
[2022-03-21 05:33:00,109] {scheduler_job.py:643} INFO - DAG(s) dict_keys(['parallel_dag']) retrieved from /home/airflow/airflow/dags/parallel_dag.py
[2022-03-21 05:33:00,162] {logging_mixin.py:104} INFO - [2022-03-21 05:33:00,162] {dag.py:1832} INFO - Sync 1 DAGs
[2022-03-21 05:33:00,236] {logging_mixin.py:104} INFO - [2022-03-21 05:33:00,236] {dag.py:2305} INFO - Setting next_dagrun for parallel_dag to 2022-03-21 00:00:00+00:00
[2022-03-21 05:33:00,288] {scheduler_job.py:190} INFO - Processing /home/airflow/airflow/dags/parallel_dag.py took 0.226 seconds
[2022-03-21 05:33:44,108] {scheduler_job.py:182} INFO - Started process (PID=10086) to work on /home/airflow/airflow/dags/parallel_dag.py
[2022-03-21 05:33:44,110] {scheduler_job.py:633} INFO - Processing file /home/airflow/airflow/dags/parallel_dag.py for tasks to queue
[2022-03-21 05:33:44,111] {logging_mixin.py:104} INFO - [2022-03-21 05:33:44,111] {dagbag.py:487} INFO - Filling up the DagBag from /home/airflow/airflow/dags/parallel_dag.py
[2022-03-21 05:33:44,130] {scheduler_job.py:643} INFO - DAG(s) dict_keys(['parallel_dag']) retrieved from /home/airflow/airflow/dags/parallel_dag.py
[2022-03-21 05:33:44,162] {logging_mixin.py:104} INFO - [2022-03-21 05:33:44,162] {dag.py:1832} INFO - Sync 1 DAGs
[2022-03-21 05:33:44,189] {logging_mixin.py:104} INFO - [2022-03-21 05:33:44,188] {dag.py:2305} INFO - Setting next_dagrun for parallel_dag to 2022-03-21 00:00:00+00:00
[2022-03-21 05:33:44,221] {scheduler_job.py:190} INFO - Processing /home/airflow/airflow/dags/parallel_dag.py took 0.120 seconds
[2022-03-21 05:34:28,126] {scheduler_job.py:182} INFO - Started process (PID=10120) to work on /home/airflow/airflow/dags/parallel_dag.py
[2022-03-21 05:34:28,128] {scheduler_job.py:633} INFO - Processing file /home/airflow/airflow/dags/parallel_dag.py for tasks to queue
[2022-03-21 05:34:28,130] {logging_mixin.py:104} INFO - [2022-03-21 05:34:28,129] {dagbag.py:487} INFO - Filling up the DagBag from /home/airflow/airflow/dags/parallel_dag.py
[2022-03-21 05:34:28,154] {scheduler_job.py:643} INFO - DAG(s) dict_keys(['parallel_dag']) retrieved from /home/airflow/airflow/dags/parallel_dag.py
[2022-03-21 05:34:28,214] {logging_mixin.py:104} INFO - [2022-03-21 05:34:28,214] {dag.py:1832} INFO - Sync 1 DAGs
[2022-03-21 05:34:28,273] {logging_mixin.py:104} INFO - [2022-03-21 05:34:28,273] {dag.py:2305} INFO - Setting next_dagrun for parallel_dag to 2022-03-21 00:00:00+00:00
[2022-03-21 05:34:28,324] {scheduler_job.py:190} INFO - Processing /home/airflow/airflow/dags/parallel_dag.py took 0.214 seconds
[2022-03-21 05:34:59,218] {scheduler_job.py:182} INFO - Started process (PID=10141) to work on /home/airflow/airflow/dags/parallel_dag.py
[2022-03-21 05:34:59,221] {scheduler_job.py:633} INFO - Processing file /home/airflow/airflow/dags/parallel_dag.py for tasks to queue
[2022-03-21 05:34:59,222] {logging_mixin.py:104} INFO - [2022-03-21 05:34:59,222] {dagbag.py:487} INFO - Filling up the DagBag from /home/airflow/airflow/dags/parallel_dag.py
[2022-03-21 05:34:59,244] {scheduler_job.py:643} INFO - DAG(s) dict_keys(['parallel_dag']) retrieved from /home/airflow/airflow/dags/parallel_dag.py
[2022-03-21 05:34:59,280] {logging_mixin.py:104} INFO - [2022-03-21 05:34:59,280] {dag.py:1832} INFO - Sync 1 DAGs
[2022-03-21 05:34:59,315] {logging_mixin.py:104} INFO - [2022-03-21 05:34:59,315] {dag.py:2305} INFO - Setting next_dagrun for parallel_dag to 2022-03-21 00:00:00+00:00
[2022-03-21 05:34:59,350] {scheduler_job.py:190} INFO - Processing /home/airflow/airflow/dags/parallel_dag.py took 0.139 seconds
[2022-03-21 05:35:31,263] {scheduler_job.py:182} INFO - Started process (PID=10222) to work on /home/airflow/airflow/dags/parallel_dag.py
[2022-03-21 05:35:31,268] {scheduler_job.py:633} INFO - Processing file /home/airflow/airflow/dags/parallel_dag.py for tasks to queue
[2022-03-21 05:35:31,269] {logging_mixin.py:104} INFO - [2022-03-21 05:35:31,269] {dagbag.py:487} INFO - Filling up the DagBag from /home/airflow/airflow/dags/parallel_dag.py
[2022-03-21 05:35:31,284] {scheduler_job.py:643} INFO - DAG(s) dict_keys(['parallel_dag']) retrieved from /home/airflow/airflow/dags/parallel_dag.py
[2022-03-21 05:35:31,314] {logging_mixin.py:104} INFO - [2022-03-21 05:35:31,313] {dag.py:1832} INFO - Sync 1 DAGs
[2022-03-21 05:35:31,344] {logging_mixin.py:104} INFO - [2022-03-21 05:35:31,341] {dag.py:2305} INFO - Setting next_dagrun for parallel_dag to 2022-03-21 00:00:00+00:00
[2022-03-21 05:35:31,375] {scheduler_job.py:190} INFO - Processing /home/airflow/airflow/dags/parallel_dag.py took 0.119 seconds
[2022-03-21 05:36:17,867] {scheduler_job.py:182} INFO - Started process (PID=10255) to work on /home/airflow/airflow/dags/parallel_dag.py
[2022-03-21 05:36:17,873] {scheduler_job.py:633} INFO - Processing file /home/airflow/airflow/dags/parallel_dag.py for tasks to queue
[2022-03-21 05:36:17,874] {logging_mixin.py:104} INFO - [2022-03-21 05:36:17,874] {dagbag.py:487} INFO - Filling up the DagBag from /home/airflow/airflow/dags/parallel_dag.py
[2022-03-21 05:36:17,887] {scheduler_job.py:643} INFO - DAG(s) dict_keys(['parallel_dag']) retrieved from /home/airflow/airflow/dags/parallel_dag.py
[2022-03-21 05:36:17,919] {logging_mixin.py:104} INFO - [2022-03-21 05:36:17,918] {dag.py:1832} INFO - Sync 1 DAGs
[2022-03-21 05:36:17,960] {logging_mixin.py:104} INFO - [2022-03-21 05:36:17,960] {dag.py:2305} INFO - Setting next_dagrun for parallel_dag to 2022-03-21 00:00:00+00:00
[2022-03-21 05:36:18,003] {scheduler_job.py:190} INFO - Processing /home/airflow/airflow/dags/parallel_dag.py took 0.142 seconds
[2022-03-21 05:36:50,104] {scheduler_job.py:182} INFO - Started process (PID=10278) to work on /home/airflow/airflow/dags/parallel_dag.py
[2022-03-21 05:36:50,114] {scheduler_job.py:633} INFO - Processing file /home/airflow/airflow/dags/parallel_dag.py for tasks to queue
[2022-03-21 05:36:50,118] {logging_mixin.py:104} INFO - [2022-03-21 05:36:50,117] {dagbag.py:487} INFO - Filling up the DagBag from /home/airflow/airflow/dags/parallel_dag.py
[2022-03-21 05:36:50,136] {scheduler_job.py:643} INFO - DAG(s) dict_keys(['parallel_dag']) retrieved from /home/airflow/airflow/dags/parallel_dag.py
[2022-03-21 05:36:50,186] {logging_mixin.py:104} INFO - [2022-03-21 05:36:50,186] {dag.py:1832} INFO - Sync 1 DAGs
[2022-03-21 05:36:50,212] {logging_mixin.py:104} INFO - [2022-03-21 05:36:50,211] {dag.py:2305} INFO - Setting next_dagrun for parallel_dag to 2022-03-21 00:00:00+00:00
[2022-03-21 05:36:50,346] {scheduler_job.py:190} INFO - Processing /home/airflow/airflow/dags/parallel_dag.py took 0.254 seconds
[2022-03-21 05:37:33,450] {scheduler_job.py:182} INFO - Started process (PID=10311) to work on /home/airflow/airflow/dags/parallel_dag.py
[2022-03-21 05:37:33,453] {scheduler_job.py:633} INFO - Processing file /home/airflow/airflow/dags/parallel_dag.py for tasks to queue
[2022-03-21 05:37:33,454] {logging_mixin.py:104} INFO - [2022-03-21 05:37:33,454] {dagbag.py:487} INFO - Filling up the DagBag from /home/airflow/airflow/dags/parallel_dag.py
[2022-03-21 05:37:33,473] {scheduler_job.py:643} INFO - DAG(s) dict_keys(['parallel_dag']) retrieved from /home/airflow/airflow/dags/parallel_dag.py
[2022-03-21 05:37:33,506] {logging_mixin.py:104} INFO - [2022-03-21 05:37:33,506] {dag.py:1832} INFO - Sync 1 DAGs
[2022-03-21 05:37:33,535] {logging_mixin.py:104} INFO - [2022-03-21 05:37:33,535] {dag.py:2305} INFO - Setting next_dagrun for parallel_dag to 2022-03-21 00:00:00+00:00
[2022-03-21 05:37:33,594] {scheduler_job.py:190} INFO - Processing /home/airflow/airflow/dags/parallel_dag.py took 0.154 seconds
[2022-03-21 05:38:17,638] {scheduler_job.py:182} INFO - Started process (PID=10345) to work on /home/airflow/airflow/dags/parallel_dag.py
[2022-03-21 05:38:17,641] {scheduler_job.py:633} INFO - Processing file /home/airflow/airflow/dags/parallel_dag.py for tasks to queue
[2022-03-21 05:38:17,642] {logging_mixin.py:104} INFO - [2022-03-21 05:38:17,642] {dagbag.py:487} INFO - Filling up the DagBag from /home/airflow/airflow/dags/parallel_dag.py
[2022-03-21 05:38:17,661] {scheduler_job.py:643} INFO - DAG(s) dict_keys(['parallel_dag']) retrieved from /home/airflow/airflow/dags/parallel_dag.py
[2022-03-21 05:38:17,693] {logging_mixin.py:104} INFO - [2022-03-21 05:38:17,693] {dag.py:1832} INFO - Sync 1 DAGs
[2022-03-21 05:38:17,722] {logging_mixin.py:104} INFO - [2022-03-21 05:38:17,722] {dag.py:2305} INFO - Setting next_dagrun for parallel_dag to 2022-03-21 00:00:00+00:00
[2022-03-21 05:38:17,752] {scheduler_job.py:190} INFO - Processing /home/airflow/airflow/dags/parallel_dag.py took 0.123 seconds
[2022-03-21 05:38:58,453] {scheduler_job.py:182} INFO - Started process (PID=10377) to work on /home/airflow/airflow/dags/parallel_dag.py
[2022-03-21 05:38:58,456] {scheduler_job.py:633} INFO - Processing file /home/airflow/airflow/dags/parallel_dag.py for tasks to queue
[2022-03-21 05:38:58,458] {logging_mixin.py:104} INFO - [2022-03-21 05:38:58,457] {dagbag.py:487} INFO - Filling up the DagBag from /home/airflow/airflow/dags/parallel_dag.py
[2022-03-21 05:38:58,480] {scheduler_job.py:643} INFO - DAG(s) dict_keys(['parallel_dag']) retrieved from /home/airflow/airflow/dags/parallel_dag.py
[2022-03-21 05:38:58,514] {logging_mixin.py:104} INFO - [2022-03-21 05:38:58,514] {dag.py:1832} INFO - Sync 1 DAGs
[2022-03-21 05:38:58,559] {logging_mixin.py:104} INFO - [2022-03-21 05:38:58,558] {dag.py:2305} INFO - Setting next_dagrun for parallel_dag to 2022-03-21 00:00:00+00:00
[2022-03-21 05:38:58,725] {scheduler_job.py:190} INFO - Processing /home/airflow/airflow/dags/parallel_dag.py took 0.284 seconds
[2022-03-21 05:39:32,129] {scheduler_job.py:182} INFO - Started process (PID=10400) to work on /home/airflow/airflow/dags/parallel_dag.py
[2022-03-21 05:39:32,134] {scheduler_job.py:633} INFO - Processing file /home/airflow/airflow/dags/parallel_dag.py for tasks to queue
[2022-03-21 05:39:32,136] {logging_mixin.py:104} INFO - [2022-03-21 05:39:32,135] {dagbag.py:487} INFO - Filling up the DagBag from /home/airflow/airflow/dags/parallel_dag.py
[2022-03-21 05:39:32,157] {scheduler_job.py:643} INFO - DAG(s) dict_keys(['parallel_dag']) retrieved from /home/airflow/airflow/dags/parallel_dag.py
[2022-03-21 05:39:32,191] {logging_mixin.py:104} INFO - [2022-03-21 05:39:32,191] {dag.py:1832} INFO - Sync 1 DAGs
[2022-03-21 05:39:32,267] {logging_mixin.py:104} INFO - [2022-03-21 05:39:32,266] {dag.py:2305} INFO - Setting next_dagrun for parallel_dag to 2022-03-21 00:00:00+00:00
[2022-03-21 05:39:32,308] {scheduler_job.py:190} INFO - Processing /home/airflow/airflow/dags/parallel_dag.py took 0.191 seconds
[2022-03-21 05:40:14,734] {scheduler_job.py:182} INFO - Started process (PID=10433) to work on /home/airflow/airflow/dags/parallel_dag.py
[2022-03-21 05:40:14,736] {scheduler_job.py:633} INFO - Processing file /home/airflow/airflow/dags/parallel_dag.py for tasks to queue
[2022-03-21 05:40:14,738] {logging_mixin.py:104} INFO - [2022-03-21 05:40:14,738] {dagbag.py:487} INFO - Filling up the DagBag from /home/airflow/airflow/dags/parallel_dag.py
[2022-03-21 05:40:14,757] {scheduler_job.py:643} INFO - DAG(s) dict_keys(['parallel_dag']) retrieved from /home/airflow/airflow/dags/parallel_dag.py
[2022-03-21 05:40:14,791] {logging_mixin.py:104} INFO - [2022-03-21 05:40:14,791] {dag.py:1832} INFO - Sync 1 DAGs
[2022-03-21 05:40:14,822] {logging_mixin.py:104} INFO - [2022-03-21 05:40:14,822] {dag.py:2305} INFO - Setting next_dagrun for parallel_dag to 2022-03-21 00:00:00+00:00
[2022-03-21 05:40:14,857] {scheduler_job.py:190} INFO - Processing /home/airflow/airflow/dags/parallel_dag.py took 0.132 seconds
[2022-03-21 05:40:54,174] {scheduler_job.py:182} INFO - Started process (PID=10519) to work on /home/airflow/airflow/dags/parallel_dag.py
[2022-03-21 05:40:54,177] {scheduler_job.py:633} INFO - Processing file /home/airflow/airflow/dags/parallel_dag.py for tasks to queue
[2022-03-21 05:40:54,179] {logging_mixin.py:104} INFO - [2022-03-21 05:40:54,179] {dagbag.py:487} INFO - Filling up the DagBag from /home/airflow/airflow/dags/parallel_dag.py
[2022-03-21 05:40:54,201] {scheduler_job.py:643} INFO - DAG(s) dict_keys(['parallel_dag']) retrieved from /home/airflow/airflow/dags/parallel_dag.py
[2022-03-21 05:40:54,243] {logging_mixin.py:104} INFO - [2022-03-21 05:40:54,243] {dag.py:1832} INFO - Sync 1 DAGs
[2022-03-21 05:40:54,282] {logging_mixin.py:104} INFO - [2022-03-21 05:40:54,281] {dag.py:2305} INFO - Setting next_dagrun for parallel_dag to 2022-03-21 00:00:00+00:00
[2022-03-21 05:40:54,340] {scheduler_job.py:190} INFO - Processing /home/airflow/airflow/dags/parallel_dag.py took 0.174 seconds
[2022-03-21 05:41:39,693] {scheduler_job.py:182} INFO - Started process (PID=10553) to work on /home/airflow/airflow/dags/parallel_dag.py
[2022-03-21 05:41:39,700] {scheduler_job.py:633} INFO - Processing file /home/airflow/airflow/dags/parallel_dag.py for tasks to queue
[2022-03-21 05:41:39,701] {logging_mixin.py:104} INFO - [2022-03-21 05:41:39,701] {dagbag.py:487} INFO - Filling up the DagBag from /home/airflow/airflow/dags/parallel_dag.py
[2022-03-21 05:41:39,720] {scheduler_job.py:643} INFO - DAG(s) dict_keys(['parallel_dag']) retrieved from /home/airflow/airflow/dags/parallel_dag.py
[2022-03-21 05:41:39,756] {logging_mixin.py:104} INFO - [2022-03-21 05:41:39,756] {dag.py:1832} INFO - Sync 1 DAGs
[2022-03-21 05:41:39,804] {logging_mixin.py:104} INFO - [2022-03-21 05:41:39,804] {dag.py:2305} INFO - Setting next_dagrun for parallel_dag to 2022-03-21 00:00:00+00:00
[2022-03-21 05:41:39,874] {scheduler_job.py:190} INFO - Processing /home/airflow/airflow/dags/parallel_dag.py took 0.189 seconds
[2022-03-21 05:42:12,051] {scheduler_job.py:182} INFO - Started process (PID=10576) to work on /home/airflow/airflow/dags/parallel_dag.py
[2022-03-21 05:42:12,057] {scheduler_job.py:633} INFO - Processing file /home/airflow/airflow/dags/parallel_dag.py for tasks to queue
[2022-03-21 05:42:12,059] {logging_mixin.py:104} INFO - [2022-03-21 05:42:12,059] {dagbag.py:487} INFO - Filling up the DagBag from /home/airflow/airflow/dags/parallel_dag.py
[2022-03-21 05:42:12,082] {scheduler_job.py:643} INFO - DAG(s) dict_keys(['parallel_dag']) retrieved from /home/airflow/airflow/dags/parallel_dag.py
[2022-03-21 05:42:12,123] {logging_mixin.py:104} INFO - [2022-03-21 05:42:12,123] {dag.py:1832} INFO - Sync 1 DAGs
[2022-03-21 05:42:12,267] {logging_mixin.py:104} INFO - [2022-03-21 05:42:12,266] {dag.py:2305} INFO - Setting next_dagrun for parallel_dag to 2022-03-21 00:00:00+00:00
[2022-03-21 05:42:12,311] {scheduler_job.py:190} INFO - Processing /home/airflow/airflow/dags/parallel_dag.py took 0.271 seconds
[2022-03-21 05:42:42,653] {scheduler_job.py:182} INFO - Started process (PID=10598) to work on /home/airflow/airflow/dags/parallel_dag.py
[2022-03-21 05:42:42,656] {scheduler_job.py:633} INFO - Processing file /home/airflow/airflow/dags/parallel_dag.py for tasks to queue
[2022-03-21 05:42:42,658] {logging_mixin.py:104} INFO - [2022-03-21 05:42:42,657] {dagbag.py:487} INFO - Filling up the DagBag from /home/airflow/airflow/dags/parallel_dag.py
[2022-03-21 05:42:42,680] {scheduler_job.py:643} INFO - DAG(s) dict_keys(['parallel_dag']) retrieved from /home/airflow/airflow/dags/parallel_dag.py
[2022-03-21 05:42:42,717] {logging_mixin.py:104} INFO - [2022-03-21 05:42:42,717] {dag.py:1832} INFO - Sync 1 DAGs
[2022-03-21 05:42:42,759] {logging_mixin.py:104} INFO - [2022-03-21 05:42:42,759] {dag.py:2305} INFO - Setting next_dagrun for parallel_dag to 2022-03-21 00:00:00+00:00
[2022-03-21 05:42:42,805] {scheduler_job.py:190} INFO - Processing /home/airflow/airflow/dags/parallel_dag.py took 0.159 seconds
[2022-03-21 05:43:17,849] {scheduler_job.py:182} INFO - Started process (PID=10622) to work on /home/airflow/airflow/dags/parallel_dag.py
[2022-03-21 05:43:17,852] {scheduler_job.py:633} INFO - Processing file /home/airflow/airflow/dags/parallel_dag.py for tasks to queue
[2022-03-21 05:43:17,858] {logging_mixin.py:104} INFO - [2022-03-21 05:43:17,857] {dagbag.py:487} INFO - Filling up the DagBag from /home/airflow/airflow/dags/parallel_dag.py
[2022-03-21 05:43:17,888] {scheduler_job.py:643} INFO - DAG(s) dict_keys(['parallel_dag']) retrieved from /home/airflow/airflow/dags/parallel_dag.py
[2022-03-21 05:43:17,923] {logging_mixin.py:104} INFO - [2022-03-21 05:43:17,923] {dag.py:1832} INFO - Sync 1 DAGs
[2022-03-21 05:43:17,964] {logging_mixin.py:104} INFO - [2022-03-21 05:43:17,963] {dag.py:2305} INFO - Setting next_dagrun for parallel_dag to 2022-03-21 00:00:00+00:00
[2022-03-21 05:43:18,008] {scheduler_job.py:190} INFO - Processing /home/airflow/airflow/dags/parallel_dag.py took 0.169 seconds
[2022-03-21 05:43:57,121] {scheduler_job.py:182} INFO - Started process (PID=10650) to work on /home/airflow/airflow/dags/parallel_dag.py
[2022-03-21 05:43:57,124] {scheduler_job.py:633} INFO - Processing file /home/airflow/airflow/dags/parallel_dag.py for tasks to queue
[2022-03-21 05:43:57,125] {logging_mixin.py:104} INFO - [2022-03-21 05:43:57,125] {dagbag.py:487} INFO - Filling up the DagBag from /home/airflow/airflow/dags/parallel_dag.py
[2022-03-21 05:43:57,149] {scheduler_job.py:643} INFO - DAG(s) dict_keys(['parallel_dag']) retrieved from /home/airflow/airflow/dags/parallel_dag.py
[2022-03-21 05:43:57,184] {logging_mixin.py:104} INFO - [2022-03-21 05:43:57,184] {dag.py:1832} INFO - Sync 1 DAGs
[2022-03-21 05:43:57,219] {logging_mixin.py:104} INFO - [2022-03-21 05:43:57,219] {dag.py:2305} INFO - Setting next_dagrun for parallel_dag to 2022-03-21 00:00:00+00:00
[2022-03-21 05:43:57,257] {scheduler_job.py:190} INFO - Processing /home/airflow/airflow/dags/parallel_dag.py took 0.146 seconds
[2022-03-21 05:44:35,481] {scheduler_job.py:182} INFO - Started process (PID=10676) to work on /home/airflow/airflow/dags/parallel_dag.py
[2022-03-21 05:44:35,483] {scheduler_job.py:633} INFO - Processing file /home/airflow/airflow/dags/parallel_dag.py for tasks to queue
[2022-03-21 05:44:35,484] {logging_mixin.py:104} INFO - [2022-03-21 05:44:35,484] {dagbag.py:487} INFO - Filling up the DagBag from /home/airflow/airflow/dags/parallel_dag.py
[2022-03-21 05:44:35,500] {scheduler_job.py:643} INFO - DAG(s) dict_keys(['parallel_dag']) retrieved from /home/airflow/airflow/dags/parallel_dag.py
[2022-03-21 05:44:35,532] {logging_mixin.py:104} INFO - [2022-03-21 05:44:35,532] {dag.py:1832} INFO - Sync 1 DAGs
[2022-03-21 05:44:35,561] {logging_mixin.py:104} INFO - [2022-03-21 05:44:35,561] {dag.py:2305} INFO - Setting next_dagrun for parallel_dag to 2022-03-21 00:00:00+00:00
[2022-03-21 05:44:35,596] {scheduler_job.py:190} INFO - Processing /home/airflow/airflow/dags/parallel_dag.py took 0.129 seconds
[2022-03-21 05:45:08,533] {scheduler_job.py:182} INFO - Started process (PID=10699) to work on /home/airflow/airflow/dags/parallel_dag.py
[2022-03-21 05:45:08,536] {scheduler_job.py:633} INFO - Processing file /home/airflow/airflow/dags/parallel_dag.py for tasks to queue
[2022-03-21 05:45:08,541] {logging_mixin.py:104} INFO - [2022-03-21 05:45:08,541] {dagbag.py:487} INFO - Filling up the DagBag from /home/airflow/airflow/dags/parallel_dag.py
[2022-03-21 05:45:08,558] {scheduler_job.py:643} INFO - DAG(s) dict_keys(['parallel_dag']) retrieved from /home/airflow/airflow/dags/parallel_dag.py
[2022-03-21 05:45:08,593] {logging_mixin.py:104} INFO - [2022-03-21 05:45:08,593] {dag.py:1832} INFO - Sync 1 DAGs
[2022-03-21 05:45:08,626] {logging_mixin.py:104} INFO - [2022-03-21 05:45:08,626] {dag.py:2305} INFO - Setting next_dagrun for parallel_dag to 2022-03-21 00:00:00+00:00
[2022-03-21 05:45:08,696] {scheduler_job.py:190} INFO - Processing /home/airflow/airflow/dags/parallel_dag.py took 0.171 seconds
[2022-03-21 05:45:39,591] {scheduler_job.py:182} INFO - Started process (PID=10779) to work on /home/airflow/airflow/dags/parallel_dag.py
[2022-03-21 05:45:39,597] {scheduler_job.py:633} INFO - Processing file /home/airflow/airflow/dags/parallel_dag.py for tasks to queue
[2022-03-21 05:45:39,599] {logging_mixin.py:104} INFO - [2022-03-21 05:45:39,598] {dagbag.py:487} INFO - Filling up the DagBag from /home/airflow/airflow/dags/parallel_dag.py
[2022-03-21 05:45:39,620] {scheduler_job.py:643} INFO - DAG(s) dict_keys(['parallel_dag']) retrieved from /home/airflow/airflow/dags/parallel_dag.py
[2022-03-21 05:45:39,654] {logging_mixin.py:104} INFO - [2022-03-21 05:45:39,654] {dag.py:1832} INFO - Sync 1 DAGs
[2022-03-21 05:45:39,688] {logging_mixin.py:104} INFO - [2022-03-21 05:45:39,688] {dag.py:2305} INFO - Setting next_dagrun for parallel_dag to 2022-03-21 00:00:00+00:00
[2022-03-21 05:45:39,724] {scheduler_job.py:190} INFO - Processing /home/airflow/airflow/dags/parallel_dag.py took 0.140 seconds
[2022-03-21 05:46:25,123] {scheduler_job.py:182} INFO - Started process (PID=10930) to work on /home/airflow/airflow/dags/parallel_dag.py
[2022-03-21 05:46:25,126] {scheduler_job.py:633} INFO - Processing file /home/airflow/airflow/dags/parallel_dag.py for tasks to queue
[2022-03-21 05:46:25,127] {logging_mixin.py:104} INFO - [2022-03-21 05:46:25,127] {dagbag.py:487} INFO - Filling up the DagBag from /home/airflow/airflow/dags/parallel_dag.py
[2022-03-21 05:46:25,145] {scheduler_job.py:643} INFO - DAG(s) dict_keys(['parallel_dag']) retrieved from /home/airflow/airflow/dags/parallel_dag.py
[2022-03-21 05:46:25,185] {logging_mixin.py:104} INFO - [2022-03-21 05:46:25,185] {dag.py:1832} INFO - Sync 1 DAGs
[2022-03-21 05:46:25,217] {logging_mixin.py:104} INFO - [2022-03-21 05:46:25,216] {dag.py:2305} INFO - Setting next_dagrun for parallel_dag to 2022-03-21 00:00:00+00:00
[2022-03-21 05:46:25,251] {scheduler_job.py:190} INFO - Processing /home/airflow/airflow/dags/parallel_dag.py took 0.147 seconds
[2022-03-21 05:47:13,830] {scheduler_job.py:182} INFO - Started process (PID=11482) to work on /home/airflow/airflow/dags/parallel_dag.py
[2022-03-21 05:47:13,832] {scheduler_job.py:633} INFO - Processing file /home/airflow/airflow/dags/parallel_dag.py for tasks to queue
[2022-03-21 05:47:13,834] {logging_mixin.py:104} INFO - [2022-03-21 05:47:13,833] {dagbag.py:487} INFO - Filling up the DagBag from /home/airflow/airflow/dags/parallel_dag.py
[2022-03-21 05:47:13,853] {scheduler_job.py:643} INFO - DAG(s) dict_keys(['parallel_dag']) retrieved from /home/airflow/airflow/dags/parallel_dag.py
[2022-03-21 05:47:13,886] {logging_mixin.py:104} INFO - [2022-03-21 05:47:13,886] {dag.py:1832} INFO - Sync 1 DAGs
[2022-03-21 05:47:13,957] {logging_mixin.py:104} INFO - [2022-03-21 05:47:13,933] {dag.py:2305} INFO - Setting next_dagrun for parallel_dag to 2022-03-21 00:00:00+00:00
[2022-03-21 05:47:14,014] {scheduler_job.py:190} INFO - Processing /home/airflow/airflow/dags/parallel_dag.py took 0.194 seconds
[2022-03-21 05:47:54,398] {scheduler_job.py:182} INFO - Started process (PID=11720) to work on /home/airflow/airflow/dags/parallel_dag.py
[2022-03-21 05:47:54,400] {scheduler_job.py:633} INFO - Processing file /home/airflow/airflow/dags/parallel_dag.py for tasks to queue
[2022-03-21 05:47:54,402] {logging_mixin.py:104} INFO - [2022-03-21 05:47:54,402] {dagbag.py:487} INFO - Filling up the DagBag from /home/airflow/airflow/dags/parallel_dag.py
[2022-03-21 05:47:54,419] {scheduler_job.py:643} INFO - DAG(s) dict_keys(['parallel_dag']) retrieved from /home/airflow/airflow/dags/parallel_dag.py
[2022-03-21 05:47:54,448] {logging_mixin.py:104} INFO - [2022-03-21 05:47:54,448] {dag.py:1832} INFO - Sync 1 DAGs
[2022-03-21 05:47:54,478] {logging_mixin.py:104} INFO - [2022-03-21 05:47:54,478] {dag.py:2305} INFO - Setting next_dagrun for parallel_dag to 2022-03-21 00:00:00+00:00
[2022-03-21 05:47:54,509] {scheduler_job.py:190} INFO - Processing /home/airflow/airflow/dags/parallel_dag.py took 0.120 seconds
[2022-03-21 05:48:26,657] {scheduler_job.py:182} INFO - Started process (PID=11894) to work on /home/airflow/airflow/dags/parallel_dag.py
[2022-03-21 05:48:26,660] {scheduler_job.py:633} INFO - Processing file /home/airflow/airflow/dags/parallel_dag.py for tasks to queue
[2022-03-21 05:48:26,661] {logging_mixin.py:104} INFO - [2022-03-21 05:48:26,661] {dagbag.py:487} INFO - Filling up the DagBag from /home/airflow/airflow/dags/parallel_dag.py
[2022-03-21 05:48:26,694] {scheduler_job.py:643} INFO - DAG(s) dict_keys(['parallel_dag']) retrieved from /home/airflow/airflow/dags/parallel_dag.py
[2022-03-21 05:48:26,754] {logging_mixin.py:104} INFO - [2022-03-21 05:48:26,754] {dag.py:1832} INFO - Sync 1 DAGs
[2022-03-21 05:48:26,819] {logging_mixin.py:104} INFO - [2022-03-21 05:48:26,813] {dag.py:2305} INFO - Setting next_dagrun for parallel_dag to 2022-03-21 00:00:00+00:00
[2022-03-21 05:48:26,860] {scheduler_job.py:190} INFO - Processing /home/airflow/airflow/dags/parallel_dag.py took 0.290 seconds
[2022-03-21 05:48:59,995] {scheduler_job.py:182} INFO - Started process (PID=12037) to work on /home/airflow/airflow/dags/parallel_dag.py
[2022-03-21 05:49:00,011] {scheduler_job.py:633} INFO - Processing file /home/airflow/airflow/dags/parallel_dag.py for tasks to queue
[2022-03-21 05:49:00,013] {logging_mixin.py:104} INFO - [2022-03-21 05:49:00,013] {dagbag.py:487} INFO - Filling up the DagBag from /home/airflow/airflow/dags/parallel_dag.py
[2022-03-21 05:49:00,040] {scheduler_job.py:643} INFO - DAG(s) dict_keys(['parallel_dag']) retrieved from /home/airflow/airflow/dags/parallel_dag.py
[2022-03-21 05:49:00,142] {logging_mixin.py:104} INFO - [2022-03-21 05:49:00,126] {dag.py:1832} INFO - Sync 1 DAGs
[2022-03-21 05:49:00,250] {logging_mixin.py:104} INFO - [2022-03-21 05:49:00,250] {dag.py:2305} INFO - Setting next_dagrun for parallel_dag to 2022-03-21 00:00:00+00:00
[2022-03-21 05:49:00,306] {scheduler_job.py:190} INFO - Processing /home/airflow/airflow/dags/parallel_dag.py took 0.358 seconds
[2022-03-21 05:49:33,027] {scheduler_job.py:182} INFO - Started process (PID=12062) to work on /home/airflow/airflow/dags/parallel_dag.py
[2022-03-21 05:49:33,030] {scheduler_job.py:633} INFO - Processing file /home/airflow/airflow/dags/parallel_dag.py for tasks to queue
[2022-03-21 05:49:33,031] {logging_mixin.py:104} INFO - [2022-03-21 05:49:33,031] {dagbag.py:487} INFO - Filling up the DagBag from /home/airflow/airflow/dags/parallel_dag.py
[2022-03-21 05:49:33,052] {scheduler_job.py:643} INFO - DAG(s) dict_keys(['parallel_dag']) retrieved from /home/airflow/airflow/dags/parallel_dag.py
[2022-03-21 05:49:33,098] {logging_mixin.py:104} INFO - [2022-03-21 05:49:33,097] {dag.py:1832} INFO - Sync 1 DAGs
[2022-03-21 05:49:33,137] {logging_mixin.py:104} INFO - [2022-03-21 05:49:33,136] {dag.py:2305} INFO - Setting next_dagrun for parallel_dag to 2022-03-21 00:00:00+00:00
[2022-03-21 05:49:33,178] {scheduler_job.py:190} INFO - Processing /home/airflow/airflow/dags/parallel_dag.py took 0.160 seconds
[2022-03-21 05:50:06,966] {scheduler_job.py:182} INFO - Started process (PID=12171) to work on /home/airflow/airflow/dags/parallel_dag.py
[2022-03-21 05:50:06,968] {scheduler_job.py:633} INFO - Processing file /home/airflow/airflow/dags/parallel_dag.py for tasks to queue
[2022-03-21 05:50:06,969] {logging_mixin.py:104} INFO - [2022-03-21 05:50:06,969] {dagbag.py:487} INFO - Filling up the DagBag from /home/airflow/airflow/dags/parallel_dag.py
[2022-03-21 05:50:06,988] {scheduler_job.py:643} INFO - DAG(s) dict_keys(['parallel_dag']) retrieved from /home/airflow/airflow/dags/parallel_dag.py
[2022-03-21 05:50:07,021] {logging_mixin.py:104} INFO - [2022-03-21 05:50:07,021] {dag.py:1832} INFO - Sync 1 DAGs
[2022-03-21 05:50:07,057] {logging_mixin.py:104} INFO - [2022-03-21 05:50:07,057] {dag.py:2305} INFO - Setting next_dagrun for parallel_dag to 2022-03-21 00:00:00+00:00
[2022-03-21 05:50:07,105] {scheduler_job.py:190} INFO - Processing /home/airflow/airflow/dags/parallel_dag.py took 0.148 seconds
