[2022-03-21 05:13:47,733] {scheduler_job.py:182} INFO - Started process (PID=7799) to work on /home/airflow/airflow/dags/user_processing.py
[2022-03-21 05:13:47,736] {scheduler_job.py:633} INFO - Processing file /home/airflow/airflow/dags/user_processing.py for tasks to queue
[2022-03-21 05:13:47,738] {logging_mixin.py:104} INFO - [2022-03-21 05:13:47,737] {dagbag.py:487} INFO - Filling up the DagBag from /home/airflow/airflow/dags/user_processing.py
[2022-03-21 05:13:47,765] {logging_mixin.py:104} WARNING - /home/airflow/sandbox/lib/python3.8/site-packages/airflow/providers/sqlite/operators/sqlite.py:25 DeprecationWarning: This decorator is deprecated.

In previous versions, all subclasses of BaseOperator must use apply_default decorator for the`default_args` feature to work properly.

In current version, it is optional. The decorator is applied automatically using the metaclass.
[2022-03-21 05:13:48,867] {scheduler_job.py:643} INFO - DAG(s) dict_keys(['user_processing']) retrieved from /home/airflow/airflow/dags/user_processing.py
[2022-03-21 05:13:48,891] {logging_mixin.py:104} INFO - [2022-03-21 05:13:48,891] {dag.py:1832} INFO - Sync 1 DAGs
[2022-03-21 05:13:48,917] {logging_mixin.py:104} INFO - [2022-03-21 05:13:48,917] {dag.py:2305} INFO - Setting next_dagrun for user_processing to 2022-03-20 00:00:00+00:00
[2022-03-21 05:13:48,949] {scheduler_job.py:190} INFO - Processing /home/airflow/airflow/dags/user_processing.py took 1.223 seconds
[2022-03-21 05:15:12,967] {scheduler_job.py:182} INFO - Started process (PID=8237) to work on /home/airflow/airflow/dags/user_processing.py
[2022-03-21 05:15:12,970] {scheduler_job.py:633} INFO - Processing file /home/airflow/airflow/dags/user_processing.py for tasks to queue
[2022-03-21 05:15:12,971] {logging_mixin.py:104} INFO - [2022-03-21 05:15:12,971] {dagbag.py:487} INFO - Filling up the DagBag from /home/airflow/airflow/dags/user_processing.py
[2022-03-21 05:15:12,996] {logging_mixin.py:104} WARNING - /home/airflow/sandbox/lib/python3.8/site-packages/airflow/providers/sqlite/operators/sqlite.py:25 DeprecationWarning: This decorator is deprecated.

In previous versions, all subclasses of BaseOperator must use apply_default decorator for the`default_args` feature to work properly.

In current version, it is optional. The decorator is applied automatically using the metaclass.
[2022-03-21 05:15:14,280] {scheduler_job.py:643} INFO - DAG(s) dict_keys(['user_processing']) retrieved from /home/airflow/airflow/dags/user_processing.py
[2022-03-21 05:15:14,331] {logging_mixin.py:104} INFO - [2022-03-21 05:15:14,330] {dag.py:1832} INFO - Sync 1 DAGs
[2022-03-21 05:15:14,394] {logging_mixin.py:104} INFO - [2022-03-21 05:15:14,394] {dag.py:2305} INFO - Setting next_dagrun for user_processing to 2022-03-20 00:00:00+00:00
[2022-03-21 05:15:14,448] {scheduler_job.py:190} INFO - Processing /home/airflow/airflow/dags/user_processing.py took 1.492 seconds
[2022-03-21 05:16:06,986] {scheduler_job.py:182} INFO - Started process (PID=8686) to work on /home/airflow/airflow/dags/user_processing.py
[2022-03-21 05:16:06,988] {scheduler_job.py:633} INFO - Processing file /home/airflow/airflow/dags/user_processing.py for tasks to queue
[2022-03-21 05:16:06,991] {logging_mixin.py:104} INFO - [2022-03-21 05:16:06,991] {dagbag.py:487} INFO - Filling up the DagBag from /home/airflow/airflow/dags/user_processing.py
[2022-03-21 05:16:07,041] {logging_mixin.py:104} WARNING - /home/airflow/sandbox/lib/python3.8/site-packages/airflow/providers/sqlite/operators/sqlite.py:25 DeprecationWarning: This decorator is deprecated.

In previous versions, all subclasses of BaseOperator must use apply_default decorator for the`default_args` feature to work properly.

In current version, it is optional. The decorator is applied automatically using the metaclass.
[2022-03-21 05:16:07,927] {scheduler_job.py:643} INFO - DAG(s) dict_keys(['user_processing']) retrieved from /home/airflow/airflow/dags/user_processing.py
[2022-03-21 05:16:07,951] {logging_mixin.py:104} INFO - [2022-03-21 05:16:07,951] {dag.py:1832} INFO - Sync 1 DAGs
[2022-03-21 05:16:07,974] {logging_mixin.py:104} INFO - [2022-03-21 05:16:07,974] {dag.py:2305} INFO - Setting next_dagrun for user_processing to 2022-03-21 00:00:00+00:00
[2022-03-21 05:16:08,003] {scheduler_job.py:190} INFO - Processing /home/airflow/airflow/dags/user_processing.py took 1.029 seconds
[2022-03-21 05:16:54,481] {scheduler_job.py:182} INFO - Started process (PID=8900) to work on /home/airflow/airflow/dags/user_processing.py
[2022-03-21 05:16:54,484] {scheduler_job.py:633} INFO - Processing file /home/airflow/airflow/dags/user_processing.py for tasks to queue
[2022-03-21 05:16:54,488] {logging_mixin.py:104} INFO - [2022-03-21 05:16:54,488] {dagbag.py:487} INFO - Filling up the DagBag from /home/airflow/airflow/dags/user_processing.py
[2022-03-21 05:16:54,516] {logging_mixin.py:104} WARNING - /home/airflow/sandbox/lib/python3.8/site-packages/airflow/providers/sqlite/operators/sqlite.py:25 DeprecationWarning: This decorator is deprecated.

In previous versions, all subclasses of BaseOperator must use apply_default decorator for the`default_args` feature to work properly.

In current version, it is optional. The decorator is applied automatically using the metaclass.
[2022-03-21 05:16:55,971] {scheduler_job.py:643} INFO - DAG(s) dict_keys(['user_processing']) retrieved from /home/airflow/airflow/dags/user_processing.py
[2022-03-21 05:16:55,994] {logging_mixin.py:104} INFO - [2022-03-21 05:16:55,994] {dag.py:1832} INFO - Sync 1 DAGs
[2022-03-21 05:16:56,016] {logging_mixin.py:104} INFO - [2022-03-21 05:16:56,015] {dag.py:2305} INFO - Setting next_dagrun for user_processing to 2022-03-21 00:00:00+00:00
[2022-03-21 05:16:56,046] {scheduler_job.py:190} INFO - Processing /home/airflow/airflow/dags/user_processing.py took 1.573 seconds
[2022-03-21 05:17:27,741] {scheduler_job.py:182} INFO - Started process (PID=9078) to work on /home/airflow/airflow/dags/user_processing.py
[2022-03-21 05:17:27,744] {scheduler_job.py:633} INFO - Processing file /home/airflow/airflow/dags/user_processing.py for tasks to queue
[2022-03-21 05:17:27,745] {logging_mixin.py:104} INFO - [2022-03-21 05:17:27,745] {dagbag.py:487} INFO - Filling up the DagBag from /home/airflow/airflow/dags/user_processing.py
[2022-03-21 05:17:27,853] {logging_mixin.py:104} WARNING - /home/airflow/sandbox/lib/python3.8/site-packages/airflow/providers/sqlite/operators/sqlite.py:25 DeprecationWarning: This decorator is deprecated.

In previous versions, all subclasses of BaseOperator must use apply_default decorator for the`default_args` feature to work properly.

In current version, it is optional. The decorator is applied automatically using the metaclass.
[2022-03-21 05:17:28,718] {scheduler_job.py:643} INFO - DAG(s) dict_keys(['user_processing']) retrieved from /home/airflow/airflow/dags/user_processing.py
[2022-03-21 05:17:28,740] {logging_mixin.py:104} INFO - [2022-03-21 05:17:28,737] {dag.py:1832} INFO - Sync 1 DAGs
[2022-03-21 05:17:28,765] {logging_mixin.py:104} INFO - [2022-03-21 05:17:28,764] {dag.py:2305} INFO - Setting next_dagrun for user_processing to 2022-03-21 00:00:00+00:00
[2022-03-21 05:17:28,808] {scheduler_job.py:190} INFO - Processing /home/airflow/airflow/dags/user_processing.py took 1.075 seconds
[2022-03-21 05:18:12,593] {scheduler_job.py:182} INFO - Started process (PID=9230) to work on /home/airflow/airflow/dags/user_processing.py
[2022-03-21 05:18:12,597] {scheduler_job.py:633} INFO - Processing file /home/airflow/airflow/dags/user_processing.py for tasks to queue
[2022-03-21 05:18:12,599] {logging_mixin.py:104} INFO - [2022-03-21 05:18:12,598] {dagbag.py:487} INFO - Filling up the DagBag from /home/airflow/airflow/dags/user_processing.py
[2022-03-21 05:18:12,642] {logging_mixin.py:104} WARNING - /home/airflow/sandbox/lib/python3.8/site-packages/airflow/providers/sqlite/operators/sqlite.py:25 DeprecationWarning: This decorator is deprecated.

In previous versions, all subclasses of BaseOperator must use apply_default decorator for the`default_args` feature to work properly.

In current version, it is optional. The decorator is applied automatically using the metaclass.
[2022-03-21 05:18:13,943] {scheduler_job.py:643} INFO - DAG(s) dict_keys(['user_processing']) retrieved from /home/airflow/airflow/dags/user_processing.py
[2022-03-21 05:18:13,971] {logging_mixin.py:104} INFO - [2022-03-21 05:18:13,966] {dag.py:1832} INFO - Sync 1 DAGs
[2022-03-21 05:18:13,993] {logging_mixin.py:104} INFO - [2022-03-21 05:18:13,993] {dag.py:2305} INFO - Setting next_dagrun for user_processing to 2022-03-21 00:00:00+00:00
[2022-03-21 05:18:14,022] {scheduler_job.py:190} INFO - Processing /home/airflow/airflow/dags/user_processing.py took 1.443 seconds
[2022-03-21 05:18:48,939] {scheduler_job.py:182} INFO - Started process (PID=9257) to work on /home/airflow/airflow/dags/user_processing.py
[2022-03-21 05:18:48,942] {scheduler_job.py:633} INFO - Processing file /home/airflow/airflow/dags/user_processing.py for tasks to queue
[2022-03-21 05:18:48,945] {logging_mixin.py:104} INFO - [2022-03-21 05:18:48,945] {dagbag.py:487} INFO - Filling up the DagBag from /home/airflow/airflow/dags/user_processing.py
[2022-03-21 05:18:48,980] {logging_mixin.py:104} WARNING - /home/airflow/sandbox/lib/python3.8/site-packages/airflow/providers/sqlite/operators/sqlite.py:25 DeprecationWarning: This decorator is deprecated.

In previous versions, all subclasses of BaseOperator must use apply_default decorator for the`default_args` feature to work properly.

In current version, it is optional. The decorator is applied automatically using the metaclass.
[2022-03-21 05:18:49,988] {scheduler_job.py:643} INFO - DAG(s) dict_keys(['user_processing']) retrieved from /home/airflow/airflow/dags/user_processing.py
[2022-03-21 05:18:50,013] {logging_mixin.py:104} INFO - [2022-03-21 05:18:50,013] {dag.py:1832} INFO - Sync 1 DAGs
[2022-03-21 05:18:50,039] {logging_mixin.py:104} INFO - [2022-03-21 05:18:50,039] {dag.py:2305} INFO - Setting next_dagrun for user_processing to 2022-03-21 00:00:00+00:00
[2022-03-21 05:18:50,071] {scheduler_job.py:190} INFO - Processing /home/airflow/airflow/dags/user_processing.py took 1.139 seconds
[2022-03-21 05:19:33,165] {scheduler_job.py:182} INFO - Started process (PID=9291) to work on /home/airflow/airflow/dags/user_processing.py
[2022-03-21 05:19:33,167] {scheduler_job.py:633} INFO - Processing file /home/airflow/airflow/dags/user_processing.py for tasks to queue
[2022-03-21 05:19:33,169] {logging_mixin.py:104} INFO - [2022-03-21 05:19:33,169] {dagbag.py:487} INFO - Filling up the DagBag from /home/airflow/airflow/dags/user_processing.py
[2022-03-21 05:19:33,197] {logging_mixin.py:104} WARNING - /home/airflow/sandbox/lib/python3.8/site-packages/airflow/providers/sqlite/operators/sqlite.py:25 DeprecationWarning: This decorator is deprecated.

In previous versions, all subclasses of BaseOperator must use apply_default decorator for the`default_args` feature to work properly.

In current version, it is optional. The decorator is applied automatically using the metaclass.
[2022-03-21 05:19:34,009] {scheduler_job.py:643} INFO - DAG(s) dict_keys(['user_processing']) retrieved from /home/airflow/airflow/dags/user_processing.py
[2022-03-21 05:19:34,032] {logging_mixin.py:104} INFO - [2022-03-21 05:19:34,031] {dag.py:1832} INFO - Sync 1 DAGs
[2022-03-21 05:19:34,059] {logging_mixin.py:104} INFO - [2022-03-21 05:19:34,058] {dag.py:2305} INFO - Setting next_dagrun for user_processing to 2022-03-21 00:00:00+00:00
[2022-03-21 05:19:34,088] {scheduler_job.py:190} INFO - Processing /home/airflow/airflow/dags/user_processing.py took 0.931 seconds
[2022-03-21 05:20:15,375] {scheduler_job.py:182} INFO - Started process (PID=9322) to work on /home/airflow/airflow/dags/user_processing.py
[2022-03-21 05:20:15,379] {scheduler_job.py:633} INFO - Processing file /home/airflow/airflow/dags/user_processing.py for tasks to queue
[2022-03-21 05:20:15,381] {logging_mixin.py:104} INFO - [2022-03-21 05:20:15,381] {dagbag.py:487} INFO - Filling up the DagBag from /home/airflow/airflow/dags/user_processing.py
[2022-03-21 05:20:15,420] {logging_mixin.py:104} WARNING - /home/airflow/sandbox/lib/python3.8/site-packages/airflow/providers/sqlite/operators/sqlite.py:25 DeprecationWarning: This decorator is deprecated.

In previous versions, all subclasses of BaseOperator must use apply_default decorator for the`default_args` feature to work properly.

In current version, it is optional. The decorator is applied automatically using the metaclass.
[2022-03-21 05:20:16,469] {scheduler_job.py:643} INFO - DAG(s) dict_keys(['user_processing']) retrieved from /home/airflow/airflow/dags/user_processing.py
[2022-03-21 05:20:16,499] {logging_mixin.py:104} INFO - [2022-03-21 05:20:16,493] {dag.py:1832} INFO - Sync 1 DAGs
[2022-03-21 05:20:16,524] {logging_mixin.py:104} INFO - [2022-03-21 05:20:16,524] {dag.py:2305} INFO - Setting next_dagrun for user_processing to 2022-03-21 00:00:00+00:00
[2022-03-21 05:20:16,571] {scheduler_job.py:190} INFO - Processing /home/airflow/airflow/dags/user_processing.py took 1.202 seconds
[2022-03-21 05:21:01,572] {scheduler_job.py:182} INFO - Started process (PID=9412) to work on /home/airflow/airflow/dags/user_processing.py
[2022-03-21 05:21:01,660] {scheduler_job.py:633} INFO - Processing file /home/airflow/airflow/dags/user_processing.py for tasks to queue
[2022-03-21 05:21:01,676] {logging_mixin.py:104} INFO - [2022-03-21 05:21:01,676] {dagbag.py:487} INFO - Filling up the DagBag from /home/airflow/airflow/dags/user_processing.py
[2022-03-21 05:21:01,834] {logging_mixin.py:104} WARNING - /home/airflow/sandbox/lib/python3.8/site-packages/airflow/providers/sqlite/operators/sqlite.py:25 DeprecationWarning: This decorator is deprecated.

In previous versions, all subclasses of BaseOperator must use apply_default decorator for the`default_args` feature to work properly.

In current version, it is optional. The decorator is applied automatically using the metaclass.
[2022-03-21 05:21:04,564] {scheduler_job.py:643} INFO - DAG(s) dict_keys(['user_processing']) retrieved from /home/airflow/airflow/dags/user_processing.py
[2022-03-21 05:21:04,641] {logging_mixin.py:104} INFO - [2022-03-21 05:21:04,640] {dag.py:1832} INFO - Sync 1 DAGs
[2022-03-21 05:21:04,749] {logging_mixin.py:104} INFO - [2022-03-21 05:21:04,749] {dag.py:2305} INFO - Setting next_dagrun for user_processing to 2022-03-21 00:00:00+00:00
[2022-03-21 05:21:04,812] {scheduler_job.py:190} INFO - Processing /home/airflow/airflow/dags/user_processing.py took 3.251 seconds
[2022-03-21 05:21:40,248] {scheduler_job.py:182} INFO - Started process (PID=9437) to work on /home/airflow/airflow/dags/user_processing.py
[2022-03-21 05:21:40,251] {scheduler_job.py:633} INFO - Processing file /home/airflow/airflow/dags/user_processing.py for tasks to queue
[2022-03-21 05:21:40,252] {logging_mixin.py:104} INFO - [2022-03-21 05:21:40,252] {dagbag.py:487} INFO - Filling up the DagBag from /home/airflow/airflow/dags/user_processing.py
[2022-03-21 05:21:40,278] {logging_mixin.py:104} WARNING - /home/airflow/sandbox/lib/python3.8/site-packages/airflow/providers/sqlite/operators/sqlite.py:25 DeprecationWarning: This decorator is deprecated.

In previous versions, all subclasses of BaseOperator must use apply_default decorator for the`default_args` feature to work properly.

In current version, it is optional. The decorator is applied automatically using the metaclass.
[2022-03-21 05:21:41,186] {scheduler_job.py:643} INFO - DAG(s) dict_keys(['user_processing']) retrieved from /home/airflow/airflow/dags/user_processing.py
[2022-03-21 05:21:41,210] {logging_mixin.py:104} INFO - [2022-03-21 05:21:41,210] {dag.py:1832} INFO - Sync 1 DAGs
[2022-03-21 05:21:41,234] {logging_mixin.py:104} INFO - [2022-03-21 05:21:41,234] {dag.py:2305} INFO - Setting next_dagrun for user_processing to 2022-03-21 00:00:00+00:00
[2022-03-21 05:21:41,263] {scheduler_job.py:190} INFO - Processing /home/airflow/airflow/dags/user_processing.py took 1.021 seconds
[2022-03-21 05:22:20,908] {scheduler_job.py:182} INFO - Started process (PID=9468) to work on /home/airflow/airflow/dags/user_processing.py
[2022-03-21 05:22:20,910] {scheduler_job.py:633} INFO - Processing file /home/airflow/airflow/dags/user_processing.py for tasks to queue
[2022-03-21 05:22:20,912] {logging_mixin.py:104} INFO - [2022-03-21 05:22:20,911] {dagbag.py:487} INFO - Filling up the DagBag from /home/airflow/airflow/dags/user_processing.py
[2022-03-21 05:22:20,937] {logging_mixin.py:104} WARNING - /home/airflow/sandbox/lib/python3.8/site-packages/airflow/providers/sqlite/operators/sqlite.py:25 DeprecationWarning: This decorator is deprecated.

In previous versions, all subclasses of BaseOperator must use apply_default decorator for the`default_args` feature to work properly.

In current version, it is optional. The decorator is applied automatically using the metaclass.
[2022-03-21 05:22:21,761] {scheduler_job.py:643} INFO - DAG(s) dict_keys(['user_processing']) retrieved from /home/airflow/airflow/dags/user_processing.py
[2022-03-21 05:22:21,790] {logging_mixin.py:104} INFO - [2022-03-21 05:22:21,789] {dag.py:1832} INFO - Sync 1 DAGs
[2022-03-21 05:22:21,813] {logging_mixin.py:104} INFO - [2022-03-21 05:22:21,812] {dag.py:2305} INFO - Setting next_dagrun for user_processing to 2022-03-21 00:00:00+00:00
[2022-03-21 05:22:21,842] {scheduler_job.py:190} INFO - Processing /home/airflow/airflow/dags/user_processing.py took 0.943 seconds
[2022-03-21 05:23:02,765] {scheduler_job.py:182} INFO - Started process (PID=9501) to work on /home/airflow/airflow/dags/user_processing.py
[2022-03-21 05:23:02,767] {scheduler_job.py:633} INFO - Processing file /home/airflow/airflow/dags/user_processing.py for tasks to queue
[2022-03-21 05:23:02,768] {logging_mixin.py:104} INFO - [2022-03-21 05:23:02,768] {dagbag.py:487} INFO - Filling up the DagBag from /home/airflow/airflow/dags/user_processing.py
[2022-03-21 05:23:02,796] {logging_mixin.py:104} WARNING - /home/airflow/sandbox/lib/python3.8/site-packages/airflow/providers/sqlite/operators/sqlite.py:25 DeprecationWarning: This decorator is deprecated.

In previous versions, all subclasses of BaseOperator must use apply_default decorator for the`default_args` feature to work properly.

In current version, it is optional. The decorator is applied automatically using the metaclass.
[2022-03-21 05:23:03,618] {scheduler_job.py:643} INFO - DAG(s) dict_keys(['user_processing']) retrieved from /home/airflow/airflow/dags/user_processing.py
[2022-03-21 05:23:03,642] {logging_mixin.py:104} INFO - [2022-03-21 05:23:03,641] {dag.py:1832} INFO - Sync 1 DAGs
[2022-03-21 05:23:03,662] {logging_mixin.py:104} INFO - [2022-03-21 05:23:03,662] {dag.py:2305} INFO - Setting next_dagrun for user_processing to 2022-03-21 00:00:00+00:00
[2022-03-21 05:23:03,691] {scheduler_job.py:190} INFO - Processing /home/airflow/airflow/dags/user_processing.py took 0.934 seconds
[2022-03-21 05:23:44,845] {scheduler_job.py:182} INFO - Started process (PID=9535) to work on /home/airflow/airflow/dags/user_processing.py
[2022-03-21 05:23:44,847] {scheduler_job.py:633} INFO - Processing file /home/airflow/airflow/dags/user_processing.py for tasks to queue
[2022-03-21 05:23:44,851] {logging_mixin.py:104} INFO - [2022-03-21 05:23:44,850] {dagbag.py:487} INFO - Filling up the DagBag from /home/airflow/airflow/dags/user_processing.py
[2022-03-21 05:23:44,874] {logging_mixin.py:104} WARNING - /home/airflow/sandbox/lib/python3.8/site-packages/airflow/providers/sqlite/operators/sqlite.py:25 DeprecationWarning: This decorator is deprecated.

In previous versions, all subclasses of BaseOperator must use apply_default decorator for the`default_args` feature to work properly.

In current version, it is optional. The decorator is applied automatically using the metaclass.
[2022-03-21 05:23:45,681] {scheduler_job.py:643} INFO - DAG(s) dict_keys(['user_processing']) retrieved from /home/airflow/airflow/dags/user_processing.py
[2022-03-21 05:23:45,705] {logging_mixin.py:104} INFO - [2022-03-21 05:23:45,705] {dag.py:1832} INFO - Sync 1 DAGs
[2022-03-21 05:23:45,726] {logging_mixin.py:104} INFO - [2022-03-21 05:23:45,726] {dag.py:2305} INFO - Setting next_dagrun for user_processing to 2022-03-21 00:00:00+00:00
[2022-03-21 05:23:45,755] {scheduler_job.py:190} INFO - Processing /home/airflow/airflow/dags/user_processing.py took 0.915 seconds
[2022-03-21 05:24:20,895] {scheduler_job.py:182} INFO - Started process (PID=9564) to work on /home/airflow/airflow/dags/user_processing.py
[2022-03-21 05:24:20,897] {scheduler_job.py:633} INFO - Processing file /home/airflow/airflow/dags/user_processing.py for tasks to queue
[2022-03-21 05:24:20,898] {logging_mixin.py:104} INFO - [2022-03-21 05:24:20,898] {dagbag.py:487} INFO - Filling up the DagBag from /home/airflow/airflow/dags/user_processing.py
[2022-03-21 05:24:20,924] {logging_mixin.py:104} WARNING - /home/airflow/sandbox/lib/python3.8/site-packages/airflow/providers/sqlite/operators/sqlite.py:25 DeprecationWarning: This decorator is deprecated.

In previous versions, all subclasses of BaseOperator must use apply_default decorator for the`default_args` feature to work properly.

In current version, it is optional. The decorator is applied automatically using the metaclass.
[2022-03-21 05:24:21,751] {scheduler_job.py:643} INFO - DAG(s) dict_keys(['user_processing']) retrieved from /home/airflow/airflow/dags/user_processing.py
[2022-03-21 05:24:21,775] {logging_mixin.py:104} INFO - [2022-03-21 05:24:21,775] {dag.py:1832} INFO - Sync 1 DAGs
[2022-03-21 05:24:21,806] {logging_mixin.py:104} INFO - [2022-03-21 05:24:21,805] {dag.py:2305} INFO - Setting next_dagrun for user_processing to 2022-03-21 00:00:00+00:00
[2022-03-21 05:24:22,056] {scheduler_job.py:190} INFO - Processing /home/airflow/airflow/dags/user_processing.py took 1.171 seconds
[2022-03-21 05:25:05,214] {scheduler_job.py:182} INFO - Started process (PID=9596) to work on /home/airflow/airflow/dags/user_processing.py
[2022-03-21 05:25:05,216] {scheduler_job.py:633} INFO - Processing file /home/airflow/airflow/dags/user_processing.py for tasks to queue
[2022-03-21 05:25:05,218] {logging_mixin.py:104} INFO - [2022-03-21 05:25:05,217] {dagbag.py:487} INFO - Filling up the DagBag from /home/airflow/airflow/dags/user_processing.py
[2022-03-21 05:25:05,246] {logging_mixin.py:104} WARNING - /home/airflow/sandbox/lib/python3.8/site-packages/airflow/providers/sqlite/operators/sqlite.py:25 DeprecationWarning: This decorator is deprecated.

In previous versions, all subclasses of BaseOperator must use apply_default decorator for the`default_args` feature to work properly.

In current version, it is optional. The decorator is applied automatically using the metaclass.
[2022-03-21 05:25:06,050] {scheduler_job.py:643} INFO - DAG(s) dict_keys(['user_processing']) retrieved from /home/airflow/airflow/dags/user_processing.py
[2022-03-21 05:25:06,073] {logging_mixin.py:104} INFO - [2022-03-21 05:25:06,072] {dag.py:1832} INFO - Sync 1 DAGs
[2022-03-21 05:25:06,093] {logging_mixin.py:104} INFO - [2022-03-21 05:25:06,093] {dag.py:2305} INFO - Setting next_dagrun for user_processing to 2022-03-21 00:00:00+00:00
[2022-03-21 05:25:06,123] {scheduler_job.py:190} INFO - Processing /home/airflow/airflow/dags/user_processing.py took 0.915 seconds
[2022-03-21 05:25:50,031] {scheduler_job.py:182} INFO - Started process (PID=9686) to work on /home/airflow/airflow/dags/user_processing.py
[2022-03-21 05:25:50,034] {scheduler_job.py:633} INFO - Processing file /home/airflow/airflow/dags/user_processing.py for tasks to queue
[2022-03-21 05:25:50,035] {logging_mixin.py:104} INFO - [2022-03-21 05:25:50,035] {dagbag.py:487} INFO - Filling up the DagBag from /home/airflow/airflow/dags/user_processing.py
[2022-03-21 05:25:50,066] {logging_mixin.py:104} WARNING - /home/airflow/sandbox/lib/python3.8/site-packages/airflow/providers/sqlite/operators/sqlite.py:25 DeprecationWarning: This decorator is deprecated.

In previous versions, all subclasses of BaseOperator must use apply_default decorator for the`default_args` feature to work properly.

In current version, it is optional. The decorator is applied automatically using the metaclass.
[2022-03-21 05:25:50,896] {scheduler_job.py:643} INFO - DAG(s) dict_keys(['user_processing']) retrieved from /home/airflow/airflow/dags/user_processing.py
[2022-03-21 05:25:50,918] {logging_mixin.py:104} INFO - [2022-03-21 05:25:50,918] {dag.py:1832} INFO - Sync 1 DAGs
[2022-03-21 05:25:50,939] {logging_mixin.py:104} INFO - [2022-03-21 05:25:50,939] {dag.py:2305} INFO - Setting next_dagrun for user_processing to 2022-03-21 00:00:00+00:00
[2022-03-21 05:25:50,974] {scheduler_job.py:190} INFO - Processing /home/airflow/airflow/dags/user_processing.py took 0.952 seconds
[2022-03-21 05:26:24,473] {scheduler_job.py:182} INFO - Started process (PID=9711) to work on /home/airflow/airflow/dags/user_processing.py
[2022-03-21 05:26:24,476] {scheduler_job.py:633} INFO - Processing file /home/airflow/airflow/dags/user_processing.py for tasks to queue
[2022-03-21 05:26:24,480] {logging_mixin.py:104} INFO - [2022-03-21 05:26:24,480] {dagbag.py:487} INFO - Filling up the DagBag from /home/airflow/airflow/dags/user_processing.py
[2022-03-21 05:26:24,507] {logging_mixin.py:104} WARNING - /home/airflow/sandbox/lib/python3.8/site-packages/airflow/providers/sqlite/operators/sqlite.py:25 DeprecationWarning: This decorator is deprecated.

In previous versions, all subclasses of BaseOperator must use apply_default decorator for the`default_args` feature to work properly.

In current version, it is optional. The decorator is applied automatically using the metaclass.
[2022-03-21 05:26:25,306] {scheduler_job.py:643} INFO - DAG(s) dict_keys(['user_processing']) retrieved from /home/airflow/airflow/dags/user_processing.py
[2022-03-21 05:26:25,333] {logging_mixin.py:104} INFO - [2022-03-21 05:26:25,332] {dag.py:1832} INFO - Sync 1 DAGs
[2022-03-21 05:26:25,354] {logging_mixin.py:104} INFO - [2022-03-21 05:26:25,354] {dag.py:2305} INFO - Setting next_dagrun for user_processing to 2022-03-21 00:00:00+00:00
[2022-03-21 05:26:25,383] {scheduler_job.py:190} INFO - Processing /home/airflow/airflow/dags/user_processing.py took 0.916 seconds
[2022-03-21 05:26:58,384] {scheduler_job.py:182} INFO - Started process (PID=9734) to work on /home/airflow/airflow/dags/user_processing.py
[2022-03-21 05:26:58,386] {scheduler_job.py:633} INFO - Processing file /home/airflow/airflow/dags/user_processing.py for tasks to queue
[2022-03-21 05:26:58,388] {logging_mixin.py:104} INFO - [2022-03-21 05:26:58,387] {dagbag.py:487} INFO - Filling up the DagBag from /home/airflow/airflow/dags/user_processing.py
[2022-03-21 05:26:58,435] {logging_mixin.py:104} WARNING - /home/airflow/sandbox/lib/python3.8/site-packages/airflow/providers/sqlite/operators/sqlite.py:25 DeprecationWarning: This decorator is deprecated.

In previous versions, all subclasses of BaseOperator must use apply_default decorator for the`default_args` feature to work properly.

In current version, it is optional. The decorator is applied automatically using the metaclass.
[2022-03-21 05:26:59,422] {scheduler_job.py:643} INFO - DAG(s) dict_keys(['user_processing']) retrieved from /home/airflow/airflow/dags/user_processing.py
[2022-03-21 05:26:59,448] {logging_mixin.py:104} INFO - [2022-03-21 05:26:59,448] {dag.py:1832} INFO - Sync 1 DAGs
[2022-03-21 05:26:59,472] {logging_mixin.py:104} INFO - [2022-03-21 05:26:59,472] {dag.py:2305} INFO - Setting next_dagrun for user_processing to 2022-03-21 00:00:00+00:00
[2022-03-21 05:26:59,566] {scheduler_job.py:190} INFO - Processing /home/airflow/airflow/dags/user_processing.py took 1.191 seconds
[2022-03-21 05:27:32,868] {scheduler_job.py:182} INFO - Started process (PID=9758) to work on /home/airflow/airflow/dags/user_processing.py
[2022-03-21 05:27:32,871] {scheduler_job.py:633} INFO - Processing file /home/airflow/airflow/dags/user_processing.py for tasks to queue
[2022-03-21 05:27:32,872] {logging_mixin.py:104} INFO - [2022-03-21 05:27:32,872] {dagbag.py:487} INFO - Filling up the DagBag from /home/airflow/airflow/dags/user_processing.py
[2022-03-21 05:27:32,904] {logging_mixin.py:104} WARNING - /home/airflow/sandbox/lib/python3.8/site-packages/airflow/providers/sqlite/operators/sqlite.py:25 DeprecationWarning: This decorator is deprecated.

In previous versions, all subclasses of BaseOperator must use apply_default decorator for the`default_args` feature to work properly.

In current version, it is optional. The decorator is applied automatically using the metaclass.
[2022-03-21 05:27:33,880] {scheduler_job.py:643} INFO - DAG(s) dict_keys(['user_processing']) retrieved from /home/airflow/airflow/dags/user_processing.py
[2022-03-21 05:27:33,905] {logging_mixin.py:104} INFO - [2022-03-21 05:27:33,904] {dag.py:1832} INFO - Sync 1 DAGs
[2022-03-21 05:27:33,928] {logging_mixin.py:104} INFO - [2022-03-21 05:27:33,928] {dag.py:2305} INFO - Setting next_dagrun for user_processing to 2022-03-21 00:00:00+00:00
[2022-03-21 05:27:33,968] {scheduler_job.py:190} INFO - Processing /home/airflow/airflow/dags/user_processing.py took 1.107 seconds
[2022-03-21 05:28:07,963] {scheduler_job.py:182} INFO - Started process (PID=9783) to work on /home/airflow/airflow/dags/user_processing.py
[2022-03-21 05:28:07,966] {scheduler_job.py:633} INFO - Processing file /home/airflow/airflow/dags/user_processing.py for tasks to queue
[2022-03-21 05:28:07,970] {logging_mixin.py:104} INFO - [2022-03-21 05:28:07,969] {dagbag.py:487} INFO - Filling up the DagBag from /home/airflow/airflow/dags/user_processing.py
[2022-03-21 05:28:08,137] {logging_mixin.py:104} WARNING - /home/airflow/sandbox/lib/python3.8/site-packages/airflow/providers/sqlite/operators/sqlite.py:25 DeprecationWarning: This decorator is deprecated.

In previous versions, all subclasses of BaseOperator must use apply_default decorator for the`default_args` feature to work properly.

In current version, it is optional. The decorator is applied automatically using the metaclass.
[2022-03-21 05:28:08,995] {scheduler_job.py:643} INFO - DAG(s) dict_keys(['user_processing']) retrieved from /home/airflow/airflow/dags/user_processing.py
[2022-03-21 05:28:09,025] {logging_mixin.py:104} INFO - [2022-03-21 05:28:09,025] {dag.py:1832} INFO - Sync 1 DAGs
[2022-03-21 05:28:09,049] {logging_mixin.py:104} INFO - [2022-03-21 05:28:09,049] {dag.py:2305} INFO - Setting next_dagrun for user_processing to 2022-03-21 00:00:00+00:00
[2022-03-21 05:28:09,082] {scheduler_job.py:190} INFO - Processing /home/airflow/airflow/dags/user_processing.py took 1.128 seconds
[2022-03-21 05:28:41,868] {scheduler_job.py:182} INFO - Started process (PID=9807) to work on /home/airflow/airflow/dags/user_processing.py
[2022-03-21 05:28:41,872] {scheduler_job.py:633} INFO - Processing file /home/airflow/airflow/dags/user_processing.py for tasks to queue
[2022-03-21 05:28:41,875] {logging_mixin.py:104} INFO - [2022-03-21 05:28:41,874] {dagbag.py:487} INFO - Filling up the DagBag from /home/airflow/airflow/dags/user_processing.py
[2022-03-21 05:28:42,084] {logging_mixin.py:104} WARNING - /home/airflow/sandbox/lib/python3.8/site-packages/airflow/providers/sqlite/operators/sqlite.py:25 DeprecationWarning: This decorator is deprecated.

In previous versions, all subclasses of BaseOperator must use apply_default decorator for the`default_args` feature to work properly.

In current version, it is optional. The decorator is applied automatically using the metaclass.
[2022-03-21 05:28:42,977] {scheduler_job.py:643} INFO - DAG(s) dict_keys(['user_processing']) retrieved from /home/airflow/airflow/dags/user_processing.py
[2022-03-21 05:28:43,005] {logging_mixin.py:104} INFO - [2022-03-21 05:28:43,004] {dag.py:1832} INFO - Sync 1 DAGs
[2022-03-21 05:28:43,046] {logging_mixin.py:104} INFO - [2022-03-21 05:28:43,046] {dag.py:2305} INFO - Setting next_dagrun for user_processing to 2022-03-21 00:00:00+00:00
[2022-03-21 05:28:43,087] {scheduler_job.py:190} INFO - Processing /home/airflow/airflow/dags/user_processing.py took 1.236 seconds
[2022-03-21 05:29:15,144] {scheduler_job.py:182} INFO - Started process (PID=9831) to work on /home/airflow/airflow/dags/user_processing.py
[2022-03-21 05:29:15,146] {scheduler_job.py:633} INFO - Processing file /home/airflow/airflow/dags/user_processing.py for tasks to queue
[2022-03-21 05:29:15,148] {logging_mixin.py:104} INFO - [2022-03-21 05:29:15,148] {dagbag.py:487} INFO - Filling up the DagBag from /home/airflow/airflow/dags/user_processing.py
[2022-03-21 05:29:15,311] {logging_mixin.py:104} WARNING - /home/airflow/sandbox/lib/python3.8/site-packages/airflow/providers/sqlite/operators/sqlite.py:25 DeprecationWarning: This decorator is deprecated.

In previous versions, all subclasses of BaseOperator must use apply_default decorator for the`default_args` feature to work properly.

In current version, it is optional. The decorator is applied automatically using the metaclass.
[2022-03-21 05:29:16,173] {scheduler_job.py:643} INFO - DAG(s) dict_keys(['user_processing']) retrieved from /home/airflow/airflow/dags/user_processing.py
[2022-03-21 05:29:16,198] {logging_mixin.py:104} INFO - [2022-03-21 05:29:16,198] {dag.py:1832} INFO - Sync 1 DAGs
[2022-03-21 05:29:16,223] {logging_mixin.py:104} INFO - [2022-03-21 05:29:16,223] {dag.py:2305} INFO - Setting next_dagrun for user_processing to 2022-03-21 00:00:00+00:00
[2022-03-21 05:29:16,257] {scheduler_job.py:190} INFO - Processing /home/airflow/airflow/dags/user_processing.py took 1.125 seconds
[2022-03-21 05:29:51,096] {scheduler_job.py:182} INFO - Started process (PID=9856) to work on /home/airflow/airflow/dags/user_processing.py
[2022-03-21 05:29:51,101] {scheduler_job.py:633} INFO - Processing file /home/airflow/airflow/dags/user_processing.py for tasks to queue
[2022-03-21 05:29:51,102] {logging_mixin.py:104} INFO - [2022-03-21 05:29:51,102] {dagbag.py:487} INFO - Filling up the DagBag from /home/airflow/airflow/dags/user_processing.py
[2022-03-21 05:29:51,261] {logging_mixin.py:104} WARNING - /home/airflow/sandbox/lib/python3.8/site-packages/airflow/providers/sqlite/operators/sqlite.py:25 DeprecationWarning: This decorator is deprecated.

In previous versions, all subclasses of BaseOperator must use apply_default decorator for the`default_args` feature to work properly.

In current version, it is optional. The decorator is applied automatically using the metaclass.
[2022-03-21 05:29:52,101] {scheduler_job.py:643} INFO - DAG(s) dict_keys(['user_processing']) retrieved from /home/airflow/airflow/dags/user_processing.py
[2022-03-21 05:29:52,129] {logging_mixin.py:104} INFO - [2022-03-21 05:29:52,127] {dag.py:1832} INFO - Sync 1 DAGs
[2022-03-21 05:29:52,156] {logging_mixin.py:104} INFO - [2022-03-21 05:29:52,156] {dag.py:2305} INFO - Setting next_dagrun for user_processing to 2022-03-21 00:00:00+00:00
[2022-03-21 05:29:52,188] {scheduler_job.py:190} INFO - Processing /home/airflow/airflow/dags/user_processing.py took 1.098 seconds
[2022-03-21 05:30:24,248] {scheduler_job.py:182} INFO - Started process (PID=9880) to work on /home/airflow/airflow/dags/user_processing.py
[2022-03-21 05:30:24,251] {scheduler_job.py:633} INFO - Processing file /home/airflow/airflow/dags/user_processing.py for tasks to queue
[2022-03-21 05:30:24,275] {logging_mixin.py:104} INFO - [2022-03-21 05:30:24,275] {dagbag.py:487} INFO - Filling up the DagBag from /home/airflow/airflow/dags/user_processing.py
[2022-03-21 05:30:24,817] {logging_mixin.py:104} WARNING - /home/airflow/sandbox/lib/python3.8/site-packages/airflow/providers/sqlite/operators/sqlite.py:25 DeprecationWarning: This decorator is deprecated.

In previous versions, all subclasses of BaseOperator must use apply_default decorator for the`default_args` feature to work properly.

In current version, it is optional. The decorator is applied automatically using the metaclass.
[2022-03-21 05:30:26,389] {scheduler_job.py:643} INFO - DAG(s) dict_keys(['user_processing']) retrieved from /home/airflow/airflow/dags/user_processing.py
[2022-03-21 05:30:26,415] {logging_mixin.py:104} INFO - [2022-03-21 05:30:26,415] {dag.py:1832} INFO - Sync 1 DAGs
[2022-03-21 05:30:26,440] {logging_mixin.py:104} INFO - [2022-03-21 05:30:26,440] {dag.py:2305} INFO - Setting next_dagrun for user_processing to 2022-03-21 00:00:00+00:00
[2022-03-21 05:30:26,494] {scheduler_job.py:190} INFO - Processing /home/airflow/airflow/dags/user_processing.py took 2.262 seconds
[2022-03-21 05:31:06,112] {scheduler_job.py:182} INFO - Started process (PID=9966) to work on /home/airflow/airflow/dags/user_processing.py
[2022-03-21 05:31:06,115] {scheduler_job.py:633} INFO - Processing file /home/airflow/airflow/dags/user_processing.py for tasks to queue
[2022-03-21 05:31:06,117] {logging_mixin.py:104} INFO - [2022-03-21 05:31:06,117] {dagbag.py:487} INFO - Filling up the DagBag from /home/airflow/airflow/dags/user_processing.py
[2022-03-21 05:31:06,155] {logging_mixin.py:104} WARNING - /home/airflow/sandbox/lib/python3.8/site-packages/airflow/providers/sqlite/operators/sqlite.py:25 DeprecationWarning: This decorator is deprecated.

In previous versions, all subclasses of BaseOperator must use apply_default decorator for the`default_args` feature to work properly.

In current version, it is optional. The decorator is applied automatically using the metaclass.
[2022-03-21 05:31:06,992] {scheduler_job.py:643} INFO - DAG(s) dict_keys(['user_processing']) retrieved from /home/airflow/airflow/dags/user_processing.py
[2022-03-21 05:31:07,019] {logging_mixin.py:104} INFO - [2022-03-21 05:31:07,018] {dag.py:1832} INFO - Sync 1 DAGs
[2022-03-21 05:31:07,050] {logging_mixin.py:104} INFO - [2022-03-21 05:31:07,050] {dag.py:2305} INFO - Setting next_dagrun for user_processing to 2022-03-21 00:00:00+00:00
[2022-03-21 05:31:07,081] {scheduler_job.py:190} INFO - Processing /home/airflow/airflow/dags/user_processing.py took 0.980 seconds
[2022-03-21 05:31:49,809] {scheduler_job.py:182} INFO - Started process (PID=10000) to work on /home/airflow/airflow/dags/user_processing.py
[2022-03-21 05:31:49,812] {scheduler_job.py:633} INFO - Processing file /home/airflow/airflow/dags/user_processing.py for tasks to queue
[2022-03-21 05:31:49,813] {logging_mixin.py:104} INFO - [2022-03-21 05:31:49,813] {dagbag.py:487} INFO - Filling up the DagBag from /home/airflow/airflow/dags/user_processing.py
[2022-03-21 05:31:49,841] {logging_mixin.py:104} WARNING - /home/airflow/sandbox/lib/python3.8/site-packages/airflow/providers/sqlite/operators/sqlite.py:25 DeprecationWarning: This decorator is deprecated.

In previous versions, all subclasses of BaseOperator must use apply_default decorator for the`default_args` feature to work properly.

In current version, it is optional. The decorator is applied automatically using the metaclass.
[2022-03-21 05:31:50,581] {scheduler_job.py:643} INFO - DAG(s) dict_keys(['user_processing']) retrieved from /home/airflow/airflow/dags/user_processing.py
[2022-03-21 05:31:50,607] {logging_mixin.py:104} INFO - [2022-03-21 05:31:50,607] {dag.py:1832} INFO - Sync 1 DAGs
[2022-03-21 05:31:50,634] {logging_mixin.py:104} INFO - [2022-03-21 05:31:50,634] {dag.py:2305} INFO - Setting next_dagrun for user_processing to 2022-03-21 00:00:00+00:00
[2022-03-21 05:31:50,664] {scheduler_job.py:190} INFO - Processing /home/airflow/airflow/dags/user_processing.py took 0.861 seconds
[2022-03-21 05:32:31,090] {scheduler_job.py:182} INFO - Started process (PID=10032) to work on /home/airflow/airflow/dags/user_processing.py
[2022-03-21 05:32:31,092] {scheduler_job.py:633} INFO - Processing file /home/airflow/airflow/dags/user_processing.py for tasks to queue
[2022-03-21 05:32:31,094] {logging_mixin.py:104} INFO - [2022-03-21 05:32:31,093] {dagbag.py:487} INFO - Filling up the DagBag from /home/airflow/airflow/dags/user_processing.py
[2022-03-21 05:32:31,126] {logging_mixin.py:104} WARNING - /home/airflow/sandbox/lib/python3.8/site-packages/airflow/providers/sqlite/operators/sqlite.py:25 DeprecationWarning: This decorator is deprecated.

In previous versions, all subclasses of BaseOperator must use apply_default decorator for the`default_args` feature to work properly.

In current version, it is optional. The decorator is applied automatically using the metaclass.
[2022-03-21 05:32:31,862] {scheduler_job.py:643} INFO - DAG(s) dict_keys(['user_processing']) retrieved from /home/airflow/airflow/dags/user_processing.py
[2022-03-21 05:32:31,889] {logging_mixin.py:104} INFO - [2022-03-21 05:32:31,888] {dag.py:1832} INFO - Sync 1 DAGs
[2022-03-21 05:32:31,916] {logging_mixin.py:104} INFO - [2022-03-21 05:32:31,915] {dag.py:2305} INFO - Setting next_dagrun for user_processing to 2022-03-21 00:00:00+00:00
[2022-03-21 05:32:31,947] {scheduler_job.py:190} INFO - Processing /home/airflow/airflow/dags/user_processing.py took 0.864 seconds
[2022-03-21 05:33:15,697] {scheduler_job.py:182} INFO - Started process (PID=10065) to work on /home/airflow/airflow/dags/user_processing.py
[2022-03-21 05:33:15,700] {scheduler_job.py:633} INFO - Processing file /home/airflow/airflow/dags/user_processing.py for tasks to queue
[2022-03-21 05:33:15,701] {logging_mixin.py:104} INFO - [2022-03-21 05:33:15,701] {dagbag.py:487} INFO - Filling up the DagBag from /home/airflow/airflow/dags/user_processing.py
[2022-03-21 05:33:15,726] {logging_mixin.py:104} WARNING - /home/airflow/sandbox/lib/python3.8/site-packages/airflow/providers/sqlite/operators/sqlite.py:25 DeprecationWarning: This decorator is deprecated.

In previous versions, all subclasses of BaseOperator must use apply_default decorator for the`default_args` feature to work properly.

In current version, it is optional. The decorator is applied automatically using the metaclass.
[2022-03-21 05:33:16,452] {scheduler_job.py:643} INFO - DAG(s) dict_keys(['user_processing']) retrieved from /home/airflow/airflow/dags/user_processing.py
[2022-03-21 05:33:16,477] {logging_mixin.py:104} INFO - [2022-03-21 05:33:16,476] {dag.py:1832} INFO - Sync 1 DAGs
[2022-03-21 05:33:16,505] {logging_mixin.py:104} INFO - [2022-03-21 05:33:16,505] {dag.py:2305} INFO - Setting next_dagrun for user_processing to 2022-03-21 00:00:00+00:00
[2022-03-21 05:33:16,536] {scheduler_job.py:190} INFO - Processing /home/airflow/airflow/dags/user_processing.py took 0.845 seconds
[2022-03-21 05:33:58,212] {scheduler_job.py:182} INFO - Started process (PID=10097) to work on /home/airflow/airflow/dags/user_processing.py
[2022-03-21 05:33:58,214] {scheduler_job.py:633} INFO - Processing file /home/airflow/airflow/dags/user_processing.py for tasks to queue
[2022-03-21 05:33:58,217] {logging_mixin.py:104} INFO - [2022-03-21 05:33:58,216] {dagbag.py:487} INFO - Filling up the DagBag from /home/airflow/airflow/dags/user_processing.py
[2022-03-21 05:33:58,242] {logging_mixin.py:104} WARNING - /home/airflow/sandbox/lib/python3.8/site-packages/airflow/providers/sqlite/operators/sqlite.py:25 DeprecationWarning: This decorator is deprecated.

In previous versions, all subclasses of BaseOperator must use apply_default decorator for the`default_args` feature to work properly.

In current version, it is optional. The decorator is applied automatically using the metaclass.
[2022-03-21 05:33:58,973] {scheduler_job.py:643} INFO - DAG(s) dict_keys(['user_processing']) retrieved from /home/airflow/airflow/dags/user_processing.py
[2022-03-21 05:33:59,000] {logging_mixin.py:104} INFO - [2022-03-21 05:33:58,998] {dag.py:1832} INFO - Sync 1 DAGs
[2022-03-21 05:33:59,028] {logging_mixin.py:104} INFO - [2022-03-21 05:33:59,027] {dag.py:2305} INFO - Setting next_dagrun for user_processing to 2022-03-21 00:00:00+00:00
[2022-03-21 05:33:59,057] {scheduler_job.py:190} INFO - Processing /home/airflow/airflow/dags/user_processing.py took 0.851 seconds
[2022-03-21 05:34:42,922] {scheduler_job.py:182} INFO - Started process (PID=10131) to work on /home/airflow/airflow/dags/user_processing.py
[2022-03-21 05:34:42,926] {scheduler_job.py:633} INFO - Processing file /home/airflow/airflow/dags/user_processing.py for tasks to queue
[2022-03-21 05:34:42,932] {logging_mixin.py:104} INFO - [2022-03-21 05:34:42,928] {dagbag.py:487} INFO - Filling up the DagBag from /home/airflow/airflow/dags/user_processing.py
[2022-03-21 05:34:42,980] {logging_mixin.py:104} WARNING - /home/airflow/sandbox/lib/python3.8/site-packages/airflow/providers/sqlite/operators/sqlite.py:25 DeprecationWarning: This decorator is deprecated.

In previous versions, all subclasses of BaseOperator must use apply_default decorator for the`default_args` feature to work properly.

In current version, it is optional. The decorator is applied automatically using the metaclass.
[2022-03-21 05:34:44,364] {scheduler_job.py:643} INFO - DAG(s) dict_keys(['user_processing']) retrieved from /home/airflow/airflow/dags/user_processing.py
[2022-03-21 05:34:44,409] {logging_mixin.py:104} INFO - [2022-03-21 05:34:44,407] {dag.py:1832} INFO - Sync 1 DAGs
[2022-03-21 05:34:44,460] {logging_mixin.py:104} INFO - [2022-03-21 05:34:44,460] {dag.py:2305} INFO - Setting next_dagrun for user_processing to 2022-03-21 00:00:00+00:00
[2022-03-21 05:34:44,528] {scheduler_job.py:190} INFO - Processing /home/airflow/airflow/dags/user_processing.py took 1.613 seconds
[2022-03-21 05:35:17,028] {scheduler_job.py:182} INFO - Started process (PID=10154) to work on /home/airflow/airflow/dags/user_processing.py
[2022-03-21 05:35:17,031] {scheduler_job.py:633} INFO - Processing file /home/airflow/airflow/dags/user_processing.py for tasks to queue
[2022-03-21 05:35:17,032] {logging_mixin.py:104} INFO - [2022-03-21 05:35:17,032] {dagbag.py:487} INFO - Filling up the DagBag from /home/airflow/airflow/dags/user_processing.py
[2022-03-21 05:35:17,059] {logging_mixin.py:104} WARNING - /home/airflow/sandbox/lib/python3.8/site-packages/airflow/providers/sqlite/operators/sqlite.py:25 DeprecationWarning: This decorator is deprecated.

In previous versions, all subclasses of BaseOperator must use apply_default decorator for the`default_args` feature to work properly.

In current version, it is optional. The decorator is applied automatically using the metaclass.
[2022-03-21 05:35:17,828] {scheduler_job.py:643} INFO - DAG(s) dict_keys(['user_processing']) retrieved from /home/airflow/airflow/dags/user_processing.py
[2022-03-21 05:35:17,857] {logging_mixin.py:104} INFO - [2022-03-21 05:35:17,856] {dag.py:1832} INFO - Sync 1 DAGs
[2022-03-21 05:35:17,882] {logging_mixin.py:104} INFO - [2022-03-21 05:35:17,881] {dag.py:2305} INFO - Setting next_dagrun for user_processing to 2022-03-21 00:00:00+00:00
[2022-03-21 05:35:17,913] {scheduler_job.py:190} INFO - Processing /home/airflow/airflow/dags/user_processing.py took 0.891 seconds
[2022-03-21 05:36:01,312] {scheduler_job.py:182} INFO - Started process (PID=10243) to work on /home/airflow/airflow/dags/user_processing.py
[2022-03-21 05:36:01,314] {scheduler_job.py:633} INFO - Processing file /home/airflow/airflow/dags/user_processing.py for tasks to queue
[2022-03-21 05:36:01,316] {logging_mixin.py:104} INFO - [2022-03-21 05:36:01,315] {dagbag.py:487} INFO - Filling up the DagBag from /home/airflow/airflow/dags/user_processing.py
[2022-03-21 05:36:01,353] {logging_mixin.py:104} WARNING - /home/airflow/sandbox/lib/python3.8/site-packages/airflow/providers/sqlite/operators/sqlite.py:25 DeprecationWarning: This decorator is deprecated.

In previous versions, all subclasses of BaseOperator must use apply_default decorator for the`default_args` feature to work properly.

In current version, it is optional. The decorator is applied automatically using the metaclass.
[2022-03-21 05:36:02,490] {scheduler_job.py:643} INFO - DAG(s) dict_keys(['user_processing']) retrieved from /home/airflow/airflow/dags/user_processing.py
[2022-03-21 05:36:02,519] {logging_mixin.py:104} INFO - [2022-03-21 05:36:02,518] {dag.py:1832} INFO - Sync 1 DAGs
[2022-03-21 05:36:02,549] {logging_mixin.py:104} INFO - [2022-03-21 05:36:02,549] {dag.py:2305} INFO - Setting next_dagrun for user_processing to 2022-03-21 00:00:00+00:00
[2022-03-21 05:36:02,582] {scheduler_job.py:190} INFO - Processing /home/airflow/airflow/dags/user_processing.py took 1.278 seconds
[2022-03-21 05:36:34,085] {scheduler_job.py:182} INFO - Started process (PID=10266) to work on /home/airflow/airflow/dags/user_processing.py
[2022-03-21 05:36:34,088] {scheduler_job.py:633} INFO - Processing file /home/airflow/airflow/dags/user_processing.py for tasks to queue
[2022-03-21 05:36:34,089] {logging_mixin.py:104} INFO - [2022-03-21 05:36:34,089] {dagbag.py:487} INFO - Filling up the DagBag from /home/airflow/airflow/dags/user_processing.py
[2022-03-21 05:36:34,119] {logging_mixin.py:104} WARNING - /home/airflow/sandbox/lib/python3.8/site-packages/airflow/providers/sqlite/operators/sqlite.py:25 DeprecationWarning: This decorator is deprecated.

In previous versions, all subclasses of BaseOperator must use apply_default decorator for the`default_args` feature to work properly.

In current version, it is optional. The decorator is applied automatically using the metaclass.
[2022-03-21 05:36:34,979] {scheduler_job.py:643} INFO - DAG(s) dict_keys(['user_processing']) retrieved from /home/airflow/airflow/dags/user_processing.py
[2022-03-21 05:36:35,009] {logging_mixin.py:104} INFO - [2022-03-21 05:36:35,008] {dag.py:1832} INFO - Sync 1 DAGs
[2022-03-21 05:36:35,041] {logging_mixin.py:104} INFO - [2022-03-21 05:36:35,041] {dag.py:2305} INFO - Setting next_dagrun for user_processing to 2022-03-21 00:00:00+00:00
[2022-03-21 05:36:35,080] {scheduler_job.py:190} INFO - Processing /home/airflow/airflow/dags/user_processing.py took 1.001 seconds
[2022-03-21 05:37:18,801] {scheduler_job.py:182} INFO - Started process (PID=10299) to work on /home/airflow/airflow/dags/user_processing.py
[2022-03-21 05:37:18,803] {scheduler_job.py:633} INFO - Processing file /home/airflow/airflow/dags/user_processing.py for tasks to queue
[2022-03-21 05:37:18,805] {logging_mixin.py:104} INFO - [2022-03-21 05:37:18,804] {dagbag.py:487} INFO - Filling up the DagBag from /home/airflow/airflow/dags/user_processing.py
[2022-03-21 05:37:18,839] {logging_mixin.py:104} WARNING - /home/airflow/sandbox/lib/python3.8/site-packages/airflow/providers/sqlite/operators/sqlite.py:25 DeprecationWarning: This decorator is deprecated.

In previous versions, all subclasses of BaseOperator must use apply_default decorator for the`default_args` feature to work properly.

In current version, it is optional. The decorator is applied automatically using the metaclass.
[2022-03-21 05:37:19,672] {scheduler_job.py:643} INFO - DAG(s) dict_keys(['user_processing']) retrieved from /home/airflow/airflow/dags/user_processing.py
[2022-03-21 05:37:19,711] {logging_mixin.py:104} INFO - [2022-03-21 05:37:19,709] {dag.py:1832} INFO - Sync 1 DAGs
[2022-03-21 05:37:19,753] {logging_mixin.py:104} INFO - [2022-03-21 05:37:19,752] {dag.py:2305} INFO - Setting next_dagrun for user_processing to 2022-03-21 00:00:00+00:00
[2022-03-21 05:37:19,785] {scheduler_job.py:190} INFO - Processing /home/airflow/airflow/dags/user_processing.py took 0.992 seconds
[2022-03-21 05:38:03,109] {scheduler_job.py:182} INFO - Started process (PID=10333) to work on /home/airflow/airflow/dags/user_processing.py
[2022-03-21 05:38:03,112] {scheduler_job.py:633} INFO - Processing file /home/airflow/airflow/dags/user_processing.py for tasks to queue
[2022-03-21 05:38:03,113] {logging_mixin.py:104} INFO - [2022-03-21 05:38:03,113] {dagbag.py:487} INFO - Filling up the DagBag from /home/airflow/airflow/dags/user_processing.py
[2022-03-21 05:38:03,139] {logging_mixin.py:104} WARNING - /home/airflow/sandbox/lib/python3.8/site-packages/airflow/providers/sqlite/operators/sqlite.py:25 DeprecationWarning: This decorator is deprecated.

In previous versions, all subclasses of BaseOperator must use apply_default decorator for the`default_args` feature to work properly.

In current version, it is optional. The decorator is applied automatically using the metaclass.
[2022-03-21 05:38:03,868] {scheduler_job.py:643} INFO - DAG(s) dict_keys(['user_processing']) retrieved from /home/airflow/airflow/dags/user_processing.py
[2022-03-21 05:38:03,896] {logging_mixin.py:104} INFO - [2022-03-21 05:38:03,895] {dag.py:1832} INFO - Sync 1 DAGs
[2022-03-21 05:38:03,921] {logging_mixin.py:104} INFO - [2022-03-21 05:38:03,921] {dag.py:2305} INFO - Setting next_dagrun for user_processing to 2022-03-21 00:00:00+00:00
[2022-03-21 05:38:03,951] {scheduler_job.py:190} INFO - Processing /home/airflow/airflow/dags/user_processing.py took 0.849 seconds
[2022-03-21 05:38:44,554] {scheduler_job.py:182} INFO - Started process (PID=10367) to work on /home/airflow/airflow/dags/user_processing.py
[2022-03-21 05:38:44,657] {scheduler_job.py:633} INFO - Processing file /home/airflow/airflow/dags/user_processing.py for tasks to queue
[2022-03-21 05:38:44,663] {logging_mixin.py:104} INFO - [2022-03-21 05:38:44,662] {dagbag.py:487} INFO - Filling up the DagBag from /home/airflow/airflow/dags/user_processing.py
[2022-03-21 05:38:44,765] {logging_mixin.py:104} WARNING - /home/airflow/sandbox/lib/python3.8/site-packages/airflow/providers/sqlite/operators/sqlite.py:25 DeprecationWarning: This decorator is deprecated.

In previous versions, all subclasses of BaseOperator must use apply_default decorator for the`default_args` feature to work properly.

In current version, it is optional. The decorator is applied automatically using the metaclass.
[2022-03-21 05:38:46,102] {scheduler_job.py:643} INFO - DAG(s) dict_keys(['user_processing']) retrieved from /home/airflow/airflow/dags/user_processing.py
[2022-03-21 05:38:46,139] {logging_mixin.py:104} INFO - [2022-03-21 05:38:46,138] {dag.py:1832} INFO - Sync 1 DAGs
[2022-03-21 05:38:46,200] {logging_mixin.py:104} INFO - [2022-03-21 05:38:46,200] {dag.py:2305} INFO - Setting next_dagrun for user_processing to 2022-03-21 00:00:00+00:00
[2022-03-21 05:38:46,268] {scheduler_job.py:190} INFO - Processing /home/airflow/airflow/dags/user_processing.py took 1.762 seconds
[2022-03-21 05:39:33,426] {scheduler_job.py:182} INFO - Started process (PID=10401) to work on /home/airflow/airflow/dags/user_processing.py
[2022-03-21 05:39:33,434] {scheduler_job.py:633} INFO - Processing file /home/airflow/airflow/dags/user_processing.py for tasks to queue
[2022-03-21 05:39:33,436] {logging_mixin.py:104} INFO - [2022-03-21 05:39:33,435] {dagbag.py:487} INFO - Filling up the DagBag from /home/airflow/airflow/dags/user_processing.py
[2022-03-21 05:39:33,469] {logging_mixin.py:104} WARNING - /home/airflow/sandbox/lib/python3.8/site-packages/airflow/providers/sqlite/operators/sqlite.py:25 DeprecationWarning: This decorator is deprecated.

In previous versions, all subclasses of BaseOperator must use apply_default decorator for the`default_args` feature to work properly.

In current version, it is optional. The decorator is applied automatically using the metaclass.
[2022-03-21 05:39:34,232] {scheduler_job.py:643} INFO - DAG(s) dict_keys(['user_processing']) retrieved from /home/airflow/airflow/dags/user_processing.py
[2022-03-21 05:39:34,261] {logging_mixin.py:104} INFO - [2022-03-21 05:39:34,260] {dag.py:1832} INFO - Sync 1 DAGs
[2022-03-21 05:39:34,285] {logging_mixin.py:104} INFO - [2022-03-21 05:39:34,285] {dag.py:2305} INFO - Setting next_dagrun for user_processing to 2022-03-21 00:00:00+00:00
[2022-03-21 05:39:34,338] {scheduler_job.py:190} INFO - Processing /home/airflow/airflow/dags/user_processing.py took 0.930 seconds
[2022-03-21 05:40:16,037] {scheduler_job.py:182} INFO - Started process (PID=10434) to work on /home/airflow/airflow/dags/user_processing.py
[2022-03-21 05:40:16,040] {scheduler_job.py:633} INFO - Processing file /home/airflow/airflow/dags/user_processing.py for tasks to queue
[2022-03-21 05:40:16,045] {logging_mixin.py:104} INFO - [2022-03-21 05:40:16,045] {dagbag.py:487} INFO - Filling up the DagBag from /home/airflow/airflow/dags/user_processing.py
[2022-03-21 05:40:16,094] {logging_mixin.py:104} WARNING - /home/airflow/sandbox/lib/python3.8/site-packages/airflow/providers/sqlite/operators/sqlite.py:25 DeprecationWarning: This decorator is deprecated.

In previous versions, all subclasses of BaseOperator must use apply_default decorator for the`default_args` feature to work properly.

In current version, it is optional. The decorator is applied automatically using the metaclass.
[2022-03-21 05:40:17,070] {scheduler_job.py:643} INFO - DAG(s) dict_keys(['user_processing']) retrieved from /home/airflow/airflow/dags/user_processing.py
[2022-03-21 05:40:17,102] {logging_mixin.py:104} INFO - [2022-03-21 05:40:17,101] {dag.py:1832} INFO - Sync 1 DAGs
[2022-03-21 05:40:17,129] {logging_mixin.py:104} INFO - [2022-03-21 05:40:17,129] {dag.py:2305} INFO - Setting next_dagrun for user_processing to 2022-03-21 00:00:00+00:00
[2022-03-21 05:40:17,161] {scheduler_job.py:190} INFO - Processing /home/airflow/airflow/dags/user_processing.py took 1.134 seconds
[2022-03-21 05:40:55,463] {scheduler_job.py:182} INFO - Started process (PID=10520) to work on /home/airflow/airflow/dags/user_processing.py
[2022-03-21 05:40:55,467] {scheduler_job.py:633} INFO - Processing file /home/airflow/airflow/dags/user_processing.py for tasks to queue
[2022-03-21 05:40:55,468] {logging_mixin.py:104} INFO - [2022-03-21 05:40:55,468] {dagbag.py:487} INFO - Filling up the DagBag from /home/airflow/airflow/dags/user_processing.py
[2022-03-21 05:40:55,506] {logging_mixin.py:104} WARNING - /home/airflow/sandbox/lib/python3.8/site-packages/airflow/providers/sqlite/operators/sqlite.py:25 DeprecationWarning: This decorator is deprecated.

In previous versions, all subclasses of BaseOperator must use apply_default decorator for the`default_args` feature to work properly.

In current version, it is optional. The decorator is applied automatically using the metaclass.
[2022-03-21 05:40:56,541] {scheduler_job.py:643} INFO - DAG(s) dict_keys(['user_processing']) retrieved from /home/airflow/airflow/dags/user_processing.py
[2022-03-21 05:40:56,574] {logging_mixin.py:104} INFO - [2022-03-21 05:40:56,573] {dag.py:1832} INFO - Sync 1 DAGs
[2022-03-21 05:40:56,619] {logging_mixin.py:104} INFO - [2022-03-21 05:40:56,618] {dag.py:2305} INFO - Setting next_dagrun for user_processing to 2022-03-21 00:00:00+00:00
[2022-03-21 05:40:56,658] {scheduler_job.py:190} INFO - Processing /home/airflow/airflow/dags/user_processing.py took 1.202 seconds
[2022-03-21 05:41:41,000] {scheduler_job.py:182} INFO - Started process (PID=10554) to work on /home/airflow/airflow/dags/user_processing.py
[2022-03-21 05:41:41,005] {scheduler_job.py:633} INFO - Processing file /home/airflow/airflow/dags/user_processing.py for tasks to queue
[2022-03-21 05:41:41,007] {logging_mixin.py:104} INFO - [2022-03-21 05:41:41,006] {dagbag.py:487} INFO - Filling up the DagBag from /home/airflow/airflow/dags/user_processing.py
[2022-03-21 05:41:41,049] {logging_mixin.py:104} WARNING - /home/airflow/sandbox/lib/python3.8/site-packages/airflow/providers/sqlite/operators/sqlite.py:25 DeprecationWarning: This decorator is deprecated.

In previous versions, all subclasses of BaseOperator must use apply_default decorator for the`default_args` feature to work properly.

In current version, it is optional. The decorator is applied automatically using the metaclass.
[2022-03-21 05:41:42,654] {scheduler_job.py:643} INFO - DAG(s) dict_keys(['user_processing']) retrieved from /home/airflow/airflow/dags/user_processing.py
[2022-03-21 05:41:42,697] {logging_mixin.py:104} INFO - [2022-03-21 05:41:42,696] {dag.py:1832} INFO - Sync 1 DAGs
[2022-03-21 05:41:42,737] {logging_mixin.py:104} INFO - [2022-03-21 05:41:42,737] {dag.py:2305} INFO - Setting next_dagrun for user_processing to 2022-03-21 00:00:00+00:00
[2022-03-21 05:41:42,775] {scheduler_job.py:190} INFO - Processing /home/airflow/airflow/dags/user_processing.py took 1.788 seconds
[2022-03-21 05:42:25,605] {scheduler_job.py:182} INFO - Started process (PID=10587) to work on /home/airflow/airflow/dags/user_processing.py
[2022-03-21 05:42:25,610] {scheduler_job.py:633} INFO - Processing file /home/airflow/airflow/dags/user_processing.py for tasks to queue
[2022-03-21 05:42:25,612] {logging_mixin.py:104} INFO - [2022-03-21 05:42:25,612] {dagbag.py:487} INFO - Filling up the DagBag from /home/airflow/airflow/dags/user_processing.py
[2022-03-21 05:42:25,659] {logging_mixin.py:104} WARNING - /home/airflow/sandbox/lib/python3.8/site-packages/airflow/providers/sqlite/operators/sqlite.py:25 DeprecationWarning: This decorator is deprecated.

In previous versions, all subclasses of BaseOperator must use apply_default decorator for the`default_args` feature to work properly.

In current version, it is optional. The decorator is applied automatically using the metaclass.
[2022-03-21 05:42:27,115] {scheduler_job.py:643} INFO - DAG(s) dict_keys(['user_processing']) retrieved from /home/airflow/airflow/dags/user_processing.py
[2022-03-21 05:42:27,161] {logging_mixin.py:104} INFO - [2022-03-21 05:42:27,158] {dag.py:1832} INFO - Sync 1 DAGs
[2022-03-21 05:42:27,212] {logging_mixin.py:104} INFO - [2022-03-21 05:42:27,212] {dag.py:2305} INFO - Setting next_dagrun for user_processing to 2022-03-21 00:00:00+00:00
[2022-03-21 05:42:27,275] {scheduler_job.py:190} INFO - Processing /home/airflow/airflow/dags/user_processing.py took 1.680 seconds
[2022-03-21 05:42:59,196] {scheduler_job.py:182} INFO - Started process (PID=10610) to work on /home/airflow/airflow/dags/user_processing.py
[2022-03-21 05:42:59,199] {scheduler_job.py:633} INFO - Processing file /home/airflow/airflow/dags/user_processing.py for tasks to queue
[2022-03-21 05:42:59,200] {logging_mixin.py:104} INFO - [2022-03-21 05:42:59,200] {dagbag.py:487} INFO - Filling up the DagBag from /home/airflow/airflow/dags/user_processing.py
[2022-03-21 05:42:59,233] {logging_mixin.py:104} WARNING - /home/airflow/sandbox/lib/python3.8/site-packages/airflow/providers/sqlite/operators/sqlite.py:25 DeprecationWarning: This decorator is deprecated.

In previous versions, all subclasses of BaseOperator must use apply_default decorator for the`default_args` feature to work properly.

In current version, it is optional. The decorator is applied automatically using the metaclass.
[2022-03-21 05:43:00,521] {scheduler_job.py:643} INFO - DAG(s) dict_keys(['user_processing']) retrieved from /home/airflow/airflow/dags/user_processing.py
[2022-03-21 05:43:00,613] {logging_mixin.py:104} INFO - [2022-03-21 05:43:00,601] {dag.py:1832} INFO - Sync 1 DAGs
[2022-03-21 05:43:00,706] {logging_mixin.py:104} INFO - [2022-03-21 05:43:00,706] {dag.py:2305} INFO - Setting next_dagrun for user_processing to 2022-03-21 00:00:00+00:00
[2022-03-21 05:43:00,770] {scheduler_job.py:190} INFO - Processing /home/airflow/airflow/dags/user_processing.py took 1.581 seconds
[2022-03-21 05:43:38,474] {scheduler_job.py:182} INFO - Started process (PID=10637) to work on /home/airflow/airflow/dags/user_processing.py
[2022-03-21 05:43:38,493] {scheduler_job.py:633} INFO - Processing file /home/airflow/airflow/dags/user_processing.py for tasks to queue
[2022-03-21 05:43:38,513] {logging_mixin.py:104} INFO - [2022-03-21 05:43:38,513] {dagbag.py:487} INFO - Filling up the DagBag from /home/airflow/airflow/dags/user_processing.py
[2022-03-21 05:43:38,585] {logging_mixin.py:104} WARNING - /home/airflow/sandbox/lib/python3.8/site-packages/airflow/providers/sqlite/operators/sqlite.py:25 DeprecationWarning: This decorator is deprecated.

In previous versions, all subclasses of BaseOperator must use apply_default decorator for the`default_args` feature to work properly.

In current version, it is optional. The decorator is applied automatically using the metaclass.
[2022-03-21 05:43:39,943] {scheduler_job.py:643} INFO - DAG(s) dict_keys(['user_processing']) retrieved from /home/airflow/airflow/dags/user_processing.py
[2022-03-21 05:43:39,973] {logging_mixin.py:104} INFO - [2022-03-21 05:43:39,969] {dag.py:1832} INFO - Sync 1 DAGs
[2022-03-21 05:43:40,001] {logging_mixin.py:104} INFO - [2022-03-21 05:43:40,001] {dag.py:2305} INFO - Setting next_dagrun for user_processing to 2022-03-21 00:00:00+00:00
[2022-03-21 05:43:40,042] {scheduler_job.py:190} INFO - Processing /home/airflow/airflow/dags/user_processing.py took 1.600 seconds
[2022-03-21 05:44:15,995] {scheduler_job.py:182} INFO - Started process (PID=10662) to work on /home/airflow/airflow/dags/user_processing.py
[2022-03-21 05:44:16,001] {scheduler_job.py:633} INFO - Processing file /home/airflow/airflow/dags/user_processing.py for tasks to queue
[2022-03-21 05:44:16,003] {logging_mixin.py:104} INFO - [2022-03-21 05:44:16,002] {dagbag.py:487} INFO - Filling up the DagBag from /home/airflow/airflow/dags/user_processing.py
[2022-03-21 05:44:16,044] {logging_mixin.py:104} WARNING - /home/airflow/sandbox/lib/python3.8/site-packages/airflow/providers/sqlite/operators/sqlite.py:25 DeprecationWarning: This decorator is deprecated.

In previous versions, all subclasses of BaseOperator must use apply_default decorator for the`default_args` feature to work properly.

In current version, it is optional. The decorator is applied automatically using the metaclass.
[2022-03-21 05:44:17,528] {scheduler_job.py:643} INFO - DAG(s) dict_keys(['user_processing']) retrieved from /home/airflow/airflow/dags/user_processing.py
[2022-03-21 05:44:17,711] {logging_mixin.py:104} INFO - [2022-03-21 05:44:17,706] {dag.py:1832} INFO - Sync 1 DAGs
[2022-03-21 05:44:17,819] {logging_mixin.py:104} INFO - [2022-03-21 05:44:17,818] {dag.py:2305} INFO - Setting next_dagrun for user_processing to 2022-03-21 00:00:00+00:00
[2022-03-21 05:44:18,021] {scheduler_job.py:190} INFO - Processing /home/airflow/airflow/dags/user_processing.py took 2.044 seconds
[2022-03-21 05:44:51,774] {scheduler_job.py:182} INFO - Started process (PID=10688) to work on /home/airflow/airflow/dags/user_processing.py
[2022-03-21 05:44:51,776] {scheduler_job.py:633} INFO - Processing file /home/airflow/airflow/dags/user_processing.py for tasks to queue
[2022-03-21 05:44:51,778] {logging_mixin.py:104} INFO - [2022-03-21 05:44:51,778] {dagbag.py:487} INFO - Filling up the DagBag from /home/airflow/airflow/dags/user_processing.py
[2022-03-21 05:44:51,808] {logging_mixin.py:104} WARNING - /home/airflow/sandbox/lib/python3.8/site-packages/airflow/providers/sqlite/operators/sqlite.py:25 DeprecationWarning: This decorator is deprecated.

In previous versions, all subclasses of BaseOperator must use apply_default decorator for the`default_args` feature to work properly.

In current version, it is optional. The decorator is applied automatically using the metaclass.
[2022-03-21 05:44:53,555] {scheduler_job.py:643} INFO - DAG(s) dict_keys(['user_processing']) retrieved from /home/airflow/airflow/dags/user_processing.py
[2022-03-21 05:44:53,585] {logging_mixin.py:104} INFO - [2022-03-21 05:44:53,584] {dag.py:1832} INFO - Sync 1 DAGs
[2022-03-21 05:44:53,619] {logging_mixin.py:104} INFO - [2022-03-21 05:44:53,618] {dag.py:2305} INFO - Setting next_dagrun for user_processing to 2022-03-21 00:00:00+00:00
[2022-03-21 05:44:53,652] {scheduler_job.py:190} INFO - Processing /home/airflow/airflow/dags/user_processing.py took 1.902 seconds
[2022-03-21 05:45:25,187] {scheduler_job.py:182} INFO - Started process (PID=10715) to work on /home/airflow/airflow/dags/user_processing.py
[2022-03-21 05:45:25,196] {scheduler_job.py:633} INFO - Processing file /home/airflow/airflow/dags/user_processing.py for tasks to queue
[2022-03-21 05:45:25,198] {logging_mixin.py:104} INFO - [2022-03-21 05:45:25,198] {dagbag.py:487} INFO - Filling up the DagBag from /home/airflow/airflow/dags/user_processing.py
[2022-03-21 05:45:25,270] {logging_mixin.py:104} WARNING - /home/airflow/sandbox/lib/python3.8/site-packages/airflow/providers/sqlite/operators/sqlite.py:25 DeprecationWarning: This decorator is deprecated.

In previous versions, all subclasses of BaseOperator must use apply_default decorator for the`default_args` feature to work properly.

In current version, it is optional. The decorator is applied automatically using the metaclass.
[2022-03-21 05:45:26,177] {scheduler_job.py:643} INFO - DAG(s) dict_keys(['user_processing']) retrieved from /home/airflow/airflow/dags/user_processing.py
[2022-03-21 05:45:26,214] {logging_mixin.py:104} INFO - [2022-03-21 05:45:26,213] {dag.py:1832} INFO - Sync 1 DAGs
[2022-03-21 05:45:26,243] {logging_mixin.py:104} INFO - [2022-03-21 05:45:26,243] {dag.py:2305} INFO - Setting next_dagrun for user_processing to 2022-03-21 00:00:00+00:00
[2022-03-21 05:45:26,277] {scheduler_job.py:190} INFO - Processing /home/airflow/airflow/dags/user_processing.py took 1.112 seconds
[2022-03-21 05:46:07,720] {scheduler_job.py:182} INFO - Started process (PID=10814) to work on /home/airflow/airflow/dags/user_processing.py
[2022-03-21 05:46:07,722] {scheduler_job.py:633} INFO - Processing file /home/airflow/airflow/dags/user_processing.py for tasks to queue
[2022-03-21 05:46:07,723] {logging_mixin.py:104} INFO - [2022-03-21 05:46:07,723] {dagbag.py:487} INFO - Filling up the DagBag from /home/airflow/airflow/dags/user_processing.py
[2022-03-21 05:46:07,769] {logging_mixin.py:104} WARNING - /home/airflow/sandbox/lib/python3.8/site-packages/airflow/providers/sqlite/operators/sqlite.py:25 DeprecationWarning: This decorator is deprecated.

In previous versions, all subclasses of BaseOperator must use apply_default decorator for the`default_args` feature to work properly.

In current version, it is optional. The decorator is applied automatically using the metaclass.
[2022-03-21 05:46:08,978] {scheduler_job.py:643} INFO - DAG(s) dict_keys(['user_processing']) retrieved from /home/airflow/airflow/dags/user_processing.py
[2022-03-21 05:46:09,010] {logging_mixin.py:104} INFO - [2022-03-21 05:46:09,008] {dag.py:1832} INFO - Sync 1 DAGs
[2022-03-21 05:46:09,042] {logging_mixin.py:104} INFO - [2022-03-21 05:46:09,041] {dag.py:2305} INFO - Setting next_dagrun for user_processing to 2022-03-21 00:00:00+00:00
[2022-03-21 05:46:09,078] {scheduler_job.py:190} INFO - Processing /home/airflow/airflow/dags/user_processing.py took 1.368 seconds
[2022-03-21 05:47:15,227] {scheduler_job.py:182} INFO - Started process (PID=11499) to work on /home/airflow/airflow/dags/user_processing.py
[2022-03-21 05:47:15,230] {scheduler_job.py:633} INFO - Processing file /home/airflow/airflow/dags/user_processing.py for tasks to queue
[2022-03-21 05:47:15,232] {logging_mixin.py:104} INFO - [2022-03-21 05:47:15,232] {dagbag.py:487} INFO - Filling up the DagBag from /home/airflow/airflow/dags/user_processing.py
[2022-03-21 05:47:15,317] {logging_mixin.py:104} WARNING - /home/airflow/sandbox/lib/python3.8/site-packages/airflow/providers/sqlite/operators/sqlite.py:25 DeprecationWarning: This decorator is deprecated.

In previous versions, all subclasses of BaseOperator must use apply_default decorator for the`default_args` feature to work properly.

In current version, it is optional. The decorator is applied automatically using the metaclass.
[2022-03-21 05:47:16,972] {scheduler_job.py:643} INFO - DAG(s) dict_keys(['user_processing']) retrieved from /home/airflow/airflow/dags/user_processing.py
[2022-03-21 05:47:17,075] {logging_mixin.py:104} INFO - [2022-03-21 05:47:17,074] {dag.py:1832} INFO - Sync 1 DAGs
[2022-03-21 05:47:17,107] {logging_mixin.py:104} INFO - [2022-03-21 05:47:17,107] {dag.py:2305} INFO - Setting next_dagrun for user_processing to 2022-03-21 00:00:00+00:00
[2022-03-21 05:47:17,141] {scheduler_job.py:190} INFO - Processing /home/airflow/airflow/dags/user_processing.py took 1.934 seconds
[2022-03-21 05:47:55,154] {scheduler_job.py:182} INFO - Started process (PID=11721) to work on /home/airflow/airflow/dags/user_processing.py
[2022-03-21 05:47:55,158] {scheduler_job.py:633} INFO - Processing file /home/airflow/airflow/dags/user_processing.py for tasks to queue
[2022-03-21 05:47:55,159] {logging_mixin.py:104} INFO - [2022-03-21 05:47:55,159] {dagbag.py:487} INFO - Filling up the DagBag from /home/airflow/airflow/dags/user_processing.py
[2022-03-21 05:47:55,186] {logging_mixin.py:104} WARNING - /home/airflow/sandbox/lib/python3.8/site-packages/airflow/providers/sqlite/operators/sqlite.py:25 DeprecationWarning: This decorator is deprecated.

In previous versions, all subclasses of BaseOperator must use apply_default decorator for the`default_args` feature to work properly.

In current version, it is optional. The decorator is applied automatically using the metaclass.
[2022-03-21 05:47:55,973] {scheduler_job.py:643} INFO - DAG(s) dict_keys(['user_processing']) retrieved from /home/airflow/airflow/dags/user_processing.py
[2022-03-21 05:47:56,002] {logging_mixin.py:104} INFO - [2022-03-21 05:47:56,001] {dag.py:1832} INFO - Sync 1 DAGs
[2022-03-21 05:47:56,030] {logging_mixin.py:104} INFO - [2022-03-21 05:47:56,029] {dag.py:2305} INFO - Setting next_dagrun for user_processing to 2022-03-21 00:00:00+00:00
[2022-03-21 05:47:56,059] {scheduler_job.py:190} INFO - Processing /home/airflow/airflow/dags/user_processing.py took 0.916 seconds
[2022-03-21 05:48:28,052] {scheduler_job.py:182} INFO - Started process (PID=11910) to work on /home/airflow/airflow/dags/user_processing.py
[2022-03-21 05:48:28,055] {scheduler_job.py:633} INFO - Processing file /home/airflow/airflow/dags/user_processing.py for tasks to queue
[2022-03-21 05:48:28,056] {logging_mixin.py:104} INFO - [2022-03-21 05:48:28,056] {dagbag.py:487} INFO - Filling up the DagBag from /home/airflow/airflow/dags/user_processing.py
[2022-03-21 05:48:28,088] {logging_mixin.py:104} WARNING - /home/airflow/sandbox/lib/python3.8/site-packages/airflow/providers/sqlite/operators/sqlite.py:25 DeprecationWarning: This decorator is deprecated.

In previous versions, all subclasses of BaseOperator must use apply_default decorator for the`default_args` feature to work properly.

In current version, it is optional. The decorator is applied automatically using the metaclass.
[2022-03-21 05:48:29,000] {scheduler_job.py:643} INFO - DAG(s) dict_keys(['user_processing']) retrieved from /home/airflow/airflow/dags/user_processing.py
[2022-03-21 05:48:29,033] {logging_mixin.py:104} INFO - [2022-03-21 05:48:29,032] {dag.py:1832} INFO - Sync 1 DAGs
[2022-03-21 05:48:29,060] {logging_mixin.py:104} INFO - [2022-03-21 05:48:29,060] {dag.py:2305} INFO - Setting next_dagrun for user_processing to 2022-03-21 00:00:00+00:00
[2022-03-21 05:48:29,130] {scheduler_job.py:190} INFO - Processing /home/airflow/airflow/dags/user_processing.py took 1.084 seconds
[2022-03-21 05:49:01,634] {scheduler_job.py:182} INFO - Started process (PID=12038) to work on /home/airflow/airflow/dags/user_processing.py
[2022-03-21 05:49:01,681] {scheduler_job.py:633} INFO - Processing file /home/airflow/airflow/dags/user_processing.py for tasks to queue
[2022-03-21 05:49:01,683] {logging_mixin.py:104} INFO - [2022-03-21 05:49:01,683] {dagbag.py:487} INFO - Filling up the DagBag from /home/airflow/airflow/dags/user_processing.py
[2022-03-21 05:49:01,859] {logging_mixin.py:104} WARNING - /home/airflow/sandbox/lib/python3.8/site-packages/airflow/providers/sqlite/operators/sqlite.py:25 DeprecationWarning: This decorator is deprecated.

In previous versions, all subclasses of BaseOperator must use apply_default decorator for the`default_args` feature to work properly.

In current version, it is optional. The decorator is applied automatically using the metaclass.
[2022-03-21 05:49:03,467] {scheduler_job.py:643} INFO - DAG(s) dict_keys(['user_processing']) retrieved from /home/airflow/airflow/dags/user_processing.py
[2022-03-21 05:49:03,506] {logging_mixin.py:104} INFO - [2022-03-21 05:49:03,504] {dag.py:1832} INFO - Sync 1 DAGs
[2022-03-21 05:49:03,541] {logging_mixin.py:104} INFO - [2022-03-21 05:49:03,541] {dag.py:2305} INFO - Setting next_dagrun for user_processing to 2022-03-21 00:00:00+00:00
[2022-03-21 05:49:03,588] {scheduler_job.py:190} INFO - Processing /home/airflow/airflow/dags/user_processing.py took 1.974 seconds
[2022-03-21 05:49:48,665] {scheduler_job.py:182} INFO - Started process (PID=12124) to work on /home/airflow/airflow/dags/user_processing.py
[2022-03-21 05:49:48,668] {scheduler_job.py:633} INFO - Processing file /home/airflow/airflow/dags/user_processing.py for tasks to queue
[2022-03-21 05:49:48,669] {logging_mixin.py:104} INFO - [2022-03-21 05:49:48,669] {dagbag.py:487} INFO - Filling up the DagBag from /home/airflow/airflow/dags/user_processing.py
[2022-03-21 05:49:48,698] {logging_mixin.py:104} WARNING - /home/airflow/sandbox/lib/python3.8/site-packages/airflow/providers/sqlite/operators/sqlite.py:25 DeprecationWarning: This decorator is deprecated.

In previous versions, all subclasses of BaseOperator must use apply_default decorator for the`default_args` feature to work properly.

In current version, it is optional. The decorator is applied automatically using the metaclass.
[2022-03-21 05:49:49,948] {scheduler_job.py:643} INFO - DAG(s) dict_keys(['user_processing']) retrieved from /home/airflow/airflow/dags/user_processing.py
[2022-03-21 05:49:49,978] {logging_mixin.py:104} INFO - [2022-03-21 05:49:49,977] {dag.py:1832} INFO - Sync 1 DAGs
[2022-03-21 05:49:50,001] {logging_mixin.py:104} INFO - [2022-03-21 05:49:50,000] {dag.py:2305} INFO - Setting next_dagrun for user_processing to 2022-03-21 00:00:00+00:00
[2022-03-21 05:49:50,043] {scheduler_job.py:190} INFO - Processing /home/airflow/airflow/dags/user_processing.py took 1.385 seconds
[2022-03-21 05:50:23,768] {scheduler_job.py:182} INFO - Started process (PID=12270) to work on /home/airflow/airflow/dags/user_processing.py
[2022-03-21 05:50:23,772] {scheduler_job.py:633} INFO - Processing file /home/airflow/airflow/dags/user_processing.py for tasks to queue
[2022-03-21 05:50:23,774] {logging_mixin.py:104} INFO - [2022-03-21 05:50:23,774] {dagbag.py:487} INFO - Filling up the DagBag from /home/airflow/airflow/dags/user_processing.py
[2022-03-21 05:50:23,821] {logging_mixin.py:104} WARNING - /home/airflow/sandbox/lib/python3.8/site-packages/airflow/providers/sqlite/operators/sqlite.py:25 DeprecationWarning: This decorator is deprecated.

In previous versions, all subclasses of BaseOperator must use apply_default decorator for the`default_args` feature to work properly.

In current version, it is optional. The decorator is applied automatically using the metaclass.
[2022-03-21 05:50:24,626] {scheduler_job.py:643} INFO - DAG(s) dict_keys(['user_processing']) retrieved from /home/airflow/airflow/dags/user_processing.py
[2022-03-21 05:50:24,649] {logging_mixin.py:104} INFO - [2022-03-21 05:50:24,648] {dag.py:1832} INFO - Sync 1 DAGs
[2022-03-21 05:50:24,676] {logging_mixin.py:104} INFO - [2022-03-21 05:50:24,676] {dag.py:2305} INFO - Setting next_dagrun for user_processing to 2022-03-21 00:00:00+00:00
[2022-03-21 05:50:24,707] {scheduler_job.py:190} INFO - Processing /home/airflow/airflow/dags/user_processing.py took 0.945 seconds
