[2022-03-20 13:14:45,467] {taskinstance.py:876} INFO - Dependencies all met for <TaskInstance: user_processing.processing_user 2022-03-01T00:00:00+00:00 [queued]>
[2022-03-20 13:14:45,478] {taskinstance.py:876} INFO - Dependencies all met for <TaskInstance: user_processing.processing_user 2022-03-01T00:00:00+00:00 [queued]>
[2022-03-20 13:14:45,489] {taskinstance.py:1067} INFO - 
--------------------------------------------------------------------------------
[2022-03-20 13:14:45,490] {taskinstance.py:1068} INFO - Starting attempt 1 of 1
[2022-03-20 13:14:45,490] {taskinstance.py:1069} INFO - 
--------------------------------------------------------------------------------
[2022-03-20 13:14:45,575] {taskinstance.py:1087} INFO - Executing <Task(PythonOperator): processing_user> on 2022-03-01T00:00:00+00:00
[2022-03-20 13:14:45,592] {standard_task_runner.py:52} INFO - Started process 78730 to run task
[2022-03-20 13:14:45,618] {standard_task_runner.py:76} INFO - Running: ['airflow', 'tasks', 'run', 'user_processing', 'processing_user', '2022-03-01T00:00:00+00:00', '--job-id', '700', '--pool', 'default_pool', '--raw', '--subdir', 'DAGS_FOLDER/user_processing.py', '--cfg-path', '/tmp/tmp16u5du6o', '--error-file', '/tmp/tmp1nd_z9je']
[2022-03-20 13:14:45,635] {standard_task_runner.py:77} INFO - Job 700: Subtask processing_user
[2022-03-20 13:14:45,837] {logging_mixin.py:104} INFO - Running <TaskInstance: user_processing.processing_user 2022-03-01T00:00:00+00:00 [running]> on host airflowvm
[2022-03-20 13:14:45,983] {taskinstance.py:1280} INFO - Exporting the following env vars:
AIRFLOW_CTX_DAG_OWNER=airflow
AIRFLOW_CTX_DAG_ID=user_processing
AIRFLOW_CTX_TASK_ID=processing_user
AIRFLOW_CTX_EXECUTION_DATE=2022-03-01T00:00:00+00:00
AIRFLOW_CTX_DAG_RUN_ID=scheduled__2022-03-01T00:00:00+00:00
[2022-03-20 13:14:46,009] {python.py:151} INFO - Done. Returned value was: None
[2022-03-20 13:14:46,017] {taskinstance.py:1184} INFO - Marking task as SUCCESS. dag_id=user_processing, task_id=processing_user, execution_date=20220301T000000, start_date=20220320T131445, end_date=20220320T131446
[2022-03-20 13:14:46,099] {taskinstance.py:1245} INFO - 1 downstream tasks scheduled from follow-on schedule check
[2022-03-20 13:14:46,112] {local_task_job.py:151} INFO - Task exited with return code 0
