[2022-03-20 12:22:47,251] {taskinstance.py:876} INFO - Dependencies all met for <TaskInstance: user_processing.extracting_user 2020-03-07T00:00:00+00:00 [queued]>
[2022-03-20 12:22:47,292] {taskinstance.py:876} INFO - Dependencies all met for <TaskInstance: user_processing.extracting_user 2020-03-07T00:00:00+00:00 [queued]>
[2022-03-20 12:22:47,295] {taskinstance.py:1067} INFO - 
--------------------------------------------------------------------------------
[2022-03-20 12:22:47,299] {taskinstance.py:1068} INFO - Starting attempt 1 of 1
[2022-03-20 12:22:47,299] {taskinstance.py:1069} INFO - 
--------------------------------------------------------------------------------
[2022-03-20 12:22:47,346] {taskinstance.py:1087} INFO - Executing <Task(SimpleHttpOperator): extracting_user> on 2020-03-07T00:00:00+00:00
[2022-03-20 12:22:47,351] {standard_task_runner.py:52} INFO - Started process 51091 to run task
[2022-03-20 12:22:47,379] {standard_task_runner.py:76} INFO - Running: ['airflow', 'tasks', 'run', 'user_processing', 'extracting_user', '2020-03-07T00:00:00+00:00', '--job-id', '375', '--pool', 'default_pool', '--raw', '--subdir', 'DAGS_FOLDER/user_processing.py', '--cfg-path', '/tmp/tmpq6oq9q__', '--error-file', '/tmp/tmp05kg0nnk']
[2022-03-20 12:22:47,385] {standard_task_runner.py:77} INFO - Job 375: Subtask extracting_user
[2022-03-20 12:22:47,522] {logging_mixin.py:104} INFO - Running <TaskInstance: user_processing.extracting_user 2020-03-07T00:00:00+00:00 [running]> on host airflowvm
[2022-03-20 12:22:47,681] {taskinstance.py:1280} INFO - Exporting the following env vars:
AIRFLOW_CTX_DAG_OWNER=airflow
AIRFLOW_CTX_DAG_ID=user_processing
AIRFLOW_CTX_TASK_ID=extracting_user
AIRFLOW_CTX_EXECUTION_DATE=2020-03-07T00:00:00+00:00
AIRFLOW_CTX_DAG_RUN_ID=scheduled__2020-03-07T00:00:00+00:00
[2022-03-20 12:22:47,683] {http.py:111} INFO - Calling HTTP method
[2022-03-20 12:22:47,696] {base.py:69} INFO - Using connection to: id: user_api. Host: https://randomuser.me/, Port: None, Schema: , Login: , Password: ***, extra: {}
[2022-03-20 12:22:47,700] {http.py:140} INFO - Sending 'GET' to url: https://randomuser.me/api/
[2022-03-20 12:22:48,136] {http.py:115} INFO - {"results":[{"gender":"female","name":{"title":"Miss","first":"Olava","last":"Somby"},"location":{"street":{"number":3538,"name":"Hareveien"},"city":"Rjukan","state":"Møre og Romsdal","country":"Norway","postcode":"4838","coordinates":{"latitude":"53.5233","longitude":"58.2740"},"timezone":{"offset":"+1:00","description":"Brussels, Copenhagen, Madrid, Paris"}},"email":"olava.somby@example.com","login":{"uuid":"cc5755a6-666a-4809-9955-05b173585d29","username":"goldenbird416","password":"fiesta","salt":"yzMGbKKK","md5":"20148cbbc9407e6266fede79d8884f17","sha1":"338cfc26abbff3bc23a253e22dbd77f3341f77c5","sha256":"7d1d608980abe6fec96832dcff90586a7e9030a7c8f134ffeadf20b6742484b2"},"dob":{"date":"1983-11-16T23:46:18.155Z","age":39},"registered":{"date":"2003-10-02T17:40:57.447Z","age":19},"phone":"33538160","cell":"91041632","id":{"name":"FN","value":"16118334284"},"picture":{"large":"https://randomuser.me/api/portraits/women/47.jpg","medium":"https://randomuser.me/api/portraits/med/women/47.jpg","thumbnail":"https://randomuser.me/api/portraits/thumb/women/47.jpg"},"nat":"NO"}],"info":{"seed":"254d244caec29c51","results":1,"page":1,"version":"1.3"}}
[2022-03-20 12:22:48,197] {taskinstance.py:1184} INFO - Marking task as SUCCESS. dag_id=user_processing, task_id=extracting_user, execution_date=20200307T000000, start_date=20220320T122247, end_date=20220320T122248
[2022-03-20 12:22:48,289] {taskinstance.py:1245} INFO - 1 downstream tasks scheduled from follow-on schedule check
[2022-03-20 12:22:48,300] {local_task_job.py:151} INFO - Task exited with return code 0
