[2022-03-20 12:43:50,744] {taskinstance.py:876} INFO - Dependencies all met for <TaskInstance: user_processing.extracting_user 2022-01-01T00:00:00+00:00 [queued]>
[2022-03-20 12:43:50,808] {taskinstance.py:876} INFO - Dependencies all met for <TaskInstance: user_processing.extracting_user 2022-01-01T00:00:00+00:00 [queued]>
[2022-03-20 12:43:50,816] {taskinstance.py:1067} INFO - 
--------------------------------------------------------------------------------
[2022-03-20 12:43:50,821] {taskinstance.py:1068} INFO - Starting attempt 1 of 1
[2022-03-20 12:43:50,821] {taskinstance.py:1069} INFO - 
--------------------------------------------------------------------------------
[2022-03-20 12:43:50,880] {taskinstance.py:1087} INFO - Executing <Task(SimpleHttpOperator): extracting_user> on 2022-01-01T00:00:00+00:00
[2022-03-20 12:43:50,888] {standard_task_runner.py:52} INFO - Started process 61743 to run task
[2022-03-20 12:43:50,926] {standard_task_runner.py:76} INFO - Running: ['airflow', 'tasks', 'run', 'user_processing', 'extracting_user', '2022-01-01T00:00:00+00:00', '--job-id', '402', '--pool', 'default_pool', '--raw', '--subdir', 'DAGS_FOLDER/user_processing.py', '--cfg-path', '/tmp/tmpia1lq2sr', '--error-file', '/tmp/tmphu32voxr']
[2022-03-20 12:43:50,929] {standard_task_runner.py:77} INFO - Job 402: Subtask extracting_user
[2022-03-20 12:43:51,201] {logging_mixin.py:104} INFO - Running <TaskInstance: user_processing.extracting_user 2022-01-01T00:00:00+00:00 [running]> on host airflowvm
[2022-03-20 12:43:51,514] {taskinstance.py:1280} INFO - Exporting the following env vars:
AIRFLOW_CTX_DAG_OWNER=airflow
AIRFLOW_CTX_DAG_ID=user_processing
AIRFLOW_CTX_TASK_ID=extracting_user
AIRFLOW_CTX_EXECUTION_DATE=2022-01-01T00:00:00+00:00
AIRFLOW_CTX_DAG_RUN_ID=scheduled__2022-01-01T00:00:00+00:00
[2022-03-20 12:43:51,515] {http.py:111} INFO - Calling HTTP method
[2022-03-20 12:43:51,532] {base.py:69} INFO - Using connection to: id: user_api. Host: https://randomuser.me/, Port: None, Schema: , Login: , Password: ***, extra: {}
[2022-03-20 12:43:51,536] {http.py:140} INFO - Sending 'GET' to url: https://randomuser.me/api/
[2022-03-20 12:43:52,074] {http.py:115} INFO - {"results":[{"gender":"male","name":{"title":"Mr","first":"René","last":"Thelen"},"location":{"street":{"number":3805,"name":"Klavergriend"},"city":"Hijum","state":"Zuid-Holland","country":"Netherlands","postcode":91518,"coordinates":{"latitude":"38.6081","longitude":"-45.8714"},"timezone":{"offset":"+6:00","description":"Almaty, Dhaka, Colombo"}},"email":"rene.thelen@example.com","login":{"uuid":"cbc6e5fe-4bc9-4d07-ba5d-8d458d479806","username":"greensnake569","password":"paco","salt":"sSVJYcDE","md5":"e74e5a4e1f9b11afcf13a3349405f17d","sha1":"79fa3899f54855d331772d6d9fec6c78d1b354e9","sha256":"f779e1d2fc9c94ac4593b0b0e7aa7df8004a279a7e24d84ea5f0a11930737ee9"},"dob":{"date":"1989-10-03T07:34:00.814Z","age":33},"registered":{"date":"2007-03-13T09:44:13.840Z","age":15},"phone":"(582)-455-0443","cell":"(850)-847-5308","id":{"name":"BSN","value":"76835522"},"picture":{"large":"https://randomuser.me/api/portraits/men/36.jpg","medium":"https://randomuser.me/api/portraits/med/men/36.jpg","thumbnail":"https://randomuser.me/api/portraits/thumb/men/36.jpg"},"nat":"NL"}],"info":{"seed":"0e274288f783a70a","results":1,"page":1,"version":"1.3"}}
[2022-03-20 12:43:52,193] {taskinstance.py:1184} INFO - Marking task as SUCCESS. dag_id=user_processing, task_id=extracting_user, execution_date=20220101T000000, start_date=20220320T124350, end_date=20220320T124352
[2022-03-20 12:43:52,569] {taskinstance.py:1245} INFO - 1 downstream tasks scheduled from follow-on schedule check
[2022-03-20 12:43:52,612] {local_task_job.py:151} INFO - Task exited with return code 0
