[2022-03-20 12:48:00,697] {taskinstance.py:876} INFO - Dependencies all met for <TaskInstance: user_processing.extracting_user 2022-01-08T00:00:00+00:00 [queued]>
[2022-03-20 12:48:00,717] {taskinstance.py:876} INFO - Dependencies all met for <TaskInstance: user_processing.extracting_user 2022-01-08T00:00:00+00:00 [queued]>
[2022-03-20 12:48:00,718] {taskinstance.py:1067} INFO - 
--------------------------------------------------------------------------------
[2022-03-20 12:48:00,718] {taskinstance.py:1068} INFO - Starting attempt 1 of 1
[2022-03-20 12:48:00,718] {taskinstance.py:1069} INFO - 
--------------------------------------------------------------------------------
[2022-03-20 12:48:00,780] {taskinstance.py:1087} INFO - Executing <Task(SimpleHttpOperator): extracting_user> on 2022-01-08T00:00:00+00:00
[2022-03-20 12:48:00,787] {standard_task_runner.py:52} INFO - Started process 63607 to run task
[2022-03-20 12:48:00,820] {standard_task_runner.py:76} INFO - Running: ['airflow', 'tasks', 'run', 'user_processing', 'extracting_user', '2022-01-08T00:00:00+00:00', '--job-id', '434', '--pool', 'default_pool', '--raw', '--subdir', 'DAGS_FOLDER/user_processing.py', '--cfg-path', '/tmp/tmp0qfcktxl', '--error-file', '/tmp/tmp1ryrr1os']
[2022-03-20 12:48:00,822] {standard_task_runner.py:77} INFO - Job 434: Subtask extracting_user
[2022-03-20 12:48:01,073] {logging_mixin.py:104} INFO - Running <TaskInstance: user_processing.extracting_user 2022-01-08T00:00:00+00:00 [running]> on host airflowvm
[2022-03-20 12:48:01,321] {taskinstance.py:1280} INFO - Exporting the following env vars:
AIRFLOW_CTX_DAG_OWNER=airflow
AIRFLOW_CTX_DAG_ID=user_processing
AIRFLOW_CTX_TASK_ID=extracting_user
AIRFLOW_CTX_EXECUTION_DATE=2022-01-08T00:00:00+00:00
AIRFLOW_CTX_DAG_RUN_ID=scheduled__2022-01-08T00:00:00+00:00
[2022-03-20 12:48:01,322] {http.py:111} INFO - Calling HTTP method
[2022-03-20 12:48:01,340] {base.py:69} INFO - Using connection to: id: user_api. Host: https://randomuser.me/, Port: None, Schema: , Login: , Password: ***, extra: {}
[2022-03-20 12:48:01,344] {http.py:140} INFO - Sending 'GET' to url: https://randomuser.me/api/
[2022-03-20 12:48:02,343] {http.py:115} INFO - {"results":[{"gender":"male","name":{"title":"Mr","first":"Aleksi","last":"Hiltunen"},"location":{"street":{"number":3623,"name":"Fredrikinkatu"},"city":"Sysmä","state":"Pirkanmaa","country":"Finland","postcode":68807,"coordinates":{"latitude":"-5.8641","longitude":"-148.4538"},"timezone":{"offset":"+9:30","description":"Adelaide, Darwin"}},"email":"aleksi.hiltunen@example.com","login":{"uuid":"12e52d8a-6089-43dc-8eb8-683abc37366f","username":"sadleopard472","password":"umbrella","salt":"ybILn1Yb","md5":"ffe91cc2d7bd68b1b7ac37de961b6dd7","sha1":"5183298c80cb61eba0ca5d3fafdce9f4759335c7","sha256":"b84b98bf749625658d82fe7664536844418ee833d670ca9c8384a97144eb9bff"},"dob":{"date":"1973-03-17T09:08:51.453Z","age":49},"registered":{"date":"2006-06-03T13:13:42.200Z","age":16},"phone":"07-724-234","cell":"049-920-24-01","id":{"name":"HETU","value":"NaNNA579undefined"},"picture":{"large":"https://randomuser.me/api/portraits/men/66.jpg","medium":"https://randomuser.me/api/portraits/med/men/66.jpg","thumbnail":"https://randomuser.me/api/portraits/thumb/men/66.jpg"},"nat":"FI"}],"info":{"seed":"39e81a64752f1ea8","results":1,"page":1,"version":"1.3"}}
[2022-03-20 12:48:02,443] {taskinstance.py:1184} INFO - Marking task as SUCCESS. dag_id=user_processing, task_id=extracting_user, execution_date=20220108T000000, start_date=20220320T124800, end_date=20220320T124802
[2022-03-20 12:48:02,598] {taskinstance.py:1245} INFO - 1 downstream tasks scheduled from follow-on schedule check
[2022-03-20 12:48:02,613] {local_task_job.py:151} INFO - Task exited with return code 0
