[2022-03-20 12:57:51,647] {taskinstance.py:876} INFO - Dependencies all met for <TaskInstance: user_processing.is_api_available 2022-01-29T00:00:00+00:00 [queued]>
[2022-03-20 12:57:51,666] {taskinstance.py:876} INFO - Dependencies all met for <TaskInstance: user_processing.is_api_available 2022-01-29T00:00:00+00:00 [queued]>
[2022-03-20 12:57:51,666] {taskinstance.py:1067} INFO - 
--------------------------------------------------------------------------------
[2022-03-20 12:57:51,666] {taskinstance.py:1068} INFO - Starting attempt 1 of 1
[2022-03-20 12:57:51,667] {taskinstance.py:1069} INFO - 
--------------------------------------------------------------------------------
[2022-03-20 12:57:51,857] {taskinstance.py:1087} INFO - Executing <Task(HttpSensor): is_api_available> on 2022-01-29T00:00:00+00:00
[2022-03-20 12:57:51,863] {standard_task_runner.py:52} INFO - Started process 68159 to run task
[2022-03-20 12:57:51,885] {standard_task_runner.py:76} INFO - Running: ['airflow', 'tasks', 'run', 'user_processing', 'is_api_available', '2022-01-29T00:00:00+00:00', '--job-id', '533', '--pool', 'default_pool', '--raw', '--subdir', 'DAGS_FOLDER/user_processing.py', '--cfg-path', '/tmp/tmpb2jivl74', '--error-file', '/tmp/tmp41nglup6']
[2022-03-20 12:57:51,886] {standard_task_runner.py:77} INFO - Job 533: Subtask is_api_available
[2022-03-20 12:57:52,213] {logging_mixin.py:104} INFO - Running <TaskInstance: user_processing.is_api_available 2022-01-29T00:00:00+00:00 [running]> on host airflowvm
[2022-03-20 12:57:52,519] {taskinstance.py:1280} INFO - Exporting the following env vars:
AIRFLOW_CTX_DAG_OWNER=airflow
AIRFLOW_CTX_DAG_ID=user_processing
AIRFLOW_CTX_TASK_ID=is_api_available
AIRFLOW_CTX_EXECUTION_DATE=2022-01-29T00:00:00+00:00
AIRFLOW_CTX_DAG_RUN_ID=scheduled__2022-01-29T00:00:00+00:00
[2022-03-20 12:57:52,520] {http.py:101} INFO - Poking: api/
[2022-03-20 12:57:52,533] {base.py:69} INFO - Using connection to: id: user_api. Host: https://randomuser.me/, Port: None, Schema: , Login: , Password: ***, extra: {}
[2022-03-20 12:57:52,541] {http.py:140} INFO - Sending 'GET' to url: https://randomuser.me/api/
[2022-03-20 12:57:53,103] {base.py:243} INFO - Success criteria met. Exiting.
[2022-03-20 12:57:53,111] {taskinstance.py:1184} INFO - Marking task as SUCCESS. dag_id=user_processing, task_id=is_api_available, execution_date=20220129T000000, start_date=20220320T125751, end_date=20220320T125753
[2022-03-20 12:57:53,428] {taskinstance.py:1245} INFO - 1 downstream tasks scheduled from follow-on schedule check
[2022-03-20 12:57:53,445] {local_task_job.py:151} INFO - Task exited with return code 0
