[2022-03-20 13:26:47,410] {taskinstance.py:876} INFO - Dependencies all met for <TaskInstance: user_processing.extracting_user 2020-02-11T00:00:00+00:00 [queued]>
[2022-03-20 13:26:47,434] {taskinstance.py:876} INFO - Dependencies all met for <TaskInstance: user_processing.extracting_user 2020-02-11T00:00:00+00:00 [queued]>
[2022-03-20 13:26:47,435] {taskinstance.py:1067} INFO - 
--------------------------------------------------------------------------------
[2022-03-20 13:26:47,435] {taskinstance.py:1068} INFO - Starting attempt 2 of 2
[2022-03-20 13:26:47,435] {taskinstance.py:1069} INFO - 
--------------------------------------------------------------------------------
[2022-03-20 13:26:47,475] {taskinstance.py:1087} INFO - Executing <Task(SimpleHttpOperator): extracting_user> on 2020-02-11T00:00:00+00:00
[2022-03-20 13:26:47,480] {standard_task_runner.py:52} INFO - Started process 87669 to run task
[2022-03-20 13:26:47,498] {standard_task_runner.py:76} INFO - Running: ['airflow', 'tasks', 'run', 'user_processing', 'extracting_user', '2020-02-11T00:00:00+00:00', '--job-id', '801', '--pool', 'default_pool', '--raw', '--subdir', 'DAGS_FOLDER/user_processing.py', '--cfg-path', '/tmp/tmpn8e3rveb', '--error-file', '/tmp/tmpj_enuzu5']
[2022-03-20 13:26:47,499] {standard_task_runner.py:77} INFO - Job 801: Subtask extracting_user
[2022-03-20 13:26:47,613] {logging_mixin.py:104} INFO - Running <TaskInstance: user_processing.extracting_user 2020-02-11T00:00:00+00:00 [running]> on host airflowvm
[2022-03-20 13:26:47,802] {taskinstance.py:1280} INFO - Exporting the following env vars:
AIRFLOW_CTX_DAG_OWNER=airflow
AIRFLOW_CTX_DAG_ID=user_processing
AIRFLOW_CTX_TASK_ID=extracting_user
AIRFLOW_CTX_EXECUTION_DATE=2020-02-11T00:00:00+00:00
AIRFLOW_CTX_DAG_RUN_ID=scheduled__2020-02-11T00:00:00+00:00
[2022-03-20 13:26:47,803] {http.py:111} INFO - Calling HTTP method
[2022-03-20 13:26:47,815] {base.py:69} INFO - Using connection to: id: user_api. Host: https://randomuser.me/, Port: None, Schema: , Login: , Password: ***, extra: {}
[2022-03-20 13:26:47,820] {http.py:140} INFO - Sending 'GET' to url: https://randomuser.me/api/
[2022-03-20 13:26:48,261] {http.py:115} INFO - {"results":[{"gender":"male","name":{"title":"Mr","first":"Leroy","last":"Oliver"},"location":{"street":{"number":7200,"name":"Broadway"},"city":"Peterborough","state":"Greater Manchester","country":"United Kingdom","postcode":"UF9Q 0PU","coordinates":{"latitude":"8.6604","longitude":"-60.8676"},"timezone":{"offset":"-1:00","description":"Azores, Cape Verde Islands"}},"email":"leroy.oliver@example.com","login":{"uuid":"9a6b0a60-5747-4cc2-ab97-c5771f68319a","username":"organickoala805","password":"philips","salt":"uBsCVVjO","md5":"5d0ab60c3cf8e67af53bfd57e2b19b01","sha1":"0704f1dfea46282e3598c6ed62bd8a88a5a8ba41","sha256":"83165b66a12689491ab4f8085cf133ea19978bce18d703f2bc48bc73903668f6"},"dob":{"date":"1962-07-03T14:25:26.517Z","age":60},"registered":{"date":"2010-06-14T04:24:00.347Z","age":12},"phone":"016973 14357","cell":"0785-379-590","id":{"name":"NINO","value":"ZE 41 35 16 G"},"picture":{"large":"https://randomuser.me/api/portraits/men/43.jpg","medium":"https://randomuser.me/api/portraits/med/men/43.jpg","thumbnail":"https://randomuser.me/api/portraits/thumb/men/43.jpg"},"nat":"GB"}],"info":{"seed":"5c55479af0f72a25","results":1,"page":1,"version":"1.3"}}
[2022-03-20 13:26:48,313] {taskinstance.py:1184} INFO - Marking task as SUCCESS. dag_id=user_processing, task_id=extracting_user, execution_date=20200211T000000, start_date=20220320T132647, end_date=20220320T132648
[2022-03-20 13:26:48,416] {taskinstance.py:1245} INFO - 1 downstream tasks scheduled from follow-on schedule check
[2022-03-20 13:26:48,441] {local_task_job.py:151} INFO - Task exited with return code 0
