[2022-03-20 12:19:52,857] {taskinstance.py:876} INFO - Dependencies all met for <TaskInstance: user_processing.processing_user 2020-03-01T00:00:00+00:00 [queued]>
[2022-03-20 12:19:52,879] {taskinstance.py:876} INFO - Dependencies all met for <TaskInstance: user_processing.processing_user 2020-03-01T00:00:00+00:00 [queued]>
[2022-03-20 12:19:52,879] {taskinstance.py:1067} INFO - 
--------------------------------------------------------------------------------
[2022-03-20 12:19:52,880] {taskinstance.py:1068} INFO - Starting attempt 1 of 1
[2022-03-20 12:19:52,880] {taskinstance.py:1069} INFO - 
--------------------------------------------------------------------------------
[2022-03-20 12:19:53,123] {taskinstance.py:1087} INFO - Executing <Task(PythonOperator): processing_user> on 2020-03-01T00:00:00+00:00
[2022-03-20 12:19:53,131] {standard_task_runner.py:52} INFO - Started process 48931 to run task
[2022-03-20 12:19:53,147] {standard_task_runner.py:76} INFO - Running: ['airflow', 'tasks', 'run', 'user_processing', 'processing_user', '2020-03-01T00:00:00+00:00', '--job-id', '350', '--pool', 'default_pool', '--raw', '--subdir', 'DAGS_FOLDER/user_processing.py', '--cfg-path', '/tmp/tmpc5nnf1iy', '--error-file', '/tmp/tmp8jl4r4v5']
[2022-03-20 12:19:53,153] {standard_task_runner.py:77} INFO - Job 350: Subtask processing_user
[2022-03-20 12:19:58,274] {logging_mixin.py:104} INFO - Running <TaskInstance: user_processing.processing_user 2020-03-01T00:00:00+00:00 [running]> on host airflowvm
[2022-03-20 12:19:58,457] {taskinstance.py:1280} INFO - Exporting the following env vars:
AIRFLOW_CTX_DAG_OWNER=airflow
AIRFLOW_CTX_DAG_ID=user_processing
AIRFLOW_CTX_TASK_ID=processing_user
AIRFLOW_CTX_EXECUTION_DATE=2020-03-01T00:00:00+00:00
AIRFLOW_CTX_DAG_RUN_ID=scheduled__2020-03-01T00:00:00+00:00
[2022-03-20 12:19:58,488] {python.py:151} INFO - Done. Returned value was: None
[2022-03-20 12:19:58,497] {taskinstance.py:1184} INFO - Marking task as SUCCESS. dag_id=user_processing, task_id=processing_user, execution_date=20200301T000000, start_date=20220320T121952, end_date=20220320T121958
[2022-03-20 12:19:58,588] {taskinstance.py:1245} INFO - 1 downstream tasks scheduled from follow-on schedule check
[2022-03-20 12:19:58,609] {local_task_job.py:151} INFO - Task exited with return code 0
