[2022-03-20 13:04:36,928] {taskinstance.py:876} INFO - Dependencies all met for <TaskInstance: user_processing.storing_user 2022-02-07T00:00:00+00:00 [queued]>
[2022-03-20 13:04:36,947] {taskinstance.py:876} INFO - Dependencies all met for <TaskInstance: user_processing.storing_user 2022-02-07T00:00:00+00:00 [queued]>
[2022-03-20 13:04:36,948] {taskinstance.py:1067} INFO - 
--------------------------------------------------------------------------------
[2022-03-20 13:04:36,948] {taskinstance.py:1068} INFO - Starting attempt 1 of 1
[2022-03-20 13:04:36,948] {taskinstance.py:1069} INFO - 
--------------------------------------------------------------------------------
[2022-03-20 13:04:37,015] {taskinstance.py:1087} INFO - Executing <Task(BashOperator): storing_user> on 2022-02-07T00:00:00+00:00
[2022-03-20 13:04:37,020] {standard_task_runner.py:52} INFO - Started process 71338 to run task
[2022-03-20 13:04:37,035] {standard_task_runner.py:76} INFO - Running: ['airflow', 'tasks', 'run', 'user_processing', 'storing_user', '2022-02-07T00:00:00+00:00', '--job-id', '596', '--pool', 'default_pool', '--raw', '--subdir', 'DAGS_FOLDER/user_processing.py', '--cfg-path', '/tmp/tmper7pebzs', '--error-file', '/tmp/tmpeuz9f100']
[2022-03-20 13:04:37,036] {standard_task_runner.py:77} INFO - Job 596: Subtask storing_user
[2022-03-20 13:04:37,184] {logging_mixin.py:104} INFO - Running <TaskInstance: user_processing.storing_user 2022-02-07T00:00:00+00:00 [running]> on host airflowvm
[2022-03-20 13:04:37,370] {taskinstance.py:1280} INFO - Exporting the following env vars:
AIRFLOW_CTX_DAG_OWNER=airflow
AIRFLOW_CTX_DAG_ID=user_processing
AIRFLOW_CTX_TASK_ID=storing_user
AIRFLOW_CTX_EXECUTION_DATE=2022-02-07T00:00:00+00:00
AIRFLOW_CTX_DAG_RUN_ID=scheduled__2022-02-07T00:00:00+00:00
[2022-03-20 13:04:37,372] {subprocess.py:52} INFO - Tmp dir root location: 
 /tmp
[2022-03-20 13:04:37,372] {subprocess.py:63} INFO - Running command: ['bash', '-c', 'echo -e ".separator ","\n. import /tmp/processed_user.csv users" | sqlite3 /home/airflow/airflow/airflow.db']
[2022-03-20 13:04:37,386] {subprocess.py:75} INFO - Output:
[2022-03-20 13:04:37,446] {subprocess.py:83} INFO - Command exited with return code 0
[2022-03-20 13:04:37,599] {taskinstance.py:1184} INFO - Marking task as SUCCESS. dag_id=user_processing, task_id=storing_user, execution_date=20220207T000000, start_date=20220320T130436, end_date=20220320T130437
[2022-03-20 13:04:37,685] {taskinstance.py:1245} INFO - 0 downstream tasks scheduled from follow-on schedule check
[2022-03-20 13:04:37,732] {local_task_job.py:151} INFO - Task exited with return code 0
