[2022-03-20 13:19:48,777] {taskinstance.py:876} INFO - Dependencies all met for <TaskInstance: user_processing.extracting_user 2022-03-12T00:00:00+00:00 [queued]>
[2022-03-20 13:19:48,795] {taskinstance.py:876} INFO - Dependencies all met for <TaskInstance: user_processing.extracting_user 2022-03-12T00:00:00+00:00 [queued]>
[2022-03-20 13:19:48,796] {taskinstance.py:1067} INFO - 
--------------------------------------------------------------------------------
[2022-03-20 13:19:48,796] {taskinstance.py:1068} INFO - Starting attempt 1 of 1
[2022-03-20 13:19:48,796] {taskinstance.py:1069} INFO - 
--------------------------------------------------------------------------------
[2022-03-20 13:19:48,839] {taskinstance.py:1087} INFO - Executing <Task(SimpleHttpOperator): extracting_user> on 2022-03-12T00:00:00+00:00
[2022-03-20 13:19:48,844] {standard_task_runner.py:52} INFO - Started process 82862 to run task
[2022-03-20 13:19:48,860] {standard_task_runner.py:76} INFO - Running: ['airflow', 'tasks', 'run', 'user_processing', 'extracting_user', '2022-03-12T00:00:00+00:00', '--job-id', '749', '--pool', 'default_pool', '--raw', '--subdir', 'DAGS_FOLDER/user_processing.py', '--cfg-path', '/tmp/tmpzh3o9z06', '--error-file', '/tmp/tmpypek2sac']
[2022-03-20 13:19:48,865] {standard_task_runner.py:77} INFO - Job 749: Subtask extracting_user
[2022-03-20 13:19:48,988] {logging_mixin.py:104} INFO - Running <TaskInstance: user_processing.extracting_user 2022-03-12T00:00:00+00:00 [running]> on host airflowvm
[2022-03-20 13:19:49,132] {taskinstance.py:1280} INFO - Exporting the following env vars:
AIRFLOW_CTX_DAG_OWNER=airflow
AIRFLOW_CTX_DAG_ID=user_processing
AIRFLOW_CTX_TASK_ID=extracting_user
AIRFLOW_CTX_EXECUTION_DATE=2022-03-12T00:00:00+00:00
AIRFLOW_CTX_DAG_RUN_ID=scheduled__2022-03-12T00:00:00+00:00
[2022-03-20 13:19:49,133] {http.py:111} INFO - Calling HTTP method
[2022-03-20 13:19:49,148] {base.py:69} INFO - Using connection to: id: user_api. Host: https://randomuser.me/, Port: None, Schema: , Login: , Password: ***, extra: {}
[2022-03-20 13:19:49,163] {http.py:140} INFO - Sending 'GET' to url: https://randomuser.me/api/
[2022-03-20 13:19:49,652] {http.py:115} INFO - {"results":[{"gender":"female","name":{"title":"Mrs","first":"الینا","last":"كامياران"},"location":{"street":{"number":2675,"name":"میدان قیام"},"city":"اراک","state":"زنجان","country":"Iran","postcode":49406,"coordinates":{"latitude":"30.4162","longitude":"33.2687"},"timezone":{"offset":"-3:30","description":"Newfoundland"}},"email":"lyn.kmyrn@example.com","login":{"uuid":"38654c06-7811-4912-824c-99c5a79987b9","username":"smalllion632","password":"dodge","salt":"FffLdkrl","md5":"987ea02dfe4052d765b9521f24913c07","sha1":"d6e58b143660bc789a553a9eed88f0f993e6ce44","sha256":"11687d057ecbd67702a5346baaefd00c1126ebe501afd93565bbdfa475f1a5b5"},"dob":{"date":"1987-12-06T10:51:50.209Z","age":35},"registered":{"date":"2008-09-04T16:30:58.049Z","age":14},"phone":"045-65476623","cell":"0970-257-8876","id":{"name":"","value":null},"picture":{"large":"https://randomuser.me/api/portraits/women/66.jpg","medium":"https://randomuser.me/api/portraits/med/women/66.jpg","thumbnail":"https://randomuser.me/api/portraits/thumb/women/66.jpg"},"nat":"IR"}],"info":{"seed":"d81a9a1fe5720ff8","results":1,"page":1,"version":"1.3"}}
[2022-03-20 13:19:49,707] {taskinstance.py:1184} INFO - Marking task as SUCCESS. dag_id=user_processing, task_id=extracting_user, execution_date=20220312T000000, start_date=20220320T131948, end_date=20220320T131949
[2022-03-20 13:19:49,809] {taskinstance.py:1245} INFO - 1 downstream tasks scheduled from follow-on schedule check
[2022-03-20 13:19:49,904] {local_task_job.py:151} INFO - Task exited with return code 0
