[2022-03-20 13:05:58,137] {taskinstance.py:876} INFO - Dependencies all met for <TaskInstance: user_processing.processing_user 2022-02-11T00:00:00+00:00 [queued]>
[2022-03-20 13:05:58,161] {taskinstance.py:876} INFO - Dependencies all met for <TaskInstance: user_processing.processing_user 2022-02-11T00:00:00+00:00 [queued]>
[2022-03-20 13:05:58,169] {taskinstance.py:1067} INFO - 
--------------------------------------------------------------------------------
[2022-03-20 13:05:58,170] {taskinstance.py:1068} INFO - Starting attempt 1 of 1
[2022-03-20 13:05:58,170] {taskinstance.py:1069} INFO - 
--------------------------------------------------------------------------------
[2022-03-20 13:05:58,232] {taskinstance.py:1087} INFO - Executing <Task(PythonOperator): processing_user> on 2022-02-11T00:00:00+00:00
[2022-03-20 13:05:58,237] {standard_task_runner.py:52} INFO - Started process 71974 to run task
[2022-03-20 13:05:58,255] {standard_task_runner.py:76} INFO - Running: ['airflow', 'tasks', 'run', 'user_processing', 'processing_user', '2022-02-11T00:00:00+00:00', '--job-id', '610', '--pool', 'default_pool', '--raw', '--subdir', 'DAGS_FOLDER/user_processing.py', '--cfg-path', '/tmp/tmpz8h3oq30', '--error-file', '/tmp/tmp9e9hbv_p']
[2022-03-20 13:05:58,256] {standard_task_runner.py:77} INFO - Job 610: Subtask processing_user
[2022-03-20 13:05:58,434] {logging_mixin.py:104} INFO - Running <TaskInstance: user_processing.processing_user 2022-02-11T00:00:00+00:00 [running]> on host airflowvm
[2022-03-20 13:05:58,605] {taskinstance.py:1280} INFO - Exporting the following env vars:
AIRFLOW_CTX_DAG_OWNER=airflow
AIRFLOW_CTX_DAG_ID=user_processing
AIRFLOW_CTX_TASK_ID=processing_user
AIRFLOW_CTX_EXECUTION_DATE=2022-02-11T00:00:00+00:00
AIRFLOW_CTX_DAG_RUN_ID=scheduled__2022-02-11T00:00:00+00:00
[2022-03-20 13:05:58,631] {python.py:151} INFO - Done. Returned value was: None
[2022-03-20 13:05:58,637] {taskinstance.py:1184} INFO - Marking task as SUCCESS. dag_id=user_processing, task_id=processing_user, execution_date=20220211T000000, start_date=20220320T130558, end_date=20220320T130558
[2022-03-20 13:05:58,717] {taskinstance.py:1245} INFO - 1 downstream tasks scheduled from follow-on schedule check
[2022-03-20 13:05:58,746] {local_task_job.py:151} INFO - Task exited with return code 0
