[2022-03-20 13:08:36,254] {taskinstance.py:876} INFO - Dependencies all met for <TaskInstance: user_processing.extracting_user 2022-02-17T00:00:00+00:00 [queued]>
[2022-03-20 13:08:36,301] {taskinstance.py:876} INFO - Dependencies all met for <TaskInstance: user_processing.extracting_user 2022-02-17T00:00:00+00:00 [queued]>
[2022-03-20 13:08:36,303] {taskinstance.py:1067} INFO - 
--------------------------------------------------------------------------------
[2022-03-20 13:08:36,303] {taskinstance.py:1068} INFO - Starting attempt 1 of 1
[2022-03-20 13:08:36,303] {taskinstance.py:1069} INFO - 
--------------------------------------------------------------------------------
[2022-03-20 13:08:36,370] {taskinstance.py:1087} INFO - Executing <Task(SimpleHttpOperator): extracting_user> on 2022-02-17T00:00:00+00:00
[2022-03-20 13:08:36,395] {standard_task_runner.py:52} INFO - Started process 73639 to run task
[2022-03-20 13:08:36,436] {standard_task_runner.py:76} INFO - Running: ['airflow', 'tasks', 'run', 'user_processing', 'extracting_user', '2022-02-17T00:00:00+00:00', '--job-id', '634', '--pool', 'default_pool', '--raw', '--subdir', 'DAGS_FOLDER/user_processing.py', '--cfg-path', '/tmp/tmp2u_b1nih', '--error-file', '/tmp/tmp2mwvczen']
[2022-03-20 13:08:36,439] {standard_task_runner.py:77} INFO - Job 634: Subtask extracting_user
[2022-03-20 13:08:36,838] {logging_mixin.py:104} INFO - Running <TaskInstance: user_processing.extracting_user 2022-02-17T00:00:00+00:00 [running]> on host airflowvm
[2022-03-20 13:08:37,291] {taskinstance.py:1280} INFO - Exporting the following env vars:
AIRFLOW_CTX_DAG_OWNER=airflow
AIRFLOW_CTX_DAG_ID=user_processing
AIRFLOW_CTX_TASK_ID=extracting_user
AIRFLOW_CTX_EXECUTION_DATE=2022-02-17T00:00:00+00:00
AIRFLOW_CTX_DAG_RUN_ID=scheduled__2022-02-17T00:00:00+00:00
[2022-03-20 13:08:37,292] {http.py:111} INFO - Calling HTTP method
[2022-03-20 13:08:37,304] {base.py:69} INFO - Using connection to: id: user_api. Host: https://randomuser.me/, Port: None, Schema: , Login: , Password: ***, extra: {}
[2022-03-20 13:08:37,309] {http.py:140} INFO - Sending 'GET' to url: https://randomuser.me/api/
[2022-03-20 13:08:37,726] {http.py:115} INFO - {"results":[{"gender":"male","name":{"title":"Mr","first":"Tomás","last":"Carvalho"},"location":{"street":{"number":5022,"name":"Rua Dom Pedro Ii "},"city":"Maranguape","state":"Sergipe","country":"Brazil","postcode":75759,"coordinates":{"latitude":"-74.2575","longitude":"-163.6450"},"timezone":{"offset":"+9:00","description":"Tokyo, Seoul, Osaka, Sapporo, Yakutsk"}},"email":"tomas.carvalho@example.com","login":{"uuid":"e2e848eb-1271-4c34-9f38-7458f92f9970","username":"brownlion502","password":"zerocool","salt":"fjCdVnpe","md5":"d904555e6af94ed45d2cc32e882cfb51","sha1":"d8a314d3dcca592c6af253cbc8fe526fd54672a2","sha256":"fa1c679e1542bfe737650d6b8713faf433667100d7e3a338015ac8594934e50a"},"dob":{"date":"1958-11-01T12:26:37.170Z","age":64},"registered":{"date":"2008-08-06T09:19:26.415Z","age":14},"phone":"(96) 1965-4050","cell":"(21) 2333-8019","id":{"name":"","value":null},"picture":{"large":"https://randomuser.me/api/portraits/men/53.jpg","medium":"https://randomuser.me/api/portraits/med/men/53.jpg","thumbnail":"https://randomuser.me/api/portraits/thumb/men/53.jpg"},"nat":"BR"}],"info":{"seed":"cd5a5d57258ea240","results":1,"page":1,"version":"1.3"}}
[2022-03-20 13:08:37,782] {taskinstance.py:1184} INFO - Marking task as SUCCESS. dag_id=user_processing, task_id=extracting_user, execution_date=20220217T000000, start_date=20220320T130836, end_date=20220320T130837
[2022-03-20 13:08:37,887] {taskinstance.py:1245} INFO - 1 downstream tasks scheduled from follow-on schedule check
[2022-03-20 13:08:37,926] {local_task_job.py:151} INFO - Task exited with return code 0
