[2022-03-21 05:08:12,963] {taskinstance.py:876} INFO - Dependencies all met for <TaskInstance: user_processing.extracting_user 2022-02-17T00:00:00+00:00 [queued]>
[2022-03-21 05:08:12,987] {taskinstance.py:876} INFO - Dependencies all met for <TaskInstance: user_processing.extracting_user 2022-02-17T00:00:00+00:00 [queued]>
[2022-03-21 05:08:12,994] {taskinstance.py:1067} INFO - 
--------------------------------------------------------------------------------
[2022-03-21 05:08:12,994] {taskinstance.py:1068} INFO - Starting attempt 2 of 2
[2022-03-21 05:08:12,994] {taskinstance.py:1069} INFO - 
--------------------------------------------------------------------------------
[2022-03-21 05:08:13,031] {taskinstance.py:1087} INFO - Executing <Task(SimpleHttpOperator): extracting_user> on 2022-02-17T00:00:00+00:00
[2022-03-21 05:08:13,034] {standard_task_runner.py:52} INFO - Started process 3912 to run task
[2022-03-21 05:08:13,061] {standard_task_runner.py:76} INFO - Running: ['airflow', 'tasks', 'run', 'user_processing', 'extracting_user', '2022-02-17T00:00:00+00:00', '--job-id', '1059', '--pool', 'default_pool', '--raw', '--subdir', 'DAGS_FOLDER/user_processing.py', '--cfg-path', '/tmp/tmphz8ta1md', '--error-file', '/tmp/tmp430mqzt9']
[2022-03-21 05:08:13,073] {standard_task_runner.py:77} INFO - Job 1059: Subtask extracting_user
[2022-03-21 05:08:13,204] {logging_mixin.py:104} INFO - Running <TaskInstance: user_processing.extracting_user 2022-02-17T00:00:00+00:00 [running]> on host airflowvm
[2022-03-21 05:08:13,393] {taskinstance.py:1280} INFO - Exporting the following env vars:
AIRFLOW_CTX_DAG_OWNER=airflow
AIRFLOW_CTX_DAG_ID=user_processing
AIRFLOW_CTX_TASK_ID=extracting_user
AIRFLOW_CTX_EXECUTION_DATE=2022-02-17T00:00:00+00:00
AIRFLOW_CTX_DAG_RUN_ID=scheduled__2022-02-17T00:00:00+00:00
[2022-03-21 05:08:13,394] {http.py:111} INFO - Calling HTTP method
[2022-03-21 05:08:13,404] {base.py:69} INFO - Using connection to: id: user_api. Host: https://randomuser.me/, Port: None, Schema: , Login: , Password: ***, extra: {}
[2022-03-21 05:08:13,410] {http.py:140} INFO - Sending 'GET' to url: https://randomuser.me/api/
[2022-03-21 05:08:13,836] {http.py:115} INFO - {"results":[{"gender":"female","name":{"title":"Mrs","first":"Olga","last":"Gallardo"},"location":{"street":{"number":8440,"name":"Ronda de Toledo"},"city":"Orihuela","state":"Navarra","country":"Spain","postcode":14029,"coordinates":{"latitude":"-24.0277","longitude":"145.5483"},"timezone":{"offset":"+4:00","description":"Abu Dhabi, Muscat, Baku, Tbilisi"}},"email":"olga.gallardo@example.com","login":{"uuid":"c469df9e-019d-48cc-9b79-9e23dcce8055","username":"orangemeercat940","password":"horse","salt":"eJ2FWWZQ","md5":"ca8bd5802e831e83f3c08c617919a7da","sha1":"16f310bdd2194b56f9a3267ee58f6d0ea706d6f3","sha256":"16ccc639651ddf4e73d6a340f24e631f5099afbb8756c405df66738ec5bf67e6"},"dob":{"date":"1953-06-22T08:44:06.111Z","age":69},"registered":{"date":"2005-08-18T02:15:29.411Z","age":17},"phone":"977-850-330","cell":"614-318-113","id":{"name":"DNI","value":"94528447-Q"},"picture":{"large":"https://randomuser.me/api/portraits/women/84.jpg","medium":"https://randomuser.me/api/portraits/med/women/84.jpg","thumbnail":"https://randomuser.me/api/portraits/thumb/women/84.jpg"},"nat":"ES"}],"info":{"seed":"25064b28a3155221","results":1,"page":1,"version":"1.3"}}
[2022-03-21 05:08:13,897] {taskinstance.py:1184} INFO - Marking task as SUCCESS. dag_id=user_processing, task_id=extracting_user, execution_date=20220217T000000, start_date=20220321T050812, end_date=20220321T050813
[2022-03-21 05:08:14,531] {taskinstance.py:1245} INFO - 1 downstream tasks scheduled from follow-on schedule check
[2022-03-21 05:08:14,551] {local_task_job.py:151} INFO - Task exited with return code 0
