[2022-03-20 12:55:38,978] {taskinstance.py:876} INFO - Dependencies all met for <TaskInstance: user_processing.extracting_user 2022-01-23T00:00:00+00:00 [queued]>
[2022-03-20 12:55:38,992] {taskinstance.py:876} INFO - Dependencies all met for <TaskInstance: user_processing.extracting_user 2022-01-23T00:00:00+00:00 [queued]>
[2022-03-20 12:55:38,993] {taskinstance.py:1067} INFO - 
--------------------------------------------------------------------------------
[2022-03-20 12:55:38,993] {taskinstance.py:1068} INFO - Starting attempt 1 of 1
[2022-03-20 12:55:38,993] {taskinstance.py:1069} INFO - 
--------------------------------------------------------------------------------
[2022-03-20 12:55:39,221] {taskinstance.py:1087} INFO - Executing <Task(SimpleHttpOperator): extracting_user> on 2022-01-23T00:00:00+00:00
[2022-03-20 12:55:39,235] {standard_task_runner.py:52} INFO - Started process 67131 to run task
[2022-03-20 12:55:39,280] {standard_task_runner.py:76} INFO - Running: ['airflow', 'tasks', 'run', 'user_processing', 'extracting_user', '2022-01-23T00:00:00+00:00', '--job-id', '509', '--pool', 'default_pool', '--raw', '--subdir', 'DAGS_FOLDER/user_processing.py', '--cfg-path', '/tmp/tmp_mk1kz4t', '--error-file', '/tmp/tmp97o4c298']
[2022-03-20 12:55:39,300] {standard_task_runner.py:77} INFO - Job 509: Subtask extracting_user
[2022-03-20 12:55:40,002] {logging_mixin.py:104} INFO - Running <TaskInstance: user_processing.extracting_user 2022-01-23T00:00:00+00:00 [running]> on host airflowvm
[2022-03-20 12:55:40,321] {taskinstance.py:1280} INFO - Exporting the following env vars:
AIRFLOW_CTX_DAG_OWNER=airflow
AIRFLOW_CTX_DAG_ID=user_processing
AIRFLOW_CTX_TASK_ID=extracting_user
AIRFLOW_CTX_EXECUTION_DATE=2022-01-23T00:00:00+00:00
AIRFLOW_CTX_DAG_RUN_ID=scheduled__2022-01-23T00:00:00+00:00
[2022-03-20 12:55:40,331] {http.py:111} INFO - Calling HTTP method
[2022-03-20 12:55:40,352] {base.py:69} INFO - Using connection to: id: user_api. Host: https://randomuser.me/, Port: None, Schema: , Login: , Password: ***, extra: {}
[2022-03-20 12:55:40,361] {http.py:140} INFO - Sending 'GET' to url: https://randomuser.me/api/
[2022-03-20 12:55:41,032] {http.py:115} INFO - {"results":[{"gender":"male","name":{"title":"Monsieur","first":"Fabrice","last":"Roy"},"location":{"street":{"number":1252,"name":"Place du 22 Novembre 1943"},"city":"Gruyères","state":"Bern","country":"Switzerland","postcode":8156,"coordinates":{"latitude":"-47.7125","longitude":"-7.5895"},"timezone":{"offset":"+7:00","description":"Bangkok, Hanoi, Jakarta"}},"email":"fabrice.roy@example.com","login":{"uuid":"4fd24538-fd8b-47fa-85ec-2922c426042a","username":"tinypeacock258","password":"fluffy","salt":"02GUE8QG","md5":"19b636d5f7927a20843dfc44dfd45a8a","sha1":"110d6092346f62f58071210765f5b67ebad40c77","sha256":"c9303030d6a69fec50b4f55e2eeb370f9239344071c124dddb333c88231d0e43"},"dob":{"date":"1976-04-05T17:27:27.150Z","age":46},"registered":{"date":"2004-08-14T19:21:50.699Z","age":18},"phone":"076 140 31 61","cell":"075 985 52 37","id":{"name":"AVS","value":"756.0129.6020.05"},"picture":{"large":"https://randomuser.me/api/portraits/men/16.jpg","medium":"https://randomuser.me/api/portraits/med/men/16.jpg","thumbnail":"https://randomuser.me/api/portraits/thumb/men/16.jpg"},"nat":"CH"}],"info":{"seed":"ddbc4e98291e2c74","results":1,"page":1,"version":"1.3"}}
[2022-03-20 12:55:41,075] {taskinstance.py:1184} INFO - Marking task as SUCCESS. dag_id=user_processing, task_id=extracting_user, execution_date=20220123T000000, start_date=20220320T125538, end_date=20220320T125541
[2022-03-20 12:55:41,211] {taskinstance.py:1245} INFO - 1 downstream tasks scheduled from follow-on schedule check
[2022-03-20 12:55:41,229] {local_task_job.py:151} INFO - Task exited with return code 0
