[2022-03-20 10:34:08,954] {taskinstance.py:876} INFO - Dependencies all met for <TaskInstance: user_processing.is_api_available 2022-03-20T08:23:59.186139+00:00 [queued]>
[2022-03-20 10:34:08,965] {taskinstance.py:876} INFO - Dependencies all met for <TaskInstance: user_processing.is_api_available 2022-03-20T08:23:59.186139+00:00 [queued]>
[2022-03-20 10:34:08,966] {taskinstance.py:1067} INFO - 
--------------------------------------------------------------------------------
[2022-03-20 10:34:08,966] {taskinstance.py:1068} INFO - Starting attempt 2 of 2
[2022-03-20 10:34:08,966] {taskinstance.py:1069} INFO - 
--------------------------------------------------------------------------------
[2022-03-20 10:34:09,100] {taskinstance.py:1087} INFO - Executing <Task(HttpSensor): is_api_available> on 2022-03-20T08:23:59.186139+00:00
[2022-03-20 10:34:09,104] {standard_task_runner.py:52} INFO - Started process 19054 to run task
[2022-03-20 10:34:09,125] {standard_task_runner.py:76} INFO - Running: ['airflow', 'tasks', 'run', 'user_processing', 'is_api_available', '2022-03-20T08:23:59.186139+00:00', '--job-id', '21', '--pool', 'default_pool', '--raw', '--subdir', 'DAGS_FOLDER/user_processing.py', '--cfg-path', '/tmp/tmpb1k_yu41', '--error-file', '/tmp/tmpl1lrb8od']
[2022-03-20 10:34:09,126] {standard_task_runner.py:77} INFO - Job 21: Subtask is_api_available
[2022-03-20 10:34:09,478] {logging_mixin.py:104} INFO - Running <TaskInstance: user_processing.is_api_available 2022-03-20T08:23:59.186139+00:00 [running]> on host airflowvm
[2022-03-20 10:34:09,661] {taskinstance.py:1280} INFO - Exporting the following env vars:
AIRFLOW_CTX_DAG_OWNER=airflow
AIRFLOW_CTX_DAG_ID=user_processing
AIRFLOW_CTX_TASK_ID=is_api_available
AIRFLOW_CTX_EXECUTION_DATE=2022-03-20T08:23:59.186139+00:00
AIRFLOW_CTX_DAG_RUN_ID=manual__2022-03-20T08:23:59.186139+00:00
[2022-03-20 10:34:09,662] {http.py:101} INFO - Poking: api/
[2022-03-20 10:34:09,682] {base.py:69} INFO - Using connection to: id: user_api. Host: https://randomuser.me/, Port: None, Schema: , Login: , Password: ***, extra: {}
[2022-03-20 10:34:09,692] {http.py:140} INFO - Sending 'GET' to url: https://randomuser.me/api/
[2022-03-20 10:34:10,342] {base.py:243} INFO - Success criteria met. Exiting.
[2022-03-20 10:34:10,371] {taskinstance.py:1184} INFO - Marking task as SUCCESS. dag_id=user_processing, task_id=is_api_available, execution_date=20220320T082359, start_date=20220320T103408, end_date=20220320T103410
[2022-03-20 10:34:10,732] {taskinstance.py:1245} INFO - 1 downstream tasks scheduled from follow-on schedule check
[2022-03-20 10:34:10,776] {local_task_job.py:151} INFO - Task exited with return code 0
