[2022-03-20 14:15:38,098] {taskinstance.py:876} INFO - Dependencies all met for <TaskInstance: user_processing.extracting_user 2022-02-20T00:00:00+00:00 [queued]>
[2022-03-20 14:15:38,262] {taskinstance.py:876} INFO - Dependencies all met for <TaskInstance: user_processing.extracting_user 2022-02-20T00:00:00+00:00 [queued]>
[2022-03-20 14:15:38,263] {taskinstance.py:1067} INFO - 
--------------------------------------------------------------------------------
[2022-03-20 14:15:38,264] {taskinstance.py:1068} INFO - Starting attempt 2 of 2
[2022-03-20 14:15:38,267] {taskinstance.py:1069} INFO - 
--------------------------------------------------------------------------------
[2022-03-20 14:15:38,526] {taskinstance.py:1087} INFO - Executing <Task(SimpleHttpOperator): extracting_user> on 2022-02-20T00:00:00+00:00
[2022-03-20 14:15:38,538] {standard_task_runner.py:52} INFO - Started process 105627 to run task
[2022-03-20 14:15:38,606] {standard_task_runner.py:76} INFO - Running: ['airflow', 'tasks', 'run', 'user_processing', 'extracting_user', '2022-02-20T00:00:00+00:00', '--job-id', '1011', '--pool', 'default_pool', '--raw', '--subdir', 'DAGS_FOLDER/user_processing.py', '--cfg-path', '/tmp/tmpcmskfe0b', '--error-file', '/tmp/tmpdoxd6d2m']
[2022-03-20 14:15:38,608] {standard_task_runner.py:77} INFO - Job 1011: Subtask extracting_user
[2022-03-20 14:15:39,137] {logging_mixin.py:104} INFO - Running <TaskInstance: user_processing.extracting_user 2022-02-20T00:00:00+00:00 [running]> on host airflowvm
[2022-03-20 14:15:40,039] {taskinstance.py:1280} INFO - Exporting the following env vars:
AIRFLOW_CTX_DAG_OWNER=airflow
AIRFLOW_CTX_DAG_ID=user_processing
AIRFLOW_CTX_TASK_ID=extracting_user
AIRFLOW_CTX_EXECUTION_DATE=2022-02-20T00:00:00+00:00
AIRFLOW_CTX_DAG_RUN_ID=scheduled__2022-02-20T00:00:00+00:00
[2022-03-20 14:15:40,040] {http.py:111} INFO - Calling HTTP method
[2022-03-20 14:15:40,055] {base.py:69} INFO - Using connection to: id: user_api. Host: https://randomuser.me/, Port: None, Schema: , Login: , Password: ***, extra: {}
[2022-03-20 14:15:40,060] {http.py:140} INFO - Sending 'GET' to url: https://randomuser.me/api/
[2022-03-20 14:15:40,641] {http.py:115} INFO - {"results":[{"gender":"female","name":{"title":"Miss","first":"Tessa","last":"Richard"},"location":{"street":{"number":2144,"name":"Place de L'Abbé-Georges-Hénocque"},"city":"Nîmes","state":"Vendée","country":"France","postcode":98783,"coordinates":{"latitude":"-2.1072","longitude":"84.1863"},"timezone":{"offset":"-12:00","description":"Eniwetok, Kwajalein"}},"email":"tessa.richard@example.com","login":{"uuid":"fd40339f-f99a-455b-be2c-82bcacf31981","username":"smallleopard252","password":"benito","salt":"JKNxuR84","md5":"f1a78652132f9eef714b6a16980268a6","sha1":"f91b8f3a406dc3423b267b5db15661dacc2761f0","sha256":"214b37a45d71aa8cf88d95f01ffc98f33e32a221dc851a8f8baea5c80c88f7a9"},"dob":{"date":"1984-11-25T06:54:06.895Z","age":38},"registered":{"date":"2015-09-01T20:08:09.165Z","age":7},"phone":"04-92-05-51-81","cell":"06-22-10-79-41","id":{"name":"INSEE","value":"2NNaN53941800 07"},"picture":{"large":"https://randomuser.me/api/portraits/women/63.jpg","medium":"https://randomuser.me/api/portraits/med/women/63.jpg","thumbnail":"https://randomuser.me/api/portraits/thumb/women/63.jpg"},"nat":"FR"}],"info":{"seed":"1fa9efcf54aa3f99","results":1,"page":1,"version":"1.3"}}
[2022-03-20 14:15:40,779] {taskinstance.py:1184} INFO - Marking task as SUCCESS. dag_id=user_processing, task_id=extracting_user, execution_date=20220220T000000, start_date=20220320T141538, end_date=20220320T141540
[2022-03-20 14:15:40,879] {taskinstance.py:1245} INFO - 0 downstream tasks scheduled from follow-on schedule check
[2022-03-20 14:15:40,912] {local_task_job.py:151} INFO - Task exited with return code 0
