[2022-03-20 13:27:33,139] {taskinstance.py:876} INFO - Dependencies all met for <TaskInstance: user_processing.extracting_user 2020-03-10T00:00:00+00:00 [queued]>
[2022-03-20 13:27:33,161] {taskinstance.py:876} INFO - Dependencies all met for <TaskInstance: user_processing.extracting_user 2020-03-10T00:00:00+00:00 [queued]>
[2022-03-20 13:27:33,162] {taskinstance.py:1067} INFO - 
--------------------------------------------------------------------------------
[2022-03-20 13:27:33,162] {taskinstance.py:1068} INFO - Starting attempt 2 of 2
[2022-03-20 13:27:33,162] {taskinstance.py:1069} INFO - 
--------------------------------------------------------------------------------
[2022-03-20 13:27:33,205] {taskinstance.py:1087} INFO - Executing <Task(SimpleHttpOperator): extracting_user> on 2020-03-10T00:00:00+00:00
[2022-03-20 13:27:33,211] {standard_task_runner.py:52} INFO - Started process 88217 to run task
[2022-03-20 13:27:33,245] {standard_task_runner.py:76} INFO - Running: ['airflow', 'tasks', 'run', 'user_processing', 'extracting_user', '2020-03-10T00:00:00+00:00', '--job-id', '808', '--pool', 'default_pool', '--raw', '--subdir', 'DAGS_FOLDER/user_processing.py', '--cfg-path', '/tmp/tmpob6p2n2v', '--error-file', '/tmp/tmpw_mdtkyh']
[2022-03-20 13:27:33,247] {standard_task_runner.py:77} INFO - Job 808: Subtask extracting_user
[2022-03-20 13:27:33,383] {logging_mixin.py:104} INFO - Running <TaskInstance: user_processing.extracting_user 2020-03-10T00:00:00+00:00 [running]> on host airflowvm
[2022-03-20 13:27:33,563] {taskinstance.py:1280} INFO - Exporting the following env vars:
AIRFLOW_CTX_DAG_OWNER=airflow
AIRFLOW_CTX_DAG_ID=user_processing
AIRFLOW_CTX_TASK_ID=extracting_user
AIRFLOW_CTX_EXECUTION_DATE=2020-03-10T00:00:00+00:00
AIRFLOW_CTX_DAG_RUN_ID=scheduled__2020-03-10T00:00:00+00:00
[2022-03-20 13:27:33,564] {http.py:111} INFO - Calling HTTP method
[2022-03-20 13:27:33,575] {base.py:69} INFO - Using connection to: id: user_api. Host: https://randomuser.me/, Port: None, Schema: , Login: , Password: ***, extra: {}
[2022-03-20 13:27:33,580] {http.py:140} INFO - Sending 'GET' to url: https://randomuser.me/api/
[2022-03-20 13:27:33,991] {http.py:115} INFO - {"results":[{"gender":"female","name":{"title":"Mrs","first":"Pascale","last":"Ehlers"},"location":{"street":{"number":2609,"name":"Im Winkel"},"city":"Fulda","state":"Sachsen","country":"Germany","postcode":81197,"coordinates":{"latitude":"-46.9169","longitude":"124.8098"},"timezone":{"offset":"-10:00","description":"Hawaii"}},"email":"pascale.ehlers@example.com","login":{"uuid":"c261464c-c394-4517-97ad-f616ad562171","username":"ticklishzebra488","password":"nichole","salt":"nLsugCeC","md5":"f3af3f995d768bc3c24e77b02442281e","sha1":"8187d94a706671c6bf0de1e830a05477f9f9f32a","sha256":"88e2767d08ea2498fdac924fb2e33ccd06cd5ab0768b6a951c3b3c6f0330e8c9"},"dob":{"date":"1948-03-18T06:34:10.502Z","age":74},"registered":{"date":"2009-05-08T10:20:40.345Z","age":13},"phone":"0834-1041865","cell":"0175-8230141","id":{"name":"","value":null},"picture":{"large":"https://randomuser.me/api/portraits/women/65.jpg","medium":"https://randomuser.me/api/portraits/med/women/65.jpg","thumbnail":"https://randomuser.me/api/portraits/thumb/women/65.jpg"},"nat":"DE"}],"info":{"seed":"e81efc291cd27044","results":1,"page":1,"version":"1.3"}}
[2022-03-20 13:27:34,045] {taskinstance.py:1184} INFO - Marking task as SUCCESS. dag_id=user_processing, task_id=extracting_user, execution_date=20200310T000000, start_date=20220320T132733, end_date=20220320T132734
[2022-03-20 13:27:34,125] {taskinstance.py:1245} INFO - 1 downstream tasks scheduled from follow-on schedule check
[2022-03-20 13:27:34,150] {local_task_job.py:151} INFO - Task exited with return code 0
