[2022-03-20 13:11:58,191] {taskinstance.py:876} INFO - Dependencies all met for <TaskInstance: user_processing.processing_user 2022-02-23T00:00:00+00:00 [queued]>
[2022-03-20 13:11:58,212] {taskinstance.py:876} INFO - Dependencies all met for <TaskInstance: user_processing.processing_user 2022-02-23T00:00:00+00:00 [queued]>
[2022-03-20 13:11:58,212] {taskinstance.py:1067} INFO - 
--------------------------------------------------------------------------------
[2022-03-20 13:11:58,213] {taskinstance.py:1068} INFO - Starting attempt 1 of 1
[2022-03-20 13:11:58,213] {taskinstance.py:1069} INFO - 
--------------------------------------------------------------------------------
[2022-03-20 13:11:58,254] {taskinstance.py:1087} INFO - Executing <Task(PythonOperator): processing_user> on 2022-02-23T00:00:00+00:00
[2022-03-20 13:11:58,259] {standard_task_runner.py:52} INFO - Started process 76437 to run task
[2022-03-20 13:11:58,279] {standard_task_runner.py:76} INFO - Running: ['airflow', 'tasks', 'run', 'user_processing', 'processing_user', '2022-02-23T00:00:00+00:00', '--job-id', '670', '--pool', 'default_pool', '--raw', '--subdir', 'DAGS_FOLDER/user_processing.py', '--cfg-path', '/tmp/tmpowu37gq2', '--error-file', '/tmp/tmprvst9tut']
[2022-03-20 13:11:58,281] {standard_task_runner.py:77} INFO - Job 670: Subtask processing_user
[2022-03-20 13:11:58,426] {logging_mixin.py:104} INFO - Running <TaskInstance: user_processing.processing_user 2022-02-23T00:00:00+00:00 [running]> on host airflowvm
[2022-03-20 13:11:58,586] {taskinstance.py:1280} INFO - Exporting the following env vars:
AIRFLOW_CTX_DAG_OWNER=airflow
AIRFLOW_CTX_DAG_ID=user_processing
AIRFLOW_CTX_TASK_ID=processing_user
AIRFLOW_CTX_EXECUTION_DATE=2022-02-23T00:00:00+00:00
AIRFLOW_CTX_DAG_RUN_ID=scheduled__2022-02-23T00:00:00+00:00
[2022-03-20 13:11:58,613] {python.py:151} INFO - Done. Returned value was: None
[2022-03-20 13:11:58,620] {taskinstance.py:1184} INFO - Marking task as SUCCESS. dag_id=user_processing, task_id=processing_user, execution_date=20220223T000000, start_date=20220320T131158, end_date=20220320T131158
[2022-03-20 13:11:58,697] {taskinstance.py:1245} INFO - 1 downstream tasks scheduled from follow-on schedule check
[2022-03-20 13:11:58,737] {local_task_job.py:151} INFO - Task exited with return code 0
