[2022-03-20 13:08:43,186] {taskinstance.py:876} INFO - Dependencies all met for <TaskInstance: user_processing.processing_user 2022-02-16T00:00:00+00:00 [queued]>
[2022-03-20 13:08:43,204] {taskinstance.py:876} INFO - Dependencies all met for <TaskInstance: user_processing.processing_user 2022-02-16T00:00:00+00:00 [queued]>
[2022-03-20 13:08:43,205] {taskinstance.py:1067} INFO - 
--------------------------------------------------------------------------------
[2022-03-20 13:08:43,205] {taskinstance.py:1068} INFO - Starting attempt 1 of 1
[2022-03-20 13:08:43,205] {taskinstance.py:1069} INFO - 
--------------------------------------------------------------------------------
[2022-03-20 13:08:43,244] {taskinstance.py:1087} INFO - Executing <Task(PythonOperator): processing_user> on 2022-02-16T00:00:00+00:00
[2022-03-20 13:08:43,248] {standard_task_runner.py:52} INFO - Started process 73746 to run task
[2022-03-20 13:08:43,267] {standard_task_runner.py:76} INFO - Running: ['airflow', 'tasks', 'run', 'user_processing', 'processing_user', '2022-02-16T00:00:00+00:00', '--job-id', '635', '--pool', 'default_pool', '--raw', '--subdir', 'DAGS_FOLDER/user_processing.py', '--cfg-path', '/tmp/tmp9tl3zmd7', '--error-file', '/tmp/tmp58g7s8sc']
[2022-03-20 13:08:43,268] {standard_task_runner.py:77} INFO - Job 635: Subtask processing_user
[2022-03-20 13:08:43,396] {logging_mixin.py:104} INFO - Running <TaskInstance: user_processing.processing_user 2022-02-16T00:00:00+00:00 [running]> on host airflowvm
[2022-03-20 13:08:43,574] {taskinstance.py:1280} INFO - Exporting the following env vars:
AIRFLOW_CTX_DAG_OWNER=airflow
AIRFLOW_CTX_DAG_ID=user_processing
AIRFLOW_CTX_TASK_ID=processing_user
AIRFLOW_CTX_EXECUTION_DATE=2022-02-16T00:00:00+00:00
AIRFLOW_CTX_DAG_RUN_ID=scheduled__2022-02-16T00:00:00+00:00
[2022-03-20 13:08:43,609] {python.py:151} INFO - Done. Returned value was: None
[2022-03-20 13:08:43,615] {taskinstance.py:1184} INFO - Marking task as SUCCESS. dag_id=user_processing, task_id=processing_user, execution_date=20220216T000000, start_date=20220320T130843, end_date=20220320T130843
[2022-03-20 13:08:43,706] {taskinstance.py:1245} INFO - 1 downstream tasks scheduled from follow-on schedule check
[2022-03-20 13:08:43,725] {local_task_job.py:151} INFO - Task exited with return code 0
