[2022-03-20 11:56:43,391] {taskinstance.py:876} INFO - Dependencies all met for <TaskInstance: user_processing.extracting_user 2020-01-14T00:00:00+00:00 [queued]>
[2022-03-20 11:56:43,410] {taskinstance.py:876} INFO - Dependencies all met for <TaskInstance: user_processing.extracting_user 2020-01-14T00:00:00+00:00 [queued]>
[2022-03-20 11:56:43,410] {taskinstance.py:1067} INFO - 
--------------------------------------------------------------------------------
[2022-03-20 11:56:43,410] {taskinstance.py:1068} INFO - Starting attempt 1 of 1
[2022-03-20 11:56:43,411] {taskinstance.py:1069} INFO - 
--------------------------------------------------------------------------------
[2022-03-20 11:56:43,450] {taskinstance.py:1087} INFO - Executing <Task(SimpleHttpOperator): extracting_user> on 2020-01-14T00:00:00+00:00
[2022-03-20 11:56:43,455] {standard_task_runner.py:52} INFO - Started process 31591 to run task
[2022-03-20 11:56:43,469] {standard_task_runner.py:76} INFO - Running: ['airflow', 'tasks', 'run', 'user_processing', 'extracting_user', '2020-01-14T00:00:00+00:00', '--job-id', '109', '--pool', 'default_pool', '--raw', '--subdir', 'DAGS_FOLDER/user_processing.py', '--cfg-path', '/tmp/tmpclla4rsj', '--error-file', '/tmp/tmp63fgdeiu']
[2022-03-20 11:56:43,474] {standard_task_runner.py:77} INFO - Job 109: Subtask extracting_user
[2022-03-20 11:56:43,594] {logging_mixin.py:104} INFO - Running <TaskInstance: user_processing.extracting_user 2020-01-14T00:00:00+00:00 [running]> on host airflowvm
[2022-03-20 11:56:43,715] {taskinstance.py:1280} INFO - Exporting the following env vars:
AIRFLOW_CTX_DAG_OWNER=airflow
AIRFLOW_CTX_DAG_ID=user_processing
AIRFLOW_CTX_TASK_ID=extracting_user
AIRFLOW_CTX_EXECUTION_DATE=2020-01-14T00:00:00+00:00
AIRFLOW_CTX_DAG_RUN_ID=scheduled__2020-01-14T00:00:00+00:00
[2022-03-20 11:56:43,718] {http.py:111} INFO - Calling HTTP method
[2022-03-20 11:56:43,728] {base.py:69} INFO - Using connection to: id: user_api. Host: https://randomuser.me/, Port: None, Schema: , Login: , Password: ***, extra: {}
[2022-03-20 11:56:43,732] {http.py:140} INFO - Sending 'GET' to url: https://randomuser.me/api/
[2022-03-20 11:56:45,287] {http.py:115} INFO - {"results":[{"gender":"male","name":{"title":"Mr","first":"Gordon","last":"Porter"},"location":{"street":{"number":3726,"name":"Parker Rd"},"city":"Memphis","state":"Iowa","country":"United States","postcode":26810,"coordinates":{"latitude":"88.1588","longitude":"-149.2121"},"timezone":{"offset":"+1:00","description":"Brussels, Copenhagen, Madrid, Paris"}},"email":"gordon.porter@example.com","login":{"uuid":"6b759842-6d91-49e2-8875-567d576abb1c","username":"lazyfrog408","password":"kristin","salt":"yZJhK5ic","md5":"82f59876eabcc6e57ae6b2be8f2996cd","sha1":"af8a3e3a5869202cf26899293e7398ac76c3341c","sha256":"891a625da426e5166473b4ff86184e1aa93587bbf45a0e40c470d0d9a13de975"},"dob":{"date":"1965-09-20T21:37:20.074Z","age":57},"registered":{"date":"2010-05-18T01:15:21.056Z","age":12},"phone":"(344)-676-0792","cell":"(389)-325-6732","id":{"name":"SSN","value":"475-89-5552"},"picture":{"large":"https://randomuser.me/api/portraits/men/81.jpg","medium":"https://randomuser.me/api/portraits/med/men/81.jpg","thumbnail":"https://randomuser.me/api/portraits/thumb/men/81.jpg"},"nat":"US"}],"info":{"seed":"d142117de48de86a","results":1,"page":1,"version":"1.3"}}
[2022-03-20 11:56:45,351] {taskinstance.py:1184} INFO - Marking task as SUCCESS. dag_id=user_processing, task_id=extracting_user, execution_date=20200114T000000, start_date=20220320T115643, end_date=20220320T115645
[2022-03-20 11:56:45,451] {taskinstance.py:1245} INFO - 1 downstream tasks scheduled from follow-on schedule check
[2022-03-20 11:56:45,500] {local_task_job.py:151} INFO - Task exited with return code 0
