[2022-03-21 05:46:55,309] {taskinstance.py:876} INFO - Dependencies all met for <TaskInstance: parallel_dag.task_3 2022-03-21T05:46:34.116779+00:00 [queued]>
[2022-03-21 05:46:55,321] {taskinstance.py:876} INFO - Dependencies all met for <TaskInstance: parallel_dag.task_3 2022-03-21T05:46:34.116779+00:00 [queued]>
[2022-03-21 05:46:55,321] {taskinstance.py:1067} INFO - 
--------------------------------------------------------------------------------
[2022-03-21 05:46:55,322] {taskinstance.py:1068} INFO - Starting attempt 1 of 1
[2022-03-21 05:46:55,322] {taskinstance.py:1069} INFO - 
--------------------------------------------------------------------------------
[2022-03-21 05:46:55,359] {taskinstance.py:1087} INFO - Executing <Task(BashOperator): task_3> on 2022-03-21T05:46:34.116779+00:00
[2022-03-21 05:46:55,362] {standard_task_runner.py:52} INFO - Started process 11254 to run task
[2022-03-21 05:46:55,382] {standard_task_runner.py:76} INFO - Running: ['airflow', 'tasks', 'run', 'parallel_dag', 'task_3', '2022-03-21T05:46:34.116779+00:00', '--job-id', '1116', '--pool', 'default_pool', '--raw', '--subdir', 'DAGS_FOLDER/parallel_dag.py', '--cfg-path', '/tmp/tmpcizw5fit', '--error-file', '/tmp/tmpmptx59ql']
[2022-03-21 05:46:55,383] {standard_task_runner.py:77} INFO - Job 1116: Subtask task_3
[2022-03-21 05:46:55,634] {logging_mixin.py:104} INFO - Running <TaskInstance: parallel_dag.task_3 2022-03-21T05:46:34.116779+00:00 [running]> on host airflowvm
[2022-03-21 05:46:55,826] {taskinstance.py:1280} INFO - Exporting the following env vars:
AIRFLOW_CTX_DAG_OWNER=airflow
AIRFLOW_CTX_DAG_ID=parallel_dag
AIRFLOW_CTX_TASK_ID=task_3
AIRFLOW_CTX_EXECUTION_DATE=2022-03-21T05:46:34.116779+00:00
AIRFLOW_CTX_DAG_RUN_ID=manual__2022-03-21T05:46:34.116779+00:00
[2022-03-21 05:46:55,827] {subprocess.py:52} INFO - Tmp dir root location: 
 /tmp
[2022-03-21 05:46:55,828] {subprocess.py:63} INFO - Running command: ['bash', '-c', 'sleep 3']
[2022-03-21 05:46:55,851] {subprocess.py:75} INFO - Output:
[2022-03-21 05:46:58,861] {subprocess.py:83} INFO - Command exited with return code 0
[2022-03-21 05:46:58,931] {taskinstance.py:1184} INFO - Marking task as SUCCESS. dag_id=parallel_dag, task_id=task_3, execution_date=20220321T054634, start_date=20220321T054655, end_date=20220321T054658
[2022-03-21 05:46:59,041] {taskinstance.py:1245} INFO - 1 downstream tasks scheduled from follow-on schedule check
[2022-03-21 05:46:59,060] {local_task_job.py:151} INFO - Task exited with return code 0
