[2022-03-20 13:07:26,601] {taskinstance.py:876} INFO - Dependencies all met for <TaskInstance: user_processing.extracting_user 2022-02-15T00:00:00+00:00 [queued]>
[2022-03-20 13:07:26,624] {taskinstance.py:876} INFO - Dependencies all met for <TaskInstance: user_processing.extracting_user 2022-02-15T00:00:00+00:00 [queued]>
[2022-03-20 13:07:26,625] {taskinstance.py:1067} INFO - 
--------------------------------------------------------------------------------
[2022-03-20 13:07:26,625] {taskinstance.py:1068} INFO - Starting attempt 1 of 1
[2022-03-20 13:07:26,625] {taskinstance.py:1069} INFO - 
--------------------------------------------------------------------------------
[2022-03-20 13:07:26,668] {taskinstance.py:1087} INFO - Executing <Task(SimpleHttpOperator): extracting_user> on 2022-02-15T00:00:00+00:00
[2022-03-20 13:07:26,674] {standard_task_runner.py:52} INFO - Started process 72847 to run task
[2022-03-20 13:07:26,695] {standard_task_runner.py:76} INFO - Running: ['airflow', 'tasks', 'run', 'user_processing', 'extracting_user', '2022-02-15T00:00:00+00:00', '--job-id', '624', '--pool', 'default_pool', '--raw', '--subdir', 'DAGS_FOLDER/user_processing.py', '--cfg-path', '/tmp/tmp2_jn8pqn', '--error-file', '/tmp/tmpb9ailjt5']
[2022-03-20 13:07:26,697] {standard_task_runner.py:77} INFO - Job 624: Subtask extracting_user
[2022-03-20 13:07:27,086] {logging_mixin.py:104} INFO - Running <TaskInstance: user_processing.extracting_user 2022-02-15T00:00:00+00:00 [running]> on host airflowvm
[2022-03-20 13:07:27,259] {taskinstance.py:1280} INFO - Exporting the following env vars:
AIRFLOW_CTX_DAG_OWNER=airflow
AIRFLOW_CTX_DAG_ID=user_processing
AIRFLOW_CTX_TASK_ID=extracting_user
AIRFLOW_CTX_EXECUTION_DATE=2022-02-15T00:00:00+00:00
AIRFLOW_CTX_DAG_RUN_ID=scheduled__2022-02-15T00:00:00+00:00
[2022-03-20 13:07:27,260] {http.py:111} INFO - Calling HTTP method
[2022-03-20 13:07:27,270] {base.py:69} INFO - Using connection to: id: user_api. Host: https://randomuser.me/, Port: None, Schema: , Login: , Password: ***, extra: {}
[2022-03-20 13:07:27,275] {http.py:140} INFO - Sending 'GET' to url: https://randomuser.me/api/
[2022-03-20 13:07:27,682] {http.py:115} INFO - {"results":[{"gender":"female","name":{"title":"Miss","first":"Jeanny","last":"Vegt"},"location":{"street":{"number":6343,"name":"Bollengoed"},"city":"Heythuysen","state":"Groningen","country":"Netherlands","postcode":33283,"coordinates":{"latitude":"43.1319","longitude":"134.8252"},"timezone":{"offset":"-11:00","description":"Midway Island, Samoa"}},"email":"jeanny.vegt@example.com","login":{"uuid":"6e41a256-420c-4988-a203-04970ab5d383","username":"bluebear359","password":"7777777","salt":"icXKGIPk","md5":"44bb4437af7b6674f86bac5fe7902602","sha1":"2feb88b611b711b007eaaec844d4ef2e25e9beae","sha256":"53db3578ed2361b6da240a215548281307036d6b345ef0c5d2b780dbf5ef88e9"},"dob":{"date":"1976-06-19T13:34:29.915Z","age":46},"registered":{"date":"2010-09-13T16:15:00.437Z","age":12},"phone":"(673)-825-2157","cell":"(802)-961-8753","id":{"name":"BSN","value":"37146680"},"picture":{"large":"https://randomuser.me/api/portraits/women/0.jpg","medium":"https://randomuser.me/api/portraits/med/women/0.jpg","thumbnail":"https://randomuser.me/api/portraits/thumb/women/0.jpg"},"nat":"NL"}],"info":{"seed":"e8f4522532a4d7f8","results":1,"page":1,"version":"1.3"}}
[2022-03-20 13:07:27,745] {taskinstance.py:1184} INFO - Marking task as SUCCESS. dag_id=user_processing, task_id=extracting_user, execution_date=20220215T000000, start_date=20220320T130726, end_date=20220320T130727
[2022-03-20 13:07:27,845] {taskinstance.py:1245} INFO - 1 downstream tasks scheduled from follow-on schedule check
[2022-03-20 13:07:27,855] {local_task_job.py:151} INFO - Task exited with return code 0
