[2022-03-20 14:11:01,743] {taskinstance.py:876} INFO - Dependencies all met for <TaskInstance: user_processing.extracting_user 2022-02-15T00:00:00+00:00 [queued]>
[2022-03-20 14:11:01,826] {taskinstance.py:876} INFO - Dependencies all met for <TaskInstance: user_processing.extracting_user 2022-02-15T00:00:00+00:00 [queued]>
[2022-03-20 14:11:01,826] {taskinstance.py:1067} INFO - 
--------------------------------------------------------------------------------
[2022-03-20 14:11:01,826] {taskinstance.py:1068} INFO - Starting attempt 2 of 2
[2022-03-20 14:11:01,826] {taskinstance.py:1069} INFO - 
--------------------------------------------------------------------------------
[2022-03-20 14:11:01,884] {taskinstance.py:1087} INFO - Executing <Task(SimpleHttpOperator): extracting_user> on 2022-02-15T00:00:00+00:00
[2022-03-20 14:11:01,889] {standard_task_runner.py:52} INFO - Started process 102760 to run task
[2022-03-20 14:11:01,906] {standard_task_runner.py:76} INFO - Running: ['airflow', 'tasks', 'run', 'user_processing', 'extracting_user', '2022-02-15T00:00:00+00:00', '--job-id', '977', '--pool', 'default_pool', '--raw', '--subdir', 'DAGS_FOLDER/user_processing.py', '--cfg-path', '/tmp/tmpl8q5zsea', '--error-file', '/tmp/tmpdebvfwuj']
[2022-03-20 14:11:01,916] {standard_task_runner.py:77} INFO - Job 977: Subtask extracting_user
[2022-03-20 14:11:02,361] {logging_mixin.py:104} INFO - Running <TaskInstance: user_processing.extracting_user 2022-02-15T00:00:00+00:00 [running]> on host airflowvm
[2022-03-20 14:11:02,542] {taskinstance.py:1280} INFO - Exporting the following env vars:
AIRFLOW_CTX_DAG_OWNER=airflow
AIRFLOW_CTX_DAG_ID=user_processing
AIRFLOW_CTX_TASK_ID=extracting_user
AIRFLOW_CTX_EXECUTION_DATE=2022-02-15T00:00:00+00:00
AIRFLOW_CTX_DAG_RUN_ID=scheduled__2022-02-15T00:00:00+00:00
[2022-03-20 14:11:02,543] {http.py:111} INFO - Calling HTTP method
[2022-03-20 14:11:02,554] {base.py:69} INFO - Using connection to: id: user_api. Host: https://randomuser.me/, Port: None, Schema: , Login: , Password: ***, extra: {}
[2022-03-20 14:11:02,558] {http.py:140} INFO - Sending 'GET' to url: https://randomuser.me/api/
[2022-03-20 14:11:03,014] {http.py:115} INFO - {"results":[{"gender":"female","name":{"title":"Madame","first":"Gertrud","last":"Roux"},"location":{"street":{"number":3385,"name":"Rue Cyrus-Hugues"},"city":"Vaz/Obervaz","state":"Schaffhausen","country":"Switzerland","postcode":5319,"coordinates":{"latitude":"-52.3514","longitude":"150.3757"},"timezone":{"offset":"+7:00","description":"Bangkok, Hanoi, Jakarta"}},"email":"gertrud.roux@example.com","login":{"uuid":"5e2c57e9-ed18-4c8c-85e2-899e697246ad","username":"blacklion612","password":"trinity","salt":"1hHXGXax","md5":"d3db59a1f410f751d6e5c4ca8b705113","sha1":"169a60227f8f9d273b3ccd55bb2419c07cd1070f","sha256":"cd90377ef48cd402d7a5f525b732d0166926773516694e0e456362ef837c9c3b"},"dob":{"date":"1977-02-24T12:00:11.009Z","age":45},"registered":{"date":"2018-07-17T19:55:51.943Z","age":4},"phone":"075 246 86 68","cell":"077 847 55 93","id":{"name":"AVS","value":"756.9322.1698.85"},"picture":{"large":"https://randomuser.me/api/portraits/women/40.jpg","medium":"https://randomuser.me/api/portraits/med/women/40.jpg","thumbnail":"https://randomuser.me/api/portraits/thumb/women/40.jpg"},"nat":"CH"}],"info":{"seed":"955e01cd75faba99","results":1,"page":1,"version":"1.3"}}
[2022-03-20 14:11:03,098] {taskinstance.py:1184} INFO - Marking task as SUCCESS. dag_id=user_processing, task_id=extracting_user, execution_date=20220215T000000, start_date=20220320T141101, end_date=20220320T141103
[2022-03-20 14:11:03,199] {taskinstance.py:1245} INFO - 1 downstream tasks scheduled from follow-on schedule check
[2022-03-20 14:11:03,221] {local_task_job.py:151} INFO - Task exited with return code 0
