[2022-03-20 10:37:53,597] {taskinstance.py:876} INFO - Dependencies all met for <TaskInstance: user_processing.extracting_user 2022-03-20T10:37:34.339510+00:00 [queued]>
[2022-03-20 10:37:53,614] {taskinstance.py:876} INFO - Dependencies all met for <TaskInstance: user_processing.extracting_user 2022-03-20T10:37:34.339510+00:00 [queued]>
[2022-03-20 10:37:53,615] {taskinstance.py:1067} INFO - 
--------------------------------------------------------------------------------
[2022-03-20 10:37:53,615] {taskinstance.py:1068} INFO - Starting attempt 1 of 1
[2022-03-20 10:37:53,615] {taskinstance.py:1069} INFO - 
--------------------------------------------------------------------------------
[2022-03-20 10:37:53,655] {taskinstance.py:1087} INFO - Executing <Task(SimpleHttpOperator): extracting_user> on 2022-03-20T10:37:34.339510+00:00
[2022-03-20 10:37:53,659] {standard_task_runner.py:52} INFO - Started process 20982 to run task
[2022-03-20 10:37:53,676] {standard_task_runner.py:76} INFO - Running: ['airflow', 'tasks', 'run', 'user_processing', 'extracting_user', '2022-03-20T10:37:34.339510+00:00', '--job-id', '34', '--pool', 'default_pool', '--raw', '--subdir', 'DAGS_FOLDER/user_processing.py', '--cfg-path', '/tmp/tmpv_w5spz8', '--error-file', '/tmp/tmprpbpmtv0']
[2022-03-20 10:37:53,677] {standard_task_runner.py:77} INFO - Job 34: Subtask extracting_user
[2022-03-20 10:37:53,831] {logging_mixin.py:104} INFO - Running <TaskInstance: user_processing.extracting_user 2022-03-20T10:37:34.339510+00:00 [running]> on host airflowvm
[2022-03-20 10:37:54,010] {taskinstance.py:1280} INFO - Exporting the following env vars:
AIRFLOW_CTX_DAG_OWNER=airflow
AIRFLOW_CTX_DAG_ID=user_processing
AIRFLOW_CTX_TASK_ID=extracting_user
AIRFLOW_CTX_EXECUTION_DATE=2022-03-20T10:37:34.339510+00:00
AIRFLOW_CTX_DAG_RUN_ID=manual__2022-03-20T10:37:34.339510+00:00
[2022-03-20 10:37:54,011] {http.py:111} INFO - Calling HTTP method
[2022-03-20 10:37:54,021] {base.py:69} INFO - Using connection to: id: user_api. Host: https://randomuser.me/, Port: None, Schema: , Login: , Password: ***, extra: {}
[2022-03-20 10:37:54,025] {http.py:140} INFO - Sending 'GET' to url: https://randomuser.me/api/
[2022-03-20 10:37:55,686] {http.py:115} INFO - {"results":[{"gender":"female","name":{"title":"Miss","first":"Constance","last":"Hubert"},"location":{"street":{"number":7387,"name":"Rue de L'Abbé-Migne"},"city":"Tourcoing","state":"Alpes-Maritimes","country":"France","postcode":68308,"coordinates":{"latitude":"-1.5050","longitude":"99.4815"},"timezone":{"offset":"-4:00","description":"Atlantic Time (Canada), Caracas, La Paz"}},"email":"constance.hubert@example.com","login":{"uuid":"3744b9e0-ab72-4e5b-b54c-85d1f51748a3","username":"smalllion434","password":"disney","salt":"UEl3uQEx","md5":"65cc43e471a28350dce2e5fc698450dd","sha1":"b40d913ba5a4319b378823018da41923888d125f","sha256":"19f6f9dea76c882f60f1f544574352f8329bb6fdc49d287f25eb1e055ee1de46"},"dob":{"date":"1989-04-12T16:49:13.825Z","age":33},"registered":{"date":"2003-11-13T12:46:23.039Z","age":19},"phone":"02-04-25-62-80","cell":"06-04-18-71-27","id":{"name":"INSEE","value":"2NNaN27823678 76"},"picture":{"large":"https://randomuser.me/api/portraits/women/93.jpg","medium":"https://randomuser.me/api/portraits/med/women/93.jpg","thumbnail":"https://randomuser.me/api/portraits/thumb/women/93.jpg"},"nat":"FR"}],"info":{"seed":"4f8c196b90f6d849","results":1,"page":1,"version":"1.3"}}
[2022-03-20 10:37:55,882] {taskinstance.py:1184} INFO - Marking task as SUCCESS. dag_id=user_processing, task_id=extracting_user, execution_date=20220320T103734, start_date=20220320T103753, end_date=20220320T103755
[2022-03-20 10:37:56,112] {taskinstance.py:1245} INFO - 1 downstream tasks scheduled from follow-on schedule check
[2022-03-20 10:37:56,148] {local_task_job.py:151} INFO - Task exited with return code 0
