[2022-03-20 09:55:58,982] {taskinstance.py:876} INFO - Dependencies all met for <TaskInstance: user_processing.processing_user 2022-03-19T00:00:00+00:00 [queued]>
[2022-03-20 09:55:58,997] {taskinstance.py:876} INFO - Dependencies all met for <TaskInstance: user_processing.processing_user 2022-03-19T00:00:00+00:00 [queued]>
[2022-03-20 09:55:58,999] {taskinstance.py:1067} INFO - 
--------------------------------------------------------------------------------
[2022-03-20 09:55:59,000] {taskinstance.py:1068} INFO - Starting attempt 1 of 1
[2022-03-20 09:55:59,000] {taskinstance.py:1069} INFO - 
--------------------------------------------------------------------------------
[2022-03-20 09:55:59,046] {taskinstance.py:1087} INFO - Executing <Task(PythonOperator): processing_user> on 2022-03-19T00:00:00+00:00
[2022-03-20 09:55:59,050] {standard_task_runner.py:52} INFO - Started process 12302 to run task
[2022-03-20 09:55:59,087] {standard_task_runner.py:76} INFO - Running: ['airflow', 'tasks', 'run', 'user_processing', 'processing_user', '2022-03-19T00:00:00+00:00', '--job-id', '14', '--pool', 'default_pool', '--raw', '--subdir', 'DAGS_FOLDER/user_processing.py', '--cfg-path', '/tmp/tmp9zs3ethn', '--error-file', '/tmp/tmpbtaax923']
[2022-03-20 09:55:59,088] {standard_task_runner.py:77} INFO - Job 14: Subtask processing_user
[2022-03-20 09:55:59,195] {logging_mixin.py:104} INFO - Running <TaskInstance: user_processing.processing_user 2022-03-19T00:00:00+00:00 [running]> on host airflowvm
[2022-03-20 09:55:59,376] {taskinstance.py:1280} INFO - Exporting the following env vars:
AIRFLOW_CTX_DAG_OWNER=airflow
AIRFLOW_CTX_DAG_ID=user_processing
AIRFLOW_CTX_TASK_ID=processing_user
AIRFLOW_CTX_EXECUTION_DATE=2022-03-19T00:00:00+00:00
AIRFLOW_CTX_DAG_RUN_ID=scheduled__2022-03-19T00:00:00+00:00
[2022-03-20 09:55:59,416] {python.py:151} INFO - Done. Returned value was: None
[2022-03-20 09:55:59,424] {taskinstance.py:1184} INFO - Marking task as SUCCESS. dag_id=user_processing, task_id=processing_user, execution_date=20220319T000000, start_date=20220320T095558, end_date=20220320T095559
[2022-03-20 09:55:59,492] {taskinstance.py:1245} INFO - 0 downstream tasks scheduled from follow-on schedule check
[2022-03-20 09:55:59,512] {local_task_job.py:151} INFO - Task exited with return code 0
