[2022-03-20 11:58:14,316] {taskinstance.py:876} INFO - Dependencies all met for <TaskInstance: user_processing.extracting_user 2020-01-17T00:00:00+00:00 [queued]>
[2022-03-20 11:58:14,333] {taskinstance.py:876} INFO - Dependencies all met for <TaskInstance: user_processing.extracting_user 2020-01-17T00:00:00+00:00 [queued]>
[2022-03-20 11:58:14,334] {taskinstance.py:1067} INFO - 
--------------------------------------------------------------------------------
[2022-03-20 11:58:14,334] {taskinstance.py:1068} INFO - Starting attempt 1 of 1
[2022-03-20 11:58:14,334] {taskinstance.py:1069} INFO - 
--------------------------------------------------------------------------------
[2022-03-20 11:58:14,373] {taskinstance.py:1087} INFO - Executing <Task(SimpleHttpOperator): extracting_user> on 2020-01-17T00:00:00+00:00
[2022-03-20 11:58:14,377] {standard_task_runner.py:52} INFO - Started process 32745 to run task
[2022-03-20 11:58:14,390] {standard_task_runner.py:76} INFO - Running: ['airflow', 'tasks', 'run', 'user_processing', 'extracting_user', '2020-01-17T00:00:00+00:00', '--job-id', '124', '--pool', 'default_pool', '--raw', '--subdir', 'DAGS_FOLDER/user_processing.py', '--cfg-path', '/tmp/tmpfufxsnd2', '--error-file', '/tmp/tmpqhke5wcn']
[2022-03-20 11:58:14,395] {standard_task_runner.py:77} INFO - Job 124: Subtask extracting_user
[2022-03-20 11:58:14,502] {logging_mixin.py:104} INFO - Running <TaskInstance: user_processing.extracting_user 2020-01-17T00:00:00+00:00 [running]> on host airflowvm
[2022-03-20 11:58:14,642] {taskinstance.py:1280} INFO - Exporting the following env vars:
AIRFLOW_CTX_DAG_OWNER=airflow
AIRFLOW_CTX_DAG_ID=user_processing
AIRFLOW_CTX_TASK_ID=extracting_user
AIRFLOW_CTX_EXECUTION_DATE=2020-01-17T00:00:00+00:00
AIRFLOW_CTX_DAG_RUN_ID=scheduled__2020-01-17T00:00:00+00:00
[2022-03-20 11:58:14,643] {http.py:111} INFO - Calling HTTP method
[2022-03-20 11:58:14,652] {base.py:69} INFO - Using connection to: id: user_api. Host: https://randomuser.me/, Port: None, Schema: , Login: , Password: ***, extra: {}
[2022-03-20 11:58:14,655] {http.py:140} INFO - Sending 'GET' to url: https://randomuser.me/api/
[2022-03-20 11:58:15,215] {http.py:115} INFO - {"results":[{"gender":"female","name":{"title":"Miss","first":"Marieke","last":"Nieboer"},"location":{"street":{"number":9785,"name":"Boermastraat"},"city":"Valthe","state":"Drenthe","country":"Netherlands","postcode":65127,"coordinates":{"latitude":"43.9884","longitude":"127.9939"},"timezone":{"offset":"+9:30","description":"Adelaide, Darwin"}},"email":"marieke.nieboer@example.com","login":{"uuid":"983ef2d0-92d1-4646-8287-436bff4d3073","username":"lazyelephant274","password":"lambda","salt":"j1gzrxVk","md5":"6caeea3bbb89a59356c0a7ca18261e41","sha1":"ee6ab94e88929617e05426ac38a6b1a009aedbe1","sha256":"146756c07a35dab514c6956a2036826548ebd6095358902c596dcf38e3f07485"},"dob":{"date":"1966-08-26T06:06:00.515Z","age":56},"registered":{"date":"2015-04-01T03:53:57.835Z","age":7},"phone":"(938)-204-2170","cell":"(219)-846-0416","id":{"name":"BSN","value":"08517102"},"picture":{"large":"https://randomuser.me/api/portraits/women/91.jpg","medium":"https://randomuser.me/api/portraits/med/women/91.jpg","thumbnail":"https://randomuser.me/api/portraits/thumb/women/91.jpg"},"nat":"NL"}],"info":{"seed":"2ea30c05a374af8c","results":1,"page":1,"version":"1.3"}}
[2022-03-20 11:58:15,273] {taskinstance.py:1184} INFO - Marking task as SUCCESS. dag_id=user_processing, task_id=extracting_user, execution_date=20200117T000000, start_date=20220320T115814, end_date=20220320T115815
[2022-03-20 11:58:15,352] {taskinstance.py:1245} INFO - 1 downstream tasks scheduled from follow-on schedule check
[2022-03-20 11:58:15,398] {local_task_job.py:151} INFO - Task exited with return code 0
