[2022-03-20 14:03:27,137] {taskinstance.py:876} INFO - Dependencies all met for <TaskInstance: user_processing.extracting_user 2020-01-17T00:00:00+00:00 [queued]>
[2022-03-20 14:03:27,167] {taskinstance.py:876} INFO - Dependencies all met for <TaskInstance: user_processing.extracting_user 2020-01-17T00:00:00+00:00 [queued]>
[2022-03-20 14:03:27,168] {taskinstance.py:1067} INFO - 
--------------------------------------------------------------------------------
[2022-03-20 14:03:27,168] {taskinstance.py:1068} INFO - Starting attempt 2 of 2
[2022-03-20 14:03:27,168] {taskinstance.py:1069} INFO - 
--------------------------------------------------------------------------------
[2022-03-20 14:03:27,206] {taskinstance.py:1087} INFO - Executing <Task(SimpleHttpOperator): extracting_user> on 2020-01-17T00:00:00+00:00
[2022-03-20 14:03:27,211] {standard_task_runner.py:52} INFO - Started process 98575 to run task
[2022-03-20 14:03:27,231] {standard_task_runner.py:76} INFO - Running: ['airflow', 'tasks', 'run', 'user_processing', 'extracting_user', '2020-01-17T00:00:00+00:00', '--job-id', '919', '--pool', 'default_pool', '--raw', '--subdir', 'DAGS_FOLDER/user_processing.py', '--cfg-path', '/tmp/tmp84hs8gk4', '--error-file', '/tmp/tmpgqrww3ai']
[2022-03-20 14:03:27,233] {standard_task_runner.py:77} INFO - Job 919: Subtask extracting_user
[2022-03-20 14:03:27,348] {logging_mixin.py:104} INFO - Running <TaskInstance: user_processing.extracting_user 2020-01-17T00:00:00+00:00 [running]> on host airflowvm
[2022-03-20 14:03:27,562] {taskinstance.py:1280} INFO - Exporting the following env vars:
AIRFLOW_CTX_DAG_OWNER=airflow
AIRFLOW_CTX_DAG_ID=user_processing
AIRFLOW_CTX_TASK_ID=extracting_user
AIRFLOW_CTX_EXECUTION_DATE=2020-01-17T00:00:00+00:00
AIRFLOW_CTX_DAG_RUN_ID=scheduled__2020-01-17T00:00:00+00:00
[2022-03-20 14:03:27,562] {http.py:111} INFO - Calling HTTP method
[2022-03-20 14:03:27,574] {base.py:69} INFO - Using connection to: id: user_api. Host: https://randomuser.me/, Port: None, Schema: , Login: , Password: ***, extra: {}
[2022-03-20 14:03:27,579] {http.py:140} INFO - Sending 'GET' to url: https://randomuser.me/api/
[2022-03-20 14:03:28,119] {http.py:115} INFO - {"results":[{"gender":"male","name":{"title":"Mr","first":"آدرین","last":"کامروا"},"location":{"street":{"number":7350,"name":"مصطفی خمینی"},"city":"دزفول","state":"کرمان","country":"Iran","postcode":93129,"coordinates":{"latitude":"29.0199","longitude":"-172.6983"},"timezone":{"offset":"-10:00","description":"Hawaii"}},"email":"adryn.khmrw@example.com","login":{"uuid":"0c1b96de-ac48-4f91-8452-acf864dadc70","username":"greendog687","password":"dandan","salt":"PWrF0KfV","md5":"1c52ffd30997881428e58ab62bf227f1","sha1":"5ca065d32b0d5d5486d6dc5eb3241edb026f245d","sha256":"0e4c5751effd3efc548a0a0d4f05dc1cc4c26e02a5f0bcdd1ec349557f1f40dd"},"dob":{"date":"1987-05-17T09:50:02.548Z","age":35},"registered":{"date":"2018-08-23T08:23:54.406Z","age":4},"phone":"042-86884045","cell":"0993-122-4077","id":{"name":"","value":null},"picture":{"large":"https://randomuser.me/api/portraits/men/55.jpg","medium":"https://randomuser.me/api/portraits/med/men/55.jpg","thumbnail":"https://randomuser.me/api/portraits/thumb/men/55.jpg"},"nat":"IR"}],"info":{"seed":"9c03d977f748774d","results":1,"page":1,"version":"1.3"}}
[2022-03-20 14:03:28,168] {taskinstance.py:1184} INFO - Marking task as SUCCESS. dag_id=user_processing, task_id=extracting_user, execution_date=20200117T000000, start_date=20220320T140327, end_date=20220320T140328
[2022-03-20 14:03:28,258] {taskinstance.py:1245} INFO - 1 downstream tasks scheduled from follow-on schedule check
[2022-03-20 14:03:28,293] {local_task_job.py:151} INFO - Task exited with return code 0
