[2022-03-20 13:03:52,439] {taskinstance.py:876} INFO - Dependencies all met for <TaskInstance: user_processing.extracting_user 2022-02-08T00:00:00+00:00 [queued]>
[2022-03-20 13:03:52,458] {taskinstance.py:876} INFO - Dependencies all met for <TaskInstance: user_processing.extracting_user 2022-02-08T00:00:00+00:00 [queued]>
[2022-03-20 13:03:52,458] {taskinstance.py:1067} INFO - 
--------------------------------------------------------------------------------
[2022-03-20 13:03:52,458] {taskinstance.py:1068} INFO - Starting attempt 1 of 1
[2022-03-20 13:03:52,458] {taskinstance.py:1069} INFO - 
--------------------------------------------------------------------------------
[2022-03-20 13:03:52,559] {taskinstance.py:1087} INFO - Executing <Task(SimpleHttpOperator): extracting_user> on 2022-02-08T00:00:00+00:00
[2022-03-20 13:03:52,566] {standard_task_runner.py:52} INFO - Started process 70981 to run task
[2022-03-20 13:03:52,597] {standard_task_runner.py:76} INFO - Running: ['airflow', 'tasks', 'run', 'user_processing', 'extracting_user', '2022-02-08T00:00:00+00:00', '--job-id', '589', '--pool', 'default_pool', '--raw', '--subdir', 'DAGS_FOLDER/user_processing.py', '--cfg-path', '/tmp/tmpoeza8sj5', '--error-file', '/tmp/tmpvabilkdr']
[2022-03-20 13:03:52,599] {standard_task_runner.py:77} INFO - Job 589: Subtask extracting_user
[2022-03-20 13:03:52,885] {logging_mixin.py:104} INFO - Running <TaskInstance: user_processing.extracting_user 2022-02-08T00:00:00+00:00 [running]> on host airflowvm
[2022-03-20 13:03:53,193] {taskinstance.py:1280} INFO - Exporting the following env vars:
AIRFLOW_CTX_DAG_OWNER=airflow
AIRFLOW_CTX_DAG_ID=user_processing
AIRFLOW_CTX_TASK_ID=extracting_user
AIRFLOW_CTX_EXECUTION_DATE=2022-02-08T00:00:00+00:00
AIRFLOW_CTX_DAG_RUN_ID=scheduled__2022-02-08T00:00:00+00:00
[2022-03-20 13:03:53,195] {http.py:111} INFO - Calling HTTP method
[2022-03-20 13:03:53,211] {base.py:69} INFO - Using connection to: id: user_api. Host: https://randomuser.me/, Port: None, Schema: , Login: , Password: ***, extra: {}
[2022-03-20 13:03:53,216] {http.py:140} INFO - Sending 'GET' to url: https://randomuser.me/api/
[2022-03-20 13:03:53,642] {http.py:115} INFO - {"results":[{"gender":"male","name":{"title":"Monsieur","first":"Gaetano","last":"Roche"},"location":{"street":{"number":192,"name":"Rue de L'Abbé-Patureau"},"city":"Birmensdorf (Zh)","state":"St. Gallen","country":"Switzerland","postcode":8422,"coordinates":{"latitude":"-55.5529","longitude":"-139.9923"},"timezone":{"offset":"-5:00","description":"Eastern Time (US & Canada), Bogota, Lima"}},"email":"gaetano.roche@example.com","login":{"uuid":"5e4091b3-8778-4bed-900e-16a3d3254958","username":"angrytiger197","password":"1129","salt":"FBBGT32L","md5":"c38a88bdbb09e10a3b75d56cfcf282e5","sha1":"c37e1db0cde2d70f30c33c947964dfb76cbb483d","sha256":"0f4182c83f1bf55041015a0403bc59eb188f0780243f1cec662f9be914c05aa3"},"dob":{"date":"1968-01-04T08:03:38.331Z","age":54},"registered":{"date":"2013-06-20T04:14:33.120Z","age":9},"phone":"076 132 53 58","cell":"079 516 28 85","id":{"name":"AVS","value":"756.9660.0102.17"},"picture":{"large":"https://randomuser.me/api/portraits/men/22.jpg","medium":"https://randomuser.me/api/portraits/med/men/22.jpg","thumbnail":"https://randomuser.me/api/portraits/thumb/men/22.jpg"},"nat":"CH"}],"info":{"seed":"fadebe5d31df7b6b","results":1,"page":1,"version":"1.3"}}
[2022-03-20 13:03:53,702] {taskinstance.py:1184} INFO - Marking task as SUCCESS. dag_id=user_processing, task_id=extracting_user, execution_date=20220208T000000, start_date=20220320T130352, end_date=20220320T130353
[2022-03-20 13:03:53,934] {taskinstance.py:1245} INFO - 1 downstream tasks scheduled from follow-on schedule check
[2022-03-20 13:03:53,964] {local_task_job.py:151} INFO - Task exited with return code 0
