[2022-03-20 13:27:37,976] {taskinstance.py:876} INFO - Dependencies all met for <TaskInstance: user_processing.processing_user 2020-03-08T00:00:00+00:00 [queued]>
[2022-03-20 13:27:38,016] {taskinstance.py:876} INFO - Dependencies all met for <TaskInstance: user_processing.processing_user 2020-03-08T00:00:00+00:00 [queued]>
[2022-03-20 13:27:38,023] {taskinstance.py:1067} INFO - 
--------------------------------------------------------------------------------
[2022-03-20 13:27:38,024] {taskinstance.py:1068} INFO - Starting attempt 2 of 2
[2022-03-20 13:27:38,025] {taskinstance.py:1069} INFO - 
--------------------------------------------------------------------------------
[2022-03-20 13:27:38,085] {taskinstance.py:1087} INFO - Executing <Task(PythonOperator): processing_user> on 2020-03-08T00:00:00+00:00
[2022-03-20 13:27:38,094] {standard_task_runner.py:52} INFO - Started process 88246 to run task
[2022-03-20 13:27:38,144] {standard_task_runner.py:76} INFO - Running: ['airflow', 'tasks', 'run', 'user_processing', 'processing_user', '2020-03-08T00:00:00+00:00', '--job-id', '809', '--pool', 'default_pool', '--raw', '--subdir', 'DAGS_FOLDER/user_processing.py', '--cfg-path', '/tmp/tmpnuv96vaj', '--error-file', '/tmp/tmp833e77eq']
[2022-03-20 13:27:38,147] {standard_task_runner.py:77} INFO - Job 809: Subtask processing_user
[2022-03-20 13:27:38,316] {logging_mixin.py:104} INFO - Running <TaskInstance: user_processing.processing_user 2020-03-08T00:00:00+00:00 [running]> on host airflowvm
[2022-03-20 13:27:38,467] {taskinstance.py:1280} INFO - Exporting the following env vars:
AIRFLOW_CTX_DAG_OWNER=airflow
AIRFLOW_CTX_DAG_ID=user_processing
AIRFLOW_CTX_TASK_ID=processing_user
AIRFLOW_CTX_EXECUTION_DATE=2020-03-08T00:00:00+00:00
AIRFLOW_CTX_DAG_RUN_ID=scheduled__2020-03-08T00:00:00+00:00
[2022-03-20 13:27:38,495] {python.py:151} INFO - Done. Returned value was: None
[2022-03-20 13:27:38,501] {taskinstance.py:1184} INFO - Marking task as SUCCESS. dag_id=user_processing, task_id=processing_user, execution_date=20200308T000000, start_date=20220320T132737, end_date=20220320T132738
[2022-03-20 13:27:38,574] {taskinstance.py:1245} INFO - 1 downstream tasks scheduled from follow-on schedule check
[2022-03-20 13:27:38,614] {local_task_job.py:151} INFO - Task exited with return code 0
