[2022-03-21 05:46:48,231] {taskinstance.py:876} INFO - Dependencies all met for <TaskInstance: parallel_dag.task_2 2022-03-21T05:46:34.116779+00:00 [queued]>
[2022-03-21 05:46:48,243] {taskinstance.py:876} INFO - Dependencies all met for <TaskInstance: parallel_dag.task_2 2022-03-21T05:46:34.116779+00:00 [queued]>
[2022-03-21 05:46:48,244] {taskinstance.py:1067} INFO - 
--------------------------------------------------------------------------------
[2022-03-21 05:46:48,244] {taskinstance.py:1068} INFO - Starting attempt 1 of 1
[2022-03-21 05:46:48,244] {taskinstance.py:1069} INFO - 
--------------------------------------------------------------------------------
[2022-03-21 05:46:48,281] {taskinstance.py:1087} INFO - Executing <Task(BashOperator): task_2> on 2022-03-21T05:46:34.116779+00:00
[2022-03-21 05:46:48,284] {standard_task_runner.py:52} INFO - Started process 11147 to run task
[2022-03-21 05:46:48,305] {standard_task_runner.py:76} INFO - Running: ['airflow', 'tasks', 'run', 'parallel_dag', 'task_2', '2022-03-21T05:46:34.116779+00:00', '--job-id', '1115', '--pool', 'default_pool', '--raw', '--subdir', 'DAGS_FOLDER/parallel_dag.py', '--cfg-path', '/tmp/tmpsgiss2p5', '--error-file', '/tmp/tmpyzgjnjr9']
[2022-03-21 05:46:48,306] {standard_task_runner.py:77} INFO - Job 1115: Subtask task_2
[2022-03-21 05:46:48,625] {logging_mixin.py:104} INFO - Running <TaskInstance: parallel_dag.task_2 2022-03-21T05:46:34.116779+00:00 [running]> on host airflowvm
[2022-03-21 05:46:48,810] {taskinstance.py:1280} INFO - Exporting the following env vars:
AIRFLOW_CTX_DAG_OWNER=airflow
AIRFLOW_CTX_DAG_ID=parallel_dag
AIRFLOW_CTX_TASK_ID=task_2
AIRFLOW_CTX_EXECUTION_DATE=2022-03-21T05:46:34.116779+00:00
AIRFLOW_CTX_DAG_RUN_ID=manual__2022-03-21T05:46:34.116779+00:00
[2022-03-21 05:46:48,812] {subprocess.py:52} INFO - Tmp dir root location: 
 /tmp
[2022-03-21 05:46:48,813] {subprocess.py:63} INFO - Running command: ['bash', '-c', 'sleep 3']
[2022-03-21 05:46:48,834] {subprocess.py:75} INFO - Output:
[2022-03-21 05:46:51,854] {subprocess.py:83} INFO - Command exited with return code 0
[2022-03-21 05:46:51,941] {taskinstance.py:1184} INFO - Marking task as SUCCESS. dag_id=parallel_dag, task_id=task_2, execution_date=20220321T054634, start_date=20220321T054648, end_date=20220321T054651
[2022-03-21 05:46:52,034] {taskinstance.py:1245} INFO - 0 downstream tasks scheduled from follow-on schedule check
[2022-03-21 05:46:52,041] {local_task_job.py:151} INFO - Task exited with return code 0
