[2022-03-20 12:06:32,291] {taskinstance.py:876} INFO - Dependencies all met for <TaskInstance: user_processing.processing_user 2020-02-02T00:00:00+00:00 [queued]>
[2022-03-20 12:06:32,303] {taskinstance.py:876} INFO - Dependencies all met for <TaskInstance: user_processing.processing_user 2020-02-02T00:00:00+00:00 [queued]>
[2022-03-20 12:06:32,304] {taskinstance.py:1067} INFO - 
--------------------------------------------------------------------------------
[2022-03-20 12:06:32,304] {taskinstance.py:1068} INFO - Starting attempt 1 of 1
[2022-03-20 12:06:32,304] {taskinstance.py:1069} INFO - 
--------------------------------------------------------------------------------
[2022-03-20 12:06:32,341] {taskinstance.py:1087} INFO - Executing <Task(PythonOperator): processing_user> on 2020-02-02T00:00:00+00:00
[2022-03-20 12:06:32,346] {standard_task_runner.py:52} INFO - Started process 39030 to run task
[2022-03-20 12:06:32,372] {standard_task_runner.py:76} INFO - Running: ['airflow', 'tasks', 'run', 'user_processing', 'processing_user', '2020-02-02T00:00:00+00:00', '--job-id', '210', '--pool', 'default_pool', '--raw', '--subdir', 'DAGS_FOLDER/user_processing.py', '--cfg-path', '/tmp/tmpyjau8aqu', '--error-file', '/tmp/tmpzd21o9he']
[2022-03-20 12:06:32,374] {standard_task_runner.py:77} INFO - Job 210: Subtask processing_user
[2022-03-20 12:06:32,553] {logging_mixin.py:104} INFO - Running <TaskInstance: user_processing.processing_user 2020-02-02T00:00:00+00:00 [running]> on host airflowvm
[2022-03-20 12:06:32,831] {taskinstance.py:1280} INFO - Exporting the following env vars:
AIRFLOW_CTX_DAG_OWNER=airflow
AIRFLOW_CTX_DAG_ID=user_processing
AIRFLOW_CTX_TASK_ID=processing_user
AIRFLOW_CTX_EXECUTION_DATE=2020-02-02T00:00:00+00:00
AIRFLOW_CTX_DAG_RUN_ID=scheduled__2020-02-02T00:00:00+00:00
[2022-03-20 12:06:32,859] {python.py:151} INFO - Done. Returned value was: None
[2022-03-20 12:06:32,866] {taskinstance.py:1184} INFO - Marking task as SUCCESS. dag_id=user_processing, task_id=processing_user, execution_date=20200202T000000, start_date=20220320T120632, end_date=20220320T120632
[2022-03-20 12:06:32,947] {taskinstance.py:1245} INFO - 1 downstream tasks scheduled from follow-on schedule check
[2022-03-20 12:06:32,964] {local_task_job.py:151} INFO - Task exited with return code 0
