[2022-03-20 13:55:58,684] {taskinstance.py:876} INFO - Dependencies all met for <TaskInstance: user_processing.is_api_available 2020-01-30T00:00:00+00:00 [queued]>
[2022-03-20 13:55:58,719] {taskinstance.py:876} INFO - Dependencies all met for <TaskInstance: user_processing.is_api_available 2020-01-30T00:00:00+00:00 [queued]>
[2022-03-20 13:55:58,720] {taskinstance.py:1067} INFO - 
--------------------------------------------------------------------------------
[2022-03-20 13:55:58,721] {taskinstance.py:1068} INFO - Starting attempt 2 of 2
[2022-03-20 13:55:58,722] {taskinstance.py:1069} INFO - 
--------------------------------------------------------------------------------
[2022-03-20 13:55:58,775] {taskinstance.py:1087} INFO - Executing <Task(HttpSensor): is_api_available> on 2020-01-30T00:00:00+00:00
[2022-03-20 13:55:58,779] {standard_task_runner.py:52} INFO - Started process 94367 to run task
[2022-03-20 13:55:58,819] {standard_task_runner.py:76} INFO - Running: ['airflow', 'tasks', 'run', 'user_processing', 'is_api_available', '2020-01-30T00:00:00+00:00', '--job-id', '864', '--pool', 'default_pool', '--raw', '--subdir', 'DAGS_FOLDER/user_processing.py', '--cfg-path', '/tmp/tmp9d3f3cjl', '--error-file', '/tmp/tmpzwhy7abi']
[2022-03-20 13:55:58,824] {standard_task_runner.py:77} INFO - Job 864: Subtask is_api_available
[2022-03-20 13:55:59,117] {logging_mixin.py:104} INFO - Running <TaskInstance: user_processing.is_api_available 2020-01-30T00:00:00+00:00 [running]> on host airflowvm
[2022-03-20 13:55:59,428] {taskinstance.py:1280} INFO - Exporting the following env vars:
AIRFLOW_CTX_DAG_OWNER=airflow
AIRFLOW_CTX_DAG_ID=user_processing
AIRFLOW_CTX_TASK_ID=is_api_available
AIRFLOW_CTX_EXECUTION_DATE=2020-01-30T00:00:00+00:00
AIRFLOW_CTX_DAG_RUN_ID=scheduled__2020-01-30T00:00:00+00:00
[2022-03-20 13:55:59,429] {http.py:101} INFO - Poking: api/
[2022-03-20 13:55:59,450] {base.py:69} INFO - Using connection to: id: user_api. Host: https://randomuser.me/, Port: None, Schema: , Login: , Password: ***, extra: {}
[2022-03-20 13:55:59,454] {http.py:140} INFO - Sending 'GET' to url: https://randomuser.me/api/
[2022-03-20 13:55:59,958] {base.py:243} INFO - Success criteria met. Exiting.
[2022-03-20 13:55:59,993] {taskinstance.py:1184} INFO - Marking task as SUCCESS. dag_id=user_processing, task_id=is_api_available, execution_date=20200130T000000, start_date=20220320T135558, end_date=20220320T135559
[2022-03-20 13:56:00,157] {taskinstance.py:1245} INFO - 1 downstream tasks scheduled from follow-on schedule check
[2022-03-20 13:56:00,197] {local_task_job.py:151} INFO - Task exited with return code 0
