[2022-03-20 11:55:47,454] {taskinstance.py:876} INFO - Dependencies all met for <TaskInstance: user_processing.extracting_user 2020-01-12T00:00:00+00:00 [queued]>
[2022-03-20 11:55:47,471] {taskinstance.py:876} INFO - Dependencies all met for <TaskInstance: user_processing.extracting_user 2020-01-12T00:00:00+00:00 [queued]>
[2022-03-20 11:55:47,472] {taskinstance.py:1067} INFO - 
--------------------------------------------------------------------------------
[2022-03-20 11:55:47,472] {taskinstance.py:1068} INFO - Starting attempt 1 of 1
[2022-03-20 11:55:47,472] {taskinstance.py:1069} INFO - 
--------------------------------------------------------------------------------
[2022-03-20 11:55:47,512] {taskinstance.py:1087} INFO - Executing <Task(SimpleHttpOperator): extracting_user> on 2020-01-12T00:00:00+00:00
[2022-03-20 11:55:47,517] {standard_task_runner.py:52} INFO - Started process 30879 to run task
[2022-03-20 11:55:47,533] {standard_task_runner.py:76} INFO - Running: ['airflow', 'tasks', 'run', 'user_processing', 'extracting_user', '2020-01-12T00:00:00+00:00', '--job-id', '99', '--pool', 'default_pool', '--raw', '--subdir', 'DAGS_FOLDER/user_processing.py', '--cfg-path', '/tmp/tmpcwpghm5e', '--error-file', '/tmp/tmpc_hgr3ay']
[2022-03-20 11:55:47,534] {standard_task_runner.py:77} INFO - Job 99: Subtask extracting_user
[2022-03-20 11:55:47,692] {logging_mixin.py:104} INFO - Running <TaskInstance: user_processing.extracting_user 2020-01-12T00:00:00+00:00 [running]> on host airflowvm
[2022-03-20 11:55:47,863] {taskinstance.py:1280} INFO - Exporting the following env vars:
AIRFLOW_CTX_DAG_OWNER=airflow
AIRFLOW_CTX_DAG_ID=user_processing
AIRFLOW_CTX_TASK_ID=extracting_user
AIRFLOW_CTX_EXECUTION_DATE=2020-01-12T00:00:00+00:00
AIRFLOW_CTX_DAG_RUN_ID=scheduled__2020-01-12T00:00:00+00:00
[2022-03-20 11:55:47,864] {http.py:111} INFO - Calling HTTP method
[2022-03-20 11:55:47,876] {base.py:69} INFO - Using connection to: id: user_api. Host: https://randomuser.me/, Port: None, Schema: , Login: , Password: ***, extra: {}
[2022-03-20 11:55:47,879] {http.py:140} INFO - Sending 'GET' to url: https://randomuser.me/api/
[2022-03-20 11:55:48,287] {http.py:115} INFO - {"results":[{"gender":"female","name":{"title":"Miss","first":"Maxine","last":"Lowe"},"location":{"street":{"number":8953,"name":"Marsh Ln"},"city":"Perth","state":"South Australia","country":"Australia","postcode":7207,"coordinates":{"latitude":"-79.9565","longitude":"24.1452"},"timezone":{"offset":"+3:30","description":"Tehran"}},"email":"maxine.lowe@example.com","login":{"uuid":"a819e7a8-a1e5-457d-9fab-212a7308b926","username":"silvercat199","password":"packer","salt":"g5wtC2v9","md5":"59ffff57d893bfddbf267ace81aea6da","sha1":"75d1892312ae3b964994041c35736adb05082256","sha256":"14504c247037c4b42db48326959c09370720f1573d9a3868db238ffcf7c98d29"},"dob":{"date":"1951-11-18T00:42:35.890Z","age":71},"registered":{"date":"2013-04-12T01:47:01.725Z","age":9},"phone":"02-0576-1456","cell":"0447-192-445","id":{"name":"TFN","value":"660567285"},"picture":{"large":"https://randomuser.me/api/portraits/women/43.jpg","medium":"https://randomuser.me/api/portraits/med/women/43.jpg","thumbnail":"https://randomuser.me/api/portraits/thumb/women/43.jpg"},"nat":"AU"}],"info":{"seed":"dc127ba9dde98957","results":1,"page":1,"version":"1.3"}}
[2022-03-20 11:55:48,362] {taskinstance.py:1184} INFO - Marking task as SUCCESS. dag_id=user_processing, task_id=extracting_user, execution_date=20200112T000000, start_date=20220320T115547, end_date=20220320T115548
[2022-03-20 11:55:48,442] {taskinstance.py:1245} INFO - 1 downstream tasks scheduled from follow-on schedule check
[2022-03-20 11:55:48,458] {local_task_job.py:151} INFO - Task exited with return code 0
