[2022-03-20 11:57:51,463] {taskinstance.py:876} INFO - Dependencies all met for <TaskInstance: user_processing.processing_user 2020-01-15T00:00:00+00:00 [queued]>
[2022-03-20 11:57:51,482] {taskinstance.py:876} INFO - Dependencies all met for <TaskInstance: user_processing.processing_user 2020-01-15T00:00:00+00:00 [queued]>
[2022-03-20 11:57:51,483] {taskinstance.py:1067} INFO - 
--------------------------------------------------------------------------------
[2022-03-20 11:57:51,483] {taskinstance.py:1068} INFO - Starting attempt 1 of 1
[2022-03-20 11:57:51,483] {taskinstance.py:1069} INFO - 
--------------------------------------------------------------------------------
[2022-03-20 11:57:51,523] {taskinstance.py:1087} INFO - Executing <Task(PythonOperator): processing_user> on 2020-01-15T00:00:00+00:00
[2022-03-20 11:57:51,528] {standard_task_runner.py:52} INFO - Started process 32444 to run task
[2022-03-20 11:57:51,545] {standard_task_runner.py:76} INFO - Running: ['airflow', 'tasks', 'run', 'user_processing', 'processing_user', '2020-01-15T00:00:00+00:00', '--job-id', '120', '--pool', 'default_pool', '--raw', '--subdir', 'DAGS_FOLDER/user_processing.py', '--cfg-path', '/tmp/tmpy8o9yf_d', '--error-file', '/tmp/tmpdxmtn9u6']
[2022-03-20 11:57:51,546] {standard_task_runner.py:77} INFO - Job 120: Subtask processing_user
[2022-03-20 11:57:51,698] {logging_mixin.py:104} INFO - Running <TaskInstance: user_processing.processing_user 2020-01-15T00:00:00+00:00 [running]> on host airflowvm
[2022-03-20 11:57:51,978] {taskinstance.py:1280} INFO - Exporting the following env vars:
AIRFLOW_CTX_DAG_OWNER=airflow
AIRFLOW_CTX_DAG_ID=user_processing
AIRFLOW_CTX_TASK_ID=processing_user
AIRFLOW_CTX_EXECUTION_DATE=2020-01-15T00:00:00+00:00
AIRFLOW_CTX_DAG_RUN_ID=scheduled__2020-01-15T00:00:00+00:00
[2022-03-20 11:57:52,024] {python.py:151} INFO - Done. Returned value was: None
[2022-03-20 11:57:52,031] {taskinstance.py:1184} INFO - Marking task as SUCCESS. dag_id=user_processing, task_id=processing_user, execution_date=20200115T000000, start_date=20220320T115751, end_date=20220320T115752
[2022-03-20 11:57:52,133] {taskinstance.py:1245} INFO - 1 downstream tasks scheduled from follow-on schedule check
[2022-03-20 11:57:52,153] {local_task_job.py:151} INFO - Task exited with return code 0
