[2022-03-20 12:56:52,362] {taskinstance.py:876} INFO - Dependencies all met for <TaskInstance: user_processing.is_api_available 2022-01-27T00:00:00+00:00 [queued]>
[2022-03-20 12:56:52,377] {taskinstance.py:876} INFO - Dependencies all met for <TaskInstance: user_processing.is_api_available 2022-01-27T00:00:00+00:00 [queued]>
[2022-03-20 12:56:52,377] {taskinstance.py:1067} INFO - 
--------------------------------------------------------------------------------
[2022-03-20 12:56:52,377] {taskinstance.py:1068} INFO - Starting attempt 1 of 1
[2022-03-20 12:56:52,378] {taskinstance.py:1069} INFO - 
--------------------------------------------------------------------------------
[2022-03-20 12:56:52,439] {taskinstance.py:1087} INFO - Executing <Task(HttpSensor): is_api_available> on 2022-01-27T00:00:00+00:00
[2022-03-20 12:56:52,443] {standard_task_runner.py:52} INFO - Started process 67710 to run task
[2022-03-20 12:56:52,460] {standard_task_runner.py:76} INFO - Running: ['airflow', 'tasks', 'run', 'user_processing', 'is_api_available', '2022-01-27T00:00:00+00:00', '--job-id', '523', '--pool', 'default_pool', '--raw', '--subdir', 'DAGS_FOLDER/user_processing.py', '--cfg-path', '/tmp/tmpxo_iutoh', '--error-file', '/tmp/tmp5sq92_5w']
[2022-03-20 12:56:52,462] {standard_task_runner.py:77} INFO - Job 523: Subtask is_api_available
[2022-03-20 12:56:52,633] {logging_mixin.py:104} INFO - Running <TaskInstance: user_processing.is_api_available 2022-01-27T00:00:00+00:00 [running]> on host airflowvm
[2022-03-20 12:56:52,836] {taskinstance.py:1280} INFO - Exporting the following env vars:
AIRFLOW_CTX_DAG_OWNER=airflow
AIRFLOW_CTX_DAG_ID=user_processing
AIRFLOW_CTX_TASK_ID=is_api_available
AIRFLOW_CTX_EXECUTION_DATE=2022-01-27T00:00:00+00:00
AIRFLOW_CTX_DAG_RUN_ID=scheduled__2022-01-27T00:00:00+00:00
[2022-03-20 12:56:52,837] {http.py:101} INFO - Poking: api/
[2022-03-20 12:56:52,847] {base.py:69} INFO - Using connection to: id: user_api. Host: https://randomuser.me/, Port: None, Schema: , Login: , Password: ***, extra: {}
[2022-03-20 12:56:52,851] {http.py:140} INFO - Sending 'GET' to url: https://randomuser.me/api/
[2022-03-20 12:56:53,530] {base.py:243} INFO - Success criteria met. Exiting.
[2022-03-20 12:56:53,546] {taskinstance.py:1184} INFO - Marking task as SUCCESS. dag_id=user_processing, task_id=is_api_available, execution_date=20220127T000000, start_date=20220320T125652, end_date=20220320T125653
[2022-03-20 12:56:53,652] {taskinstance.py:1245} INFO - 1 downstream tasks scheduled from follow-on schedule check
[2022-03-20 12:56:53,693] {local_task_job.py:151} INFO - Task exited with return code 0
