[2022-03-20 12:03:58,699] {taskinstance.py:876} INFO - Dependencies all met for <TaskInstance: user_processing.extracting_user 2020-01-29T00:00:00+00:00 [queued]>
[2022-03-20 12:03:58,716] {taskinstance.py:876} INFO - Dependencies all met for <TaskInstance: user_processing.extracting_user 2020-01-29T00:00:00+00:00 [queued]>
[2022-03-20 12:03:58,716] {taskinstance.py:1067} INFO - 
--------------------------------------------------------------------------------
[2022-03-20 12:03:58,717] {taskinstance.py:1068} INFO - Starting attempt 1 of 1
[2022-03-20 12:03:58,717] {taskinstance.py:1069} INFO - 
--------------------------------------------------------------------------------
[2022-03-20 12:03:58,754] {taskinstance.py:1087} INFO - Executing <Task(SimpleHttpOperator): extracting_user> on 2020-01-29T00:00:00+00:00
[2022-03-20 12:03:58,759] {standard_task_runner.py:52} INFO - Started process 37104 to run task
[2022-03-20 12:03:58,777] {standard_task_runner.py:76} INFO - Running: ['airflow', 'tasks', 'run', 'user_processing', 'extracting_user', '2020-01-29T00:00:00+00:00', '--job-id', '184', '--pool', 'default_pool', '--raw', '--subdir', 'DAGS_FOLDER/user_processing.py', '--cfg-path', '/tmp/tmpehwt3cdb', '--error-file', '/tmp/tmp9z729ddg']
[2022-03-20 12:03:58,778] {standard_task_runner.py:77} INFO - Job 184: Subtask extracting_user
[2022-03-20 12:03:58,910] {logging_mixin.py:104} INFO - Running <TaskInstance: user_processing.extracting_user 2020-01-29T00:00:00+00:00 [running]> on host airflowvm
[2022-03-20 12:03:59,081] {taskinstance.py:1280} INFO - Exporting the following env vars:
AIRFLOW_CTX_DAG_OWNER=airflow
AIRFLOW_CTX_DAG_ID=user_processing
AIRFLOW_CTX_TASK_ID=extracting_user
AIRFLOW_CTX_EXECUTION_DATE=2020-01-29T00:00:00+00:00
AIRFLOW_CTX_DAG_RUN_ID=scheduled__2020-01-29T00:00:00+00:00
[2022-03-20 12:03:59,082] {http.py:111} INFO - Calling HTTP method
[2022-03-20 12:03:59,092] {base.py:69} INFO - Using connection to: id: user_api. Host: https://randomuser.me/, Port: None, Schema: , Login: , Password: ***, extra: {}
[2022-03-20 12:03:59,096] {http.py:140} INFO - Sending 'GET' to url: https://randomuser.me/api/
[2022-03-20 12:03:59,618] {http.py:115} INFO - {"results":[{"gender":"male","name":{"title":"Mr","first":"Macit","last":"Aydan"},"location":{"street":{"number":9569,"name":"Necatibey Cd"},"city":"Karabük","state":"Batman","country":"Turkey","postcode":59473,"coordinates":{"latitude":"76.7352","longitude":"-121.4386"},"timezone":{"offset":"0:00","description":"Western Europe Time, London, Lisbon, Casablanca"}},"email":"macit.aydan@example.com","login":{"uuid":"a27f8fe8-dae0-4072-a4ee-8cc6980942fc","username":"tinytiger586","password":"diamonds","salt":"1O6cbCky","md5":"b43e3976c5a40b4d7da7aed689120e6a","sha1":"1eba3ee113c18c13373df8a2fcc9587c553311ce","sha256":"19401a31d958771423c2396999080d6cb367b608d1f9471ec57d4eb623d23bd1"},"dob":{"date":"1986-08-03T01:20:28.210Z","age":36},"registered":{"date":"2016-03-29T09:32:26.816Z","age":6},"phone":"(650)-521-9728","cell":"(053)-855-0013","id":{"name":"","value":null},"picture":{"large":"https://randomuser.me/api/portraits/men/42.jpg","medium":"https://randomuser.me/api/portraits/med/men/42.jpg","thumbnail":"https://randomuser.me/api/portraits/thumb/men/42.jpg"},"nat":"TR"}],"info":{"seed":"4d2f2e258f52e8b8","results":1,"page":1,"version":"1.3"}}
[2022-03-20 12:03:59,673] {taskinstance.py:1184} INFO - Marking task as SUCCESS. dag_id=user_processing, task_id=extracting_user, execution_date=20200129T000000, start_date=20220320T120358, end_date=20220320T120359
[2022-03-20 12:03:59,753] {taskinstance.py:1245} INFO - 1 downstream tasks scheduled from follow-on schedule check
[2022-03-20 12:03:59,791] {local_task_job.py:151} INFO - Task exited with return code 0
