[2022-03-20 14:11:45,177] {taskinstance.py:876} INFO - Dependencies all met for <TaskInstance: user_processing.extracting_user 2020-01-29T00:00:00+00:00 [queued]>
[2022-03-20 14:11:45,221] {taskinstance.py:876} INFO - Dependencies all met for <TaskInstance: user_processing.extracting_user 2020-01-29T00:00:00+00:00 [queued]>
[2022-03-20 14:11:45,227] {taskinstance.py:1067} INFO - 
--------------------------------------------------------------------------------
[2022-03-20 14:11:45,228] {taskinstance.py:1068} INFO - Starting attempt 2 of 2
[2022-03-20 14:11:45,228] {taskinstance.py:1069} INFO - 
--------------------------------------------------------------------------------
[2022-03-20 14:11:45,275] {taskinstance.py:1087} INFO - Executing <Task(SimpleHttpOperator): extracting_user> on 2020-01-29T00:00:00+00:00
[2022-03-20 14:11:45,280] {standard_task_runner.py:52} INFO - Started process 103221 to run task
[2022-03-20 14:11:45,308] {standard_task_runner.py:76} INFO - Running: ['airflow', 'tasks', 'run', 'user_processing', 'extracting_user', '2020-01-29T00:00:00+00:00', '--job-id', '982', '--pool', 'default_pool', '--raw', '--subdir', 'DAGS_FOLDER/user_processing.py', '--cfg-path', '/tmp/tmp0koqx2vg', '--error-file', '/tmp/tmp2r9cv2r9']
[2022-03-20 14:11:45,322] {standard_task_runner.py:77} INFO - Job 982: Subtask extracting_user
[2022-03-20 14:11:45,450] {logging_mixin.py:104} INFO - Running <TaskInstance: user_processing.extracting_user 2020-01-29T00:00:00+00:00 [running]> on host airflowvm
[2022-03-20 14:11:45,620] {taskinstance.py:1280} INFO - Exporting the following env vars:
AIRFLOW_CTX_DAG_OWNER=airflow
AIRFLOW_CTX_DAG_ID=user_processing
AIRFLOW_CTX_TASK_ID=extracting_user
AIRFLOW_CTX_EXECUTION_DATE=2020-01-29T00:00:00+00:00
AIRFLOW_CTX_DAG_RUN_ID=scheduled__2020-01-29T00:00:00+00:00
[2022-03-20 14:11:45,622] {http.py:111} INFO - Calling HTTP method
[2022-03-20 14:11:45,635] {base.py:69} INFO - Using connection to: id: user_api. Host: https://randomuser.me/, Port: None, Schema: , Login: , Password: ***, extra: {}
[2022-03-20 14:11:45,640] {http.py:140} INFO - Sending 'GET' to url: https://randomuser.me/api/
[2022-03-20 14:11:46,078] {http.py:115} INFO - {"results":[{"gender":"female","name":{"title":"Miss","first":"Sophie","last":"Andersen"},"location":{"street":{"number":9847,"name":"Stanley Way"},"city":"Maitland","state":"Manitoba","country":"Canada","postcode":"H3F 2C3","coordinates":{"latitude":"-63.4595","longitude":"169.9701"},"timezone":{"offset":"-1:00","description":"Azores, Cape Verde Islands"}},"email":"sophie.andersen@example.com","login":{"uuid":"f036fe92-0660-4141-8654-bf700a9df179","username":"crazypanda993","password":"fdm7ed","salt":"AAdeteYy","md5":"e3386443d29d406d703c197911db0bdf","sha1":"9e36b486e49bd3ea00a7d122977fc6ee20d52ad7","sha256":"0ca881a45729d5ddb587e4be0830fb10d3b37e3eba66b48b24dad2b4d4d8c28c"},"dob":{"date":"1970-08-10T06:07:39.185Z","age":52},"registered":{"date":"2003-03-25T07:21:01.593Z","age":19},"phone":"658-904-6782","cell":"681-423-3286","id":{"name":"","value":null},"picture":{"large":"https://randomuser.me/api/portraits/women/0.jpg","medium":"https://randomuser.me/api/portraits/med/women/0.jpg","thumbnail":"https://randomuser.me/api/portraits/thumb/women/0.jpg"},"nat":"CA"}],"info":{"seed":"3e9b8d067c006a51","results":1,"page":1,"version":"1.3"}}
[2022-03-20 14:11:46,289] {taskinstance.py:1184} INFO - Marking task as SUCCESS. dag_id=user_processing, task_id=extracting_user, execution_date=20200129T000000, start_date=20220320T141145, end_date=20220320T141146
[2022-03-20 14:11:46,484] {taskinstance.py:1245} INFO - 1 downstream tasks scheduled from follow-on schedule check
[2022-03-20 14:11:46,513] {local_task_job.py:151} INFO - Task exited with return code 0
