[2022-03-20 13:17:38,059] {taskinstance.py:876} INFO - Dependencies all met for <TaskInstance: user_processing.extracting_user 2022-03-08T00:00:00+00:00 [queued]>
[2022-03-20 13:17:38,076] {taskinstance.py:876} INFO - Dependencies all met for <TaskInstance: user_processing.extracting_user 2022-03-08T00:00:00+00:00 [queued]>
[2022-03-20 13:17:38,076] {taskinstance.py:1067} INFO - 
--------------------------------------------------------------------------------
[2022-03-20 13:17:38,077] {taskinstance.py:1068} INFO - Starting attempt 1 of 1
[2022-03-20 13:17:38,077] {taskinstance.py:1069} INFO - 
--------------------------------------------------------------------------------
[2022-03-20 13:17:38,114] {taskinstance.py:1087} INFO - Executing <Task(SimpleHttpOperator): extracting_user> on 2022-03-08T00:00:00+00:00
[2022-03-20 13:17:38,119] {standard_task_runner.py:52} INFO - Started process 81122 to run task
[2022-03-20 13:17:38,135] {standard_task_runner.py:76} INFO - Running: ['airflow', 'tasks', 'run', 'user_processing', 'extracting_user', '2022-03-08T00:00:00+00:00', '--job-id', '729', '--pool', 'default_pool', '--raw', '--subdir', 'DAGS_FOLDER/user_processing.py', '--cfg-path', '/tmp/tmpnqoj0stq', '--error-file', '/tmp/tmpip6qgbz2']
[2022-03-20 13:17:38,136] {standard_task_runner.py:77} INFO - Job 729: Subtask extracting_user
[2022-03-20 13:17:38,257] {logging_mixin.py:104} INFO - Running <TaskInstance: user_processing.extracting_user 2022-03-08T00:00:00+00:00 [running]> on host airflowvm
[2022-03-20 13:17:38,427] {taskinstance.py:1280} INFO - Exporting the following env vars:
AIRFLOW_CTX_DAG_OWNER=airflow
AIRFLOW_CTX_DAG_ID=user_processing
AIRFLOW_CTX_TASK_ID=extracting_user
AIRFLOW_CTX_EXECUTION_DATE=2022-03-08T00:00:00+00:00
AIRFLOW_CTX_DAG_RUN_ID=scheduled__2022-03-08T00:00:00+00:00
[2022-03-20 13:17:38,428] {http.py:111} INFO - Calling HTTP method
[2022-03-20 13:17:38,438] {base.py:69} INFO - Using connection to: id: user_api. Host: https://randomuser.me/, Port: None, Schema: , Login: , Password: ***, extra: {}
[2022-03-20 13:17:38,441] {http.py:140} INFO - Sending 'GET' to url: https://randomuser.me/api/
[2022-03-20 13:17:39,010] {http.py:115} INFO - {"results":[{"gender":"male","name":{"title":"Mr","first":"پارسا","last":"حیدری"},"location":{"street":{"number":9928,"name":"میدان سلماس"},"city":"ایلام","state":"فارس","country":"Iran","postcode":79105,"coordinates":{"latitude":"34.2024","longitude":"-139.7020"},"timezone":{"offset":"+3:00","description":"Baghdad, Riyadh, Moscow, St. Petersburg"}},"email":"prs.hydry@example.com","login":{"uuid":"e28fb27c-9f1a-42bc-8405-e72f33fe5535","username":"angrygoose892","password":"coolman","salt":"K9eQkRUF","md5":"4210e293c5db88f903c89ea0061c6a35","sha1":"0bec6c9945def8405335b24a9247806f1f4d1cbb","sha256":"01953df2f8355fa2bffa22db05f91c97e4d172866ee442447779f81815f8a961"},"dob":{"date":"1971-05-14T03:14:34.588Z","age":51},"registered":{"date":"2004-10-29T08:16:05.248Z","age":18},"phone":"012-99332340","cell":"0919-384-0871","id":{"name":"","value":null},"picture":{"large":"https://randomuser.me/api/portraits/men/95.jpg","medium":"https://randomuser.me/api/portraits/med/men/95.jpg","thumbnail":"https://randomuser.me/api/portraits/thumb/men/95.jpg"},"nat":"IR"}],"info":{"seed":"ebba7587d7fb6450","results":1,"page":1,"version":"1.3"}}
[2022-03-20 13:17:39,061] {taskinstance.py:1184} INFO - Marking task as SUCCESS. dag_id=user_processing, task_id=extracting_user, execution_date=20220308T000000, start_date=20220320T131738, end_date=20220320T131739
[2022-03-20 13:17:39,146] {taskinstance.py:1245} INFO - 1 downstream tasks scheduled from follow-on schedule check
[2022-03-20 13:17:39,195] {local_task_job.py:151} INFO - Task exited with return code 0
