[2022-03-20 12:22:28,369] {taskinstance.py:876} INFO - Dependencies all met for <TaskInstance: user_processing.storing_user 2020-03-04T00:00:00+00:00 [queued]>
[2022-03-20 12:22:28,391] {taskinstance.py:876} INFO - Dependencies all met for <TaskInstance: user_processing.storing_user 2020-03-04T00:00:00+00:00 [queued]>
[2022-03-20 12:22:28,391] {taskinstance.py:1067} INFO - 
--------------------------------------------------------------------------------
[2022-03-20 12:22:28,391] {taskinstance.py:1068} INFO - Starting attempt 1 of 1
[2022-03-20 12:22:28,391] {taskinstance.py:1069} INFO - 
--------------------------------------------------------------------------------
[2022-03-20 12:22:28,644] {taskinstance.py:1087} INFO - Executing <Task(BashOperator): storing_user> on 2020-03-04T00:00:00+00:00
[2022-03-20 12:22:28,650] {standard_task_runner.py:52} INFO - Started process 50877 to run task
[2022-03-20 12:22:28,668] {standard_task_runner.py:76} INFO - Running: ['airflow', 'tasks', 'run', 'user_processing', 'storing_user', '2020-03-04T00:00:00+00:00', '--job-id', '372', '--pool', 'default_pool', '--raw', '--subdir', 'DAGS_FOLDER/user_processing.py', '--cfg-path', '/tmp/tmptac73d7a', '--error-file', '/tmp/tmpqtbz5ndy']
[2022-03-20 12:22:28,670] {standard_task_runner.py:77} INFO - Job 372: Subtask storing_user
[2022-03-20 12:22:28,813] {logging_mixin.py:104} INFO - Running <TaskInstance: user_processing.storing_user 2020-03-04T00:00:00+00:00 [running]> on host airflowvm
[2022-03-20 12:22:28,982] {taskinstance.py:1280} INFO - Exporting the following env vars:
AIRFLOW_CTX_DAG_OWNER=airflow
AIRFLOW_CTX_DAG_ID=user_processing
AIRFLOW_CTX_TASK_ID=storing_user
AIRFLOW_CTX_EXECUTION_DATE=2020-03-04T00:00:00+00:00
AIRFLOW_CTX_DAG_RUN_ID=scheduled__2020-03-04T00:00:00+00:00
[2022-03-20 12:22:28,984] {subprocess.py:52} INFO - Tmp dir root location: 
 /tmp
[2022-03-20 12:22:28,985] {subprocess.py:63} INFO - Running command: ['bash', '-c', 'echo -e ".separator ","\n. import /tmp/processed_user.csv users" | sqlite3 /home/airflow/airflow/airflow.db']
[2022-03-20 12:22:28,998] {subprocess.py:75} INFO - Output:
[2022-03-20 12:22:29,032] {subprocess.py:83} INFO - Command exited with return code 0
[2022-03-20 12:22:29,095] {taskinstance.py:1184} INFO - Marking task as SUCCESS. dag_id=user_processing, task_id=storing_user, execution_date=20200304T000000, start_date=20220320T122228, end_date=20220320T122229
[2022-03-20 12:22:29,144] {taskinstance.py:1245} INFO - 0 downstream tasks scheduled from follow-on schedule check
[2022-03-20 12:22:29,192] {local_task_job.py:151} INFO - Task exited with return code 0
