[2022-03-20 14:01:54,123] {taskinstance.py:876} INFO - Dependencies all met for <TaskInstance: user_processing.extracting_user 2020-01-05T00:00:00+00:00 [queued]>
[2022-03-20 14:01:54,151] {taskinstance.py:876} INFO - Dependencies all met for <TaskInstance: user_processing.extracting_user 2020-01-05T00:00:00+00:00 [queued]>
[2022-03-20 14:01:54,151] {taskinstance.py:1067} INFO - 
--------------------------------------------------------------------------------
[2022-03-20 14:01:54,151] {taskinstance.py:1068} INFO - Starting attempt 2 of 2
[2022-03-20 14:01:54,151] {taskinstance.py:1069} INFO - 
--------------------------------------------------------------------------------
[2022-03-20 14:01:54,200] {taskinstance.py:1087} INFO - Executing <Task(SimpleHttpOperator): extracting_user> on 2020-01-05T00:00:00+00:00
[2022-03-20 14:01:54,204] {standard_task_runner.py:52} INFO - Started process 97656 to run task
[2022-03-20 14:01:54,223] {standard_task_runner.py:76} INFO - Running: ['airflow', 'tasks', 'run', 'user_processing', 'extracting_user', '2020-01-05T00:00:00+00:00', '--job-id', '908', '--pool', 'default_pool', '--raw', '--subdir', 'DAGS_FOLDER/user_processing.py', '--cfg-path', '/tmp/tmpg2ny98si', '--error-file', '/tmp/tmp52bykjhc']
[2022-03-20 14:01:54,224] {standard_task_runner.py:77} INFO - Job 908: Subtask extracting_user
[2022-03-20 14:01:54,423] {logging_mixin.py:104} INFO - Running <TaskInstance: user_processing.extracting_user 2020-01-05T00:00:00+00:00 [running]> on host airflowvm
[2022-03-20 14:01:54,621] {taskinstance.py:1280} INFO - Exporting the following env vars:
AIRFLOW_CTX_DAG_OWNER=airflow
AIRFLOW_CTX_DAG_ID=user_processing
AIRFLOW_CTX_TASK_ID=extracting_user
AIRFLOW_CTX_EXECUTION_DATE=2020-01-05T00:00:00+00:00
AIRFLOW_CTX_DAG_RUN_ID=scheduled__2020-01-05T00:00:00+00:00
[2022-03-20 14:01:54,622] {http.py:111} INFO - Calling HTTP method
[2022-03-20 14:01:54,632] {base.py:69} INFO - Using connection to: id: user_api. Host: https://randomuser.me/, Port: None, Schema: , Login: , Password: ***, extra: {}
[2022-03-20 14:01:54,636] {http.py:140} INFO - Sending 'GET' to url: https://randomuser.me/api/
[2022-03-20 14:01:55,230] {http.py:115} INFO - {"results":[{"gender":"male","name":{"title":"Mr","first":"Jayden","last":"Ross"},"location":{"street":{"number":4280,"name":"Balmoral St"},"city":"Chesterville","state":"Ontario","country":"Canada","postcode":"X3N 6Y3","coordinates":{"latitude":"-63.8897","longitude":"-37.5240"},"timezone":{"offset":"+5:00","description":"Ekaterinburg, Islamabad, Karachi, Tashkent"}},"email":"jayden.ross@example.com","login":{"uuid":"7ca622a3-c875-403d-afcd-1ae0bb1bbef6","username":"silversnake205","password":"visa","salt":"XHDwapZz","md5":"69a193a7b7119c9abcc99e112a3f4589","sha1":"2b51eb12159235944393104bb49cb2f95a02fa1d","sha256":"d200616ee19243f191e6856f6d0a3467073ec03e53835c52d17213b8aa57fdcc"},"dob":{"date":"1981-10-29T14:04:21.258Z","age":41},"registered":{"date":"2017-09-26T06:25:48.022Z","age":5},"phone":"770-778-9353","cell":"327-819-6266","id":{"name":"","value":null},"picture":{"large":"https://randomuser.me/api/portraits/men/2.jpg","medium":"https://randomuser.me/api/portraits/med/men/2.jpg","thumbnail":"https://randomuser.me/api/portraits/thumb/men/2.jpg"},"nat":"CA"}],"info":{"seed":"123e819e845c9cfe","results":1,"page":1,"version":"1.3"}}
[2022-03-20 14:01:55,348] {taskinstance.py:1184} INFO - Marking task as SUCCESS. dag_id=user_processing, task_id=extracting_user, execution_date=20200105T000000, start_date=20220320T140154, end_date=20220320T140155
[2022-03-20 14:01:55,434] {taskinstance.py:1245} INFO - 1 downstream tasks scheduled from follow-on schedule check
[2022-03-20 14:01:55,471] {local_task_job.py:151} INFO - Task exited with return code 0
