[2022-03-20 13:11:52,713] {taskinstance.py:876} INFO - Dependencies all met for <TaskInstance: user_processing.extracting_user 2022-02-24T00:00:00+00:00 [queued]>
[2022-03-20 13:11:52,731] {taskinstance.py:876} INFO - Dependencies all met for <TaskInstance: user_processing.extracting_user 2022-02-24T00:00:00+00:00 [queued]>
[2022-03-20 13:11:52,731] {taskinstance.py:1067} INFO - 
--------------------------------------------------------------------------------
[2022-03-20 13:11:52,731] {taskinstance.py:1068} INFO - Starting attempt 1 of 1
[2022-03-20 13:11:52,732] {taskinstance.py:1069} INFO - 
--------------------------------------------------------------------------------
[2022-03-20 13:11:52,769] {taskinstance.py:1087} INFO - Executing <Task(SimpleHttpOperator): extracting_user> on 2022-02-24T00:00:00+00:00
[2022-03-20 13:11:52,774] {standard_task_runner.py:52} INFO - Started process 76369 to run task
[2022-03-20 13:11:52,790] {standard_task_runner.py:76} INFO - Running: ['airflow', 'tasks', 'run', 'user_processing', 'extracting_user', '2022-02-24T00:00:00+00:00', '--job-id', '669', '--pool', 'default_pool', '--raw', '--subdir', 'DAGS_FOLDER/user_processing.py', '--cfg-path', '/tmp/tmpvzwk4ekk', '--error-file', '/tmp/tmp1iovlcy3']
[2022-03-20 13:11:52,792] {standard_task_runner.py:77} INFO - Job 669: Subtask extracting_user
[2022-03-20 13:11:52,916] {logging_mixin.py:104} INFO - Running <TaskInstance: user_processing.extracting_user 2022-02-24T00:00:00+00:00 [running]> on host airflowvm
[2022-03-20 13:11:53,057] {taskinstance.py:1280} INFO - Exporting the following env vars:
AIRFLOW_CTX_DAG_OWNER=airflow
AIRFLOW_CTX_DAG_ID=user_processing
AIRFLOW_CTX_TASK_ID=extracting_user
AIRFLOW_CTX_EXECUTION_DATE=2022-02-24T00:00:00+00:00
AIRFLOW_CTX_DAG_RUN_ID=scheduled__2022-02-24T00:00:00+00:00
[2022-03-20 13:11:53,058] {http.py:111} INFO - Calling HTTP method
[2022-03-20 13:11:53,081] {base.py:69} INFO - Using connection to: id: user_api. Host: https://randomuser.me/, Port: None, Schema: , Login: , Password: ***, extra: {}
[2022-03-20 13:11:53,085] {http.py:140} INFO - Sending 'GET' to url: https://randomuser.me/api/
[2022-03-20 13:11:53,608] {http.py:115} INFO - {"results":[{"gender":"male","name":{"title":"Mr","first":"Morris","last":"Henry"},"location":{"street":{"number":4468,"name":"Valley View Ln"},"city":"Mildura","state":"Tasmania","country":"Australia","postcode":5703,"coordinates":{"latitude":"-87.0851","longitude":"-64.0537"},"timezone":{"offset":"+4:30","description":"Kabul"}},"email":"morris.henry@example.com","login":{"uuid":"b6a7d9ab-289d-4d84-9eb4-7be365f060bd","username":"sadfish542","password":"tucson","salt":"lGL1ZGtv","md5":"a5d6563435d5ad66f432fdb6c0a896c0","sha1":"2760043b84c366068c54c680e887d529c7bc2e62","sha256":"945ba5c762159f1aee852c6304d44d951889e20a6f8062b27f38bc2da8f9b94e"},"dob":{"date":"1982-05-07T12:11:38.377Z","age":40},"registered":{"date":"2018-02-11T11:11:23.246Z","age":4},"phone":"03-3903-0787","cell":"0440-069-942","id":{"name":"TFN","value":"704729158"},"picture":{"large":"https://randomuser.me/api/portraits/men/23.jpg","medium":"https://randomuser.me/api/portraits/med/men/23.jpg","thumbnail":"https://randomuser.me/api/portraits/thumb/men/23.jpg"},"nat":"AU"}],"info":{"seed":"720fdbda42b13267","results":1,"page":1,"version":"1.3"}}
[2022-03-20 13:11:53,664] {taskinstance.py:1184} INFO - Marking task as SUCCESS. dag_id=user_processing, task_id=extracting_user, execution_date=20220224T000000, start_date=20220320T131152, end_date=20220320T131153
[2022-03-20 13:11:53,743] {taskinstance.py:1245} INFO - 1 downstream tasks scheduled from follow-on schedule check
[2022-03-20 13:11:53,762] {local_task_job.py:151} INFO - Task exited with return code 0
