[2022-03-21 05:08:38,247] {taskinstance.py:876} INFO - Dependencies all met for <TaskInstance: user_processing.storing_user 2020-01-25T00:00:00+00:00 [queued]>
[2022-03-21 05:08:38,268] {taskinstance.py:876} INFO - Dependencies all met for <TaskInstance: user_processing.storing_user 2020-01-25T00:00:00+00:00 [queued]>
[2022-03-21 05:08:38,269] {taskinstance.py:1067} INFO - 
--------------------------------------------------------------------------------
[2022-03-21 05:08:38,269] {taskinstance.py:1068} INFO - Starting attempt 2 of 2
[2022-03-21 05:08:38,269] {taskinstance.py:1069} INFO - 
--------------------------------------------------------------------------------
[2022-03-21 05:08:38,335] {taskinstance.py:1087} INFO - Executing <Task(BashOperator): storing_user> on 2020-01-25T00:00:00+00:00
[2022-03-21 05:08:38,340] {standard_task_runner.py:52} INFO - Started process 4091 to run task
[2022-03-21 05:08:38,366] {standard_task_runner.py:76} INFO - Running: ['airflow', 'tasks', 'run', 'user_processing', 'storing_user', '2020-01-25T00:00:00+00:00', '--job-id', '1062', '--pool', 'default_pool', '--raw', '--subdir', 'DAGS_FOLDER/user_processing.py', '--cfg-path', '/tmp/tmpcnn34pcy', '--error-file', '/tmp/tmptg6m5qa6']
[2022-03-21 05:08:38,367] {standard_task_runner.py:77} INFO - Job 1062: Subtask storing_user
[2022-03-21 05:08:38,655] {logging_mixin.py:104} INFO - Running <TaskInstance: user_processing.storing_user 2020-01-25T00:00:00+00:00 [running]> on host airflowvm
[2022-03-21 05:08:39,118] {taskinstance.py:1280} INFO - Exporting the following env vars:
AIRFLOW_CTX_DAG_OWNER=airflow
AIRFLOW_CTX_DAG_ID=user_processing
AIRFLOW_CTX_TASK_ID=storing_user
AIRFLOW_CTX_EXECUTION_DATE=2020-01-25T00:00:00+00:00
AIRFLOW_CTX_DAG_RUN_ID=scheduled__2020-01-25T00:00:00+00:00
[2022-03-21 05:08:39,119] {subprocess.py:52} INFO - Tmp dir root location: 
 /tmp
[2022-03-21 05:08:39,120] {subprocess.py:63} INFO - Running command: ['bash', '-c', 'echo -e ".separator ","\n. import /tmp/processed_user.csv users" | sqlite3 /home/airflow/airflow/airflow.db']
[2022-03-21 05:08:39,148] {subprocess.py:75} INFO - Output:
[2022-03-21 05:08:39,326] {subprocess.py:83} INFO - Command exited with return code 0
[2022-03-21 05:08:39,469] {taskinstance.py:1184} INFO - Marking task as SUCCESS. dag_id=user_processing, task_id=storing_user, execution_date=20200125T000000, start_date=20220321T050838, end_date=20220321T050839
[2022-03-21 05:08:39,561] {taskinstance.py:1245} INFO - 0 downstream tasks scheduled from follow-on schedule check
[2022-03-21 05:08:39,605] {local_task_job.py:151} INFO - Task exited with return code 0
