[2022-03-20 13:16:07,466] {taskinstance.py:876} INFO - Dependencies all met for <TaskInstance: user_processing.extracting_user 2022-03-05T00:00:00+00:00 [queued]>
[2022-03-20 13:16:07,489] {taskinstance.py:876} INFO - Dependencies all met for <TaskInstance: user_processing.extracting_user 2022-03-05T00:00:00+00:00 [queued]>
[2022-03-20 13:16:07,495] {taskinstance.py:1067} INFO - 
--------------------------------------------------------------------------------
[2022-03-20 13:16:07,496] {taskinstance.py:1068} INFO - Starting attempt 1 of 1
[2022-03-20 13:16:07,496] {taskinstance.py:1069} INFO - 
--------------------------------------------------------------------------------
[2022-03-20 13:16:07,539] {taskinstance.py:1087} INFO - Executing <Task(SimpleHttpOperator): extracting_user> on 2022-03-05T00:00:00+00:00
[2022-03-20 13:16:07,544] {standard_task_runner.py:52} INFO - Started process 79867 to run task
[2022-03-20 13:16:07,561] {standard_task_runner.py:76} INFO - Running: ['airflow', 'tasks', 'run', 'user_processing', 'extracting_user', '2022-03-05T00:00:00+00:00', '--job-id', '714', '--pool', 'default_pool', '--raw', '--subdir', 'DAGS_FOLDER/user_processing.py', '--cfg-path', '/tmp/tmpp3srr25i', '--error-file', '/tmp/tmp0q517ww2']
[2022-03-20 13:16:07,563] {standard_task_runner.py:77} INFO - Job 714: Subtask extracting_user
[2022-03-20 13:16:07,687] {logging_mixin.py:104} INFO - Running <TaskInstance: user_processing.extracting_user 2022-03-05T00:00:00+00:00 [running]> on host airflowvm
[2022-03-20 13:16:08,089] {taskinstance.py:1280} INFO - Exporting the following env vars:
AIRFLOW_CTX_DAG_OWNER=airflow
AIRFLOW_CTX_DAG_ID=user_processing
AIRFLOW_CTX_TASK_ID=extracting_user
AIRFLOW_CTX_EXECUTION_DATE=2022-03-05T00:00:00+00:00
AIRFLOW_CTX_DAG_RUN_ID=scheduled__2022-03-05T00:00:00+00:00
[2022-03-20 13:16:08,090] {http.py:111} INFO - Calling HTTP method
[2022-03-20 13:16:08,101] {base.py:69} INFO - Using connection to: id: user_api. Host: https://randomuser.me/, Port: None, Schema: , Login: , Password: ***, extra: {}
[2022-03-20 13:16:08,105] {http.py:140} INFO - Sending 'GET' to url: https://randomuser.me/api/
[2022-03-20 13:16:08,626] {http.py:115} INFO - {"results":[{"gender":"female","name":{"title":"Mrs","first":"آوا","last":"سلطانی نژاد"},"location":{"street":{"number":3280,"name":"راستوان"},"city":"ارومیه","state":"سیستان و بلوچستان","country":"Iran","postcode":34917,"coordinates":{"latitude":"36.8154","longitude":"77.6524"},"timezone":{"offset":"-11:00","description":"Midway Island, Samoa"}},"email":"aw.sltnynjd@example.com","login":{"uuid":"15905517-40b1-4a81-bea5-c2f747f94a01","username":"greenpeacock244","password":"papa","salt":"cUfNIeD3","md5":"6eb4865d41c22445840fdd51416ec1e7","sha1":"4cda4b288cf3eba2fdfec5fff2b7b85e98f1620b","sha256":"ce2198f100ced007792b5e950aabdc2794707b6c90ccaa570153eb238d507f9d"},"dob":{"date":"1995-12-05T02:29:58.998Z","age":27},"registered":{"date":"2010-08-11T00:45:18.299Z","age":12},"phone":"049-63601573","cell":"0976-109-1941","id":{"name":"","value":null},"picture":{"large":"https://randomuser.me/api/portraits/women/26.jpg","medium":"https://randomuser.me/api/portraits/med/women/26.jpg","thumbnail":"https://randomuser.me/api/portraits/thumb/women/26.jpg"},"nat":"IR"}],"info":{"seed":"25d228a0b611c83c","results":1,"page":1,"version":"1.3"}}
[2022-03-20 13:16:08,694] {taskinstance.py:1184} INFO - Marking task as SUCCESS. dag_id=user_processing, task_id=extracting_user, execution_date=20220305T000000, start_date=20220320T131607, end_date=20220320T131608
[2022-03-20 13:16:08,776] {taskinstance.py:1245} INFO - 1 downstream tasks scheduled from follow-on schedule check
[2022-03-20 13:16:08,797] {local_task_job.py:151} INFO - Task exited with return code 0
