[2022-03-20 12:47:28,101] {taskinstance.py:876} INFO - Dependencies all met for <TaskInstance: user_processing.extracting_user 2022-01-07T00:00:00+00:00 [queued]>
[2022-03-20 12:47:28,116] {taskinstance.py:876} INFO - Dependencies all met for <TaskInstance: user_processing.extracting_user 2022-01-07T00:00:00+00:00 [queued]>
[2022-03-20 12:47:28,116] {taskinstance.py:1067} INFO - 
--------------------------------------------------------------------------------
[2022-03-20 12:47:28,117] {taskinstance.py:1068} INFO - Starting attempt 1 of 1
[2022-03-20 12:47:28,117] {taskinstance.py:1069} INFO - 
--------------------------------------------------------------------------------
[2022-03-20 12:47:28,173] {taskinstance.py:1087} INFO - Executing <Task(SimpleHttpOperator): extracting_user> on 2022-01-07T00:00:00+00:00
[2022-03-20 12:47:28,177] {standard_task_runner.py:52} INFO - Started process 63337 to run task
[2022-03-20 12:47:28,195] {standard_task_runner.py:76} INFO - Running: ['airflow', 'tasks', 'run', 'user_processing', 'extracting_user', '2022-01-07T00:00:00+00:00', '--job-id', '429', '--pool', 'default_pool', '--raw', '--subdir', 'DAGS_FOLDER/user_processing.py', '--cfg-path', '/tmp/tmpow1kyhtr', '--error-file', '/tmp/tmpkpa23pc7']
[2022-03-20 12:47:28,197] {standard_task_runner.py:77} INFO - Job 429: Subtask extracting_user
[2022-03-20 12:47:28,364] {logging_mixin.py:104} INFO - Running <TaskInstance: user_processing.extracting_user 2022-01-07T00:00:00+00:00 [running]> on host airflowvm
[2022-03-20 12:47:28,608] {taskinstance.py:1280} INFO - Exporting the following env vars:
AIRFLOW_CTX_DAG_OWNER=airflow
AIRFLOW_CTX_DAG_ID=user_processing
AIRFLOW_CTX_TASK_ID=extracting_user
AIRFLOW_CTX_EXECUTION_DATE=2022-01-07T00:00:00+00:00
AIRFLOW_CTX_DAG_RUN_ID=scheduled__2022-01-07T00:00:00+00:00
[2022-03-20 12:47:28,609] {http.py:111} INFO - Calling HTTP method
[2022-03-20 12:47:28,618] {base.py:69} INFO - Using connection to: id: user_api. Host: https://randomuser.me/, Port: None, Schema: , Login: , Password: ***, extra: {}
[2022-03-20 12:47:28,622] {http.py:140} INFO - Sending 'GET' to url: https://randomuser.me/api/
[2022-03-20 12:47:29,220] {http.py:115} INFO - {"results":[{"gender":"female","name":{"title":"Mrs","first":"Julie","last":"Murphy"},"location":{"street":{"number":7386,"name":"Alexander Road"},"city":"Chichester","state":"Hampshire","country":"United Kingdom","postcode":"PP4 9FN","coordinates":{"latitude":"12.0922","longitude":"131.0266"},"timezone":{"offset":"-1:00","description":"Azores, Cape Verde Islands"}},"email":"julie.murphy@example.com","login":{"uuid":"7aa6b037-748a-4ac2-9702-e741afe6d0bc","username":"blacktiger520","password":"&amp","salt":"rHMPXkhE","md5":"bf4fc4322687dccdf943afb24aadfe7b","sha1":"d50b18c6f08924deaf31ca234ccd7f70b5128516","sha256":"485471e9d8b16e06c03dea967b6a0aa575e51655f148800054c2ff0b4efeb2d6"},"dob":{"date":"1959-05-11T01:16:13.588Z","age":63},"registered":{"date":"2003-04-26T19:37:17.239Z","age":19},"phone":"017683 79422","cell":"0705-477-600","id":{"name":"NINO","value":"PK 44 50 42 J"},"picture":{"large":"https://randomuser.me/api/portraits/women/62.jpg","medium":"https://randomuser.me/api/portraits/med/women/62.jpg","thumbnail":"https://randomuser.me/api/portraits/thumb/women/62.jpg"},"nat":"GB"}],"info":{"seed":"acf1397a6dccd273","results":1,"page":1,"version":"1.3"}}
[2022-03-20 12:47:29,285] {taskinstance.py:1184} INFO - Marking task as SUCCESS. dag_id=user_processing, task_id=extracting_user, execution_date=20220107T000000, start_date=20220320T124728, end_date=20220320T124729
[2022-03-20 12:47:29,431] {taskinstance.py:1245} INFO - 1 downstream tasks scheduled from follow-on schedule check
[2022-03-20 12:47:29,445] {local_task_job.py:151} INFO - Task exited with return code 0
