[2022-03-20 12:01:14,885] {taskinstance.py:876} INFO - Dependencies all met for <TaskInstance: user_processing.extracting_user 2020-01-23T00:00:00+00:00 [queued]>
[2022-03-20 12:01:14,900] {taskinstance.py:876} INFO - Dependencies all met for <TaskInstance: user_processing.extracting_user 2020-01-23T00:00:00+00:00 [queued]>
[2022-03-20 12:01:14,900] {taskinstance.py:1067} INFO - 
--------------------------------------------------------------------------------
[2022-03-20 12:01:14,901] {taskinstance.py:1068} INFO - Starting attempt 1 of 1
[2022-03-20 12:01:14,901] {taskinstance.py:1069} INFO - 
--------------------------------------------------------------------------------
[2022-03-20 12:01:14,937] {taskinstance.py:1087} INFO - Executing <Task(SimpleHttpOperator): extracting_user> on 2020-01-23T00:00:00+00:00
[2022-03-20 12:01:14,942] {standard_task_runner.py:52} INFO - Started process 35020 to run task
[2022-03-20 12:01:14,954] {standard_task_runner.py:76} INFO - Running: ['airflow', 'tasks', 'run', 'user_processing', 'extracting_user', '2020-01-23T00:00:00+00:00', '--job-id', '154', '--pool', 'default_pool', '--raw', '--subdir', 'DAGS_FOLDER/user_processing.py', '--cfg-path', '/tmp/tmp0u22g71c', '--error-file', '/tmp/tmpi87wbkx2']
[2022-03-20 12:01:14,959] {standard_task_runner.py:77} INFO - Job 154: Subtask extracting_user
[2022-03-20 12:01:15,094] {logging_mixin.py:104} INFO - Running <TaskInstance: user_processing.extracting_user 2020-01-23T00:00:00+00:00 [running]> on host airflowvm
[2022-03-20 12:01:15,240] {taskinstance.py:1280} INFO - Exporting the following env vars:
AIRFLOW_CTX_DAG_OWNER=airflow
AIRFLOW_CTX_DAG_ID=user_processing
AIRFLOW_CTX_TASK_ID=extracting_user
AIRFLOW_CTX_EXECUTION_DATE=2020-01-23T00:00:00+00:00
AIRFLOW_CTX_DAG_RUN_ID=scheduled__2020-01-23T00:00:00+00:00
[2022-03-20 12:01:15,241] {http.py:111} INFO - Calling HTTP method
[2022-03-20 12:01:15,251] {base.py:69} INFO - Using connection to: id: user_api. Host: https://randomuser.me/, Port: None, Schema: , Login: , Password: ***, extra: {}
[2022-03-20 12:01:15,257] {http.py:140} INFO - Sending 'GET' to url: https://randomuser.me/api/
[2022-03-20 12:01:15,867] {http.py:115} INFO - {"results":[{"gender":"female","name":{"title":"Mrs","first":"Afet","last":"Biçer"},"location":{"street":{"number":4883,"name":"Mevlana Cd"},"city":"Ağrı","state":"Afyonkarahisar","country":"Turkey","postcode":82332,"coordinates":{"latitude":"79.1516","longitude":"114.7860"},"timezone":{"offset":"+5:45","description":"Kathmandu"}},"email":"afet.bicer@example.com","login":{"uuid":"036b7e00-c2ed-49f6-afbc-ffa1d6b40e0d","username":"smallwolf994","password":"reflex","salt":"i33J7Aj7","md5":"f31f692dc174b001e33eadf9f2d1d3b3","sha1":"d8e096164812351278be564e8499c357e71ad191","sha256":"84afaf26e67e8659bec95a6928cc22ac04f1565a2cb9a46aea0dd0614e0d8804"},"dob":{"date":"1981-05-26T00:30:31.491Z","age":41},"registered":{"date":"2003-08-20T00:18:28.218Z","age":19},"phone":"(372)-090-8083","cell":"(190)-744-9286","id":{"name":"","value":null},"picture":{"large":"https://randomuser.me/api/portraits/women/79.jpg","medium":"https://randomuser.me/api/portraits/med/women/79.jpg","thumbnail":"https://randomuser.me/api/portraits/thumb/women/79.jpg"},"nat":"TR"}],"info":{"seed":"b13e7da7dc8cfb0e","results":1,"page":1,"version":"1.3"}}
[2022-03-20 12:01:15,962] {taskinstance.py:1184} INFO - Marking task as SUCCESS. dag_id=user_processing, task_id=extracting_user, execution_date=20200123T000000, start_date=20220320T120114, end_date=20220320T120115
[2022-03-20 12:01:16,043] {taskinstance.py:1245} INFO - 1 downstream tasks scheduled from follow-on schedule check
[2022-03-20 12:01:16,080] {local_task_job.py:151} INFO - Task exited with return code 0
