[2022-03-20 12:24:29,042] {taskinstance.py:876} INFO - Dependencies all met for <TaskInstance: user_processing.extracting_user 2020-03-09T00:00:00+00:00 [queued]>
[2022-03-20 12:24:29,060] {taskinstance.py:876} INFO - Dependencies all met for <TaskInstance: user_processing.extracting_user 2020-03-09T00:00:00+00:00 [queued]>
[2022-03-20 12:24:29,064] {taskinstance.py:1067} INFO - 
--------------------------------------------------------------------------------
[2022-03-20 12:24:29,064] {taskinstance.py:1068} INFO - Starting attempt 1 of 1
[2022-03-20 12:24:29,064] {taskinstance.py:1069} INFO - 
--------------------------------------------------------------------------------
[2022-03-20 12:24:29,104] {taskinstance.py:1087} INFO - Executing <Task(SimpleHttpOperator): extracting_user> on 2020-03-09T00:00:00+00:00
[2022-03-20 12:24:29,108] {standard_task_runner.py:52} INFO - Started process 52136 to run task
[2022-03-20 12:24:29,132] {standard_task_runner.py:76} INFO - Running: ['airflow', 'tasks', 'run', 'user_processing', 'extracting_user', '2020-03-09T00:00:00+00:00', '--job-id', '385', '--pool', 'default_pool', '--raw', '--subdir', 'DAGS_FOLDER/user_processing.py', '--cfg-path', '/tmp/tmpbp42mbyg', '--error-file', '/tmp/tmpx3hv37qi']
[2022-03-20 12:24:29,133] {standard_task_runner.py:77} INFO - Job 385: Subtask extracting_user
[2022-03-20 12:24:29,274] {logging_mixin.py:104} INFO - Running <TaskInstance: user_processing.extracting_user 2020-03-09T00:00:00+00:00 [running]> on host airflowvm
[2022-03-20 12:24:29,440] {taskinstance.py:1280} INFO - Exporting the following env vars:
AIRFLOW_CTX_DAG_OWNER=airflow
AIRFLOW_CTX_DAG_ID=user_processing
AIRFLOW_CTX_TASK_ID=extracting_user
AIRFLOW_CTX_EXECUTION_DATE=2020-03-09T00:00:00+00:00
AIRFLOW_CTX_DAG_RUN_ID=scheduled__2020-03-09T00:00:00+00:00
[2022-03-20 12:24:29,442] {http.py:111} INFO - Calling HTTP method
[2022-03-20 12:24:29,460] {base.py:69} INFO - Using connection to: id: user_api. Host: https://randomuser.me/, Port: None, Schema: , Login: , Password: ***, extra: {}
[2022-03-20 12:24:29,464] {http.py:140} INFO - Sending 'GET' to url: https://randomuser.me/api/
[2022-03-20 12:24:29,885] {http.py:115} INFO - {"results":[{"gender":"male","name":{"title":"Mr","first":"Jesse","last":"Karjala"},"location":{"street":{"number":57,"name":"Visiokatu"},"city":"Merijärvi","state":"North Karelia","country":"Finland","postcode":67248,"coordinates":{"latitude":"-12.8519","longitude":"-36.5962"},"timezone":{"offset":"+9:00","description":"Tokyo, Seoul, Osaka, Sapporo, Yakutsk"}},"email":"jesse.karjala@example.com","login":{"uuid":"54e0f85a-4697-4f3d-b41b-0afee652e358","username":"bigpanda148","password":"dreams","salt":"pAMB9oZU","md5":"3a498911544c0e32d85caed60990652a","sha1":"020aa90a3c2840e225de41396d7d97ed55aebd1a","sha256":"7ec68f963252e1ddbd0ffc9422bcfa4f8e0edbae63dd31832149f4f61c15aa53"},"dob":{"date":"1981-01-02T15:56:33.116Z","age":41},"registered":{"date":"2018-11-29T05:03:52.547Z","age":4},"phone":"09-431-823","cell":"045-234-43-13","id":{"name":"HETU","value":"NaNNA047undefined"},"picture":{"large":"https://randomuser.me/api/portraits/men/89.jpg","medium":"https://randomuser.me/api/portraits/med/men/89.jpg","thumbnail":"https://randomuser.me/api/portraits/thumb/men/89.jpg"},"nat":"FI"}],"info":{"seed":"746f8e4fb6555a21","results":1,"page":1,"version":"1.3"}}
[2022-03-20 12:24:29,943] {taskinstance.py:1184} INFO - Marking task as SUCCESS. dag_id=user_processing, task_id=extracting_user, execution_date=20200309T000000, start_date=20220320T122429, end_date=20220320T122429
[2022-03-20 12:24:30,031] {taskinstance.py:1245} INFO - 1 downstream tasks scheduled from follow-on schedule check
[2022-03-20 12:24:30,056] {local_task_job.py:151} INFO - Task exited with return code 0
