[2022-03-20 13:05:49,994] {taskinstance.py:876} INFO - Dependencies all met for <TaskInstance: user_processing.extracting_user 2022-02-12T00:00:00+00:00 [queued]>
[2022-03-20 13:05:50,011] {taskinstance.py:876} INFO - Dependencies all met for <TaskInstance: user_processing.extracting_user 2022-02-12T00:00:00+00:00 [queued]>
[2022-03-20 13:05:50,011] {taskinstance.py:1067} INFO - 
--------------------------------------------------------------------------------
[2022-03-20 13:05:50,013] {taskinstance.py:1068} INFO - Starting attempt 1 of 1
[2022-03-20 13:05:50,013] {taskinstance.py:1069} INFO - 
--------------------------------------------------------------------------------
[2022-03-20 13:05:50,307] {taskinstance.py:1087} INFO - Executing <Task(SimpleHttpOperator): extracting_user> on 2022-02-12T00:00:00+00:00
[2022-03-20 13:05:50,321] {standard_task_runner.py:52} INFO - Started process 71902 to run task
[2022-03-20 13:05:50,337] {standard_task_runner.py:76} INFO - Running: ['airflow', 'tasks', 'run', 'user_processing', 'extracting_user', '2022-02-12T00:00:00+00:00', '--job-id', '609', '--pool', 'default_pool', '--raw', '--subdir', 'DAGS_FOLDER/user_processing.py', '--cfg-path', '/tmp/tmpeb8plnoi', '--error-file', '/tmp/tmp81xij56m']
[2022-03-20 13:05:50,344] {standard_task_runner.py:77} INFO - Job 609: Subtask extracting_user
[2022-03-20 13:05:50,685] {logging_mixin.py:104} INFO - Running <TaskInstance: user_processing.extracting_user 2022-02-12T00:00:00+00:00 [running]> on host airflowvm
[2022-03-20 13:05:51,354] {taskinstance.py:1280} INFO - Exporting the following env vars:
AIRFLOW_CTX_DAG_OWNER=airflow
AIRFLOW_CTX_DAG_ID=user_processing
AIRFLOW_CTX_TASK_ID=extracting_user
AIRFLOW_CTX_EXECUTION_DATE=2022-02-12T00:00:00+00:00
AIRFLOW_CTX_DAG_RUN_ID=scheduled__2022-02-12T00:00:00+00:00
[2022-03-20 13:05:51,355] {http.py:111} INFO - Calling HTTP method
[2022-03-20 13:05:51,366] {base.py:69} INFO - Using connection to: id: user_api. Host: https://randomuser.me/, Port: None, Schema: , Login: , Password: ***, extra: {}
[2022-03-20 13:05:51,373] {http.py:140} INFO - Sending 'GET' to url: https://randomuser.me/api/
[2022-03-20 13:05:51,806] {http.py:115} INFO - {"results":[{"gender":"male","name":{"title":"Mr","first":"Adam","last":"Pedersen"},"location":{"street":{"number":8721,"name":"Svinget"},"city":"Rønnede","state":"Hovedstaden","country":"Denmark","postcode":98978,"coordinates":{"latitude":"-34.3762","longitude":"-34.2878"},"timezone":{"offset":"-4:00","description":"Atlantic Time (Canada), Caracas, La Paz"}},"email":"adam.pedersen@example.com","login":{"uuid":"0b4ddb4f-0964-4e38-a48b-d673a6c1bdc1","username":"lazyostrich833","password":"drive","salt":"aLAr3nFO","md5":"da5a6c1c5de070f46304b85bd3b18a4d","sha1":"3912073ea75c71ed37b0ff21ba567dc448a78dbc","sha256":"9d11806ffb0d11e9e6cce7f76488381e04c346fdfd1183ac34b4d0dac4861b1f"},"dob":{"date":"1967-02-04T09:27:56.098Z","age":55},"registered":{"date":"2010-03-07T14:22:58.580Z","age":12},"phone":"63707870","cell":"38933943","id":{"name":"CPR","value":"040267-3617"},"picture":{"large":"https://randomuser.me/api/portraits/men/20.jpg","medium":"https://randomuser.me/api/portraits/med/men/20.jpg","thumbnail":"https://randomuser.me/api/portraits/thumb/men/20.jpg"},"nat":"DK"}],"info":{"seed":"eb7fb221cd94d1a1","results":1,"page":1,"version":"1.3"}}
[2022-03-20 13:05:52,039] {taskinstance.py:1184} INFO - Marking task as SUCCESS. dag_id=user_processing, task_id=extracting_user, execution_date=20220212T000000, start_date=20220320T130549, end_date=20220320T130552
[2022-03-20 13:05:52,132] {taskinstance.py:1245} INFO - 1 downstream tasks scheduled from follow-on schedule check
[2022-03-20 13:05:52,149] {local_task_job.py:151} INFO - Task exited with return code 0
