[2022-03-20 14:10:36,929] {taskinstance.py:876} INFO - Dependencies all met for <TaskInstance: user_processing.extracting_user 2022-02-12T00:00:00+00:00 [queued]>
[2022-03-20 14:10:36,955] {taskinstance.py:876} INFO - Dependencies all met for <TaskInstance: user_processing.extracting_user 2022-02-12T00:00:00+00:00 [queued]>
[2022-03-20 14:10:36,956] {taskinstance.py:1067} INFO - 
--------------------------------------------------------------------------------
[2022-03-20 14:10:36,956] {taskinstance.py:1068} INFO - Starting attempt 2 of 2
[2022-03-20 14:10:36,956] {taskinstance.py:1069} INFO - 
--------------------------------------------------------------------------------
[2022-03-20 14:10:36,993] {taskinstance.py:1087} INFO - Executing <Task(SimpleHttpOperator): extracting_user> on 2022-02-12T00:00:00+00:00
[2022-03-20 14:10:36,998] {standard_task_runner.py:52} INFO - Started process 102512 to run task
[2022-03-20 14:10:37,013] {standard_task_runner.py:76} INFO - Running: ['airflow', 'tasks', 'run', 'user_processing', 'extracting_user', '2022-02-12T00:00:00+00:00', '--job-id', '974', '--pool', 'default_pool', '--raw', '--subdir', 'DAGS_FOLDER/user_processing.py', '--cfg-path', '/tmp/tmpjh9jeg0f', '--error-file', '/tmp/tmpyrc_4n4k']
[2022-03-20 14:10:37,015] {standard_task_runner.py:77} INFO - Job 974: Subtask extracting_user
[2022-03-20 14:10:37,169] {logging_mixin.py:104} INFO - Running <TaskInstance: user_processing.extracting_user 2022-02-12T00:00:00+00:00 [running]> on host airflowvm
[2022-03-20 14:10:37,416] {taskinstance.py:1280} INFO - Exporting the following env vars:
AIRFLOW_CTX_DAG_OWNER=airflow
AIRFLOW_CTX_DAG_ID=user_processing
AIRFLOW_CTX_TASK_ID=extracting_user
AIRFLOW_CTX_EXECUTION_DATE=2022-02-12T00:00:00+00:00
AIRFLOW_CTX_DAG_RUN_ID=scheduled__2022-02-12T00:00:00+00:00
[2022-03-20 14:10:37,418] {http.py:111} INFO - Calling HTTP method
[2022-03-20 14:10:37,431] {base.py:69} INFO - Using connection to: id: user_api. Host: https://randomuser.me/, Port: None, Schema: , Login: , Password: ***, extra: {}
[2022-03-20 14:10:37,439] {http.py:140} INFO - Sending 'GET' to url: https://randomuser.me/api/
[2022-03-20 14:10:37,850] {http.py:115} INFO - {"results":[{"gender":"female","name":{"title":"Miss","first":"Molly","last":"Lambert"},"location":{"street":{"number":4912,"name":"Highfield Road"},"city":"St Albans","state":"West Glamorgan","country":"United Kingdom","postcode":"CJ9K 4TQ","coordinates":{"latitude":"6.6908","longitude":"138.6227"},"timezone":{"offset":"+3:00","description":"Baghdad, Riyadh, Moscow, St. Petersburg"}},"email":"molly.lambert@example.com","login":{"uuid":"b82874ce-82e8-4feb-95ec-b346d7bded04","username":"smallpanda290","password":"team","salt":"k5F86TYu","md5":"53099fbecc981d238bc585393d03b949","sha1":"936718b0d9c9c056625710cb5c8ff2ea21c64fd2","sha256":"fabfa76787f6032d00acbcbc4fe07adea147f351f2b6985e85c52b06ada9c65d"},"dob":{"date":"1960-05-08T11:18:24.938Z","age":62},"registered":{"date":"2009-10-29T02:55:34.907Z","age":13},"phone":"01485 319119","cell":"0722-128-376","id":{"name":"NINO","value":"PL 80 21 69 I"},"picture":{"large":"https://randomuser.me/api/portraits/women/81.jpg","medium":"https://randomuser.me/api/portraits/med/women/81.jpg","thumbnail":"https://randomuser.me/api/portraits/thumb/women/81.jpg"},"nat":"GB"}],"info":{"seed":"84f43d6621391908","results":1,"page":1,"version":"1.3"}}
[2022-03-20 14:10:38,281] {taskinstance.py:1184} INFO - Marking task as SUCCESS. dag_id=user_processing, task_id=extracting_user, execution_date=20220212T000000, start_date=20220320T141036, end_date=20220320T141038
[2022-03-20 14:10:38,589] {taskinstance.py:1245} INFO - 1 downstream tasks scheduled from follow-on schedule check
[2022-03-20 14:10:38,608] {local_task_job.py:151} INFO - Task exited with return code 0
