[2022-03-20 13:01:47,250] {taskinstance.py:876} INFO - Dependencies all met for <TaskInstance: user_processing.processing_user 2022-02-03T00:00:00+00:00 [queued]>
[2022-03-20 13:01:47,267] {taskinstance.py:876} INFO - Dependencies all met for <TaskInstance: user_processing.processing_user 2022-02-03T00:00:00+00:00 [queued]>
[2022-03-20 13:01:47,267] {taskinstance.py:1067} INFO - 
--------------------------------------------------------------------------------
[2022-03-20 13:01:47,267] {taskinstance.py:1068} INFO - Starting attempt 1 of 1
[2022-03-20 13:01:47,268] {taskinstance.py:1069} INFO - 
--------------------------------------------------------------------------------
[2022-03-20 13:01:47,522] {taskinstance.py:1087} INFO - Executing <Task(PythonOperator): processing_user> on 2022-02-03T00:00:00+00:00
[2022-03-20 13:01:47,526] {standard_task_runner.py:52} INFO - Started process 70006 to run task
[2022-03-20 13:01:47,545] {standard_task_runner.py:76} INFO - Running: ['airflow', 'tasks', 'run', 'user_processing', 'processing_user', '2022-02-03T00:00:00+00:00', '--job-id', '570', '--pool', 'default_pool', '--raw', '--subdir', 'DAGS_FOLDER/user_processing.py', '--cfg-path', '/tmp/tmpmnxbd_dn', '--error-file', '/tmp/tmp7p43ca_q']
[2022-03-20 13:01:47,547] {standard_task_runner.py:77} INFO - Job 570: Subtask processing_user
[2022-03-20 13:01:47,813] {logging_mixin.py:104} INFO - Running <TaskInstance: user_processing.processing_user 2022-02-03T00:00:00+00:00 [running]> on host airflowvm
[2022-03-20 13:01:48,142] {taskinstance.py:1280} INFO - Exporting the following env vars:
AIRFLOW_CTX_DAG_OWNER=airflow
AIRFLOW_CTX_DAG_ID=user_processing
AIRFLOW_CTX_TASK_ID=processing_user
AIRFLOW_CTX_EXECUTION_DATE=2022-02-03T00:00:00+00:00
AIRFLOW_CTX_DAG_RUN_ID=scheduled__2022-02-03T00:00:00+00:00
[2022-03-20 13:01:48,171] {python.py:151} INFO - Done. Returned value was: None
[2022-03-20 13:01:48,176] {taskinstance.py:1184} INFO - Marking task as SUCCESS. dag_id=user_processing, task_id=processing_user, execution_date=20220203T000000, start_date=20220320T130147, end_date=20220320T130148
[2022-03-20 13:01:48,599] {taskinstance.py:1245} INFO - 1 downstream tasks scheduled from follow-on schedule check
[2022-03-20 13:01:48,634] {local_task_job.py:151} INFO - Task exited with return code 0
