[2022-03-20 11:50:26,883] {taskinstance.py:876} INFO - Dependencies all met for <TaskInstance: user_processing.extracting_user 2020-01-01T00:00:00+00:00 [queued]>
[2022-03-20 11:50:26,931] {taskinstance.py:876} INFO - Dependencies all met for <TaskInstance: user_processing.extracting_user 2020-01-01T00:00:00+00:00 [queued]>
[2022-03-20 11:50:26,932] {taskinstance.py:1067} INFO - 
--------------------------------------------------------------------------------
[2022-03-20 11:50:26,932] {taskinstance.py:1068} INFO - Starting attempt 2 of 1
[2022-03-20 11:50:26,932] {taskinstance.py:1069} INFO - 
--------------------------------------------------------------------------------
[2022-03-20 11:50:26,990] {taskinstance.py:1087} INFO - Executing <Task(SimpleHttpOperator): extracting_user> on 2020-01-01T00:00:00+00:00
[2022-03-20 11:50:26,995] {standard_task_runner.py:52} INFO - Started process 26875 to run task
[2022-03-20 11:50:27,040] {standard_task_runner.py:76} INFO - Running: ['airflow', 'tasks', 'run', 'user_processing', 'extracting_user', '2020-01-01T00:00:00+00:00', '--job-id', '47', '--pool', 'default_pool', '--raw', '--subdir', 'DAGS_FOLDER/user_processing.py', '--cfg-path', '/tmp/tmpsfvabn_0', '--error-file', '/tmp/tmp8jh63g6z']
[2022-03-20 11:50:27,041] {standard_task_runner.py:77} INFO - Job 47: Subtask extracting_user
[2022-03-20 11:50:27,418] {logging_mixin.py:104} INFO - Running <TaskInstance: user_processing.extracting_user 2020-01-01T00:00:00+00:00 [running]> on host airflowvm
[2022-03-20 11:50:27,916] {taskinstance.py:1280} INFO - Exporting the following env vars:
AIRFLOW_CTX_DAG_OWNER=airflow
AIRFLOW_CTX_DAG_ID=user_processing
AIRFLOW_CTX_TASK_ID=extracting_user
AIRFLOW_CTX_EXECUTION_DATE=2020-01-01T00:00:00+00:00
AIRFLOW_CTX_DAG_RUN_ID=scheduled__2020-01-01T00:00:00+00:00
[2022-03-20 11:50:27,969] {http.py:111} INFO - Calling HTTP method
[2022-03-20 11:50:28,061] {base.py:69} INFO - Using connection to: id: user_api. Host: https://randomuser.me/, Port: None, Schema: , Login: , Password: ***, extra: {}
[2022-03-20 11:50:28,084] {http.py:140} INFO - Sending 'GET' to url: https://randomuser.me/api/
[2022-03-20 11:50:29,297] {http.py:115} INFO - {"results":[{"gender":"female","name":{"title":"Ms","first":"Serenity","last":"Phillips"},"location":{"street":{"number":9971,"name":"Harrison Ct"},"city":"Adelaide","state":"Northern Territory","country":"Australia","postcode":2640,"coordinates":{"latitude":"-89.7084","longitude":"3.0508"},"timezone":{"offset":"-11:00","description":"Midway Island, Samoa"}},"email":"serenity.phillips@example.com","login":{"uuid":"dba0f505-22ca-40ee-9df2-d4f38b5233a4","username":"blacksnake370","password":"welcome1","salt":"lXQb33MZ","md5":"524da3afd8d1d0468cebcc27803e9e15","sha1":"65dafea0fa58402e41863635fd44e924a7ecdad4","sha256":"6ebbf7515a0d6805680f3dc6835d6274e1b72a392c2a3e5ed8f45a368127e187"},"dob":{"date":"1996-11-25T19:38:56.611Z","age":26},"registered":{"date":"2006-08-05T17:22:45.790Z","age":16},"phone":"07-3122-6237","cell":"0428-869-459","id":{"name":"TFN","value":"133674339"},"picture":{"large":"https://randomuser.me/api/portraits/women/52.jpg","medium":"https://randomuser.me/api/portraits/med/women/52.jpg","thumbnail":"https://randomuser.me/api/portraits/thumb/women/52.jpg"},"nat":"AU"}],"info":{"seed":"5e925d762b156abd","results":1,"page":1,"version":"1.3"}}
[2022-03-20 11:50:29,384] {taskinstance.py:1184} INFO - Marking task as SUCCESS. dag_id=user_processing, task_id=extracting_user, execution_date=20200101T000000, start_date=20220320T115026, end_date=20220320T115029
[2022-03-20 11:50:29,534] {taskinstance.py:1245} INFO - 1 downstream tasks scheduled from follow-on schedule check
[2022-03-20 11:50:29,555] {local_task_job.py:151} INFO - Task exited with return code 0
