[2022-03-20 14:01:21,425] {taskinstance.py:876} INFO - Dependencies all met for <TaskInstance: user_processing.extracting_user 2020-01-01T00:00:00+00:00 [queued]>
[2022-03-20 14:01:21,444] {taskinstance.py:876} INFO - Dependencies all met for <TaskInstance: user_processing.extracting_user 2020-01-01T00:00:00+00:00 [queued]>
[2022-03-20 14:01:21,444] {taskinstance.py:1067} INFO - 
--------------------------------------------------------------------------------
[2022-03-20 14:01:21,444] {taskinstance.py:1068} INFO - Starting attempt 3 of 3
[2022-03-20 14:01:21,444] {taskinstance.py:1069} INFO - 
--------------------------------------------------------------------------------
[2022-03-20 14:01:21,482] {taskinstance.py:1087} INFO - Executing <Task(SimpleHttpOperator): extracting_user> on 2020-01-01T00:00:00+00:00
[2022-03-20 14:01:21,488] {standard_task_runner.py:52} INFO - Started process 97401 to run task
[2022-03-20 14:01:21,508] {standard_task_runner.py:76} INFO - Running: ['airflow', 'tasks', 'run', 'user_processing', 'extracting_user', '2020-01-01T00:00:00+00:00', '--job-id', '904', '--pool', 'default_pool', '--raw', '--subdir', 'DAGS_FOLDER/user_processing.py', '--cfg-path', '/tmp/tmpx2yu1jcs', '--error-file', '/tmp/tmpqtz9xpfy']
[2022-03-20 14:01:21,510] {standard_task_runner.py:77} INFO - Job 904: Subtask extracting_user
[2022-03-20 14:01:21,642] {logging_mixin.py:104} INFO - Running <TaskInstance: user_processing.extracting_user 2020-01-01T00:00:00+00:00 [running]> on host airflowvm
[2022-03-20 14:01:21,820] {taskinstance.py:1280} INFO - Exporting the following env vars:
AIRFLOW_CTX_DAG_OWNER=airflow
AIRFLOW_CTX_DAG_ID=user_processing
AIRFLOW_CTX_TASK_ID=extracting_user
AIRFLOW_CTX_EXECUTION_DATE=2020-01-01T00:00:00+00:00
AIRFLOW_CTX_DAG_RUN_ID=scheduled__2020-01-01T00:00:00+00:00
[2022-03-20 14:01:21,821] {http.py:111} INFO - Calling HTTP method
[2022-03-20 14:01:21,832] {base.py:69} INFO - Using connection to: id: user_api. Host: https://randomuser.me/, Port: None, Schema: , Login: , Password: ***, extra: {}
[2022-03-20 14:01:21,836] {http.py:140} INFO - Sending 'GET' to url: https://randomuser.me/api/
[2022-03-20 14:01:22,408] {http.py:115} INFO - {"results":[{"gender":"male","name":{"title":"Mr","first":"Timeo","last":"Gaillard"},"location":{"street":{"number":5185,"name":"Avenue de l'Abbé-Roussel"},"city":"Montreuil","state":"Paris","country":"France","postcode":89878,"coordinates":{"latitude":"-0.3521","longitude":"-136.6762"},"timezone":{"offset":"-2:00","description":"Mid-Atlantic"}},"email":"timeo.gaillard@example.com","login":{"uuid":"e56808ce-8bc1-474b-b6b2-a6680f53176a","username":"silverdog679","password":"greenday","salt":"FRXfDsTm","md5":"dbeb6950cbf1213472c47934fe3472bf","sha1":"14e4001bb9b669bd91b45a4efe3faddb14f982b5","sha256":"d7358bf536836cc774047a609d40020b4423290596d6fe9a68741e17d24df924"},"dob":{"date":"1965-12-25T08:21:55.733Z","age":57},"registered":{"date":"2009-09-11T07:43:36.975Z","age":13},"phone":"01-93-20-44-64","cell":"06-53-97-43-80","id":{"name":"INSEE","value":"1NNaN33642249 07"},"picture":{"large":"https://randomuser.me/api/portraits/men/54.jpg","medium":"https://randomuser.me/api/portraits/med/men/54.jpg","thumbnail":"https://randomuser.me/api/portraits/thumb/men/54.jpg"},"nat":"FR"}],"info":{"seed":"8c64179d8183b8a6","results":1,"page":1,"version":"1.3"}}
[2022-03-20 14:01:22,463] {taskinstance.py:1184} INFO - Marking task as SUCCESS. dag_id=user_processing, task_id=extracting_user, execution_date=20200101T000000, start_date=20220320T140121, end_date=20220320T140122
[2022-03-20 14:01:22,540] {taskinstance.py:1245} INFO - 1 downstream tasks scheduled from follow-on schedule check
[2022-03-20 14:01:22,554] {local_task_job.py:151} INFO - Task exited with return code 0
