[2022-03-20 12:50:10,009] {taskinstance.py:876} INFO - Dependencies all met for <TaskInstance: user_processing.is_api_available 2022-01-13T00:00:00+00:00 [queued]>
[2022-03-20 12:50:10,034] {taskinstance.py:876} INFO - Dependencies all met for <TaskInstance: user_processing.is_api_available 2022-01-13T00:00:00+00:00 [queued]>
[2022-03-20 12:50:10,035] {taskinstance.py:1067} INFO - 
--------------------------------------------------------------------------------
[2022-03-20 12:50:10,035] {taskinstance.py:1068} INFO - Starting attempt 1 of 1
[2022-03-20 12:50:10,035] {taskinstance.py:1069} INFO - 
--------------------------------------------------------------------------------
[2022-03-20 12:50:10,346] {taskinstance.py:1087} INFO - Executing <Task(HttpSensor): is_api_available> on 2022-01-13T00:00:00+00:00
[2022-03-20 12:50:10,354] {standard_task_runner.py:52} INFO - Started process 64597 to run task
[2022-03-20 12:50:10,397] {standard_task_runner.py:76} INFO - Running: ['airflow', 'tasks', 'run', 'user_processing', 'is_api_available', '2022-01-13T00:00:00+00:00', '--job-id', '453', '--pool', 'default_pool', '--raw', '--subdir', 'DAGS_FOLDER/user_processing.py', '--cfg-path', '/tmp/tmp55dnarmw', '--error-file', '/tmp/tmp1r08vb2o']
[2022-03-20 12:50:10,401] {standard_task_runner.py:77} INFO - Job 453: Subtask is_api_available
[2022-03-20 12:50:10,633] {logging_mixin.py:104} INFO - Running <TaskInstance: user_processing.is_api_available 2022-01-13T00:00:00+00:00 [running]> on host airflowvm
[2022-03-20 12:50:11,471] {taskinstance.py:1280} INFO - Exporting the following env vars:
AIRFLOW_CTX_DAG_OWNER=airflow
AIRFLOW_CTX_DAG_ID=user_processing
AIRFLOW_CTX_TASK_ID=is_api_available
AIRFLOW_CTX_EXECUTION_DATE=2022-01-13T00:00:00+00:00
AIRFLOW_CTX_DAG_RUN_ID=scheduled__2022-01-13T00:00:00+00:00
[2022-03-20 12:50:11,472] {http.py:101} INFO - Poking: api/
[2022-03-20 12:50:11,489] {base.py:69} INFO - Using connection to: id: user_api. Host: https://randomuser.me/, Port: None, Schema: , Login: , Password: ***, extra: {}
[2022-03-20 12:50:11,496] {http.py:140} INFO - Sending 'GET' to url: https://randomuser.me/api/
[2022-03-20 12:50:11,971] {base.py:243} INFO - Success criteria met. Exiting.
[2022-03-20 12:50:11,989] {taskinstance.py:1184} INFO - Marking task as SUCCESS. dag_id=user_processing, task_id=is_api_available, execution_date=20220113T000000, start_date=20220320T125010, end_date=20220320T125011
[2022-03-20 12:50:12,485] {taskinstance.py:1245} INFO - 1 downstream tasks scheduled from follow-on schedule check
[2022-03-20 12:50:12,502] {local_task_job.py:151} INFO - Task exited with return code 0
