[2022-03-20 13:15:18,812] {taskinstance.py:876} INFO - Dependencies all met for <TaskInstance: user_processing.storing_user 2022-03-01T00:00:00+00:00 [queued]>
[2022-03-20 13:15:18,830] {taskinstance.py:876} INFO - Dependencies all met for <TaskInstance: user_processing.storing_user 2022-03-01T00:00:00+00:00 [queued]>
[2022-03-20 13:15:18,831] {taskinstance.py:1067} INFO - 
--------------------------------------------------------------------------------
[2022-03-20 13:15:18,831] {taskinstance.py:1068} INFO - Starting attempt 1 of 1
[2022-03-20 13:15:18,831] {taskinstance.py:1069} INFO - 
--------------------------------------------------------------------------------
[2022-03-20 13:15:18,872] {taskinstance.py:1087} INFO - Executing <Task(BashOperator): storing_user> on 2022-03-01T00:00:00+00:00
[2022-03-20 13:15:18,876] {standard_task_runner.py:52} INFO - Started process 79213 to run task
[2022-03-20 13:15:18,894] {standard_task_runner.py:76} INFO - Running: ['airflow', 'tasks', 'run', 'user_processing', 'storing_user', '2022-03-01T00:00:00+00:00', '--job-id', '706', '--pool', 'default_pool', '--raw', '--subdir', 'DAGS_FOLDER/user_processing.py', '--cfg-path', '/tmp/tmpyj1ab9_g', '--error-file', '/tmp/tmpeidb_yft']
[2022-03-20 13:15:18,895] {standard_task_runner.py:77} INFO - Job 706: Subtask storing_user
[2022-03-20 13:15:19,007] {logging_mixin.py:104} INFO - Running <TaskInstance: user_processing.storing_user 2022-03-01T00:00:00+00:00 [running]> on host airflowvm
[2022-03-20 13:15:19,169] {taskinstance.py:1280} INFO - Exporting the following env vars:
AIRFLOW_CTX_DAG_OWNER=airflow
AIRFLOW_CTX_DAG_ID=user_processing
AIRFLOW_CTX_TASK_ID=storing_user
AIRFLOW_CTX_EXECUTION_DATE=2022-03-01T00:00:00+00:00
AIRFLOW_CTX_DAG_RUN_ID=scheduled__2022-03-01T00:00:00+00:00
[2022-03-20 13:15:19,171] {subprocess.py:52} INFO - Tmp dir root location: 
 /tmp
[2022-03-20 13:15:19,172] {subprocess.py:63} INFO - Running command: ['bash', '-c', 'echo -e ".separator ","\n. import /tmp/processed_user.csv users" | sqlite3 /home/airflow/airflow/airflow.db']
[2022-03-20 13:15:19,184] {subprocess.py:75} INFO - Output:
[2022-03-20 13:15:19,218] {subprocess.py:83} INFO - Command exited with return code 0
[2022-03-20 13:15:19,263] {taskinstance.py:1184} INFO - Marking task as SUCCESS. dag_id=user_processing, task_id=storing_user, execution_date=20220301T000000, start_date=20220320T131518, end_date=20220320T131519
[2022-03-20 13:15:19,311] {taskinstance.py:1245} INFO - 0 downstream tasks scheduled from follow-on schedule check
[2022-03-20 13:15:19,320] {local_task_job.py:151} INFO - Task exited with return code 0
