[2022-03-20 09:55:35,042] {taskinstance.py:876} INFO - Dependencies all met for <TaskInstance: user_processing.processing_user 2022-03-18T00:00:00+00:00 [queued]>
[2022-03-20 09:55:35,059] {taskinstance.py:876} INFO - Dependencies all met for <TaskInstance: user_processing.processing_user 2022-03-18T00:00:00+00:00 [queued]>
[2022-03-20 09:55:35,059] {taskinstance.py:1067} INFO - 
--------------------------------------------------------------------------------
[2022-03-20 09:55:35,060] {taskinstance.py:1068} INFO - Starting attempt 1 of 1
[2022-03-20 09:55:35,060] {taskinstance.py:1069} INFO - 
--------------------------------------------------------------------------------
[2022-03-20 09:55:35,101] {taskinstance.py:1087} INFO - Executing <Task(PythonOperator): processing_user> on 2022-03-18T00:00:00+00:00
[2022-03-20 09:55:35,106] {standard_task_runner.py:52} INFO - Started process 12062 to run task
[2022-03-20 09:55:35,135] {standard_task_runner.py:76} INFO - Running: ['airflow', 'tasks', 'run', 'user_processing', 'processing_user', '2022-03-18T00:00:00+00:00', '--job-id', '11', '--pool', 'default_pool', '--raw', '--subdir', 'DAGS_FOLDER/user_processing.py', '--cfg-path', '/tmp/tmpad4odkno', '--error-file', '/tmp/tmp8oz2rjz7']
[2022-03-20 09:55:35,136] {standard_task_runner.py:77} INFO - Job 11: Subtask processing_user
[2022-03-20 09:55:40,555] {logging_mixin.py:104} INFO - Running <TaskInstance: user_processing.processing_user 2022-03-18T00:00:00+00:00 [running]> on host airflowvm
[2022-03-20 09:55:40,725] {taskinstance.py:1280} INFO - Exporting the following env vars:
AIRFLOW_CTX_DAG_OWNER=airflow
AIRFLOW_CTX_DAG_ID=user_processing
AIRFLOW_CTX_TASK_ID=processing_user
AIRFLOW_CTX_EXECUTION_DATE=2022-03-18T00:00:00+00:00
AIRFLOW_CTX_DAG_RUN_ID=scheduled__2022-03-18T00:00:00+00:00
[2022-03-20 09:55:40,753] {python.py:151} INFO - Done. Returned value was: None
[2022-03-20 09:55:40,764] {taskinstance.py:1184} INFO - Marking task as SUCCESS. dag_id=user_processing, task_id=processing_user, execution_date=20220318T000000, start_date=20220320T095535, end_date=20220320T095540
[2022-03-20 09:55:40,815] {taskinstance.py:1245} INFO - 0 downstream tasks scheduled from follow-on schedule check
[2022-03-20 09:55:40,837] {local_task_job.py:151} INFO - Task exited with return code 0
