[2022-03-20 13:00:47,255] {taskinstance.py:876} INFO - Dependencies all met for <TaskInstance: user_processing.extracting_user 2022-02-02T00:00:00+00:00 [queued]>
[2022-03-20 13:00:47,286] {taskinstance.py:876} INFO - Dependencies all met for <TaskInstance: user_processing.extracting_user 2022-02-02T00:00:00+00:00 [queued]>
[2022-03-20 13:00:47,287] {taskinstance.py:1067} INFO - 
--------------------------------------------------------------------------------
[2022-03-20 13:00:47,287] {taskinstance.py:1068} INFO - Starting attempt 1 of 1
[2022-03-20 13:00:47,288] {taskinstance.py:1069} INFO - 
--------------------------------------------------------------------------------
[2022-03-20 13:00:47,336] {taskinstance.py:1087} INFO - Executing <Task(SimpleHttpOperator): extracting_user> on 2022-02-02T00:00:00+00:00
[2022-03-20 13:00:47,340] {standard_task_runner.py:52} INFO - Started process 69524 to run task
[2022-03-20 13:00:47,369] {standard_task_runner.py:76} INFO - Running: ['airflow', 'tasks', 'run', 'user_processing', 'extracting_user', '2022-02-02T00:00:00+00:00', '--job-id', '559', '--pool', 'default_pool', '--raw', '--subdir', 'DAGS_FOLDER/user_processing.py', '--cfg-path', '/tmp/tmpez90e2fj', '--error-file', '/tmp/tmpfupt8yee']
[2022-03-20 13:00:47,371] {standard_task_runner.py:77} INFO - Job 559: Subtask extracting_user
[2022-03-20 13:00:47,505] {logging_mixin.py:104} INFO - Running <TaskInstance: user_processing.extracting_user 2022-02-02T00:00:00+00:00 [running]> on host airflowvm
[2022-03-20 13:00:47,693] {taskinstance.py:1280} INFO - Exporting the following env vars:
AIRFLOW_CTX_DAG_OWNER=airflow
AIRFLOW_CTX_DAG_ID=user_processing
AIRFLOW_CTX_TASK_ID=extracting_user
AIRFLOW_CTX_EXECUTION_DATE=2022-02-02T00:00:00+00:00
AIRFLOW_CTX_DAG_RUN_ID=scheduled__2022-02-02T00:00:00+00:00
[2022-03-20 13:00:47,694] {http.py:111} INFO - Calling HTTP method
[2022-03-20 13:00:47,703] {base.py:69} INFO - Using connection to: id: user_api. Host: https://randomuser.me/, Port: None, Schema: , Login: , Password: ***, extra: {}
[2022-03-20 13:00:47,707] {http.py:140} INFO - Sending 'GET' to url: https://randomuser.me/api/
[2022-03-20 13:00:48,110] {http.py:115} INFO - {"results":[{"gender":"female","name":{"title":"Mrs","first":"Bessie","last":"Campbell"},"location":{"street":{"number":3446,"name":"Hogan St"},"city":"Fairfield","state":"Illinois","country":"United States","postcode":39488,"coordinates":{"latitude":"80.0694","longitude":"13.0145"},"timezone":{"offset":"+3:30","description":"Tehran"}},"email":"bessie.campbell@example.com","login":{"uuid":"11895543-55aa-4058-b274-17dd903f4d9c","username":"goldenbutterfly544","password":"hopper","salt":"vOPduITi","md5":"fe5620e15b17421a58e40f91aaa85bd1","sha1":"17c4a84acd57f1a87809854c969b5b5b3858a5ac","sha256":"a4c9792acae9dbe0b4f2a438dcc50dd8f564e7654cf7186f4f4132a577aa7eea"},"dob":{"date":"1988-11-29T12:19:59.158Z","age":34},"registered":{"date":"2017-01-03T23:29:09.514Z","age":5},"phone":"(029)-386-7636","cell":"(115)-676-0141","id":{"name":"SSN","value":"117-99-2006"},"picture":{"large":"https://randomuser.me/api/portraits/women/55.jpg","medium":"https://randomuser.me/api/portraits/med/women/55.jpg","thumbnail":"https://randomuser.me/api/portraits/thumb/women/55.jpg"},"nat":"US"}],"info":{"seed":"553ee24d6bf4c95f","results":1,"page":1,"version":"1.3"}}
[2022-03-20 13:00:48,168] {taskinstance.py:1184} INFO - Marking task as SUCCESS. dag_id=user_processing, task_id=extracting_user, execution_date=20220202T000000, start_date=20220320T130047, end_date=20220320T130048
[2022-03-20 13:00:48,263] {taskinstance.py:1245} INFO - 1 downstream tasks scheduled from follow-on schedule check
[2022-03-20 13:00:48,280] {local_task_job.py:151} INFO - Task exited with return code 0
