[2022-03-20 14:09:24,830] {taskinstance.py:876} INFO - Dependencies all met for <TaskInstance: user_processing.extracting_user 2022-02-02T00:00:00+00:00 [queued]>
[2022-03-20 14:09:24,885] {taskinstance.py:876} INFO - Dependencies all met for <TaskInstance: user_processing.extracting_user 2022-02-02T00:00:00+00:00 [queued]>
[2022-03-20 14:09:24,885] {taskinstance.py:1067} INFO - 
--------------------------------------------------------------------------------
[2022-03-20 14:09:24,885] {taskinstance.py:1068} INFO - Starting attempt 2 of 2
[2022-03-20 14:09:24,886] {taskinstance.py:1069} INFO - 
--------------------------------------------------------------------------------
[2022-03-20 14:09:24,970] {taskinstance.py:1087} INFO - Executing <Task(SimpleHttpOperator): extracting_user> on 2022-02-02T00:00:00+00:00
[2022-03-20 14:09:24,988] {standard_task_runner.py:52} INFO - Started process 101938 to run task
[2022-03-20 14:09:25,003] {standard_task_runner.py:76} INFO - Running: ['airflow', 'tasks', 'run', 'user_processing', 'extracting_user', '2022-02-02T00:00:00+00:00', '--job-id', '964', '--pool', 'default_pool', '--raw', '--subdir', 'DAGS_FOLDER/user_processing.py', '--cfg-path', '/tmp/tmpxbk5g4er', '--error-file', '/tmp/tmpbr9y1mgw']
[2022-03-20 14:09:25,005] {standard_task_runner.py:77} INFO - Job 964: Subtask extracting_user
[2022-03-20 14:09:25,129] {logging_mixin.py:104} INFO - Running <TaskInstance: user_processing.extracting_user 2022-02-02T00:00:00+00:00 [running]> on host airflowvm
[2022-03-20 14:09:25,371] {taskinstance.py:1280} INFO - Exporting the following env vars:
AIRFLOW_CTX_DAG_OWNER=airflow
AIRFLOW_CTX_DAG_ID=user_processing
AIRFLOW_CTX_TASK_ID=extracting_user
AIRFLOW_CTX_EXECUTION_DATE=2022-02-02T00:00:00+00:00
AIRFLOW_CTX_DAG_RUN_ID=scheduled__2022-02-02T00:00:00+00:00
[2022-03-20 14:09:25,373] {http.py:111} INFO - Calling HTTP method
[2022-03-20 14:09:25,386] {base.py:69} INFO - Using connection to: id: user_api. Host: https://randomuser.me/, Port: None, Schema: , Login: , Password: ***, extra: {}
[2022-03-20 14:09:25,391] {http.py:140} INFO - Sending 'GET' to url: https://randomuser.me/api/
[2022-03-20 14:09:25,851] {http.py:115} INFO - {"results":[{"gender":"female","name":{"title":"Ms","first":"Neea","last":"Saari"},"location":{"street":{"number":9295,"name":"Korkeavuorenkatu"},"city":"Kumlinge","state":"Lapland","country":"Finland","postcode":56613,"coordinates":{"latitude":"-5.3795","longitude":"39.8166"},"timezone":{"offset":"+4:00","description":"Abu Dhabi, Muscat, Baku, Tbilisi"}},"email":"neea.saari@example.com","login":{"uuid":"acf9e554-8b9b-4fd4-9db4-f80de50cb3e2","username":"crazywolf553","password":"reilly","salt":"RJT72rJ1","md5":"50235ea3f85b3a98fe25a824eb0a3dee","sha1":"21b29070eae05c1a388d0dcf8aacff99d5fb4769","sha256":"aaffbde1fa1ad6f9b7bed55abe19f36cb5492356bcfc865e7f8f239b2c860e9c"},"dob":{"date":"1947-09-17T05:12:28.975Z","age":75},"registered":{"date":"2017-04-24T00:42:02.757Z","age":5},"phone":"04-077-191","cell":"045-583-22-37","id":{"name":"HETU","value":"NaNNA086undefined"},"picture":{"large":"https://randomuser.me/api/portraits/women/85.jpg","medium":"https://randomuser.me/api/portraits/med/women/85.jpg","thumbnail":"https://randomuser.me/api/portraits/thumb/women/85.jpg"},"nat":"FI"}],"info":{"seed":"2801b86e91ded3cb","results":1,"page":1,"version":"1.3"}}
[2022-03-20 14:09:25,967] {taskinstance.py:1184} INFO - Marking task as SUCCESS. dag_id=user_processing, task_id=extracting_user, execution_date=20220202T000000, start_date=20220320T140924, end_date=20220320T140925
[2022-03-20 14:09:26,090] {taskinstance.py:1245} INFO - 1 downstream tasks scheduled from follow-on schedule check
[2022-03-20 14:09:26,118] {local_task_job.py:151} INFO - Task exited with return code 0
