[2022-03-20 12:52:47,998] {taskinstance.py:876} INFO - Dependencies all met for <TaskInstance: user_processing.extracting_user 2022-01-17T00:00:00+00:00 [queued]>
[2022-03-20 12:52:48,016] {taskinstance.py:876} INFO - Dependencies all met for <TaskInstance: user_processing.extracting_user 2022-01-17T00:00:00+00:00 [queued]>
[2022-03-20 12:52:48,016] {taskinstance.py:1067} INFO - 
--------------------------------------------------------------------------------
[2022-03-20 12:52:48,017] {taskinstance.py:1068} INFO - Starting attempt 1 of 1
[2022-03-20 12:52:48,017] {taskinstance.py:1069} INFO - 
--------------------------------------------------------------------------------
[2022-03-20 12:52:48,064] {taskinstance.py:1087} INFO - Executing <Task(SimpleHttpOperator): extracting_user> on 2022-01-17T00:00:00+00:00
[2022-03-20 12:52:48,069] {standard_task_runner.py:52} INFO - Started process 65815 to run task
[2022-03-20 12:52:48,087] {standard_task_runner.py:76} INFO - Running: ['airflow', 'tasks', 'run', 'user_processing', 'extracting_user', '2022-01-17T00:00:00+00:00', '--job-id', '479', '--pool', 'default_pool', '--raw', '--subdir', 'DAGS_FOLDER/user_processing.py', '--cfg-path', '/tmp/tmp0we03174', '--error-file', '/tmp/tmp11_bu4fp']
[2022-03-20 12:52:48,088] {standard_task_runner.py:77} INFO - Job 479: Subtask extracting_user
[2022-03-20 12:52:48,694] {logging_mixin.py:104} INFO - Running <TaskInstance: user_processing.extracting_user 2022-01-17T00:00:00+00:00 [running]> on host airflowvm
[2022-03-20 12:52:48,846] {taskinstance.py:1280} INFO - Exporting the following env vars:
AIRFLOW_CTX_DAG_OWNER=airflow
AIRFLOW_CTX_DAG_ID=user_processing
AIRFLOW_CTX_TASK_ID=extracting_user
AIRFLOW_CTX_EXECUTION_DATE=2022-01-17T00:00:00+00:00
AIRFLOW_CTX_DAG_RUN_ID=scheduled__2022-01-17T00:00:00+00:00
[2022-03-20 12:52:48,847] {http.py:111} INFO - Calling HTTP method
[2022-03-20 12:52:48,856] {base.py:69} INFO - Using connection to: id: user_api. Host: https://randomuser.me/, Port: None, Schema: , Login: , Password: ***, extra: {}
[2022-03-20 12:52:48,860] {http.py:140} INFO - Sending 'GET' to url: https://randomuser.me/api/
[2022-03-20 12:52:49,311] {http.py:115} INFO - {"results":[{"gender":"male","name":{"title":"Mr","first":"Taha","last":"Reinertsen"},"location":{"street":{"number":2663,"name":"Fuglehauggata"},"city":"Rossnes","state":"Trøndelag","country":"Norway","postcode":"9290","coordinates":{"latitude":"52.8100","longitude":"-172.7069"},"timezone":{"offset":"0:00","description":"Western Europe Time, London, Lisbon, Casablanca"}},"email":"taha.reinertsen@example.com","login":{"uuid":"da743add-6404-4562-b18f-d99d711a8f5a","username":"orangewolf871","password":"battle","salt":"zqctwyim","md5":"a85bae038a24bb920cea5d466b68f7c5","sha1":"82e62a04100794176cddce76d094f2ed1cdad809","sha256":"30a21010089d4d4c459b0f5caf3e65237906a145fd8eb693bec7ebb0591dcf17"},"dob":{"date":"1977-08-02T12:44:56.564Z","age":45},"registered":{"date":"2012-12-20T16:23:39.302Z","age":10},"phone":"50165936","cell":"44082920","id":{"name":"FN","value":"02087730797"},"picture":{"large":"https://randomuser.me/api/portraits/men/84.jpg","medium":"https://randomuser.me/api/portraits/med/men/84.jpg","thumbnail":"https://randomuser.me/api/portraits/thumb/men/84.jpg"},"nat":"NO"}],"info":{"seed":"fd9305367a93b03e","results":1,"page":1,"version":"1.3"}}
[2022-03-20 12:52:49,389] {taskinstance.py:1184} INFO - Marking task as SUCCESS. dag_id=user_processing, task_id=extracting_user, execution_date=20220117T000000, start_date=20220320T125247, end_date=20220320T125249
[2022-03-20 12:52:49,634] {taskinstance.py:1245} INFO - 1 downstream tasks scheduled from follow-on schedule check
[2022-03-20 12:52:49,668] {local_task_job.py:151} INFO - Task exited with return code 0
