[2022-03-20 14:12:20,880] {taskinstance.py:876} INFO - Dependencies all met for <TaskInstance: user_processing.extracting_user 2020-02-02T00:00:00+00:00 [queued]>
[2022-03-20 14:12:20,911] {taskinstance.py:876} INFO - Dependencies all met for <TaskInstance: user_processing.extracting_user 2020-02-02T00:00:00+00:00 [queued]>
[2022-03-20 14:12:20,912] {taskinstance.py:1067} INFO - 
--------------------------------------------------------------------------------
[2022-03-20 14:12:20,912] {taskinstance.py:1068} INFO - Starting attempt 2 of 2
[2022-03-20 14:12:20,912] {taskinstance.py:1069} INFO - 
--------------------------------------------------------------------------------
[2022-03-20 14:12:20,955] {taskinstance.py:1087} INFO - Executing <Task(SimpleHttpOperator): extracting_user> on 2020-02-02T00:00:00+00:00
[2022-03-20 14:12:20,961] {standard_task_runner.py:52} INFO - Started process 103625 to run task
[2022-03-20 14:12:20,979] {standard_task_runner.py:76} INFO - Running: ['airflow', 'tasks', 'run', 'user_processing', 'extracting_user', '2020-02-02T00:00:00+00:00', '--job-id', '986', '--pool', 'default_pool', '--raw', '--subdir', 'DAGS_FOLDER/user_processing.py', '--cfg-path', '/tmp/tmp2kbau33y', '--error-file', '/tmp/tmpxtrirr7t']
[2022-03-20 14:12:20,983] {standard_task_runner.py:77} INFO - Job 986: Subtask extracting_user
[2022-03-20 14:12:21,130] {logging_mixin.py:104} INFO - Running <TaskInstance: user_processing.extracting_user 2020-02-02T00:00:00+00:00 [running]> on host airflowvm
[2022-03-20 14:12:21,516] {taskinstance.py:1280} INFO - Exporting the following env vars:
AIRFLOW_CTX_DAG_OWNER=airflow
AIRFLOW_CTX_DAG_ID=user_processing
AIRFLOW_CTX_TASK_ID=extracting_user
AIRFLOW_CTX_EXECUTION_DATE=2020-02-02T00:00:00+00:00
AIRFLOW_CTX_DAG_RUN_ID=scheduled__2020-02-02T00:00:00+00:00
[2022-03-20 14:12:21,517] {http.py:111} INFO - Calling HTTP method
[2022-03-20 14:12:21,532] {base.py:69} INFO - Using connection to: id: user_api. Host: https://randomuser.me/, Port: None, Schema: , Login: , Password: ***, extra: {}
[2022-03-20 14:12:21,537] {http.py:140} INFO - Sending 'GET' to url: https://randomuser.me/api/
[2022-03-20 14:12:22,080] {http.py:115} INFO - {"results":[{"gender":"female","name":{"title":"Ms","first":"Karen","last":"Saeed"},"location":{"street":{"number":5898,"name":"Mogens Thorsens gate"},"city":"Småland","state":"Akershus","country":"Norway","postcode":"7452","coordinates":{"latitude":"47.7264","longitude":"88.4223"},"timezone":{"offset":"-6:00","description":"Central Time (US & Canada), Mexico City"}},"email":"karen.saeed@example.com","login":{"uuid":"7be399b0-37f5-4e88-8e97-ac1b37f52e59","username":"heavyostrich830","password":"melissa1","salt":"C9w6IFq4","md5":"1c246df41a66a644c0105bd3ac9ed220","sha1":"3c0d9e92d3c18f3f4888a89ce88a2573ccccc4c3","sha256":"64c77ab8accca74ff0a01b538bc31af542e1b37ad17aef53b05337f14cb2ffdf"},"dob":{"date":"1950-05-13T19:19:03.675Z","age":72},"registered":{"date":"2014-04-26T21:28:18.483Z","age":8},"phone":"59318352","cell":"91689781","id":{"name":"FN","value":"13055011855"},"picture":{"large":"https://randomuser.me/api/portraits/women/23.jpg","medium":"https://randomuser.me/api/portraits/med/women/23.jpg","thumbnail":"https://randomuser.me/api/portraits/thumb/women/23.jpg"},"nat":"NO"}],"info":{"seed":"f6b9d6eb024bae0b","results":1,"page":1,"version":"1.3"}}
[2022-03-20 14:12:22,288] {taskinstance.py:1184} INFO - Marking task as SUCCESS. dag_id=user_processing, task_id=extracting_user, execution_date=20200202T000000, start_date=20220320T141220, end_date=20220320T141222
[2022-03-20 14:12:22,391] {taskinstance.py:1245} INFO - 1 downstream tasks scheduled from follow-on schedule check
[2022-03-20 14:12:22,412] {local_task_job.py:151} INFO - Task exited with return code 0
