[2022-03-19 18:37:19,715] {scheduler_job.py:182} INFO - Started process (PID=7213) to work on /home/airflow/sandbox/lib/python3.8/site-packages/airflow/example_dags/subdags/subdag.py
[2022-03-19 18:37:19,725] {scheduler_job.py:633} INFO - Processing file /home/airflow/sandbox/lib/python3.8/site-packages/airflow/example_dags/subdags/subdag.py for tasks to queue
[2022-03-19 18:37:19,727] {logging_mixin.py:104} INFO - [2022-03-19 18:37:19,726] {dagbag.py:487} INFO - Filling up the DagBag from /home/airflow/sandbox/lib/python3.8/site-packages/airflow/example_dags/subdags/subdag.py
[2022-03-19 18:37:19,737] {scheduler_job.py:645} WARNING - No viable dags retrieved from /home/airflow/sandbox/lib/python3.8/site-packages/airflow/example_dags/subdags/subdag.py
[2022-03-19 18:37:19,764] {scheduler_job.py:190} INFO - Processing /home/airflow/sandbox/lib/python3.8/site-packages/airflow/example_dags/subdags/subdag.py took 0.072 seconds
[2022-03-19 18:38:06,646] {scheduler_job.py:182} INFO - Started process (PID=7256) to work on /home/airflow/sandbox/lib/python3.8/site-packages/airflow/example_dags/subdags/subdag.py
[2022-03-19 18:38:06,650] {scheduler_job.py:633} INFO - Processing file /home/airflow/sandbox/lib/python3.8/site-packages/airflow/example_dags/subdags/subdag.py for tasks to queue
[2022-03-19 18:38:06,652] {logging_mixin.py:104} INFO - [2022-03-19 18:38:06,651] {dagbag.py:487} INFO - Filling up the DagBag from /home/airflow/sandbox/lib/python3.8/site-packages/airflow/example_dags/subdags/subdag.py
[2022-03-19 18:38:06,660] {scheduler_job.py:645} WARNING - No viable dags retrieved from /home/airflow/sandbox/lib/python3.8/site-packages/airflow/example_dags/subdags/subdag.py
[2022-03-19 18:38:06,678] {scheduler_job.py:190} INFO - Processing /home/airflow/sandbox/lib/python3.8/site-packages/airflow/example_dags/subdags/subdag.py took 0.050 seconds
[2022-03-19 18:39:03,242] {scheduler_job.py:182} INFO - Started process (PID=7490) to work on /home/airflow/sandbox/lib/python3.8/site-packages/airflow/example_dags/subdags/subdag.py
[2022-03-19 18:39:03,245] {scheduler_job.py:633} INFO - Processing file /home/airflow/sandbox/lib/python3.8/site-packages/airflow/example_dags/subdags/subdag.py for tasks to queue
[2022-03-19 18:39:03,247] {logging_mixin.py:104} INFO - [2022-03-19 18:39:03,246] {dagbag.py:487} INFO - Filling up the DagBag from /home/airflow/sandbox/lib/python3.8/site-packages/airflow/example_dags/subdags/subdag.py
[2022-03-19 18:39:03,273] {scheduler_job.py:645} WARNING - No viable dags retrieved from /home/airflow/sandbox/lib/python3.8/site-packages/airflow/example_dags/subdags/subdag.py
[2022-03-19 18:39:03,323] {scheduler_job.py:190} INFO - Processing /home/airflow/sandbox/lib/python3.8/site-packages/airflow/example_dags/subdags/subdag.py took 0.097 seconds
[2022-03-19 18:39:51,465] {scheduler_job.py:182} INFO - Started process (PID=7586) to work on /home/airflow/sandbox/lib/python3.8/site-packages/airflow/example_dags/subdags/subdag.py
[2022-03-19 18:39:51,467] {scheduler_job.py:633} INFO - Processing file /home/airflow/sandbox/lib/python3.8/site-packages/airflow/example_dags/subdags/subdag.py for tasks to queue
[2022-03-19 18:39:51,471] {logging_mixin.py:104} INFO - [2022-03-19 18:39:51,471] {dagbag.py:487} INFO - Filling up the DagBag from /home/airflow/sandbox/lib/python3.8/site-packages/airflow/example_dags/subdags/subdag.py
[2022-03-19 18:39:51,477] {scheduler_job.py:645} WARNING - No viable dags retrieved from /home/airflow/sandbox/lib/python3.8/site-packages/airflow/example_dags/subdags/subdag.py
[2022-03-19 18:39:51,493] {scheduler_job.py:190} INFO - Processing /home/airflow/sandbox/lib/python3.8/site-packages/airflow/example_dags/subdags/subdag.py took 0.037 seconds
[2022-03-19 18:40:40,520] {scheduler_job.py:182} INFO - Started process (PID=7664) to work on /home/airflow/sandbox/lib/python3.8/site-packages/airflow/example_dags/subdags/subdag.py
[2022-03-19 18:40:40,528] {scheduler_job.py:633} INFO - Processing file /home/airflow/sandbox/lib/python3.8/site-packages/airflow/example_dags/subdags/subdag.py for tasks to queue
[2022-03-19 18:40:40,530] {logging_mixin.py:104} INFO - [2022-03-19 18:40:40,529] {dagbag.py:487} INFO - Filling up the DagBag from /home/airflow/sandbox/lib/python3.8/site-packages/airflow/example_dags/subdags/subdag.py
[2022-03-19 18:40:40,563] {scheduler_job.py:645} WARNING - No viable dags retrieved from /home/airflow/sandbox/lib/python3.8/site-packages/airflow/example_dags/subdags/subdag.py
[2022-03-19 18:40:40,631] {scheduler_job.py:190} INFO - Processing /home/airflow/sandbox/lib/python3.8/site-packages/airflow/example_dags/subdags/subdag.py took 0.141 seconds
[2022-03-19 18:41:29,378] {scheduler_job.py:182} INFO - Started process (PID=7789) to work on /home/airflow/sandbox/lib/python3.8/site-packages/airflow/example_dags/subdags/subdag.py
[2022-03-19 18:41:29,390] {scheduler_job.py:633} INFO - Processing file /home/airflow/sandbox/lib/python3.8/site-packages/airflow/example_dags/subdags/subdag.py for tasks to queue
[2022-03-19 18:41:29,391] {logging_mixin.py:104} INFO - [2022-03-19 18:41:29,391] {dagbag.py:487} INFO - Filling up the DagBag from /home/airflow/sandbox/lib/python3.8/site-packages/airflow/example_dags/subdags/subdag.py
[2022-03-19 18:41:29,397] {scheduler_job.py:645} WARNING - No viable dags retrieved from /home/airflow/sandbox/lib/python3.8/site-packages/airflow/example_dags/subdags/subdag.py
[2022-03-19 18:41:29,410] {scheduler_job.py:190} INFO - Processing /home/airflow/sandbox/lib/python3.8/site-packages/airflow/example_dags/subdags/subdag.py took 0.041 seconds
[2022-03-19 18:42:12,091] {scheduler_job.py:182} INFO - Started process (PID=7879) to work on /home/airflow/sandbox/lib/python3.8/site-packages/airflow/example_dags/subdags/subdag.py
[2022-03-19 18:42:12,096] {scheduler_job.py:633} INFO - Processing file /home/airflow/sandbox/lib/python3.8/site-packages/airflow/example_dags/subdags/subdag.py for tasks to queue
[2022-03-19 18:42:12,097] {logging_mixin.py:104} INFO - [2022-03-19 18:42:12,097] {dagbag.py:487} INFO - Filling up the DagBag from /home/airflow/sandbox/lib/python3.8/site-packages/airflow/example_dags/subdags/subdag.py
[2022-03-19 18:42:12,102] {scheduler_job.py:645} WARNING - No viable dags retrieved from /home/airflow/sandbox/lib/python3.8/site-packages/airflow/example_dags/subdags/subdag.py
[2022-03-19 18:42:12,119] {scheduler_job.py:190} INFO - Processing /home/airflow/sandbox/lib/python3.8/site-packages/airflow/example_dags/subdags/subdag.py took 0.034 seconds
[2022-03-19 18:42:52,669] {scheduler_job.py:182} INFO - Started process (PID=7908) to work on /home/airflow/sandbox/lib/python3.8/site-packages/airflow/example_dags/subdags/subdag.py
[2022-03-19 18:42:52,671] {scheduler_job.py:633} INFO - Processing file /home/airflow/sandbox/lib/python3.8/site-packages/airflow/example_dags/subdags/subdag.py for tasks to queue
[2022-03-19 18:42:52,674] {logging_mixin.py:104} INFO - [2022-03-19 18:42:52,674] {dagbag.py:487} INFO - Filling up the DagBag from /home/airflow/sandbox/lib/python3.8/site-packages/airflow/example_dags/subdags/subdag.py
[2022-03-19 18:42:52,685] {scheduler_job.py:645} WARNING - No viable dags retrieved from /home/airflow/sandbox/lib/python3.8/site-packages/airflow/example_dags/subdags/subdag.py
[2022-03-19 18:42:52,707] {scheduler_job.py:190} INFO - Processing /home/airflow/sandbox/lib/python3.8/site-packages/airflow/example_dags/subdags/subdag.py took 0.055 seconds
[2022-03-19 18:43:43,664] {scheduler_job.py:182} INFO - Started process (PID=7939) to work on /home/airflow/sandbox/lib/python3.8/site-packages/airflow/example_dags/subdags/subdag.py
[2022-03-19 18:43:43,669] {scheduler_job.py:633} INFO - Processing file /home/airflow/sandbox/lib/python3.8/site-packages/airflow/example_dags/subdags/subdag.py for tasks to queue
[2022-03-19 18:43:43,671] {logging_mixin.py:104} INFO - [2022-03-19 18:43:43,671] {dagbag.py:487} INFO - Filling up the DagBag from /home/airflow/sandbox/lib/python3.8/site-packages/airflow/example_dags/subdags/subdag.py
[2022-03-19 18:43:43,705] {scheduler_job.py:645} WARNING - No viable dags retrieved from /home/airflow/sandbox/lib/python3.8/site-packages/airflow/example_dags/subdags/subdag.py
[2022-03-19 18:43:43,801] {scheduler_job.py:190} INFO - Processing /home/airflow/sandbox/lib/python3.8/site-packages/airflow/example_dags/subdags/subdag.py took 0.151 seconds
[2022-03-19 18:44:30,508] {scheduler_job.py:182} INFO - Started process (PID=7966) to work on /home/airflow/sandbox/lib/python3.8/site-packages/airflow/example_dags/subdags/subdag.py
[2022-03-19 18:44:30,510] {scheduler_job.py:633} INFO - Processing file /home/airflow/sandbox/lib/python3.8/site-packages/airflow/example_dags/subdags/subdag.py for tasks to queue
[2022-03-19 18:44:30,512] {logging_mixin.py:104} INFO - [2022-03-19 18:44:30,512] {dagbag.py:487} INFO - Filling up the DagBag from /home/airflow/sandbox/lib/python3.8/site-packages/airflow/example_dags/subdags/subdag.py
[2022-03-19 18:44:30,533] {scheduler_job.py:645} WARNING - No viable dags retrieved from /home/airflow/sandbox/lib/python3.8/site-packages/airflow/example_dags/subdags/subdag.py
[2022-03-19 18:44:30,556] {scheduler_job.py:190} INFO - Processing /home/airflow/sandbox/lib/python3.8/site-packages/airflow/example_dags/subdags/subdag.py took 0.075 seconds
[2022-03-19 18:45:20,306] {scheduler_job.py:182} INFO - Started process (PID=8001) to work on /home/airflow/sandbox/lib/python3.8/site-packages/airflow/example_dags/subdags/subdag.py
[2022-03-19 18:45:20,309] {scheduler_job.py:633} INFO - Processing file /home/airflow/sandbox/lib/python3.8/site-packages/airflow/example_dags/subdags/subdag.py for tasks to queue
[2022-03-19 18:45:20,310] {logging_mixin.py:104} INFO - [2022-03-19 18:45:20,310] {dagbag.py:487} INFO - Filling up the DagBag from /home/airflow/sandbox/lib/python3.8/site-packages/airflow/example_dags/subdags/subdag.py
[2022-03-19 18:45:20,322] {scheduler_job.py:645} WARNING - No viable dags retrieved from /home/airflow/sandbox/lib/python3.8/site-packages/airflow/example_dags/subdags/subdag.py
[2022-03-19 18:45:20,351] {scheduler_job.py:190} INFO - Processing /home/airflow/sandbox/lib/python3.8/site-packages/airflow/example_dags/subdags/subdag.py took 0.058 seconds
[2022-03-19 18:46:07,142] {scheduler_job.py:182} INFO - Started process (PID=8026) to work on /home/airflow/sandbox/lib/python3.8/site-packages/airflow/example_dags/subdags/subdag.py
[2022-03-19 18:46:07,155] {scheduler_job.py:633} INFO - Processing file /home/airflow/sandbox/lib/python3.8/site-packages/airflow/example_dags/subdags/subdag.py for tasks to queue
[2022-03-19 18:46:07,160] {logging_mixin.py:104} INFO - [2022-03-19 18:46:07,160] {dagbag.py:487} INFO - Filling up the DagBag from /home/airflow/sandbox/lib/python3.8/site-packages/airflow/example_dags/subdags/subdag.py
[2022-03-19 18:46:07,168] {scheduler_job.py:645} WARNING - No viable dags retrieved from /home/airflow/sandbox/lib/python3.8/site-packages/airflow/example_dags/subdags/subdag.py
[2022-03-19 18:46:07,191] {scheduler_job.py:190} INFO - Processing /home/airflow/sandbox/lib/python3.8/site-packages/airflow/example_dags/subdags/subdag.py took 0.070 seconds
[2022-03-19 19:14:31,333] {scheduler_job.py:182} INFO - Started process (PID=9460) to work on /home/airflow/sandbox/lib/python3.8/site-packages/airflow/example_dags/subdags/subdag.py
[2022-03-19 19:14:31,335] {scheduler_job.py:633} INFO - Processing file /home/airflow/sandbox/lib/python3.8/site-packages/airflow/example_dags/subdags/subdag.py for tasks to queue
[2022-03-19 19:14:31,336] {logging_mixin.py:104} INFO - [2022-03-19 19:14:31,336] {dagbag.py:487} INFO - Filling up the DagBag from /home/airflow/sandbox/lib/python3.8/site-packages/airflow/example_dags/subdags/subdag.py
[2022-03-19 19:14:31,344] {scheduler_job.py:645} WARNING - No viable dags retrieved from /home/airflow/sandbox/lib/python3.8/site-packages/airflow/example_dags/subdags/subdag.py
[2022-03-19 19:14:31,362] {scheduler_job.py:190} INFO - Processing /home/airflow/sandbox/lib/python3.8/site-packages/airflow/example_dags/subdags/subdag.py took 0.035 seconds
[2022-03-19 19:15:15,078] {scheduler_job.py:182} INFO - Started process (PID=9519) to work on /home/airflow/sandbox/lib/python3.8/site-packages/airflow/example_dags/subdags/subdag.py
[2022-03-19 19:15:15,083] {scheduler_job.py:633} INFO - Processing file /home/airflow/sandbox/lib/python3.8/site-packages/airflow/example_dags/subdags/subdag.py for tasks to queue
[2022-03-19 19:15:15,085] {logging_mixin.py:104} INFO - [2022-03-19 19:15:15,084] {dagbag.py:487} INFO - Filling up the DagBag from /home/airflow/sandbox/lib/python3.8/site-packages/airflow/example_dags/subdags/subdag.py
[2022-03-19 19:15:15,093] {scheduler_job.py:645} WARNING - No viable dags retrieved from /home/airflow/sandbox/lib/python3.8/site-packages/airflow/example_dags/subdags/subdag.py
[2022-03-19 19:15:15,120] {scheduler_job.py:190} INFO - Processing /home/airflow/sandbox/lib/python3.8/site-packages/airflow/example_dags/subdags/subdag.py took 0.058 seconds
[2022-03-19 19:15:58,213] {scheduler_job.py:182} INFO - Started process (PID=9552) to work on /home/airflow/sandbox/lib/python3.8/site-packages/airflow/example_dags/subdags/subdag.py
[2022-03-19 19:15:58,216] {scheduler_job.py:633} INFO - Processing file /home/airflow/sandbox/lib/python3.8/site-packages/airflow/example_dags/subdags/subdag.py for tasks to queue
[2022-03-19 19:15:58,218] {logging_mixin.py:104} INFO - [2022-03-19 19:15:58,217] {dagbag.py:487} INFO - Filling up the DagBag from /home/airflow/sandbox/lib/python3.8/site-packages/airflow/example_dags/subdags/subdag.py
[2022-03-19 19:15:58,224] {scheduler_job.py:645} WARNING - No viable dags retrieved from /home/airflow/sandbox/lib/python3.8/site-packages/airflow/example_dags/subdags/subdag.py
[2022-03-19 19:15:58,245] {scheduler_job.py:190} INFO - Processing /home/airflow/sandbox/lib/python3.8/site-packages/airflow/example_dags/subdags/subdag.py took 0.042 seconds
[2022-03-19 19:16:41,669] {scheduler_job.py:182} INFO - Started process (PID=9584) to work on /home/airflow/sandbox/lib/python3.8/site-packages/airflow/example_dags/subdags/subdag.py
[2022-03-19 19:16:41,675] {scheduler_job.py:633} INFO - Processing file /home/airflow/sandbox/lib/python3.8/site-packages/airflow/example_dags/subdags/subdag.py for tasks to queue
[2022-03-19 19:16:41,677] {logging_mixin.py:104} INFO - [2022-03-19 19:16:41,677] {dagbag.py:487} INFO - Filling up the DagBag from /home/airflow/sandbox/lib/python3.8/site-packages/airflow/example_dags/subdags/subdag.py
[2022-03-19 19:16:41,692] {scheduler_job.py:645} WARNING - No viable dags retrieved from /home/airflow/sandbox/lib/python3.8/site-packages/airflow/example_dags/subdags/subdag.py
[2022-03-19 19:16:41,710] {scheduler_job.py:190} INFO - Processing /home/airflow/sandbox/lib/python3.8/site-packages/airflow/example_dags/subdags/subdag.py took 0.054 seconds
[2022-03-19 19:17:20,891] {scheduler_job.py:182} INFO - Started process (PID=9617) to work on /home/airflow/sandbox/lib/python3.8/site-packages/airflow/example_dags/subdags/subdag.py
[2022-03-19 19:17:20,894] {scheduler_job.py:633} INFO - Processing file /home/airflow/sandbox/lib/python3.8/site-packages/airflow/example_dags/subdags/subdag.py for tasks to queue
[2022-03-19 19:17:20,896] {logging_mixin.py:104} INFO - [2022-03-19 19:17:20,896] {dagbag.py:487} INFO - Filling up the DagBag from /home/airflow/sandbox/lib/python3.8/site-packages/airflow/example_dags/subdags/subdag.py
[2022-03-19 19:17:20,901] {scheduler_job.py:645} WARNING - No viable dags retrieved from /home/airflow/sandbox/lib/python3.8/site-packages/airflow/example_dags/subdags/subdag.py
[2022-03-19 19:17:20,929] {scheduler_job.py:190} INFO - Processing /home/airflow/sandbox/lib/python3.8/site-packages/airflow/example_dags/subdags/subdag.py took 0.048 seconds
[2022-03-19 19:18:13,307] {scheduler_job.py:182} INFO - Started process (PID=9655) to work on /home/airflow/sandbox/lib/python3.8/site-packages/airflow/example_dags/subdags/subdag.py
[2022-03-19 19:18:13,312] {scheduler_job.py:633} INFO - Processing file /home/airflow/sandbox/lib/python3.8/site-packages/airflow/example_dags/subdags/subdag.py for tasks to queue
[2022-03-19 19:18:13,314] {logging_mixin.py:104} INFO - [2022-03-19 19:18:13,314] {dagbag.py:487} INFO - Filling up the DagBag from /home/airflow/sandbox/lib/python3.8/site-packages/airflow/example_dags/subdags/subdag.py
[2022-03-19 19:18:13,325] {scheduler_job.py:645} WARNING - No viable dags retrieved from /home/airflow/sandbox/lib/python3.8/site-packages/airflow/example_dags/subdags/subdag.py
[2022-03-19 19:18:13,345] {scheduler_job.py:190} INFO - Processing /home/airflow/sandbox/lib/python3.8/site-packages/airflow/example_dags/subdags/subdag.py took 0.052 seconds
[2022-03-19 19:19:06,173] {scheduler_job.py:182} INFO - Started process (PID=9734) to work on /home/airflow/sandbox/lib/python3.8/site-packages/airflow/example_dags/subdags/subdag.py
[2022-03-19 19:19:06,177] {scheduler_job.py:633} INFO - Processing file /home/airflow/sandbox/lib/python3.8/site-packages/airflow/example_dags/subdags/subdag.py for tasks to queue
[2022-03-19 19:19:06,183] {logging_mixin.py:104} INFO - [2022-03-19 19:19:06,183] {dagbag.py:487} INFO - Filling up the DagBag from /home/airflow/sandbox/lib/python3.8/site-packages/airflow/example_dags/subdags/subdag.py
[2022-03-19 19:19:06,195] {scheduler_job.py:645} WARNING - No viable dags retrieved from /home/airflow/sandbox/lib/python3.8/site-packages/airflow/example_dags/subdags/subdag.py
[2022-03-19 19:19:06,215] {scheduler_job.py:190} INFO - Processing /home/airflow/sandbox/lib/python3.8/site-packages/airflow/example_dags/subdags/subdag.py took 0.071 seconds
[2022-03-19 19:19:54,412] {scheduler_job.py:182} INFO - Started process (PID=9768) to work on /home/airflow/sandbox/lib/python3.8/site-packages/airflow/example_dags/subdags/subdag.py
[2022-03-19 19:19:54,425] {scheduler_job.py:633} INFO - Processing file /home/airflow/sandbox/lib/python3.8/site-packages/airflow/example_dags/subdags/subdag.py for tasks to queue
[2022-03-19 19:19:54,428] {logging_mixin.py:104} INFO - [2022-03-19 19:19:54,427] {dagbag.py:487} INFO - Filling up the DagBag from /home/airflow/sandbox/lib/python3.8/site-packages/airflow/example_dags/subdags/subdag.py
[2022-03-19 19:19:54,441] {scheduler_job.py:645} WARNING - No viable dags retrieved from /home/airflow/sandbox/lib/python3.8/site-packages/airflow/example_dags/subdags/subdag.py
[2022-03-19 19:19:54,475] {scheduler_job.py:190} INFO - Processing /home/airflow/sandbox/lib/python3.8/site-packages/airflow/example_dags/subdags/subdag.py took 0.082 seconds
[2022-03-19 19:20:43,840] {scheduler_job.py:182} INFO - Started process (PID=9804) to work on /home/airflow/sandbox/lib/python3.8/site-packages/airflow/example_dags/subdags/subdag.py
[2022-03-19 19:20:43,844] {scheduler_job.py:633} INFO - Processing file /home/airflow/sandbox/lib/python3.8/site-packages/airflow/example_dags/subdags/subdag.py for tasks to queue
[2022-03-19 19:20:43,845] {logging_mixin.py:104} INFO - [2022-03-19 19:20:43,845] {dagbag.py:487} INFO - Filling up the DagBag from /home/airflow/sandbox/lib/python3.8/site-packages/airflow/example_dags/subdags/subdag.py
[2022-03-19 19:20:43,851] {scheduler_job.py:645} WARNING - No viable dags retrieved from /home/airflow/sandbox/lib/python3.8/site-packages/airflow/example_dags/subdags/subdag.py
[2022-03-19 19:20:43,868] {scheduler_job.py:190} INFO - Processing /home/airflow/sandbox/lib/python3.8/site-packages/airflow/example_dags/subdags/subdag.py took 0.035 seconds
[2022-03-19 19:21:33,151] {scheduler_job.py:182} INFO - Started process (PID=9839) to work on /home/airflow/sandbox/lib/python3.8/site-packages/airflow/example_dags/subdags/subdag.py
[2022-03-19 19:21:33,157] {scheduler_job.py:633} INFO - Processing file /home/airflow/sandbox/lib/python3.8/site-packages/airflow/example_dags/subdags/subdag.py for tasks to queue
[2022-03-19 19:21:33,159] {logging_mixin.py:104} INFO - [2022-03-19 19:21:33,159] {dagbag.py:487} INFO - Filling up the DagBag from /home/airflow/sandbox/lib/python3.8/site-packages/airflow/example_dags/subdags/subdag.py
[2022-03-19 19:21:33,172] {scheduler_job.py:645} WARNING - No viable dags retrieved from /home/airflow/sandbox/lib/python3.8/site-packages/airflow/example_dags/subdags/subdag.py
[2022-03-19 19:21:33,201] {scheduler_job.py:190} INFO - Processing /home/airflow/sandbox/lib/python3.8/site-packages/airflow/example_dags/subdags/subdag.py took 0.082 seconds
[2022-03-19 19:22:29,612] {scheduler_job.py:182} INFO - Started process (PID=9876) to work on /home/airflow/sandbox/lib/python3.8/site-packages/airflow/example_dags/subdags/subdag.py
[2022-03-19 19:22:29,618] {scheduler_job.py:633} INFO - Processing file /home/airflow/sandbox/lib/python3.8/site-packages/airflow/example_dags/subdags/subdag.py for tasks to queue
[2022-03-19 19:22:29,619] {logging_mixin.py:104} INFO - [2022-03-19 19:22:29,619] {dagbag.py:487} INFO - Filling up the DagBag from /home/airflow/sandbox/lib/python3.8/site-packages/airflow/example_dags/subdags/subdag.py
[2022-03-19 19:22:29,629] {scheduler_job.py:645} WARNING - No viable dags retrieved from /home/airflow/sandbox/lib/python3.8/site-packages/airflow/example_dags/subdags/subdag.py
[2022-03-19 19:22:29,657] {scheduler_job.py:190} INFO - Processing /home/airflow/sandbox/lib/python3.8/site-packages/airflow/example_dags/subdags/subdag.py took 0.059 seconds
[2022-03-19 19:23:16,418] {scheduler_job.py:182} INFO - Started process (PID=9978) to work on /home/airflow/sandbox/lib/python3.8/site-packages/airflow/example_dags/subdags/subdag.py
[2022-03-19 19:23:16,428] {scheduler_job.py:633} INFO - Processing file /home/airflow/sandbox/lib/python3.8/site-packages/airflow/example_dags/subdags/subdag.py for tasks to queue
[2022-03-19 19:23:16,429] {logging_mixin.py:104} INFO - [2022-03-19 19:23:16,429] {dagbag.py:487} INFO - Filling up the DagBag from /home/airflow/sandbox/lib/python3.8/site-packages/airflow/example_dags/subdags/subdag.py
[2022-03-19 19:23:16,437] {scheduler_job.py:645} WARNING - No viable dags retrieved from /home/airflow/sandbox/lib/python3.8/site-packages/airflow/example_dags/subdags/subdag.py
[2022-03-19 19:23:16,460] {scheduler_job.py:190} INFO - Processing /home/airflow/sandbox/lib/python3.8/site-packages/airflow/example_dags/subdags/subdag.py took 0.056 seconds
[2022-03-19 19:24:06,437] {scheduler_job.py:182} INFO - Started process (PID=10071) to work on /home/airflow/sandbox/lib/python3.8/site-packages/airflow/example_dags/subdags/subdag.py
[2022-03-19 19:24:06,447] {scheduler_job.py:633} INFO - Processing file /home/airflow/sandbox/lib/python3.8/site-packages/airflow/example_dags/subdags/subdag.py for tasks to queue
[2022-03-19 19:24:06,449] {logging_mixin.py:104} INFO - [2022-03-19 19:24:06,449] {dagbag.py:487} INFO - Filling up the DagBag from /home/airflow/sandbox/lib/python3.8/site-packages/airflow/example_dags/subdags/subdag.py
[2022-03-19 19:24:06,458] {scheduler_job.py:645} WARNING - No viable dags retrieved from /home/airflow/sandbox/lib/python3.8/site-packages/airflow/example_dags/subdags/subdag.py
[2022-03-19 19:24:06,495] {scheduler_job.py:190} INFO - Processing /home/airflow/sandbox/lib/python3.8/site-packages/airflow/example_dags/subdags/subdag.py took 0.069 seconds
[2022-03-19 19:24:59,095] {scheduler_job.py:182} INFO - Started process (PID=10109) to work on /home/airflow/sandbox/lib/python3.8/site-packages/airflow/example_dags/subdags/subdag.py
[2022-03-19 19:24:59,098] {scheduler_job.py:633} INFO - Processing file /home/airflow/sandbox/lib/python3.8/site-packages/airflow/example_dags/subdags/subdag.py for tasks to queue
[2022-03-19 19:24:59,101] {logging_mixin.py:104} INFO - [2022-03-19 19:24:59,101] {dagbag.py:487} INFO - Filling up the DagBag from /home/airflow/sandbox/lib/python3.8/site-packages/airflow/example_dags/subdags/subdag.py
[2022-03-19 19:24:59,118] {scheduler_job.py:645} WARNING - No viable dags retrieved from /home/airflow/sandbox/lib/python3.8/site-packages/airflow/example_dags/subdags/subdag.py
[2022-03-19 19:24:59,139] {scheduler_job.py:190} INFO - Processing /home/airflow/sandbox/lib/python3.8/site-packages/airflow/example_dags/subdags/subdag.py took 0.050 seconds
[2022-03-19 19:25:43,460] {scheduler_job.py:182} INFO - Started process (PID=10140) to work on /home/airflow/sandbox/lib/python3.8/site-packages/airflow/example_dags/subdags/subdag.py
[2022-03-19 19:25:43,463] {scheduler_job.py:633} INFO - Processing file /home/airflow/sandbox/lib/python3.8/site-packages/airflow/example_dags/subdags/subdag.py for tasks to queue
[2022-03-19 19:25:43,464] {logging_mixin.py:104} INFO - [2022-03-19 19:25:43,464] {dagbag.py:487} INFO - Filling up the DagBag from /home/airflow/sandbox/lib/python3.8/site-packages/airflow/example_dags/subdags/subdag.py
[2022-03-19 19:25:43,478] {scheduler_job.py:645} WARNING - No viable dags retrieved from /home/airflow/sandbox/lib/python3.8/site-packages/airflow/example_dags/subdags/subdag.py
[2022-03-19 19:25:43,504] {scheduler_job.py:190} INFO - Processing /home/airflow/sandbox/lib/python3.8/site-packages/airflow/example_dags/subdags/subdag.py took 0.051 seconds
[2022-03-19 19:26:34,293] {scheduler_job.py:182} INFO - Started process (PID=10177) to work on /home/airflow/sandbox/lib/python3.8/site-packages/airflow/example_dags/subdags/subdag.py
[2022-03-19 19:26:34,296] {scheduler_job.py:633} INFO - Processing file /home/airflow/sandbox/lib/python3.8/site-packages/airflow/example_dags/subdags/subdag.py for tasks to queue
[2022-03-19 19:26:34,297] {logging_mixin.py:104} INFO - [2022-03-19 19:26:34,297] {dagbag.py:487} INFO - Filling up the DagBag from /home/airflow/sandbox/lib/python3.8/site-packages/airflow/example_dags/subdags/subdag.py
[2022-03-19 19:26:34,305] {scheduler_job.py:645} WARNING - No viable dags retrieved from /home/airflow/sandbox/lib/python3.8/site-packages/airflow/example_dags/subdags/subdag.py
[2022-03-19 19:26:34,326] {scheduler_job.py:190} INFO - Processing /home/airflow/sandbox/lib/python3.8/site-packages/airflow/example_dags/subdags/subdag.py took 0.041 seconds
[2022-03-19 19:27:16,343] {scheduler_job.py:182} INFO - Started process (PID=10209) to work on /home/airflow/sandbox/lib/python3.8/site-packages/airflow/example_dags/subdags/subdag.py
[2022-03-19 19:27:16,347] {scheduler_job.py:633} INFO - Processing file /home/airflow/sandbox/lib/python3.8/site-packages/airflow/example_dags/subdags/subdag.py for tasks to queue
[2022-03-19 19:27:16,353] {logging_mixin.py:104} INFO - [2022-03-19 19:27:16,352] {dagbag.py:487} INFO - Filling up the DagBag from /home/airflow/sandbox/lib/python3.8/site-packages/airflow/example_dags/subdags/subdag.py
[2022-03-19 19:27:16,358] {scheduler_job.py:645} WARNING - No viable dags retrieved from /home/airflow/sandbox/lib/python3.8/site-packages/airflow/example_dags/subdags/subdag.py
[2022-03-19 19:27:16,387] {scheduler_job.py:190} INFO - Processing /home/airflow/sandbox/lib/python3.8/site-packages/airflow/example_dags/subdags/subdag.py took 0.052 seconds
[2022-03-19 19:27:58,014] {scheduler_job.py:182} INFO - Started process (PID=10241) to work on /home/airflow/sandbox/lib/python3.8/site-packages/airflow/example_dags/subdags/subdag.py
[2022-03-19 19:27:58,019] {scheduler_job.py:633} INFO - Processing file /home/airflow/sandbox/lib/python3.8/site-packages/airflow/example_dags/subdags/subdag.py for tasks to queue
[2022-03-19 19:27:58,021] {logging_mixin.py:104} INFO - [2022-03-19 19:27:58,020] {dagbag.py:487} INFO - Filling up the DagBag from /home/airflow/sandbox/lib/python3.8/site-packages/airflow/example_dags/subdags/subdag.py
[2022-03-19 19:27:58,026] {scheduler_job.py:645} WARNING - No viable dags retrieved from /home/airflow/sandbox/lib/python3.8/site-packages/airflow/example_dags/subdags/subdag.py
[2022-03-19 19:27:58,046] {scheduler_job.py:190} INFO - Processing /home/airflow/sandbox/lib/python3.8/site-packages/airflow/example_dags/subdags/subdag.py took 0.038 seconds
[2022-03-19 19:28:53,993] {scheduler_job.py:182} INFO - Started process (PID=10274) to work on /home/airflow/sandbox/lib/python3.8/site-packages/airflow/example_dags/subdags/subdag.py
[2022-03-19 19:28:53,997] {scheduler_job.py:633} INFO - Processing file /home/airflow/sandbox/lib/python3.8/site-packages/airflow/example_dags/subdags/subdag.py for tasks to queue
[2022-03-19 19:28:53,999] {logging_mixin.py:104} INFO - [2022-03-19 19:28:53,998] {dagbag.py:487} INFO - Filling up the DagBag from /home/airflow/sandbox/lib/python3.8/site-packages/airflow/example_dags/subdags/subdag.py
[2022-03-19 19:28:54,005] {scheduler_job.py:645} WARNING - No viable dags retrieved from /home/airflow/sandbox/lib/python3.8/site-packages/airflow/example_dags/subdags/subdag.py
[2022-03-19 19:28:54,020] {scheduler_job.py:190} INFO - Processing /home/airflow/sandbox/lib/python3.8/site-packages/airflow/example_dags/subdags/subdag.py took 0.037 seconds
[2022-03-19 19:29:43,234] {scheduler_job.py:182} INFO - Started process (PID=10380) to work on /home/airflow/sandbox/lib/python3.8/site-packages/airflow/example_dags/subdags/subdag.py
[2022-03-19 19:29:43,253] {scheduler_job.py:633} INFO - Processing file /home/airflow/sandbox/lib/python3.8/site-packages/airflow/example_dags/subdags/subdag.py for tasks to queue
[2022-03-19 19:29:43,255] {logging_mixin.py:104} INFO - [2022-03-19 19:29:43,254] {dagbag.py:487} INFO - Filling up the DagBag from /home/airflow/sandbox/lib/python3.8/site-packages/airflow/example_dags/subdags/subdag.py
[2022-03-19 19:29:43,263] {scheduler_job.py:645} WARNING - No viable dags retrieved from /home/airflow/sandbox/lib/python3.8/site-packages/airflow/example_dags/subdags/subdag.py
[2022-03-19 19:29:43,291] {scheduler_job.py:190} INFO - Processing /home/airflow/sandbox/lib/python3.8/site-packages/airflow/example_dags/subdags/subdag.py took 0.075 seconds
[2022-03-19 19:30:32,875] {scheduler_job.py:182} INFO - Started process (PID=10452) to work on /home/airflow/sandbox/lib/python3.8/site-packages/airflow/example_dags/subdags/subdag.py
[2022-03-19 19:30:32,879] {scheduler_job.py:633} INFO - Processing file /home/airflow/sandbox/lib/python3.8/site-packages/airflow/example_dags/subdags/subdag.py for tasks to queue
[2022-03-19 19:30:32,881] {logging_mixin.py:104} INFO - [2022-03-19 19:30:32,880] {dagbag.py:487} INFO - Filling up the DagBag from /home/airflow/sandbox/lib/python3.8/site-packages/airflow/example_dags/subdags/subdag.py
[2022-03-19 19:30:32,888] {scheduler_job.py:645} WARNING - No viable dags retrieved from /home/airflow/sandbox/lib/python3.8/site-packages/airflow/example_dags/subdags/subdag.py
[2022-03-19 19:30:32,910] {scheduler_job.py:190} INFO - Processing /home/airflow/sandbox/lib/python3.8/site-packages/airflow/example_dags/subdags/subdag.py took 0.041 seconds
[2022-03-19 19:31:20,113] {scheduler_job.py:182} INFO - Started process (PID=10485) to work on /home/airflow/sandbox/lib/python3.8/site-packages/airflow/example_dags/subdags/subdag.py
[2022-03-19 19:31:20,115] {scheduler_job.py:633} INFO - Processing file /home/airflow/sandbox/lib/python3.8/site-packages/airflow/example_dags/subdags/subdag.py for tasks to queue
[2022-03-19 19:31:20,117] {logging_mixin.py:104} INFO - [2022-03-19 19:31:20,117] {dagbag.py:487} INFO - Filling up the DagBag from /home/airflow/sandbox/lib/python3.8/site-packages/airflow/example_dags/subdags/subdag.py
[2022-03-19 19:31:20,124] {scheduler_job.py:645} WARNING - No viable dags retrieved from /home/airflow/sandbox/lib/python3.8/site-packages/airflow/example_dags/subdags/subdag.py
[2022-03-19 19:31:20,143] {scheduler_job.py:190} INFO - Processing /home/airflow/sandbox/lib/python3.8/site-packages/airflow/example_dags/subdags/subdag.py took 0.043 seconds
[2022-03-19 19:32:12,219] {scheduler_job.py:182} INFO - Started process (PID=10633) to work on /home/airflow/sandbox/lib/python3.8/site-packages/airflow/example_dags/subdags/subdag.py
[2022-03-19 19:32:12,255] {scheduler_job.py:633} INFO - Processing file /home/airflow/sandbox/lib/python3.8/site-packages/airflow/example_dags/subdags/subdag.py for tasks to queue
[2022-03-19 19:32:12,257] {logging_mixin.py:104} INFO - [2022-03-19 19:32:12,257] {dagbag.py:487} INFO - Filling up the DagBag from /home/airflow/sandbox/lib/python3.8/site-packages/airflow/example_dags/subdags/subdag.py
[2022-03-19 19:32:12,385] {scheduler_job.py:645} WARNING - No viable dags retrieved from /home/airflow/sandbox/lib/python3.8/site-packages/airflow/example_dags/subdags/subdag.py
[2022-03-19 19:32:12,531] {scheduler_job.py:190} INFO - Processing /home/airflow/sandbox/lib/python3.8/site-packages/airflow/example_dags/subdags/subdag.py took 0.330 seconds
[2022-03-19 19:33:07,018] {scheduler_job.py:182} INFO - Started process (PID=10698) to work on /home/airflow/sandbox/lib/python3.8/site-packages/airflow/example_dags/subdags/subdag.py
[2022-03-19 19:33:07,023] {scheduler_job.py:633} INFO - Processing file /home/airflow/sandbox/lib/python3.8/site-packages/airflow/example_dags/subdags/subdag.py for tasks to queue
[2022-03-19 19:33:07,028] {logging_mixin.py:104} INFO - [2022-03-19 19:33:07,028] {dagbag.py:487} INFO - Filling up the DagBag from /home/airflow/sandbox/lib/python3.8/site-packages/airflow/example_dags/subdags/subdag.py
[2022-03-19 19:33:07,052] {scheduler_job.py:645} WARNING - No viable dags retrieved from /home/airflow/sandbox/lib/python3.8/site-packages/airflow/example_dags/subdags/subdag.py
[2022-03-19 19:33:07,104] {scheduler_job.py:190} INFO - Processing /home/airflow/sandbox/lib/python3.8/site-packages/airflow/example_dags/subdags/subdag.py took 0.114 seconds
[2022-03-19 19:34:06,081] {scheduler_job.py:182} INFO - Started process (PID=10834) to work on /home/airflow/sandbox/lib/python3.8/site-packages/airflow/example_dags/subdags/subdag.py
[2022-03-19 19:34:06,092] {scheduler_job.py:633} INFO - Processing file /home/airflow/sandbox/lib/python3.8/site-packages/airflow/example_dags/subdags/subdag.py for tasks to queue
[2022-03-19 19:34:06,113] {logging_mixin.py:104} INFO - [2022-03-19 19:34:06,113] {dagbag.py:487} INFO - Filling up the DagBag from /home/airflow/sandbox/lib/python3.8/site-packages/airflow/example_dags/subdags/subdag.py
[2022-03-19 19:34:06,124] {scheduler_job.py:645} WARNING - No viable dags retrieved from /home/airflow/sandbox/lib/python3.8/site-packages/airflow/example_dags/subdags/subdag.py
[2022-03-19 19:34:06,169] {scheduler_job.py:190} INFO - Processing /home/airflow/sandbox/lib/python3.8/site-packages/airflow/example_dags/subdags/subdag.py took 0.111 seconds
[2022-03-19 19:35:04,213] {scheduler_job.py:182} INFO - Started process (PID=10938) to work on /home/airflow/sandbox/lib/python3.8/site-packages/airflow/example_dags/subdags/subdag.py
[2022-03-19 19:35:04,219] {scheduler_job.py:633} INFO - Processing file /home/airflow/sandbox/lib/python3.8/site-packages/airflow/example_dags/subdags/subdag.py for tasks to queue
[2022-03-19 19:35:04,222] {logging_mixin.py:104} INFO - [2022-03-19 19:35:04,222] {dagbag.py:487} INFO - Filling up the DagBag from /home/airflow/sandbox/lib/python3.8/site-packages/airflow/example_dags/subdags/subdag.py
[2022-03-19 19:35:04,232] {scheduler_job.py:645} WARNING - No viable dags retrieved from /home/airflow/sandbox/lib/python3.8/site-packages/airflow/example_dags/subdags/subdag.py
[2022-03-19 19:35:04,261] {scheduler_job.py:190} INFO - Processing /home/airflow/sandbox/lib/python3.8/site-packages/airflow/example_dags/subdags/subdag.py took 0.059 seconds
[2022-03-19 19:35:57,132] {scheduler_job.py:182} INFO - Started process (PID=10975) to work on /home/airflow/sandbox/lib/python3.8/site-packages/airflow/example_dags/subdags/subdag.py
[2022-03-19 19:35:57,140] {scheduler_job.py:633} INFO - Processing file /home/airflow/sandbox/lib/python3.8/site-packages/airflow/example_dags/subdags/subdag.py for tasks to queue
[2022-03-19 19:35:57,148] {logging_mixin.py:104} INFO - [2022-03-19 19:35:57,143] {dagbag.py:487} INFO - Filling up the DagBag from /home/airflow/sandbox/lib/python3.8/site-packages/airflow/example_dags/subdags/subdag.py
[2022-03-19 19:35:57,173] {scheduler_job.py:645} WARNING - No viable dags retrieved from /home/airflow/sandbox/lib/python3.8/site-packages/airflow/example_dags/subdags/subdag.py
[2022-03-19 19:35:57,209] {scheduler_job.py:190} INFO - Processing /home/airflow/sandbox/lib/python3.8/site-packages/airflow/example_dags/subdags/subdag.py took 0.105 seconds
[2022-03-19 19:36:49,947] {scheduler_job.py:182} INFO - Started process (PID=11043) to work on /home/airflow/sandbox/lib/python3.8/site-packages/airflow/example_dags/subdags/subdag.py
[2022-03-19 19:36:49,951] {scheduler_job.py:633} INFO - Processing file /home/airflow/sandbox/lib/python3.8/site-packages/airflow/example_dags/subdags/subdag.py for tasks to queue
[2022-03-19 19:36:49,953] {logging_mixin.py:104} INFO - [2022-03-19 19:36:49,953] {dagbag.py:487} INFO - Filling up the DagBag from /home/airflow/sandbox/lib/python3.8/site-packages/airflow/example_dags/subdags/subdag.py
[2022-03-19 19:36:49,961] {scheduler_job.py:645} WARNING - No viable dags retrieved from /home/airflow/sandbox/lib/python3.8/site-packages/airflow/example_dags/subdags/subdag.py
[2022-03-19 19:36:49,997] {scheduler_job.py:190} INFO - Processing /home/airflow/sandbox/lib/python3.8/site-packages/airflow/example_dags/subdags/subdag.py took 0.068 seconds
[2022-03-19 19:37:48,883] {scheduler_job.py:182} INFO - Started process (PID=11079) to work on /home/airflow/sandbox/lib/python3.8/site-packages/airflow/example_dags/subdags/subdag.py
[2022-03-19 19:37:48,893] {scheduler_job.py:633} INFO - Processing file /home/airflow/sandbox/lib/python3.8/site-packages/airflow/example_dags/subdags/subdag.py for tasks to queue
[2022-03-19 19:37:48,922] {logging_mixin.py:104} INFO - [2022-03-19 19:37:48,921] {dagbag.py:487} INFO - Filling up the DagBag from /home/airflow/sandbox/lib/python3.8/site-packages/airflow/example_dags/subdags/subdag.py
[2022-03-19 19:37:48,948] {scheduler_job.py:645} WARNING - No viable dags retrieved from /home/airflow/sandbox/lib/python3.8/site-packages/airflow/example_dags/subdags/subdag.py
[2022-03-19 19:37:49,099] {scheduler_job.py:190} INFO - Processing /home/airflow/sandbox/lib/python3.8/site-packages/airflow/example_dags/subdags/subdag.py took 0.245 seconds
[2022-03-19 19:38:33,328] {scheduler_job.py:182} INFO - Started process (PID=11109) to work on /home/airflow/sandbox/lib/python3.8/site-packages/airflow/example_dags/subdags/subdag.py
[2022-03-19 19:38:33,330] {scheduler_job.py:633} INFO - Processing file /home/airflow/sandbox/lib/python3.8/site-packages/airflow/example_dags/subdags/subdag.py for tasks to queue
[2022-03-19 19:38:33,333] {logging_mixin.py:104} INFO - [2022-03-19 19:38:33,332] {dagbag.py:487} INFO - Filling up the DagBag from /home/airflow/sandbox/lib/python3.8/site-packages/airflow/example_dags/subdags/subdag.py
[2022-03-19 19:38:33,340] {scheduler_job.py:645} WARNING - No viable dags retrieved from /home/airflow/sandbox/lib/python3.8/site-packages/airflow/example_dags/subdags/subdag.py
[2022-03-19 19:38:33,363] {scheduler_job.py:190} INFO - Processing /home/airflow/sandbox/lib/python3.8/site-packages/airflow/example_dags/subdags/subdag.py took 0.049 seconds
[2022-03-19 19:39:20,579] {scheduler_job.py:182} INFO - Started process (PID=11293) to work on /home/airflow/sandbox/lib/python3.8/site-packages/airflow/example_dags/subdags/subdag.py
[2022-03-19 19:39:20,582] {scheduler_job.py:633} INFO - Processing file /home/airflow/sandbox/lib/python3.8/site-packages/airflow/example_dags/subdags/subdag.py for tasks to queue
[2022-03-19 19:39:20,584] {logging_mixin.py:104} INFO - [2022-03-19 19:39:20,583] {dagbag.py:487} INFO - Filling up the DagBag from /home/airflow/sandbox/lib/python3.8/site-packages/airflow/example_dags/subdags/subdag.py
[2022-03-19 19:39:20,596] {scheduler_job.py:645} WARNING - No viable dags retrieved from /home/airflow/sandbox/lib/python3.8/site-packages/airflow/example_dags/subdags/subdag.py
[2022-03-19 19:39:20,627] {scheduler_job.py:190} INFO - Processing /home/airflow/sandbox/lib/python3.8/site-packages/airflow/example_dags/subdags/subdag.py took 0.059 seconds
[2022-03-19 19:40:03,444] {scheduler_job.py:182} INFO - Started process (PID=11378) to work on /home/airflow/sandbox/lib/python3.8/site-packages/airflow/example_dags/subdags/subdag.py
[2022-03-19 19:40:03,447] {scheduler_job.py:633} INFO - Processing file /home/airflow/sandbox/lib/python3.8/site-packages/airflow/example_dags/subdags/subdag.py for tasks to queue
[2022-03-19 19:40:03,449] {logging_mixin.py:104} INFO - [2022-03-19 19:40:03,449] {dagbag.py:487} INFO - Filling up the DagBag from /home/airflow/sandbox/lib/python3.8/site-packages/airflow/example_dags/subdags/subdag.py
[2022-03-19 19:40:03,460] {scheduler_job.py:645} WARNING - No viable dags retrieved from /home/airflow/sandbox/lib/python3.8/site-packages/airflow/example_dags/subdags/subdag.py
[2022-03-19 19:40:03,489] {scheduler_job.py:190} INFO - Processing /home/airflow/sandbox/lib/python3.8/site-packages/airflow/example_dags/subdags/subdag.py took 0.071 seconds
[2022-03-19 19:40:50,448] {scheduler_job.py:182} INFO - Started process (PID=11517) to work on /home/airflow/sandbox/lib/python3.8/site-packages/airflow/example_dags/subdags/subdag.py
[2022-03-19 19:40:50,457] {scheduler_job.py:633} INFO - Processing file /home/airflow/sandbox/lib/python3.8/site-packages/airflow/example_dags/subdags/subdag.py for tasks to queue
[2022-03-19 19:40:50,458] {logging_mixin.py:104} INFO - [2022-03-19 19:40:50,458] {dagbag.py:487} INFO - Filling up the DagBag from /home/airflow/sandbox/lib/python3.8/site-packages/airflow/example_dags/subdags/subdag.py
[2022-03-19 19:40:50,476] {scheduler_job.py:645} WARNING - No viable dags retrieved from /home/airflow/sandbox/lib/python3.8/site-packages/airflow/example_dags/subdags/subdag.py
[2022-03-19 19:40:50,503] {scheduler_job.py:190} INFO - Processing /home/airflow/sandbox/lib/python3.8/site-packages/airflow/example_dags/subdags/subdag.py took 0.075 seconds
[2022-03-19 19:41:34,675] {scheduler_job.py:182} INFO - Started process (PID=11692) to work on /home/airflow/sandbox/lib/python3.8/site-packages/airflow/example_dags/subdags/subdag.py
[2022-03-19 19:41:34,685] {scheduler_job.py:633} INFO - Processing file /home/airflow/sandbox/lib/python3.8/site-packages/airflow/example_dags/subdags/subdag.py for tasks to queue
[2022-03-19 19:41:34,687] {logging_mixin.py:104} INFO - [2022-03-19 19:41:34,687] {dagbag.py:487} INFO - Filling up the DagBag from /home/airflow/sandbox/lib/python3.8/site-packages/airflow/example_dags/subdags/subdag.py
[2022-03-19 19:41:34,700] {scheduler_job.py:645} WARNING - No viable dags retrieved from /home/airflow/sandbox/lib/python3.8/site-packages/airflow/example_dags/subdags/subdag.py
[2022-03-19 19:41:34,712] {scheduler_job.py:190} INFO - Processing /home/airflow/sandbox/lib/python3.8/site-packages/airflow/example_dags/subdags/subdag.py took 0.043 seconds
[2022-03-19 19:42:26,492] {scheduler_job.py:182} INFO - Started process (PID=11770) to work on /home/airflow/sandbox/lib/python3.8/site-packages/airflow/example_dags/subdags/subdag.py
[2022-03-19 19:42:26,495] {scheduler_job.py:633} INFO - Processing file /home/airflow/sandbox/lib/python3.8/site-packages/airflow/example_dags/subdags/subdag.py for tasks to queue
[2022-03-19 19:42:26,496] {logging_mixin.py:104} INFO - [2022-03-19 19:42:26,496] {dagbag.py:487} INFO - Filling up the DagBag from /home/airflow/sandbox/lib/python3.8/site-packages/airflow/example_dags/subdags/subdag.py
[2022-03-19 19:42:26,507] {scheduler_job.py:645} WARNING - No viable dags retrieved from /home/airflow/sandbox/lib/python3.8/site-packages/airflow/example_dags/subdags/subdag.py
[2022-03-19 19:42:26,531] {scheduler_job.py:190} INFO - Processing /home/airflow/sandbox/lib/python3.8/site-packages/airflow/example_dags/subdags/subdag.py took 0.048 seconds
[2022-03-19 19:43:08,002] {scheduler_job.py:182} INFO - Started process (PID=11803) to work on /home/airflow/sandbox/lib/python3.8/site-packages/airflow/example_dags/subdags/subdag.py
[2022-03-19 19:43:08,006] {scheduler_job.py:633} INFO - Processing file /home/airflow/sandbox/lib/python3.8/site-packages/airflow/example_dags/subdags/subdag.py for tasks to queue
[2022-03-19 19:43:08,009] {logging_mixin.py:104} INFO - [2022-03-19 19:43:08,009] {dagbag.py:487} INFO - Filling up the DagBag from /home/airflow/sandbox/lib/python3.8/site-packages/airflow/example_dags/subdags/subdag.py
[2022-03-19 19:43:08,016] {scheduler_job.py:645} WARNING - No viable dags retrieved from /home/airflow/sandbox/lib/python3.8/site-packages/airflow/example_dags/subdags/subdag.py
[2022-03-19 19:43:08,041] {scheduler_job.py:190} INFO - Processing /home/airflow/sandbox/lib/python3.8/site-packages/airflow/example_dags/subdags/subdag.py took 0.058 seconds
[2022-03-19 19:43:46,417] {scheduler_job.py:182} INFO - Started process (PID=11831) to work on /home/airflow/sandbox/lib/python3.8/site-packages/airflow/example_dags/subdags/subdag.py
[2022-03-19 19:43:46,419] {scheduler_job.py:633} INFO - Processing file /home/airflow/sandbox/lib/python3.8/site-packages/airflow/example_dags/subdags/subdag.py for tasks to queue
[2022-03-19 19:43:46,421] {logging_mixin.py:104} INFO - [2022-03-19 19:43:46,420] {dagbag.py:487} INFO - Filling up the DagBag from /home/airflow/sandbox/lib/python3.8/site-packages/airflow/example_dags/subdags/subdag.py
[2022-03-19 19:43:46,431] {scheduler_job.py:645} WARNING - No viable dags retrieved from /home/airflow/sandbox/lib/python3.8/site-packages/airflow/example_dags/subdags/subdag.py
[2022-03-19 19:43:46,445] {scheduler_job.py:190} INFO - Processing /home/airflow/sandbox/lib/python3.8/site-packages/airflow/example_dags/subdags/subdag.py took 0.046 seconds
[2022-03-19 19:44:23,430] {scheduler_job.py:182} INFO - Started process (PID=11904) to work on /home/airflow/sandbox/lib/python3.8/site-packages/airflow/example_dags/subdags/subdag.py
[2022-03-19 19:44:23,436] {scheduler_job.py:633} INFO - Processing file /home/airflow/sandbox/lib/python3.8/site-packages/airflow/example_dags/subdags/subdag.py for tasks to queue
[2022-03-19 19:44:23,438] {logging_mixin.py:104} INFO - [2022-03-19 19:44:23,438] {dagbag.py:487} INFO - Filling up the DagBag from /home/airflow/sandbox/lib/python3.8/site-packages/airflow/example_dags/subdags/subdag.py
[2022-03-19 19:44:23,465] {scheduler_job.py:645} WARNING - No viable dags retrieved from /home/airflow/sandbox/lib/python3.8/site-packages/airflow/example_dags/subdags/subdag.py
[2022-03-19 19:44:23,517] {scheduler_job.py:190} INFO - Processing /home/airflow/sandbox/lib/python3.8/site-packages/airflow/example_dags/subdags/subdag.py took 0.107 seconds
[2022-03-19 19:45:04,177] {scheduler_job.py:182} INFO - Started process (PID=11982) to work on /home/airflow/sandbox/lib/python3.8/site-packages/airflow/example_dags/subdags/subdag.py
[2022-03-19 19:45:04,180] {scheduler_job.py:633} INFO - Processing file /home/airflow/sandbox/lib/python3.8/site-packages/airflow/example_dags/subdags/subdag.py for tasks to queue
[2022-03-19 19:45:04,182] {logging_mixin.py:104} INFO - [2022-03-19 19:45:04,181] {dagbag.py:487} INFO - Filling up the DagBag from /home/airflow/sandbox/lib/python3.8/site-packages/airflow/example_dags/subdags/subdag.py
[2022-03-19 19:45:04,191] {scheduler_job.py:645} WARNING - No viable dags retrieved from /home/airflow/sandbox/lib/python3.8/site-packages/airflow/example_dags/subdags/subdag.py
[2022-03-19 19:45:04,211] {scheduler_job.py:190} INFO - Processing /home/airflow/sandbox/lib/python3.8/site-packages/airflow/example_dags/subdags/subdag.py took 0.043 seconds
[2022-03-19 19:45:47,486] {scheduler_job.py:182} INFO - Started process (PID=12134) to work on /home/airflow/sandbox/lib/python3.8/site-packages/airflow/example_dags/subdags/subdag.py
[2022-03-19 19:45:47,499] {scheduler_job.py:633} INFO - Processing file /home/airflow/sandbox/lib/python3.8/site-packages/airflow/example_dags/subdags/subdag.py for tasks to queue
[2022-03-19 19:45:47,505] {logging_mixin.py:104} INFO - [2022-03-19 19:45:47,505] {dagbag.py:487} INFO - Filling up the DagBag from /home/airflow/sandbox/lib/python3.8/site-packages/airflow/example_dags/subdags/subdag.py
[2022-03-19 19:45:47,520] {scheduler_job.py:645} WARNING - No viable dags retrieved from /home/airflow/sandbox/lib/python3.8/site-packages/airflow/example_dags/subdags/subdag.py
[2022-03-19 19:45:47,551] {scheduler_job.py:190} INFO - Processing /home/airflow/sandbox/lib/python3.8/site-packages/airflow/example_dags/subdags/subdag.py took 0.096 seconds
[2022-03-19 19:46:47,392] {scheduler_job.py:182} INFO - Started process (PID=12208) to work on /home/airflow/sandbox/lib/python3.8/site-packages/airflow/example_dags/subdags/subdag.py
[2022-03-19 19:46:47,398] {scheduler_job.py:633} INFO - Processing file /home/airflow/sandbox/lib/python3.8/site-packages/airflow/example_dags/subdags/subdag.py for tasks to queue
[2022-03-19 19:46:47,409] {logging_mixin.py:104} INFO - [2022-03-19 19:46:47,409] {dagbag.py:487} INFO - Filling up the DagBag from /home/airflow/sandbox/lib/python3.8/site-packages/airflow/example_dags/subdags/subdag.py
[2022-03-19 19:46:47,431] {scheduler_job.py:645} WARNING - No viable dags retrieved from /home/airflow/sandbox/lib/python3.8/site-packages/airflow/example_dags/subdags/subdag.py
[2022-03-19 19:46:47,457] {scheduler_job.py:190} INFO - Processing /home/airflow/sandbox/lib/python3.8/site-packages/airflow/example_dags/subdags/subdag.py took 0.118 seconds
[2022-03-19 19:47:43,378] {scheduler_job.py:182} INFO - Started process (PID=12274) to work on /home/airflow/sandbox/lib/python3.8/site-packages/airflow/example_dags/subdags/subdag.py
[2022-03-19 19:47:43,388] {scheduler_job.py:633} INFO - Processing file /home/airflow/sandbox/lib/python3.8/site-packages/airflow/example_dags/subdags/subdag.py for tasks to queue
[2022-03-19 19:47:43,394] {logging_mixin.py:104} INFO - [2022-03-19 19:47:43,393] {dagbag.py:487} INFO - Filling up the DagBag from /home/airflow/sandbox/lib/python3.8/site-packages/airflow/example_dags/subdags/subdag.py
[2022-03-19 19:47:43,416] {scheduler_job.py:645} WARNING - No viable dags retrieved from /home/airflow/sandbox/lib/python3.8/site-packages/airflow/example_dags/subdags/subdag.py
[2022-03-19 19:47:43,498] {scheduler_job.py:190} INFO - Processing /home/airflow/sandbox/lib/python3.8/site-packages/airflow/example_dags/subdags/subdag.py took 0.140 seconds
[2022-03-19 19:48:31,210] {scheduler_job.py:182} INFO - Started process (PID=12379) to work on /home/airflow/sandbox/lib/python3.8/site-packages/airflow/example_dags/subdags/subdag.py
[2022-03-19 19:48:31,222] {scheduler_job.py:633} INFO - Processing file /home/airflow/sandbox/lib/python3.8/site-packages/airflow/example_dags/subdags/subdag.py for tasks to queue
[2022-03-19 19:48:31,223] {logging_mixin.py:104} INFO - [2022-03-19 19:48:31,223] {dagbag.py:487} INFO - Filling up the DagBag from /home/airflow/sandbox/lib/python3.8/site-packages/airflow/example_dags/subdags/subdag.py
[2022-03-19 19:48:31,242] {scheduler_job.py:645} WARNING - No viable dags retrieved from /home/airflow/sandbox/lib/python3.8/site-packages/airflow/example_dags/subdags/subdag.py
[2022-03-19 19:48:31,268] {scheduler_job.py:190} INFO - Processing /home/airflow/sandbox/lib/python3.8/site-packages/airflow/example_dags/subdags/subdag.py took 0.064 seconds
[2022-03-19 19:49:23,961] {scheduler_job.py:182} INFO - Started process (PID=12543) to work on /home/airflow/sandbox/lib/python3.8/site-packages/airflow/example_dags/subdags/subdag.py
[2022-03-19 19:49:23,965] {scheduler_job.py:633} INFO - Processing file /home/airflow/sandbox/lib/python3.8/site-packages/airflow/example_dags/subdags/subdag.py for tasks to queue
[2022-03-19 19:49:23,968] {logging_mixin.py:104} INFO - [2022-03-19 19:49:23,967] {dagbag.py:487} INFO - Filling up the DagBag from /home/airflow/sandbox/lib/python3.8/site-packages/airflow/example_dags/subdags/subdag.py
[2022-03-19 19:49:23,975] {scheduler_job.py:645} WARNING - No viable dags retrieved from /home/airflow/sandbox/lib/python3.8/site-packages/airflow/example_dags/subdags/subdag.py
[2022-03-19 19:49:23,993] {scheduler_job.py:190} INFO - Processing /home/airflow/sandbox/lib/python3.8/site-packages/airflow/example_dags/subdags/subdag.py took 0.045 seconds
[2022-03-19 19:50:17,902] {scheduler_job.py:182} INFO - Started process (PID=12787) to work on /home/airflow/sandbox/lib/python3.8/site-packages/airflow/example_dags/subdags/subdag.py
[2022-03-19 19:50:17,905] {scheduler_job.py:633} INFO - Processing file /home/airflow/sandbox/lib/python3.8/site-packages/airflow/example_dags/subdags/subdag.py for tasks to queue
[2022-03-19 19:50:17,909] {logging_mixin.py:104} INFO - [2022-03-19 19:50:17,907] {dagbag.py:487} INFO - Filling up the DagBag from /home/airflow/sandbox/lib/python3.8/site-packages/airflow/example_dags/subdags/subdag.py
[2022-03-19 19:50:17,916] {scheduler_job.py:645} WARNING - No viable dags retrieved from /home/airflow/sandbox/lib/python3.8/site-packages/airflow/example_dags/subdags/subdag.py
[2022-03-19 19:50:17,937] {scheduler_job.py:190} INFO - Processing /home/airflow/sandbox/lib/python3.8/site-packages/airflow/example_dags/subdags/subdag.py took 0.045 seconds
[2022-03-19 19:51:09,721] {scheduler_job.py:182} INFO - Started process (PID=12861) to work on /home/airflow/sandbox/lib/python3.8/site-packages/airflow/example_dags/subdags/subdag.py
[2022-03-19 19:51:09,727] {scheduler_job.py:633} INFO - Processing file /home/airflow/sandbox/lib/python3.8/site-packages/airflow/example_dags/subdags/subdag.py for tasks to queue
[2022-03-19 19:51:09,729] {logging_mixin.py:104} INFO - [2022-03-19 19:51:09,729] {dagbag.py:487} INFO - Filling up the DagBag from /home/airflow/sandbox/lib/python3.8/site-packages/airflow/example_dags/subdags/subdag.py
[2022-03-19 19:51:09,739] {scheduler_job.py:645} WARNING - No viable dags retrieved from /home/airflow/sandbox/lib/python3.8/site-packages/airflow/example_dags/subdags/subdag.py
[2022-03-19 19:51:09,764] {scheduler_job.py:190} INFO - Processing /home/airflow/sandbox/lib/python3.8/site-packages/airflow/example_dags/subdags/subdag.py took 0.062 seconds
[2022-03-19 19:52:06,149] {scheduler_job.py:182} INFO - Started process (PID=12900) to work on /home/airflow/sandbox/lib/python3.8/site-packages/airflow/example_dags/subdags/subdag.py
[2022-03-19 19:52:06,156] {scheduler_job.py:633} INFO - Processing file /home/airflow/sandbox/lib/python3.8/site-packages/airflow/example_dags/subdags/subdag.py for tasks to queue
[2022-03-19 19:52:06,163] {logging_mixin.py:104} INFO - [2022-03-19 19:52:06,163] {dagbag.py:487} INFO - Filling up the DagBag from /home/airflow/sandbox/lib/python3.8/site-packages/airflow/example_dags/subdags/subdag.py
[2022-03-19 19:52:06,188] {scheduler_job.py:645} WARNING - No viable dags retrieved from /home/airflow/sandbox/lib/python3.8/site-packages/airflow/example_dags/subdags/subdag.py
[2022-03-19 19:52:06,217] {scheduler_job.py:190} INFO - Processing /home/airflow/sandbox/lib/python3.8/site-packages/airflow/example_dags/subdags/subdag.py took 0.144 seconds
[2022-03-19 19:53:10,780] {scheduler_job.py:182} INFO - Started process (PID=12965) to work on /home/airflow/sandbox/lib/python3.8/site-packages/airflow/example_dags/subdags/subdag.py
[2022-03-19 19:53:10,792] {scheduler_job.py:633} INFO - Processing file /home/airflow/sandbox/lib/python3.8/site-packages/airflow/example_dags/subdags/subdag.py for tasks to queue
[2022-03-19 19:53:10,795] {logging_mixin.py:104} INFO - [2022-03-19 19:53:10,795] {dagbag.py:487} INFO - Filling up the DagBag from /home/airflow/sandbox/lib/python3.8/site-packages/airflow/example_dags/subdags/subdag.py
[2022-03-19 19:53:10,816] {scheduler_job.py:645} WARNING - No viable dags retrieved from /home/airflow/sandbox/lib/python3.8/site-packages/airflow/example_dags/subdags/subdag.py
[2022-03-19 19:53:10,857] {scheduler_job.py:190} INFO - Processing /home/airflow/sandbox/lib/python3.8/site-packages/airflow/example_dags/subdags/subdag.py took 0.099 seconds
[2022-03-19 19:54:05,359] {scheduler_job.py:182} INFO - Started process (PID=13138) to work on /home/airflow/sandbox/lib/python3.8/site-packages/airflow/example_dags/subdags/subdag.py
[2022-03-19 19:54:05,368] {scheduler_job.py:633} INFO - Processing file /home/airflow/sandbox/lib/python3.8/site-packages/airflow/example_dags/subdags/subdag.py for tasks to queue
[2022-03-19 19:54:05,370] {logging_mixin.py:104} INFO - [2022-03-19 19:54:05,369] {dagbag.py:487} INFO - Filling up the DagBag from /home/airflow/sandbox/lib/python3.8/site-packages/airflow/example_dags/subdags/subdag.py
[2022-03-19 19:54:05,377] {scheduler_job.py:645} WARNING - No viable dags retrieved from /home/airflow/sandbox/lib/python3.8/site-packages/airflow/example_dags/subdags/subdag.py
[2022-03-19 19:54:05,393] {scheduler_job.py:190} INFO - Processing /home/airflow/sandbox/lib/python3.8/site-packages/airflow/example_dags/subdags/subdag.py took 0.043 seconds
[2022-03-19 19:55:04,098] {scheduler_job.py:182} INFO - Started process (PID=13262) to work on /home/airflow/sandbox/lib/python3.8/site-packages/airflow/example_dags/subdags/subdag.py
[2022-03-19 19:55:04,101] {scheduler_job.py:633} INFO - Processing file /home/airflow/sandbox/lib/python3.8/site-packages/airflow/example_dags/subdags/subdag.py for tasks to queue
[2022-03-19 19:55:04,103] {logging_mixin.py:104} INFO - [2022-03-19 19:55:04,102] {dagbag.py:487} INFO - Filling up the DagBag from /home/airflow/sandbox/lib/python3.8/site-packages/airflow/example_dags/subdags/subdag.py
[2022-03-19 19:55:04,113] {scheduler_job.py:645} WARNING - No viable dags retrieved from /home/airflow/sandbox/lib/python3.8/site-packages/airflow/example_dags/subdags/subdag.py
[2022-03-19 19:55:04,132] {scheduler_job.py:190} INFO - Processing /home/airflow/sandbox/lib/python3.8/site-packages/airflow/example_dags/subdags/subdag.py took 0.043 seconds
[2022-03-19 19:56:05,625] {scheduler_job.py:182} INFO - Started process (PID=13484) to work on /home/airflow/sandbox/lib/python3.8/site-packages/airflow/example_dags/subdags/subdag.py
[2022-03-19 19:56:05,628] {scheduler_job.py:633} INFO - Processing file /home/airflow/sandbox/lib/python3.8/site-packages/airflow/example_dags/subdags/subdag.py for tasks to queue
[2022-03-19 19:56:05,633] {logging_mixin.py:104} INFO - [2022-03-19 19:56:05,633] {dagbag.py:487} INFO - Filling up the DagBag from /home/airflow/sandbox/lib/python3.8/site-packages/airflow/example_dags/subdags/subdag.py
[2022-03-19 19:56:05,649] {scheduler_job.py:645} WARNING - No viable dags retrieved from /home/airflow/sandbox/lib/python3.8/site-packages/airflow/example_dags/subdags/subdag.py
[2022-03-19 19:56:05,680] {scheduler_job.py:190} INFO - Processing /home/airflow/sandbox/lib/python3.8/site-packages/airflow/example_dags/subdags/subdag.py took 0.064 seconds
[2022-03-19 19:56:57,440] {scheduler_job.py:182} INFO - Started process (PID=13562) to work on /home/airflow/sandbox/lib/python3.8/site-packages/airflow/example_dags/subdags/subdag.py
[2022-03-19 19:56:57,442] {scheduler_job.py:633} INFO - Processing file /home/airflow/sandbox/lib/python3.8/site-packages/airflow/example_dags/subdags/subdag.py for tasks to queue
[2022-03-19 19:56:57,444] {logging_mixin.py:104} INFO - [2022-03-19 19:56:57,444] {dagbag.py:487} INFO - Filling up the DagBag from /home/airflow/sandbox/lib/python3.8/site-packages/airflow/example_dags/subdags/subdag.py
[2022-03-19 19:56:57,450] {scheduler_job.py:645} WARNING - No viable dags retrieved from /home/airflow/sandbox/lib/python3.8/site-packages/airflow/example_dags/subdags/subdag.py
[2022-03-19 19:56:57,485] {scheduler_job.py:190} INFO - Processing /home/airflow/sandbox/lib/python3.8/site-packages/airflow/example_dags/subdags/subdag.py took 0.088 seconds
[2022-03-19 19:57:59,236] {scheduler_job.py:182} INFO - Started process (PID=13795) to work on /home/airflow/sandbox/lib/python3.8/site-packages/airflow/example_dags/subdags/subdag.py
[2022-03-19 19:57:59,242] {scheduler_job.py:633} INFO - Processing file /home/airflow/sandbox/lib/python3.8/site-packages/airflow/example_dags/subdags/subdag.py for tasks to queue
[2022-03-19 19:57:59,243] {logging_mixin.py:104} INFO - [2022-03-19 19:57:59,243] {dagbag.py:487} INFO - Filling up the DagBag from /home/airflow/sandbox/lib/python3.8/site-packages/airflow/example_dags/subdags/subdag.py
[2022-03-19 19:57:59,255] {scheduler_job.py:645} WARNING - No viable dags retrieved from /home/airflow/sandbox/lib/python3.8/site-packages/airflow/example_dags/subdags/subdag.py
[2022-03-19 19:57:59,273] {scheduler_job.py:190} INFO - Processing /home/airflow/sandbox/lib/python3.8/site-packages/airflow/example_dags/subdags/subdag.py took 0.050 seconds
[2022-03-19 19:58:49,860] {scheduler_job.py:182} INFO - Started process (PID=13903) to work on /home/airflow/sandbox/lib/python3.8/site-packages/airflow/example_dags/subdags/subdag.py
[2022-03-19 19:58:49,872] {scheduler_job.py:633} INFO - Processing file /home/airflow/sandbox/lib/python3.8/site-packages/airflow/example_dags/subdags/subdag.py for tasks to queue
[2022-03-19 19:58:49,876] {logging_mixin.py:104} INFO - [2022-03-19 19:58:49,876] {dagbag.py:487} INFO - Filling up the DagBag from /home/airflow/sandbox/lib/python3.8/site-packages/airflow/example_dags/subdags/subdag.py
[2022-03-19 19:58:49,894] {scheduler_job.py:645} WARNING - No viable dags retrieved from /home/airflow/sandbox/lib/python3.8/site-packages/airflow/example_dags/subdags/subdag.py
[2022-03-19 19:58:50,188] {scheduler_job.py:190} INFO - Processing /home/airflow/sandbox/lib/python3.8/site-packages/airflow/example_dags/subdags/subdag.py took 0.358 seconds
[2022-03-19 19:59:35,535] {scheduler_job.py:182} INFO - Started process (PID=14042) to work on /home/airflow/sandbox/lib/python3.8/site-packages/airflow/example_dags/subdags/subdag.py
[2022-03-19 19:59:35,541] {scheduler_job.py:633} INFO - Processing file /home/airflow/sandbox/lib/python3.8/site-packages/airflow/example_dags/subdags/subdag.py for tasks to queue
[2022-03-19 19:59:35,553] {logging_mixin.py:104} INFO - [2022-03-19 19:59:35,552] {dagbag.py:487} INFO - Filling up the DagBag from /home/airflow/sandbox/lib/python3.8/site-packages/airflow/example_dags/subdags/subdag.py
[2022-03-19 19:59:35,563] {scheduler_job.py:645} WARNING - No viable dags retrieved from /home/airflow/sandbox/lib/python3.8/site-packages/airflow/example_dags/subdags/subdag.py
[2022-03-19 19:59:35,590] {scheduler_job.py:190} INFO - Processing /home/airflow/sandbox/lib/python3.8/site-packages/airflow/example_dags/subdags/subdag.py took 0.080 seconds
[2022-03-19 20:13:11,757] {scheduler_job.py:182} INFO - Started process (PID=2313) to work on /home/airflow/sandbox/lib/python3.8/site-packages/airflow/example_dags/subdags/subdag.py
[2022-03-19 20:13:11,764] {scheduler_job.py:633} INFO - Processing file /home/airflow/sandbox/lib/python3.8/site-packages/airflow/example_dags/subdags/subdag.py for tasks to queue
[2022-03-19 20:13:11,765] {logging_mixin.py:104} INFO - [2022-03-19 20:13:11,765] {dagbag.py:487} INFO - Filling up the DagBag from /home/airflow/sandbox/lib/python3.8/site-packages/airflow/example_dags/subdags/subdag.py
[2022-03-19 20:13:11,773] {scheduler_job.py:645} WARNING - No viable dags retrieved from /home/airflow/sandbox/lib/python3.8/site-packages/airflow/example_dags/subdags/subdag.py
[2022-03-19 20:13:11,791] {scheduler_job.py:190} INFO - Processing /home/airflow/sandbox/lib/python3.8/site-packages/airflow/example_dags/subdags/subdag.py took 0.051 seconds
[2022-03-19 20:14:01,893] {scheduler_job.py:182} INFO - Started process (PID=2355) to work on /home/airflow/sandbox/lib/python3.8/site-packages/airflow/example_dags/subdags/subdag.py
[2022-03-19 20:14:01,903] {scheduler_job.py:633} INFO - Processing file /home/airflow/sandbox/lib/python3.8/site-packages/airflow/example_dags/subdags/subdag.py for tasks to queue
[2022-03-19 20:14:01,908] {logging_mixin.py:104} INFO - [2022-03-19 20:14:01,908] {dagbag.py:487} INFO - Filling up the DagBag from /home/airflow/sandbox/lib/python3.8/site-packages/airflow/example_dags/subdags/subdag.py
[2022-03-19 20:14:01,925] {scheduler_job.py:645} WARNING - No viable dags retrieved from /home/airflow/sandbox/lib/python3.8/site-packages/airflow/example_dags/subdags/subdag.py
[2022-03-19 20:14:01,951] {scheduler_job.py:190} INFO - Processing /home/airflow/sandbox/lib/python3.8/site-packages/airflow/example_dags/subdags/subdag.py took 0.064 seconds
[2022-03-19 20:15:03,494] {scheduler_job.py:182} INFO - Started process (PID=2516) to work on /home/airflow/sandbox/lib/python3.8/site-packages/airflow/example_dags/subdags/subdag.py
[2022-03-19 20:15:03,496] {scheduler_job.py:633} INFO - Processing file /home/airflow/sandbox/lib/python3.8/site-packages/airflow/example_dags/subdags/subdag.py for tasks to queue
[2022-03-19 20:15:03,498] {logging_mixin.py:104} INFO - [2022-03-19 20:15:03,498] {dagbag.py:487} INFO - Filling up the DagBag from /home/airflow/sandbox/lib/python3.8/site-packages/airflow/example_dags/subdags/subdag.py
[2022-03-19 20:15:03,507] {scheduler_job.py:645} WARNING - No viable dags retrieved from /home/airflow/sandbox/lib/python3.8/site-packages/airflow/example_dags/subdags/subdag.py
[2022-03-19 20:15:03,533] {scheduler_job.py:190} INFO - Processing /home/airflow/sandbox/lib/python3.8/site-packages/airflow/example_dags/subdags/subdag.py took 0.049 seconds
[2022-03-19 20:15:51,132] {scheduler_job.py:182} INFO - Started process (PID=2723) to work on /home/airflow/sandbox/lib/python3.8/site-packages/airflow/example_dags/subdags/subdag.py
[2022-03-19 20:15:51,138] {scheduler_job.py:633} INFO - Processing file /home/airflow/sandbox/lib/python3.8/site-packages/airflow/example_dags/subdags/subdag.py for tasks to queue
[2022-03-19 20:15:51,140] {logging_mixin.py:104} INFO - [2022-03-19 20:15:51,139] {dagbag.py:487} INFO - Filling up the DagBag from /home/airflow/sandbox/lib/python3.8/site-packages/airflow/example_dags/subdags/subdag.py
[2022-03-19 20:15:51,151] {scheduler_job.py:645} WARNING - No viable dags retrieved from /home/airflow/sandbox/lib/python3.8/site-packages/airflow/example_dags/subdags/subdag.py
[2022-03-19 20:15:51,185] {scheduler_job.py:190} INFO - Processing /home/airflow/sandbox/lib/python3.8/site-packages/airflow/example_dags/subdags/subdag.py took 0.080 seconds
[2022-03-19 20:16:37,736] {scheduler_job.py:182} INFO - Started process (PID=2816) to work on /home/airflow/sandbox/lib/python3.8/site-packages/airflow/example_dags/subdags/subdag.py
[2022-03-19 20:16:37,740] {scheduler_job.py:633} INFO - Processing file /home/airflow/sandbox/lib/python3.8/site-packages/airflow/example_dags/subdags/subdag.py for tasks to queue
[2022-03-19 20:16:37,741] {logging_mixin.py:104} INFO - [2022-03-19 20:16:37,741] {dagbag.py:487} INFO - Filling up the DagBag from /home/airflow/sandbox/lib/python3.8/site-packages/airflow/example_dags/subdags/subdag.py
[2022-03-19 20:16:37,755] {scheduler_job.py:645} WARNING - No viable dags retrieved from /home/airflow/sandbox/lib/python3.8/site-packages/airflow/example_dags/subdags/subdag.py
[2022-03-19 20:16:37,772] {scheduler_job.py:190} INFO - Processing /home/airflow/sandbox/lib/python3.8/site-packages/airflow/example_dags/subdags/subdag.py took 0.066 seconds
[2022-03-19 20:17:22,608] {scheduler_job.py:182} INFO - Started process (PID=2883) to work on /home/airflow/sandbox/lib/python3.8/site-packages/airflow/example_dags/subdags/subdag.py
[2022-03-19 20:17:22,611] {scheduler_job.py:633} INFO - Processing file /home/airflow/sandbox/lib/python3.8/site-packages/airflow/example_dags/subdags/subdag.py for tasks to queue
[2022-03-19 20:17:22,612] {logging_mixin.py:104} INFO - [2022-03-19 20:17:22,612] {dagbag.py:487} INFO - Filling up the DagBag from /home/airflow/sandbox/lib/python3.8/site-packages/airflow/example_dags/subdags/subdag.py
[2022-03-19 20:17:22,620] {scheduler_job.py:645} WARNING - No viable dags retrieved from /home/airflow/sandbox/lib/python3.8/site-packages/airflow/example_dags/subdags/subdag.py
[2022-03-19 20:17:22,640] {scheduler_job.py:190} INFO - Processing /home/airflow/sandbox/lib/python3.8/site-packages/airflow/example_dags/subdags/subdag.py took 0.039 seconds
[2022-03-19 20:18:13,234] {scheduler_job.py:182} INFO - Started process (PID=3068) to work on /home/airflow/sandbox/lib/python3.8/site-packages/airflow/example_dags/subdags/subdag.py
[2022-03-19 20:18:13,236] {scheduler_job.py:633} INFO - Processing file /home/airflow/sandbox/lib/python3.8/site-packages/airflow/example_dags/subdags/subdag.py for tasks to queue
[2022-03-19 20:18:13,238] {logging_mixin.py:104} INFO - [2022-03-19 20:18:13,237] {dagbag.py:487} INFO - Filling up the DagBag from /home/airflow/sandbox/lib/python3.8/site-packages/airflow/example_dags/subdags/subdag.py
[2022-03-19 20:18:13,247] {scheduler_job.py:645} WARNING - No viable dags retrieved from /home/airflow/sandbox/lib/python3.8/site-packages/airflow/example_dags/subdags/subdag.py
[2022-03-19 20:18:13,268] {scheduler_job.py:190} INFO - Processing /home/airflow/sandbox/lib/python3.8/site-packages/airflow/example_dags/subdags/subdag.py took 0.057 seconds
[2022-03-19 20:19:00,143] {scheduler_job.py:182} INFO - Started process (PID=3161) to work on /home/airflow/sandbox/lib/python3.8/site-packages/airflow/example_dags/subdags/subdag.py
[2022-03-19 20:19:00,153] {scheduler_job.py:633} INFO - Processing file /home/airflow/sandbox/lib/python3.8/site-packages/airflow/example_dags/subdags/subdag.py for tasks to queue
[2022-03-19 20:19:00,155] {logging_mixin.py:104} INFO - [2022-03-19 20:19:00,155] {dagbag.py:487} INFO - Filling up the DagBag from /home/airflow/sandbox/lib/python3.8/site-packages/airflow/example_dags/subdags/subdag.py
[2022-03-19 20:19:00,164] {scheduler_job.py:645} WARNING - No viable dags retrieved from /home/airflow/sandbox/lib/python3.8/site-packages/airflow/example_dags/subdags/subdag.py
[2022-03-19 20:19:00,185] {scheduler_job.py:190} INFO - Processing /home/airflow/sandbox/lib/python3.8/site-packages/airflow/example_dags/subdags/subdag.py took 0.054 seconds
[2022-03-19 20:19:58,380] {scheduler_job.py:182} INFO - Started process (PID=3298) to work on /home/airflow/sandbox/lib/python3.8/site-packages/airflow/example_dags/subdags/subdag.py
[2022-03-19 20:19:58,383] {scheduler_job.py:633} INFO - Processing file /home/airflow/sandbox/lib/python3.8/site-packages/airflow/example_dags/subdags/subdag.py for tasks to queue
[2022-03-19 20:19:58,385] {logging_mixin.py:104} INFO - [2022-03-19 20:19:58,385] {dagbag.py:487} INFO - Filling up the DagBag from /home/airflow/sandbox/lib/python3.8/site-packages/airflow/example_dags/subdags/subdag.py
[2022-03-19 20:19:58,395] {scheduler_job.py:645} WARNING - No viable dags retrieved from /home/airflow/sandbox/lib/python3.8/site-packages/airflow/example_dags/subdags/subdag.py
[2022-03-19 20:19:58,417] {scheduler_job.py:190} INFO - Processing /home/airflow/sandbox/lib/python3.8/site-packages/airflow/example_dags/subdags/subdag.py took 0.051 seconds
[2022-03-19 20:20:57,515] {scheduler_job.py:182} INFO - Started process (PID=3404) to work on /home/airflow/sandbox/lib/python3.8/site-packages/airflow/example_dags/subdags/subdag.py
[2022-03-19 20:20:57,528] {scheduler_job.py:633} INFO - Processing file /home/airflow/sandbox/lib/python3.8/site-packages/airflow/example_dags/subdags/subdag.py for tasks to queue
[2022-03-19 20:20:57,530] {logging_mixin.py:104} INFO - [2022-03-19 20:20:57,530] {dagbag.py:487} INFO - Filling up the DagBag from /home/airflow/sandbox/lib/python3.8/site-packages/airflow/example_dags/subdags/subdag.py
[2022-03-19 20:20:57,549] {scheduler_job.py:645} WARNING - No viable dags retrieved from /home/airflow/sandbox/lib/python3.8/site-packages/airflow/example_dags/subdags/subdag.py
[2022-03-19 20:20:57,582] {scheduler_job.py:190} INFO - Processing /home/airflow/sandbox/lib/python3.8/site-packages/airflow/example_dags/subdags/subdag.py took 0.086 seconds
[2022-03-19 20:21:58,342] {scheduler_job.py:182} INFO - Started process (PID=3546) to work on /home/airflow/sandbox/lib/python3.8/site-packages/airflow/example_dags/subdags/subdag.py
[2022-03-19 20:21:58,345] {scheduler_job.py:633} INFO - Processing file /home/airflow/sandbox/lib/python3.8/site-packages/airflow/example_dags/subdags/subdag.py for tasks to queue
[2022-03-19 20:21:58,347] {logging_mixin.py:104} INFO - [2022-03-19 20:21:58,346] {dagbag.py:487} INFO - Filling up the DagBag from /home/airflow/sandbox/lib/python3.8/site-packages/airflow/example_dags/subdags/subdag.py
[2022-03-19 20:21:58,352] {scheduler_job.py:645} WARNING - No viable dags retrieved from /home/airflow/sandbox/lib/python3.8/site-packages/airflow/example_dags/subdags/subdag.py
[2022-03-19 20:21:58,366] {scheduler_job.py:190} INFO - Processing /home/airflow/sandbox/lib/python3.8/site-packages/airflow/example_dags/subdags/subdag.py took 0.032 seconds
[2022-03-19 20:22:45,970] {scheduler_job.py:182} INFO - Started process (PID=3789) to work on /home/airflow/sandbox/lib/python3.8/site-packages/airflow/example_dags/subdags/subdag.py
[2022-03-19 20:22:45,975] {scheduler_job.py:633} INFO - Processing file /home/airflow/sandbox/lib/python3.8/site-packages/airflow/example_dags/subdags/subdag.py for tasks to queue
[2022-03-19 20:22:45,977] {logging_mixin.py:104} INFO - [2022-03-19 20:22:45,976] {dagbag.py:487} INFO - Filling up the DagBag from /home/airflow/sandbox/lib/python3.8/site-packages/airflow/example_dags/subdags/subdag.py
[2022-03-19 20:22:45,987] {scheduler_job.py:645} WARNING - No viable dags retrieved from /home/airflow/sandbox/lib/python3.8/site-packages/airflow/example_dags/subdags/subdag.py
[2022-03-19 20:22:46,005] {scheduler_job.py:190} INFO - Processing /home/airflow/sandbox/lib/python3.8/site-packages/airflow/example_dags/subdags/subdag.py took 0.043 seconds
[2022-03-19 20:23:30,404] {scheduler_job.py:182} INFO - Started process (PID=4025) to work on /home/airflow/sandbox/lib/python3.8/site-packages/airflow/example_dags/subdags/subdag.py
[2022-03-19 20:23:30,409] {scheduler_job.py:633} INFO - Processing file /home/airflow/sandbox/lib/python3.8/site-packages/airflow/example_dags/subdags/subdag.py for tasks to queue
[2022-03-19 20:23:30,411] {logging_mixin.py:104} INFO - [2022-03-19 20:23:30,411] {dagbag.py:487} INFO - Filling up the DagBag from /home/airflow/sandbox/lib/python3.8/site-packages/airflow/example_dags/subdags/subdag.py
[2022-03-19 20:23:30,421] {scheduler_job.py:645} WARNING - No viable dags retrieved from /home/airflow/sandbox/lib/python3.8/site-packages/airflow/example_dags/subdags/subdag.py
[2022-03-19 20:23:30,443] {scheduler_job.py:190} INFO - Processing /home/airflow/sandbox/lib/python3.8/site-packages/airflow/example_dags/subdags/subdag.py took 0.047 seconds
[2022-03-19 20:24:10,783] {scheduler_job.py:182} INFO - Started process (PID=4223) to work on /home/airflow/sandbox/lib/python3.8/site-packages/airflow/example_dags/subdags/subdag.py
[2022-03-19 20:24:10,798] {scheduler_job.py:633} INFO - Processing file /home/airflow/sandbox/lib/python3.8/site-packages/airflow/example_dags/subdags/subdag.py for tasks to queue
[2022-03-19 20:24:10,800] {logging_mixin.py:104} INFO - [2022-03-19 20:24:10,799] {dagbag.py:487} INFO - Filling up the DagBag from /home/airflow/sandbox/lib/python3.8/site-packages/airflow/example_dags/subdags/subdag.py
[2022-03-19 20:24:10,809] {scheduler_job.py:645} WARNING - No viable dags retrieved from /home/airflow/sandbox/lib/python3.8/site-packages/airflow/example_dags/subdags/subdag.py
[2022-03-19 20:24:10,829] {scheduler_job.py:190} INFO - Processing /home/airflow/sandbox/lib/python3.8/site-packages/airflow/example_dags/subdags/subdag.py took 0.053 seconds
[2022-03-19 20:24:52,299] {scheduler_job.py:182} INFO - Started process (PID=4254) to work on /home/airflow/sandbox/lib/python3.8/site-packages/airflow/example_dags/subdags/subdag.py
[2022-03-19 20:24:52,302] {scheduler_job.py:633} INFO - Processing file /home/airflow/sandbox/lib/python3.8/site-packages/airflow/example_dags/subdags/subdag.py for tasks to queue
[2022-03-19 20:24:52,306] {logging_mixin.py:104} INFO - [2022-03-19 20:24:52,306] {dagbag.py:487} INFO - Filling up the DagBag from /home/airflow/sandbox/lib/python3.8/site-packages/airflow/example_dags/subdags/subdag.py
[2022-03-19 20:24:52,316] {scheduler_job.py:645} WARNING - No viable dags retrieved from /home/airflow/sandbox/lib/python3.8/site-packages/airflow/example_dags/subdags/subdag.py
[2022-03-19 20:24:52,336] {scheduler_job.py:190} INFO - Processing /home/airflow/sandbox/lib/python3.8/site-packages/airflow/example_dags/subdags/subdag.py took 0.048 seconds
[2022-03-19 20:25:36,659] {scheduler_job.py:182} INFO - Started process (PID=4387) to work on /home/airflow/sandbox/lib/python3.8/site-packages/airflow/example_dags/subdags/subdag.py
[2022-03-19 20:25:36,662] {scheduler_job.py:633} INFO - Processing file /home/airflow/sandbox/lib/python3.8/site-packages/airflow/example_dags/subdags/subdag.py for tasks to queue
[2022-03-19 20:25:36,664] {logging_mixin.py:104} INFO - [2022-03-19 20:25:36,663] {dagbag.py:487} INFO - Filling up the DagBag from /home/airflow/sandbox/lib/python3.8/site-packages/airflow/example_dags/subdags/subdag.py
[2022-03-19 20:25:36,673] {scheduler_job.py:645} WARNING - No viable dags retrieved from /home/airflow/sandbox/lib/python3.8/site-packages/airflow/example_dags/subdags/subdag.py
[2022-03-19 20:25:36,690] {scheduler_job.py:190} INFO - Processing /home/airflow/sandbox/lib/python3.8/site-packages/airflow/example_dags/subdags/subdag.py took 0.041 seconds
[2022-03-19 20:26:21,120] {scheduler_job.py:182} INFO - Started process (PID=4422) to work on /home/airflow/sandbox/lib/python3.8/site-packages/airflow/example_dags/subdags/subdag.py
[2022-03-19 20:26:21,130] {scheduler_job.py:633} INFO - Processing file /home/airflow/sandbox/lib/python3.8/site-packages/airflow/example_dags/subdags/subdag.py for tasks to queue
[2022-03-19 20:26:21,132] {logging_mixin.py:104} INFO - [2022-03-19 20:26:21,131] {dagbag.py:487} INFO - Filling up the DagBag from /home/airflow/sandbox/lib/python3.8/site-packages/airflow/example_dags/subdags/subdag.py
[2022-03-19 20:26:21,139] {scheduler_job.py:645} WARNING - No viable dags retrieved from /home/airflow/sandbox/lib/python3.8/site-packages/airflow/example_dags/subdags/subdag.py
[2022-03-19 20:26:21,161] {scheduler_job.py:190} INFO - Processing /home/airflow/sandbox/lib/python3.8/site-packages/airflow/example_dags/subdags/subdag.py took 0.056 seconds
[2022-03-19 20:26:59,172] {scheduler_job.py:182} INFO - Started process (PID=4451) to work on /home/airflow/sandbox/lib/python3.8/site-packages/airflow/example_dags/subdags/subdag.py
[2022-03-19 20:26:59,175] {scheduler_job.py:633} INFO - Processing file /home/airflow/sandbox/lib/python3.8/site-packages/airflow/example_dags/subdags/subdag.py for tasks to queue
[2022-03-19 20:26:59,176] {logging_mixin.py:104} INFO - [2022-03-19 20:26:59,176] {dagbag.py:487} INFO - Filling up the DagBag from /home/airflow/sandbox/lib/python3.8/site-packages/airflow/example_dags/subdags/subdag.py
[2022-03-19 20:26:59,184] {scheduler_job.py:645} WARNING - No viable dags retrieved from /home/airflow/sandbox/lib/python3.8/site-packages/airflow/example_dags/subdags/subdag.py
[2022-03-19 20:26:59,205] {scheduler_job.py:190} INFO - Processing /home/airflow/sandbox/lib/python3.8/site-packages/airflow/example_dags/subdags/subdag.py took 0.052 seconds
[2022-03-19 20:27:44,294] {scheduler_job.py:182} INFO - Started process (PID=4612) to work on /home/airflow/sandbox/lib/python3.8/site-packages/airflow/example_dags/subdags/subdag.py
[2022-03-19 20:27:44,302] {scheduler_job.py:633} INFO - Processing file /home/airflow/sandbox/lib/python3.8/site-packages/airflow/example_dags/subdags/subdag.py for tasks to queue
[2022-03-19 20:27:44,303] {logging_mixin.py:104} INFO - [2022-03-19 20:27:44,303] {dagbag.py:487} INFO - Filling up the DagBag from /home/airflow/sandbox/lib/python3.8/site-packages/airflow/example_dags/subdags/subdag.py
[2022-03-19 20:27:44,309] {scheduler_job.py:645} WARNING - No viable dags retrieved from /home/airflow/sandbox/lib/python3.8/site-packages/airflow/example_dags/subdags/subdag.py
[2022-03-19 20:27:44,348] {scheduler_job.py:190} INFO - Processing /home/airflow/sandbox/lib/python3.8/site-packages/airflow/example_dags/subdags/subdag.py took 0.072 seconds
[2022-03-19 20:28:36,378] {scheduler_job.py:182} INFO - Started process (PID=4771) to work on /home/airflow/sandbox/lib/python3.8/site-packages/airflow/example_dags/subdags/subdag.py
[2022-03-19 20:28:36,385] {scheduler_job.py:633} INFO - Processing file /home/airflow/sandbox/lib/python3.8/site-packages/airflow/example_dags/subdags/subdag.py for tasks to queue
[2022-03-19 20:28:36,386] {logging_mixin.py:104} INFO - [2022-03-19 20:28:36,386] {dagbag.py:487} INFO - Filling up the DagBag from /home/airflow/sandbox/lib/python3.8/site-packages/airflow/example_dags/subdags/subdag.py
[2022-03-19 20:28:36,399] {scheduler_job.py:645} WARNING - No viable dags retrieved from /home/airflow/sandbox/lib/python3.8/site-packages/airflow/example_dags/subdags/subdag.py
[2022-03-19 20:28:36,445] {scheduler_job.py:190} INFO - Processing /home/airflow/sandbox/lib/python3.8/site-packages/airflow/example_dags/subdags/subdag.py took 0.077 seconds
[2022-03-19 20:29:26,564] {scheduler_job.py:182} INFO - Started process (PID=4883) to work on /home/airflow/sandbox/lib/python3.8/site-packages/airflow/example_dags/subdags/subdag.py
[2022-03-19 20:29:26,572] {scheduler_job.py:633} INFO - Processing file /home/airflow/sandbox/lib/python3.8/site-packages/airflow/example_dags/subdags/subdag.py for tasks to queue
[2022-03-19 20:29:26,575] {logging_mixin.py:104} INFO - [2022-03-19 20:29:26,574] {dagbag.py:487} INFO - Filling up the DagBag from /home/airflow/sandbox/lib/python3.8/site-packages/airflow/example_dags/subdags/subdag.py
[2022-03-19 20:29:26,623] {scheduler_job.py:645} WARNING - No viable dags retrieved from /home/airflow/sandbox/lib/python3.8/site-packages/airflow/example_dags/subdags/subdag.py
[2022-03-19 20:29:26,887] {scheduler_job.py:190} INFO - Processing /home/airflow/sandbox/lib/python3.8/site-packages/airflow/example_dags/subdags/subdag.py took 0.397 seconds
[2022-03-19 20:30:18,275] {scheduler_job.py:182} INFO - Started process (PID=5074) to work on /home/airflow/sandbox/lib/python3.8/site-packages/airflow/example_dags/subdags/subdag.py
[2022-03-19 20:30:18,281] {scheduler_job.py:633} INFO - Processing file /home/airflow/sandbox/lib/python3.8/site-packages/airflow/example_dags/subdags/subdag.py for tasks to queue
[2022-03-19 20:30:18,282] {logging_mixin.py:104} INFO - [2022-03-19 20:30:18,282] {dagbag.py:487} INFO - Filling up the DagBag from /home/airflow/sandbox/lib/python3.8/site-packages/airflow/example_dags/subdags/subdag.py
[2022-03-19 20:30:18,291] {scheduler_job.py:645} WARNING - No viable dags retrieved from /home/airflow/sandbox/lib/python3.8/site-packages/airflow/example_dags/subdags/subdag.py
[2022-03-19 20:30:18,345] {scheduler_job.py:190} INFO - Processing /home/airflow/sandbox/lib/python3.8/site-packages/airflow/example_dags/subdags/subdag.py took 0.106 seconds
[2022-03-19 20:31:16,143] {scheduler_job.py:182} INFO - Started process (PID=5111) to work on /home/airflow/sandbox/lib/python3.8/site-packages/airflow/example_dags/subdags/subdag.py
[2022-03-19 20:31:16,145] {scheduler_job.py:633} INFO - Processing file /home/airflow/sandbox/lib/python3.8/site-packages/airflow/example_dags/subdags/subdag.py for tasks to queue
[2022-03-19 20:31:16,147] {logging_mixin.py:104} INFO - [2022-03-19 20:31:16,147] {dagbag.py:487} INFO - Filling up the DagBag from /home/airflow/sandbox/lib/python3.8/site-packages/airflow/example_dags/subdags/subdag.py
[2022-03-19 20:31:16,157] {scheduler_job.py:645} WARNING - No viable dags retrieved from /home/airflow/sandbox/lib/python3.8/site-packages/airflow/example_dags/subdags/subdag.py
[2022-03-19 20:31:16,186] {scheduler_job.py:190} INFO - Processing /home/airflow/sandbox/lib/python3.8/site-packages/airflow/example_dags/subdags/subdag.py took 0.052 seconds
[2022-03-19 20:32:01,078] {scheduler_job.py:182} INFO - Started process (PID=5141) to work on /home/airflow/sandbox/lib/python3.8/site-packages/airflow/example_dags/subdags/subdag.py
[2022-03-19 20:32:01,086] {scheduler_job.py:633} INFO - Processing file /home/airflow/sandbox/lib/python3.8/site-packages/airflow/example_dags/subdags/subdag.py for tasks to queue
[2022-03-19 20:32:01,089] {logging_mixin.py:104} INFO - [2022-03-19 20:32:01,089] {dagbag.py:487} INFO - Filling up the DagBag from /home/airflow/sandbox/lib/python3.8/site-packages/airflow/example_dags/subdags/subdag.py
[2022-03-19 20:32:01,114] {scheduler_job.py:645} WARNING - No viable dags retrieved from /home/airflow/sandbox/lib/python3.8/site-packages/airflow/example_dags/subdags/subdag.py
[2022-03-19 20:32:01,157] {scheduler_job.py:190} INFO - Processing /home/airflow/sandbox/lib/python3.8/site-packages/airflow/example_dags/subdags/subdag.py took 0.103 seconds
[2022-03-19 20:32:47,222] {scheduler_job.py:182} INFO - Started process (PID=5194) to work on /home/airflow/sandbox/lib/python3.8/site-packages/airflow/example_dags/subdags/subdag.py
[2022-03-19 20:32:47,237] {scheduler_job.py:633} INFO - Processing file /home/airflow/sandbox/lib/python3.8/site-packages/airflow/example_dags/subdags/subdag.py for tasks to queue
[2022-03-19 20:32:47,240] {logging_mixin.py:104} INFO - [2022-03-19 20:32:47,239] {dagbag.py:487} INFO - Filling up the DagBag from /home/airflow/sandbox/lib/python3.8/site-packages/airflow/example_dags/subdags/subdag.py
[2022-03-19 20:32:47,262] {scheduler_job.py:645} WARNING - No viable dags retrieved from /home/airflow/sandbox/lib/python3.8/site-packages/airflow/example_dags/subdags/subdag.py
[2022-03-19 20:32:47,288] {scheduler_job.py:190} INFO - Processing /home/airflow/sandbox/lib/python3.8/site-packages/airflow/example_dags/subdags/subdag.py took 0.086 seconds
[2022-03-19 20:33:46,281] {scheduler_job.py:182} INFO - Started process (PID=5375) to work on /home/airflow/sandbox/lib/python3.8/site-packages/airflow/example_dags/subdags/subdag.py
[2022-03-19 20:33:46,294] {scheduler_job.py:633} INFO - Processing file /home/airflow/sandbox/lib/python3.8/site-packages/airflow/example_dags/subdags/subdag.py for tasks to queue
[2022-03-19 20:33:46,296] {logging_mixin.py:104} INFO - [2022-03-19 20:33:46,296] {dagbag.py:487} INFO - Filling up the DagBag from /home/airflow/sandbox/lib/python3.8/site-packages/airflow/example_dags/subdags/subdag.py
[2022-03-19 20:33:46,308] {scheduler_job.py:645} WARNING - No viable dags retrieved from /home/airflow/sandbox/lib/python3.8/site-packages/airflow/example_dags/subdags/subdag.py
[2022-03-19 20:33:46,345] {scheduler_job.py:190} INFO - Processing /home/airflow/sandbox/lib/python3.8/site-packages/airflow/example_dags/subdags/subdag.py took 0.092 seconds
[2022-03-19 20:34:34,408] {scheduler_job.py:182} INFO - Started process (PID=5522) to work on /home/airflow/sandbox/lib/python3.8/site-packages/airflow/example_dags/subdags/subdag.py
[2022-03-19 20:34:34,412] {scheduler_job.py:633} INFO - Processing file /home/airflow/sandbox/lib/python3.8/site-packages/airflow/example_dags/subdags/subdag.py for tasks to queue
[2022-03-19 20:34:34,415] {logging_mixin.py:104} INFO - [2022-03-19 20:34:34,415] {dagbag.py:487} INFO - Filling up the DagBag from /home/airflow/sandbox/lib/python3.8/site-packages/airflow/example_dags/subdags/subdag.py
[2022-03-19 20:34:34,422] {scheduler_job.py:645} WARNING - No viable dags retrieved from /home/airflow/sandbox/lib/python3.8/site-packages/airflow/example_dags/subdags/subdag.py
[2022-03-19 20:34:34,441] {scheduler_job.py:190} INFO - Processing /home/airflow/sandbox/lib/python3.8/site-packages/airflow/example_dags/subdags/subdag.py took 0.045 seconds
[2022-03-19 20:35:24,773] {scheduler_job.py:182} INFO - Started process (PID=5556) to work on /home/airflow/sandbox/lib/python3.8/site-packages/airflow/example_dags/subdags/subdag.py
[2022-03-19 20:35:24,790] {scheduler_job.py:633} INFO - Processing file /home/airflow/sandbox/lib/python3.8/site-packages/airflow/example_dags/subdags/subdag.py for tasks to queue
[2022-03-19 20:35:24,792] {logging_mixin.py:104} INFO - [2022-03-19 20:35:24,792] {dagbag.py:487} INFO - Filling up the DagBag from /home/airflow/sandbox/lib/python3.8/site-packages/airflow/example_dags/subdags/subdag.py
[2022-03-19 20:35:24,800] {scheduler_job.py:645} WARNING - No viable dags retrieved from /home/airflow/sandbox/lib/python3.8/site-packages/airflow/example_dags/subdags/subdag.py
[2022-03-19 20:35:24,835] {scheduler_job.py:190} INFO - Processing /home/airflow/sandbox/lib/python3.8/site-packages/airflow/example_dags/subdags/subdag.py took 0.074 seconds
[2022-03-19 20:36:13,453] {scheduler_job.py:182} INFO - Started process (PID=5590) to work on /home/airflow/sandbox/lib/python3.8/site-packages/airflow/example_dags/subdags/subdag.py
[2022-03-19 20:36:13,457] {scheduler_job.py:633} INFO - Processing file /home/airflow/sandbox/lib/python3.8/site-packages/airflow/example_dags/subdags/subdag.py for tasks to queue
[2022-03-19 20:36:13,460] {logging_mixin.py:104} INFO - [2022-03-19 20:36:13,459] {dagbag.py:487} INFO - Filling up the DagBag from /home/airflow/sandbox/lib/python3.8/site-packages/airflow/example_dags/subdags/subdag.py
[2022-03-19 20:36:13,470] {scheduler_job.py:645} WARNING - No viable dags retrieved from /home/airflow/sandbox/lib/python3.8/site-packages/airflow/example_dags/subdags/subdag.py
[2022-03-19 20:36:13,501] {scheduler_job.py:190} INFO - Processing /home/airflow/sandbox/lib/python3.8/site-packages/airflow/example_dags/subdags/subdag.py took 0.073 seconds
[2022-03-19 20:36:58,223] {scheduler_job.py:182} INFO - Started process (PID=5623) to work on /home/airflow/sandbox/lib/python3.8/site-packages/airflow/example_dags/subdags/subdag.py
[2022-03-19 20:36:58,226] {scheduler_job.py:633} INFO - Processing file /home/airflow/sandbox/lib/python3.8/site-packages/airflow/example_dags/subdags/subdag.py for tasks to queue
[2022-03-19 20:36:58,228] {logging_mixin.py:104} INFO - [2022-03-19 20:36:58,228] {dagbag.py:487} INFO - Filling up the DagBag from /home/airflow/sandbox/lib/python3.8/site-packages/airflow/example_dags/subdags/subdag.py
[2022-03-19 20:36:58,236] {scheduler_job.py:645} WARNING - No viable dags retrieved from /home/airflow/sandbox/lib/python3.8/site-packages/airflow/example_dags/subdags/subdag.py
[2022-03-19 20:36:58,256] {scheduler_job.py:190} INFO - Processing /home/airflow/sandbox/lib/python3.8/site-packages/airflow/example_dags/subdags/subdag.py took 0.043 seconds
[2022-03-19 20:37:53,680] {scheduler_job.py:182} INFO - Started process (PID=5965) to work on /home/airflow/sandbox/lib/python3.8/site-packages/airflow/example_dags/subdags/subdag.py
[2022-03-19 20:37:53,683] {scheduler_job.py:633} INFO - Processing file /home/airflow/sandbox/lib/python3.8/site-packages/airflow/example_dags/subdags/subdag.py for tasks to queue
[2022-03-19 20:37:53,684] {logging_mixin.py:104} INFO - [2022-03-19 20:37:53,684] {dagbag.py:487} INFO - Filling up the DagBag from /home/airflow/sandbox/lib/python3.8/site-packages/airflow/example_dags/subdags/subdag.py
[2022-03-19 20:37:53,693] {scheduler_job.py:645} WARNING - No viable dags retrieved from /home/airflow/sandbox/lib/python3.8/site-packages/airflow/example_dags/subdags/subdag.py
[2022-03-19 20:37:53,709] {scheduler_job.py:190} INFO - Processing /home/airflow/sandbox/lib/python3.8/site-packages/airflow/example_dags/subdags/subdag.py took 0.037 seconds
[2022-03-19 20:38:35,908] {scheduler_job.py:182} INFO - Started process (PID=6087) to work on /home/airflow/sandbox/lib/python3.8/site-packages/airflow/example_dags/subdags/subdag.py
[2022-03-19 20:38:35,910] {scheduler_job.py:633} INFO - Processing file /home/airflow/sandbox/lib/python3.8/site-packages/airflow/example_dags/subdags/subdag.py for tasks to queue
[2022-03-19 20:38:35,911] {logging_mixin.py:104} INFO - [2022-03-19 20:38:35,911] {dagbag.py:487} INFO - Filling up the DagBag from /home/airflow/sandbox/lib/python3.8/site-packages/airflow/example_dags/subdags/subdag.py
[2022-03-19 20:38:35,917] {scheduler_job.py:645} WARNING - No viable dags retrieved from /home/airflow/sandbox/lib/python3.8/site-packages/airflow/example_dags/subdags/subdag.py
[2022-03-19 20:38:35,936] {scheduler_job.py:190} INFO - Processing /home/airflow/sandbox/lib/python3.8/site-packages/airflow/example_dags/subdags/subdag.py took 0.036 seconds
[2022-03-19 20:39:22,689] {scheduler_job.py:182} INFO - Started process (PID=6117) to work on /home/airflow/sandbox/lib/python3.8/site-packages/airflow/example_dags/subdags/subdag.py
[2022-03-19 20:39:22,692] {scheduler_job.py:633} INFO - Processing file /home/airflow/sandbox/lib/python3.8/site-packages/airflow/example_dags/subdags/subdag.py for tasks to queue
[2022-03-19 20:39:22,703] {logging_mixin.py:104} INFO - [2022-03-19 20:39:22,703] {dagbag.py:487} INFO - Filling up the DagBag from /home/airflow/sandbox/lib/python3.8/site-packages/airflow/example_dags/subdags/subdag.py
[2022-03-19 20:39:22,723] {scheduler_job.py:645} WARNING - No viable dags retrieved from /home/airflow/sandbox/lib/python3.8/site-packages/airflow/example_dags/subdags/subdag.py
[2022-03-19 20:39:22,769] {scheduler_job.py:190} INFO - Processing /home/airflow/sandbox/lib/python3.8/site-packages/airflow/example_dags/subdags/subdag.py took 0.094 seconds
[2022-03-19 20:40:08,808] {scheduler_job.py:182} INFO - Started process (PID=6262) to work on /home/airflow/sandbox/lib/python3.8/site-packages/airflow/example_dags/subdags/subdag.py
[2022-03-19 20:40:08,812] {scheduler_job.py:633} INFO - Processing file /home/airflow/sandbox/lib/python3.8/site-packages/airflow/example_dags/subdags/subdag.py for tasks to queue
[2022-03-19 20:40:08,813] {logging_mixin.py:104} INFO - [2022-03-19 20:40:08,813] {dagbag.py:487} INFO - Filling up the DagBag from /home/airflow/sandbox/lib/python3.8/site-packages/airflow/example_dags/subdags/subdag.py
[2022-03-19 20:40:08,819] {scheduler_job.py:645} WARNING - No viable dags retrieved from /home/airflow/sandbox/lib/python3.8/site-packages/airflow/example_dags/subdags/subdag.py
[2022-03-19 20:40:08,832] {scheduler_job.py:190} INFO - Processing /home/airflow/sandbox/lib/python3.8/site-packages/airflow/example_dags/subdags/subdag.py took 0.032 seconds
[2022-03-19 20:40:57,710] {scheduler_job.py:182} INFO - Started process (PID=6409) to work on /home/airflow/sandbox/lib/python3.8/site-packages/airflow/example_dags/subdags/subdag.py
[2022-03-19 20:40:57,716] {scheduler_job.py:633} INFO - Processing file /home/airflow/sandbox/lib/python3.8/site-packages/airflow/example_dags/subdags/subdag.py for tasks to queue
[2022-03-19 20:40:57,717] {logging_mixin.py:104} INFO - [2022-03-19 20:40:57,717] {dagbag.py:487} INFO - Filling up the DagBag from /home/airflow/sandbox/lib/python3.8/site-packages/airflow/example_dags/subdags/subdag.py
[2022-03-19 20:40:57,727] {scheduler_job.py:645} WARNING - No viable dags retrieved from /home/airflow/sandbox/lib/python3.8/site-packages/airflow/example_dags/subdags/subdag.py
[2022-03-19 20:40:57,772] {scheduler_job.py:190} INFO - Processing /home/airflow/sandbox/lib/python3.8/site-packages/airflow/example_dags/subdags/subdag.py took 0.075 seconds
