[2022-03-20 12:49:41,340] {taskinstance.py:876} INFO - Dependencies all met for <TaskInstance: user_processing.extracting_user 2022-01-11T00:00:00+00:00 [queued]>
[2022-03-20 12:49:41,368] {taskinstance.py:876} INFO - Dependencies all met for <TaskInstance: user_processing.extracting_user 2022-01-11T00:00:00+00:00 [queued]>
[2022-03-20 12:49:41,368] {taskinstance.py:1067} INFO - 
--------------------------------------------------------------------------------
[2022-03-20 12:49:41,369] {taskinstance.py:1068} INFO - Starting attempt 1 of 1
[2022-03-20 12:49:41,369] {taskinstance.py:1069} INFO - 
--------------------------------------------------------------------------------
[2022-03-20 12:49:41,473] {taskinstance.py:1087} INFO - Executing <Task(SimpleHttpOperator): extracting_user> on 2022-01-11T00:00:00+00:00
[2022-03-20 12:49:41,478] {standard_task_runner.py:52} INFO - Started process 64383 to run task
[2022-03-20 12:49:41,497] {standard_task_runner.py:76} INFO - Running: ['airflow', 'tasks', 'run', 'user_processing', 'extracting_user', '2022-01-11T00:00:00+00:00', '--job-id', '449', '--pool', 'default_pool', '--raw', '--subdir', 'DAGS_FOLDER/user_processing.py', '--cfg-path', '/tmp/tmpkopssi93', '--error-file', '/tmp/tmps28zah1i']
[2022-03-20 12:49:41,498] {standard_task_runner.py:77} INFO - Job 449: Subtask extracting_user
[2022-03-20 12:49:41,632] {logging_mixin.py:104} INFO - Running <TaskInstance: user_processing.extracting_user 2022-01-11T00:00:00+00:00 [running]> on host airflowvm
[2022-03-20 12:49:42,189] {taskinstance.py:1280} INFO - Exporting the following env vars:
AIRFLOW_CTX_DAG_OWNER=airflow
AIRFLOW_CTX_DAG_ID=user_processing
AIRFLOW_CTX_TASK_ID=extracting_user
AIRFLOW_CTX_EXECUTION_DATE=2022-01-11T00:00:00+00:00
AIRFLOW_CTX_DAG_RUN_ID=scheduled__2022-01-11T00:00:00+00:00
[2022-03-20 12:49:42,190] {http.py:111} INFO - Calling HTTP method
[2022-03-20 12:49:42,201] {base.py:69} INFO - Using connection to: id: user_api. Host: https://randomuser.me/, Port: None, Schema: , Login: , Password: ***, extra: {}
[2022-03-20 12:49:42,205] {http.py:140} INFO - Sending 'GET' to url: https://randomuser.me/api/
[2022-03-20 12:49:42,612] {http.py:115} INFO - {"results":[{"gender":"female","name":{"title":"Ms","first":"Laura","last":"Poulsen"},"location":{"street":{"number":8587,"name":"Frilandsvej"},"city":"Hornbæk","state":"Midtjylland","country":"Denmark","postcode":47903,"coordinates":{"latitude":"-30.7649","longitude":"121.2702"},"timezone":{"offset":"+3:30","description":"Tehran"}},"email":"laura.poulsen@example.com","login":{"uuid":"8de9d346-66e8-42a0-9310-a6cf8efd2f24","username":"beautifulmouse490","password":"augusta","salt":"z5FjNcgo","md5":"5218e748bd1439b97c4852355cf7f9fd","sha1":"ee3e27816afce39cb34f8cdb98687961420df801","sha256":"9567bffcdb06e3ebeb992d82f6d61423d299c1dcd3833307e55cd3d0c2f68fa7"},"dob":{"date":"1988-07-30T22:09:19.785Z","age":34},"registered":{"date":"2018-11-30T06:15:46.528Z","age":4},"phone":"99819123","cell":"96869419","id":{"name":"CPR","value":"300788-2893"},"picture":{"large":"https://randomuser.me/api/portraits/women/52.jpg","medium":"https://randomuser.me/api/portraits/med/women/52.jpg","thumbnail":"https://randomuser.me/api/portraits/thumb/women/52.jpg"},"nat":"DK"}],"info":{"seed":"50218a30b5c0a79e","results":1,"page":1,"version":"1.3"}}
[2022-03-20 12:49:42,663] {taskinstance.py:1184} INFO - Marking task as SUCCESS. dag_id=user_processing, task_id=extracting_user, execution_date=20220111T000000, start_date=20220320T124941, end_date=20220320T124942
[2022-03-20 12:49:42,766] {taskinstance.py:1245} INFO - 1 downstream tasks scheduled from follow-on schedule check
[2022-03-20 12:49:42,789] {local_task_job.py:151} INFO - Task exited with return code 0
