[2022-03-21 05:46:39,522] {taskinstance.py:876} INFO - Dependencies all met for <TaskInstance: parallel_dag.task_1 2022-03-21T05:46:34.116779+00:00 [queued]>
[2022-03-21 05:46:39,534] {taskinstance.py:876} INFO - Dependencies all met for <TaskInstance: parallel_dag.task_1 2022-03-21T05:46:34.116779+00:00 [queued]>
[2022-03-21 05:46:39,535] {taskinstance.py:1067} INFO - 
--------------------------------------------------------------------------------
[2022-03-21 05:46:39,535] {taskinstance.py:1068} INFO - Starting attempt 1 of 1
[2022-03-21 05:46:39,535] {taskinstance.py:1069} INFO - 
--------------------------------------------------------------------------------
[2022-03-21 05:46:39,576] {taskinstance.py:1087} INFO - Executing <Task(BashOperator): task_1> on 2022-03-21T05:46:34.116779+00:00
[2022-03-21 05:46:39,580] {standard_task_runner.py:52} INFO - Started process 11046 to run task
[2022-03-21 05:46:39,598] {standard_task_runner.py:76} INFO - Running: ['airflow', 'tasks', 'run', 'parallel_dag', 'task_1', '2022-03-21T05:46:34.116779+00:00', '--job-id', '1114', '--pool', 'default_pool', '--raw', '--subdir', 'DAGS_FOLDER/parallel_dag.py', '--cfg-path', '/tmp/tmp8c_g6zgj', '--error-file', '/tmp/tmps6q2diug']
[2022-03-21 05:46:39,599] {standard_task_runner.py:77} INFO - Job 1114: Subtask task_1
[2022-03-21 05:46:39,782] {logging_mixin.py:104} INFO - Running <TaskInstance: parallel_dag.task_1 2022-03-21T05:46:34.116779+00:00 [running]> on host airflowvm
[2022-03-21 05:46:40,646] {taskinstance.py:1280} INFO - Exporting the following env vars:
AIRFLOW_CTX_DAG_OWNER=airflow
AIRFLOW_CTX_DAG_ID=parallel_dag
AIRFLOW_CTX_TASK_ID=task_1
AIRFLOW_CTX_EXECUTION_DATE=2022-03-21T05:46:34.116779+00:00
AIRFLOW_CTX_DAG_RUN_ID=manual__2022-03-21T05:46:34.116779+00:00
[2022-03-21 05:46:40,649] {subprocess.py:52} INFO - Tmp dir root location: 
 /tmp
[2022-03-21 05:46:40,650] {subprocess.py:63} INFO - Running command: ['bash', '-c', 'sleep 3']
[2022-03-21 05:46:40,690] {subprocess.py:75} INFO - Output:
[2022-03-21 05:46:43,701] {subprocess.py:83} INFO - Command exited with return code 0
[2022-03-21 05:46:43,793] {taskinstance.py:1184} INFO - Marking task as SUCCESS. dag_id=parallel_dag, task_id=task_1, execution_date=20220321T054634, start_date=20220321T054639, end_date=20220321T054643
[2022-03-21 05:46:43,875] {taskinstance.py:1245} INFO - 2 downstream tasks scheduled from follow-on schedule check
[2022-03-21 05:46:43,904] {local_task_job.py:151} INFO - Task exited with return code 0
