[2022-03-20 12:51:23,683] {taskinstance.py:876} INFO - Dependencies all met for <TaskInstance: user_processing.extracting_user 2022-01-14T00:00:00+00:00 [queued]>
[2022-03-20 12:51:23,700] {taskinstance.py:876} INFO - Dependencies all met for <TaskInstance: user_processing.extracting_user 2022-01-14T00:00:00+00:00 [queued]>
[2022-03-20 12:51:23,700] {taskinstance.py:1067} INFO - 
--------------------------------------------------------------------------------
[2022-03-20 12:51:23,700] {taskinstance.py:1068} INFO - Starting attempt 1 of 1
[2022-03-20 12:51:23,701] {taskinstance.py:1069} INFO - 
--------------------------------------------------------------------------------
[2022-03-20 12:51:23,746] {taskinstance.py:1087} INFO - Executing <Task(SimpleHttpOperator): extracting_user> on 2022-01-14T00:00:00+00:00
[2022-03-20 12:51:23,751] {standard_task_runner.py:52} INFO - Started process 65145 to run task
[2022-03-20 12:51:23,774] {standard_task_runner.py:76} INFO - Running: ['airflow', 'tasks', 'run', 'user_processing', 'extracting_user', '2022-01-14T00:00:00+00:00', '--job-id', '464', '--pool', 'default_pool', '--raw', '--subdir', 'DAGS_FOLDER/user_processing.py', '--cfg-path', '/tmp/tmpjlz1zvdu', '--error-file', '/tmp/tmpd0n35451']
[2022-03-20 12:51:23,776] {standard_task_runner.py:77} INFO - Job 464: Subtask extracting_user
[2022-03-20 12:51:23,932] {logging_mixin.py:104} INFO - Running <TaskInstance: user_processing.extracting_user 2022-01-14T00:00:00+00:00 [running]> on host airflowvm
[2022-03-20 12:51:24,348] {taskinstance.py:1280} INFO - Exporting the following env vars:
AIRFLOW_CTX_DAG_OWNER=airflow
AIRFLOW_CTX_DAG_ID=user_processing
AIRFLOW_CTX_TASK_ID=extracting_user
AIRFLOW_CTX_EXECUTION_DATE=2022-01-14T00:00:00+00:00
AIRFLOW_CTX_DAG_RUN_ID=scheduled__2022-01-14T00:00:00+00:00
[2022-03-20 12:51:24,350] {http.py:111} INFO - Calling HTTP method
[2022-03-20 12:51:24,361] {base.py:69} INFO - Using connection to: id: user_api. Host: https://randomuser.me/, Port: None, Schema: , Login: , Password: ***, extra: {}
[2022-03-20 12:51:24,365] {http.py:140} INFO - Sending 'GET' to url: https://randomuser.me/api/
[2022-03-20 12:51:24,771] {http.py:115} INFO - {"results":[{"gender":"male","name":{"title":"Mr","first":"Çetin","last":"Kılıççı"},"location":{"street":{"number":7443,"name":"Istiklal Cd"},"city":"Amasya","state":"Gaziantep","country":"Turkey","postcode":53113,"coordinates":{"latitude":"76.4909","longitude":"-48.6871"},"timezone":{"offset":"+8:00","description":"Beijing, Perth, Singapore, Hong Kong"}},"email":"cetin.kilicci@example.com","login":{"uuid":"38db7057-9fa5-4977-a6a2-412da03d10c3","username":"reddog353","password":"hardrock","salt":"K9MwLBEj","md5":"f26cfbc19bdffa97f045b6e2921dc178","sha1":"0e4d869cb94ad7141362b7379482deb7cd9bcdc5","sha256":"54941f0c81596434aa3a63ce68c963eb92d6dd61c5f43261f62114acda2e5ccb"},"dob":{"date":"1950-05-26T12:24:24.510Z","age":72},"registered":{"date":"2004-10-06T21:12:59.481Z","age":18},"phone":"(602)-800-7277","cell":"(940)-318-8031","id":{"name":"","value":null},"picture":{"large":"https://randomuser.me/api/portraits/men/81.jpg","medium":"https://randomuser.me/api/portraits/med/men/81.jpg","thumbnail":"https://randomuser.me/api/portraits/thumb/men/81.jpg"},"nat":"TR"}],"info":{"seed":"f2f39ec6493d574d","results":1,"page":1,"version":"1.3"}}
[2022-03-20 12:51:24,824] {taskinstance.py:1184} INFO - Marking task as SUCCESS. dag_id=user_processing, task_id=extracting_user, execution_date=20220114T000000, start_date=20220320T125123, end_date=20220320T125124
[2022-03-20 12:51:25,126] {taskinstance.py:1245} INFO - 1 downstream tasks scheduled from follow-on schedule check
[2022-03-20 12:51:25,148] {local_task_job.py:151} INFO - Task exited with return code 0
