[2022-03-20 12:15:51,823] {taskinstance.py:876} INFO - Dependencies all met for <TaskInstance: user_processing.extracting_user 2020-02-23T00:00:00+00:00 [queued]>
[2022-03-20 12:15:51,854] {taskinstance.py:876} INFO - Dependencies all met for <TaskInstance: user_processing.extracting_user 2020-02-23T00:00:00+00:00 [queued]>
[2022-03-20 12:15:51,871] {taskinstance.py:1067} INFO - 
--------------------------------------------------------------------------------
[2022-03-20 12:15:51,871] {taskinstance.py:1068} INFO - Starting attempt 1 of 1
[2022-03-20 12:15:51,871] {taskinstance.py:1069} INFO - 
--------------------------------------------------------------------------------
[2022-03-20 12:15:51,974] {taskinstance.py:1087} INFO - Executing <Task(SimpleHttpOperator): extracting_user> on 2020-02-23T00:00:00+00:00
[2022-03-20 12:15:51,984] {standard_task_runner.py:52} INFO - Started process 46034 to run task
[2022-03-20 12:15:52,006] {standard_task_runner.py:76} INFO - Running: ['airflow', 'tasks', 'run', 'user_processing', 'extracting_user', '2020-02-23T00:00:00+00:00', '--job-id', '309', '--pool', 'default_pool', '--raw', '--subdir', 'DAGS_FOLDER/user_processing.py', '--cfg-path', '/tmp/tmpsn6uypw_', '--error-file', '/tmp/tmps388hbtd']
[2022-03-20 12:15:52,009] {standard_task_runner.py:77} INFO - Job 309: Subtask extracting_user
[2022-03-20 12:15:52,141] {logging_mixin.py:104} INFO - Running <TaskInstance: user_processing.extracting_user 2020-02-23T00:00:00+00:00 [running]> on host airflowvm
[2022-03-20 12:15:52,308] {taskinstance.py:1280} INFO - Exporting the following env vars:
AIRFLOW_CTX_DAG_OWNER=airflow
AIRFLOW_CTX_DAG_ID=user_processing
AIRFLOW_CTX_TASK_ID=extracting_user
AIRFLOW_CTX_EXECUTION_DATE=2020-02-23T00:00:00+00:00
AIRFLOW_CTX_DAG_RUN_ID=scheduled__2020-02-23T00:00:00+00:00
[2022-03-20 12:15:52,309] {http.py:111} INFO - Calling HTTP method
[2022-03-20 12:15:52,327] {base.py:69} INFO - Using connection to: id: user_api. Host: https://randomuser.me/, Port: None, Schema: , Login: , Password: ***, extra: {}
[2022-03-20 12:15:52,342] {http.py:140} INFO - Sending 'GET' to url: https://randomuser.me/api/
[2022-03-20 12:15:52,767] {http.py:115} INFO - {"results":[{"gender":"male","name":{"title":"Mr","first":"Efe","last":"Baturalp"},"location":{"street":{"number":1345,"name":"Şehitler Cd"},"city":"Kırşehir","state":"Kahramanmaraş","country":"Turkey","postcode":78806,"coordinates":{"latitude":"72.1555","longitude":"-135.7552"},"timezone":{"offset":"+3:30","description":"Tehran"}},"email":"efe.baturalp@example.com","login":{"uuid":"4392579c-1986-4375-b737-3b0faad7b124","username":"blueladybug318","password":"jaeger","salt":"eMFymDvm","md5":"76a0f90c4ab7ccaf5a14d4308c980d1a","sha1":"2d1d7e98c0468ee7c0d96c7bff60d8c3c69f76f8","sha256":"7290c3d75b395f26865338320211797705232ca0df96f2992ddb5269ab2e9730"},"dob":{"date":"1983-06-02T10:09:23.912Z","age":39},"registered":{"date":"2002-05-12T07:16:36.481Z","age":20},"phone":"(668)-460-1256","cell":"(667)-876-5324","id":{"name":"","value":null},"picture":{"large":"https://randomuser.me/api/portraits/men/94.jpg","medium":"https://randomuser.me/api/portraits/med/men/94.jpg","thumbnail":"https://randomuser.me/api/portraits/thumb/men/94.jpg"},"nat":"TR"}],"info":{"seed":"38d6e2f796ce4645","results":1,"page":1,"version":"1.3"}}
[2022-03-20 12:15:52,831] {taskinstance.py:1184} INFO - Marking task as SUCCESS. dag_id=user_processing, task_id=extracting_user, execution_date=20200223T000000, start_date=20220320T121551, end_date=20220320T121552
[2022-03-20 12:15:52,905] {taskinstance.py:1245} INFO - 1 downstream tasks scheduled from follow-on schedule check
[2022-03-20 12:15:52,913] {local_task_job.py:151} INFO - Task exited with return code 0
