[2022-03-20 12:06:48,560] {taskinstance.py:876} INFO - Dependencies all met for <TaskInstance: user_processing.is_api_available 2020-02-05T00:00:00+00:00 [queued]>
[2022-03-20 12:06:48,577] {taskinstance.py:876} INFO - Dependencies all met for <TaskInstance: user_processing.is_api_available 2020-02-05T00:00:00+00:00 [queued]>
[2022-03-20 12:06:48,577] {taskinstance.py:1067} INFO - 
--------------------------------------------------------------------------------
[2022-03-20 12:06:48,578] {taskinstance.py:1068} INFO - Starting attempt 1 of 1
[2022-03-20 12:06:48,578] {taskinstance.py:1069} INFO - 
--------------------------------------------------------------------------------
[2022-03-20 12:06:48,624] {taskinstance.py:1087} INFO - Executing <Task(HttpSensor): is_api_available> on 2020-02-05T00:00:00+00:00
[2022-03-20 12:06:48,628] {standard_task_runner.py:52} INFO - Started process 39253 to run task
[2022-03-20 12:06:48,642] {standard_task_runner.py:76} INFO - Running: ['airflow', 'tasks', 'run', 'user_processing', 'is_api_available', '2020-02-05T00:00:00+00:00', '--job-id', '213', '--pool', 'default_pool', '--raw', '--subdir', 'DAGS_FOLDER/user_processing.py', '--cfg-path', '/tmp/tmpmfijoj2x', '--error-file', '/tmp/tmp4_8rpr6t']
[2022-03-20 12:06:48,646] {standard_task_runner.py:77} INFO - Job 213: Subtask is_api_available
[2022-03-20 12:06:48,776] {logging_mixin.py:104} INFO - Running <TaskInstance: user_processing.is_api_available 2020-02-05T00:00:00+00:00 [running]> on host airflowvm
[2022-03-20 12:06:48,948] {taskinstance.py:1280} INFO - Exporting the following env vars:
AIRFLOW_CTX_DAG_OWNER=airflow
AIRFLOW_CTX_DAG_ID=user_processing
AIRFLOW_CTX_TASK_ID=is_api_available
AIRFLOW_CTX_EXECUTION_DATE=2020-02-05T00:00:00+00:00
AIRFLOW_CTX_DAG_RUN_ID=scheduled__2020-02-05T00:00:00+00:00
[2022-03-20 12:06:48,949] {http.py:101} INFO - Poking: api/
[2022-03-20 12:06:48,959] {base.py:69} INFO - Using connection to: id: user_api. Host: https://randomuser.me/, Port: None, Schema: , Login: , Password: ***, extra: {}
[2022-03-20 12:06:48,962] {http.py:140} INFO - Sending 'GET' to url: https://randomuser.me/api/
[2022-03-20 12:06:49,577] {base.py:243} INFO - Success criteria met. Exiting.
[2022-03-20 12:06:49,599] {taskinstance.py:1184} INFO - Marking task as SUCCESS. dag_id=user_processing, task_id=is_api_available, execution_date=20200205T000000, start_date=20220320T120648, end_date=20220320T120649
[2022-03-20 12:06:49,685] {taskinstance.py:1245} INFO - 1 downstream tasks scheduled from follow-on schedule check
[2022-03-20 12:06:49,711] {local_task_job.py:151} INFO - Task exited with return code 0
