[2022-03-20 13:56:46,407] {taskinstance.py:876} INFO - Dependencies all met for <TaskInstance: user_processing.is_api_available 2020-02-05T00:00:00+00:00 [queued]>
[2022-03-20 13:56:46,434] {taskinstance.py:876} INFO - Dependencies all met for <TaskInstance: user_processing.is_api_available 2020-02-05T00:00:00+00:00 [queued]>
[2022-03-20 13:56:46,435] {taskinstance.py:1067} INFO - 
--------------------------------------------------------------------------------
[2022-03-20 13:56:46,448] {taskinstance.py:1068} INFO - Starting attempt 2 of 2
[2022-03-20 13:56:46,448] {taskinstance.py:1069} INFO - 
--------------------------------------------------------------------------------
[2022-03-20 13:56:46,528] {taskinstance.py:1087} INFO - Executing <Task(HttpSensor): is_api_available> on 2020-02-05T00:00:00+00:00
[2022-03-20 13:56:46,556] {standard_task_runner.py:52} INFO - Started process 94843 to run task
[2022-03-20 13:56:46,573] {standard_task_runner.py:76} INFO - Running: ['airflow', 'tasks', 'run', 'user_processing', 'is_api_available', '2020-02-05T00:00:00+00:00', '--job-id', '870', '--pool', 'default_pool', '--raw', '--subdir', 'DAGS_FOLDER/user_processing.py', '--cfg-path', '/tmp/tmp10dukw0l', '--error-file', '/tmp/tmp6c8uh1on']
[2022-03-20 13:56:46,588] {standard_task_runner.py:77} INFO - Job 870: Subtask is_api_available
[2022-03-20 13:56:46,845] {logging_mixin.py:104} INFO - Running <TaskInstance: user_processing.is_api_available 2020-02-05T00:00:00+00:00 [running]> on host airflowvm
[2022-03-20 13:56:47,276] {taskinstance.py:1280} INFO - Exporting the following env vars:
AIRFLOW_CTX_DAG_OWNER=airflow
AIRFLOW_CTX_DAG_ID=user_processing
AIRFLOW_CTX_TASK_ID=is_api_available
AIRFLOW_CTX_EXECUTION_DATE=2020-02-05T00:00:00+00:00
AIRFLOW_CTX_DAG_RUN_ID=scheduled__2020-02-05T00:00:00+00:00
[2022-03-20 13:56:47,278] {http.py:101} INFO - Poking: api/
[2022-03-20 13:56:47,293] {base.py:69} INFO - Using connection to: id: user_api. Host: https://randomuser.me/, Port: None, Schema: , Login: , Password: ***, extra: {}
[2022-03-20 13:56:47,298] {http.py:140} INFO - Sending 'GET' to url: https://randomuser.me/api/
[2022-03-20 13:56:47,717] {base.py:243} INFO - Success criteria met. Exiting.
[2022-03-20 13:56:47,732] {taskinstance.py:1184} INFO - Marking task as SUCCESS. dag_id=user_processing, task_id=is_api_available, execution_date=20200205T000000, start_date=20220320T135646, end_date=20220320T135647
[2022-03-20 13:56:47,841] {taskinstance.py:1245} INFO - 1 downstream tasks scheduled from follow-on schedule check
[2022-03-20 13:56:47,881] {local_task_job.py:151} INFO - Task exited with return code 0
