[2022-03-20 10:37:45,806] {taskinstance.py:876} INFO - Dependencies all met for <TaskInstance: user_processing.is_api_available 2022-03-20T10:37:34.339510+00:00 [queued]>
[2022-03-20 10:37:45,820] {taskinstance.py:876} INFO - Dependencies all met for <TaskInstance: user_processing.is_api_available 2022-03-20T10:37:34.339510+00:00 [queued]>
[2022-03-20 10:37:45,820] {taskinstance.py:1067} INFO - 
--------------------------------------------------------------------------------
[2022-03-20 10:37:45,820] {taskinstance.py:1068} INFO - Starting attempt 1 of 1
[2022-03-20 10:37:45,821] {taskinstance.py:1069} INFO - 
--------------------------------------------------------------------------------
[2022-03-20 10:37:45,862] {taskinstance.py:1087} INFO - Executing <Task(HttpSensor): is_api_available> on 2022-03-20T10:37:34.339510+00:00
[2022-03-20 10:37:45,867] {standard_task_runner.py:52} INFO - Started process 20871 to run task
[2022-03-20 10:37:45,887] {standard_task_runner.py:76} INFO - Running: ['airflow', 'tasks', 'run', 'user_processing', 'is_api_available', '2022-03-20T10:37:34.339510+00:00', '--job-id', '33', '--pool', 'default_pool', '--raw', '--subdir', 'DAGS_FOLDER/user_processing.py', '--cfg-path', '/tmp/tmp5j453qw4', '--error-file', '/tmp/tmpb8s_39xt']
[2022-03-20 10:37:45,889] {standard_task_runner.py:77} INFO - Job 33: Subtask is_api_available
[2022-03-20 10:37:46,011] {logging_mixin.py:104} INFO - Running <TaskInstance: user_processing.is_api_available 2022-03-20T10:37:34.339510+00:00 [running]> on host airflowvm
[2022-03-20 10:37:46,150] {taskinstance.py:1280} INFO - Exporting the following env vars:
AIRFLOW_CTX_DAG_OWNER=airflow
AIRFLOW_CTX_DAG_ID=user_processing
AIRFLOW_CTX_TASK_ID=is_api_available
AIRFLOW_CTX_EXECUTION_DATE=2022-03-20T10:37:34.339510+00:00
AIRFLOW_CTX_DAG_RUN_ID=manual__2022-03-20T10:37:34.339510+00:00
[2022-03-20 10:37:46,151] {http.py:101} INFO - Poking: api/
[2022-03-20 10:37:46,164] {base.py:69} INFO - Using connection to: id: user_api. Host: https://randomuser.me/, Port: None, Schema: , Login: , Password: ***, extra: {}
[2022-03-20 10:37:46,167] {http.py:140} INFO - Sending 'GET' to url: https://randomuser.me/api/
[2022-03-20 10:37:47,727] {base.py:243} INFO - Success criteria met. Exiting.
[2022-03-20 10:37:47,739] {taskinstance.py:1184} INFO - Marking task as SUCCESS. dag_id=user_processing, task_id=is_api_available, execution_date=20220320T103734, start_date=20220320T103745, end_date=20220320T103747
[2022-03-20 10:37:47,937] {taskinstance.py:1245} INFO - 1 downstream tasks scheduled from follow-on schedule check
[2022-03-20 10:37:47,963] {local_task_job.py:151} INFO - Task exited with return code 0
