[2022-03-20 11:53:41,843] {taskinstance.py:876} INFO - Dependencies all met for <TaskInstance: user_processing.extracting_user 2020-01-08T00:00:00+00:00 [queued]>
[2022-03-20 11:53:41,863] {taskinstance.py:876} INFO - Dependencies all met for <TaskInstance: user_processing.extracting_user 2020-01-08T00:00:00+00:00 [queued]>
[2022-03-20 11:53:41,863] {taskinstance.py:1067} INFO - 
--------------------------------------------------------------------------------
[2022-03-20 11:53:41,863] {taskinstance.py:1068} INFO - Starting attempt 1 of 1
[2022-03-20 11:53:41,863] {taskinstance.py:1069} INFO - 
--------------------------------------------------------------------------------
[2022-03-20 11:53:41,900] {taskinstance.py:1087} INFO - Executing <Task(SimpleHttpOperator): extracting_user> on 2020-01-08T00:00:00+00:00
[2022-03-20 11:53:41,904] {standard_task_runner.py:52} INFO - Started process 29318 to run task
[2022-03-20 11:53:41,919] {standard_task_runner.py:76} INFO - Running: ['airflow', 'tasks', 'run', 'user_processing', 'extracting_user', '2020-01-08T00:00:00+00:00', '--job-id', '79', '--pool', 'default_pool', '--raw', '--subdir', 'DAGS_FOLDER/user_processing.py', '--cfg-path', '/tmp/tmpmk_nfr7u', '--error-file', '/tmp/tmp6ekdl968']
[2022-03-20 11:53:41,922] {standard_task_runner.py:77} INFO - Job 79: Subtask extracting_user
[2022-03-20 11:53:42,052] {logging_mixin.py:104} INFO - Running <TaskInstance: user_processing.extracting_user 2020-01-08T00:00:00+00:00 [running]> on host airflowvm
[2022-03-20 11:53:42,162] {taskinstance.py:1280} INFO - Exporting the following env vars:
AIRFLOW_CTX_DAG_OWNER=airflow
AIRFLOW_CTX_DAG_ID=user_processing
AIRFLOW_CTX_TASK_ID=extracting_user
AIRFLOW_CTX_EXECUTION_DATE=2020-01-08T00:00:00+00:00
AIRFLOW_CTX_DAG_RUN_ID=scheduled__2020-01-08T00:00:00+00:00
[2022-03-20 11:53:42,163] {http.py:111} INFO - Calling HTTP method
[2022-03-20 11:53:42,172] {base.py:69} INFO - Using connection to: id: user_api. Host: https://randomuser.me/, Port: None, Schema: , Login: , Password: ***, extra: {}
[2022-03-20 11:53:42,176] {http.py:140} INFO - Sending 'GET' to url: https://randomuser.me/api/
[2022-03-20 11:53:42,588] {http.py:115} INFO - {"results":[{"gender":"male","name":{"title":"Mr","first":"Onni","last":"Salmi"},"location":{"street":{"number":70,"name":"Hatanpään Valtatie"},"city":"Sulkava","state":"Lapland","country":"Finland","postcode":95401,"coordinates":{"latitude":"-9.7530","longitude":"-54.2953"},"timezone":{"offset":"+1:00","description":"Brussels, Copenhagen, Madrid, Paris"}},"email":"onni.salmi@example.com","login":{"uuid":"bd702d4f-2253-4564-a8ac-0a665553fcac","username":"redrabbit114","password":"keyboard","salt":"kjtlwApN","md5":"32657e52e3c93d2cce839ab8f0f437a8","sha1":"042c5afda3657504d14988bde38a4e4446acdb63","sha256":"12343c7e84710e4f5b9ba5d44658ec35abafe54d932fa44122108881e9526aee"},"dob":{"date":"1979-03-29T10:16:51.696Z","age":43},"registered":{"date":"2009-09-20T20:10:53.083Z","age":13},"phone":"04-332-976","cell":"047-466-42-38","id":{"name":"HETU","value":"NaNNA263undefined"},"picture":{"large":"https://randomuser.me/api/portraits/men/38.jpg","medium":"https://randomuser.me/api/portraits/med/men/38.jpg","thumbnail":"https://randomuser.me/api/portraits/thumb/men/38.jpg"},"nat":"FI"}],"info":{"seed":"82b3e0a30704fd7d","results":1,"page":1,"version":"1.3"}}
[2022-03-20 11:53:42,672] {taskinstance.py:1184} INFO - Marking task as SUCCESS. dag_id=user_processing, task_id=extracting_user, execution_date=20200108T000000, start_date=20220320T115341, end_date=20220320T115342
[2022-03-20 11:53:42,786] {taskinstance.py:1245} INFO - 1 downstream tasks scheduled from follow-on schedule check
[2022-03-20 11:53:42,812] {local_task_job.py:151} INFO - Task exited with return code 0
