[2022-03-20 14:02:21,959] {taskinstance.py:876} INFO - Dependencies all met for <TaskInstance: user_processing.extracting_user 2020-01-08T00:00:00+00:00 [queued]>
[2022-03-20 14:02:21,978] {taskinstance.py:876} INFO - Dependencies all met for <TaskInstance: user_processing.extracting_user 2020-01-08T00:00:00+00:00 [queued]>
[2022-03-20 14:02:21,978] {taskinstance.py:1067} INFO - 
--------------------------------------------------------------------------------
[2022-03-20 14:02:21,978] {taskinstance.py:1068} INFO - Starting attempt 2 of 2
[2022-03-20 14:02:21,979] {taskinstance.py:1069} INFO - 
--------------------------------------------------------------------------------
[2022-03-20 14:02:22,027] {taskinstance.py:1087} INFO - Executing <Task(SimpleHttpOperator): extracting_user> on 2020-01-08T00:00:00+00:00
[2022-03-20 14:02:22,033] {standard_task_runner.py:52} INFO - Started process 97903 to run task
[2022-03-20 14:02:22,064] {standard_task_runner.py:76} INFO - Running: ['airflow', 'tasks', 'run', 'user_processing', 'extracting_user', '2020-01-08T00:00:00+00:00', '--job-id', '911', '--pool', 'default_pool', '--raw', '--subdir', 'DAGS_FOLDER/user_processing.py', '--cfg-path', '/tmp/tmp3f6tlgw4', '--error-file', '/tmp/tmp0kv2g052']
[2022-03-20 14:02:22,066] {standard_task_runner.py:77} INFO - Job 911: Subtask extracting_user
[2022-03-20 14:02:22,188] {logging_mixin.py:104} INFO - Running <TaskInstance: user_processing.extracting_user 2020-01-08T00:00:00+00:00 [running]> on host airflowvm
[2022-03-20 14:02:22,514] {taskinstance.py:1280} INFO - Exporting the following env vars:
AIRFLOW_CTX_DAG_OWNER=airflow
AIRFLOW_CTX_DAG_ID=user_processing
AIRFLOW_CTX_TASK_ID=extracting_user
AIRFLOW_CTX_EXECUTION_DATE=2020-01-08T00:00:00+00:00
AIRFLOW_CTX_DAG_RUN_ID=scheduled__2020-01-08T00:00:00+00:00
[2022-03-20 14:02:22,515] {http.py:111} INFO - Calling HTTP method
[2022-03-20 14:02:22,525] {base.py:69} INFO - Using connection to: id: user_api. Host: https://randomuser.me/, Port: None, Schema: , Login: , Password: ***, extra: {}
[2022-03-20 14:02:22,529] {http.py:140} INFO - Sending 'GET' to url: https://randomuser.me/api/
[2022-03-20 14:02:23,041] {http.py:115} INFO - {"results":[{"gender":"male","name":{"title":"Mr","first":"Ted","last":"Rice"},"location":{"street":{"number":4915,"name":"Oak Ridge Ln"},"city":"Oceanside","state":"New Jersey","country":"United States","postcode":65966,"coordinates":{"latitude":"80.6174","longitude":"-24.9192"},"timezone":{"offset":"+6:00","description":"Almaty, Dhaka, Colombo"}},"email":"ted.rice@example.com","login":{"uuid":"ecc79a99-69ce-43ef-bf21-d670960450d4","username":"bluebird862","password":"warrior","salt":"AKU7n30S","md5":"86c49ad17e2792cf576c7abdf24a0f64","sha1":"5c673317332d68458e0997f532d39b58fd68685c","sha256":"8254d1cfd664dc0ec982f08d56ffe4afd74c58770c890eaad6685d3331a2ea6f"},"dob":{"date":"1967-11-02T00:25:53.767Z","age":55},"registered":{"date":"2009-12-12T11:45:08.916Z","age":13},"phone":"(630)-230-8207","cell":"(639)-876-9769","id":{"name":"SSN","value":"674-22-9462"},"picture":{"large":"https://randomuser.me/api/portraits/men/0.jpg","medium":"https://randomuser.me/api/portraits/med/men/0.jpg","thumbnail":"https://randomuser.me/api/portraits/thumb/men/0.jpg"},"nat":"US"}],"info":{"seed":"49cfb946afafec35","results":1,"page":1,"version":"1.3"}}
[2022-03-20 14:02:23,116] {taskinstance.py:1184} INFO - Marking task as SUCCESS. dag_id=user_processing, task_id=extracting_user, execution_date=20200108T000000, start_date=20220320T140221, end_date=20220320T140223
[2022-03-20 14:02:23,195] {taskinstance.py:1245} INFO - 1 downstream tasks scheduled from follow-on schedule check
[2022-03-20 14:02:23,208] {local_task_job.py:151} INFO - Task exited with return code 0
