[2022-03-20 12:52:24,825] {taskinstance.py:876} INFO - Dependencies all met for <TaskInstance: user_processing.processing_user 2022-01-15T00:00:00+00:00 [queued]>
[2022-03-20 12:52:24,842] {taskinstance.py:876} INFO - Dependencies all met for <TaskInstance: user_processing.processing_user 2022-01-15T00:00:00+00:00 [queued]>
[2022-03-20 12:52:24,842] {taskinstance.py:1067} INFO - 
--------------------------------------------------------------------------------
[2022-03-20 12:52:24,842] {taskinstance.py:1068} INFO - Starting attempt 1 of 1
[2022-03-20 12:52:24,843] {taskinstance.py:1069} INFO - 
--------------------------------------------------------------------------------
[2022-03-20 12:52:24,997] {taskinstance.py:1087} INFO - Executing <Task(PythonOperator): processing_user> on 2022-01-15T00:00:00+00:00
[2022-03-20 12:52:25,001] {standard_task_runner.py:52} INFO - Started process 65639 to run task
[2022-03-20 12:52:25,017] {standard_task_runner.py:76} INFO - Running: ['airflow', 'tasks', 'run', 'user_processing', 'processing_user', '2022-01-15T00:00:00+00:00', '--job-id', '475', '--pool', 'default_pool', '--raw', '--subdir', 'DAGS_FOLDER/user_processing.py', '--cfg-path', '/tmp/tmpj20frulg', '--error-file', '/tmp/tmpw8p0_2v3']
[2022-03-20 12:52:25,018] {standard_task_runner.py:77} INFO - Job 475: Subtask processing_user
[2022-03-20 12:52:25,142] {logging_mixin.py:104} INFO - Running <TaskInstance: user_processing.processing_user 2022-01-15T00:00:00+00:00 [running]> on host airflowvm
[2022-03-20 12:52:25,773] {taskinstance.py:1280} INFO - Exporting the following env vars:
AIRFLOW_CTX_DAG_OWNER=airflow
AIRFLOW_CTX_DAG_ID=user_processing
AIRFLOW_CTX_TASK_ID=processing_user
AIRFLOW_CTX_EXECUTION_DATE=2022-01-15T00:00:00+00:00
AIRFLOW_CTX_DAG_RUN_ID=scheduled__2022-01-15T00:00:00+00:00
[2022-03-20 12:52:25,801] {python.py:151} INFO - Done. Returned value was: None
[2022-03-20 12:52:25,807] {taskinstance.py:1184} INFO - Marking task as SUCCESS. dag_id=user_processing, task_id=processing_user, execution_date=20220115T000000, start_date=20220320T125224, end_date=20220320T125225
[2022-03-20 12:52:26,244] {taskinstance.py:1245} INFO - 1 downstream tasks scheduled from follow-on schedule check
[2022-03-20 12:52:26,251] {local_task_job.py:151} INFO - Task exited with return code 0
