[2022-03-20 13:57:07,289] {taskinstance.py:876} INFO - Dependencies all met for <TaskInstance: user_processing.extracting_user 2020-01-20T00:00:00+00:00 [queued]>
[2022-03-20 13:57:07,360] {taskinstance.py:876} INFO - Dependencies all met for <TaskInstance: user_processing.extracting_user 2020-01-20T00:00:00+00:00 [queued]>
[2022-03-20 13:57:07,367] {taskinstance.py:1067} INFO - 
--------------------------------------------------------------------------------
[2022-03-20 13:57:07,367] {taskinstance.py:1068} INFO - Starting attempt 2 of 2
[2022-03-20 13:57:07,367] {taskinstance.py:1069} INFO - 
--------------------------------------------------------------------------------
[2022-03-20 13:57:07,434] {taskinstance.py:1087} INFO - Executing <Task(SimpleHttpOperator): extracting_user> on 2020-01-20T00:00:00+00:00
[2022-03-20 13:57:07,455] {standard_task_runner.py:52} INFO - Started process 95025 to run task
[2022-03-20 13:57:07,479] {standard_task_runner.py:76} INFO - Running: ['airflow', 'tasks', 'run', 'user_processing', 'extracting_user', '2020-01-20T00:00:00+00:00', '--job-id', '873', '--pool', 'default_pool', '--raw', '--subdir', 'DAGS_FOLDER/user_processing.py', '--cfg-path', '/tmp/tmpe9quqmc5', '--error-file', '/tmp/tmp_up1ivq1']
[2022-03-20 13:57:07,480] {standard_task_runner.py:77} INFO - Job 873: Subtask extracting_user
[2022-03-20 13:57:07,748] {logging_mixin.py:104} INFO - Running <TaskInstance: user_processing.extracting_user 2020-01-20T00:00:00+00:00 [running]> on host airflowvm
[2022-03-20 13:57:08,121] {taskinstance.py:1280} INFO - Exporting the following env vars:
AIRFLOW_CTX_DAG_OWNER=airflow
AIRFLOW_CTX_DAG_ID=user_processing
AIRFLOW_CTX_TASK_ID=extracting_user
AIRFLOW_CTX_EXECUTION_DATE=2020-01-20T00:00:00+00:00
AIRFLOW_CTX_DAG_RUN_ID=scheduled__2020-01-20T00:00:00+00:00
[2022-03-20 13:57:08,122] {http.py:111} INFO - Calling HTTP method
[2022-03-20 13:57:08,178] {base.py:69} INFO - Using connection to: id: user_api. Host: https://randomuser.me/, Port: None, Schema: , Login: , Password: ***, extra: {}
[2022-03-20 13:57:08,215] {http.py:140} INFO - Sending 'GET' to url: https://randomuser.me/api/
[2022-03-20 13:57:08,732] {http.py:115} INFO - {"results":[{"gender":"female","name":{"title":"Ms","first":"Annabelle","last":"Bélanger"},"location":{"street":{"number":5333,"name":"20th Ave"},"city":"Armstrong","state":"Nova Scotia","country":"Canada","postcode":"B9K 7I4","coordinates":{"latitude":"-60.5824","longitude":"144.8470"},"timezone":{"offset":"+10:00","description":"Eastern Australia, Guam, Vladivostok"}},"email":"annabelle.belanger@example.com","login":{"uuid":"12fe8007-3021-49c7-87ca-017d40498513","username":"purplebird179","password":"serenity","salt":"clgLXCrE","md5":"a981ec6fc8095a357d0dd58596a4d9db","sha1":"2c8a3e2f54d37970beef7ff777bc7d654d7c14f4","sha256":"efabbadc79c89eea8f131e2cb543515900300a9fd38ebb1b5d0b15d0539140f0"},"dob":{"date":"1968-09-16T20:48:09.729Z","age":54},"registered":{"date":"2016-12-19T06:24:38.007Z","age":6},"phone":"026-530-1752","cell":"424-839-2624","id":{"name":"","value":null},"picture":{"large":"https://randomuser.me/api/portraits/women/27.jpg","medium":"https://randomuser.me/api/portraits/med/women/27.jpg","thumbnail":"https://randomuser.me/api/portraits/thumb/women/27.jpg"},"nat":"CA"}],"info":{"seed":"16972c20caa7a76e","results":1,"page":1,"version":"1.3"}}
[2022-03-20 13:57:08,834] {taskinstance.py:1184} INFO - Marking task as SUCCESS. dag_id=user_processing, task_id=extracting_user, execution_date=20200120T000000, start_date=20220320T135707, end_date=20220320T135708
[2022-03-20 13:57:09,025] {taskinstance.py:1245} INFO - 1 downstream tasks scheduled from follow-on schedule check
[2022-03-20 13:57:09,067] {local_task_job.py:151} INFO - Task exited with return code 0
