[2022-03-20 12:45:37,492] {taskinstance.py:876} INFO - Dependencies all met for <TaskInstance: user_processing.extracting_user 2022-01-04T00:00:00+00:00 [queued]>
[2022-03-20 12:45:37,528] {taskinstance.py:876} INFO - Dependencies all met for <TaskInstance: user_processing.extracting_user 2022-01-04T00:00:00+00:00 [queued]>
[2022-03-20 12:45:37,529] {taskinstance.py:1067} INFO - 
--------------------------------------------------------------------------------
[2022-03-20 12:45:37,529] {taskinstance.py:1068} INFO - Starting attempt 1 of 1
[2022-03-20 12:45:37,530] {taskinstance.py:1069} INFO - 
--------------------------------------------------------------------------------
[2022-03-20 12:45:37,594] {taskinstance.py:1087} INFO - Executing <Task(SimpleHttpOperator): extracting_user> on 2022-01-04T00:00:00+00:00
[2022-03-20 12:45:37,598] {standard_task_runner.py:52} INFO - Started process 62519 to run task
[2022-03-20 12:45:37,616] {standard_task_runner.py:76} INFO - Running: ['airflow', 'tasks', 'run', 'user_processing', 'extracting_user', '2022-01-04T00:00:00+00:00', '--job-id', '414', '--pool', 'default_pool', '--raw', '--subdir', 'DAGS_FOLDER/user_processing.py', '--cfg-path', '/tmp/tmptbrl3ha2', '--error-file', '/tmp/tmp04yrjx4h']
[2022-03-20 12:45:37,618] {standard_task_runner.py:77} INFO - Job 414: Subtask extracting_user
[2022-03-20 12:45:38,092] {logging_mixin.py:104} INFO - Running <TaskInstance: user_processing.extracting_user 2022-01-04T00:00:00+00:00 [running]> on host airflowvm
[2022-03-20 12:45:38,421] {taskinstance.py:1280} INFO - Exporting the following env vars:
AIRFLOW_CTX_DAG_OWNER=airflow
AIRFLOW_CTX_DAG_ID=user_processing
AIRFLOW_CTX_TASK_ID=extracting_user
AIRFLOW_CTX_EXECUTION_DATE=2022-01-04T00:00:00+00:00
AIRFLOW_CTX_DAG_RUN_ID=scheduled__2022-01-04T00:00:00+00:00
[2022-03-20 12:45:38,423] {http.py:111} INFO - Calling HTTP method
[2022-03-20 12:45:38,434] {base.py:69} INFO - Using connection to: id: user_api. Host: https://randomuser.me/, Port: None, Schema: , Login: , Password: ***, extra: {}
[2022-03-20 12:45:38,438] {http.py:140} INFO - Sending 'GET' to url: https://randomuser.me/api/
[2022-03-20 12:45:38,963] {http.py:115} INFO - {"results":[{"gender":"female","name":{"title":"Miss","first":"آنیتا","last":"سهيلي راد"},"location":{"street":{"number":8173,"name":"جلال آل احمد"},"city":"اصفهان","state":"خراسان شمالی","country":"Iran","postcode":71274,"coordinates":{"latitude":"35.9353","longitude":"128.4267"},"timezone":{"offset":"+5:30","description":"Bombay, Calcutta, Madras, New Delhi"}},"email":"anyt.shylyrd@example.com","login":{"uuid":"052bd215-a0f3-4285-b747-ad90390b9ca6","username":"heavyostrich886","password":"dododo","salt":"a0pjGv0D","md5":"a26423e8665a4ffa0320fb68ed88853b","sha1":"50682cb42eca57a482534e1a6426bea7c701f398","sha256":"759fd6e65de993fb6212f85869e18bec2c0b189cae9f92ade05b984d949df398"},"dob":{"date":"1977-03-12T22:01:38.440Z","age":45},"registered":{"date":"2002-09-16T20:54:58.108Z","age":20},"phone":"050-65763364","cell":"0931-069-8158","id":{"name":"","value":null},"picture":{"large":"https://randomuser.me/api/portraits/women/23.jpg","medium":"https://randomuser.me/api/portraits/med/women/23.jpg","thumbnail":"https://randomuser.me/api/portraits/thumb/women/23.jpg"},"nat":"IR"}],"info":{"seed":"a1fb54dea901302f","results":1,"page":1,"version":"1.3"}}
[2022-03-20 12:45:39,433] {taskinstance.py:1184} INFO - Marking task as SUCCESS. dag_id=user_processing, task_id=extracting_user, execution_date=20220104T000000, start_date=20220320T124537, end_date=20220320T124539
[2022-03-20 12:45:39,865] {taskinstance.py:1245} INFO - 1 downstream tasks scheduled from follow-on schedule check
[2022-03-20 12:45:39,920] {local_task_job.py:151} INFO - Task exited with return code 0
