[2022-03-20 14:10:31,102] {taskinstance.py:876} INFO - Dependencies all met for <TaskInstance: user_processing.extracting_user 2022-02-11T00:00:00+00:00 [queued]>
[2022-03-20 14:10:31,119] {taskinstance.py:876} INFO - Dependencies all met for <TaskInstance: user_processing.extracting_user 2022-02-11T00:00:00+00:00 [queued]>
[2022-03-20 14:10:31,120] {taskinstance.py:1067} INFO - 
--------------------------------------------------------------------------------
[2022-03-20 14:10:31,120] {taskinstance.py:1068} INFO - Starting attempt 2 of 2
[2022-03-20 14:10:31,120] {taskinstance.py:1069} INFO - 
--------------------------------------------------------------------------------
[2022-03-20 14:10:31,160] {taskinstance.py:1087} INFO - Executing <Task(SimpleHttpOperator): extracting_user> on 2022-02-11T00:00:00+00:00
[2022-03-20 14:10:31,164] {standard_task_runner.py:52} INFO - Started process 102455 to run task
[2022-03-20 14:10:31,182] {standard_task_runner.py:76} INFO - Running: ['airflow', 'tasks', 'run', 'user_processing', 'extracting_user', '2022-02-11T00:00:00+00:00', '--job-id', '973', '--pool', 'default_pool', '--raw', '--subdir', 'DAGS_FOLDER/user_processing.py', '--cfg-path', '/tmp/tmp72zp3ycp', '--error-file', '/tmp/tmpgp5kn_tx']
[2022-03-20 14:10:31,183] {standard_task_runner.py:77} INFO - Job 973: Subtask extracting_user
[2022-03-20 14:10:31,300] {logging_mixin.py:104} INFO - Running <TaskInstance: user_processing.extracting_user 2022-02-11T00:00:00+00:00 [running]> on host airflowvm
[2022-03-20 14:10:31,506] {taskinstance.py:1280} INFO - Exporting the following env vars:
AIRFLOW_CTX_DAG_OWNER=airflow
AIRFLOW_CTX_DAG_ID=user_processing
AIRFLOW_CTX_TASK_ID=extracting_user
AIRFLOW_CTX_EXECUTION_DATE=2022-02-11T00:00:00+00:00
AIRFLOW_CTX_DAG_RUN_ID=scheduled__2022-02-11T00:00:00+00:00
[2022-03-20 14:10:31,508] {http.py:111} INFO - Calling HTTP method
[2022-03-20 14:10:31,520] {base.py:69} INFO - Using connection to: id: user_api. Host: https://randomuser.me/, Port: None, Schema: , Login: , Password: ***, extra: {}
[2022-03-20 14:10:31,524] {http.py:140} INFO - Sending 'GET' to url: https://randomuser.me/api/
[2022-03-20 14:10:31,949] {http.py:115} INFO - {"results":[{"gender":"female","name":{"title":"Miss","first":"Andrea","last":"Nielsen"},"location":{"street":{"number":6912,"name":"Løvsangervej"},"city":"Øster Assels","state":"Danmark","country":"Denmark","postcode":61503,"coordinates":{"latitude":"-29.4029","longitude":"96.7645"},"timezone":{"offset":"+4:30","description":"Kabul"}},"email":"andrea.nielsen@example.com","login":{"uuid":"193ab8f1-90e4-4698-a06f-0f2a821c9841","username":"yellowbear981","password":"helloo","salt":"b3qyMF4b","md5":"47599fa332ef36ba35ebe2ffb4cc8d29","sha1":"87ca9e44f5b6a44ca6c20284bfb66050591b629e","sha256":"4e3b8db45b6b132e08ab0ebcc20e519a2b4a99fce59796bbeac16b9a9a3b85ca"},"dob":{"date":"1952-04-25T12:33:18.423Z","age":70},"registered":{"date":"2014-03-31T04:48:43.983Z","age":8},"phone":"11755308","cell":"94716962","id":{"name":"CPR","value":"250452-1431"},"picture":{"large":"https://randomuser.me/api/portraits/women/49.jpg","medium":"https://randomuser.me/api/portraits/med/women/49.jpg","thumbnail":"https://randomuser.me/api/portraits/thumb/women/49.jpg"},"nat":"DK"}],"info":{"seed":"e0341caad87a7b2f","results":1,"page":1,"version":"1.3"}}
[2022-03-20 14:10:32,017] {taskinstance.py:1184} INFO - Marking task as SUCCESS. dag_id=user_processing, task_id=extracting_user, execution_date=20220211T000000, start_date=20220320T141031, end_date=20220320T141032
[2022-03-20 14:10:32,144] {taskinstance.py:1245} INFO - 1 downstream tasks scheduled from follow-on schedule check
[2022-03-20 14:10:32,193] {local_task_job.py:151} INFO - Task exited with return code 0
