[2022-03-20 12:13:33,294] {taskinstance.py:876} INFO - Dependencies all met for <TaskInstance: user_processing.extracting_user 2020-02-18T00:00:00+00:00 [queued]>
[2022-03-20 12:13:33,311] {taskinstance.py:876} INFO - Dependencies all met for <TaskInstance: user_processing.extracting_user 2020-02-18T00:00:00+00:00 [queued]>
[2022-03-20 12:13:33,312] {taskinstance.py:1067} INFO - 
--------------------------------------------------------------------------------
[2022-03-20 12:13:33,312] {taskinstance.py:1068} INFO - Starting attempt 1 of 1
[2022-03-20 12:13:33,312] {taskinstance.py:1069} INFO - 
--------------------------------------------------------------------------------
[2022-03-20 12:13:33,346] {taskinstance.py:1087} INFO - Executing <Task(SimpleHttpOperator): extracting_user> on 2020-02-18T00:00:00+00:00
[2022-03-20 12:13:33,351] {standard_task_runner.py:52} INFO - Started process 44306 to run task
[2022-03-20 12:13:33,370] {standard_task_runner.py:76} INFO - Running: ['airflow', 'tasks', 'run', 'user_processing', 'extracting_user', '2020-02-18T00:00:00+00:00', '--job-id', '284', '--pool', 'default_pool', '--raw', '--subdir', 'DAGS_FOLDER/user_processing.py', '--cfg-path', '/tmp/tmpg8x3mb2o', '--error-file', '/tmp/tmp4tjva0hy']
[2022-03-20 12:13:33,371] {standard_task_runner.py:77} INFO - Job 284: Subtask extracting_user
[2022-03-20 12:13:33,536] {logging_mixin.py:104} INFO - Running <TaskInstance: user_processing.extracting_user 2020-02-18T00:00:00+00:00 [running]> on host airflowvm
[2022-03-20 12:13:33,777] {taskinstance.py:1280} INFO - Exporting the following env vars:
AIRFLOW_CTX_DAG_OWNER=airflow
AIRFLOW_CTX_DAG_ID=user_processing
AIRFLOW_CTX_TASK_ID=extracting_user
AIRFLOW_CTX_EXECUTION_DATE=2020-02-18T00:00:00+00:00
AIRFLOW_CTX_DAG_RUN_ID=scheduled__2020-02-18T00:00:00+00:00
[2022-03-20 12:13:33,778] {http.py:111} INFO - Calling HTTP method
[2022-03-20 12:13:33,800] {base.py:69} INFO - Using connection to: id: user_api. Host: https://randomuser.me/, Port: None, Schema: , Login: , Password: ***, extra: {}
[2022-03-20 12:13:33,826] {http.py:140} INFO - Sending 'GET' to url: https://randomuser.me/api/
[2022-03-20 12:13:34,301] {http.py:115} INFO - {"results":[{"gender":"female","name":{"title":"Ms","first":"Anna","last":"Calvo"},"location":{"street":{"number":5862,"name":"Ronda de Toledo"},"city":"Fuenlabrada","state":"Región de Murcia","country":"Spain","postcode":43282,"coordinates":{"latitude":"-24.7627","longitude":"81.7525"},"timezone":{"offset":"+8:00","description":"Beijing, Perth, Singapore, Hong Kong"}},"email":"anna.calvo@example.com","login":{"uuid":"11bd9f4f-5d4e-4585-95c3-1cadf02912d7","username":"bluebird776","password":"seadog","salt":"3q3vFuet","md5":"daf1e348f412d9bfe6a27d8866c2b2d4","sha1":"c2ca1bb1e53d68a596dc18afa1258b275bf0d4cd","sha256":"9068c374f5ac51bd9196f0d72da9d4081a3504629c95181ffa5477a95226f6e0"},"dob":{"date":"1981-09-15T11:27:13.098Z","age":41},"registered":{"date":"2016-10-24T20:21:46.171Z","age":6},"phone":"901-601-840","cell":"618-446-816","id":{"name":"DNI","value":"11127081-W"},"picture":{"large":"https://randomuser.me/api/portraits/women/96.jpg","medium":"https://randomuser.me/api/portraits/med/women/96.jpg","thumbnail":"https://randomuser.me/api/portraits/thumb/women/96.jpg"},"nat":"ES"}],"info":{"seed":"8a7158d3b1f15343","results":1,"page":1,"version":"1.3"}}
[2022-03-20 12:13:34,365] {taskinstance.py:1184} INFO - Marking task as SUCCESS. dag_id=user_processing, task_id=extracting_user, execution_date=20200218T000000, start_date=20220320T121333, end_date=20220320T121334
[2022-03-20 12:13:34,444] {taskinstance.py:1245} INFO - 1 downstream tasks scheduled from follow-on schedule check
[2022-03-20 12:13:34,452] {local_task_job.py:151} INFO - Task exited with return code 0
