[2022-03-20 13:01:41,211] {taskinstance.py:876} INFO - Dependencies all met for <TaskInstance: user_processing.extracting_user 2022-02-04T00:00:00+00:00 [queued]>
[2022-03-20 13:01:41,227] {taskinstance.py:876} INFO - Dependencies all met for <TaskInstance: user_processing.extracting_user 2022-02-04T00:00:00+00:00 [queued]>
[2022-03-20 13:01:41,227] {taskinstance.py:1067} INFO - 
--------------------------------------------------------------------------------
[2022-03-20 13:01:41,228] {taskinstance.py:1068} INFO - Starting attempt 1 of 1
[2022-03-20 13:01:41,228] {taskinstance.py:1069} INFO - 
--------------------------------------------------------------------------------
[2022-03-20 13:01:41,370] {taskinstance.py:1087} INFO - Executing <Task(SimpleHttpOperator): extracting_user> on 2022-02-04T00:00:00+00:00
[2022-03-20 13:01:41,375] {standard_task_runner.py:52} INFO - Started process 69947 to run task
[2022-03-20 13:01:41,393] {standard_task_runner.py:76} INFO - Running: ['airflow', 'tasks', 'run', 'user_processing', 'extracting_user', '2022-02-04T00:00:00+00:00', '--job-id', '569', '--pool', 'default_pool', '--raw', '--subdir', 'DAGS_FOLDER/user_processing.py', '--cfg-path', '/tmp/tmpdqm4aoxv', '--error-file', '/tmp/tmpkjjijsj3']
[2022-03-20 13:01:41,394] {standard_task_runner.py:77} INFO - Job 569: Subtask extracting_user
[2022-03-20 13:01:41,773] {logging_mixin.py:104} INFO - Running <TaskInstance: user_processing.extracting_user 2022-02-04T00:00:00+00:00 [running]> on host airflowvm
[2022-03-20 13:01:42,149] {taskinstance.py:1280} INFO - Exporting the following env vars:
AIRFLOW_CTX_DAG_OWNER=airflow
AIRFLOW_CTX_DAG_ID=user_processing
AIRFLOW_CTX_TASK_ID=extracting_user
AIRFLOW_CTX_EXECUTION_DATE=2022-02-04T00:00:00+00:00
AIRFLOW_CTX_DAG_RUN_ID=scheduled__2022-02-04T00:00:00+00:00
[2022-03-20 13:01:42,150] {http.py:111} INFO - Calling HTTP method
[2022-03-20 13:01:42,161] {base.py:69} INFO - Using connection to: id: user_api. Host: https://randomuser.me/, Port: None, Schema: , Login: , Password: ***, extra: {}
[2022-03-20 13:01:42,166] {http.py:140} INFO - Sending 'GET' to url: https://randomuser.me/api/
[2022-03-20 13:01:42,576] {http.py:115} INFO - {"results":[{"gender":"female","name":{"title":"Ms","first":"Viivi","last":"Mattila"},"location":{"street":{"number":8067,"name":"Suvantokatu"},"city":"Eurajoki","state":"Central Finland","country":"Finland","postcode":87081,"coordinates":{"latitude":"-10.9388","longitude":"117.6938"},"timezone":{"offset":"-5:00","description":"Eastern Time (US & Canada), Bogota, Lima"}},"email":"viivi.mattila@example.com","login":{"uuid":"f9d4cd00-d7ab-4397-9ee6-84d0f66a94df","username":"happyleopard364","password":"timber","salt":"EPSnLEt6","md5":"37708c9d8f92863d051fe4ce05fb9f7a","sha1":"f9d6b96111ff39744320dab600b95c4db1a77549","sha256":"c674291320d8f68de49add538cf90cf61e4bcb9ac9fed9db8e13c30015cc49e8"},"dob":{"date":"1991-09-17T23:21:09.700Z","age":31},"registered":{"date":"2002-05-11T00:29:55.437Z","age":20},"phone":"05-365-289","cell":"047-740-94-63","id":{"name":"HETU","value":"NaNNA886undefined"},"picture":{"large":"https://randomuser.me/api/portraits/women/93.jpg","medium":"https://randomuser.me/api/portraits/med/women/93.jpg","thumbnail":"https://randomuser.me/api/portraits/thumb/women/93.jpg"},"nat":"FI"}],"info":{"seed":"c33820dc207c045e","results":1,"page":1,"version":"1.3"}}
[2022-03-20 13:01:42,631] {taskinstance.py:1184} INFO - Marking task as SUCCESS. dag_id=user_processing, task_id=extracting_user, execution_date=20220204T000000, start_date=20220320T130141, end_date=20220320T130142
[2022-03-20 13:01:43,079] {taskinstance.py:1245} INFO - 1 downstream tasks scheduled from follow-on schedule check
[2022-03-20 13:01:43,095] {local_task_job.py:151} INFO - Task exited with return code 0
