[2022-03-20 13:03:20,684] {taskinstance.py:876} INFO - Dependencies all met for <TaskInstance: user_processing.extracting_user 2022-02-07T00:00:00+00:00 [queued]>
[2022-03-20 13:03:20,698] {taskinstance.py:876} INFO - Dependencies all met for <TaskInstance: user_processing.extracting_user 2022-02-07T00:00:00+00:00 [queued]>
[2022-03-20 13:03:20,699] {taskinstance.py:1067} INFO - 
--------------------------------------------------------------------------------
[2022-03-20 13:03:20,699] {taskinstance.py:1068} INFO - Starting attempt 1 of 1
[2022-03-20 13:03:20,700] {taskinstance.py:1069} INFO - 
--------------------------------------------------------------------------------
[2022-03-20 13:03:20,771] {taskinstance.py:1087} INFO - Executing <Task(SimpleHttpOperator): extracting_user> on 2022-02-07T00:00:00+00:00
[2022-03-20 13:03:20,777] {standard_task_runner.py:52} INFO - Started process 70727 to run task
[2022-03-20 13:03:20,797] {standard_task_runner.py:76} INFO - Running: ['airflow', 'tasks', 'run', 'user_processing', 'extracting_user', '2022-02-07T00:00:00+00:00', '--job-id', '584', '--pool', 'default_pool', '--raw', '--subdir', 'DAGS_FOLDER/user_processing.py', '--cfg-path', '/tmp/tmpfrd54kzr', '--error-file', '/tmp/tmpoo88cukb']
[2022-03-20 13:03:20,798] {standard_task_runner.py:77} INFO - Job 584: Subtask extracting_user
[2022-03-20 13:03:21,158] {logging_mixin.py:104} INFO - Running <TaskInstance: user_processing.extracting_user 2022-02-07T00:00:00+00:00 [running]> on host airflowvm
[2022-03-20 13:03:21,685] {taskinstance.py:1280} INFO - Exporting the following env vars:
AIRFLOW_CTX_DAG_OWNER=airflow
AIRFLOW_CTX_DAG_ID=user_processing
AIRFLOW_CTX_TASK_ID=extracting_user
AIRFLOW_CTX_EXECUTION_DATE=2022-02-07T00:00:00+00:00
AIRFLOW_CTX_DAG_RUN_ID=scheduled__2022-02-07T00:00:00+00:00
[2022-03-20 13:03:21,686] {http.py:111} INFO - Calling HTTP method
[2022-03-20 13:03:21,702] {base.py:69} INFO - Using connection to: id: user_api. Host: https://randomuser.me/, Port: None, Schema: , Login: , Password: ***, extra: {}
[2022-03-20 13:03:21,710] {http.py:140} INFO - Sending 'GET' to url: https://randomuser.me/api/
[2022-03-20 13:03:22,180] {http.py:115} INFO - {"results":[{"gender":"female","name":{"title":"Miss","first":"Sofia","last":"Rintala"},"location":{"street":{"number":1770,"name":"Hatanpään Valtatie"},"city":"Muonio","state":"Finland Proper","country":"Finland","postcode":63960,"coordinates":{"latitude":"-7.5128","longitude":"163.5549"},"timezone":{"offset":"-12:00","description":"Eniwetok, Kwajalein"}},"email":"sofia.rintala@example.com","login":{"uuid":"ec002282-9407-4272-be4a-2e130cffbdb7","username":"purplecat922","password":"ddddd","salt":"taDiEkR3","md5":"7ac199774b4b0e9ce278829ee725a0c8","sha1":"15d5d4d17fa54e86aeaa7ddac0e5d346a22d5869","sha256":"adee7e8056e5055e1f22aed464a0eaff7c4248a7731232ea28dd1afc925021ba"},"dob":{"date":"1948-10-09T03:45:16.771Z","age":74},"registered":{"date":"2006-06-29T03:43:57.557Z","age":16},"phone":"08-997-874","cell":"049-153-11-44","id":{"name":"HETU","value":"NaNNA438undefined"},"picture":{"large":"https://randomuser.me/api/portraits/women/4.jpg","medium":"https://randomuser.me/api/portraits/med/women/4.jpg","thumbnail":"https://randomuser.me/api/portraits/thumb/women/4.jpg"},"nat":"FI"}],"info":{"seed":"66009b4f72c74383","results":1,"page":1,"version":"1.3"}}
[2022-03-20 13:03:22,373] {taskinstance.py:1184} INFO - Marking task as SUCCESS. dag_id=user_processing, task_id=extracting_user, execution_date=20220207T000000, start_date=20220320T130320, end_date=20220320T130322
[2022-03-20 13:03:22,636] {taskinstance.py:1245} INFO - 1 downstream tasks scheduled from follow-on schedule check
[2022-03-20 13:03:22,672] {local_task_job.py:151} INFO - Task exited with return code 0
