[2022-03-20 14:10:00,095] {taskinstance.py:876} INFO - Dependencies all met for <TaskInstance: user_processing.extracting_user 2022-02-07T00:00:00+00:00 [queued]>
[2022-03-20 14:10:00,111] {taskinstance.py:876} INFO - Dependencies all met for <TaskInstance: user_processing.extracting_user 2022-02-07T00:00:00+00:00 [queued]>
[2022-03-20 14:10:00,112] {taskinstance.py:1067} INFO - 
--------------------------------------------------------------------------------
[2022-03-20 14:10:00,112] {taskinstance.py:1068} INFO - Starting attempt 2 of 2
[2022-03-20 14:10:00,112] {taskinstance.py:1069} INFO - 
--------------------------------------------------------------------------------
[2022-03-20 14:10:00,149] {taskinstance.py:1087} INFO - Executing <Task(SimpleHttpOperator): extracting_user> on 2022-02-07T00:00:00+00:00
[2022-03-20 14:10:00,154] {standard_task_runner.py:52} INFO - Started process 102213 to run task
[2022-03-20 14:10:00,174] {standard_task_runner.py:76} INFO - Running: ['airflow', 'tasks', 'run', 'user_processing', 'extracting_user', '2022-02-07T00:00:00+00:00', '--job-id', '969', '--pool', 'default_pool', '--raw', '--subdir', 'DAGS_FOLDER/user_processing.py', '--cfg-path', '/tmp/tmphlp0gw70', '--error-file', '/tmp/tmp4rkynbjj']
[2022-03-20 14:10:00,176] {standard_task_runner.py:77} INFO - Job 969: Subtask extracting_user
[2022-03-20 14:10:00,329] {logging_mixin.py:104} INFO - Running <TaskInstance: user_processing.extracting_user 2022-02-07T00:00:00+00:00 [running]> on host airflowvm
[2022-03-20 14:10:00,514] {taskinstance.py:1280} INFO - Exporting the following env vars:
AIRFLOW_CTX_DAG_OWNER=airflow
AIRFLOW_CTX_DAG_ID=user_processing
AIRFLOW_CTX_TASK_ID=extracting_user
AIRFLOW_CTX_EXECUTION_DATE=2022-02-07T00:00:00+00:00
AIRFLOW_CTX_DAG_RUN_ID=scheduled__2022-02-07T00:00:00+00:00
[2022-03-20 14:10:00,516] {http.py:111} INFO - Calling HTTP method
[2022-03-20 14:10:00,536] {base.py:69} INFO - Using connection to: id: user_api. Host: https://randomuser.me/, Port: None, Schema: , Login: , Password: ***, extra: {}
[2022-03-20 14:10:00,544] {http.py:140} INFO - Sending 'GET' to url: https://randomuser.me/api/
[2022-03-20 14:10:00,959] {http.py:115} INFO - {"results":[{"gender":"female","name":{"title":"Mrs","first":"Leah","last":"Cooper"},"location":{"street":{"number":2100,"name":"Armagh Street"},"city":"Napier","state":"Gisborne","country":"New Zealand","postcode":45046,"coordinates":{"latitude":"66.0365","longitude":"77.5274"},"timezone":{"offset":"-2:00","description":"Mid-Atlantic"}},"email":"leah.cooper@example.com","login":{"uuid":"81953073-622f-4e9e-bf2f-0278a9a4845e","username":"whitebird239","password":"boys","salt":"jk95L4R9","md5":"c07c1a600df1cf5d3234b3bff93fc474","sha1":"20a59ca3b57977f0c4080446b9bf3c5f840a66fd","sha256":"0494ee8c99ffe37cbc484d7e6fdecd3a2af9cb5de76bd847eed6bc1226c3b41c"},"dob":{"date":"1970-06-30T15:59:53.604Z","age":52},"registered":{"date":"2011-09-07T01:41:53.395Z","age":11},"phone":"(562)-523-9106","cell":"(174)-519-4955","id":{"name":"","value":null},"picture":{"large":"https://randomuser.me/api/portraits/women/60.jpg","medium":"https://randomuser.me/api/portraits/med/women/60.jpg","thumbnail":"https://randomuser.me/api/portraits/thumb/women/60.jpg"},"nat":"NZ"}],"info":{"seed":"0a46cbed4a41ae92","results":1,"page":1,"version":"1.3"}}
[2022-03-20 14:10:01,032] {taskinstance.py:1184} INFO - Marking task as SUCCESS. dag_id=user_processing, task_id=extracting_user, execution_date=20220207T000000, start_date=20220320T141000, end_date=20220320T141001
[2022-03-20 14:10:01,496] {taskinstance.py:1245} INFO - 1 downstream tasks scheduled from follow-on schedule check
[2022-03-20 14:10:01,520] {local_task_job.py:151} INFO - Task exited with return code 0
