[2022-03-20 12:10:17,689] {taskinstance.py:876} INFO - Dependencies all met for <TaskInstance: user_processing.processing_user 2020-02-10T00:00:00+00:00 [queued]>
[2022-03-20 12:10:17,700] {taskinstance.py:876} INFO - Dependencies all met for <TaskInstance: user_processing.processing_user 2020-02-10T00:00:00+00:00 [queued]>
[2022-03-20 12:10:17,700] {taskinstance.py:1067} INFO - 
--------------------------------------------------------------------------------
[2022-03-20 12:10:17,700] {taskinstance.py:1068} INFO - Starting attempt 1 of 1
[2022-03-20 12:10:17,701] {taskinstance.py:1069} INFO - 
--------------------------------------------------------------------------------
[2022-03-20 12:10:17,745] {taskinstance.py:1087} INFO - Executing <Task(PythonOperator): processing_user> on 2020-02-10T00:00:00+00:00
[2022-03-20 12:10:17,749] {standard_task_runner.py:52} INFO - Started process 41861 to run task
[2022-03-20 12:10:17,781] {standard_task_runner.py:76} INFO - Running: ['airflow', 'tasks', 'run', 'user_processing', 'processing_user', '2020-02-10T00:00:00+00:00', '--job-id', '250', '--pool', 'default_pool', '--raw', '--subdir', 'DAGS_FOLDER/user_processing.py', '--cfg-path', '/tmp/tmpl19_gxn4', '--error-file', '/tmp/tmpjag90n4k']
[2022-03-20 12:10:17,793] {standard_task_runner.py:77} INFO - Job 250: Subtask processing_user
[2022-03-20 12:10:17,917] {logging_mixin.py:104} INFO - Running <TaskInstance: user_processing.processing_user 2020-02-10T00:00:00+00:00 [running]> on host airflowvm
[2022-03-20 12:10:18,198] {taskinstance.py:1280} INFO - Exporting the following env vars:
AIRFLOW_CTX_DAG_OWNER=airflow
AIRFLOW_CTX_DAG_ID=user_processing
AIRFLOW_CTX_TASK_ID=processing_user
AIRFLOW_CTX_EXECUTION_DATE=2020-02-10T00:00:00+00:00
AIRFLOW_CTX_DAG_RUN_ID=scheduled__2020-02-10T00:00:00+00:00
[2022-03-20 12:10:18,225] {python.py:151} INFO - Done. Returned value was: None
[2022-03-20 12:10:18,230] {taskinstance.py:1184} INFO - Marking task as SUCCESS. dag_id=user_processing, task_id=processing_user, execution_date=20200210T000000, start_date=20220320T121017, end_date=20220320T121018
[2022-03-20 12:10:18,358] {taskinstance.py:1245} INFO - 1 downstream tasks scheduled from follow-on schedule check
[2022-03-20 12:10:18,413] {local_task_job.py:151} INFO - Task exited with return code 0
