[2022-03-20 12:21:04,920] {taskinstance.py:876} INFO - Dependencies all met for <TaskInstance: user_processing.extracting_user 2020-03-04T00:00:00+00:00 [queued]>
[2022-03-20 12:21:04,943] {taskinstance.py:876} INFO - Dependencies all met for <TaskInstance: user_processing.extracting_user 2020-03-04T00:00:00+00:00 [queued]>
[2022-03-20 12:21:04,944] {taskinstance.py:1067} INFO - 
--------------------------------------------------------------------------------
[2022-03-20 12:21:04,944] {taskinstance.py:1068} INFO - Starting attempt 1 of 1
[2022-03-20 12:21:04,944] {taskinstance.py:1069} INFO - 
--------------------------------------------------------------------------------
[2022-03-20 12:21:05,013] {taskinstance.py:1087} INFO - Executing <Task(SimpleHttpOperator): extracting_user> on 2020-03-04T00:00:00+00:00
[2022-03-20 12:21:05,019] {standard_task_runner.py:52} INFO - Started process 49819 to run task
[2022-03-20 12:21:05,067] {standard_task_runner.py:76} INFO - Running: ['airflow', 'tasks', 'run', 'user_processing', 'extracting_user', '2020-03-04T00:00:00+00:00', '--job-id', '359', '--pool', 'default_pool', '--raw', '--subdir', 'DAGS_FOLDER/user_processing.py', '--cfg-path', '/tmp/tmpq4wscxw0', '--error-file', '/tmp/tmpouj8qoru']
[2022-03-20 12:21:05,077] {standard_task_runner.py:77} INFO - Job 359: Subtask extracting_user
[2022-03-20 12:21:05,305] {logging_mixin.py:104} INFO - Running <TaskInstance: user_processing.extracting_user 2020-03-04T00:00:00+00:00 [running]> on host airflowvm
[2022-03-20 12:21:05,448] {taskinstance.py:1280} INFO - Exporting the following env vars:
AIRFLOW_CTX_DAG_OWNER=airflow
AIRFLOW_CTX_DAG_ID=user_processing
AIRFLOW_CTX_TASK_ID=extracting_user
AIRFLOW_CTX_EXECUTION_DATE=2020-03-04T00:00:00+00:00
AIRFLOW_CTX_DAG_RUN_ID=scheduled__2020-03-04T00:00:00+00:00
[2022-03-20 12:21:05,449] {http.py:111} INFO - Calling HTTP method
[2022-03-20 12:21:05,460] {base.py:69} INFO - Using connection to: id: user_api. Host: https://randomuser.me/, Port: None, Schema: , Login: , Password: ***, extra: {}
[2022-03-20 12:21:05,464] {http.py:140} INFO - Sending 'GET' to url: https://randomuser.me/api/
[2022-03-20 12:21:06,004] {http.py:115} INFO - {"results":[{"gender":"male","name":{"title":"Mr","first":"Marcus","last":"Haave"},"location":{"street":{"number":7462,"name":"Vestfoldgata"},"city":"Inndyr","state":"Aust-Agder","country":"Norway","postcode":"4276","coordinates":{"latitude":"53.7860","longitude":"-140.3890"},"timezone":{"offset":"+4:00","description":"Abu Dhabi, Muscat, Baku, Tbilisi"}},"email":"marcus.haave@example.com","login":{"uuid":"96abf51d-cef7-4b4b-8e4e-c71cda7ac986","username":"browntiger801","password":"switch","salt":"V49DTsQc","md5":"7a17655044d35cfbade02c881dbc4cb0","sha1":"eed46b7eb421ce682ae504a9f501087bf57b4e77","sha256":"6321c18db0bda2c89f0988eafe146383fc830def8391c5ffa0a282c56d6ff6cb"},"dob":{"date":"1970-05-31T16:16:07.370Z","age":52},"registered":{"date":"2003-11-22T03:38:26.409Z","age":19},"phone":"86467553","cell":"49767802","id":{"name":"FN","value":"31057029377"},"picture":{"large":"https://randomuser.me/api/portraits/men/76.jpg","medium":"https://randomuser.me/api/portraits/med/men/76.jpg","thumbnail":"https://randomuser.me/api/portraits/thumb/men/76.jpg"},"nat":"NO"}],"info":{"seed":"28de34891268b50a","results":1,"page":1,"version":"1.3"}}
[2022-03-20 12:21:06,065] {taskinstance.py:1184} INFO - Marking task as SUCCESS. dag_id=user_processing, task_id=extracting_user, execution_date=20200304T000000, start_date=20220320T122104, end_date=20220320T122106
[2022-03-20 12:21:06,144] {taskinstance.py:1245} INFO - 1 downstream tasks scheduled from follow-on schedule check
[2022-03-20 12:21:06,184] {local_task_job.py:151} INFO - Task exited with return code 0
