[2022-03-20 14:15:30,012] {taskinstance.py:876} INFO - Dependencies all met for <TaskInstance: user_processing.extracting_user 2022-02-19T00:00:00+00:00 [queued]>
[2022-03-20 14:15:30,045] {taskinstance.py:876} INFO - Dependencies all met for <TaskInstance: user_processing.extracting_user 2022-02-19T00:00:00+00:00 [queued]>
[2022-03-20 14:15:30,045] {taskinstance.py:1067} INFO - 
--------------------------------------------------------------------------------
[2022-03-20 14:15:30,045] {taskinstance.py:1068} INFO - Starting attempt 2 of 2
[2022-03-20 14:15:30,045] {taskinstance.py:1069} INFO - 
--------------------------------------------------------------------------------
[2022-03-20 14:15:30,091] {taskinstance.py:1087} INFO - Executing <Task(SimpleHttpOperator): extracting_user> on 2022-02-19T00:00:00+00:00
[2022-03-20 14:15:30,096] {standard_task_runner.py:52} INFO - Started process 105538 to run task
[2022-03-20 14:15:30,112] {standard_task_runner.py:76} INFO - Running: ['airflow', 'tasks', 'run', 'user_processing', 'extracting_user', '2022-02-19T00:00:00+00:00', '--job-id', '1010', '--pool', 'default_pool', '--raw', '--subdir', 'DAGS_FOLDER/user_processing.py', '--cfg-path', '/tmp/tmpv91b1sgu', '--error-file', '/tmp/tmpjnrzpz1q']
[2022-03-20 14:15:30,113] {standard_task_runner.py:77} INFO - Job 1010: Subtask extracting_user
[2022-03-20 14:15:30,245] {logging_mixin.py:104} INFO - Running <TaskInstance: user_processing.extracting_user 2022-02-19T00:00:00+00:00 [running]> on host airflowvm
[2022-03-20 14:15:30,420] {taskinstance.py:1280} INFO - Exporting the following env vars:
AIRFLOW_CTX_DAG_OWNER=airflow
AIRFLOW_CTX_DAG_ID=user_processing
AIRFLOW_CTX_TASK_ID=extracting_user
AIRFLOW_CTX_EXECUTION_DATE=2022-02-19T00:00:00+00:00
AIRFLOW_CTX_DAG_RUN_ID=scheduled__2022-02-19T00:00:00+00:00
[2022-03-20 14:15:30,421] {http.py:111} INFO - Calling HTTP method
[2022-03-20 14:15:30,431] {base.py:69} INFO - Using connection to: id: user_api. Host: https://randomuser.me/, Port: None, Schema: , Login: , Password: ***, extra: {}
[2022-03-20 14:15:30,434] {http.py:140} INFO - Sending 'GET' to url: https://randomuser.me/api/
[2022-03-20 14:15:31,053] {http.py:115} INFO - {"results":[{"gender":"male","name":{"title":"Mr","first":"Mikkel","last":"Madsen"},"location":{"street":{"number":2874,"name":"Aalborgvej"},"city":"Nørrebro","state":"Nordjylland","country":"Denmark","postcode":33767,"coordinates":{"latitude":"-35.4027","longitude":"-67.5769"},"timezone":{"offset":"+6:00","description":"Almaty, Dhaka, Colombo"}},"email":"mikkel.madsen@example.com","login":{"uuid":"97c40984-bb2f-482c-8bda-b86cccd2c9c6","username":"smallostrich726","password":"radar","salt":"RTi9IiUW","md5":"c9eada576398ad26ae71eef346ed0b6b","sha1":"71c3d8b53e645d179305658e83710ecbb5c29d70","sha256":"cf98fb89fcd0983b958c1a2eb77f1d6301b58e592657c33b8c09046bb86490bc"},"dob":{"date":"1974-07-25T23:59:54.529Z","age":48},"registered":{"date":"2008-11-08T17:51:34.658Z","age":14},"phone":"77818673","cell":"72081654","id":{"name":"CPR","value":"250774-8007"},"picture":{"large":"https://randomuser.me/api/portraits/men/78.jpg","medium":"https://randomuser.me/api/portraits/med/men/78.jpg","thumbnail":"https://randomuser.me/api/portraits/thumb/men/78.jpg"},"nat":"DK"}],"info":{"seed":"765ec5967b9533bf","results":1,"page":1,"version":"1.3"}}
[2022-03-20 14:15:31,130] {taskinstance.py:1184} INFO - Marking task as SUCCESS. dag_id=user_processing, task_id=extracting_user, execution_date=20220219T000000, start_date=20220320T141530, end_date=20220320T141531
[2022-03-20 14:15:31,214] {taskinstance.py:1245} INFO - 1 downstream tasks scheduled from follow-on schedule check
[2022-03-20 14:15:31,222] {local_task_job.py:151} INFO - Task exited with return code 0
