[2022-03-20 14:15:11,328] {taskinstance.py:876} INFO - Dependencies all met for <TaskInstance: user_processing.processing_user 2020-02-05T00:00:00+00:00 [queued]>
[2022-03-20 14:15:11,371] {taskinstance.py:876} INFO - Dependencies all met for <TaskInstance: user_processing.processing_user 2020-02-05T00:00:00+00:00 [queued]>
[2022-03-20 14:15:11,372] {taskinstance.py:1067} INFO - 
--------------------------------------------------------------------------------
[2022-03-20 14:15:11,372] {taskinstance.py:1068} INFO - Starting attempt 2 of 2
[2022-03-20 14:15:11,372] {taskinstance.py:1069} INFO - 
--------------------------------------------------------------------------------
[2022-03-20 14:15:11,423] {taskinstance.py:1087} INFO - Executing <Task(PythonOperator): processing_user> on 2020-02-05T00:00:00+00:00
[2022-03-20 14:15:11,428] {standard_task_runner.py:52} INFO - Started process 105307 to run task
[2022-03-20 14:15:11,445] {standard_task_runner.py:76} INFO - Running: ['airflow', 'tasks', 'run', 'user_processing', 'processing_user', '2020-02-05T00:00:00+00:00', '--job-id', '1007', '--pool', 'default_pool', '--raw', '--subdir', 'DAGS_FOLDER/user_processing.py', '--cfg-path', '/tmp/tmplpgphr7a', '--error-file', '/tmp/tmp_h37m1ky']
[2022-03-20 14:15:11,447] {standard_task_runner.py:77} INFO - Job 1007: Subtask processing_user
[2022-03-20 14:15:11,570] {logging_mixin.py:104} INFO - Running <TaskInstance: user_processing.processing_user 2020-02-05T00:00:00+00:00 [running]> on host airflowvm
[2022-03-20 14:15:11,708] {taskinstance.py:1280} INFO - Exporting the following env vars:
AIRFLOW_CTX_DAG_OWNER=airflow
AIRFLOW_CTX_DAG_ID=user_processing
AIRFLOW_CTX_TASK_ID=processing_user
AIRFLOW_CTX_EXECUTION_DATE=2020-02-05T00:00:00+00:00
AIRFLOW_CTX_DAG_RUN_ID=scheduled__2020-02-05T00:00:00+00:00
[2022-03-20 14:15:11,735] {python.py:151} INFO - Done. Returned value was: None
[2022-03-20 14:15:11,742] {taskinstance.py:1184} INFO - Marking task as SUCCESS. dag_id=user_processing, task_id=processing_user, execution_date=20200205T000000, start_date=20220320T141511, end_date=20220320T141511
[2022-03-20 14:15:11,790] {taskinstance.py:1245} INFO - 0 downstream tasks scheduled from follow-on schedule check
[2022-03-20 14:15:11,832] {local_task_job.py:151} INFO - Task exited with return code 0
