[2022-03-20 11:52:41,264] {taskinstance.py:876} INFO - Dependencies all met for <TaskInstance: user_processing.extracting_user 2020-01-06T00:00:00+00:00 [queued]>
[2022-03-20 11:52:41,287] {taskinstance.py:876} INFO - Dependencies all met for <TaskInstance: user_processing.extracting_user 2020-01-06T00:00:00+00:00 [queued]>
[2022-03-20 11:52:41,287] {taskinstance.py:1067} INFO - 
--------------------------------------------------------------------------------
[2022-03-20 11:52:41,287] {taskinstance.py:1068} INFO - Starting attempt 1 of 1
[2022-03-20 11:52:41,288] {taskinstance.py:1069} INFO - 
--------------------------------------------------------------------------------
[2022-03-20 11:52:41,335] {taskinstance.py:1087} INFO - Executing <Task(SimpleHttpOperator): extracting_user> on 2020-01-06T00:00:00+00:00
[2022-03-20 11:52:41,339] {standard_task_runner.py:52} INFO - Started process 28564 to run task
[2022-03-20 11:52:41,358] {standard_task_runner.py:76} INFO - Running: ['airflow', 'tasks', 'run', 'user_processing', 'extracting_user', '2020-01-06T00:00:00+00:00', '--job-id', '69', '--pool', 'default_pool', '--raw', '--subdir', 'DAGS_FOLDER/user_processing.py', '--cfg-path', '/tmp/tmp2dyanymr', '--error-file', '/tmp/tmpjyrglgsb']
[2022-03-20 11:52:41,359] {standard_task_runner.py:77} INFO - Job 69: Subtask extracting_user
[2022-03-20 11:52:41,499] {logging_mixin.py:104} INFO - Running <TaskInstance: user_processing.extracting_user 2020-01-06T00:00:00+00:00 [running]> on host airflowvm
[2022-03-20 11:52:41,638] {taskinstance.py:1280} INFO - Exporting the following env vars:
AIRFLOW_CTX_DAG_OWNER=airflow
AIRFLOW_CTX_DAG_ID=user_processing
AIRFLOW_CTX_TASK_ID=extracting_user
AIRFLOW_CTX_EXECUTION_DATE=2020-01-06T00:00:00+00:00
AIRFLOW_CTX_DAG_RUN_ID=scheduled__2020-01-06T00:00:00+00:00
[2022-03-20 11:52:41,639] {http.py:111} INFO - Calling HTTP method
[2022-03-20 11:52:41,649] {base.py:69} INFO - Using connection to: id: user_api. Host: https://randomuser.me/, Port: None, Schema: , Login: , Password: ***, extra: {}
[2022-03-20 11:52:41,654] {http.py:140} INFO - Sending 'GET' to url: https://randomuser.me/api/
[2022-03-20 11:52:42,049] {http.py:115} INFO - {"results":[{"gender":"male","name":{"title":"Mr","first":"Chris","last":"Garza"},"location":{"street":{"number":6306,"name":"W Campbell Ave"},"city":"Warrnambool","state":"Australian Capital Territory","country":"Australia","postcode":8321,"coordinates":{"latitude":"-85.7125","longitude":"-13.1350"},"timezone":{"offset":"+8:00","description":"Beijing, Perth, Singapore, Hong Kong"}},"email":"chris.garza@example.com","login":{"uuid":"24daef0d-2ea0-4ee9-bdab-ad05d67c7f93","username":"redpanda669","password":"sunny1","salt":"k3Qc45J0","md5":"f9c3b0b1476ed28d1c774c14448a4e82","sha1":"d53146652daa9827860da1b24d7bdace19a4f38e","sha256":"2ec5eb0a8aaf3ed9e48da2a8dc0baff737b39218614cf8422486f567b82522ed"},"dob":{"date":"1990-09-20T19:38:39.668Z","age":32},"registered":{"date":"2002-12-26T16:13:25.177Z","age":20},"phone":"08-4474-9521","cell":"0431-629-554","id":{"name":"TFN","value":"907043468"},"picture":{"large":"https://randomuser.me/api/portraits/men/36.jpg","medium":"https://randomuser.me/api/portraits/med/men/36.jpg","thumbnail":"https://randomuser.me/api/portraits/thumb/men/36.jpg"},"nat":"AU"}],"info":{"seed":"be967c543b71af6c","results":1,"page":1,"version":"1.3"}}
[2022-03-20 11:52:42,102] {taskinstance.py:1184} INFO - Marking task as SUCCESS. dag_id=user_processing, task_id=extracting_user, execution_date=20200106T000000, start_date=20220320T115241, end_date=20220320T115242
[2022-03-20 11:52:42,196] {taskinstance.py:1245} INFO - 1 downstream tasks scheduled from follow-on schedule check
[2022-03-20 11:52:42,203] {local_task_job.py:151} INFO - Task exited with return code 0
