[2022-03-20 14:06:40,705] {taskinstance.py:876} INFO - Dependencies all met for <TaskInstance: user_processing.creating_table 2022-02-18T00:00:00+00:00 [queued]>
[2022-03-20 14:06:40,724] {taskinstance.py:876} INFO - Dependencies all met for <TaskInstance: user_processing.creating_table 2022-02-18T00:00:00+00:00 [queued]>
[2022-03-20 14:06:40,725] {taskinstance.py:1067} INFO - 
--------------------------------------------------------------------------------
[2022-03-20 14:06:40,725] {taskinstance.py:1068} INFO - Starting attempt 2 of 2
[2022-03-20 14:06:40,725] {taskinstance.py:1069} INFO - 
--------------------------------------------------------------------------------
[2022-03-20 14:06:40,772] {taskinstance.py:1087} INFO - Executing <Task(SqliteOperator): creating_table> on 2022-02-18T00:00:00+00:00
[2022-03-20 14:06:40,777] {standard_task_runner.py:52} INFO - Started process 100223 to run task
[2022-03-20 14:06:40,793] {standard_task_runner.py:76} INFO - Running: ['airflow', 'tasks', 'run', 'user_processing', 'creating_table', '2022-02-18T00:00:00+00:00', '--job-id', '945', '--pool', 'default_pool', '--raw', '--subdir', 'DAGS_FOLDER/user_processing.py', '--cfg-path', '/tmp/tmpyj6_4fx0', '--error-file', '/tmp/tmpgcsrl2by']
[2022-03-20 14:06:40,806] {standard_task_runner.py:77} INFO - Job 945: Subtask creating_table
[2022-03-20 14:06:40,953] {logging_mixin.py:104} INFO - Running <TaskInstance: user_processing.creating_table 2022-02-18T00:00:00+00:00 [running]> on host airflowvm
[2022-03-20 14:06:41,182] {taskinstance.py:1280} INFO - Exporting the following env vars:
AIRFLOW_CTX_DAG_OWNER=airflow
AIRFLOW_CTX_DAG_ID=user_processing
AIRFLOW_CTX_TASK_ID=creating_table
AIRFLOW_CTX_EXECUTION_DATE=2022-02-18T00:00:00+00:00
AIRFLOW_CTX_DAG_RUN_ID=scheduled__2022-02-18T00:00:00+00:00
[2022-03-20 14:06:41,183] {sqlite.py:63} INFO - Executing: 
                CREATE TABLE IF NOT EXISTS users(
                    firstname text not null,
                    lastname TEXT NOT NULL,
                    country TEXT NOT NULL,
                    username TEXT NOT NULL,
                    password TEXT NOT NULL,
                    email TEXT NOT NULL PRIMARY KEY
                );
            
[2022-03-20 14:06:41,206] {base.py:69} INFO - Using connection to: id: db_sqlite. Host: /home/airflow/airflow/airflow.db, Port: None, Schema: , Login: , Password: ***, extra: {}
[2022-03-20 14:06:41,218] {dbapi.py:204} INFO - Running statement: 
                CREATE TABLE IF NOT EXISTS users(
                    firstname text not null,
                    lastname TEXT NOT NULL,
                    country TEXT NOT NULL,
                    username TEXT NOT NULL,
                    password TEXT NOT NULL,
                    email TEXT NOT NULL PRIMARY KEY
                );
            , parameters: []
[2022-03-20 14:06:41,239] {taskinstance.py:1184} INFO - Marking task as SUCCESS. dag_id=user_processing, task_id=creating_table, execution_date=20220218T000000, start_date=20220320T140640, end_date=20220320T140641
[2022-03-20 14:06:41,342] {taskinstance.py:1245} INFO - 1 downstream tasks scheduled from follow-on schedule check
[2022-03-20 14:06:41,353] {local_task_job.py:151} INFO - Task exited with return code 0
