[2022-03-20 14:01:13,331] {taskinstance.py:876} INFO - Dependencies all met for <TaskInstance: user_processing.is_api_available 2022-03-19T00:00:00+00:00 [queued]>
[2022-03-20 14:01:13,348] {taskinstance.py:876} INFO - Dependencies all met for <TaskInstance: user_processing.is_api_available 2022-03-19T00:00:00+00:00 [queued]>
[2022-03-20 14:01:13,348] {taskinstance.py:1067} INFO - 
--------------------------------------------------------------------------------
[2022-03-20 14:01:13,349] {taskinstance.py:1068} INFO - Starting attempt 3 of 3
[2022-03-20 14:01:13,349] {taskinstance.py:1069} INFO - 
--------------------------------------------------------------------------------
[2022-03-20 14:01:13,393] {taskinstance.py:1087} INFO - Executing <Task(HttpSensor): is_api_available> on 2022-03-19T00:00:00+00:00
[2022-03-20 14:01:13,398] {standard_task_runner.py:52} INFO - Started process 97319 to run task
[2022-03-20 14:01:13,414] {standard_task_runner.py:76} INFO - Running: ['airflow', 'tasks', 'run', 'user_processing', 'is_api_available', '2022-03-19T00:00:00+00:00', '--job-id', '903', '--pool', 'default_pool', '--raw', '--subdir', 'DAGS_FOLDER/user_processing.py', '--cfg-path', '/tmp/tmp8evqf12u', '--error-file', '/tmp/tmpakn6xfsc']
[2022-03-20 14:01:13,415] {standard_task_runner.py:77} INFO - Job 903: Subtask is_api_available
[2022-03-20 14:01:13,536] {logging_mixin.py:104} INFO - Running <TaskInstance: user_processing.is_api_available 2022-03-19T00:00:00+00:00 [running]> on host airflowvm
[2022-03-20 14:01:13,627] {taskinstance.py:1280} INFO - Exporting the following env vars:
AIRFLOW_CTX_DAG_OWNER=airflow
AIRFLOW_CTX_DAG_ID=user_processing
AIRFLOW_CTX_TASK_ID=is_api_available
AIRFLOW_CTX_EXECUTION_DATE=2022-03-19T00:00:00+00:00
AIRFLOW_CTX_DAG_RUN_ID=scheduled__2022-03-19T00:00:00+00:00
[2022-03-20 14:01:13,628] {http.py:101} INFO - Poking: api/
[2022-03-20 14:01:13,640] {base.py:69} INFO - Using connection to: id: user_api. Host: https://randomuser.me/, Port: None, Schema: , Login: , Password: ***, extra: {}
[2022-03-20 14:01:13,644] {http.py:140} INFO - Sending 'GET' to url: https://randomuser.me/api/
[2022-03-20 14:01:14,184] {base.py:243} INFO - Success criteria met. Exiting.
[2022-03-20 14:01:14,195] {taskinstance.py:1184} INFO - Marking task as SUCCESS. dag_id=user_processing, task_id=is_api_available, execution_date=20220319T000000, start_date=20220320T140113, end_date=20220320T140114
[2022-03-20 14:01:14,377] {taskinstance.py:1245} INFO - 1 downstream tasks scheduled from follow-on schedule check
[2022-03-20 14:01:14,426] {local_task_job.py:151} INFO - Task exited with return code 0
