[2022-03-20 10:34:48,876] {taskinstance.py:876} INFO - Dependencies all met for <TaskInstance: user_processing.storing_user 2022-03-20T08:23:59.186139+00:00 [None]>
[2022-03-20 10:34:48,901] {taskinstance.py:876} INFO - Dependencies all met for <TaskInstance: user_processing.storing_user 2022-03-20T08:23:59.186139+00:00 [None]>
[2022-03-20 10:34:48,902] {taskinstance.py:1067} INFO - 
--------------------------------------------------------------------------------
[2022-03-20 10:34:48,902] {taskinstance.py:1068} INFO - Starting attempt 2 of 2
[2022-03-20 10:34:48,902] {taskinstance.py:1069} INFO - 
--------------------------------------------------------------------------------
[2022-03-20 10:34:48,944] {taskinstance.py:1087} INFO - Executing <Task(BashOperator): storing_user> on 2022-03-20T08:23:59.186139+00:00
[2022-03-20 10:34:48,951] {standard_task_runner.py:52} INFO - Started process 19548 to run task
[2022-03-20 10:34:48,969] {standard_task_runner.py:76} INFO - Running: ['airflow', 'tasks', 'run', 'user_processing', 'storing_user', '2022-03-20T08:23:59.186139+00:00', '--job-id', '25', '--pool', 'default_pool', '--raw', '--subdir', 'DAGS_FOLDER/user_processing.py', '--cfg-path', '/tmp/tmpm_bb99ts', '--error-file', '/tmp/tmp15yw5mk1']
[2022-03-20 10:34:48,971] {standard_task_runner.py:77} INFO - Job 25: Subtask storing_user
[2022-03-20 10:34:49,098] {logging_mixin.py:104} INFO - Running <TaskInstance: user_processing.storing_user 2022-03-20T08:23:59.186139+00:00 [running]> on host airflowvm
[2022-03-20 10:34:49,232] {taskinstance.py:1280} INFO - Exporting the following env vars:
AIRFLOW_CTX_DAG_OWNER=airflow
AIRFLOW_CTX_DAG_ID=user_processing
AIRFLOW_CTX_TASK_ID=storing_user
AIRFLOW_CTX_EXECUTION_DATE=2022-03-20T08:23:59.186139+00:00
AIRFLOW_CTX_DAG_RUN_ID=manual__2022-03-20T08:23:59.186139+00:00
[2022-03-20 10:34:49,234] {subprocess.py:52} INFO - Tmp dir root location: 
 /tmp
[2022-03-20 10:34:49,235] {subprocess.py:63} INFO - Running command: ['bash', '-c', 'echo -e ".separator ","\n. import /tmp/processed_user.csv users" | sqlite3 /home/airflow/airflow/airflow.db']
[2022-03-20 10:34:49,267] {subprocess.py:75} INFO - Output:
[2022-03-20 10:34:49,339] {subprocess.py:83} INFO - Command exited with return code 0
[2022-03-20 10:34:49,464] {taskinstance.py:1184} INFO - Marking task as SUCCESS. dag_id=user_processing, task_id=storing_user, execution_date=20220320T082359, start_date=20220320T103448, end_date=20220320T103449
[2022-03-20 10:34:49,549] {taskinstance.py:1245} INFO - 0 downstream tasks scheduled from follow-on schedule check
[2022-03-20 10:34:49,594] {local_task_job.py:151} INFO - Task exited with return code 0
