[2022-03-20 13:22:22,558] {taskinstance.py:876} INFO - Dependencies all met for <TaskInstance: user_processing.extracting_user 2022-03-17T00:00:00+00:00 [queued]>
[2022-03-20 13:22:22,576] {taskinstance.py:876} INFO - Dependencies all met for <TaskInstance: user_processing.extracting_user 2022-03-17T00:00:00+00:00 [queued]>
[2022-03-20 13:22:22,576] {taskinstance.py:1067} INFO - 
--------------------------------------------------------------------------------
[2022-03-20 13:22:22,577] {taskinstance.py:1068} INFO - Starting attempt 1 of 1
[2022-03-20 13:22:22,577] {taskinstance.py:1069} INFO - 
--------------------------------------------------------------------------------
[2022-03-20 13:22:22,614] {taskinstance.py:1087} INFO - Executing <Task(SimpleHttpOperator): extracting_user> on 2022-03-17T00:00:00+00:00
[2022-03-20 13:22:22,619] {standard_task_runner.py:52} INFO - Started process 84690 to run task
[2022-03-20 13:22:22,639] {standard_task_runner.py:76} INFO - Running: ['airflow', 'tasks', 'run', 'user_processing', 'extracting_user', '2022-03-17T00:00:00+00:00', '--job-id', '772', '--pool', 'default_pool', '--raw', '--subdir', 'DAGS_FOLDER/user_processing.py', '--cfg-path', '/tmp/tmp3_sfmlt2', '--error-file', '/tmp/tmp30pe_mu1']
[2022-03-20 13:22:22,640] {standard_task_runner.py:77} INFO - Job 772: Subtask extracting_user
[2022-03-20 13:22:22,760] {logging_mixin.py:104} INFO - Running <TaskInstance: user_processing.extracting_user 2022-03-17T00:00:00+00:00 [running]> on host airflowvm
[2022-03-20 13:22:22,920] {taskinstance.py:1280} INFO - Exporting the following env vars:
AIRFLOW_CTX_DAG_OWNER=airflow
AIRFLOW_CTX_DAG_ID=user_processing
AIRFLOW_CTX_TASK_ID=extracting_user
AIRFLOW_CTX_EXECUTION_DATE=2022-03-17T00:00:00+00:00
AIRFLOW_CTX_DAG_RUN_ID=scheduled__2022-03-17T00:00:00+00:00
[2022-03-20 13:22:22,921] {http.py:111} INFO - Calling HTTP method
[2022-03-20 13:22:22,933] {base.py:69} INFO - Using connection to: id: user_api. Host: https://randomuser.me/, Port: None, Schema: , Login: , Password: ***, extra: {}
[2022-03-20 13:22:22,937] {http.py:140} INFO - Sending 'GET' to url: https://randomuser.me/api/
[2022-03-20 13:22:23,358] {http.py:115} INFO - {"results":[{"gender":"female","name":{"title":"Miss","first":"Alina","last":"Kjelstad"},"location":{"street":{"number":1811,"name":"Delebekken"},"city":"Drøbak","state":"Sør-Trøndelag","country":"Norway","postcode":"5336","coordinates":{"latitude":"53.6177","longitude":"129.0833"},"timezone":{"offset":"-5:00","description":"Eastern Time (US & Canada), Bogota, Lima"}},"email":"alina.kjelstad@example.com","login":{"uuid":"0604221b-e7fd-45c6-ad3d-832c43632227","username":"ticklishleopard285","password":"camaro","salt":"B9YvVyz1","md5":"24402e02577b94e5b26665425b08ce79","sha1":"fadb97f4fea8e6ea135158a459471a94c0417248","sha256":"e151c8cb45fb67357770d0649cae00bb6b5f282ce0d79f3f67f73e8f077e9d07"},"dob":{"date":"1954-05-21T09:40:15.316Z","age":68},"registered":{"date":"2015-12-01T04:30:03.641Z","age":7},"phone":"34211146","cell":"44658531","id":{"name":"FN","value":"21055435445"},"picture":{"large":"https://randomuser.me/api/portraits/women/26.jpg","medium":"https://randomuser.me/api/portraits/med/women/26.jpg","thumbnail":"https://randomuser.me/api/portraits/thumb/women/26.jpg"},"nat":"NO"}],"info":{"seed":"5df3fb32126cf98b","results":1,"page":1,"version":"1.3"}}
[2022-03-20 13:22:23,448] {taskinstance.py:1184} INFO - Marking task as SUCCESS. dag_id=user_processing, task_id=extracting_user, execution_date=20220317T000000, start_date=20220320T132222, end_date=20220320T132223
[2022-03-20 13:22:23,518] {taskinstance.py:1245} INFO - 1 downstream tasks scheduled from follow-on schedule check
[2022-03-20 13:22:23,536] {local_task_job.py:151} INFO - Task exited with return code 0
