[2022-03-20 13:57:42,985] {taskinstance.py:876} INFO - Dependencies all met for <TaskInstance: user_processing.extracting_user 2020-01-24T00:00:00+00:00 [queued]>
[2022-03-20 13:57:43,004] {taskinstance.py:876} INFO - Dependencies all met for <TaskInstance: user_processing.extracting_user 2020-01-24T00:00:00+00:00 [queued]>
[2022-03-20 13:57:43,005] {taskinstance.py:1067} INFO - 
--------------------------------------------------------------------------------
[2022-03-20 13:57:43,005] {taskinstance.py:1068} INFO - Starting attempt 2 of 2
[2022-03-20 13:57:43,005] {taskinstance.py:1069} INFO - 
--------------------------------------------------------------------------------
[2022-03-20 13:57:43,053] {taskinstance.py:1087} INFO - Executing <Task(SimpleHttpOperator): extracting_user> on 2020-01-24T00:00:00+00:00
[2022-03-20 13:57:43,059] {standard_task_runner.py:52} INFO - Started process 95420 to run task
[2022-03-20 13:57:43,079] {standard_task_runner.py:76} INFO - Running: ['airflow', 'tasks', 'run', 'user_processing', 'extracting_user', '2020-01-24T00:00:00+00:00', '--job-id', '877', '--pool', 'default_pool', '--raw', '--subdir', 'DAGS_FOLDER/user_processing.py', '--cfg-path', '/tmp/tmpovu2a972', '--error-file', '/tmp/tmp3bqjeolx']
[2022-03-20 13:57:43,081] {standard_task_runner.py:77} INFO - Job 877: Subtask extracting_user
[2022-03-20 13:57:43,216] {logging_mixin.py:104} INFO - Running <TaskInstance: user_processing.extracting_user 2020-01-24T00:00:00+00:00 [running]> on host airflowvm
[2022-03-20 13:57:43,388] {taskinstance.py:1280} INFO - Exporting the following env vars:
AIRFLOW_CTX_DAG_OWNER=airflow
AIRFLOW_CTX_DAG_ID=user_processing
AIRFLOW_CTX_TASK_ID=extracting_user
AIRFLOW_CTX_EXECUTION_DATE=2020-01-24T00:00:00+00:00
AIRFLOW_CTX_DAG_RUN_ID=scheduled__2020-01-24T00:00:00+00:00
[2022-03-20 13:57:43,389] {http.py:111} INFO - Calling HTTP method
[2022-03-20 13:57:43,402] {base.py:69} INFO - Using connection to: id: user_api. Host: https://randomuser.me/, Port: None, Schema: , Login: , Password: ***, extra: {}
[2022-03-20 13:57:43,406] {http.py:140} INFO - Sending 'GET' to url: https://randomuser.me/api/
[2022-03-20 13:57:43,829] {http.py:115} INFO - {"results":[{"gender":"male","name":{"title":"Mr","first":"Marcus","last":"Christensen"},"location":{"street":{"number":2884,"name":"Fuglevænget"},"city":"Stokkemarke","state":"Midtjylland","country":"Denmark","postcode":86122,"coordinates":{"latitude":"-27.4284","longitude":"-77.8448"},"timezone":{"offset":"-10:00","description":"Hawaii"}},"email":"marcus.christensen@example.com","login":{"uuid":"91143d7d-f865-4076-bc6e-18b41744755a","username":"greenwolf159","password":"rivera","salt":"9FzwdDzm","md5":"f41a6f3d5b06070fccef580461ecd57b","sha1":"21188c8d83820efc7d6d10d6b075d7e39f906877","sha256":"f5962aaa8d38d7f34f2fb7febbe871969868f45535397a88f3bc959e2562e204"},"dob":{"date":"1972-09-09T13:28:59.362Z","age":50},"registered":{"date":"2014-09-18T11:49:12.059Z","age":8},"phone":"04224336","cell":"35211510","id":{"name":"CPR","value":"090972-7411"},"picture":{"large":"https://randomuser.me/api/portraits/men/26.jpg","medium":"https://randomuser.me/api/portraits/med/men/26.jpg","thumbnail":"https://randomuser.me/api/portraits/thumb/men/26.jpg"},"nat":"DK"}],"info":{"seed":"5138951ab10c191e","results":1,"page":1,"version":"1.3"}}
[2022-03-20 13:57:43,916] {taskinstance.py:1184} INFO - Marking task as SUCCESS. dag_id=user_processing, task_id=extracting_user, execution_date=20200124T000000, start_date=20220320T135742, end_date=20220320T135743
[2022-03-20 13:57:44,048] {taskinstance.py:1245} INFO - 1 downstream tasks scheduled from follow-on schedule check
[2022-03-20 13:57:44,085] {local_task_job.py:151} INFO - Task exited with return code 0
